ARM GAS  C:\Users\HP\AppData\Local\Temp\ccrT6sbb.s 			page 1


   1              		.cpu cortex-m4
   2              		.arch armv7e-m
   3              		.fpu fpv4-sp-d16
   4              		.eabi_attribute 27, 1
   5              		.eabi_attribute 28, 1
   6              		.eabi_attribute 20, 1
   7              		.eabi_attribute 21, 1
   8              		.eabi_attribute 23, 3
   9              		.eabi_attribute 24, 1
  10              		.eabi_attribute 25, 1
  11              		.eabi_attribute 26, 1
  12              		.eabi_attribute 30, 1
  13              		.eabi_attribute 34, 1
  14              		.eabi_attribute 18, 4
  15              		.file	"fx_directory_name_extract.c"
  16              		.text
  17              	.Ltext0:
  18              		.cfi_sections	.debug_frame
  19              		.section	.text._fx_directory_name_extract,"ax",%progbits
  20              		.align	1
  21              		.global	_fx_directory_name_extract
  22              		.syntax unified
  23              		.thumb
  24              		.thumb_func
  26              	_fx_directory_name_extract:
  27              	.LVL0:
  28              	.LFB8:
  29              		.file 1 "Middlewares/ST/filex/common/src/fx_directory_name_extract.c"
   1:Middlewares/ST/filex/common/src/fx_directory_name_extract.c **** /**************************************************************************/
   2:Middlewares/ST/filex/common/src/fx_directory_name_extract.c **** /*                                                                        */
   3:Middlewares/ST/filex/common/src/fx_directory_name_extract.c **** /*       Copyright (c) Microsoft Corporation. All rights reserved.        */
   4:Middlewares/ST/filex/common/src/fx_directory_name_extract.c **** /*                                                                        */
   5:Middlewares/ST/filex/common/src/fx_directory_name_extract.c **** /*       This software is licensed under the Microsoft Software License   */
   6:Middlewares/ST/filex/common/src/fx_directory_name_extract.c **** /*       Terms for Microsoft Azure RTOS. Full text of the license can be  */
   7:Middlewares/ST/filex/common/src/fx_directory_name_extract.c **** /*       found in the LICENSE file at https://aka.ms/AzureRTOS_EULA       */
   8:Middlewares/ST/filex/common/src/fx_directory_name_extract.c **** /*       and in the root directory of this software.                      */
   9:Middlewares/ST/filex/common/src/fx_directory_name_extract.c **** /*                                                                        */
  10:Middlewares/ST/filex/common/src/fx_directory_name_extract.c **** /**************************************************************************/
  11:Middlewares/ST/filex/common/src/fx_directory_name_extract.c **** 
  12:Middlewares/ST/filex/common/src/fx_directory_name_extract.c **** 
  13:Middlewares/ST/filex/common/src/fx_directory_name_extract.c **** /**************************************************************************/
  14:Middlewares/ST/filex/common/src/fx_directory_name_extract.c **** /**************************************************************************/
  15:Middlewares/ST/filex/common/src/fx_directory_name_extract.c **** /**                                                                       */
  16:Middlewares/ST/filex/common/src/fx_directory_name_extract.c **** /** FileX Component                                                       */
  17:Middlewares/ST/filex/common/src/fx_directory_name_extract.c **** /**                                                                       */
  18:Middlewares/ST/filex/common/src/fx_directory_name_extract.c **** /**   Directory                                                           */
  19:Middlewares/ST/filex/common/src/fx_directory_name_extract.c **** /**                                                                       */
  20:Middlewares/ST/filex/common/src/fx_directory_name_extract.c **** /**************************************************************************/
  21:Middlewares/ST/filex/common/src/fx_directory_name_extract.c **** /**************************************************************************/
  22:Middlewares/ST/filex/common/src/fx_directory_name_extract.c **** 
  23:Middlewares/ST/filex/common/src/fx_directory_name_extract.c **** #define FX_SOURCE_CODE
  24:Middlewares/ST/filex/common/src/fx_directory_name_extract.c **** 
  25:Middlewares/ST/filex/common/src/fx_directory_name_extract.c **** 
  26:Middlewares/ST/filex/common/src/fx_directory_name_extract.c **** /* Include necessary system files.  */
  27:Middlewares/ST/filex/common/src/fx_directory_name_extract.c **** 
  28:Middlewares/ST/filex/common/src/fx_directory_name_extract.c **** #include "fx_api.h"
  29:Middlewares/ST/filex/common/src/fx_directory_name_extract.c **** #include "fx_system.h"
ARM GAS  C:\Users\HP\AppData\Local\Temp\ccrT6sbb.s 			page 2


  30:Middlewares/ST/filex/common/src/fx_directory_name_extract.c **** #include "fx_directory.h"
  31:Middlewares/ST/filex/common/src/fx_directory_name_extract.c **** #include "fx_utility.h"
  32:Middlewares/ST/filex/common/src/fx_directory_name_extract.c **** 
  33:Middlewares/ST/filex/common/src/fx_directory_name_extract.c **** 
  34:Middlewares/ST/filex/common/src/fx_directory_name_extract.c **** /**************************************************************************/
  35:Middlewares/ST/filex/common/src/fx_directory_name_extract.c **** /*                                                                        */
  36:Middlewares/ST/filex/common/src/fx_directory_name_extract.c **** /*  FUNCTION                                               RELEASE        */
  37:Middlewares/ST/filex/common/src/fx_directory_name_extract.c **** /*                                                                        */
  38:Middlewares/ST/filex/common/src/fx_directory_name_extract.c **** /*    _fx_directory_name_extract                          PORTABLE C      */
  39:Middlewares/ST/filex/common/src/fx_directory_name_extract.c **** /*                                                           6.1          */
  40:Middlewares/ST/filex/common/src/fx_directory_name_extract.c **** /*  AUTHOR                                                                */
  41:Middlewares/ST/filex/common/src/fx_directory_name_extract.c **** /*                                                                        */
  42:Middlewares/ST/filex/common/src/fx_directory_name_extract.c **** /*    William E. Lamie, Microsoft Corporation                             */
  43:Middlewares/ST/filex/common/src/fx_directory_name_extract.c **** /*                                                                        */
  44:Middlewares/ST/filex/common/src/fx_directory_name_extract.c **** /*  DESCRIPTION                                                           */
  45:Middlewares/ST/filex/common/src/fx_directory_name_extract.c **** /*                                                                        */
  46:Middlewares/ST/filex/common/src/fx_directory_name_extract.c **** /*    This function extracts the file name from the supplied input        */
  47:Middlewares/ST/filex/common/src/fx_directory_name_extract.c **** /*    string.  If there is nothing left after the extracted name, a NULL  */
  48:Middlewares/ST/filex/common/src/fx_directory_name_extract.c **** /*    is returned to the caller.  Otherwise, if something is left, a      */
  49:Middlewares/ST/filex/common/src/fx_directory_name_extract.c **** /*    pointer to it is returned.                                          */
  50:Middlewares/ST/filex/common/src/fx_directory_name_extract.c **** /*                                                                        */
  51:Middlewares/ST/filex/common/src/fx_directory_name_extract.c **** /*  INPUT                                                                 */
  52:Middlewares/ST/filex/common/src/fx_directory_name_extract.c **** /*                                                                        */
  53:Middlewares/ST/filex/common/src/fx_directory_name_extract.c **** /*    source_ptr                           Source string pointer          */
  54:Middlewares/ST/filex/common/src/fx_directory_name_extract.c **** /*    dest_ptr                             Destination string pointer     */
  55:Middlewares/ST/filex/common/src/fx_directory_name_extract.c **** /*                                                                        */
  56:Middlewares/ST/filex/common/src/fx_directory_name_extract.c **** /*  OUTPUT                                                                */
  57:Middlewares/ST/filex/common/src/fx_directory_name_extract.c **** /*                                                                        */
  58:Middlewares/ST/filex/common/src/fx_directory_name_extract.c **** /*    Pointer to Next Name                 (if multiple directories)      */
  59:Middlewares/ST/filex/common/src/fx_directory_name_extract.c **** /*                                                                        */
  60:Middlewares/ST/filex/common/src/fx_directory_name_extract.c **** /*  CALLS                                                                 */
  61:Middlewares/ST/filex/common/src/fx_directory_name_extract.c **** /*                                                                        */
  62:Middlewares/ST/filex/common/src/fx_directory_name_extract.c **** /*    None                                                                */
  63:Middlewares/ST/filex/common/src/fx_directory_name_extract.c **** /*                                                                        */
  64:Middlewares/ST/filex/common/src/fx_directory_name_extract.c **** /*  CALLED BY                                                             */
  65:Middlewares/ST/filex/common/src/fx_directory_name_extract.c **** /*                                                                        */
  66:Middlewares/ST/filex/common/src/fx_directory_name_extract.c **** /*    FileX System Functions                                              */
  67:Middlewares/ST/filex/common/src/fx_directory_name_extract.c **** /*                                                                        */
  68:Middlewares/ST/filex/common/src/fx_directory_name_extract.c **** /*  RELEASE HISTORY                                                       */
  69:Middlewares/ST/filex/common/src/fx_directory_name_extract.c **** /*                                                                        */
  70:Middlewares/ST/filex/common/src/fx_directory_name_extract.c **** /*    DATE              NAME                      DESCRIPTION             */
  71:Middlewares/ST/filex/common/src/fx_directory_name_extract.c **** /*                                                                        */
  72:Middlewares/ST/filex/common/src/fx_directory_name_extract.c **** /*  05-19-2020     William E. Lamie         Initial Version 6.0           */
  73:Middlewares/ST/filex/common/src/fx_directory_name_extract.c **** /*  09-30-2020     William E. Lamie         Modified comment(s),          */
  74:Middlewares/ST/filex/common/src/fx_directory_name_extract.c **** /*                                            resulting in version 6.1    */
  75:Middlewares/ST/filex/common/src/fx_directory_name_extract.c **** /*                                                                        */
  76:Middlewares/ST/filex/common/src/fx_directory_name_extract.c **** /**************************************************************************/
  77:Middlewares/ST/filex/common/src/fx_directory_name_extract.c **** CHAR  *_fx_directory_name_extract(CHAR *source_ptr, CHAR *dest_ptr)
  78:Middlewares/ST/filex/common/src/fx_directory_name_extract.c **** {
  30              		.loc 1 78 1 view -0
  31              		.cfi_startproc
  32              		@ args = 0, pretend = 0, frame = 0
  33              		@ frame_needed = 0, uses_anonymous_args = 0
  34              		@ link register save eliminated.
  79:Middlewares/ST/filex/common/src/fx_directory_name_extract.c **** 
  80:Middlewares/ST/filex/common/src/fx_directory_name_extract.c **** UINT i;
  35              		.loc 1 80 1 view .LVU1
ARM GAS  C:\Users\HP\AppData\Local\Temp\ccrT6sbb.s 			page 3


  81:Middlewares/ST/filex/common/src/fx_directory_name_extract.c **** 
  82:Middlewares/ST/filex/common/src/fx_directory_name_extract.c **** 
  83:Middlewares/ST/filex/common/src/fx_directory_name_extract.c ****     /* Set the destination string to NULL.  */
  84:Middlewares/ST/filex/common/src/fx_directory_name_extract.c ****     dest_ptr[0] = 0;
  36              		.loc 1 84 5 view .LVU2
  37              		.loc 1 84 17 is_stmt 0 view .LVU3
  38 0000 0023     		movs	r3, #0
  39 0002 0B70     		strb	r3, [r1]
  85:Middlewares/ST/filex/common/src/fx_directory_name_extract.c **** 
  86:Middlewares/ST/filex/common/src/fx_directory_name_extract.c ****     /* Is a backslash present?  */
  87:Middlewares/ST/filex/common/src/fx_directory_name_extract.c ****     if ((*source_ptr == '\\') || (*source_ptr == '/'))
  40              		.loc 1 87 5 is_stmt 1 view .LVU4
  41              		.loc 1 87 10 is_stmt 0 view .LVU5
  42 0004 0378     		ldrb	r3, [r0]	@ zero_extendqisi2
  43              		.loc 1 87 8 view .LVU6
  44 0006 5C2B     		cmp	r3, #92
  45 0008 01D0     		beq	.L2
  46              		.loc 1 87 31 discriminator 1 view .LVU7
  47 000a 2F2B     		cmp	r3, #47
  48 000c 02D1     		bne	.L4
  49              	.L2:
  88:Middlewares/ST/filex/common/src/fx_directory_name_extract.c ****     {
  89:Middlewares/ST/filex/common/src/fx_directory_name_extract.c **** 
  90:Middlewares/ST/filex/common/src/fx_directory_name_extract.c ****         /* Advance the string pointer.  */
  91:Middlewares/ST/filex/common/src/fx_directory_name_extract.c ****         source_ptr++;
  50              		.loc 1 91 9 is_stmt 1 view .LVU8
  51              		.loc 1 91 19 is_stmt 0 view .LVU9
  52 000e 0130     		adds	r0, r0, #1
  53              	.LVL1:
  54              		.loc 1 91 19 view .LVU10
  55 0010 00E0     		b	.L4
  56              	.L5:
  92:Middlewares/ST/filex/common/src/fx_directory_name_extract.c ****     }
  93:Middlewares/ST/filex/common/src/fx_directory_name_extract.c **** 
  94:Middlewares/ST/filex/common/src/fx_directory_name_extract.c ****     /* Loop to remove any leading spaces.  */
  95:Middlewares/ST/filex/common/src/fx_directory_name_extract.c ****     while (*source_ptr == ' ')
  96:Middlewares/ST/filex/common/src/fx_directory_name_extract.c ****     {
  97:Middlewares/ST/filex/common/src/fx_directory_name_extract.c **** 
  98:Middlewares/ST/filex/common/src/fx_directory_name_extract.c ****         /* Position past leading space.  */
  99:Middlewares/ST/filex/common/src/fx_directory_name_extract.c ****         source_ptr++;
  57              		.loc 1 99 9 is_stmt 1 view .LVU11
  58              		.loc 1 99 19 is_stmt 0 view .LVU12
  59 0012 0130     		adds	r0, r0, #1
  60              	.LVL2:
  61              	.L4:
  95:Middlewares/ST/filex/common/src/fx_directory_name_extract.c ****     {
  62              		.loc 1 95 11 is_stmt 1 view .LVU13
  95:Middlewares/ST/filex/common/src/fx_directory_name_extract.c ****     {
  63              		.loc 1 95 12 is_stmt 0 view .LVU14
  64 0014 0378     		ldrb	r3, [r0]	@ zero_extendqisi2
  95:Middlewares/ST/filex/common/src/fx_directory_name_extract.c ****     {
  65              		.loc 1 95 11 view .LVU15
  66 0016 202B     		cmp	r3, #32
  67 0018 FBD0     		beq	.L5
 100:Middlewares/ST/filex/common/src/fx_directory_name_extract.c ****     }
 101:Middlewares/ST/filex/common/src/fx_directory_name_extract.c **** 
 102:Middlewares/ST/filex/common/src/fx_directory_name_extract.c ****     /* Loop to extract the name.  */
ARM GAS  C:\Users\HP\AppData\Local\Temp\ccrT6sbb.s 			page 4


 103:Middlewares/ST/filex/common/src/fx_directory_name_extract.c ****     i = 0;
  68              		.loc 1 103 7 view .LVU16
  69 001a 0023     		movs	r3, #0
  70              	.L6:
  71              	.LVL3:
 104:Middlewares/ST/filex/common/src/fx_directory_name_extract.c ****     while (*source_ptr)
  72              		.loc 1 104 11 is_stmt 1 view .LVU17
  73              		.loc 1 104 12 is_stmt 0 view .LVU18
  74 001c 0278     		ldrb	r2, [r0]	@ zero_extendqisi2
  75              		.loc 1 104 11 view .LVU19
  76 001e 4AB1     		cbz	r2, .L7
 105:Middlewares/ST/filex/common/src/fx_directory_name_extract.c ****     {
 106:Middlewares/ST/filex/common/src/fx_directory_name_extract.c **** 
 107:Middlewares/ST/filex/common/src/fx_directory_name_extract.c ****         /* If another backslash is present, break the loop.  */
 108:Middlewares/ST/filex/common/src/fx_directory_name_extract.c ****         if ((*source_ptr == '\\') || (*source_ptr == '/'))
  77              		.loc 1 108 9 is_stmt 1 view .LVU20
  78              		.loc 1 108 12 is_stmt 0 view .LVU21
  79 0020 5C2A     		cmp	r2, #92
  80 0022 07D0     		beq	.L7
  81              		.loc 1 108 35 discriminator 1 view .LVU22
  82 0024 2F2A     		cmp	r2, #47
  83 0026 05D0     		beq	.L7
 109:Middlewares/ST/filex/common/src/fx_directory_name_extract.c ****         {
 110:Middlewares/ST/filex/common/src/fx_directory_name_extract.c ****             break;
 111:Middlewares/ST/filex/common/src/fx_directory_name_extract.c ****         }
 112:Middlewares/ST/filex/common/src/fx_directory_name_extract.c **** 
 113:Middlewares/ST/filex/common/src/fx_directory_name_extract.c ****         /* Long name can be at most 255 characters, but are further limited by the
 114:Middlewares/ST/filex/common/src/fx_directory_name_extract.c ****            FX_MAX_LONG_NAME_LEN define.  */
 115:Middlewares/ST/filex/common/src/fx_directory_name_extract.c ****         if (i == FX_MAX_LONG_NAME_LEN - 1)
  84              		.loc 1 115 9 is_stmt 1 view .LVU23
  85              		.loc 1 115 12 is_stmt 0 view .LVU24
  86 0028 FF2B     		cmp	r3, #255
  87 002a 03D0     		beq	.L7
 116:Middlewares/ST/filex/common/src/fx_directory_name_extract.c ****         {
 117:Middlewares/ST/filex/common/src/fx_directory_name_extract.c ****             break;
 118:Middlewares/ST/filex/common/src/fx_directory_name_extract.c ****         }
 119:Middlewares/ST/filex/common/src/fx_directory_name_extract.c **** 
 120:Middlewares/ST/filex/common/src/fx_directory_name_extract.c ****         /* Store the character.  */
 121:Middlewares/ST/filex/common/src/fx_directory_name_extract.c ****         dest_ptr[i] =  *source_ptr++;
  88              		.loc 1 121 9 is_stmt 1 view .LVU25
  89              		.loc 1 121 35 is_stmt 0 view .LVU26
  90 002c 0130     		adds	r0, r0, #1
  91              	.LVL4:
  92              		.loc 1 121 21 view .LVU27
  93 002e CA54     		strb	r2, [r1, r3]
 122:Middlewares/ST/filex/common/src/fx_directory_name_extract.c **** 
 123:Middlewares/ST/filex/common/src/fx_directory_name_extract.c ****         /* Increment the character counter.  */
 124:Middlewares/ST/filex/common/src/fx_directory_name_extract.c ****         i++;
  94              		.loc 1 124 9 is_stmt 1 view .LVU28
  95              		.loc 1 124 10 is_stmt 0 view .LVU29
  96 0030 0133     		adds	r3, r3, #1
  97              	.LVL5:
  98              		.loc 1 124 10 view .LVU30
  99 0032 F3E7     		b	.L6
 100              	.L7:
 125:Middlewares/ST/filex/common/src/fx_directory_name_extract.c ****     }
 126:Middlewares/ST/filex/common/src/fx_directory_name_extract.c **** 
ARM GAS  C:\Users\HP\AppData\Local\Temp\ccrT6sbb.s 			page 5


 127:Middlewares/ST/filex/common/src/fx_directory_name_extract.c ****     /* NULL-terminate the string.  */
 128:Middlewares/ST/filex/common/src/fx_directory_name_extract.c ****     dest_ptr[i] =  0;
 101              		.loc 1 128 5 is_stmt 1 view .LVU31
 102              		.loc 1 128 17 is_stmt 0 view .LVU32
 103 0034 0022     		movs	r2, #0
 104 0036 CA54     		strb	r2, [r1, r3]
 129:Middlewares/ST/filex/common/src/fx_directory_name_extract.c **** 
 130:Middlewares/ST/filex/common/src/fx_directory_name_extract.c ****     /* Determine if we can backup to the previous character.  */
 131:Middlewares/ST/filex/common/src/fx_directory_name_extract.c ****     if (i)
 105              		.loc 1 131 5 is_stmt 1 view .LVU33
 106              		.loc 1 131 8 is_stmt 0 view .LVU34
 107 0038 23B1     		cbz	r3, .L10
 132:Middlewares/ST/filex/common/src/fx_directory_name_extract.c ****     {
 133:Middlewares/ST/filex/common/src/fx_directory_name_extract.c **** 
 134:Middlewares/ST/filex/common/src/fx_directory_name_extract.c ****         /* Yes, we can move backwards.  */
 135:Middlewares/ST/filex/common/src/fx_directory_name_extract.c ****         i--;
 108              		.loc 1 135 9 is_stmt 1 view .LVU35
 109              		.loc 1 135 10 is_stmt 0 view .LVU36
 110 003a 013B     		subs	r3, r3, #1
 111              	.LVL6:
 112              		.loc 1 135 10 view .LVU37
 113 003c 02E0     		b	.L10
 114              	.L11:
 136:Middlewares/ST/filex/common/src/fx_directory_name_extract.c ****     }
 137:Middlewares/ST/filex/common/src/fx_directory_name_extract.c **** 
 138:Middlewares/ST/filex/common/src/fx_directory_name_extract.c ****     /* Get rid of trailing blanks in the destination string.  */
 139:Middlewares/ST/filex/common/src/fx_directory_name_extract.c ****     while (dest_ptr[i] == ' ')
 140:Middlewares/ST/filex/common/src/fx_directory_name_extract.c ****     {
 141:Middlewares/ST/filex/common/src/fx_directory_name_extract.c **** 
 142:Middlewares/ST/filex/common/src/fx_directory_name_extract.c ****         /* Set this entry to NULL.  */
 143:Middlewares/ST/filex/common/src/fx_directory_name_extract.c ****         dest_ptr[i] =  0;
 115              		.loc 1 143 9 is_stmt 1 view .LVU38
 116              		.loc 1 143 21 is_stmt 0 view .LVU39
 117 003e 0022     		movs	r2, #0
 118 0040 CA54     		strb	r2, [r1, r3]
 144:Middlewares/ST/filex/common/src/fx_directory_name_extract.c **** 
 145:Middlewares/ST/filex/common/src/fx_directory_name_extract.c ****         /* Backup to the next character. Since leading spaces have been removed,
 146:Middlewares/ST/filex/common/src/fx_directory_name_extract.c ****            we know that the index is always greater than 1.  */
 147:Middlewares/ST/filex/common/src/fx_directory_name_extract.c ****         i--;
 119              		.loc 1 147 9 is_stmt 1 view .LVU40
 120              		.loc 1 147 10 is_stmt 0 view .LVU41
 121 0042 013B     		subs	r3, r3, #1
 122              	.LVL7:
 123              	.L10:
 139:Middlewares/ST/filex/common/src/fx_directory_name_extract.c ****     {
 124              		.loc 1 139 11 is_stmt 1 view .LVU42
 139:Middlewares/ST/filex/common/src/fx_directory_name_extract.c ****     {
 125              		.loc 1 139 20 is_stmt 0 view .LVU43
 126 0044 CA5C     		ldrb	r2, [r1, r3]	@ zero_extendqisi2
 139:Middlewares/ST/filex/common/src/fx_directory_name_extract.c ****     {
 127              		.loc 1 139 11 view .LVU44
 128 0046 202A     		cmp	r2, #32
 129 0048 F9D0     		beq	.L11
 148:Middlewares/ST/filex/common/src/fx_directory_name_extract.c ****     }
 149:Middlewares/ST/filex/common/src/fx_directory_name_extract.c **** 
 150:Middlewares/ST/filex/common/src/fx_directory_name_extract.c ****     /* Determine if the source string is now at the end.  */
 151:Middlewares/ST/filex/common/src/fx_directory_name_extract.c ****     if (*source_ptr == 0)
ARM GAS  C:\Users\HP\AppData\Local\Temp\ccrT6sbb.s 			page 6


 130              		.loc 1 151 5 is_stmt 1 view .LVU45
 131              		.loc 1 151 9 is_stmt 0 view .LVU46
 132 004a 0378     		ldrb	r3, [r0]	@ zero_extendqisi2
 133              	.LVL8:
 134              		.loc 1 151 8 view .LVU47
 135 004c 03B1     		cbz	r3, .L14
 136              	.LVL9:
 137              	.L1:
 152:Middlewares/ST/filex/common/src/fx_directory_name_extract.c ****     {
 153:Middlewares/ST/filex/common/src/fx_directory_name_extract.c **** 
 154:Middlewares/ST/filex/common/src/fx_directory_name_extract.c ****         /* Yes, return a NULL pointer.  */
 155:Middlewares/ST/filex/common/src/fx_directory_name_extract.c ****         source_ptr = FX_NULL;
 156:Middlewares/ST/filex/common/src/fx_directory_name_extract.c ****     }
 157:Middlewares/ST/filex/common/src/fx_directory_name_extract.c **** 
 158:Middlewares/ST/filex/common/src/fx_directory_name_extract.c ****     /* Return the last pointer position in the source.  */
 159:Middlewares/ST/filex/common/src/fx_directory_name_extract.c ****     return(source_ptr);
 160:Middlewares/ST/filex/common/src/fx_directory_name_extract.c **** }
 138              		.loc 1 160 1 view .LVU48
 139 004e 7047     		bx	lr
 140              	.LVL10:
 141              	.L14:
 155:Middlewares/ST/filex/common/src/fx_directory_name_extract.c ****     }
 142              		.loc 1 155 20 view .LVU49
 143 0050 0020     		movs	r0, #0
 144              	.LVL11:
 159:Middlewares/ST/filex/common/src/fx_directory_name_extract.c **** }
 145              		.loc 1 159 5 is_stmt 1 view .LVU50
 159:Middlewares/ST/filex/common/src/fx_directory_name_extract.c **** }
 146              		.loc 1 159 11 is_stmt 0 view .LVU51
 147 0052 FCE7     		b	.L1
 148              		.cfi_endproc
 149              	.LFE8:
 151              		.text
 152              	.Letext0:
 153              		.file 2 "Middlewares/ST/threadx/ports/cortex_m4/gnu/inc/tx_port.h"
ARM GAS  C:\Users\HP\AppData\Local\Temp\ccrT6sbb.s 			page 7


DEFINED SYMBOLS
                            *ABS*:00000000 fx_directory_name_extract.c
C:\Users\HP\AppData\Local\Temp\ccrT6sbb.s:20     .text._fx_directory_name_extract:00000000 $t
C:\Users\HP\AppData\Local\Temp\ccrT6sbb.s:26     .text._fx_directory_name_extract:00000000 _fx_directory_name_extract

NO UNDEFINED SYMBOLS
