ARM GAS  C:\Users\HP\AppData\Local\Temp\ccJfFEz7.s 			page 1


   1              		.cpu cortex-m4
   2              		.arch armv7e-m
   3              		.fpu fpv4-sp-d16
   4              		.eabi_attribute 27, 1
   5              		.eabi_attribute 28, 1
   6              		.eabi_attribute 20, 1
   7              		.eabi_attribute 21, 1
   8              		.eabi_attribute 23, 3
   9              		.eabi_attribute 24, 1
  10              		.eabi_attribute 25, 1
  11              		.eabi_attribute 26, 1
  12              		.eabi_attribute 30, 1
  13              		.eabi_attribute 34, 1
  14              		.eabi_attribute 18, 4
  15              		.file	"fx_directory_local_path_restore.c"
  16              		.text
  17              	.Ltext0:
  18              		.cfi_sections	.debug_frame
  19              		.section	.text._fx_directory_local_path_restore,"ax",%progbits
  20              		.align	1
  21              		.global	_fx_directory_local_path_restore
  22              		.syntax unified
  23              		.thumb
  24              		.thumb_func
  26              	_fx_directory_local_path_restore:
  27              	.LVL0:
  28              	.LFB8:
  29              		.file 1 "Middlewares/ST/filex/common/src/fx_directory_local_path_restore.c"
   1:Middlewares/ST/filex/common/src/fx_directory_local_path_restore.c **** /**************************************************************************/
   2:Middlewares/ST/filex/common/src/fx_directory_local_path_restore.c **** /*                                                                        */
   3:Middlewares/ST/filex/common/src/fx_directory_local_path_restore.c **** /*       Copyright (c) Microsoft Corporation. All rights reserved.        */
   4:Middlewares/ST/filex/common/src/fx_directory_local_path_restore.c **** /*                                                                        */
   5:Middlewares/ST/filex/common/src/fx_directory_local_path_restore.c **** /*       This software is licensed under the Microsoft Software License   */
   6:Middlewares/ST/filex/common/src/fx_directory_local_path_restore.c **** /*       Terms for Microsoft Azure RTOS. Full text of the license can be  */
   7:Middlewares/ST/filex/common/src/fx_directory_local_path_restore.c **** /*       found in the LICENSE file at https://aka.ms/AzureRTOS_EULA       */
   8:Middlewares/ST/filex/common/src/fx_directory_local_path_restore.c **** /*       and in the root directory of this software.                      */
   9:Middlewares/ST/filex/common/src/fx_directory_local_path_restore.c **** /*                                                                        */
  10:Middlewares/ST/filex/common/src/fx_directory_local_path_restore.c **** /**************************************************************************/
  11:Middlewares/ST/filex/common/src/fx_directory_local_path_restore.c **** 
  12:Middlewares/ST/filex/common/src/fx_directory_local_path_restore.c **** 
  13:Middlewares/ST/filex/common/src/fx_directory_local_path_restore.c **** /**************************************************************************/
  14:Middlewares/ST/filex/common/src/fx_directory_local_path_restore.c **** /**************************************************************************/
  15:Middlewares/ST/filex/common/src/fx_directory_local_path_restore.c **** /**                                                                       */
  16:Middlewares/ST/filex/common/src/fx_directory_local_path_restore.c **** /** FileX Component                                                       */
  17:Middlewares/ST/filex/common/src/fx_directory_local_path_restore.c **** /**                                                                       */
  18:Middlewares/ST/filex/common/src/fx_directory_local_path_restore.c **** /**   Directory                                                           */
  19:Middlewares/ST/filex/common/src/fx_directory_local_path_restore.c **** /**                                                                       */
  20:Middlewares/ST/filex/common/src/fx_directory_local_path_restore.c **** /**************************************************************************/
  21:Middlewares/ST/filex/common/src/fx_directory_local_path_restore.c **** /**************************************************************************/
  22:Middlewares/ST/filex/common/src/fx_directory_local_path_restore.c **** 
  23:Middlewares/ST/filex/common/src/fx_directory_local_path_restore.c **** #define FX_SOURCE_CODE
  24:Middlewares/ST/filex/common/src/fx_directory_local_path_restore.c **** 
  25:Middlewares/ST/filex/common/src/fx_directory_local_path_restore.c **** 
  26:Middlewares/ST/filex/common/src/fx_directory_local_path_restore.c **** /* Include necessary system files.  */
  27:Middlewares/ST/filex/common/src/fx_directory_local_path_restore.c **** 
  28:Middlewares/ST/filex/common/src/fx_directory_local_path_restore.c **** #include "fx_api.h"
  29:Middlewares/ST/filex/common/src/fx_directory_local_path_restore.c **** #include "fx_system.h"
ARM GAS  C:\Users\HP\AppData\Local\Temp\ccJfFEz7.s 			page 2


  30:Middlewares/ST/filex/common/src/fx_directory_local_path_restore.c **** #include "fx_file.h"
  31:Middlewares/ST/filex/common/src/fx_directory_local_path_restore.c **** #include "fx_utility.h"
  32:Middlewares/ST/filex/common/src/fx_directory_local_path_restore.c **** #include "fx_directory.h"
  33:Middlewares/ST/filex/common/src/fx_directory_local_path_restore.c **** 
  34:Middlewares/ST/filex/common/src/fx_directory_local_path_restore.c **** #ifndef FX_NO_LOCAL_PATH
  35:Middlewares/ST/filex/common/src/fx_directory_local_path_restore.c **** FX_LOCAL_PATH_SETUP
  36:Middlewares/ST/filex/common/src/fx_directory_local_path_restore.c **** #endif
  37:Middlewares/ST/filex/common/src/fx_directory_local_path_restore.c **** 
  38:Middlewares/ST/filex/common/src/fx_directory_local_path_restore.c **** /**************************************************************************/
  39:Middlewares/ST/filex/common/src/fx_directory_local_path_restore.c **** /*                                                                        */
  40:Middlewares/ST/filex/common/src/fx_directory_local_path_restore.c **** /*  FUNCTION                                               RELEASE        */
  41:Middlewares/ST/filex/common/src/fx_directory_local_path_restore.c **** /*                                                                        */
  42:Middlewares/ST/filex/common/src/fx_directory_local_path_restore.c **** /*    _fx_directory_local_path_restore                    PORTABLE C      */
  43:Middlewares/ST/filex/common/src/fx_directory_local_path_restore.c **** /*                                                           6.1.5        */
  44:Middlewares/ST/filex/common/src/fx_directory_local_path_restore.c **** /*  AUTHOR                                                                */
  45:Middlewares/ST/filex/common/src/fx_directory_local_path_restore.c **** /*                                                                        */
  46:Middlewares/ST/filex/common/src/fx_directory_local_path_restore.c **** /*    William E. Lamie, Microsoft Corporation                             */
  47:Middlewares/ST/filex/common/src/fx_directory_local_path_restore.c **** /*                                                                        */
  48:Middlewares/ST/filex/common/src/fx_directory_local_path_restore.c **** /*  DESCRIPTION                                                           */
  49:Middlewares/ST/filex/common/src/fx_directory_local_path_restore.c **** /*                                                                        */
  50:Middlewares/ST/filex/common/src/fx_directory_local_path_restore.c **** /*    This function restores the local default directory of the media to  */
  51:Middlewares/ST/filex/common/src/fx_directory_local_path_restore.c **** /*    the previous path specified by the caller.                          */
  52:Middlewares/ST/filex/common/src/fx_directory_local_path_restore.c **** /*                                                                        */
  53:Middlewares/ST/filex/common/src/fx_directory_local_path_restore.c **** /*  INPUT                                                                 */
  54:Middlewares/ST/filex/common/src/fx_directory_local_path_restore.c **** /*                                                                        */
  55:Middlewares/ST/filex/common/src/fx_directory_local_path_restore.c **** /*    media_ptr                             Media control block pointer   */
  56:Middlewares/ST/filex/common/src/fx_directory_local_path_restore.c **** /*    local_path_ptr                        Local path control block ptr  */
  57:Middlewares/ST/filex/common/src/fx_directory_local_path_restore.c **** /*                                                                        */
  58:Middlewares/ST/filex/common/src/fx_directory_local_path_restore.c **** /*  OUTPUT                                                                */
  59:Middlewares/ST/filex/common/src/fx_directory_local_path_restore.c **** /*                                                                        */
  60:Middlewares/ST/filex/common/src/fx_directory_local_path_restore.c **** /*    return status                                                       */
  61:Middlewares/ST/filex/common/src/fx_directory_local_path_restore.c **** /*                                                                        */
  62:Middlewares/ST/filex/common/src/fx_directory_local_path_restore.c **** /*  CALLS                                                                 */
  63:Middlewares/ST/filex/common/src/fx_directory_local_path_restore.c **** /*                                                                        */
  64:Middlewares/ST/filex/common/src/fx_directory_local_path_restore.c **** /*    None                                                                */
  65:Middlewares/ST/filex/common/src/fx_directory_local_path_restore.c **** /*                                                                        */
  66:Middlewares/ST/filex/common/src/fx_directory_local_path_restore.c **** /*  CALLED BY                                                             */
  67:Middlewares/ST/filex/common/src/fx_directory_local_path_restore.c **** /*                                                                        */
  68:Middlewares/ST/filex/common/src/fx_directory_local_path_restore.c **** /*    Application Code                                                    */
  69:Middlewares/ST/filex/common/src/fx_directory_local_path_restore.c **** /*                                                                        */
  70:Middlewares/ST/filex/common/src/fx_directory_local_path_restore.c **** /*  RELEASE HISTORY                                                       */
  71:Middlewares/ST/filex/common/src/fx_directory_local_path_restore.c **** /*                                                                        */
  72:Middlewares/ST/filex/common/src/fx_directory_local_path_restore.c **** /*    DATE              NAME                      DESCRIPTION             */
  73:Middlewares/ST/filex/common/src/fx_directory_local_path_restore.c **** /*                                                                        */
  74:Middlewares/ST/filex/common/src/fx_directory_local_path_restore.c **** /*  05-19-2020     William E. Lamie         Initial Version 6.0           */
  75:Middlewares/ST/filex/common/src/fx_directory_local_path_restore.c **** /*  09-30-2020     William E. Lamie         Modified comment(s),          */
  76:Middlewares/ST/filex/common/src/fx_directory_local_path_restore.c **** /*                                            resulting in version 6.1    */
  77:Middlewares/ST/filex/common/src/fx_directory_local_path_restore.c **** /*  03-02-2021     William E. Lamie         Modified comment(s),          */
  78:Middlewares/ST/filex/common/src/fx_directory_local_path_restore.c **** /*                                            resulting in version 6.1.5  */
  79:Middlewares/ST/filex/common/src/fx_directory_local_path_restore.c **** /*                                                                        */
  80:Middlewares/ST/filex/common/src/fx_directory_local_path_restore.c **** /**************************************************************************/
  81:Middlewares/ST/filex/common/src/fx_directory_local_path_restore.c **** UINT  _fx_directory_local_path_restore(FX_MEDIA *media_ptr, FX_LOCAL_PATH *local_path_ptr)
  82:Middlewares/ST/filex/common/src/fx_directory_local_path_restore.c **** {
  30              		.loc 1 82 1 view -0
  31              		.cfi_startproc
  32              		@ args = 0, pretend = 0, frame = 0
  33              		@ frame_needed = 0, uses_anonymous_args = 0
ARM GAS  C:\Users\HP\AppData\Local\Temp\ccJfFEz7.s 			page 3


  34              		@ link register save eliminated.
  83:Middlewares/ST/filex/common/src/fx_directory_local_path_restore.c **** 
  84:Middlewares/ST/filex/common/src/fx_directory_local_path_restore.c **** 
  85:Middlewares/ST/filex/common/src/fx_directory_local_path_restore.c **** #ifndef FX_MEDIA_STATISTICS_DISABLE
  86:Middlewares/ST/filex/common/src/fx_directory_local_path_restore.c **** 
  87:Middlewares/ST/filex/common/src/fx_directory_local_path_restore.c ****     /* Increment the number of times this service has been called.  */
  88:Middlewares/ST/filex/common/src/fx_directory_local_path_restore.c ****     media_ptr -> fx_media_directory_local_path_restores++;
  35              		.loc 1 88 5 view .LVU1
  36              		.loc 1 88 15 is_stmt 0 view .LVU2
  37 0000 D0F80431 		ldr	r3, [r0, #260]
  38              		.loc 1 88 56 view .LVU3
  39 0004 0133     		adds	r3, r3, #1
  40 0006 C0F80431 		str	r3, [r0, #260]
  89:Middlewares/ST/filex/common/src/fx_directory_local_path_restore.c **** #endif
  90:Middlewares/ST/filex/common/src/fx_directory_local_path_restore.c **** 
  91:Middlewares/ST/filex/common/src/fx_directory_local_path_restore.c ****     /* Check the media to make sure it is open.  */
  92:Middlewares/ST/filex/common/src/fx_directory_local_path_restore.c ****     if (media_ptr -> fx_media_id != FX_MEDIA_ID)
  41              		.loc 1 92 5 is_stmt 1 view .LVU4
  42              		.loc 1 92 19 is_stmt 0 view .LVU5
  43 000a 0268     		ldr	r2, [r0]
  44              		.loc 1 92 8 view .LVU6
  45 000c 054B     		ldr	r3, .L4
  46 000e 9A42     		cmp	r2, r3
  47 0010 05D1     		bne	.L3
  93:Middlewares/ST/filex/common/src/fx_directory_local_path_restore.c ****     {
  94:Middlewares/ST/filex/common/src/fx_directory_local_path_restore.c **** 
  95:Middlewares/ST/filex/common/src/fx_directory_local_path_restore.c ****         /* Return the media not opened error.  */
  96:Middlewares/ST/filex/common/src/fx_directory_local_path_restore.c ****         return(FX_MEDIA_NOT_OPEN);
  97:Middlewares/ST/filex/common/src/fx_directory_local_path_restore.c ****     }
  98:Middlewares/ST/filex/common/src/fx_directory_local_path_restore.c **** 
  99:Middlewares/ST/filex/common/src/fx_directory_local_path_restore.c **** #ifdef FX_NO_LOCAL_PATH
 100:Middlewares/ST/filex/common/src/fx_directory_local_path_restore.c **** 
 101:Middlewares/ST/filex/common/src/fx_directory_local_path_restore.c ****     FX_PARAMETER_NOT_USED(local_path_ptr);
 102:Middlewares/ST/filex/common/src/fx_directory_local_path_restore.c **** 
 103:Middlewares/ST/filex/common/src/fx_directory_local_path_restore.c ****     /* Error, return to caller.  */
 104:Middlewares/ST/filex/common/src/fx_directory_local_path_restore.c ****     return(FX_NOT_IMPLEMENTED);
 105:Middlewares/ST/filex/common/src/fx_directory_local_path_restore.c **** #else
 106:Middlewares/ST/filex/common/src/fx_directory_local_path_restore.c **** 
 107:Middlewares/ST/filex/common/src/fx_directory_local_path_restore.c ****     /* If trace is enabled, insert this event into the trace buffer.  */
 108:Middlewares/ST/filex/common/src/fx_directory_local_path_restore.c ****     FX_TRACE_IN_LINE_INSERT(FX_TRACE_DIRECTORY_LOCAL_PATH_RESTORE, media_ptr, local_path_ptr, 0, 0,
 109:Middlewares/ST/filex/common/src/fx_directory_local_path_restore.c **** 
 110:Middlewares/ST/filex/common/src/fx_directory_local_path_restore.c ****     /* Setup thread control block to use this local path pointer.  */
 111:Middlewares/ST/filex/common/src/fx_directory_local_path_restore.c ****     _tx_thread_current_ptr -> tx_thread_filex_ptr =  (VOID *)local_path_ptr;
  48              		.loc 1 111 5 is_stmt 1 view .LVU7
  49              		.loc 1 111 28 is_stmt 0 view .LVU8
  50 0012 054B     		ldr	r3, .L4+4
  51 0014 1B68     		ldr	r3, [r3]
  52              		.loc 1 111 51 view .LVU9
  53 0016 C3F89010 		str	r1, [r3, #144]
 112:Middlewares/ST/filex/common/src/fx_directory_local_path_restore.c **** 
 113:Middlewares/ST/filex/common/src/fx_directory_local_path_restore.c ****     /* Default directory restore is complete, return status.  */
 114:Middlewares/ST/filex/common/src/fx_directory_local_path_restore.c ****     return(FX_SUCCESS);
  54              		.loc 1 114 5 is_stmt 1 view .LVU10
  55              		.loc 1 114 11 is_stmt 0 view .LVU11
  56 001a 0020     		movs	r0, #0
  57              	.LVL1:
  58              		.loc 1 114 11 view .LVU12
ARM GAS  C:\Users\HP\AppData\Local\Temp\ccJfFEz7.s 			page 4


  59 001c 7047     		bx	lr
  60              	.LVL2:
  61              	.L3:
  96:Middlewares/ST/filex/common/src/fx_directory_local_path_restore.c ****     }
  62              		.loc 1 96 15 view .LVU13
  63 001e 1120     		movs	r0, #17
  64              	.LVL3:
 115:Middlewares/ST/filex/common/src/fx_directory_local_path_restore.c **** #endif
 116:Middlewares/ST/filex/common/src/fx_directory_local_path_restore.c **** }
  65              		.loc 1 116 1 view .LVU14
  66 0020 7047     		bx	lr
  67              	.L5:
  68 0022 00BF     		.align	2
  69              	.L4:
  70 0024 4944454D 		.word	1296385097
  71 0028 00000000 		.word	_tx_thread_current_ptr
  72              		.cfi_endproc
  73              	.LFE8:
  75              		.text
  76              	.Letext0:
  77              		.file 2 "Middlewares/ST/threadx/ports/cortex_m4/gnu/inc/tx_port.h"
  78              		.file 3 "Middlewares/ST/threadx/common/inc/tx_api.h"
  79              		.file 4 "Middlewares/ST/filex/common/inc/fx_api.h"
ARM GAS  C:\Users\HP\AppData\Local\Temp\ccJfFEz7.s 			page 5


DEFINED SYMBOLS
                            *ABS*:00000000 fx_directory_local_path_restore.c
C:\Users\HP\AppData\Local\Temp\ccJfFEz7.s:20     .text._fx_directory_local_path_restore:00000000 $t
C:\Users\HP\AppData\Local\Temp\ccJfFEz7.s:26     .text._fx_directory_local_path_restore:00000000 _fx_directory_local_path_restore
C:\Users\HP\AppData\Local\Temp\ccJfFEz7.s:70     .text._fx_directory_local_path_restore:00000024 $d

UNDEFINED SYMBOLS
_tx_thread_current_ptr
