ARM GAS  C:\Users\HP\AppData\Local\Temp\ccJNS3pu.s 			page 1


   1              		.cpu cortex-m4
   2              		.arch armv7e-m
   3              		.fpu fpv4-sp-d16
   4              		.eabi_attribute 27, 1
   5              		.eabi_attribute 28, 1
   6              		.eabi_attribute 20, 1
   7              		.eabi_attribute 21, 1
   8              		.eabi_attribute 23, 3
   9              		.eabi_attribute 24, 1
  10              		.eabi_attribute 25, 1
  11              		.eabi_attribute 26, 1
  12              		.eabi_attribute 30, 1
  13              		.eabi_attribute 34, 1
  14              		.eabi_attribute 18, 4
  15              		.file	"fx_directory_default_get.c"
  16              		.text
  17              	.Ltext0:
  18              		.cfi_sections	.debug_frame
  19              		.section	.text._fx_directory_default_get,"ax",%progbits
  20              		.align	1
  21              		.global	_fx_directory_default_get
  22              		.syntax unified
  23              		.thumb
  24              		.thumb_func
  26              	_fx_directory_default_get:
  27              	.LVL0:
  28              	.LFB8:
  29              		.file 1 "Middlewares/ST/filex/common/src/fx_directory_default_get.c"
   1:Middlewares/ST/filex/common/src/fx_directory_default_get.c **** /**************************************************************************/
   2:Middlewares/ST/filex/common/src/fx_directory_default_get.c **** /*                                                                        */
   3:Middlewares/ST/filex/common/src/fx_directory_default_get.c **** /*       Copyright (c) Microsoft Corporation. All rights reserved.        */
   4:Middlewares/ST/filex/common/src/fx_directory_default_get.c **** /*                                                                        */
   5:Middlewares/ST/filex/common/src/fx_directory_default_get.c **** /*       This software is licensed under the Microsoft Software License   */
   6:Middlewares/ST/filex/common/src/fx_directory_default_get.c **** /*       Terms for Microsoft Azure RTOS. Full text of the license can be  */
   7:Middlewares/ST/filex/common/src/fx_directory_default_get.c **** /*       found in the LICENSE file at https://aka.ms/AzureRTOS_EULA       */
   8:Middlewares/ST/filex/common/src/fx_directory_default_get.c **** /*       and in the root directory of this software.                      */
   9:Middlewares/ST/filex/common/src/fx_directory_default_get.c **** /*                                                                        */
  10:Middlewares/ST/filex/common/src/fx_directory_default_get.c **** /**************************************************************************/
  11:Middlewares/ST/filex/common/src/fx_directory_default_get.c **** 
  12:Middlewares/ST/filex/common/src/fx_directory_default_get.c **** 
  13:Middlewares/ST/filex/common/src/fx_directory_default_get.c **** /**************************************************************************/
  14:Middlewares/ST/filex/common/src/fx_directory_default_get.c **** /**************************************************************************/
  15:Middlewares/ST/filex/common/src/fx_directory_default_get.c **** /**                                                                       */
  16:Middlewares/ST/filex/common/src/fx_directory_default_get.c **** /** FileX Component                                                       */
  17:Middlewares/ST/filex/common/src/fx_directory_default_get.c **** /**                                                                       */
  18:Middlewares/ST/filex/common/src/fx_directory_default_get.c **** /**   Directory                                                           */
  19:Middlewares/ST/filex/common/src/fx_directory_default_get.c **** /**                                                                       */
  20:Middlewares/ST/filex/common/src/fx_directory_default_get.c **** /**************************************************************************/
  21:Middlewares/ST/filex/common/src/fx_directory_default_get.c **** /**************************************************************************/
  22:Middlewares/ST/filex/common/src/fx_directory_default_get.c **** 
  23:Middlewares/ST/filex/common/src/fx_directory_default_get.c **** #define FX_SOURCE_CODE
  24:Middlewares/ST/filex/common/src/fx_directory_default_get.c **** 
  25:Middlewares/ST/filex/common/src/fx_directory_default_get.c **** 
  26:Middlewares/ST/filex/common/src/fx_directory_default_get.c **** /* Include necessary system files.  */
  27:Middlewares/ST/filex/common/src/fx_directory_default_get.c **** 
  28:Middlewares/ST/filex/common/src/fx_directory_default_get.c **** #include "fx_api.h"
  29:Middlewares/ST/filex/common/src/fx_directory_default_get.c **** #include "fx_directory.h"
ARM GAS  C:\Users\HP\AppData\Local\Temp\ccJNS3pu.s 			page 2


  30:Middlewares/ST/filex/common/src/fx_directory_default_get.c **** 
  31:Middlewares/ST/filex/common/src/fx_directory_default_get.c **** 
  32:Middlewares/ST/filex/common/src/fx_directory_default_get.c **** /**************************************************************************/
  33:Middlewares/ST/filex/common/src/fx_directory_default_get.c **** /*                                                                        */
  34:Middlewares/ST/filex/common/src/fx_directory_default_get.c **** /*  FUNCTION                                               RELEASE        */
  35:Middlewares/ST/filex/common/src/fx_directory_default_get.c **** /*                                                                        */
  36:Middlewares/ST/filex/common/src/fx_directory_default_get.c **** /*    _fx_directory_default_get                           PORTABLE C      */
  37:Middlewares/ST/filex/common/src/fx_directory_default_get.c **** /*                                                           6.1          */
  38:Middlewares/ST/filex/common/src/fx_directory_default_get.c **** /*  AUTHOR                                                                */
  39:Middlewares/ST/filex/common/src/fx_directory_default_get.c **** /*                                                                        */
  40:Middlewares/ST/filex/common/src/fx_directory_default_get.c **** /*    William E. Lamie, Microsoft Corporation                             */
  41:Middlewares/ST/filex/common/src/fx_directory_default_get.c **** /*                                                                        */
  42:Middlewares/ST/filex/common/src/fx_directory_default_get.c **** /*  DESCRIPTION                                                           */
  43:Middlewares/ST/filex/common/src/fx_directory_default_get.c **** /*                                                                        */
  44:Middlewares/ST/filex/common/src/fx_directory_default_get.c **** /*    This function returns the pointer of the last path provided to the  */
  45:Middlewares/ST/filex/common/src/fx_directory_default_get.c **** /*    fx_directory_default_set function.                                  */
  46:Middlewares/ST/filex/common/src/fx_directory_default_get.c **** /*                                                                        */
  47:Middlewares/ST/filex/common/src/fx_directory_default_get.c **** /*  INPUT                                                                 */
  48:Middlewares/ST/filex/common/src/fx_directory_default_get.c **** /*                                                                        */
  49:Middlewares/ST/filex/common/src/fx_directory_default_get.c **** /*    media_ptr                             Media control block pointer   */
  50:Middlewares/ST/filex/common/src/fx_directory_default_get.c **** /*    return_path_name                      Destination string pointer    */
  51:Middlewares/ST/filex/common/src/fx_directory_default_get.c **** /*                                            address                     */
  52:Middlewares/ST/filex/common/src/fx_directory_default_get.c **** /*                                                                        */
  53:Middlewares/ST/filex/common/src/fx_directory_default_get.c **** /*  OUTPUT                                                                */
  54:Middlewares/ST/filex/common/src/fx_directory_default_get.c **** /*                                                                        */
  55:Middlewares/ST/filex/common/src/fx_directory_default_get.c **** /*    return status                                                       */
  56:Middlewares/ST/filex/common/src/fx_directory_default_get.c **** /*                                                                        */
  57:Middlewares/ST/filex/common/src/fx_directory_default_get.c **** /*  CALLS                                                                 */
  58:Middlewares/ST/filex/common/src/fx_directory_default_get.c **** /*                                                                        */
  59:Middlewares/ST/filex/common/src/fx_directory_default_get.c **** /*    None                                                                */
  60:Middlewares/ST/filex/common/src/fx_directory_default_get.c **** /*                                                                        */
  61:Middlewares/ST/filex/common/src/fx_directory_default_get.c **** /*  CALLED BY                                                             */
  62:Middlewares/ST/filex/common/src/fx_directory_default_get.c **** /*                                                                        */
  63:Middlewares/ST/filex/common/src/fx_directory_default_get.c **** /*    Application Code                                                    */
  64:Middlewares/ST/filex/common/src/fx_directory_default_get.c **** /*                                                                        */
  65:Middlewares/ST/filex/common/src/fx_directory_default_get.c **** /*  RELEASE HISTORY                                                       */
  66:Middlewares/ST/filex/common/src/fx_directory_default_get.c **** /*                                                                        */
  67:Middlewares/ST/filex/common/src/fx_directory_default_get.c **** /*    DATE              NAME                      DESCRIPTION             */
  68:Middlewares/ST/filex/common/src/fx_directory_default_get.c **** /*                                                                        */
  69:Middlewares/ST/filex/common/src/fx_directory_default_get.c **** /*  05-19-2020     William E. Lamie         Initial Version 6.0           */
  70:Middlewares/ST/filex/common/src/fx_directory_default_get.c **** /*  09-30-2020     William E. Lamie         Modified comment(s),          */
  71:Middlewares/ST/filex/common/src/fx_directory_default_get.c **** /*                                            resulting in version 6.1    */
  72:Middlewares/ST/filex/common/src/fx_directory_default_get.c **** /*                                                                        */
  73:Middlewares/ST/filex/common/src/fx_directory_default_get.c **** /**************************************************************************/
  74:Middlewares/ST/filex/common/src/fx_directory_default_get.c **** UINT  _fx_directory_default_get(FX_MEDIA *media_ptr, CHAR **return_path_name)
  75:Middlewares/ST/filex/common/src/fx_directory_default_get.c **** {
  30              		.loc 1 75 1 view -0
  31              		.cfi_startproc
  32              		@ args = 0, pretend = 0, frame = 0
  33              		@ frame_needed = 0, uses_anonymous_args = 0
  34              		.loc 1 75 1 is_stmt 0 view .LVU1
  35 0000 F8B5     		push	{r3, r4, r5, r6, r7, lr}
  36              	.LCFI0:
  37              		.cfi_def_cfa_offset 24
  38              		.cfi_offset 3, -24
  39              		.cfi_offset 4, -20
  40              		.cfi_offset 5, -16
ARM GAS  C:\Users\HP\AppData\Local\Temp\ccJNS3pu.s 			page 3


  41              		.cfi_offset 6, -12
  42              		.cfi_offset 7, -8
  43              		.cfi_offset 14, -4
  76:Middlewares/ST/filex/common/src/fx_directory_default_get.c **** 
  77:Middlewares/ST/filex/common/src/fx_directory_default_get.c **** #ifndef FX_MEDIA_STATISTICS_DISABLE
  78:Middlewares/ST/filex/common/src/fx_directory_default_get.c **** 
  79:Middlewares/ST/filex/common/src/fx_directory_default_get.c ****     /* Increment the number of times this service has been called.  */
  80:Middlewares/ST/filex/common/src/fx_directory_default_get.c ****     media_ptr -> fx_media_directory_default_gets++;
  44              		.loc 1 80 5 is_stmt 1 view .LVU2
  45              		.loc 1 80 15 is_stmt 0 view .LVU3
  46 0002 D0F8E430 		ldr	r3, [r0, #228]
  47              		.loc 1 80 49 view .LVU4
  48 0006 0133     		adds	r3, r3, #1
  49 0008 C0F8E430 		str	r3, [r0, #228]
  81:Middlewares/ST/filex/common/src/fx_directory_default_get.c **** #endif
  82:Middlewares/ST/filex/common/src/fx_directory_default_get.c **** 
  83:Middlewares/ST/filex/common/src/fx_directory_default_get.c ****     /* Check the media to make sure it is open.  */
  84:Middlewares/ST/filex/common/src/fx_directory_default_get.c ****     if (media_ptr -> fx_media_id != FX_MEDIA_ID)
  50              		.loc 1 84 5 is_stmt 1 view .LVU5
  51              		.loc 1 84 19 is_stmt 0 view .LVU6
  52 000c 0268     		ldr	r2, [r0]
  53              		.loc 1 84 8 view .LVU7
  54 000e 0D4B     		ldr	r3, .L7
  55 0010 9A42     		cmp	r2, r3
  56 0012 02D0     		beq	.L6
  85:Middlewares/ST/filex/common/src/fx_directory_default_get.c ****     {
  86:Middlewares/ST/filex/common/src/fx_directory_default_get.c **** 
  87:Middlewares/ST/filex/common/src/fx_directory_default_get.c ****         /* Return the media not opened error.  */
  88:Middlewares/ST/filex/common/src/fx_directory_default_get.c ****         return(FX_MEDIA_NOT_OPEN);
  57              		.loc 1 88 15 view .LVU8
  58 0014 1125     		movs	r5, #17
  59              	.LVL1:
  60              	.L1:
  89:Middlewares/ST/filex/common/src/fx_directory_default_get.c ****     }
  90:Middlewares/ST/filex/common/src/fx_directory_default_get.c **** 
  91:Middlewares/ST/filex/common/src/fx_directory_default_get.c ****     /* If trace is enabled, insert this event into the trace buffer.  */
  92:Middlewares/ST/filex/common/src/fx_directory_default_get.c ****     FX_TRACE_IN_LINE_INSERT(FX_TRACE_DIRECTORY_DEFAULT_GET, media_ptr, return_path_name, 0, 0, FX_T
  93:Middlewares/ST/filex/common/src/fx_directory_default_get.c **** 
  94:Middlewares/ST/filex/common/src/fx_directory_default_get.c ****     /* Protect against other threads accessing the media.  */
  95:Middlewares/ST/filex/common/src/fx_directory_default_get.c ****     FX_PROTECT
  96:Middlewares/ST/filex/common/src/fx_directory_default_get.c **** 
  97:Middlewares/ST/filex/common/src/fx_directory_default_get.c ****     /* Return the last pointer supplied to the set default directory function.  */
  98:Middlewares/ST/filex/common/src/fx_directory_default_get.c ****     *return_path_name = media_ptr -> fx_media_default_path.fx_path_string;
  99:Middlewares/ST/filex/common/src/fx_directory_default_get.c **** 
 100:Middlewares/ST/filex/common/src/fx_directory_default_get.c ****     /* Release media protection.  */
 101:Middlewares/ST/filex/common/src/fx_directory_default_get.c ****     FX_UNPROTECT
 102:Middlewares/ST/filex/common/src/fx_directory_default_get.c **** 
 103:Middlewares/ST/filex/common/src/fx_directory_default_get.c ****     /* Return successful status.  */
 104:Middlewares/ST/filex/common/src/fx_directory_default_get.c ****     return(FX_SUCCESS);
 105:Middlewares/ST/filex/common/src/fx_directory_default_get.c **** }
  61              		.loc 1 105 1 view .LVU9
  62 0016 2846     		mov	r0, r5
  63 0018 F8BD     		pop	{r3, r4, r5, r6, r7, pc}
  64              	.LVL2:
  65              	.L6:
  66              		.loc 1 105 1 view .LVU10
  67 001a 0446     		mov	r4, r0
ARM GAS  C:\Users\HP\AppData\Local\Temp\ccJNS3pu.s 			page 4


  68 001c 0E46     		mov	r6, r1
  95:Middlewares/ST/filex/common/src/fx_directory_default_get.c **** 
  69              		.loc 1 95 5 is_stmt 1 discriminator 2 view .LVU11
  95:Middlewares/ST/filex/common/src/fx_directory_default_get.c **** 
  70              		.loc 1 95 5 discriminator 2 view .LVU12
  71 001e 00F5E477 		add	r7, r0, #456
  72 0022 4FF0FF31 		mov	r1, #-1
  73              	.LVL3:
  95:Middlewares/ST/filex/common/src/fx_directory_default_get.c **** 
  74              		.loc 1 95 5 is_stmt 0 discriminator 2 view .LVU13
  75 0026 3846     		mov	r0, r7
  76              	.LVL4:
  95:Middlewares/ST/filex/common/src/fx_directory_default_get.c **** 
  77              		.loc 1 95 5 discriminator 2 view .LVU14
  78 0028 FFF7FEFF 		bl	_tx_mutex_get
  79              	.LVL5:
  80 002c 0546     		mov	r5, r0
  81 002e 30B9     		cbnz	r0, .L4
  98:Middlewares/ST/filex/common/src/fx_directory_default_get.c **** 
  82              		.loc 1 98 5 is_stmt 1 view .LVU15
  98:Middlewares/ST/filex/common/src/fx_directory_default_get.c **** 
  83              		.loc 1 98 25 is_stmt 0 view .LVU16
  84 0030 04F5AA64 		add	r4, r4, #1360
  85              	.LVL6:
  98:Middlewares/ST/filex/common/src/fx_directory_default_get.c **** 
  86              		.loc 1 98 23 view .LVU17
  87 0034 3460     		str	r4, [r6]
 101:Middlewares/ST/filex/common/src/fx_directory_default_get.c **** 
  88              		.loc 1 101 5 is_stmt 1 view .LVU18
  89 0036 3846     		mov	r0, r7
  90 0038 FFF7FEFF 		bl	_tx_mutex_put
  91              	.LVL7:
 104:Middlewares/ST/filex/common/src/fx_directory_default_get.c **** }
  92              		.loc 1 104 5 view .LVU19
 104:Middlewares/ST/filex/common/src/fx_directory_default_get.c **** }
  93              		.loc 1 104 11 is_stmt 0 view .LVU20
  94 003c EBE7     		b	.L1
  95              	.LVL8:
  96              	.L4:
  95:Middlewares/ST/filex/common/src/fx_directory_default_get.c **** 
  97              		.loc 1 95 5 view .LVU21
  98 003e 1125     		movs	r5, #17
  99 0040 E9E7     		b	.L1
 100              	.L8:
 101 0042 00BF     		.align	2
 102              	.L7:
 103 0044 4944454D 		.word	1296385097
 104              		.cfi_endproc
 105              	.LFE8:
 107              		.text
 108              	.Letext0:
 109              		.file 2 "Middlewares/ST/threadx/ports/cortex_m4/gnu/inc/tx_port.h"
 110              		.file 3 "Middlewares/ST/threadx/common/inc/tx_api.h"
 111              		.file 4 "Middlewares/ST/filex/common/inc/fx_api.h"
ARM GAS  C:\Users\HP\AppData\Local\Temp\ccJNS3pu.s 			page 5


DEFINED SYMBOLS
                            *ABS*:00000000 fx_directory_default_get.c
C:\Users\HP\AppData\Local\Temp\ccJNS3pu.s:20     .text._fx_directory_default_get:00000000 $t
C:\Users\HP\AppData\Local\Temp\ccJNS3pu.s:26     .text._fx_directory_default_get:00000000 _fx_directory_default_get
C:\Users\HP\AppData\Local\Temp\ccJNS3pu.s:103    .text._fx_directory_default_get:00000044 $d

UNDEFINED SYMBOLS
_tx_mutex_get
_tx_mutex_put
