ARM GAS  C:\Users\HP\AppData\Local\Temp\cc1a4KtA.s 			page 1


   1              		.cpu cortex-m4
   2              		.arch armv7e-m
   3              		.fpu fpv4-sp-d16
   4              		.eabi_attribute 27, 1
   5              		.eabi_attribute 28, 1
   6              		.eabi_attribute 20, 1
   7              		.eabi_attribute 21, 1
   8              		.eabi_attribute 23, 3
   9              		.eabi_attribute 24, 1
  10              		.eabi_attribute 25, 1
  11              		.eabi_attribute 26, 1
  12              		.eabi_attribute 30, 1
  13              		.eabi_attribute 34, 1
  14              		.eabi_attribute 18, 4
  15              		.file	"fx_directory_local_path_get.c"
  16              		.text
  17              	.Ltext0:
  18              		.cfi_sections	.debug_frame
  19              		.section	.text._fx_directory_local_path_get,"ax",%progbits
  20              		.align	1
  21              		.global	_fx_directory_local_path_get
  22              		.syntax unified
  23              		.thumb
  24              		.thumb_func
  26              	_fx_directory_local_path_get:
  27              	.LVL0:
  28              	.LFB8:
  29              		.file 1 "Middlewares/ST/filex/common/src/fx_directory_local_path_get.c"
   1:Middlewares/ST/filex/common/src/fx_directory_local_path_get.c **** /**************************************************************************/
   2:Middlewares/ST/filex/common/src/fx_directory_local_path_get.c **** /*                                                                        */
   3:Middlewares/ST/filex/common/src/fx_directory_local_path_get.c **** /*       Copyright (c) Microsoft Corporation. All rights reserved.        */
   4:Middlewares/ST/filex/common/src/fx_directory_local_path_get.c **** /*                                                                        */
   5:Middlewares/ST/filex/common/src/fx_directory_local_path_get.c **** /*       This software is licensed under the Microsoft Software License   */
   6:Middlewares/ST/filex/common/src/fx_directory_local_path_get.c **** /*       Terms for Microsoft Azure RTOS. Full text of the license can be  */
   7:Middlewares/ST/filex/common/src/fx_directory_local_path_get.c **** /*       found in the LICENSE file at https://aka.ms/AzureRTOS_EULA       */
   8:Middlewares/ST/filex/common/src/fx_directory_local_path_get.c **** /*       and in the root directory of this software.                      */
   9:Middlewares/ST/filex/common/src/fx_directory_local_path_get.c **** /*                                                                        */
  10:Middlewares/ST/filex/common/src/fx_directory_local_path_get.c **** /**************************************************************************/
  11:Middlewares/ST/filex/common/src/fx_directory_local_path_get.c **** 
  12:Middlewares/ST/filex/common/src/fx_directory_local_path_get.c **** 
  13:Middlewares/ST/filex/common/src/fx_directory_local_path_get.c **** /**************************************************************************/
  14:Middlewares/ST/filex/common/src/fx_directory_local_path_get.c **** /**************************************************************************/
  15:Middlewares/ST/filex/common/src/fx_directory_local_path_get.c **** /**                                                                       */
  16:Middlewares/ST/filex/common/src/fx_directory_local_path_get.c **** /** FileX Component                                                       */
  17:Middlewares/ST/filex/common/src/fx_directory_local_path_get.c **** /**                                                                       */
  18:Middlewares/ST/filex/common/src/fx_directory_local_path_get.c **** /**   Directory                                                           */
  19:Middlewares/ST/filex/common/src/fx_directory_local_path_get.c **** /**                                                                       */
  20:Middlewares/ST/filex/common/src/fx_directory_local_path_get.c **** /**************************************************************************/
  21:Middlewares/ST/filex/common/src/fx_directory_local_path_get.c **** /**************************************************************************/
  22:Middlewares/ST/filex/common/src/fx_directory_local_path_get.c **** 
  23:Middlewares/ST/filex/common/src/fx_directory_local_path_get.c **** #define FX_SOURCE_CODE
  24:Middlewares/ST/filex/common/src/fx_directory_local_path_get.c **** 
  25:Middlewares/ST/filex/common/src/fx_directory_local_path_get.c **** 
  26:Middlewares/ST/filex/common/src/fx_directory_local_path_get.c **** /* Include necessary system files.  */
  27:Middlewares/ST/filex/common/src/fx_directory_local_path_get.c **** 
  28:Middlewares/ST/filex/common/src/fx_directory_local_path_get.c **** #include "fx_api.h"
  29:Middlewares/ST/filex/common/src/fx_directory_local_path_get.c **** #include "fx_system.h"
ARM GAS  C:\Users\HP\AppData\Local\Temp\cc1a4KtA.s 			page 2


  30:Middlewares/ST/filex/common/src/fx_directory_local_path_get.c **** #include "fx_file.h"
  31:Middlewares/ST/filex/common/src/fx_directory_local_path_get.c **** #include "fx_utility.h"
  32:Middlewares/ST/filex/common/src/fx_directory_local_path_get.c **** #include "fx_directory.h"
  33:Middlewares/ST/filex/common/src/fx_directory_local_path_get.c **** 
  34:Middlewares/ST/filex/common/src/fx_directory_local_path_get.c **** #ifndef FX_NO_LOCAL_PATH
  35:Middlewares/ST/filex/common/src/fx_directory_local_path_get.c **** FX_LOCAL_PATH_SETUP
  36:Middlewares/ST/filex/common/src/fx_directory_local_path_get.c **** #endif
  37:Middlewares/ST/filex/common/src/fx_directory_local_path_get.c **** 
  38:Middlewares/ST/filex/common/src/fx_directory_local_path_get.c **** /**************************************************************************/
  39:Middlewares/ST/filex/common/src/fx_directory_local_path_get.c **** /*                                                                        */
  40:Middlewares/ST/filex/common/src/fx_directory_local_path_get.c **** /*  FUNCTION                                               RELEASE        */
  41:Middlewares/ST/filex/common/src/fx_directory_local_path_get.c **** /*                                                                        */
  42:Middlewares/ST/filex/common/src/fx_directory_local_path_get.c **** /*    _fx_directory_local_path_get                        PORTABLE C      */
  43:Middlewares/ST/filex/common/src/fx_directory_local_path_get.c **** /*                                                           6.1.5        */
  44:Middlewares/ST/filex/common/src/fx_directory_local_path_get.c **** /*  AUTHOR                                                                */
  45:Middlewares/ST/filex/common/src/fx_directory_local_path_get.c **** /*                                                                        */
  46:Middlewares/ST/filex/common/src/fx_directory_local_path_get.c **** /*    William E. Lamie, Microsoft Corporation                             */
  47:Middlewares/ST/filex/common/src/fx_directory_local_path_get.c **** /*                                                                        */
  48:Middlewares/ST/filex/common/src/fx_directory_local_path_get.c **** /*  DESCRIPTION                                                           */
  49:Middlewares/ST/filex/common/src/fx_directory_local_path_get.c **** /*                                                                        */
  50:Middlewares/ST/filex/common/src/fx_directory_local_path_get.c **** /*    This function returns a pointer to the local default directory      */
  51:Middlewares/ST/filex/common/src/fx_directory_local_path_get.c **** /*    for this thread.                                                    */
  52:Middlewares/ST/filex/common/src/fx_directory_local_path_get.c **** /*                                                                        */
  53:Middlewares/ST/filex/common/src/fx_directory_local_path_get.c **** /*  INPUT                                                                 */
  54:Middlewares/ST/filex/common/src/fx_directory_local_path_get.c **** /*                                                                        */
  55:Middlewares/ST/filex/common/src/fx_directory_local_path_get.c **** /*    media_ptr                             Media control block pointer   */
  56:Middlewares/ST/filex/common/src/fx_directory_local_path_get.c **** /*    return_path_name                      Return local path name        */
  57:Middlewares/ST/filex/common/src/fx_directory_local_path_get.c **** /*                                                                        */
  58:Middlewares/ST/filex/common/src/fx_directory_local_path_get.c **** /*  OUTPUT                                                                */
  59:Middlewares/ST/filex/common/src/fx_directory_local_path_get.c **** /*                                                                        */
  60:Middlewares/ST/filex/common/src/fx_directory_local_path_get.c **** /*    return status                                                       */
  61:Middlewares/ST/filex/common/src/fx_directory_local_path_get.c **** /*                                                                        */
  62:Middlewares/ST/filex/common/src/fx_directory_local_path_get.c **** /*  CALLS                                                                 */
  63:Middlewares/ST/filex/common/src/fx_directory_local_path_get.c **** /*                                                                        */
  64:Middlewares/ST/filex/common/src/fx_directory_local_path_get.c **** /*    None                                                                */
  65:Middlewares/ST/filex/common/src/fx_directory_local_path_get.c **** /*                                                                        */
  66:Middlewares/ST/filex/common/src/fx_directory_local_path_get.c **** /*  CALLED BY                                                             */
  67:Middlewares/ST/filex/common/src/fx_directory_local_path_get.c **** /*                                                                        */
  68:Middlewares/ST/filex/common/src/fx_directory_local_path_get.c **** /*    Application Code                                                    */
  69:Middlewares/ST/filex/common/src/fx_directory_local_path_get.c **** /*                                                                        */
  70:Middlewares/ST/filex/common/src/fx_directory_local_path_get.c **** /*  RELEASE HISTORY                                                       */
  71:Middlewares/ST/filex/common/src/fx_directory_local_path_get.c **** /*                                                                        */
  72:Middlewares/ST/filex/common/src/fx_directory_local_path_get.c **** /*    DATE              NAME                      DESCRIPTION             */
  73:Middlewares/ST/filex/common/src/fx_directory_local_path_get.c **** /*                                                                        */
  74:Middlewares/ST/filex/common/src/fx_directory_local_path_get.c **** /*  05-19-2020     William E. Lamie         Initial Version 6.0           */
  75:Middlewares/ST/filex/common/src/fx_directory_local_path_get.c **** /*  09-30-2020     William E. Lamie         Modified comment(s),          */
  76:Middlewares/ST/filex/common/src/fx_directory_local_path_get.c **** /*                                            resulting in version 6.1    */
  77:Middlewares/ST/filex/common/src/fx_directory_local_path_get.c **** /*  03-02-2021     William E. Lamie         Modified comment(s),          */
  78:Middlewares/ST/filex/common/src/fx_directory_local_path_get.c **** /*                                            resulting in version 6.1.5  */
  79:Middlewares/ST/filex/common/src/fx_directory_local_path_get.c **** /*                                                                        */
  80:Middlewares/ST/filex/common/src/fx_directory_local_path_get.c **** /**************************************************************************/
  81:Middlewares/ST/filex/common/src/fx_directory_local_path_get.c **** UINT  _fx_directory_local_path_get(FX_MEDIA *media_ptr, CHAR **return_path_name)
  82:Middlewares/ST/filex/common/src/fx_directory_local_path_get.c **** {
  30              		.loc 1 82 1 view -0
  31              		.cfi_startproc
  32              		@ args = 0, pretend = 0, frame = 0
  33              		@ frame_needed = 0, uses_anonymous_args = 0
ARM GAS  C:\Users\HP\AppData\Local\Temp\cc1a4KtA.s 			page 3


  34              		@ link register save eliminated.
  83:Middlewares/ST/filex/common/src/fx_directory_local_path_get.c **** 
  84:Middlewares/ST/filex/common/src/fx_directory_local_path_get.c **** 
  85:Middlewares/ST/filex/common/src/fx_directory_local_path_get.c **** #ifndef FX_MEDIA_STATISTICS_DISABLE
  86:Middlewares/ST/filex/common/src/fx_directory_local_path_get.c **** 
  87:Middlewares/ST/filex/common/src/fx_directory_local_path_get.c ****     /* Increment the number of times this service has been called.  */
  88:Middlewares/ST/filex/common/src/fx_directory_local_path_get.c ****     media_ptr -> fx_media_directory_local_path_gets++;
  35              		.loc 1 88 5 view .LVU1
  36              		.loc 1 88 15 is_stmt 0 view .LVU2
  37 0000 D0F80031 		ldr	r3, [r0, #256]
  38              		.loc 1 88 52 view .LVU3
  39 0004 0133     		adds	r3, r3, #1
  40 0006 C0F80031 		str	r3, [r0, #256]
  89:Middlewares/ST/filex/common/src/fx_directory_local_path_get.c **** #endif
  90:Middlewares/ST/filex/common/src/fx_directory_local_path_get.c **** 
  91:Middlewares/ST/filex/common/src/fx_directory_local_path_get.c ****     /* Check the media to make sure it is open.  */
  92:Middlewares/ST/filex/common/src/fx_directory_local_path_get.c ****     if (media_ptr -> fx_media_id != FX_MEDIA_ID)
  41              		.loc 1 92 5 is_stmt 1 view .LVU4
  42              		.loc 1 92 19 is_stmt 0 view .LVU5
  43 000a 0268     		ldr	r2, [r0]
  44              		.loc 1 92 8 view .LVU6
  45 000c 084B     		ldr	r3, .L5
  46 000e 9A42     		cmp	r2, r3
  47 0010 0BD1     		bne	.L4
  93:Middlewares/ST/filex/common/src/fx_directory_local_path_get.c ****     {
  94:Middlewares/ST/filex/common/src/fx_directory_local_path_get.c **** 
  95:Middlewares/ST/filex/common/src/fx_directory_local_path_get.c ****         /* Return the media not opened error.  */
  96:Middlewares/ST/filex/common/src/fx_directory_local_path_get.c ****         return(FX_MEDIA_NOT_OPEN);
  97:Middlewares/ST/filex/common/src/fx_directory_local_path_get.c ****     }
  98:Middlewares/ST/filex/common/src/fx_directory_local_path_get.c **** 
  99:Middlewares/ST/filex/common/src/fx_directory_local_path_get.c **** #ifdef FX_NO_LOCAL_PATH
 100:Middlewares/ST/filex/common/src/fx_directory_local_path_get.c **** 
 101:Middlewares/ST/filex/common/src/fx_directory_local_path_get.c ****     FX_PARAMETER_NOT_USED(return_path_name);
 102:Middlewares/ST/filex/common/src/fx_directory_local_path_get.c **** 
 103:Middlewares/ST/filex/common/src/fx_directory_local_path_get.c ****     /* Error, return to caller.  */
 104:Middlewares/ST/filex/common/src/fx_directory_local_path_get.c ****     return(FX_NOT_IMPLEMENTED);
 105:Middlewares/ST/filex/common/src/fx_directory_local_path_get.c **** #else
 106:Middlewares/ST/filex/common/src/fx_directory_local_path_get.c **** 
 107:Middlewares/ST/filex/common/src/fx_directory_local_path_get.c ****     /* Determine if there is a local path.  */
 108:Middlewares/ST/filex/common/src/fx_directory_local_path_get.c ****     if (_tx_thread_current_ptr -> tx_thread_filex_ptr)
  48              		.loc 1 108 5 is_stmt 1 view .LVU7
  49              		.loc 1 108 32 is_stmt 0 view .LVU8
  50 0012 084B     		ldr	r3, .L5+4
  51 0014 1B68     		ldr	r3, [r3]
  52 0016 D3F89030 		ldr	r3, [r3, #144]
  53              		.loc 1 108 8 view .LVU9
  54 001a 1BB1     		cbz	r3, .L3
 109:Middlewares/ST/filex/common/src/fx_directory_local_path_get.c ****     {
 110:Middlewares/ST/filex/common/src/fx_directory_local_path_get.c **** 
 111:Middlewares/ST/filex/common/src/fx_directory_local_path_get.c ****         /* Return a pointer to the current local directory path string.  */
 112:Middlewares/ST/filex/common/src/fx_directory_local_path_get.c ****         *return_path_name =  ((FX_LOCAL_PATH *)_tx_thread_current_ptr -> tx_thread_filex_ptr) -> fx
  55              		.loc 1 112 9 is_stmt 1 view .LVU10
  56              		.loc 1 112 30 is_stmt 0 view .LVU11
  57 001c 7033     		adds	r3, r3, #112
  58              		.loc 1 112 27 view .LVU12
  59 001e 0B60     		str	r3, [r1]
 113:Middlewares/ST/filex/common/src/fx_directory_local_path_get.c ****     }
ARM GAS  C:\Users\HP\AppData\Local\Temp\cc1a4KtA.s 			page 4


 114:Middlewares/ST/filex/common/src/fx_directory_local_path_get.c ****     else
 115:Middlewares/ST/filex/common/src/fx_directory_local_path_get.c ****     {
 116:Middlewares/ST/filex/common/src/fx_directory_local_path_get.c **** 
 117:Middlewares/ST/filex/common/src/fx_directory_local_path_get.c ****         /* Just set the return value to FX_NULL to indicate there is no
 118:Middlewares/ST/filex/common/src/fx_directory_local_path_get.c ****            local path setup.  */
 119:Middlewares/ST/filex/common/src/fx_directory_local_path_get.c ****         *return_path_name =  FX_NULL;
 120:Middlewares/ST/filex/common/src/fx_directory_local_path_get.c ****     }
 121:Middlewares/ST/filex/common/src/fx_directory_local_path_get.c **** 
 122:Middlewares/ST/filex/common/src/fx_directory_local_path_get.c ****     /* If trace is enabled, insert this event into the trace buffer.  */
 123:Middlewares/ST/filex/common/src/fx_directory_local_path_get.c ****     FX_TRACE_IN_LINE_INSERT(FX_TRACE_DIRECTORY_LOCAL_PATH_GET, media_ptr, return_path_name, 0, 0, F
 124:Middlewares/ST/filex/common/src/fx_directory_local_path_get.c **** 
 125:Middlewares/ST/filex/common/src/fx_directory_local_path_get.c ****     /* Local default directory has been returned, return status.  */
 126:Middlewares/ST/filex/common/src/fx_directory_local_path_get.c ****     return(FX_SUCCESS);
  60              		.loc 1 126 11 view .LVU13
  61 0020 0020     		movs	r0, #0
  62              	.LVL1:
  63              		.loc 1 126 11 view .LVU14
  64 0022 7047     		bx	lr
  65              	.LVL2:
  66              	.L3:
 119:Middlewares/ST/filex/common/src/fx_directory_local_path_get.c ****     }
  67              		.loc 1 119 9 is_stmt 1 view .LVU15
 119:Middlewares/ST/filex/common/src/fx_directory_local_path_get.c ****     }
  68              		.loc 1 119 27 is_stmt 0 view .LVU16
  69 0024 0020     		movs	r0, #0
  70              	.LVL3:
 119:Middlewares/ST/filex/common/src/fx_directory_local_path_get.c ****     }
  71              		.loc 1 119 27 view .LVU17
  72 0026 0860     		str	r0, [r1]
  73 0028 7047     		bx	lr
  74              	.LVL4:
  75              	.L4:
  96:Middlewares/ST/filex/common/src/fx_directory_local_path_get.c ****     }
  76              		.loc 1 96 15 view .LVU18
  77 002a 1120     		movs	r0, #17
  78              	.LVL5:
 127:Middlewares/ST/filex/common/src/fx_directory_local_path_get.c **** #endif
 128:Middlewares/ST/filex/common/src/fx_directory_local_path_get.c **** }
  79              		.loc 1 128 1 view .LVU19
  80 002c 7047     		bx	lr
  81              	.L6:
  82 002e 00BF     		.align	2
  83              	.L5:
  84 0030 4944454D 		.word	1296385097
  85 0034 00000000 		.word	_tx_thread_current_ptr
  86              		.cfi_endproc
  87              	.LFE8:
  89              		.text
  90              	.Letext0:
  91              		.file 2 "Middlewares/ST/threadx/ports/cortex_m4/gnu/inc/tx_port.h"
  92              		.file 3 "Middlewares/ST/threadx/common/inc/tx_api.h"
  93              		.file 4 "Middlewares/ST/filex/common/inc/fx_api.h"
ARM GAS  C:\Users\HP\AppData\Local\Temp\cc1a4KtA.s 			page 5


DEFINED SYMBOLS
                            *ABS*:00000000 fx_directory_local_path_get.c
C:\Users\HP\AppData\Local\Temp\cc1a4KtA.s:20     .text._fx_directory_local_path_get:00000000 $t
C:\Users\HP\AppData\Local\Temp\cc1a4KtA.s:26     .text._fx_directory_local_path_get:00000000 _fx_directory_local_path_get
C:\Users\HP\AppData\Local\Temp\cc1a4KtA.s:84     .text._fx_directory_local_path_get:00000030 $d

UNDEFINED SYMBOLS
_tx_thread_current_ptr
