ARM GAS  C:\Users\HP\AppData\Local\Temp\ccL8FNqN.s 			page 1


   1              		.cpu cortex-m4
   2              		.arch armv7e-m
   3              		.fpu fpv4-sp-d16
   4              		.eabi_attribute 27, 1
   5              		.eabi_attribute 28, 1
   6              		.eabi_attribute 20, 1
   7              		.eabi_attribute 21, 1
   8              		.eabi_attribute 23, 3
   9              		.eabi_attribute 24, 1
  10              		.eabi_attribute 25, 1
  11              		.eabi_attribute 26, 1
  12              		.eabi_attribute 30, 1
  13              		.eabi_attribute 34, 1
  14              		.eabi_attribute 18, 4
  15              		.file	"fx_directory_default_get_copy.c"
  16              		.text
  17              	.Ltext0:
  18              		.cfi_sections	.debug_frame
  19              		.section	.text._fx_directory_default_get_copy,"ax",%progbits
  20              		.align	1
  21              		.global	_fx_directory_default_get_copy
  22              		.syntax unified
  23              		.thumb
  24              		.thumb_func
  26              	_fx_directory_default_get_copy:
  27              	.LVL0:
  28              	.LFB8:
  29              		.file 1 "Middlewares/ST/filex/common/src/fx_directory_default_get_copy.c"
   1:Middlewares/ST/filex/common/src/fx_directory_default_get_copy.c **** /**************************************************************************/
   2:Middlewares/ST/filex/common/src/fx_directory_default_get_copy.c **** /*                                                                        */
   3:Middlewares/ST/filex/common/src/fx_directory_default_get_copy.c **** /*       Copyright (c) Microsoft Corporation. All rights reserved.        */
   4:Middlewares/ST/filex/common/src/fx_directory_default_get_copy.c **** /*                                                                        */
   5:Middlewares/ST/filex/common/src/fx_directory_default_get_copy.c **** /*       This software is licensed under the Microsoft Software License   */
   6:Middlewares/ST/filex/common/src/fx_directory_default_get_copy.c **** /*       Terms for Microsoft Azure RTOS. Full text of the license can be  */
   7:Middlewares/ST/filex/common/src/fx_directory_default_get_copy.c **** /*       found in the LICENSE file at https://aka.ms/AzureRTOS_EULA       */
   8:Middlewares/ST/filex/common/src/fx_directory_default_get_copy.c **** /*       and in the root directory of this software.                      */
   9:Middlewares/ST/filex/common/src/fx_directory_default_get_copy.c **** /*                                                                        */
  10:Middlewares/ST/filex/common/src/fx_directory_default_get_copy.c **** /**************************************************************************/
  11:Middlewares/ST/filex/common/src/fx_directory_default_get_copy.c **** 
  12:Middlewares/ST/filex/common/src/fx_directory_default_get_copy.c **** 
  13:Middlewares/ST/filex/common/src/fx_directory_default_get_copy.c **** /**************************************************************************/
  14:Middlewares/ST/filex/common/src/fx_directory_default_get_copy.c **** /**************************************************************************/
  15:Middlewares/ST/filex/common/src/fx_directory_default_get_copy.c **** /**                                                                       */
  16:Middlewares/ST/filex/common/src/fx_directory_default_get_copy.c **** /** FileX Component                                                       */
  17:Middlewares/ST/filex/common/src/fx_directory_default_get_copy.c **** /**                                                                       */
  18:Middlewares/ST/filex/common/src/fx_directory_default_get_copy.c **** /**   Directory                                                           */
  19:Middlewares/ST/filex/common/src/fx_directory_default_get_copy.c **** /**                                                                       */
  20:Middlewares/ST/filex/common/src/fx_directory_default_get_copy.c **** /**************************************************************************/
  21:Middlewares/ST/filex/common/src/fx_directory_default_get_copy.c **** /**************************************************************************/
  22:Middlewares/ST/filex/common/src/fx_directory_default_get_copy.c **** 
  23:Middlewares/ST/filex/common/src/fx_directory_default_get_copy.c **** #define FX_SOURCE_CODE
  24:Middlewares/ST/filex/common/src/fx_directory_default_get_copy.c **** 
  25:Middlewares/ST/filex/common/src/fx_directory_default_get_copy.c **** 
  26:Middlewares/ST/filex/common/src/fx_directory_default_get_copy.c **** /* Include necessary system files.  */
  27:Middlewares/ST/filex/common/src/fx_directory_default_get_copy.c **** 
  28:Middlewares/ST/filex/common/src/fx_directory_default_get_copy.c **** #include "fx_api.h"
  29:Middlewares/ST/filex/common/src/fx_directory_default_get_copy.c **** #include "fx_directory.h"
ARM GAS  C:\Users\HP\AppData\Local\Temp\ccL8FNqN.s 			page 2


  30:Middlewares/ST/filex/common/src/fx_directory_default_get_copy.c **** #include "fx_utility.h"
  31:Middlewares/ST/filex/common/src/fx_directory_default_get_copy.c **** 
  32:Middlewares/ST/filex/common/src/fx_directory_default_get_copy.c **** /**************************************************************************/
  33:Middlewares/ST/filex/common/src/fx_directory_default_get_copy.c **** /*                                                                        */
  34:Middlewares/ST/filex/common/src/fx_directory_default_get_copy.c **** /*  FUNCTION                                               RELEASE        */
  35:Middlewares/ST/filex/common/src/fx_directory_default_get_copy.c **** /*                                                                        */
  36:Middlewares/ST/filex/common/src/fx_directory_default_get_copy.c **** /*    _fx_directory_default_get_copy                      PORTABLE C      */
  37:Middlewares/ST/filex/common/src/fx_directory_default_get_copy.c **** /*                                                           6.1.6        */
  38:Middlewares/ST/filex/common/src/fx_directory_default_get_copy.c **** /*  AUTHOR                                                                */
  39:Middlewares/ST/filex/common/src/fx_directory_default_get_copy.c **** /*                                                                        */
  40:Middlewares/ST/filex/common/src/fx_directory_default_get_copy.c **** /*    William E. Lamie, Microsoft Corporation                             */
  41:Middlewares/ST/filex/common/src/fx_directory_default_get_copy.c **** /*                                                                        */
  42:Middlewares/ST/filex/common/src/fx_directory_default_get_copy.c **** /*  DESCRIPTION                                                           */
  43:Middlewares/ST/filex/common/src/fx_directory_default_get_copy.c **** /*                                                                        */
  44:Middlewares/ST/filex/common/src/fx_directory_default_get_copy.c **** /*    This function copies the last path provided to the                  */
  45:Middlewares/ST/filex/common/src/fx_directory_default_get_copy.c **** /*    fx_directory_default_set function into the specified buffer.        */
  46:Middlewares/ST/filex/common/src/fx_directory_default_get_copy.c **** /*                                                                        */
  47:Middlewares/ST/filex/common/src/fx_directory_default_get_copy.c **** /*  INPUT                                                                 */
  48:Middlewares/ST/filex/common/src/fx_directory_default_get_copy.c **** /*                                                                        */
  49:Middlewares/ST/filex/common/src/fx_directory_default_get_copy.c **** /*    media_ptr                             Media control block pointer   */
  50:Middlewares/ST/filex/common/src/fx_directory_default_get_copy.c **** /*    return_path_name_buffer               Destination buffer for name   */
  51:Middlewares/ST/filex/common/src/fx_directory_default_get_copy.c **** /*    return_path_name_buffer_size          Size of buffer pointed to by  */
  52:Middlewares/ST/filex/common/src/fx_directory_default_get_copy.c **** /*                                            return_path_name_buffer     */
  53:Middlewares/ST/filex/common/src/fx_directory_default_get_copy.c **** /*                                                                        */
  54:Middlewares/ST/filex/common/src/fx_directory_default_get_copy.c **** /*  OUTPUT                                                                */
  55:Middlewares/ST/filex/common/src/fx_directory_default_get_copy.c **** /*                                                                        */
  56:Middlewares/ST/filex/common/src/fx_directory_default_get_copy.c **** /*    return status                                                       */
  57:Middlewares/ST/filex/common/src/fx_directory_default_get_copy.c **** /*                                                                        */
  58:Middlewares/ST/filex/common/src/fx_directory_default_get_copy.c **** /*  CALLS                                                                 */
  59:Middlewares/ST/filex/common/src/fx_directory_default_get_copy.c **** /*                                                                        */
  60:Middlewares/ST/filex/common/src/fx_directory_default_get_copy.c **** /*    None                                                                */
  61:Middlewares/ST/filex/common/src/fx_directory_default_get_copy.c **** /*                                                                        */
  62:Middlewares/ST/filex/common/src/fx_directory_default_get_copy.c **** /*  CALLED BY                                                             */
  63:Middlewares/ST/filex/common/src/fx_directory_default_get_copy.c **** /*                                                                        */
  64:Middlewares/ST/filex/common/src/fx_directory_default_get_copy.c **** /*    Application Code                                                    */
  65:Middlewares/ST/filex/common/src/fx_directory_default_get_copy.c **** /*                                                                        */
  66:Middlewares/ST/filex/common/src/fx_directory_default_get_copy.c **** /*  RELEASE HISTORY                                                       */
  67:Middlewares/ST/filex/common/src/fx_directory_default_get_copy.c **** /*                                                                        */
  68:Middlewares/ST/filex/common/src/fx_directory_default_get_copy.c **** /*    DATE              NAME                      DESCRIPTION             */
  69:Middlewares/ST/filex/common/src/fx_directory_default_get_copy.c **** /*                                                                        */
  70:Middlewares/ST/filex/common/src/fx_directory_default_get_copy.c **** /*  05-19-2020     William E. Lamie         Initial Version 6.0           */
  71:Middlewares/ST/filex/common/src/fx_directory_default_get_copy.c **** /*  09-30-2020     William E. Lamie         Modified comment(s), verified */
  72:Middlewares/ST/filex/common/src/fx_directory_default_get_copy.c **** /*                                            memcpy usage,               */
  73:Middlewares/ST/filex/common/src/fx_directory_default_get_copy.c **** /*                                            resulting in version 6.1    */
  74:Middlewares/ST/filex/common/src/fx_directory_default_get_copy.c **** /*  04-02-2021     William E. Lamie         Modified comment(s), verified */
  75:Middlewares/ST/filex/common/src/fx_directory_default_get_copy.c **** /*                                            memcpy usage,               */
  76:Middlewares/ST/filex/common/src/fx_directory_default_get_copy.c **** /*                                            resulting in version 6.1.6  */
  77:Middlewares/ST/filex/common/src/fx_directory_default_get_copy.c **** /*                                                                        */
  78:Middlewares/ST/filex/common/src/fx_directory_default_get_copy.c **** /**************************************************************************/
  79:Middlewares/ST/filex/common/src/fx_directory_default_get_copy.c **** UINT  _fx_directory_default_get_copy(FX_MEDIA *media_ptr, CHAR *return_path_name_buffer, UINT retur
  80:Middlewares/ST/filex/common/src/fx_directory_default_get_copy.c **** {
  30              		.loc 1 80 1 view -0
  31              		.cfi_startproc
  32              		@ args = 0, pretend = 0, frame = 8
  33              		@ frame_needed = 0, uses_anonymous_args = 0
  34              		.loc 1 80 1 is_stmt 0 view .LVU1
  35 0000 70B5     		push	{r4, r5, r6, lr}
ARM GAS  C:\Users\HP\AppData\Local\Temp\ccL8FNqN.s 			page 3


  36              	.LCFI0:
  37              		.cfi_def_cfa_offset 16
  38              		.cfi_offset 4, -16
  39              		.cfi_offset 5, -12
  40              		.cfi_offset 6, -8
  41              		.cfi_offset 14, -4
  42 0002 82B0     		sub	sp, sp, #8
  43              	.LCFI1:
  44              		.cfi_def_cfa_offset 24
  45 0004 0D46     		mov	r5, r1
  46 0006 1446     		mov	r4, r2
  81:Middlewares/ST/filex/common/src/fx_directory_default_get_copy.c **** 
  82:Middlewares/ST/filex/common/src/fx_directory_default_get_copy.c **** UINT    status;
  47              		.loc 1 82 1 is_stmt 1 view .LVU2
  83:Middlewares/ST/filex/common/src/fx_directory_default_get_copy.c **** CHAR    *return_path_name;
  48              		.loc 1 83 1 view .LVU3
  84:Middlewares/ST/filex/common/src/fx_directory_default_get_copy.c **** UINT    path_name_length_with_null_terminator;
  49              		.loc 1 84 1 view .LVU4
  85:Middlewares/ST/filex/common/src/fx_directory_default_get_copy.c **** 
  86:Middlewares/ST/filex/common/src/fx_directory_default_get_copy.c **** 
  87:Middlewares/ST/filex/common/src/fx_directory_default_get_copy.c ****     /* Get the pointer to the path.  */
  88:Middlewares/ST/filex/common/src/fx_directory_default_get_copy.c ****     status =  _fx_directory_default_get(media_ptr, &return_path_name);
  50              		.loc 1 88 5 view .LVU5
  51              		.loc 1 88 15 is_stmt 0 view .LVU6
  52 0008 01A9     		add	r1, sp, #4
  53              	.LVL1:
  54              		.loc 1 88 15 view .LVU7
  55 000a FFF7FEFF 		bl	_fx_directory_default_get
  56              	.LVL2:
  89:Middlewares/ST/filex/common/src/fx_directory_default_get_copy.c ****     if (status == FX_SUCCESS)
  57              		.loc 1 89 5 is_stmt 1 view .LVU8
  58              		.loc 1 89 8 is_stmt 0 view .LVU9
  59 000e 0646     		mov	r6, r0
  60 0010 10B1     		cbz	r0, .L5
  61              	.LVL3:
  62              	.L1:
  90:Middlewares/ST/filex/common/src/fx_directory_default_get_copy.c ****     {
  91:Middlewares/ST/filex/common/src/fx_directory_default_get_copy.c **** 
  92:Middlewares/ST/filex/common/src/fx_directory_default_get_copy.c ****         /* Get the length of the path.  */
  93:Middlewares/ST/filex/common/src/fx_directory_default_get_copy.c ****         path_name_length_with_null_terminator =  _fx_utility_string_length_get(return_path_name, FX
  94:Middlewares/ST/filex/common/src/fx_directory_default_get_copy.c **** 
  95:Middlewares/ST/filex/common/src/fx_directory_default_get_copy.c ****         /* Can it fit in the user's buffer? */
  96:Middlewares/ST/filex/common/src/fx_directory_default_get_copy.c ****         if (path_name_length_with_null_terminator <= return_path_name_buffer_size)
  97:Middlewares/ST/filex/common/src/fx_directory_default_get_copy.c ****         {
  98:Middlewares/ST/filex/common/src/fx_directory_default_get_copy.c **** 
  99:Middlewares/ST/filex/common/src/fx_directory_default_get_copy.c ****             /* Copy the path name into the user's buffer.  */
 100:Middlewares/ST/filex/common/src/fx_directory_default_get_copy.c ****             _fx_utility_memory_copy((UCHAR *) return_path_name, (UCHAR *) return_path_name_buffer, 
 101:Middlewares/ST/filex/common/src/fx_directory_default_get_copy.c ****         }
 102:Middlewares/ST/filex/common/src/fx_directory_default_get_copy.c ****         else
 103:Middlewares/ST/filex/common/src/fx_directory_default_get_copy.c ****         {
 104:Middlewares/ST/filex/common/src/fx_directory_default_get_copy.c **** 
 105:Middlewares/ST/filex/common/src/fx_directory_default_get_copy.c ****             /* Buffer is too small. Return error.  */
 106:Middlewares/ST/filex/common/src/fx_directory_default_get_copy.c ****             return(FX_BUFFER_ERROR);
 107:Middlewares/ST/filex/common/src/fx_directory_default_get_copy.c ****         }
 108:Middlewares/ST/filex/common/src/fx_directory_default_get_copy.c **** 
 109:Middlewares/ST/filex/common/src/fx_directory_default_get_copy.c ****     }
 110:Middlewares/ST/filex/common/src/fx_directory_default_get_copy.c **** 
ARM GAS  C:\Users\HP\AppData\Local\Temp\ccL8FNqN.s 			page 4


 111:Middlewares/ST/filex/common/src/fx_directory_default_get_copy.c ****     /* Return successful status.  */
 112:Middlewares/ST/filex/common/src/fx_directory_default_get_copy.c ****     return(status);
 113:Middlewares/ST/filex/common/src/fx_directory_default_get_copy.c **** }
  63              		.loc 1 113 1 view .LVU10
  64 0012 3046     		mov	r0, r6
  65 0014 02B0     		add	sp, sp, #8
  66              	.LCFI2:
  67              		.cfi_remember_state
  68              		.cfi_def_cfa_offset 16
  69              		@ sp needed
  70 0016 70BD     		pop	{r4, r5, r6, pc}
  71              	.LVL4:
  72              	.L5:
  73              	.LCFI3:
  74              		.cfi_restore_state
  93:Middlewares/ST/filex/common/src/fx_directory_default_get_copy.c **** 
  75              		.loc 1 93 9 is_stmt 1 view .LVU11
  93:Middlewares/ST/filex/common/src/fx_directory_default_get_copy.c **** 
  76              		.loc 1 93 50 is_stmt 0 view .LVU12
  77 0018 4FF48071 		mov	r1, #256
  78 001c 0198     		ldr	r0, [sp, #4]
  79              	.LVL5:
  93:Middlewares/ST/filex/common/src/fx_directory_default_get_copy.c **** 
  80              		.loc 1 93 50 view .LVU13
  81 001e FFF7FEFF 		bl	_fx_utility_string_length_get
  82              	.LVL6:
  93:Middlewares/ST/filex/common/src/fx_directory_default_get_copy.c **** 
  83              		.loc 1 93 47 view .LVU14
  84 0022 421C     		adds	r2, r0, #1
  85              	.LVL7:
  96:Middlewares/ST/filex/common/src/fx_directory_default_get_copy.c ****         {
  86              		.loc 1 96 9 is_stmt 1 view .LVU15
  96:Middlewares/ST/filex/common/src/fx_directory_default_get_copy.c ****         {
  87              		.loc 1 96 12 is_stmt 0 view .LVU16
  88 0024 A242     		cmp	r2, r4
  89 0026 04D8     		bhi	.L3
 100:Middlewares/ST/filex/common/src/fx_directory_default_get_copy.c ****         }
  90              		.loc 1 100 13 is_stmt 1 view .LVU17
  91 0028 2946     		mov	r1, r5
  92 002a 0198     		ldr	r0, [sp, #4]
  93 002c FFF7FEFF 		bl	_fx_utility_memory_copy
  94              	.LVL8:
 100:Middlewares/ST/filex/common/src/fx_directory_default_get_copy.c ****         }
  95              		.loc 1 100 13 is_stmt 0 view .LVU18
  96 0030 EFE7     		b	.L1
  97              	.LVL9:
  98              	.L3:
 106:Middlewares/ST/filex/common/src/fx_directory_default_get_copy.c ****         }
  99              		.loc 1 106 19 view .LVU19
 100 0032 2126     		movs	r6, #33
 101              	.LVL10:
 106:Middlewares/ST/filex/common/src/fx_directory_default_get_copy.c ****         }
 102              		.loc 1 106 19 view .LVU20
 103 0034 EDE7     		b	.L1
 104              		.cfi_endproc
 105              	.LFE8:
 107              		.text
ARM GAS  C:\Users\HP\AppData\Local\Temp\ccL8FNqN.s 			page 5


 108              	.Letext0:
 109              		.file 2 "Middlewares/ST/threadx/ports/cortex_m4/gnu/inc/tx_port.h"
 110              		.file 3 "Middlewares/ST/threadx/common/inc/tx_api.h"
 111              		.file 4 "Middlewares/ST/filex/common/inc/fx_api.h"
 112              		.file 5 "Middlewares/ST/filex/common/inc/fx_directory.h"
 113              		.file 6 "Middlewares/ST/filex/common/inc/fx_utility.h"
ARM GAS  C:\Users\HP\AppData\Local\Temp\ccL8FNqN.s 			page 6


DEFINED SYMBOLS
                            *ABS*:00000000 fx_directory_default_get_copy.c
C:\Users\HP\AppData\Local\Temp\ccL8FNqN.s:20     .text._fx_directory_default_get_copy:00000000 $t
C:\Users\HP\AppData\Local\Temp\ccL8FNqN.s:26     .text._fx_directory_default_get_copy:00000000 _fx_directory_default_get_copy

UNDEFINED SYMBOLS
_fx_directory_default_get
_fx_utility_string_length_get
_fx_utility_memory_copy
