ARM GAS  C:\Users\HP\AppData\Local\Temp\ccJsuFfN.s 			page 1


   1              		.cpu cortex-m4
   2              		.arch armv7e-m
   3              		.fpu fpv4-sp-d16
   4              		.eabi_attribute 27, 1
   5              		.eabi_attribute 28, 1
   6              		.eabi_attribute 20, 1
   7              		.eabi_attribute 21, 1
   8              		.eabi_attribute 23, 3
   9              		.eabi_attribute 24, 1
  10              		.eabi_attribute 25, 1
  11              		.eabi_attribute 26, 1
  12              		.eabi_attribute 30, 1
  13              		.eabi_attribute 34, 1
  14              		.eabi_attribute 18, 4
  15              		.file	"fx_directory_next_entry_find.c"
  16              		.text
  17              	.Ltext0:
  18              		.cfi_sections	.debug_frame
  19              		.section	.text._fx_directory_next_entry_find,"ax",%progbits
  20              		.align	1
  21              		.global	_fx_directory_next_entry_find
  22              		.syntax unified
  23              		.thumb
  24              		.thumb_func
  26              	_fx_directory_next_entry_find:
  27              	.LVL0:
  28              	.LFB8:
  29              		.file 1 "Middlewares/ST/filex/common/src/fx_directory_next_entry_find.c"
   1:Middlewares/ST/filex/common/src/fx_directory_next_entry_find.c **** /**************************************************************************/
   2:Middlewares/ST/filex/common/src/fx_directory_next_entry_find.c **** /*                                                                        */
   3:Middlewares/ST/filex/common/src/fx_directory_next_entry_find.c **** /*       Copyright (c) Microsoft Corporation. All rights reserved.        */
   4:Middlewares/ST/filex/common/src/fx_directory_next_entry_find.c **** /*                                                                        */
   5:Middlewares/ST/filex/common/src/fx_directory_next_entry_find.c **** /*       This software is licensed under the Microsoft Software License   */
   6:Middlewares/ST/filex/common/src/fx_directory_next_entry_find.c **** /*       Terms for Microsoft Azure RTOS. Full text of the license can be  */
   7:Middlewares/ST/filex/common/src/fx_directory_next_entry_find.c **** /*       found in the LICENSE file at https://aka.ms/AzureRTOS_EULA       */
   8:Middlewares/ST/filex/common/src/fx_directory_next_entry_find.c **** /*       and in the root directory of this software.                      */
   9:Middlewares/ST/filex/common/src/fx_directory_next_entry_find.c **** /*                                                                        */
  10:Middlewares/ST/filex/common/src/fx_directory_next_entry_find.c **** /**************************************************************************/
  11:Middlewares/ST/filex/common/src/fx_directory_next_entry_find.c **** 
  12:Middlewares/ST/filex/common/src/fx_directory_next_entry_find.c **** 
  13:Middlewares/ST/filex/common/src/fx_directory_next_entry_find.c **** /**************************************************************************/
  14:Middlewares/ST/filex/common/src/fx_directory_next_entry_find.c **** /**************************************************************************/
  15:Middlewares/ST/filex/common/src/fx_directory_next_entry_find.c **** /**                                                                       */
  16:Middlewares/ST/filex/common/src/fx_directory_next_entry_find.c **** /** FileX Component                                                       */
  17:Middlewares/ST/filex/common/src/fx_directory_next_entry_find.c **** /**                                                                       */
  18:Middlewares/ST/filex/common/src/fx_directory_next_entry_find.c **** /**   Directory                                                           */
  19:Middlewares/ST/filex/common/src/fx_directory_next_entry_find.c **** /**                                                                       */
  20:Middlewares/ST/filex/common/src/fx_directory_next_entry_find.c **** /**************************************************************************/
  21:Middlewares/ST/filex/common/src/fx_directory_next_entry_find.c **** /**************************************************************************/
  22:Middlewares/ST/filex/common/src/fx_directory_next_entry_find.c **** 
  23:Middlewares/ST/filex/common/src/fx_directory_next_entry_find.c **** #define FX_SOURCE_CODE
  24:Middlewares/ST/filex/common/src/fx_directory_next_entry_find.c **** 
  25:Middlewares/ST/filex/common/src/fx_directory_next_entry_find.c **** 
  26:Middlewares/ST/filex/common/src/fx_directory_next_entry_find.c **** /* Include necessary system files.  */
  27:Middlewares/ST/filex/common/src/fx_directory_next_entry_find.c **** 
  28:Middlewares/ST/filex/common/src/fx_directory_next_entry_find.c **** #include "fx_api.h"
  29:Middlewares/ST/filex/common/src/fx_directory_next_entry_find.c **** #include "fx_system.h"
ARM GAS  C:\Users\HP\AppData\Local\Temp\ccJsuFfN.s 			page 2


  30:Middlewares/ST/filex/common/src/fx_directory_next_entry_find.c **** #include "fx_directory.h"
  31:Middlewares/ST/filex/common/src/fx_directory_next_entry_find.c **** #include "fx_utility.h"
  32:Middlewares/ST/filex/common/src/fx_directory_next_entry_find.c **** #ifdef FX_ENABLE_EXFAT
  33:Middlewares/ST/filex/common/src/fx_directory_next_entry_find.c **** #include "fx_directory_exFAT.h"
  34:Middlewares/ST/filex/common/src/fx_directory_next_entry_find.c **** #endif /* FX_ENABLE_EXFAT */
  35:Middlewares/ST/filex/common/src/fx_directory_next_entry_find.c **** 
  36:Middlewares/ST/filex/common/src/fx_directory_next_entry_find.c **** #ifndef FX_NO_LOCAL_PATH
  37:Middlewares/ST/filex/common/src/fx_directory_next_entry_find.c **** FX_LOCAL_PATH_SETUP
  38:Middlewares/ST/filex/common/src/fx_directory_next_entry_find.c **** #endif
  39:Middlewares/ST/filex/common/src/fx_directory_next_entry_find.c **** 
  40:Middlewares/ST/filex/common/src/fx_directory_next_entry_find.c **** 
  41:Middlewares/ST/filex/common/src/fx_directory_next_entry_find.c **** /**************************************************************************/
  42:Middlewares/ST/filex/common/src/fx_directory_next_entry_find.c **** /*                                                                        */
  43:Middlewares/ST/filex/common/src/fx_directory_next_entry_find.c **** /*  FUNCTION                                               RELEASE        */
  44:Middlewares/ST/filex/common/src/fx_directory_next_entry_find.c **** /*                                                                        */
  45:Middlewares/ST/filex/common/src/fx_directory_next_entry_find.c **** /*    _fx_directory_next_entry_find                       PORTABLE C      */
  46:Middlewares/ST/filex/common/src/fx_directory_next_entry_find.c **** /*                                                           6.1          */
  47:Middlewares/ST/filex/common/src/fx_directory_next_entry_find.c **** /*  AUTHOR                                                                */
  48:Middlewares/ST/filex/common/src/fx_directory_next_entry_find.c **** /*                                                                        */
  49:Middlewares/ST/filex/common/src/fx_directory_next_entry_find.c **** /*    William E. Lamie, Microsoft Corporation                             */
  50:Middlewares/ST/filex/common/src/fx_directory_next_entry_find.c **** /*                                                                        */
  51:Middlewares/ST/filex/common/src/fx_directory_next_entry_find.c **** /*  DESCRIPTION                                                           */
  52:Middlewares/ST/filex/common/src/fx_directory_next_entry_find.c **** /*                                                                        */
  53:Middlewares/ST/filex/common/src/fx_directory_next_entry_find.c **** /*    This function returns the name of the next entry in the current     */
  54:Middlewares/ST/filex/common/src/fx_directory_next_entry_find.c **** /*    working directory.  The function that returns the first name in the */
  55:Middlewares/ST/filex/common/src/fx_directory_next_entry_find.c **** /*    current directory must be called prior to this function.            */
  56:Middlewares/ST/filex/common/src/fx_directory_next_entry_find.c **** /*                                                                        */
  57:Middlewares/ST/filex/common/src/fx_directory_next_entry_find.c **** /*  INPUT                                                                 */
  58:Middlewares/ST/filex/common/src/fx_directory_next_entry_find.c **** /*                                                                        */
  59:Middlewares/ST/filex/common/src/fx_directory_next_entry_find.c **** /*    media_ptr                             Media control block pointer   */
  60:Middlewares/ST/filex/common/src/fx_directory_next_entry_find.c **** /*    directory_name                        Destination for directory     */
  61:Middlewares/ST/filex/common/src/fx_directory_next_entry_find.c **** /*                                            name                        */
  62:Middlewares/ST/filex/common/src/fx_directory_next_entry_find.c **** /*                                                                        */
  63:Middlewares/ST/filex/common/src/fx_directory_next_entry_find.c **** /*  OUTPUT                                                                */
  64:Middlewares/ST/filex/common/src/fx_directory_next_entry_find.c **** /*                                                                        */
  65:Middlewares/ST/filex/common/src/fx_directory_next_entry_find.c **** /*    return status                                                       */
  66:Middlewares/ST/filex/common/src/fx_directory_next_entry_find.c **** /*                                                                        */
  67:Middlewares/ST/filex/common/src/fx_directory_next_entry_find.c **** /*  CALLS                                                                 */
  68:Middlewares/ST/filex/common/src/fx_directory_next_entry_find.c **** /*                                                                        */
  69:Middlewares/ST/filex/common/src/fx_directory_next_entry_find.c **** /*    _fx_directory_entry_read              Read entries from root dir    */
  70:Middlewares/ST/filex/common/src/fx_directory_next_entry_find.c **** /*    _fx_utility_FAT_entry_read            Read FAT entries to calculate */
  71:Middlewares/ST/filex/common/src/fx_directory_next_entry_find.c **** /*                                            the sub-directory size      */
  72:Middlewares/ST/filex/common/src/fx_directory_next_entry_find.c **** /*                                                                        */
  73:Middlewares/ST/filex/common/src/fx_directory_next_entry_find.c **** /*  CALLED BY                                                             */
  74:Middlewares/ST/filex/common/src/fx_directory_next_entry_find.c **** /*                                                                        */
  75:Middlewares/ST/filex/common/src/fx_directory_next_entry_find.c **** /*    Application Code and                                                */
  76:Middlewares/ST/filex/common/src/fx_directory_next_entry_find.c **** /*    FileX System Functions                                              */
  77:Middlewares/ST/filex/common/src/fx_directory_next_entry_find.c **** /*                                                                        */
  78:Middlewares/ST/filex/common/src/fx_directory_next_entry_find.c **** /*  RELEASE HISTORY                                                       */
  79:Middlewares/ST/filex/common/src/fx_directory_next_entry_find.c **** /*                                                                        */
  80:Middlewares/ST/filex/common/src/fx_directory_next_entry_find.c **** /*    DATE              NAME                      DESCRIPTION             */
  81:Middlewares/ST/filex/common/src/fx_directory_next_entry_find.c **** /*                                                                        */
  82:Middlewares/ST/filex/common/src/fx_directory_next_entry_find.c **** /*  05-19-2020     William E. Lamie         Initial Version 6.0           */
  83:Middlewares/ST/filex/common/src/fx_directory_next_entry_find.c **** /*  09-30-2020     William E. Lamie         Modified comment(s),          */
  84:Middlewares/ST/filex/common/src/fx_directory_next_entry_find.c **** /*                                            resulting in version 6.1    */
  85:Middlewares/ST/filex/common/src/fx_directory_next_entry_find.c **** /*                                                                        */
  86:Middlewares/ST/filex/common/src/fx_directory_next_entry_find.c **** /**************************************************************************/
ARM GAS  C:\Users\HP\AppData\Local\Temp\ccJsuFfN.s 			page 3


  87:Middlewares/ST/filex/common/src/fx_directory_next_entry_find.c **** UINT  _fx_directory_next_entry_find(FX_MEDIA *media_ptr, CHAR *directory_name)
  88:Middlewares/ST/filex/common/src/fx_directory_next_entry_find.c **** {
  30              		.loc 1 88 1 view -0
  31              		.cfi_startproc
  32              		@ args = 0, pretend = 0, frame = 128
  33              		@ frame_needed = 0, uses_anonymous_args = 0
  34              		.loc 1 88 1 is_stmt 0 view .LVU1
  35 0000 2DE9F04F 		push	{r4, r5, r6, r7, r8, r9, r10, fp, lr}
  36              	.LCFI0:
  37              		.cfi_def_cfa_offset 36
  38              		.cfi_offset 4, -36
  39              		.cfi_offset 5, -32
  40              		.cfi_offset 6, -28
  41              		.cfi_offset 7, -24
  42              		.cfi_offset 8, -20
  43              		.cfi_offset 9, -16
  44              		.cfi_offset 10, -12
  45              		.cfi_offset 11, -8
  46              		.cfi_offset 14, -4
  47 0004 A1B0     		sub	sp, sp, #132
  48              	.LCFI1:
  49              		.cfi_def_cfa_offset 168
  89:Middlewares/ST/filex/common/src/fx_directory_next_entry_find.c **** 
  90:Middlewares/ST/filex/common/src/fx_directory_next_entry_find.c **** ULONG         i;
  50              		.loc 1 90 1 is_stmt 1 view .LVU2
  91:Middlewares/ST/filex/common/src/fx_directory_next_entry_find.c **** UINT          status;
  51              		.loc 1 91 1 view .LVU3
  92:Middlewares/ST/filex/common/src/fx_directory_next_entry_find.c **** UINT          temp_status;
  52              		.loc 1 92 1 view .LVU4
  93:Middlewares/ST/filex/common/src/fx_directory_next_entry_find.c **** ULONG         cluster, next_cluster = 0;
  53              		.loc 1 93 1 view .LVU5
  54              		.loc 1 93 24 is_stmt 0 view .LVU6
  55 0006 0022     		movs	r2, #0
  56 0008 1F92     		str	r2, [sp, #124]
  94:Middlewares/ST/filex/common/src/fx_directory_next_entry_find.c **** ULONG64       directory_size;
  57              		.loc 1 94 1 is_stmt 1 view .LVU7
  95:Middlewares/ST/filex/common/src/fx_directory_next_entry_find.c **** FX_DIR_ENTRY  entry;
  58              		.loc 1 95 1 view .LVU8
  96:Middlewares/ST/filex/common/src/fx_directory_next_entry_find.c **** FX_DIR_ENTRY *search_dir_ptr;
  59              		.loc 1 96 1 view .LVU9
  97:Middlewares/ST/filex/common/src/fx_directory_next_entry_find.c **** FX_PATH      *path_ptr;
  60              		.loc 1 97 1 view .LVU10
  98:Middlewares/ST/filex/common/src/fx_directory_next_entry_find.c **** #ifndef FX_MEDIA_DISABLE_SEARCH_CACHE
  99:Middlewares/ST/filex/common/src/fx_directory_next_entry_find.c **** UINT          index;
  61              		.loc 1 99 1 view .LVU11
 100:Middlewares/ST/filex/common/src/fx_directory_next_entry_find.c **** CHAR         *path_string_ptr =  FX_NULL;
  62              		.loc 1 100 1 view .LVU12
  63              	.LVL1:
 101:Middlewares/ST/filex/common/src/fx_directory_next_entry_find.c **** #endif
 102:Middlewares/ST/filex/common/src/fx_directory_next_entry_find.c **** 
 103:Middlewares/ST/filex/common/src/fx_directory_next_entry_find.c **** 
 104:Middlewares/ST/filex/common/src/fx_directory_next_entry_find.c **** #ifndef FX_MEDIA_STATISTICS_DISABLE
 105:Middlewares/ST/filex/common/src/fx_directory_next_entry_find.c **** 
 106:Middlewares/ST/filex/common/src/fx_directory_next_entry_find.c ****     /* Increment the number of times this service has been called.  */
 107:Middlewares/ST/filex/common/src/fx_directory_next_entry_find.c ****     media_ptr -> fx_media_directory_next_entry_finds++;
  64              		.loc 1 107 5 view .LVU13
  65              		.loc 1 107 15 is_stmt 0 view .LVU14
ARM GAS  C:\Users\HP\AppData\Local\Temp\ccJsuFfN.s 			page 4


  66 000a D0F81031 		ldr	r3, [r0, #272]
  67              		.loc 1 107 53 view .LVU15
  68 000e 0133     		adds	r3, r3, #1
  69 0010 C0F81031 		str	r3, [r0, #272]
 108:Middlewares/ST/filex/common/src/fx_directory_next_entry_find.c **** #endif
 109:Middlewares/ST/filex/common/src/fx_directory_next_entry_find.c **** 
 110:Middlewares/ST/filex/common/src/fx_directory_next_entry_find.c ****     /* Setup pointer to media name buffer.  */
 111:Middlewares/ST/filex/common/src/fx_directory_next_entry_find.c ****     entry.fx_dir_entry_name = media_ptr -> fx_media_name_buffer + FX_MAX_LONG_NAME_LEN;
  70              		.loc 1 111 5 is_stmt 1 view .LVU16
  71              		.loc 1 111 65 is_stmt 0 view .LVU17
  72 0014 00F69C13 		addw	r3, r0, #2460
  73              		.loc 1 111 29 view .LVU18
  74 0018 0293     		str	r3, [sp, #8]
 112:Middlewares/ST/filex/common/src/fx_directory_next_entry_find.c **** 
 113:Middlewares/ST/filex/common/src/fx_directory_next_entry_find.c ****     /* Clear the short name string.  */
 114:Middlewares/ST/filex/common/src/fx_directory_next_entry_find.c ****     entry.fx_dir_entry_short_name[0] =  0;
  75              		.loc 1 114 5 is_stmt 1 view .LVU19
  76              		.loc 1 114 38 is_stmt 0 view .LVU20
  77 001a 8DF80C20 		strb	r2, [sp, #12]
 115:Middlewares/ST/filex/common/src/fx_directory_next_entry_find.c **** 
 116:Middlewares/ST/filex/common/src/fx_directory_next_entry_find.c ****     /* Check the media to make sure it is open.  */
 117:Middlewares/ST/filex/common/src/fx_directory_next_entry_find.c ****     if (media_ptr -> fx_media_id != FX_MEDIA_ID)
  78              		.loc 1 117 5 is_stmt 1 view .LVU21
  79              		.loc 1 117 19 is_stmt 0 view .LVU22
  80 001e 0268     		ldr	r2, [r0]
  81              		.loc 1 117 8 view .LVU23
  82 0020 8A4B     		ldr	r3, .L47
  83 0022 9A42     		cmp	r2, r3
  84 0024 05D0     		beq	.L40
 118:Middlewares/ST/filex/common/src/fx_directory_next_entry_find.c ****     {
 119:Middlewares/ST/filex/common/src/fx_directory_next_entry_find.c **** 
 120:Middlewares/ST/filex/common/src/fx_directory_next_entry_find.c ****         /* Return the media not opened error.  */
 121:Middlewares/ST/filex/common/src/fx_directory_next_entry_find.c ****         return(FX_MEDIA_NOT_OPEN);
  85              		.loc 1 121 15 view .LVU24
  86 0026 4FF01108 		mov	r8, #17
  87              	.LVL2:
  88              	.L1:
 122:Middlewares/ST/filex/common/src/fx_directory_next_entry_find.c ****     }
 123:Middlewares/ST/filex/common/src/fx_directory_next_entry_find.c **** 
 124:Middlewares/ST/filex/common/src/fx_directory_next_entry_find.c ****     /* If trace is enabled, insert this event into the trace buffer.  */
 125:Middlewares/ST/filex/common/src/fx_directory_next_entry_find.c ****     FX_TRACE_IN_LINE_INSERT(FX_TRACE_DIRECTORY_NEXT_ENTRY_FIND, media_ptr, directory_name, 0, 0, FX
 126:Middlewares/ST/filex/common/src/fx_directory_next_entry_find.c **** 
 127:Middlewares/ST/filex/common/src/fx_directory_next_entry_find.c ****     /* Protect against other threads accessing the media.  */
 128:Middlewares/ST/filex/common/src/fx_directory_next_entry_find.c ****     FX_PROTECT
 129:Middlewares/ST/filex/common/src/fx_directory_next_entry_find.c **** 
 130:Middlewares/ST/filex/common/src/fx_directory_next_entry_find.c ****     /* First check for a local path pointer stored in the thread control block.  This
 131:Middlewares/ST/filex/common/src/fx_directory_next_entry_find.c ****        is only available in ThreadX Version 4 and above.  */
 132:Middlewares/ST/filex/common/src/fx_directory_next_entry_find.c **** 
 133:Middlewares/ST/filex/common/src/fx_directory_next_entry_find.c **** #ifndef FX_NO_LOCAL_PATH
 134:Middlewares/ST/filex/common/src/fx_directory_next_entry_find.c **** 
 135:Middlewares/ST/filex/common/src/fx_directory_next_entry_find.c ****     if (_tx_thread_current_ptr -> tx_thread_filex_ptr)
 136:Middlewares/ST/filex/common/src/fx_directory_next_entry_find.c ****     {
 137:Middlewares/ST/filex/common/src/fx_directory_next_entry_find.c **** 
 138:Middlewares/ST/filex/common/src/fx_directory_next_entry_find.c ****         /* Setup the default path pointer.  */
 139:Middlewares/ST/filex/common/src/fx_directory_next_entry_find.c ****         path_ptr =  (FX_PATH *)_tx_thread_current_ptr -> tx_thread_filex_ptr;
 140:Middlewares/ST/filex/common/src/fx_directory_next_entry_find.c **** 
 141:Middlewares/ST/filex/common/src/fx_directory_next_entry_find.c ****         /* Determine if we are at the root directory.  */
ARM GAS  C:\Users\HP\AppData\Local\Temp\ccJsuFfN.s 			page 5


 142:Middlewares/ST/filex/common/src/fx_directory_next_entry_find.c ****         if (path_ptr -> fx_path_directory.fx_dir_entry_name[0])
 143:Middlewares/ST/filex/common/src/fx_directory_next_entry_find.c ****         {
 144:Middlewares/ST/filex/common/src/fx_directory_next_entry_find.c **** 
 145:Middlewares/ST/filex/common/src/fx_directory_next_entry_find.c ****             /* No, we are not at the root directory.  */
 146:Middlewares/ST/filex/common/src/fx_directory_next_entry_find.c **** 
 147:Middlewares/ST/filex/common/src/fx_directory_next_entry_find.c **** #ifndef FX_MEDIA_DISABLE_SEARCH_CACHE
 148:Middlewares/ST/filex/common/src/fx_directory_next_entry_find.c **** 
 149:Middlewares/ST/filex/common/src/fx_directory_next_entry_find.c ****             /* Setup pointer to the path.  */
 150:Middlewares/ST/filex/common/src/fx_directory_next_entry_find.c ****             path_string_ptr =  ((FX_PATH *)_tx_thread_current_ptr -> tx_thread_filex_ptr) -> fx_pat
 151:Middlewares/ST/filex/common/src/fx_directory_next_entry_find.c **** #endif
 152:Middlewares/ST/filex/common/src/fx_directory_next_entry_find.c **** 
 153:Middlewares/ST/filex/common/src/fx_directory_next_entry_find.c ****             /* Set the internal pointer to the search directory as well.  */
 154:Middlewares/ST/filex/common/src/fx_directory_next_entry_find.c ****             search_dir_ptr =  &(path_ptr -> fx_path_directory);
 155:Middlewares/ST/filex/common/src/fx_directory_next_entry_find.c ****         }
 156:Middlewares/ST/filex/common/src/fx_directory_next_entry_find.c ****         else
 157:Middlewares/ST/filex/common/src/fx_directory_next_entry_find.c ****         {
 158:Middlewares/ST/filex/common/src/fx_directory_next_entry_find.c **** 
 159:Middlewares/ST/filex/common/src/fx_directory_next_entry_find.c ****             /* The current default directory is the root so just set the
 160:Middlewares/ST/filex/common/src/fx_directory_next_entry_find.c ****                search directory pointer to NULL.  */
 161:Middlewares/ST/filex/common/src/fx_directory_next_entry_find.c ****             search_dir_ptr =  FX_NULL;
 162:Middlewares/ST/filex/common/src/fx_directory_next_entry_find.c ****         }
 163:Middlewares/ST/filex/common/src/fx_directory_next_entry_find.c ****     }
 164:Middlewares/ST/filex/common/src/fx_directory_next_entry_find.c ****     else
 165:Middlewares/ST/filex/common/src/fx_directory_next_entry_find.c **** #endif
 166:Middlewares/ST/filex/common/src/fx_directory_next_entry_find.c **** 
 167:Middlewares/ST/filex/common/src/fx_directory_next_entry_find.c ****     /* Set the initial search directory to the current working
 168:Middlewares/ST/filex/common/src/fx_directory_next_entry_find.c ****        directory - if there is one.  */
 169:Middlewares/ST/filex/common/src/fx_directory_next_entry_find.c ****     if (media_ptr -> fx_media_default_path.fx_path_directory.fx_dir_entry_name[0])
 170:Middlewares/ST/filex/common/src/fx_directory_next_entry_find.c ****     {
 171:Middlewares/ST/filex/common/src/fx_directory_next_entry_find.c **** 
 172:Middlewares/ST/filex/common/src/fx_directory_next_entry_find.c ****         /* Setup the path pointer to the global media path.  */
 173:Middlewares/ST/filex/common/src/fx_directory_next_entry_find.c ****         path_ptr =  &media_ptr -> fx_media_default_path;
 174:Middlewares/ST/filex/common/src/fx_directory_next_entry_find.c **** 
 175:Middlewares/ST/filex/common/src/fx_directory_next_entry_find.c **** #ifndef FX_MEDIA_DISABLE_SEARCH_CACHE
 176:Middlewares/ST/filex/common/src/fx_directory_next_entry_find.c **** 
 177:Middlewares/ST/filex/common/src/fx_directory_next_entry_find.c ****         /* Setup pointer to the path.  */
 178:Middlewares/ST/filex/common/src/fx_directory_next_entry_find.c ****         path_string_ptr =  media_ptr -> fx_media_default_path.fx_path_string;
 179:Middlewares/ST/filex/common/src/fx_directory_next_entry_find.c **** #endif
 180:Middlewares/ST/filex/common/src/fx_directory_next_entry_find.c **** 
 181:Middlewares/ST/filex/common/src/fx_directory_next_entry_find.c ****         /* Set the internal pointer to the search directory as well.  */
 182:Middlewares/ST/filex/common/src/fx_directory_next_entry_find.c ****         search_dir_ptr =  &(path_ptr -> fx_path_directory);
 183:Middlewares/ST/filex/common/src/fx_directory_next_entry_find.c ****     }
 184:Middlewares/ST/filex/common/src/fx_directory_next_entry_find.c ****     else
 185:Middlewares/ST/filex/common/src/fx_directory_next_entry_find.c ****     {
 186:Middlewares/ST/filex/common/src/fx_directory_next_entry_find.c **** 
 187:Middlewares/ST/filex/common/src/fx_directory_next_entry_find.c ****         /* Setup the path pointer to the global media path.  */
 188:Middlewares/ST/filex/common/src/fx_directory_next_entry_find.c ****         path_ptr =  &media_ptr -> fx_media_default_path;
 189:Middlewares/ST/filex/common/src/fx_directory_next_entry_find.c **** 
 190:Middlewares/ST/filex/common/src/fx_directory_next_entry_find.c ****         /* The current default directory is the root so just set the
 191:Middlewares/ST/filex/common/src/fx_directory_next_entry_find.c ****            search directory pointer to NULL.  */
 192:Middlewares/ST/filex/common/src/fx_directory_next_entry_find.c ****         search_dir_ptr =  FX_NULL;
 193:Middlewares/ST/filex/common/src/fx_directory_next_entry_find.c ****     }
 194:Middlewares/ST/filex/common/src/fx_directory_next_entry_find.c **** 
 195:Middlewares/ST/filex/common/src/fx_directory_next_entry_find.c ****     /* Calculate the directory size.  */
 196:Middlewares/ST/filex/common/src/fx_directory_next_entry_find.c ****     if (search_dir_ptr)
 197:Middlewares/ST/filex/common/src/fx_directory_next_entry_find.c ****     {
 198:Middlewares/ST/filex/common/src/fx_directory_next_entry_find.c **** #ifdef FX_ENABLE_EXFAT
ARM GAS  C:\Users\HP\AppData\Local\Temp\ccJsuFfN.s 			page 6


 199:Middlewares/ST/filex/common/src/fx_directory_next_entry_find.c ****         if (media_ptr -> fx_media_FAT_type == FX_exFAT)
 200:Middlewares/ST/filex/common/src/fx_directory_next_entry_find.c ****         {
 201:Middlewares/ST/filex/common/src/fx_directory_next_entry_find.c ****             directory_size = search_dir_ptr -> fx_dir_entry_file_size / FX_DIR_ENTRY_SIZE;
 202:Middlewares/ST/filex/common/src/fx_directory_next_entry_find.c ****         }
 203:Middlewares/ST/filex/common/src/fx_directory_next_entry_find.c ****         else
 204:Middlewares/ST/filex/common/src/fx_directory_next_entry_find.c ****         {
 205:Middlewares/ST/filex/common/src/fx_directory_next_entry_find.c **** #endif /* FX_ENABLE_EXFAT */
 206:Middlewares/ST/filex/common/src/fx_directory_next_entry_find.c ****             /* Determine the directory size.  */
 207:Middlewares/ST/filex/common/src/fx_directory_next_entry_find.c ****             if (path_ptr -> fx_path_current_entry != 0)
 208:Middlewares/ST/filex/common/src/fx_directory_next_entry_find.c ****             {
 209:Middlewares/ST/filex/common/src/fx_directory_next_entry_find.c **** 
 210:Middlewares/ST/filex/common/src/fx_directory_next_entry_find.c ****                 /* Pickup the previously saved directory size.  */
 211:Middlewares/ST/filex/common/src/fx_directory_next_entry_find.c ****                 directory_size =  search_dir_ptr -> fx_dir_entry_file_size;
 212:Middlewares/ST/filex/common/src/fx_directory_next_entry_find.c ****             }
 213:Middlewares/ST/filex/common/src/fx_directory_next_entry_find.c ****             else
 214:Middlewares/ST/filex/common/src/fx_directory_next_entry_find.c ****             {
 215:Middlewares/ST/filex/common/src/fx_directory_next_entry_find.c **** 
 216:Middlewares/ST/filex/common/src/fx_directory_next_entry_find.c ****                 /* This should only be done on the first time into next directory find.  */
 217:Middlewares/ST/filex/common/src/fx_directory_next_entry_find.c **** 
 218:Middlewares/ST/filex/common/src/fx_directory_next_entry_find.c ****                 /* Ensure that the search directory's last search cluster is cleared.  */
 219:Middlewares/ST/filex/common/src/fx_directory_next_entry_find.c ****                 search_dir_ptr -> fx_dir_entry_last_search_cluster =  0;
 220:Middlewares/ST/filex/common/src/fx_directory_next_entry_find.c **** 
 221:Middlewares/ST/filex/common/src/fx_directory_next_entry_find.c ****                 /* Calculate the directory size by counting the allocated
 222:Middlewares/ST/filex/common/src/fx_directory_next_entry_find.c ****                    clusters for it. */
 223:Middlewares/ST/filex/common/src/fx_directory_next_entry_find.c ****                 i =        0;
 224:Middlewares/ST/filex/common/src/fx_directory_next_entry_find.c ****                 cluster =  search_dir_ptr -> fx_dir_entry_cluster;
 225:Middlewares/ST/filex/common/src/fx_directory_next_entry_find.c ****                 while (cluster < media_ptr -> fx_media_fat_reserved)
 226:Middlewares/ST/filex/common/src/fx_directory_next_entry_find.c ****                 {
 227:Middlewares/ST/filex/common/src/fx_directory_next_entry_find.c **** 
 228:Middlewares/ST/filex/common/src/fx_directory_next_entry_find.c ****                     /* Increment the cluster count.  */
 229:Middlewares/ST/filex/common/src/fx_directory_next_entry_find.c ****                     i++;
 230:Middlewares/ST/filex/common/src/fx_directory_next_entry_find.c **** 
 231:Middlewares/ST/filex/common/src/fx_directory_next_entry_find.c ****                     /* Read the next FAT entry.  */
 232:Middlewares/ST/filex/common/src/fx_directory_next_entry_find.c ****                     status =  _fx_utility_FAT_entry_read(media_ptr, cluster, &next_cluster);
 233:Middlewares/ST/filex/common/src/fx_directory_next_entry_find.c **** 
 234:Middlewares/ST/filex/common/src/fx_directory_next_entry_find.c ****                     /* Check the return status.  */
 235:Middlewares/ST/filex/common/src/fx_directory_next_entry_find.c ****                     if (status != FX_SUCCESS)
 236:Middlewares/ST/filex/common/src/fx_directory_next_entry_find.c ****                     {
 237:Middlewares/ST/filex/common/src/fx_directory_next_entry_find.c **** 
 238:Middlewares/ST/filex/common/src/fx_directory_next_entry_find.c ****                         /* Release media protection.  */
 239:Middlewares/ST/filex/common/src/fx_directory_next_entry_find.c ****                         FX_UNPROTECT
 240:Middlewares/ST/filex/common/src/fx_directory_next_entry_find.c **** 
 241:Middlewares/ST/filex/common/src/fx_directory_next_entry_find.c ****                         /* Return the bad status.  */
 242:Middlewares/ST/filex/common/src/fx_directory_next_entry_find.c ****                         return(status);
 243:Middlewares/ST/filex/common/src/fx_directory_next_entry_find.c ****                     }
 244:Middlewares/ST/filex/common/src/fx_directory_next_entry_find.c **** 
 245:Middlewares/ST/filex/common/src/fx_directory_next_entry_find.c ****                     if ((cluster < FX_FAT_ENTRY_START) || (cluster == next_cluster) || (i > media_p
 246:Middlewares/ST/filex/common/src/fx_directory_next_entry_find.c ****                     {
 247:Middlewares/ST/filex/common/src/fx_directory_next_entry_find.c **** 
 248:Middlewares/ST/filex/common/src/fx_directory_next_entry_find.c ****                         /* Release media protection.  */
 249:Middlewares/ST/filex/common/src/fx_directory_next_entry_find.c ****                         FX_UNPROTECT
 250:Middlewares/ST/filex/common/src/fx_directory_next_entry_find.c **** 
 251:Middlewares/ST/filex/common/src/fx_directory_next_entry_find.c ****                         /* Return the bad status.  */
 252:Middlewares/ST/filex/common/src/fx_directory_next_entry_find.c ****                         return(FX_FAT_READ_ERROR);
 253:Middlewares/ST/filex/common/src/fx_directory_next_entry_find.c ****                     }
 254:Middlewares/ST/filex/common/src/fx_directory_next_entry_find.c **** 
 255:Middlewares/ST/filex/common/src/fx_directory_next_entry_find.c ****                     cluster = next_cluster;
ARM GAS  C:\Users\HP\AppData\Local\Temp\ccJsuFfN.s 			page 7


 256:Middlewares/ST/filex/common/src/fx_directory_next_entry_find.c ****                 }
 257:Middlewares/ST/filex/common/src/fx_directory_next_entry_find.c **** 
 258:Middlewares/ST/filex/common/src/fx_directory_next_entry_find.c ****                 /* Now we can calculate the directory size.  */
 259:Middlewares/ST/filex/common/src/fx_directory_next_entry_find.c ****                 directory_size =  (((ULONG64)media_ptr -> fx_media_bytes_per_sector) *
 260:Middlewares/ST/filex/common/src/fx_directory_next_entry_find.c ****                                    ((ULONG64)media_ptr -> fx_media_sectors_per_cluster) * i) /
 261:Middlewares/ST/filex/common/src/fx_directory_next_entry_find.c ****                     (ULONG64)FX_DIR_ENTRY_SIZE;
 262:Middlewares/ST/filex/common/src/fx_directory_next_entry_find.c **** 
 263:Middlewares/ST/filex/common/src/fx_directory_next_entry_find.c ****                 /* Save how many entries there are in the directory.  */
 264:Middlewares/ST/filex/common/src/fx_directory_next_entry_find.c ****                 search_dir_ptr -> fx_dir_entry_file_size =  directory_size;
 265:Middlewares/ST/filex/common/src/fx_directory_next_entry_find.c ****             }
 266:Middlewares/ST/filex/common/src/fx_directory_next_entry_find.c **** #ifdef FX_ENABLE_EXFAT
 267:Middlewares/ST/filex/common/src/fx_directory_next_entry_find.c ****         }
 268:Middlewares/ST/filex/common/src/fx_directory_next_entry_find.c **** #endif /* FX_ENABLE_EXFAT */
 269:Middlewares/ST/filex/common/src/fx_directory_next_entry_find.c ****     }
 270:Middlewares/ST/filex/common/src/fx_directory_next_entry_find.c ****     else
 271:Middlewares/ST/filex/common/src/fx_directory_next_entry_find.c ****     {
 272:Middlewares/ST/filex/common/src/fx_directory_next_entry_find.c **** 
 273:Middlewares/ST/filex/common/src/fx_directory_next_entry_find.c ****         /* Directory size is the number of entries in the root directory.  */
 274:Middlewares/ST/filex/common/src/fx_directory_next_entry_find.c ****         directory_size =  (ULONG)media_ptr -> fx_media_root_directory_entries;
 275:Middlewares/ST/filex/common/src/fx_directory_next_entry_find.c ****     }
 276:Middlewares/ST/filex/common/src/fx_directory_next_entry_find.c **** 
 277:Middlewares/ST/filex/common/src/fx_directory_next_entry_find.c ****     /* Preset status with an error return.  */
 278:Middlewares/ST/filex/common/src/fx_directory_next_entry_find.c ****     status =  FX_NO_MORE_ENTRIES;
 279:Middlewares/ST/filex/common/src/fx_directory_next_entry_find.c **** 
 280:Middlewares/ST/filex/common/src/fx_directory_next_entry_find.c ****     /* Determine if the current entry is inside of the directory's range.  */
 281:Middlewares/ST/filex/common/src/fx_directory_next_entry_find.c ****     while (path_ptr -> fx_path_current_entry < directory_size)
 282:Middlewares/ST/filex/common/src/fx_directory_next_entry_find.c ****     {
 283:Middlewares/ST/filex/common/src/fx_directory_next_entry_find.c **** 
 284:Middlewares/ST/filex/common/src/fx_directory_next_entry_find.c ****         /* Read an entry from the directory.  */
 285:Middlewares/ST/filex/common/src/fx_directory_next_entry_find.c ****         temp_status =  _fx_directory_entry_read(media_ptr, search_dir_ptr,
 286:Middlewares/ST/filex/common/src/fx_directory_next_entry_find.c ****                                                 &(path_ptr -> fx_path_current_entry), &entry);
 287:Middlewares/ST/filex/common/src/fx_directory_next_entry_find.c **** 
 288:Middlewares/ST/filex/common/src/fx_directory_next_entry_find.c ****         /* Check for error status.  */
 289:Middlewares/ST/filex/common/src/fx_directory_next_entry_find.c ****         if (temp_status != FX_SUCCESS)
 290:Middlewares/ST/filex/common/src/fx_directory_next_entry_find.c ****         {
 291:Middlewares/ST/filex/common/src/fx_directory_next_entry_find.c **** 
 292:Middlewares/ST/filex/common/src/fx_directory_next_entry_find.c ****             /* Release media protection.  */
 293:Middlewares/ST/filex/common/src/fx_directory_next_entry_find.c ****             FX_UNPROTECT
 294:Middlewares/ST/filex/common/src/fx_directory_next_entry_find.c **** 
 295:Middlewares/ST/filex/common/src/fx_directory_next_entry_find.c ****             /* Return error status.  */
 296:Middlewares/ST/filex/common/src/fx_directory_next_entry_find.c ****             return(temp_status);
 297:Middlewares/ST/filex/common/src/fx_directory_next_entry_find.c ****         }
 298:Middlewares/ST/filex/common/src/fx_directory_next_entry_find.c **** #ifdef FX_ENABLE_EXFAT
 299:Middlewares/ST/filex/common/src/fx_directory_next_entry_find.c ****         if (entry.fx_dir_entry_type == FX_EXFAT_DIR_ENTRY_TYPE_END_MARKER)
 300:Middlewares/ST/filex/common/src/fx_directory_next_entry_find.c ****         {
 301:Middlewares/ST/filex/common/src/fx_directory_next_entry_find.c ****             /* Set the error code.  */
 302:Middlewares/ST/filex/common/src/fx_directory_next_entry_find.c ****             status =  FX_NO_MORE_ENTRIES;
 303:Middlewares/ST/filex/common/src/fx_directory_next_entry_find.c **** 
 304:Middlewares/ST/filex/common/src/fx_directory_next_entry_find.c ****             /* Get out of the loop.  */
 305:Middlewares/ST/filex/common/src/fx_directory_next_entry_find.c ****             break;
 306:Middlewares/ST/filex/common/src/fx_directory_next_entry_find.c ****         }
 307:Middlewares/ST/filex/common/src/fx_directory_next_entry_find.c **** #endif /* FX_ENABLE_EXFAT */
 308:Middlewares/ST/filex/common/src/fx_directory_next_entry_find.c **** 
 309:Middlewares/ST/filex/common/src/fx_directory_next_entry_find.c ****         /* Check to see if the entry has something in it.  */
 310:Middlewares/ST/filex/common/src/fx_directory_next_entry_find.c **** #ifdef FX_ENABLE_EXFAT
 311:Middlewares/ST/filex/common/src/fx_directory_next_entry_find.c ****         else if (entry.fx_dir_entry_type != FX_EXFAT_DIR_ENTRY_TYPE_FILE_DIRECTORY)
 312:Middlewares/ST/filex/common/src/fx_directory_next_entry_find.c **** #else
ARM GAS  C:\Users\HP\AppData\Local\Temp\ccJsuFfN.s 			page 8


 313:Middlewares/ST/filex/common/src/fx_directory_next_entry_find.c ****         if (((UCHAR)entry.fx_dir_entry_name[0] == (UCHAR)FX_DIR_ENTRY_FREE) && (entry.fx_dir_entry_
 314:Middlewares/ST/filex/common/src/fx_directory_next_entry_find.c **** #endif /* FX_ENABLE_EXFAT */
 315:Middlewares/ST/filex/common/src/fx_directory_next_entry_find.c ****         {
 316:Middlewares/ST/filex/common/src/fx_directory_next_entry_find.c **** 
 317:Middlewares/ST/filex/common/src/fx_directory_next_entry_find.c ****             /* Current entry is free, skip to next entry and continue the loop.  */
 318:Middlewares/ST/filex/common/src/fx_directory_next_entry_find.c ****             path_ptr -> fx_path_current_entry++;
 319:Middlewares/ST/filex/common/src/fx_directory_next_entry_find.c ****             continue;
 320:Middlewares/ST/filex/common/src/fx_directory_next_entry_find.c ****         }
 321:Middlewares/ST/filex/common/src/fx_directory_next_entry_find.c **** #ifdef FX_ENABLE_EXFAT
 322:Middlewares/ST/filex/common/src/fx_directory_next_entry_find.c ****         else /* FX_EXFAT_DIR_ENTRY_TYPE_FILE_DIRECTORY */
 323:Middlewares/ST/filex/common/src/fx_directory_next_entry_find.c **** #else
 324:Middlewares/ST/filex/common/src/fx_directory_next_entry_find.c ****         else if ((UCHAR)entry.fx_dir_entry_name[0] != (UCHAR)FX_DIR_ENTRY_DONE)
 325:Middlewares/ST/filex/common/src/fx_directory_next_entry_find.c **** #endif /* FX_ENABLE_EXFAT */
 326:Middlewares/ST/filex/common/src/fx_directory_next_entry_find.c ****         {
 327:Middlewares/ST/filex/common/src/fx_directory_next_entry_find.c **** 
 328:Middlewares/ST/filex/common/src/fx_directory_next_entry_find.c ****             /* A valid directory entry is present.  */
 329:Middlewares/ST/filex/common/src/fx_directory_next_entry_find.c **** 
 330:Middlewares/ST/filex/common/src/fx_directory_next_entry_find.c ****             /* Copy the name into the destination.  */
 331:Middlewares/ST/filex/common/src/fx_directory_next_entry_find.c ****             for (i = 0; entry.fx_dir_entry_name[i]; i++)
 332:Middlewares/ST/filex/common/src/fx_directory_next_entry_find.c ****             {
 333:Middlewares/ST/filex/common/src/fx_directory_next_entry_find.c **** 
 334:Middlewares/ST/filex/common/src/fx_directory_next_entry_find.c ****                 *directory_name = entry.fx_dir_entry_name[i];
 335:Middlewares/ST/filex/common/src/fx_directory_next_entry_find.c ****                 directory_name++;
 336:Middlewares/ST/filex/common/src/fx_directory_next_entry_find.c ****             }
 337:Middlewares/ST/filex/common/src/fx_directory_next_entry_find.c **** 
 338:Middlewares/ST/filex/common/src/fx_directory_next_entry_find.c ****             /* Place a NULL at the end of the directory name.  */
 339:Middlewares/ST/filex/common/src/fx_directory_next_entry_find.c ****             *directory_name =  (CHAR)0;
 340:Middlewares/ST/filex/common/src/fx_directory_next_entry_find.c **** 
 341:Middlewares/ST/filex/common/src/fx_directory_next_entry_find.c ****             /* Increment the current entry for the media.  */
 342:Middlewares/ST/filex/common/src/fx_directory_next_entry_find.c ****             path_ptr -> fx_path_current_entry++;
 343:Middlewares/ST/filex/common/src/fx_directory_next_entry_find.c **** 
 344:Middlewares/ST/filex/common/src/fx_directory_next_entry_find.c **** #ifndef FX_MEDIA_DISABLE_SEARCH_CACHE
 345:Middlewares/ST/filex/common/src/fx_directory_next_entry_find.c ****             {
 346:Middlewares/ST/filex/common/src/fx_directory_next_entry_find.c ****             UINT v, j;
 347:Middlewares/ST/filex/common/src/fx_directory_next_entry_find.c **** 
 348:Middlewares/ST/filex/common/src/fx_directory_next_entry_find.c **** 
 349:Middlewares/ST/filex/common/src/fx_directory_next_entry_find.c ****                 /* If a subsequent search for the same name is done, it will find it immediately.  
 350:Middlewares/ST/filex/common/src/fx_directory_next_entry_find.c **** 
 351:Middlewares/ST/filex/common/src/fx_directory_next_entry_find.c ****                 /* Set the index of the saved name string.  */
 352:Middlewares/ST/filex/common/src/fx_directory_next_entry_find.c ****                 v =  0;
 353:Middlewares/ST/filex/common/src/fx_directory_next_entry_find.c **** 
 354:Middlewares/ST/filex/common/src/fx_directory_next_entry_find.c ****                 /* First, build the full path and name.  */
 355:Middlewares/ST/filex/common/src/fx_directory_next_entry_find.c ****                 if (path_string_ptr)
 356:Middlewares/ST/filex/common/src/fx_directory_next_entry_find.c ****                 {
 357:Middlewares/ST/filex/common/src/fx_directory_next_entry_find.c **** 
 358:Middlewares/ST/filex/common/src/fx_directory_next_entry_find.c ****                     /* Copy the path into the destination.  */
 359:Middlewares/ST/filex/common/src/fx_directory_next_entry_find.c ****                     while ((v < (FX_MAX_LAST_NAME_LEN - 1)) && (path_string_ptr[v]))
 360:Middlewares/ST/filex/common/src/fx_directory_next_entry_find.c ****                     {
 361:Middlewares/ST/filex/common/src/fx_directory_next_entry_find.c **** 
 362:Middlewares/ST/filex/common/src/fx_directory_next_entry_find.c ****                         /* Copy one character.   */
 363:Middlewares/ST/filex/common/src/fx_directory_next_entry_find.c ****                         media_ptr -> fx_media_last_found_name[v] =  path_string_ptr[v];
 364:Middlewares/ST/filex/common/src/fx_directory_next_entry_find.c **** 
 365:Middlewares/ST/filex/common/src/fx_directory_next_entry_find.c ****                         /* Move to next character.  */
 366:Middlewares/ST/filex/common/src/fx_directory_next_entry_find.c ****                         v++;
 367:Middlewares/ST/filex/common/src/fx_directory_next_entry_find.c ****                     }
 368:Middlewares/ST/filex/common/src/fx_directory_next_entry_find.c ****                 }
 369:Middlewares/ST/filex/common/src/fx_directory_next_entry_find.c **** 
ARM GAS  C:\Users\HP\AppData\Local\Temp\ccJsuFfN.s 			page 9


 370:Middlewares/ST/filex/common/src/fx_directory_next_entry_find.c ****                 /* We know there is room at this point, place a directory separator character.  */
 371:Middlewares/ST/filex/common/src/fx_directory_next_entry_find.c ****                 media_ptr -> fx_media_last_found_name[v++] =  '/';
 372:Middlewares/ST/filex/common/src/fx_directory_next_entry_find.c **** 
 373:Middlewares/ST/filex/common/src/fx_directory_next_entry_find.c ****                 /* Now append the name to the path.  */
 374:Middlewares/ST/filex/common/src/fx_directory_next_entry_find.c ****                 j =  0;
 375:Middlewares/ST/filex/common/src/fx_directory_next_entry_find.c ****                 while ((v < FX_MAX_LAST_NAME_LEN) && (entry.fx_dir_entry_name[j]))
 376:Middlewares/ST/filex/common/src/fx_directory_next_entry_find.c ****                 {
 377:Middlewares/ST/filex/common/src/fx_directory_next_entry_find.c **** 
 378:Middlewares/ST/filex/common/src/fx_directory_next_entry_find.c ****                     /* Copy one character.   */
 379:Middlewares/ST/filex/common/src/fx_directory_next_entry_find.c ****                     media_ptr -> fx_media_last_found_name[v] =  entry.fx_dir_entry_name[j];
 380:Middlewares/ST/filex/common/src/fx_directory_next_entry_find.c **** 
 381:Middlewares/ST/filex/common/src/fx_directory_next_entry_find.c ****                     /* Move to next character.  */
 382:Middlewares/ST/filex/common/src/fx_directory_next_entry_find.c ****                     v++;
 383:Middlewares/ST/filex/common/src/fx_directory_next_entry_find.c ****                     j++;
 384:Middlewares/ST/filex/common/src/fx_directory_next_entry_find.c ****                 }
 385:Middlewares/ST/filex/common/src/fx_directory_next_entry_find.c **** 
 386:Middlewares/ST/filex/common/src/fx_directory_next_entry_find.c ****                 /* Null terminate the last name string.   */
 387:Middlewares/ST/filex/common/src/fx_directory_next_entry_find.c ****                 if (v < FX_MAX_LAST_NAME_LEN)
 388:Middlewares/ST/filex/common/src/fx_directory_next_entry_find.c ****                 {
 389:Middlewares/ST/filex/common/src/fx_directory_next_entry_find.c **** 
 390:Middlewares/ST/filex/common/src/fx_directory_next_entry_find.c ****                     /* Null terminate.  */
 391:Middlewares/ST/filex/common/src/fx_directory_next_entry_find.c ****                     media_ptr -> fx_media_last_found_name[v] =  FX_NULL;
 392:Middlewares/ST/filex/common/src/fx_directory_next_entry_find.c ****                 }
 393:Middlewares/ST/filex/common/src/fx_directory_next_entry_find.c ****                 else
 394:Middlewares/ST/filex/common/src/fx_directory_next_entry_find.c ****                 {
 395:Middlewares/ST/filex/common/src/fx_directory_next_entry_find.c **** 
 396:Middlewares/ST/filex/common/src/fx_directory_next_entry_find.c ****                     /* The string is too big, NULL the string so it won't be used in searching.  */
 397:Middlewares/ST/filex/common/src/fx_directory_next_entry_find.c ****                     media_ptr -> fx_media_last_found_name[0] =  FX_NULL;
 398:Middlewares/ST/filex/common/src/fx_directory_next_entry_find.c ****                 }
 399:Middlewares/ST/filex/common/src/fx_directory_next_entry_find.c **** 
 400:Middlewares/ST/filex/common/src/fx_directory_next_entry_find.c ****                 /* Determine if there is a search pointer.  */
 401:Middlewares/ST/filex/common/src/fx_directory_next_entry_find.c ****                 if (search_dir_ptr)
 402:Middlewares/ST/filex/common/src/fx_directory_next_entry_find.c ****                 {
 403:Middlewares/ST/filex/common/src/fx_directory_next_entry_find.c **** 
 404:Middlewares/ST/filex/common/src/fx_directory_next_entry_find.c ****                     /* Yes, there is a search directory pointer so save it!   */
 405:Middlewares/ST/filex/common/src/fx_directory_next_entry_find.c ****                     media_ptr -> fx_media_last_found_directory =  *search_dir_ptr;
 406:Middlewares/ST/filex/common/src/fx_directory_next_entry_find.c **** 
 407:Middlewares/ST/filex/common/src/fx_directory_next_entry_find.c ****                     /* Indicate the search directory is valid.  */
 408:Middlewares/ST/filex/common/src/fx_directory_next_entry_find.c ****                     media_ptr -> fx_media_last_found_directory_valid =  FX_TRUE;
 409:Middlewares/ST/filex/common/src/fx_directory_next_entry_find.c ****                 }
 410:Middlewares/ST/filex/common/src/fx_directory_next_entry_find.c ****                 else
 411:Middlewares/ST/filex/common/src/fx_directory_next_entry_find.c ****                 {
 412:Middlewares/ST/filex/common/src/fx_directory_next_entry_find.c **** 
 413:Middlewares/ST/filex/common/src/fx_directory_next_entry_find.c ****                     /* Indicate the search directory is not valid.  */
 414:Middlewares/ST/filex/common/src/fx_directory_next_entry_find.c ****                     media_ptr -> fx_media_last_found_directory_valid =  FX_FALSE;
 415:Middlewares/ST/filex/common/src/fx_directory_next_entry_find.c ****                 }
 416:Middlewares/ST/filex/common/src/fx_directory_next_entry_find.c **** 
 417:Middlewares/ST/filex/common/src/fx_directory_next_entry_find.c ****                 /* Copy the directory entry.  */
 418:Middlewares/ST/filex/common/src/fx_directory_next_entry_find.c ****                 media_ptr -> fx_media_last_found_entry =  entry;
 419:Middlewares/ST/filex/common/src/fx_directory_next_entry_find.c **** 
 420:Middlewares/ST/filex/common/src/fx_directory_next_entry_find.c ****                 /* Setup the last found directory entry to point at the last found internal file na
 421:Middlewares/ST/filex/common/src/fx_directory_next_entry_find.c ****                 media_ptr -> fx_media_last_found_entry.fx_dir_entry_name =  media_ptr -> fx_media_l
 422:Middlewares/ST/filex/common/src/fx_directory_next_entry_find.c **** 
 423:Middlewares/ST/filex/common/src/fx_directory_next_entry_find.c ****                 /* Copy the actual directory name into the cached directory name.  */
 424:Middlewares/ST/filex/common/src/fx_directory_next_entry_find.c ****                 for (index = 0; index < FX_MAX_LONG_NAME_LEN; index++)
 425:Middlewares/ST/filex/common/src/fx_directory_next_entry_find.c ****                 {
 426:Middlewares/ST/filex/common/src/fx_directory_next_entry_find.c **** 
ARM GAS  C:\Users\HP\AppData\Local\Temp\ccJsuFfN.s 			page 10


 427:Middlewares/ST/filex/common/src/fx_directory_next_entry_find.c ****                     /* Copy character into the cached directory name.  */
 428:Middlewares/ST/filex/common/src/fx_directory_next_entry_find.c ****                     media_ptr -> fx_media_last_found_file_name[index] =  entry.fx_dir_entry_name[in
 429:Middlewares/ST/filex/common/src/fx_directory_next_entry_find.c **** 
 430:Middlewares/ST/filex/common/src/fx_directory_next_entry_find.c ****                     /* See if we have copied the NULL termination character.  */
 431:Middlewares/ST/filex/common/src/fx_directory_next_entry_find.c ****                     if (entry.fx_dir_entry_name[index] == (CHAR)FX_NULL)
 432:Middlewares/ST/filex/common/src/fx_directory_next_entry_find.c ****                     {
 433:Middlewares/ST/filex/common/src/fx_directory_next_entry_find.c ****                     
 434:Middlewares/ST/filex/common/src/fx_directory_next_entry_find.c ****                         /* Check to see if we use the break to get out of the loop.  */
 435:Middlewares/ST/filex/common/src/fx_directory_next_entry_find.c ****                         if (v < (FX_MAX_LONG_NAME_LEN - 1))
 436:Middlewares/ST/filex/common/src/fx_directory_next_entry_find.c ****                         {
 437:Middlewares/ST/filex/common/src/fx_directory_next_entry_find.c ****                         
 438:Middlewares/ST/filex/common/src/fx_directory_next_entry_find.c ****                             /* Yes, not at the end of the string, break.  */
 439:Middlewares/ST/filex/common/src/fx_directory_next_entry_find.c ****                             break;
 440:Middlewares/ST/filex/common/src/fx_directory_next_entry_find.c ****                         }
 441:Middlewares/ST/filex/common/src/fx_directory_next_entry_find.c ****                     }
 442:Middlewares/ST/filex/common/src/fx_directory_next_entry_find.c ****                 }
 443:Middlewares/ST/filex/common/src/fx_directory_next_entry_find.c ****             }
 444:Middlewares/ST/filex/common/src/fx_directory_next_entry_find.c **** #endif
 445:Middlewares/ST/filex/common/src/fx_directory_next_entry_find.c **** 
 446:Middlewares/ST/filex/common/src/fx_directory_next_entry_find.c ****             /* Set return status to success.  */
 447:Middlewares/ST/filex/common/src/fx_directory_next_entry_find.c ****             status =  FX_SUCCESS;
 448:Middlewares/ST/filex/common/src/fx_directory_next_entry_find.c **** 
 449:Middlewares/ST/filex/common/src/fx_directory_next_entry_find.c ****             /* Get out of the loop.  */
 450:Middlewares/ST/filex/common/src/fx_directory_next_entry_find.c ****             break;
 451:Middlewares/ST/filex/common/src/fx_directory_next_entry_find.c ****         }
 452:Middlewares/ST/filex/common/src/fx_directory_next_entry_find.c **** #ifndef FX_ENABLE_EXFAT
 453:Middlewares/ST/filex/common/src/fx_directory_next_entry_find.c ****         else
 454:Middlewares/ST/filex/common/src/fx_directory_next_entry_find.c ****         {
 455:Middlewares/ST/filex/common/src/fx_directory_next_entry_find.c **** 
 456:Middlewares/ST/filex/common/src/fx_directory_next_entry_find.c ****             /* Set the error code.  */
 457:Middlewares/ST/filex/common/src/fx_directory_next_entry_find.c ****             status =  FX_NO_MORE_ENTRIES;
 458:Middlewares/ST/filex/common/src/fx_directory_next_entry_find.c **** 
 459:Middlewares/ST/filex/common/src/fx_directory_next_entry_find.c ****             /* Get out of the loop.  */
 460:Middlewares/ST/filex/common/src/fx_directory_next_entry_find.c ****             break;
 461:Middlewares/ST/filex/common/src/fx_directory_next_entry_find.c ****         }
 462:Middlewares/ST/filex/common/src/fx_directory_next_entry_find.c **** #endif /* FX_ENABLE_EXFAT */
 463:Middlewares/ST/filex/common/src/fx_directory_next_entry_find.c ****     }
 464:Middlewares/ST/filex/common/src/fx_directory_next_entry_find.c **** 
 465:Middlewares/ST/filex/common/src/fx_directory_next_entry_find.c ****     /* Release media protection.  */
 466:Middlewares/ST/filex/common/src/fx_directory_next_entry_find.c ****     FX_UNPROTECT
 467:Middlewares/ST/filex/common/src/fx_directory_next_entry_find.c **** 
 468:Middlewares/ST/filex/common/src/fx_directory_next_entry_find.c ****     /* Return status to the caller.  */
 469:Middlewares/ST/filex/common/src/fx_directory_next_entry_find.c ****     return(status);
 470:Middlewares/ST/filex/common/src/fx_directory_next_entry_find.c **** }
  89              		.loc 1 470 1 view .LVU25
  90 002a 4046     		mov	r0, r8
  91 002c 21B0     		add	sp, sp, #132
  92              	.LCFI2:
  93              		.cfi_remember_state
  94              		.cfi_def_cfa_offset 36
  95              		@ sp needed
  96 002e BDE8F08F 		pop	{r4, r5, r6, r7, r8, r9, r10, fp, pc}
  97              	.LVL3:
  98              	.L40:
  99              	.LCFI3:
 100              		.cfi_restore_state
 101              		.loc 1 470 1 view .LVU26
ARM GAS  C:\Users\HP\AppData\Local\Temp\ccJsuFfN.s 			page 11


 102 0032 0446     		mov	r4, r0
 103 0034 0E46     		mov	r6, r1
 128:Middlewares/ST/filex/common/src/fx_directory_next_entry_find.c **** 
 104              		.loc 1 128 5 is_stmt 1 discriminator 2 view .LVU27
 128:Middlewares/ST/filex/common/src/fx_directory_next_entry_find.c **** 
 105              		.loc 1 128 5 discriminator 2 view .LVU28
 106 0036 00F5E473 		add	r3, r0, #456
 107 003a 0193     		str	r3, [sp, #4]
 108 003c 4FF0FF31 		mov	r1, #-1
 109              	.LVL4:
 128:Middlewares/ST/filex/common/src/fx_directory_next_entry_find.c **** 
 110              		.loc 1 128 5 is_stmt 0 discriminator 2 view .LVU29
 111 0040 1846     		mov	r0, r3
 112              	.LVL5:
 128:Middlewares/ST/filex/common/src/fx_directory_next_entry_find.c **** 
 113              		.loc 1 128 5 discriminator 2 view .LVU30
 114 0042 FFF7FEFF 		bl	_tx_mutex_get
 115              	.LVL6:
 116 0046 0028     		cmp	r0, #0
 117 0048 40F0FD80 		bne	.L34
 135:Middlewares/ST/filex/common/src/fx_directory_next_entry_find.c ****     {
 118              		.loc 1 135 5 is_stmt 1 view .LVU31
 135:Middlewares/ST/filex/common/src/fx_directory_next_entry_find.c ****     {
 119              		.loc 1 135 32 is_stmt 0 view .LVU32
 120 004c 804B     		ldr	r3, .L47+4
 121 004e 1B68     		ldr	r3, [r3]
 122 0050 D3F89090 		ldr	r9, [r3, #144]
 135:Middlewares/ST/filex/common/src/fx_directory_next_entry_find.c ****     {
 123              		.loc 1 135 8 view .LVU33
 124 0054 B9F1000F 		cmp	r9, #0
 125 0058 07D0     		beq	.L3
 139:Middlewares/ST/filex/common/src/fx_directory_next_entry_find.c **** 
 126              		.loc 1 139 9 is_stmt 1 view .LVU34
 127              	.LVL7:
 142:Middlewares/ST/filex/common/src/fx_directory_next_entry_find.c ****         {
 128              		.loc 1 142 9 view .LVU35
 142:Middlewares/ST/filex/common/src/fx_directory_next_entry_find.c ****         {
 129              		.loc 1 142 42 is_stmt 0 view .LVU36
 130 005a D9F80030 		ldr	r3, [r9]
 142:Middlewares/ST/filex/common/src/fx_directory_next_entry_find.c ****         {
 131              		.loc 1 142 60 view .LVU37
 132 005e 1B78     		ldrb	r3, [r3]	@ zero_extendqisi2
 142:Middlewares/ST/filex/common/src/fx_directory_next_entry_find.c ****         {
 133              		.loc 1 142 12 view .LVU38
 134 0060 93B1     		cbz	r3, .L35
 150:Middlewares/ST/filex/common/src/fx_directory_next_entry_find.c **** #endif
 135              		.loc 1 150 13 is_stmt 1 view .LVU39
 150:Middlewares/ST/filex/common/src/fx_directory_next_entry_find.c **** #endif
 136              		.loc 1 150 29 is_stmt 0 view .LVU40
 137 0062 09F1700A 		add	r10, r9, #112
 138              	.LVL8:
 154:Middlewares/ST/filex/common/src/fx_directory_next_entry_find.c ****         }
 139              		.loc 1 154 13 is_stmt 1 view .LVU41
 154:Middlewares/ST/filex/common/src/fx_directory_next_entry_find.c ****         }
 140              		.loc 1 154 28 is_stmt 0 view .LVU42
 141 0066 CB46     		mov	fp, r9
 142              	.LVL9:
ARM GAS  C:\Users\HP\AppData\Local\Temp\ccJsuFfN.s 			page 12


 154:Middlewares/ST/filex/common/src/fx_directory_next_entry_find.c ****         }
 143              		.loc 1 154 28 view .LVU43
 144 0068 11E0     		b	.L4
 145              	.LVL10:
 146              	.L3:
 169:Middlewares/ST/filex/common/src/fx_directory_next_entry_find.c ****     {
 147              		.loc 1 169 5 is_stmt 1 view .LVU44
 169:Middlewares/ST/filex/common/src/fx_directory_next_entry_find.c ****     {
 148              		.loc 1 169 61 is_stmt 0 view .LVU45
 149 006a D4F8E034 		ldr	r3, [r4, #1248]
 169:Middlewares/ST/filex/common/src/fx_directory_next_entry_find.c ****     {
 150              		.loc 1 169 79 view .LVU46
 151 006e 1B78     		ldrb	r3, [r3]	@ zero_extendqisi2
 169:Middlewares/ST/filex/common/src/fx_directory_next_entry_find.c ****     {
 152              		.loc 1 169 8 view .LVU47
 153 0070 2BB1     		cbz	r3, .L5
 173:Middlewares/ST/filex/common/src/fx_directory_next_entry_find.c **** 
 154              		.loc 1 173 9 is_stmt 1 view .LVU48
 173:Middlewares/ST/filex/common/src/fx_directory_next_entry_find.c **** 
 155              		.loc 1 173 18 is_stmt 0 view .LVU49
 156 0072 04F59C69 		add	r9, r4, #1248
 157              	.LVL11:
 178:Middlewares/ST/filex/common/src/fx_directory_next_entry_find.c **** #endif
 158              		.loc 1 178 9 is_stmt 1 view .LVU50
 178:Middlewares/ST/filex/common/src/fx_directory_next_entry_find.c **** #endif
 159              		.loc 1 178 25 is_stmt 0 view .LVU51
 160 0076 04F5AA6A 		add	r10, r4, #1360
 161              	.LVL12:
 182:Middlewares/ST/filex/common/src/fx_directory_next_entry_find.c ****     }
 162              		.loc 1 182 9 is_stmt 1 view .LVU52
 182:Middlewares/ST/filex/common/src/fx_directory_next_entry_find.c ****     }
 163              		.loc 1 182 24 is_stmt 0 view .LVU53
 164 007a CB46     		mov	fp, r9
 165              	.LVL13:
 182:Middlewares/ST/filex/common/src/fx_directory_next_entry_find.c ****     }
 166              		.loc 1 182 24 view .LVU54
 167 007c 07E0     		b	.L4
 168              	.LVL14:
 169              	.L5:
 188:Middlewares/ST/filex/common/src/fx_directory_next_entry_find.c **** 
 170              		.loc 1 188 9 is_stmt 1 view .LVU55
 192:Middlewares/ST/filex/common/src/fx_directory_next_entry_find.c ****     }
 171              		.loc 1 192 9 view .LVU56
 100:Middlewares/ST/filex/common/src/fx_directory_next_entry_find.c **** #endif
 172              		.loc 1 100 15 is_stmt 0 view .LVU57
 173 007e CA46     		mov	r10, r9
 192:Middlewares/ST/filex/common/src/fx_directory_next_entry_find.c ****     }
 174              		.loc 1 192 24 view .LVU58
 175 0080 CB46     		mov	fp, r9
 188:Middlewares/ST/filex/common/src/fx_directory_next_entry_find.c **** 
 176              		.loc 1 188 18 view .LVU59
 177 0082 04F59C69 		add	r9, r4, #1248
 178              	.LVL15:
 188:Middlewares/ST/filex/common/src/fx_directory_next_entry_find.c **** 
 179              		.loc 1 188 18 view .LVU60
 180 0086 02E0     		b	.L4
 181              	.LVL16:
ARM GAS  C:\Users\HP\AppData\Local\Temp\ccJsuFfN.s 			page 13


 182              	.L35:
 100:Middlewares/ST/filex/common/src/fx_directory_next_entry_find.c **** #endif
 183              		.loc 1 100 15 view .LVU61
 184 0088 4FF0000A 		mov	r10, #0
 161:Middlewares/ST/filex/common/src/fx_directory_next_entry_find.c ****         }
 185              		.loc 1 161 28 view .LVU62
 186 008c D346     		mov	fp, r10
 187              	.LVL17:
 188              	.L4:
 196:Middlewares/ST/filex/common/src/fx_directory_next_entry_find.c ****     {
 189              		.loc 1 196 5 is_stmt 1 view .LVU63
 196:Middlewares/ST/filex/common/src/fx_directory_next_entry_find.c ****     {
 190              		.loc 1 196 8 is_stmt 0 view .LVU64
 191 008e BBF1000F 		cmp	fp, #0
 192 0092 60D0     		beq	.L6
 207:Middlewares/ST/filex/common/src/fx_directory_next_entry_find.c ****             {
 193              		.loc 1 207 13 is_stmt 1 view .LVU65
 207:Middlewares/ST/filex/common/src/fx_directory_next_entry_find.c ****             {
 194              		.loc 1 207 26 is_stmt 0 view .LVU66
 195 0094 D9F87072 		ldr	r7, [r9, #624]
 207:Middlewares/ST/filex/common/src/fx_directory_next_entry_find.c ****             {
 196              		.loc 1 207 16 view .LVU67
 197 0098 2FB3     		cbz	r7, .L7
 211:Middlewares/ST/filex/common/src/fx_directory_next_entry_find.c ****             }
 198              		.loc 1 211 17 is_stmt 1 view .LVU68
 211:Middlewares/ST/filex/common/src/fx_directory_next_entry_find.c ****             }
 199              		.loc 1 211 32 is_stmt 0 view .LVU69
 200 009a DBF83850 		ldr	r5, [fp, #56]
 201 009e DBF83C70 		ldr	r7, [fp, #60]
 202              	.LVL18:
 203              	.L13:
 281:Middlewares/ST/filex/common/src/fx_directory_next_entry_find.c ****     {
 204              		.loc 1 281 11 is_stmt 1 view .LVU70
 281:Middlewares/ST/filex/common/src/fx_directory_next_entry_find.c ****     {
 205              		.loc 1 281 21 is_stmt 0 view .LVU71
 206 00a2 D9F87032 		ldr	r3, [r9, #624]
 281:Middlewares/ST/filex/common/src/fx_directory_next_entry_find.c ****     {
 207              		.loc 1 281 11 view .LVU72
 208 00a6 AB42     		cmp	r3, r5
 209 00a8 4FF00003 		mov	r3, #0
 210 00ac BB41     		sbcs	r3, r3, r7
 211 00ae 80F0C780 		bcs	.L41
 285:Middlewares/ST/filex/common/src/fx_directory_next_entry_find.c ****                                                 &(path_ptr -> fx_path_current_entry), &entry);
 212              		.loc 1 285 9 is_stmt 1 view .LVU73
 285:Middlewares/ST/filex/common/src/fx_directory_next_entry_find.c ****                                                 &(path_ptr -> fx_path_current_entry), &entry);
 213              		.loc 1 285 24 is_stmt 0 view .LVU74
 214 00b2 02AB     		add	r3, sp, #8
 215 00b4 09F51C72 		add	r2, r9, #624
 216 00b8 5946     		mov	r1, fp
 217 00ba 2046     		mov	r0, r4
 218 00bc FFF7FEFF 		bl	_fx_directory_entry_read
 219              	.LVL19:
 289:Middlewares/ST/filex/common/src/fx_directory_next_entry_find.c ****         {
 220              		.loc 1 289 9 is_stmt 1 view .LVU75
 289:Middlewares/ST/filex/common/src/fx_directory_next_entry_find.c ****         {
 221              		.loc 1 289 12 is_stmt 0 view .LVU76
 222 00c0 8046     		mov	r8, r0
ARM GAS  C:\Users\HP\AppData\Local\Temp\ccJsuFfN.s 			page 14


 223 00c2 0028     		cmp	r0, #0
 224 00c4 4AD1     		bne	.L42
 313:Middlewares/ST/filex/common/src/fx_directory_next_entry_find.c **** #endif /* FX_ENABLE_EXFAT */
 225              		.loc 1 313 9 is_stmt 1 view .LVU77
 313:Middlewares/ST/filex/common/src/fx_directory_next_entry_find.c **** #endif /* FX_ENABLE_EXFAT */
 226              		.loc 1 313 26 is_stmt 0 view .LVU78
 227 00c6 029B     		ldr	r3, [sp, #8]
 313:Middlewares/ST/filex/common/src/fx_directory_next_entry_find.c **** #endif /* FX_ENABLE_EXFAT */
 228              		.loc 1 313 44 view .LVU79
 229 00c8 1B78     		ldrb	r3, [r3]	@ zero_extendqisi2
 313:Middlewares/ST/filex/common/src/fx_directory_next_entry_find.c **** #endif /* FX_ENABLE_EXFAT */
 230              		.loc 1 313 12 view .LVU80
 231 00ca E52B     		cmp	r3, #229
 232 00cc 03D1     		bne	.L15
 313:Middlewares/ST/filex/common/src/fx_directory_next_entry_find.c **** #endif /* FX_ENABLE_EXFAT */
 233              		.loc 1 313 110 discriminator 1 view .LVU81
 234 00ce 9DF80C20 		ldrb	r2, [sp, #12]	@ zero_extendqisi2
 313:Middlewares/ST/filex/common/src/fx_directory_next_entry_find.c **** #endif /* FX_ENABLE_EXFAT */
 235              		.loc 1 313 77 discriminator 1 view .LVU82
 236 00d2 002A     		cmp	r2, #0
 237 00d4 46D0     		beq	.L43
 238              	.L15:
 324:Middlewares/ST/filex/common/src/fx_directory_next_entry_find.c **** #endif /* FX_ENABLE_EXFAT */
 239              		.loc 1 324 14 is_stmt 1 view .LVU83
 324:Middlewares/ST/filex/common/src/fx_directory_next_entry_find.c **** #endif /* FX_ENABLE_EXFAT */
 240              		.loc 1 324 17 is_stmt 0 view .LVU84
 241 00d6 002B     		cmp	r3, #0
 242 00d8 5DD1     		bne	.L37
 457:Middlewares/ST/filex/common/src/fx_directory_next_entry_find.c **** 
 243              		.loc 1 457 20 view .LVU85
 244 00da 4FF00F08 		mov	r8, #15
 245              	.LVL20:
 246              	.L17:
 466:Middlewares/ST/filex/common/src/fx_directory_next_entry_find.c **** 
 247              		.loc 1 466 5 is_stmt 1 view .LVU86
 248 00de 0198     		ldr	r0, [sp, #4]
 249 00e0 FFF7FEFF 		bl	_tx_mutex_put
 250              	.LVL21:
 469:Middlewares/ST/filex/common/src/fx_directory_next_entry_find.c **** }
 251              		.loc 1 469 5 view .LVU87
 469:Middlewares/ST/filex/common/src/fx_directory_next_entry_find.c **** }
 252              		.loc 1 469 11 is_stmt 0 view .LVU88
 253 00e4 A1E7     		b	.L1
 254              	.LVL22:
 255              	.L7:
 219:Middlewares/ST/filex/common/src/fx_directory_next_entry_find.c **** 
 256              		.loc 1 219 17 is_stmt 1 view .LVU89
 219:Middlewares/ST/filex/common/src/fx_directory_next_entry_find.c **** 
 257              		.loc 1 219 68 is_stmt 0 view .LVU90
 258 00e6 0023     		movs	r3, #0
 259 00e8 CBF85030 		str	r3, [fp, #80]
 223:Middlewares/ST/filex/common/src/fx_directory_next_entry_find.c ****                 cluster =  search_dir_ptr -> fx_dir_entry_cluster;
 260              		.loc 1 223 17 is_stmt 1 view .LVU91
 261              	.LVL23:
 224:Middlewares/ST/filex/common/src/fx_directory_next_entry_find.c ****                 while (cluster < media_ptr -> fx_media_fat_reserved)
 262              		.loc 1 224 17 view .LVU92
 224:Middlewares/ST/filex/common/src/fx_directory_next_entry_find.c ****                 while (cluster < media_ptr -> fx_media_fat_reserved)
ARM GAS  C:\Users\HP\AppData\Local\Temp\ccJsuFfN.s 			page 15


 263              		.loc 1 224 25 is_stmt 0 view .LVU93
 264 00ec DBF83450 		ldr	r5, [fp, #52]
 265              	.LVL24:
 225:Middlewares/ST/filex/common/src/fx_directory_next_entry_find.c ****                 {
 266              		.loc 1 225 17 is_stmt 1 view .LVU94
 267              	.L9:
 225:Middlewares/ST/filex/common/src/fx_directory_next_entry_find.c ****                 {
 268              		.loc 1 225 23 view .LVU95
 225:Middlewares/ST/filex/common/src/fx_directory_next_entry_find.c ****                 {
 269              		.loc 1 225 44 is_stmt 0 view .LVU96
 270 00f0 04F50053 		add	r3, r4, #8192
 271 00f4 D3F8A834 		ldr	r3, [r3, #1192]
 225:Middlewares/ST/filex/common/src/fx_directory_next_entry_find.c ****                 {
 272              		.loc 1 225 23 view .LVU97
 273 00f8 AB42     		cmp	r3, r5
 274 00fa 1BD9     		bls	.L44
 229:Middlewares/ST/filex/common/src/fx_directory_next_entry_find.c **** 
 275              		.loc 1 229 21 is_stmt 1 view .LVU98
 229:Middlewares/ST/filex/common/src/fx_directory_next_entry_find.c **** 
 276              		.loc 1 229 22 is_stmt 0 view .LVU99
 277 00fc 0137     		adds	r7, r7, #1
 278              	.LVL25:
 232:Middlewares/ST/filex/common/src/fx_directory_next_entry_find.c **** 
 279              		.loc 1 232 21 is_stmt 1 view .LVU100
 232:Middlewares/ST/filex/common/src/fx_directory_next_entry_find.c **** 
 280              		.loc 1 232 31 is_stmt 0 view .LVU101
 281 00fe 1FAA     		add	r2, sp, #124
 282 0100 2946     		mov	r1, r5
 283 0102 2046     		mov	r0, r4
 284 0104 FFF7FEFF 		bl	_fx_utility_FAT_entry_read
 285              	.LVL26:
 235:Middlewares/ST/filex/common/src/fx_directory_next_entry_find.c ****                     {
 286              		.loc 1 235 21 is_stmt 1 view .LVU102
 235:Middlewares/ST/filex/common/src/fx_directory_next_entry_find.c ****                     {
 287              		.loc 1 235 24 is_stmt 0 view .LVU103
 288 0108 8046     		mov	r8, r0
 289 010a 48B9     		cbnz	r0, .L45
 245:Middlewares/ST/filex/common/src/fx_directory_next_entry_find.c ****                     {
 290              		.loc 1 245 21 is_stmt 1 view .LVU104
 245:Middlewares/ST/filex/common/src/fx_directory_next_entry_find.c ****                     {
 291              		.loc 1 245 24 is_stmt 0 view .LVU105
 292 010c 012D     		cmp	r5, #1
 293 010e 0BD9     		bls	.L11
 245:Middlewares/ST/filex/common/src/fx_directory_next_entry_find.c ****                     {
 294              		.loc 1 245 68 discriminator 1 view .LVU106
 295 0110 1F9B     		ldr	r3, [sp, #124]
 245:Middlewares/ST/filex/common/src/fx_directory_next_entry_find.c ****                     {
 296              		.loc 1 245 56 discriminator 1 view .LVU107
 297 0112 AB42     		cmp	r3, r5
 298 0114 08D0     		beq	.L11
 245:Middlewares/ST/filex/common/src/fx_directory_next_entry_find.c ****                     {
 299              		.loc 1 245 103 discriminator 2 view .LVU108
 300 0116 226C     		ldr	r2, [r4, #64]
 245:Middlewares/ST/filex/common/src/fx_directory_next_entry_find.c ****                     {
 301              		.loc 1 245 85 discriminator 2 view .LVU109
 302 0118 BA42     		cmp	r2, r7
 303 011a 05D3     		bcc	.L11
ARM GAS  C:\Users\HP\AppData\Local\Temp\ccJsuFfN.s 			page 16


 255:Middlewares/ST/filex/common/src/fx_directory_next_entry_find.c ****                 }
 304              		.loc 1 255 29 view .LVU110
 305 011c 1D46     		mov	r5, r3
 306              	.LVL27:
 255:Middlewares/ST/filex/common/src/fx_directory_next_entry_find.c ****                 }
 307              		.loc 1 255 29 view .LVU111
 308 011e E7E7     		b	.L9
 309              	.LVL28:
 310              	.L45:
 239:Middlewares/ST/filex/common/src/fx_directory_next_entry_find.c **** 
 311              		.loc 1 239 25 is_stmt 1 view .LVU112
 312 0120 0198     		ldr	r0, [sp, #4]
 313              	.LVL29:
 239:Middlewares/ST/filex/common/src/fx_directory_next_entry_find.c **** 
 314              		.loc 1 239 25 is_stmt 0 view .LVU113
 315 0122 FFF7FEFF 		bl	_tx_mutex_put
 316              	.LVL30:
 242:Middlewares/ST/filex/common/src/fx_directory_next_entry_find.c ****                     }
 317              		.loc 1 242 25 is_stmt 1 view .LVU114
 242:Middlewares/ST/filex/common/src/fx_directory_next_entry_find.c ****                     }
 318              		.loc 1 242 31 is_stmt 0 view .LVU115
 319 0126 80E7     		b	.L1
 320              	.LVL31:
 321              	.L11:
 249:Middlewares/ST/filex/common/src/fx_directory_next_entry_find.c **** 
 322              		.loc 1 249 25 is_stmt 1 view .LVU116
 323 0128 0198     		ldr	r0, [sp, #4]
 324              	.LVL32:
 249:Middlewares/ST/filex/common/src/fx_directory_next_entry_find.c **** 
 325              		.loc 1 249 25 is_stmt 0 view .LVU117
 326 012a FFF7FEFF 		bl	_tx_mutex_put
 327              	.LVL33:
 252:Middlewares/ST/filex/common/src/fx_directory_next_entry_find.c ****                     }
 328              		.loc 1 252 25 is_stmt 1 view .LVU118
 252:Middlewares/ST/filex/common/src/fx_directory_next_entry_find.c ****                     }
 329              		.loc 1 252 31 is_stmt 0 view .LVU119
 330 012e 4FF00308 		mov	r8, #3
 331              	.LVL34:
 252:Middlewares/ST/filex/common/src/fx_directory_next_entry_find.c ****                     }
 332              		.loc 1 252 31 view .LVU120
 333 0132 7AE7     		b	.L1
 334              	.L44:
 259:Middlewares/ST/filex/common/src/fx_directory_next_entry_find.c ****                                    ((ULONG64)media_ptr -> fx_media_sectors_per_cluster) * i) /
 335              		.loc 1 259 17 is_stmt 1 view .LVU121
 259:Middlewares/ST/filex/common/src/fx_directory_next_entry_find.c ****                                    ((ULONG64)media_ptr -> fx_media_sectors_per_cluster) * i) /
 336              		.loc 1 259 56 is_stmt 0 view .LVU122
 337 0134 A36A     		ldr	r3, [r4, #40]
 260:Middlewares/ST/filex/common/src/fx_directory_next_entry_find.c ****                     (ULONG64)FX_DIR_ENTRY_SIZE;
 338              		.loc 1 260 56 view .LVU123
 339 0136 626D     		ldr	r2, [r4, #84]
 259:Middlewares/ST/filex/common/src/fx_directory_next_entry_find.c ****                                    ((ULONG64)media_ptr -> fx_media_sectors_per_cluster) * i) /
 340              		.loc 1 259 86 view .LVU124
 341 0138 A3FB0231 		umull	r3, r1, r3, r2
 260:Middlewares/ST/filex/common/src/fx_directory_next_entry_find.c ****                     (ULONG64)FX_DIR_ENTRY_SIZE;
 342              		.loc 1 260 89 view .LVU125
 343 013c A7FB0332 		umull	r3, r2, r7, r3
 344 0140 07FB0127 		mla	r7, r7, r1, r2
ARM GAS  C:\Users\HP\AppData\Local\Temp\ccJsuFfN.s 			page 17


 345              	.LVL35:
 259:Middlewares/ST/filex/common/src/fx_directory_next_entry_find.c ****                                    ((ULONG64)media_ptr -> fx_media_sectors_per_cluster) * i) /
 346              		.loc 1 259 32 view .LVU126
 347 0144 5D09     		lsrs	r5, r3, #5
 348              	.LVL36:
 259:Middlewares/ST/filex/common/src/fx_directory_next_entry_find.c ****                                    ((ULONG64)media_ptr -> fx_media_sectors_per_cluster) * i) /
 349              		.loc 1 259 32 view .LVU127
 350 0146 45EAC765 		orr	r5, r5, r7, lsl #27
 351 014a 7F09     		lsrs	r7, r7, #5
 352              	.LVL37:
 264:Middlewares/ST/filex/common/src/fx_directory_next_entry_find.c ****             }
 353              		.loc 1 264 17 is_stmt 1 view .LVU128
 264:Middlewares/ST/filex/common/src/fx_directory_next_entry_find.c ****             }
 354              		.loc 1 264 58 is_stmt 0 view .LVU129
 355 014c CBF83850 		str	r5, [fp, #56]
 356 0150 CBF83C70 		str	r7, [fp, #60]
 357 0154 A5E7     		b	.L13
 358              	.LVL38:
 359              	.L6:
 274:Middlewares/ST/filex/common/src/fx_directory_next_entry_find.c ****     }
 360              		.loc 1 274 9 is_stmt 1 view .LVU130
 274:Middlewares/ST/filex/common/src/fx_directory_next_entry_find.c ****     }
 361              		.loc 1 274 24 is_stmt 0 view .LVU131
 362 0156 A56F     		ldr	r5, [r4, #120]
 363 0158 0027     		movs	r7, #0
 364              	.LVL39:
 278:Middlewares/ST/filex/common/src/fx_directory_next_entry_find.c **** 
 365              		.loc 1 278 5 is_stmt 1 view .LVU132
 281:Middlewares/ST/filex/common/src/fx_directory_next_entry_find.c ****     {
 366              		.loc 1 281 5 view .LVU133
 281:Middlewares/ST/filex/common/src/fx_directory_next_entry_find.c ****     {
 367              		.loc 1 281 11 is_stmt 0 view .LVU134
 368 015a A2E7     		b	.L13
 369              	.LVL40:
 370              	.L42:
 293:Middlewares/ST/filex/common/src/fx_directory_next_entry_find.c **** 
 371              		.loc 1 293 13 is_stmt 1 view .LVU135
 372 015c 0198     		ldr	r0, [sp, #4]
 373              	.LVL41:
 293:Middlewares/ST/filex/common/src/fx_directory_next_entry_find.c **** 
 374              		.loc 1 293 13 is_stmt 0 view .LVU136
 375 015e FFF7FEFF 		bl	_tx_mutex_put
 376              	.LVL42:
 296:Middlewares/ST/filex/common/src/fx_directory_next_entry_find.c ****         }
 377              		.loc 1 296 13 is_stmt 1 view .LVU137
 296:Middlewares/ST/filex/common/src/fx_directory_next_entry_find.c ****         }
 378              		.loc 1 296 19 is_stmt 0 view .LVU138
 379 0162 62E7     		b	.L1
 380              	.LVL43:
 381              	.L43:
 318:Middlewares/ST/filex/common/src/fx_directory_next_entry_find.c ****             continue;
 382              		.loc 1 318 13 is_stmt 1 view .LVU139
 318:Middlewares/ST/filex/common/src/fx_directory_next_entry_find.c ****             continue;
 383              		.loc 1 318 22 is_stmt 0 view .LVU140
 384 0164 D9F87032 		ldr	r3, [r9, #624]
 318:Middlewares/ST/filex/common/src/fx_directory_next_entry_find.c ****             continue;
 385              		.loc 1 318 46 view .LVU141
ARM GAS  C:\Users\HP\AppData\Local\Temp\ccJsuFfN.s 			page 18


 386 0168 0133     		adds	r3, r3, #1
 387 016a C9F87032 		str	r3, [r9, #624]
 319:Middlewares/ST/filex/common/src/fx_directory_next_entry_find.c ****         }
 388              		.loc 1 319 13 is_stmt 1 view .LVU142
 389 016e 98E7     		b	.L13
 390              	.LVL44:
 391              	.L18:
 334:Middlewares/ST/filex/common/src/fx_directory_next_entry_find.c ****                 directory_name++;
 392              		.loc 1 334 17 discriminator 3 view .LVU143
 334:Middlewares/ST/filex/common/src/fx_directory_next_entry_find.c ****                 directory_name++;
 393              		.loc 1 334 33 is_stmt 0 discriminator 3 view .LVU144
 394 0170 06F8012B 		strb	r2, [r6], #1
 395              	.LVL45:
 335:Middlewares/ST/filex/common/src/fx_directory_next_entry_find.c ****             }
 396              		.loc 1 335 17 is_stmt 1 discriminator 3 view .LVU145
 331:Middlewares/ST/filex/common/src/fx_directory_next_entry_find.c ****             {
 397              		.loc 1 331 53 discriminator 3 view .LVU146
 331:Middlewares/ST/filex/common/src/fx_directory_next_entry_find.c ****             {
 398              		.loc 1 331 54 is_stmt 0 discriminator 3 view .LVU147
 399 0174 0133     		adds	r3, r3, #1
 400              	.LVL46:
 401              	.L16:
 331:Middlewares/ST/filex/common/src/fx_directory_next_entry_find.c ****             {
 402              		.loc 1 331 25 is_stmt 1 discriminator 1 view .LVU148
 331:Middlewares/ST/filex/common/src/fx_directory_next_entry_find.c ****             {
 403              		.loc 1 331 30 is_stmt 0 discriminator 1 view .LVU149
 404 0176 029A     		ldr	r2, [sp, #8]
 331:Middlewares/ST/filex/common/src/fx_directory_next_entry_find.c ****             {
 405              		.loc 1 331 48 discriminator 1 view .LVU150
 406 0178 D25C     		ldrb	r2, [r2, r3]	@ zero_extendqisi2
 331:Middlewares/ST/filex/common/src/fx_directory_next_entry_find.c ****             {
 407              		.loc 1 331 13 discriminator 1 view .LVU151
 408 017a 002A     		cmp	r2, #0
 409 017c F8D1     		bne	.L18
 339:Middlewares/ST/filex/common/src/fx_directory_next_entry_find.c **** 
 410              		.loc 1 339 13 is_stmt 1 view .LVU152
 339:Middlewares/ST/filex/common/src/fx_directory_next_entry_find.c **** 
 411              		.loc 1 339 29 is_stmt 0 view .LVU153
 412 017e 0023     		movs	r3, #0
 413              	.LVL47:
 339:Middlewares/ST/filex/common/src/fx_directory_next_entry_find.c **** 
 414              		.loc 1 339 29 view .LVU154
 415 0180 3370     		strb	r3, [r6]
 342:Middlewares/ST/filex/common/src/fx_directory_next_entry_find.c **** 
 416              		.loc 1 342 13 is_stmt 1 view .LVU155
 342:Middlewares/ST/filex/common/src/fx_directory_next_entry_find.c **** 
 417              		.loc 1 342 22 is_stmt 0 view .LVU156
 418 0182 D9F87032 		ldr	r3, [r9, #624]
 342:Middlewares/ST/filex/common/src/fx_directory_next_entry_find.c **** 
 419              		.loc 1 342 46 view .LVU157
 420 0186 0133     		adds	r3, r3, #1
 421 0188 C9F87032 		str	r3, [r9, #624]
 422              	.LBB2:
 346:Middlewares/ST/filex/common/src/fx_directory_next_entry_find.c **** 
 423              		.loc 1 346 13 is_stmt 1 view .LVU158
 352:Middlewares/ST/filex/common/src/fx_directory_next_entry_find.c **** 
 424              		.loc 1 352 17 view .LVU159
ARM GAS  C:\Users\HP\AppData\Local\Temp\ccJsuFfN.s 			page 19


 425              	.LVL48:
 355:Middlewares/ST/filex/common/src/fx_directory_next_entry_find.c ****                 {
 426              		.loc 1 355 17 view .LVU160
 355:Middlewares/ST/filex/common/src/fx_directory_next_entry_find.c ****                 {
 427              		.loc 1 355 20 is_stmt 0 view .LVU161
 428 018c BAF1000F 		cmp	r10, #0
 429 0190 03D0     		beq	.L46
 352:Middlewares/ST/filex/common/src/fx_directory_next_entry_find.c **** 
 430              		.loc 1 352 19 view .LVU162
 431 0192 4346     		mov	r3, r8
 432 0194 07E0     		b	.L19
 433              	.LVL49:
 434              	.L37:
 352:Middlewares/ST/filex/common/src/fx_directory_next_entry_find.c **** 
 435              		.loc 1 352 19 view .LVU163
 436              	.LBE2:
 331:Middlewares/ST/filex/common/src/fx_directory_next_entry_find.c ****             {
 437              		.loc 1 331 20 view .LVU164
 438 0196 4346     		mov	r3, r8
 439 0198 EDE7     		b	.L16
 440              	.LVL50:
 441              	.L46:
 442              	.LBB3:
 352:Middlewares/ST/filex/common/src/fx_directory_next_entry_find.c **** 
 443              		.loc 1 352 19 view .LVU165
 444 019a 4346     		mov	r3, r8
 445 019c 09E0     		b	.L20
 446              	.LVL51:
 447              	.L21:
 363:Middlewares/ST/filex/common/src/fx_directory_next_entry_find.c **** 
 448              		.loc 1 363 25 is_stmt 1 view .LVU166
 363:Middlewares/ST/filex/common/src/fx_directory_next_entry_find.c **** 
 449              		.loc 1 363 66 is_stmt 0 view .LVU167
 450 019e E118     		adds	r1, r4, r3
 451 01a0 81F8E023 		strb	r2, [r1, #992]
 366:Middlewares/ST/filex/common/src/fx_directory_next_entry_find.c ****                     }
 452              		.loc 1 366 25 is_stmt 1 view .LVU168
 366:Middlewares/ST/filex/common/src/fx_directory_next_entry_find.c ****                     }
 453              		.loc 1 366 26 is_stmt 0 view .LVU169
 454 01a4 0133     		adds	r3, r3, #1
 455              	.LVL52:
 456              	.L19:
 359:Middlewares/ST/filex/common/src/fx_directory_next_entry_find.c ****                     {
 457              		.loc 1 359 27 is_stmt 1 view .LVU170
 458 01a6 FE2B     		cmp	r3, #254
 459 01a8 03D8     		bhi	.L20
 359:Middlewares/ST/filex/common/src/fx_directory_next_entry_find.c ****                     {
 460              		.loc 1 359 80 is_stmt 0 discriminator 1 view .LVU171
 461 01aa 1AF80320 		ldrb	r2, [r10, r3]	@ zero_extendqisi2
 359:Middlewares/ST/filex/common/src/fx_directory_next_entry_find.c ****                     {
 462              		.loc 1 359 61 discriminator 1 view .LVU172
 463 01ae 002A     		cmp	r2, #0
 464 01b0 F5D1     		bne	.L21
 465              	.LVL53:
 466              	.L20:
 371:Middlewares/ST/filex/common/src/fx_directory_next_entry_find.c **** 
 467              		.loc 1 371 17 is_stmt 1 view .LVU173
ARM GAS  C:\Users\HP\AppData\Local\Temp\ccJsuFfN.s 			page 20


 371:Middlewares/ST/filex/common/src/fx_directory_next_entry_find.c **** 
 468              		.loc 1 371 56 is_stmt 0 view .LVU174
 469 01b2 5D1C     		adds	r5, r3, #1
 470              	.LVL54:
 371:Middlewares/ST/filex/common/src/fx_directory_next_entry_find.c **** 
 471              		.loc 1 371 60 view .LVU175
 472 01b4 2344     		add	r3, r3, r4
 473 01b6 2F22     		movs	r2, #47
 474 01b8 83F8E023 		strb	r2, [r3, #992]
 374:Middlewares/ST/filex/common/src/fx_directory_next_entry_find.c ****                 while ((v < FX_MAX_LAST_NAME_LEN) && (entry.fx_dir_entry_name[j]))
 475              		.loc 1 374 17 is_stmt 1 view .LVU176
 476              	.LVL55:
 375:Middlewares/ST/filex/common/src/fx_directory_next_entry_find.c ****                 {
 477              		.loc 1 375 17 view .LVU177
 374:Middlewares/ST/filex/common/src/fx_directory_next_entry_find.c ****                 while ((v < FX_MAX_LAST_NAME_LEN) && (entry.fx_dir_entry_name[j]))
 478              		.loc 1 374 19 is_stmt 0 view .LVU178
 479 01bc 4346     		mov	r3, r8
 375:Middlewares/ST/filex/common/src/fx_directory_next_entry_find.c ****                 {
 480              		.loc 1 375 23 view .LVU179
 481 01be 04E0     		b	.L22
 482              	.LVL56:
 483              	.L24:
 379:Middlewares/ST/filex/common/src/fx_directory_next_entry_find.c **** 
 484              		.loc 1 379 21 is_stmt 1 view .LVU180
 379:Middlewares/ST/filex/common/src/fx_directory_next_entry_find.c **** 
 485              		.loc 1 379 62 is_stmt 0 view .LVU181
 486 01c0 6119     		adds	r1, r4, r5
 487 01c2 81F8E023 		strb	r2, [r1, #992]
 382:Middlewares/ST/filex/common/src/fx_directory_next_entry_find.c ****                     j++;
 488              		.loc 1 382 21 is_stmt 1 view .LVU182
 382:Middlewares/ST/filex/common/src/fx_directory_next_entry_find.c ****                     j++;
 489              		.loc 1 382 22 is_stmt 0 view .LVU183
 490 01c6 0135     		adds	r5, r5, #1
 491              	.LVL57:
 383:Middlewares/ST/filex/common/src/fx_directory_next_entry_find.c ****                 }
 492              		.loc 1 383 21 is_stmt 1 view .LVU184
 383:Middlewares/ST/filex/common/src/fx_directory_next_entry_find.c ****                 }
 493              		.loc 1 383 22 is_stmt 0 view .LVU185
 494 01c8 0133     		adds	r3, r3, #1
 495              	.LVL58:
 496              	.L22:
 375:Middlewares/ST/filex/common/src/fx_directory_next_entry_find.c ****                 {
 497              		.loc 1 375 23 is_stmt 1 view .LVU186
 498 01ca FF2D     		cmp	r5, #255
 499 01cc 03D8     		bhi	.L23
 375:Middlewares/ST/filex/common/src/fx_directory_next_entry_find.c ****                 {
 500              		.loc 1 375 60 is_stmt 0 discriminator 1 view .LVU187
 501 01ce 029A     		ldr	r2, [sp, #8]
 375:Middlewares/ST/filex/common/src/fx_directory_next_entry_find.c ****                 {
 502              		.loc 1 375 78 discriminator 1 view .LVU188
 503 01d0 D25C     		ldrb	r2, [r2, r3]	@ zero_extendqisi2
 375:Middlewares/ST/filex/common/src/fx_directory_next_entry_find.c ****                 {
 504              		.loc 1 375 51 discriminator 1 view .LVU189
 505 01d2 002A     		cmp	r2, #0
 506 01d4 F4D1     		bne	.L24
 507              	.L23:
 387:Middlewares/ST/filex/common/src/fx_directory_next_entry_find.c ****                 {
ARM GAS  C:\Users\HP\AppData\Local\Temp\ccJsuFfN.s 			page 21


 508              		.loc 1 387 17 is_stmt 1 view .LVU190
 387:Middlewares/ST/filex/common/src/fx_directory_next_entry_find.c ****                 {
 509              		.loc 1 387 20 is_stmt 0 view .LVU191
 510 01d6 FF2D     		cmp	r5, #255
 511 01d8 1BD8     		bhi	.L25
 391:Middlewares/ST/filex/common/src/fx_directory_next_entry_find.c ****                 }
 512              		.loc 1 391 21 is_stmt 1 view .LVU192
 391:Middlewares/ST/filex/common/src/fx_directory_next_entry_find.c ****                 }
 513              		.loc 1 391 62 is_stmt 0 view .LVU193
 514 01da 6319     		adds	r3, r4, r5
 515              	.LVL59:
 391:Middlewares/ST/filex/common/src/fx_directory_next_entry_find.c ****                 }
 516              		.loc 1 391 62 view .LVU194
 517 01dc 0022     		movs	r2, #0
 518 01de 83F8E023 		strb	r2, [r3, #992]
 519              	.L26:
 401:Middlewares/ST/filex/common/src/fx_directory_next_entry_find.c ****                 {
 520              		.loc 1 401 17 is_stmt 1 view .LVU195
 401:Middlewares/ST/filex/common/src/fx_directory_next_entry_find.c ****                 {
 521              		.loc 1 401 20 is_stmt 0 view .LVU196
 522 01e2 BBF1000F 		cmp	fp, #0
 523 01e6 18D0     		beq	.L27
 405:Middlewares/ST/filex/common/src/fx_directory_next_entry_find.c **** 
 524              		.loc 1 405 21 is_stmt 1 view .LVU197
 405:Middlewares/ST/filex/common/src/fx_directory_next_entry_find.c **** 
 525              		.loc 1 405 64 is_stmt 0 view .LVU198
 526 01e8 7022     		movs	r2, #112
 527 01ea 5946     		mov	r1, fp
 528 01ec 04F50070 		add	r0, r4, #512
 529              	.LVL60:
 405:Middlewares/ST/filex/common/src/fx_directory_next_entry_find.c **** 
 530              		.loc 1 405 64 view .LVU199
 531 01f0 FFF7FEFF 		bl	memcpy
 532              	.LVL61:
 408:Middlewares/ST/filex/common/src/fx_directory_next_entry_find.c ****                 }
 533              		.loc 1 408 21 is_stmt 1 view .LVU200
 408:Middlewares/ST/filex/common/src/fx_directory_next_entry_find.c ****                 }
 534              		.loc 1 408 70 is_stmt 0 view .LVU201
 535 01f4 0123     		movs	r3, #1
 536 01f6 C4F8FC31 		str	r3, [r4, #508]
 537              	.L28:
 418:Middlewares/ST/filex/common/src/fx_directory_next_entry_find.c **** 
 538              		.loc 1 418 17 is_stmt 1 view .LVU202
 418:Middlewares/ST/filex/common/src/fx_directory_next_entry_find.c **** 
 539              		.loc 1 418 56 is_stmt 0 view .LVU203
 540 01fa 7022     		movs	r2, #112
 541 01fc 02A9     		add	r1, sp, #8
 542 01fe 04F51C70 		add	r0, r4, #624
 543 0202 FFF7FEFF 		bl	memcpy
 544              	.LVL62:
 421:Middlewares/ST/filex/common/src/fx_directory_next_entry_find.c **** 
 545              		.loc 1 421 17 is_stmt 1 view .LVU204
 421:Middlewares/ST/filex/common/src/fx_directory_next_entry_find.c **** 
 546              		.loc 1 421 77 is_stmt 0 view .LVU205
 547 0206 04F53873 		add	r3, r4, #736
 421:Middlewares/ST/filex/common/src/fx_directory_next_entry_find.c **** 
 548              		.loc 1 421 74 view .LVU206
ARM GAS  C:\Users\HP\AppData\Local\Temp\ccJsuFfN.s 			page 22


 549 020a C4F87032 		str	r3, [r4, #624]
 424:Middlewares/ST/filex/common/src/fx_directory_next_entry_find.c ****                 {
 550              		.loc 1 424 17 is_stmt 1 view .LVU207
 551              	.LVL63:
 424:Middlewares/ST/filex/common/src/fx_directory_next_entry_find.c ****                 {
 552              		.loc 1 424 28 is_stmt 0 view .LVU208
 553 020e 4346     		mov	r3, r8
 424:Middlewares/ST/filex/common/src/fx_directory_next_entry_find.c ****                 {
 554              		.loc 1 424 17 view .LVU209
 555 0210 08E0     		b	.L29
 556              	.LVL64:
 557              	.L25:
 397:Middlewares/ST/filex/common/src/fx_directory_next_entry_find.c ****                 }
 558              		.loc 1 397 21 is_stmt 1 view .LVU210
 397:Middlewares/ST/filex/common/src/fx_directory_next_entry_find.c ****                 }
 559              		.loc 1 397 62 is_stmt 0 view .LVU211
 560 0212 0023     		movs	r3, #0
 561              	.LVL65:
 397:Middlewares/ST/filex/common/src/fx_directory_next_entry_find.c ****                 }
 562              		.loc 1 397 62 view .LVU212
 563 0214 84F8E033 		strb	r3, [r4, #992]
 564 0218 E3E7     		b	.L26
 565              	.L27:
 414:Middlewares/ST/filex/common/src/fx_directory_next_entry_find.c ****                 }
 566              		.loc 1 414 21 is_stmt 1 view .LVU213
 414:Middlewares/ST/filex/common/src/fx_directory_next_entry_find.c ****                 }
 567              		.loc 1 414 70 is_stmt 0 view .LVU214
 568 021a 0023     		movs	r3, #0
 569 021c C4F8FC31 		str	r3, [r4, #508]
 570 0220 EBE7     		b	.L28
 571              	.LVL66:
 572              	.L30:
 424:Middlewares/ST/filex/common/src/fx_directory_next_entry_find.c ****                 {
 573              		.loc 1 424 63 is_stmt 1 discriminator 2 view .LVU215
 424:Middlewares/ST/filex/common/src/fx_directory_next_entry_find.c ****                 {
 574              		.loc 1 424 68 is_stmt 0 discriminator 2 view .LVU216
 575 0222 0133     		adds	r3, r3, #1
 576              	.LVL67:
 577              	.L29:
 424:Middlewares/ST/filex/common/src/fx_directory_next_entry_find.c ****                 {
 578              		.loc 1 424 33 is_stmt 1 discriminator 1 view .LVU217
 424:Middlewares/ST/filex/common/src/fx_directory_next_entry_find.c ****                 {
 579              		.loc 1 424 17 is_stmt 0 discriminator 1 view .LVU218
 580 0224 FF2B     		cmp	r3, #255
 581 0226 3FF65AAF 		bhi	.L17
 428:Middlewares/ST/filex/common/src/fx_directory_next_entry_find.c **** 
 582              		.loc 1 428 21 is_stmt 1 view .LVU219
 428:Middlewares/ST/filex/common/src/fx_directory_next_entry_find.c **** 
 583              		.loc 1 428 79 is_stmt 0 view .LVU220
 584 022a 029A     		ldr	r2, [sp, #8]
 428:Middlewares/ST/filex/common/src/fx_directory_next_entry_find.c **** 
 585              		.loc 1 428 97 view .LVU221
 586 022c D05C     		ldrb	r0, [r2, r3]	@ zero_extendqisi2
 428:Middlewares/ST/filex/common/src/fx_directory_next_entry_find.c **** 
 587              		.loc 1 428 71 view .LVU222
 588 022e E118     		adds	r1, r4, r3
 589 0230 81F8E002 		strb	r0, [r1, #736]
ARM GAS  C:\Users\HP\AppData\Local\Temp\ccJsuFfN.s 			page 23


 431:Middlewares/ST/filex/common/src/fx_directory_next_entry_find.c ****                     {
 590              		.loc 1 431 21 is_stmt 1 view .LVU223
 431:Middlewares/ST/filex/common/src/fx_directory_next_entry_find.c ****                     {
 591              		.loc 1 431 48 is_stmt 0 view .LVU224
 592 0234 D25C     		ldrb	r2, [r2, r3]	@ zero_extendqisi2
 431:Middlewares/ST/filex/common/src/fx_directory_next_entry_find.c ****                     {
 593              		.loc 1 431 24 view .LVU225
 594 0236 002A     		cmp	r2, #0
 595 0238 F3D1     		bne	.L30
 435:Middlewares/ST/filex/common/src/fx_directory_next_entry_find.c ****                         {
 596              		.loc 1 435 25 is_stmt 1 view .LVU226
 435:Middlewares/ST/filex/common/src/fx_directory_next_entry_find.c ****                         {
 597              		.loc 1 435 28 is_stmt 0 view .LVU227
 598 023a FE2D     		cmp	r5, #254
 599 023c F1D8     		bhi	.L30
 600 023e 4EE7     		b	.L17
 601              	.LVL68:
 602              	.L41:
 435:Middlewares/ST/filex/common/src/fx_directory_next_entry_find.c ****                         {
 603              		.loc 1 435 28 view .LVU228
 604              	.LBE3:
 278:Middlewares/ST/filex/common/src/fx_directory_next_entry_find.c **** 
 605              		.loc 1 278 12 view .LVU229
 606 0240 4FF00F08 		mov	r8, #15
 607 0244 4BE7     		b	.L17
 608              	.LVL69:
 609              	.L34:
 128:Middlewares/ST/filex/common/src/fx_directory_next_entry_find.c **** 
 610              		.loc 1 128 5 view .LVU230
 611 0246 4FF01108 		mov	r8, #17
 612 024a EEE6     		b	.L1
 613              	.L48:
 614              		.align	2
 615              	.L47:
 616 024c 4944454D 		.word	1296385097
 617 0250 00000000 		.word	_tx_thread_current_ptr
 618              		.cfi_endproc
 619              	.LFE8:
 621              		.text
 622              	.Letext0:
 623              		.file 2 "Middlewares/ST/threadx/ports/cortex_m4/gnu/inc/tx_port.h"
 624              		.file 3 "Middlewares/ST/threadx/common/inc/tx_api.h"
 625              		.file 4 "Middlewares/ST/filex/common/inc/fx_api.h"
 626              		.file 5 "Middlewares/ST/filex/common/inc/fx_directory.h"
 627              		.file 6 "Middlewares/ST/filex/common/inc/fx_utility.h"
 628              		.file 7 "<built-in>"
ARM GAS  C:\Users\HP\AppData\Local\Temp\ccJsuFfN.s 			page 24


DEFINED SYMBOLS
                            *ABS*:00000000 fx_directory_next_entry_find.c
C:\Users\HP\AppData\Local\Temp\ccJsuFfN.s:20     .text._fx_directory_next_entry_find:00000000 $t
C:\Users\HP\AppData\Local\Temp\ccJsuFfN.s:26     .text._fx_directory_next_entry_find:00000000 _fx_directory_next_entry_find
C:\Users\HP\AppData\Local\Temp\ccJsuFfN.s:616    .text._fx_directory_next_entry_find:0000024c $d

UNDEFINED SYMBOLS
_tx_mutex_get
_fx_directory_entry_read
_tx_mutex_put
_fx_utility_FAT_entry_read
memcpy
_tx_thread_current_ptr
