ARM GAS  C:\Users\HP\AppData\Local\Temp\ccySFNDM.s 			page 1


   1              		.cpu cortex-m4
   2              		.arch armv7e-m
   3              		.fpu fpv4-sp-d16
   4              		.eabi_attribute 27, 1
   5              		.eabi_attribute 28, 1
   6              		.eabi_attribute 20, 1
   7              		.eabi_attribute 21, 1
   8              		.eabi_attribute 23, 3
   9              		.eabi_attribute 24, 1
  10              		.eabi_attribute 25, 1
  11              		.eabi_attribute 26, 1
  12              		.eabi_attribute 30, 1
  13              		.eabi_attribute 34, 1
  14              		.eabi_attribute 18, 4
  15              		.file	"fx_directory_attributes_set.c"
  16              		.text
  17              	.Ltext0:
  18              		.cfi_sections	.debug_frame
  19              		.section	.text._fx_directory_attributes_set,"ax",%progbits
  20              		.align	1
  21              		.global	_fx_directory_attributes_set
  22              		.syntax unified
  23              		.thumb
  24              		.thumb_func
  26              	_fx_directory_attributes_set:
  27              	.LVL0:
  28              	.LFB8:
  29              		.file 1 "Middlewares/ST/filex/common/src/fx_directory_attributes_set.c"
   1:Middlewares/ST/filex/common/src/fx_directory_attributes_set.c **** /**************************************************************************/
   2:Middlewares/ST/filex/common/src/fx_directory_attributes_set.c **** /*                                                                        */
   3:Middlewares/ST/filex/common/src/fx_directory_attributes_set.c **** /*       Copyright (c) Microsoft Corporation. All rights reserved.        */
   4:Middlewares/ST/filex/common/src/fx_directory_attributes_set.c **** /*                                                                        */
   5:Middlewares/ST/filex/common/src/fx_directory_attributes_set.c **** /*       This software is licensed under the Microsoft Software License   */
   6:Middlewares/ST/filex/common/src/fx_directory_attributes_set.c **** /*       Terms for Microsoft Azure RTOS. Full text of the license can be  */
   7:Middlewares/ST/filex/common/src/fx_directory_attributes_set.c **** /*       found in the LICENSE file at https://aka.ms/AzureRTOS_EULA       */
   8:Middlewares/ST/filex/common/src/fx_directory_attributes_set.c **** /*       and in the root directory of this software.                      */
   9:Middlewares/ST/filex/common/src/fx_directory_attributes_set.c **** /*                                                                        */
  10:Middlewares/ST/filex/common/src/fx_directory_attributes_set.c **** /**************************************************************************/
  11:Middlewares/ST/filex/common/src/fx_directory_attributes_set.c **** 
  12:Middlewares/ST/filex/common/src/fx_directory_attributes_set.c **** 
  13:Middlewares/ST/filex/common/src/fx_directory_attributes_set.c **** /**************************************************************************/
  14:Middlewares/ST/filex/common/src/fx_directory_attributes_set.c **** /**************************************************************************/
  15:Middlewares/ST/filex/common/src/fx_directory_attributes_set.c **** /**                                                                       */
  16:Middlewares/ST/filex/common/src/fx_directory_attributes_set.c **** /** FileX Component                                                       */
  17:Middlewares/ST/filex/common/src/fx_directory_attributes_set.c **** /**                                                                       */
  18:Middlewares/ST/filex/common/src/fx_directory_attributes_set.c **** /**   Directory                                                           */
  19:Middlewares/ST/filex/common/src/fx_directory_attributes_set.c **** /**                                                                       */
  20:Middlewares/ST/filex/common/src/fx_directory_attributes_set.c **** /**************************************************************************/
  21:Middlewares/ST/filex/common/src/fx_directory_attributes_set.c **** /**************************************************************************/
  22:Middlewares/ST/filex/common/src/fx_directory_attributes_set.c **** 
  23:Middlewares/ST/filex/common/src/fx_directory_attributes_set.c **** #define FX_SOURCE_CODE
  24:Middlewares/ST/filex/common/src/fx_directory_attributes_set.c **** 
  25:Middlewares/ST/filex/common/src/fx_directory_attributes_set.c **** 
  26:Middlewares/ST/filex/common/src/fx_directory_attributes_set.c **** /* Include necessary system files.  */
  27:Middlewares/ST/filex/common/src/fx_directory_attributes_set.c **** 
  28:Middlewares/ST/filex/common/src/fx_directory_attributes_set.c **** #include "fx_api.h"
  29:Middlewares/ST/filex/common/src/fx_directory_attributes_set.c **** #include "fx_system.h"
ARM GAS  C:\Users\HP\AppData\Local\Temp\ccySFNDM.s 			page 2


  30:Middlewares/ST/filex/common/src/fx_directory_attributes_set.c **** #include "fx_directory.h"
  31:Middlewares/ST/filex/common/src/fx_directory_attributes_set.c **** #include "fx_file.h"
  32:Middlewares/ST/filex/common/src/fx_directory_attributes_set.c **** #include "fx_utility.h"
  33:Middlewares/ST/filex/common/src/fx_directory_attributes_set.c **** #ifdef FX_ENABLE_FAULT_TOLERANT
  34:Middlewares/ST/filex/common/src/fx_directory_attributes_set.c **** #include "fx_fault_tolerant.h"
  35:Middlewares/ST/filex/common/src/fx_directory_attributes_set.c **** #endif /* FX_ENABLE_FAULT_TOLERANT */
  36:Middlewares/ST/filex/common/src/fx_directory_attributes_set.c **** 
  37:Middlewares/ST/filex/common/src/fx_directory_attributes_set.c **** 
  38:Middlewares/ST/filex/common/src/fx_directory_attributes_set.c **** /**************************************************************************/
  39:Middlewares/ST/filex/common/src/fx_directory_attributes_set.c **** /*                                                                        */
  40:Middlewares/ST/filex/common/src/fx_directory_attributes_set.c **** /*  FUNCTION                                               RELEASE        */
  41:Middlewares/ST/filex/common/src/fx_directory_attributes_set.c **** /*                                                                        */
  42:Middlewares/ST/filex/common/src/fx_directory_attributes_set.c **** /*    _fx_directory_attributes_set                        PORTABLE C      */
  43:Middlewares/ST/filex/common/src/fx_directory_attributes_set.c **** /*                                                           6.1          */
  44:Middlewares/ST/filex/common/src/fx_directory_attributes_set.c **** /*  AUTHOR                                                                */
  45:Middlewares/ST/filex/common/src/fx_directory_attributes_set.c **** /*                                                                        */
  46:Middlewares/ST/filex/common/src/fx_directory_attributes_set.c **** /*    William E. Lamie, Microsoft Corporation                             */
  47:Middlewares/ST/filex/common/src/fx_directory_attributes_set.c **** /*                                                                        */
  48:Middlewares/ST/filex/common/src/fx_directory_attributes_set.c **** /*  DESCRIPTION                                                           */
  49:Middlewares/ST/filex/common/src/fx_directory_attributes_set.c **** /*                                                                        */
  50:Middlewares/ST/filex/common/src/fx_directory_attributes_set.c **** /*    This function first attempts to find the specified directory.  If   */
  51:Middlewares/ST/filex/common/src/fx_directory_attributes_set.c **** /*    found, the attribute set request is valid and the directory will    */
  52:Middlewares/ST/filex/common/src/fx_directory_attributes_set.c **** /*    be modified with the new attributes.  Otherwise, if the directory   */
  53:Middlewares/ST/filex/common/src/fx_directory_attributes_set.c **** /*    is not found, the appropriate error code is returned to the caller. */
  54:Middlewares/ST/filex/common/src/fx_directory_attributes_set.c **** /*                                                                        */
  55:Middlewares/ST/filex/common/src/fx_directory_attributes_set.c **** /*  INPUT                                                                 */
  56:Middlewares/ST/filex/common/src/fx_directory_attributes_set.c **** /*                                                                        */
  57:Middlewares/ST/filex/common/src/fx_directory_attributes_set.c **** /*    media_ptr                             Media control block pointer   */
  58:Middlewares/ST/filex/common/src/fx_directory_attributes_set.c **** /*    directory_name                        Directory name pointer        */
  59:Middlewares/ST/filex/common/src/fx_directory_attributes_set.c **** /*    attributes                            New dir attributes            */
  60:Middlewares/ST/filex/common/src/fx_directory_attributes_set.c **** /*                                                                        */
  61:Middlewares/ST/filex/common/src/fx_directory_attributes_set.c **** /*  OUTPUT                                                                */
  62:Middlewares/ST/filex/common/src/fx_directory_attributes_set.c **** /*                                                                        */
  63:Middlewares/ST/filex/common/src/fx_directory_attributes_set.c **** /*    return status                                                       */
  64:Middlewares/ST/filex/common/src/fx_directory_attributes_set.c **** /*                                                                        */
  65:Middlewares/ST/filex/common/src/fx_directory_attributes_set.c **** /*  CALLS                                                                 */
  66:Middlewares/ST/filex/common/src/fx_directory_attributes_set.c **** /*                                                                        */
  67:Middlewares/ST/filex/common/src/fx_directory_attributes_set.c **** /*    _fx_directory_entry_write             Write the new directory entry */
  68:Middlewares/ST/filex/common/src/fx_directory_attributes_set.c **** /*    _fx_directory_search                  Search for the file name in   */
  69:Middlewares/ST/filex/common/src/fx_directory_attributes_set.c **** /*                                            the directory structure     */
  70:Middlewares/ST/filex/common/src/fx_directory_attributes_set.c **** /*    _fx_fault_tolerant_transaction_start  Start fault tolerant          */
  71:Middlewares/ST/filex/common/src/fx_directory_attributes_set.c **** /*                                            transaction                 */
  72:Middlewares/ST/filex/common/src/fx_directory_attributes_set.c **** /*    _fx_fault_tolerant_transaction_end    End fault tolerant transaction*/
  73:Middlewares/ST/filex/common/src/fx_directory_attributes_set.c **** /*    _fx_fault_tolerant_recover            Recover FAT chain             */
  74:Middlewares/ST/filex/common/src/fx_directory_attributes_set.c **** /*    _fx_fault_tolerant_reset_log_file     Reset the log file            */
  75:Middlewares/ST/filex/common/src/fx_directory_attributes_set.c **** /*                                                                        */
  76:Middlewares/ST/filex/common/src/fx_directory_attributes_set.c **** /*  CALLED BY                                                             */
  77:Middlewares/ST/filex/common/src/fx_directory_attributes_set.c **** /*                                                                        */
  78:Middlewares/ST/filex/common/src/fx_directory_attributes_set.c **** /*    Application Code                                                    */
  79:Middlewares/ST/filex/common/src/fx_directory_attributes_set.c **** /*                                                                        */
  80:Middlewares/ST/filex/common/src/fx_directory_attributes_set.c **** /*  RELEASE HISTORY                                                       */
  81:Middlewares/ST/filex/common/src/fx_directory_attributes_set.c **** /*                                                                        */
  82:Middlewares/ST/filex/common/src/fx_directory_attributes_set.c **** /*    DATE              NAME                      DESCRIPTION             */
  83:Middlewares/ST/filex/common/src/fx_directory_attributes_set.c **** /*                                                                        */
  84:Middlewares/ST/filex/common/src/fx_directory_attributes_set.c **** /*  05-19-2020     William E. Lamie         Initial Version 6.0           */
  85:Middlewares/ST/filex/common/src/fx_directory_attributes_set.c **** /*  09-30-2020     William E. Lamie         Modified comment(s),          */
  86:Middlewares/ST/filex/common/src/fx_directory_attributes_set.c **** /*                                            resulting in version 6.1    */
ARM GAS  C:\Users\HP\AppData\Local\Temp\ccySFNDM.s 			page 3


  87:Middlewares/ST/filex/common/src/fx_directory_attributes_set.c **** /*                                                                        */
  88:Middlewares/ST/filex/common/src/fx_directory_attributes_set.c **** /**************************************************************************/
  89:Middlewares/ST/filex/common/src/fx_directory_attributes_set.c **** UINT  _fx_directory_attributes_set(FX_MEDIA *media_ptr, CHAR *directory_name, UINT attributes)
  90:Middlewares/ST/filex/common/src/fx_directory_attributes_set.c **** {
  30              		.loc 1 90 1 view -0
  31              		.cfi_startproc
  32              		@ args = 0, pretend = 0, frame = 112
  33              		@ frame_needed = 0, uses_anonymous_args = 0
  34              		.loc 1 90 1 is_stmt 0 view .LVU1
  35 0000 F0B5     		push	{r4, r5, r6, r7, lr}
  36              	.LCFI0:
  37              		.cfi_def_cfa_offset 20
  38              		.cfi_offset 4, -20
  39              		.cfi_offset 5, -16
  40              		.cfi_offset 6, -12
  41              		.cfi_offset 7, -8
  42              		.cfi_offset 14, -4
  43 0002 9FB0     		sub	sp, sp, #124
  44              	.LCFI1:
  45              		.cfi_def_cfa_offset 144
  46 0004 1546     		mov	r5, r2
  91:Middlewares/ST/filex/common/src/fx_directory_attributes_set.c **** 
  92:Middlewares/ST/filex/common/src/fx_directory_attributes_set.c **** UINT         status;
  47              		.loc 1 92 1 is_stmt 1 view .LVU2
  93:Middlewares/ST/filex/common/src/fx_directory_attributes_set.c **** FX_DIR_ENTRY dir_entry;
  48              		.loc 1 93 1 view .LVU3
  94:Middlewares/ST/filex/common/src/fx_directory_attributes_set.c **** 
  95:Middlewares/ST/filex/common/src/fx_directory_attributes_set.c **** #ifndef FX_MEDIA_STATISTICS_DISABLE
  96:Middlewares/ST/filex/common/src/fx_directory_attributes_set.c **** 
  97:Middlewares/ST/filex/common/src/fx_directory_attributes_set.c ****     /* Increment the number of times this service has been called.  */
  98:Middlewares/ST/filex/common/src/fx_directory_attributes_set.c ****     media_ptr -> fx_media_directory_attributes_sets++;
  49              		.loc 1 98 5 view .LVU4
  50              		.loc 1 98 15 is_stmt 0 view .LVU5
  51 0006 D0F8DC30 		ldr	r3, [r0, #220]
  52              		.loc 1 98 52 view .LVU6
  53 000a 0133     		adds	r3, r3, #1
  54 000c C0F8DC30 		str	r3, [r0, #220]
  99:Middlewares/ST/filex/common/src/fx_directory_attributes_set.c **** #endif
 100:Middlewares/ST/filex/common/src/fx_directory_attributes_set.c **** 
 101:Middlewares/ST/filex/common/src/fx_directory_attributes_set.c ****     /* Setup pointer to media name buffer.  */
 102:Middlewares/ST/filex/common/src/fx_directory_attributes_set.c ****     dir_entry.fx_dir_entry_name =  media_ptr -> fx_media_name_buffer + FX_MAX_LONG_NAME_LEN;
  55              		.loc 1 102 5 is_stmt 1 view .LVU7
  56              		.loc 1 102 70 is_stmt 0 view .LVU8
  57 0010 00F69C13 		addw	r3, r0, #2460
  58              		.loc 1 102 33 view .LVU9
  59 0014 0293     		str	r3, [sp, #8]
 103:Middlewares/ST/filex/common/src/fx_directory_attributes_set.c **** 
 104:Middlewares/ST/filex/common/src/fx_directory_attributes_set.c ****     /* Clear the short name string.  */
 105:Middlewares/ST/filex/common/src/fx_directory_attributes_set.c ****     dir_entry.fx_dir_entry_short_name[0] =  0;
  60              		.loc 1 105 5 is_stmt 1 view .LVU10
  61              		.loc 1 105 42 is_stmt 0 view .LVU11
  62 0016 0023     		movs	r3, #0
  63 0018 8DF80C30 		strb	r3, [sp, #12]
 106:Middlewares/ST/filex/common/src/fx_directory_attributes_set.c **** 
 107:Middlewares/ST/filex/common/src/fx_directory_attributes_set.c ****     /* Check the media to make sure it is open.  */
 108:Middlewares/ST/filex/common/src/fx_directory_attributes_set.c ****     if (media_ptr -> fx_media_id != FX_MEDIA_ID)
  64              		.loc 1 108 5 is_stmt 1 view .LVU12
ARM GAS  C:\Users\HP\AppData\Local\Temp\ccySFNDM.s 			page 4


  65              		.loc 1 108 19 is_stmt 0 view .LVU13
  66 001c 0268     		ldr	r2, [r0]
  67              	.LVL1:
  68              		.loc 1 108 8 view .LVU14
  69 001e 1F4B     		ldr	r3, .L13
  70 0020 9A42     		cmp	r2, r3
  71 0022 03D0     		beq	.L9
 109:Middlewares/ST/filex/common/src/fx_directory_attributes_set.c ****     {
 110:Middlewares/ST/filex/common/src/fx_directory_attributes_set.c **** 
 111:Middlewares/ST/filex/common/src/fx_directory_attributes_set.c ****         /* Return the media not opened error.  */
 112:Middlewares/ST/filex/common/src/fx_directory_attributes_set.c ****         return(FX_MEDIA_NOT_OPEN);
  72              		.loc 1 112 15 view .LVU15
  73 0024 1126     		movs	r6, #17
  74              	.LVL2:
  75              	.L1:
 113:Middlewares/ST/filex/common/src/fx_directory_attributes_set.c ****     }
 114:Middlewares/ST/filex/common/src/fx_directory_attributes_set.c **** 
 115:Middlewares/ST/filex/common/src/fx_directory_attributes_set.c ****     /* If trace is enabled, insert this event into the trace buffer.  */
 116:Middlewares/ST/filex/common/src/fx_directory_attributes_set.c ****     FX_TRACE_IN_LINE_INSERT(FX_TRACE_DIRECTORY_ATTRIBUTES_SET, media_ptr, directory_name, attribute
 117:Middlewares/ST/filex/common/src/fx_directory_attributes_set.c **** 
 118:Middlewares/ST/filex/common/src/fx_directory_attributes_set.c ****     /* Protect against other threads accessing the media.  */
 119:Middlewares/ST/filex/common/src/fx_directory_attributes_set.c ****     FX_PROTECT
 120:Middlewares/ST/filex/common/src/fx_directory_attributes_set.c **** 
 121:Middlewares/ST/filex/common/src/fx_directory_attributes_set.c ****     /* Check for write protect at the media level (set by driver).  */
 122:Middlewares/ST/filex/common/src/fx_directory_attributes_set.c ****     if (media_ptr -> fx_media_driver_write_protect)
 123:Middlewares/ST/filex/common/src/fx_directory_attributes_set.c ****     {
 124:Middlewares/ST/filex/common/src/fx_directory_attributes_set.c **** 
 125:Middlewares/ST/filex/common/src/fx_directory_attributes_set.c ****         /* Release media protection.  */
 126:Middlewares/ST/filex/common/src/fx_directory_attributes_set.c ****         FX_UNPROTECT
 127:Middlewares/ST/filex/common/src/fx_directory_attributes_set.c **** 
 128:Middlewares/ST/filex/common/src/fx_directory_attributes_set.c ****         /* Return write protect error.  */
 129:Middlewares/ST/filex/common/src/fx_directory_attributes_set.c ****         return(FX_WRITE_PROTECT);
 130:Middlewares/ST/filex/common/src/fx_directory_attributes_set.c ****     }
 131:Middlewares/ST/filex/common/src/fx_directory_attributes_set.c **** 
 132:Middlewares/ST/filex/common/src/fx_directory_attributes_set.c ****     /* Search the system for the supplied file name.  */
 133:Middlewares/ST/filex/common/src/fx_directory_attributes_set.c ****     status =  _fx_directory_search(media_ptr, directory_name, &dir_entry, FX_NULL, FX_NULL);
 134:Middlewares/ST/filex/common/src/fx_directory_attributes_set.c **** 
 135:Middlewares/ST/filex/common/src/fx_directory_attributes_set.c ****     /* Determine if the search was successful.  */
 136:Middlewares/ST/filex/common/src/fx_directory_attributes_set.c ****     if (status != FX_SUCCESS)
 137:Middlewares/ST/filex/common/src/fx_directory_attributes_set.c ****     {
 138:Middlewares/ST/filex/common/src/fx_directory_attributes_set.c **** 
 139:Middlewares/ST/filex/common/src/fx_directory_attributes_set.c ****         /* Release media protection.  */
 140:Middlewares/ST/filex/common/src/fx_directory_attributes_set.c ****         FX_UNPROTECT
 141:Middlewares/ST/filex/common/src/fx_directory_attributes_set.c **** 
 142:Middlewares/ST/filex/common/src/fx_directory_attributes_set.c ****         /* Return the error code.  */
 143:Middlewares/ST/filex/common/src/fx_directory_attributes_set.c ****         return(status);
 144:Middlewares/ST/filex/common/src/fx_directory_attributes_set.c ****     }
 145:Middlewares/ST/filex/common/src/fx_directory_attributes_set.c **** 
 146:Middlewares/ST/filex/common/src/fx_directory_attributes_set.c ****     /* Check to make sure the found entry is a directory.  */
 147:Middlewares/ST/filex/common/src/fx_directory_attributes_set.c ****     if ((dir_entry.fx_dir_entry_attributes & (UCHAR)(FX_DIRECTORY)) == 0)
 148:Middlewares/ST/filex/common/src/fx_directory_attributes_set.c ****     {
 149:Middlewares/ST/filex/common/src/fx_directory_attributes_set.c **** 
 150:Middlewares/ST/filex/common/src/fx_directory_attributes_set.c ****         /* Release media protection.  */
 151:Middlewares/ST/filex/common/src/fx_directory_attributes_set.c ****         FX_UNPROTECT
 152:Middlewares/ST/filex/common/src/fx_directory_attributes_set.c **** 
 153:Middlewares/ST/filex/common/src/fx_directory_attributes_set.c ****         /* Return the not a file error code.  */
 154:Middlewares/ST/filex/common/src/fx_directory_attributes_set.c ****         return(FX_NOT_DIRECTORY);
ARM GAS  C:\Users\HP\AppData\Local\Temp\ccySFNDM.s 			page 5


 155:Middlewares/ST/filex/common/src/fx_directory_attributes_set.c ****     }
 156:Middlewares/ST/filex/common/src/fx_directory_attributes_set.c **** 
 157:Middlewares/ST/filex/common/src/fx_directory_attributes_set.c ****     /* Place the new attributes in the directory entry. Make sure that the
 158:Middlewares/ST/filex/common/src/fx_directory_attributes_set.c ****        directory bit of the attributes is never changed. */
 159:Middlewares/ST/filex/common/src/fx_directory_attributes_set.c ****     dir_entry.fx_dir_entry_attributes =  (UCHAR)(attributes | FX_DIRECTORY);
 160:Middlewares/ST/filex/common/src/fx_directory_attributes_set.c **** 
 161:Middlewares/ST/filex/common/src/fx_directory_attributes_set.c **** #ifdef FX_ENABLE_FAULT_TOLERANT
 162:Middlewares/ST/filex/common/src/fx_directory_attributes_set.c ****     /* Start transaction. */
 163:Middlewares/ST/filex/common/src/fx_directory_attributes_set.c ****     _fx_fault_tolerant_transaction_start(media_ptr);
 164:Middlewares/ST/filex/common/src/fx_directory_attributes_set.c **** #endif /* FX_ENABLE_FAULT_TOLERANT */
 165:Middlewares/ST/filex/common/src/fx_directory_attributes_set.c **** 
 166:Middlewares/ST/filex/common/src/fx_directory_attributes_set.c ****     /* Now write out the directory entry.  */
 167:Middlewares/ST/filex/common/src/fx_directory_attributes_set.c **** #ifdef FX_ENABLE_EXFAT
 168:Middlewares/ST/filex/common/src/fx_directory_attributes_set.c ****     if (media_ptr -> fx_media_FAT_type == FX_exFAT)
 169:Middlewares/ST/filex/common/src/fx_directory_attributes_set.c ****     {
 170:Middlewares/ST/filex/common/src/fx_directory_attributes_set.c **** 
 171:Middlewares/ST/filex/common/src/fx_directory_attributes_set.c ****         status = _fx_directory_exFAT_entry_write(media_ptr, &dir_entry, UPDATE_FILE);
 172:Middlewares/ST/filex/common/src/fx_directory_attributes_set.c ****     }
 173:Middlewares/ST/filex/common/src/fx_directory_attributes_set.c ****     else
 174:Middlewares/ST/filex/common/src/fx_directory_attributes_set.c ****     {
 175:Middlewares/ST/filex/common/src/fx_directory_attributes_set.c **** #endif /* FX_ENABLE_EXFAT */
 176:Middlewares/ST/filex/common/src/fx_directory_attributes_set.c **** 
 177:Middlewares/ST/filex/common/src/fx_directory_attributes_set.c ****         status = _fx_directory_entry_write(media_ptr, &dir_entry);
 178:Middlewares/ST/filex/common/src/fx_directory_attributes_set.c **** 
 179:Middlewares/ST/filex/common/src/fx_directory_attributes_set.c **** #ifdef FX_ENABLE_EXFAT
 180:Middlewares/ST/filex/common/src/fx_directory_attributes_set.c ****     }
 181:Middlewares/ST/filex/common/src/fx_directory_attributes_set.c **** #endif /* FX_ENABLE_EXFAT */
 182:Middlewares/ST/filex/common/src/fx_directory_attributes_set.c **** 
 183:Middlewares/ST/filex/common/src/fx_directory_attributes_set.c **** #ifdef FX_ENABLE_FAULT_TOLERANT
 184:Middlewares/ST/filex/common/src/fx_directory_attributes_set.c ****     /* Check for a bad status.  If the return status is not FX_SUCCESS, finish
 185:Middlewares/ST/filex/common/src/fx_directory_attributes_set.c ****        the fault tolerant transaction without flushing the logs. */
 186:Middlewares/ST/filex/common/src/fx_directory_attributes_set.c ****     if (status != FX_SUCCESS)
 187:Middlewares/ST/filex/common/src/fx_directory_attributes_set.c ****     {
 188:Middlewares/ST/filex/common/src/fx_directory_attributes_set.c ****         FX_FAULT_TOLERANT_TRANSACTION_FAIL(media_ptr);
 189:Middlewares/ST/filex/common/src/fx_directory_attributes_set.c ****     }
 190:Middlewares/ST/filex/common/src/fx_directory_attributes_set.c ****     else
 191:Middlewares/ST/filex/common/src/fx_directory_attributes_set.c ****     {
 192:Middlewares/ST/filex/common/src/fx_directory_attributes_set.c **** 
 193:Middlewares/ST/filex/common/src/fx_directory_attributes_set.c ****         /* End transaction. */
 194:Middlewares/ST/filex/common/src/fx_directory_attributes_set.c ****         status = _fx_fault_tolerant_transaction_end(media_ptr);
 195:Middlewares/ST/filex/common/src/fx_directory_attributes_set.c ****     }
 196:Middlewares/ST/filex/common/src/fx_directory_attributes_set.c **** 
 197:Middlewares/ST/filex/common/src/fx_directory_attributes_set.c **** #endif /* FX_ENABLE_FAULT_TOLERANT */
 198:Middlewares/ST/filex/common/src/fx_directory_attributes_set.c **** 
 199:Middlewares/ST/filex/common/src/fx_directory_attributes_set.c ****     /* Release media protection.  */
 200:Middlewares/ST/filex/common/src/fx_directory_attributes_set.c ****     FX_UNPROTECT
 201:Middlewares/ST/filex/common/src/fx_directory_attributes_set.c **** 
 202:Middlewares/ST/filex/common/src/fx_directory_attributes_set.c ****     /* File attribute set is complete, return status.  */
 203:Middlewares/ST/filex/common/src/fx_directory_attributes_set.c ****     return(status);
 204:Middlewares/ST/filex/common/src/fx_directory_attributes_set.c **** }
  76              		.loc 1 204 1 view .LVU16
  77 0026 3046     		mov	r0, r6
  78 0028 1FB0     		add	sp, sp, #124
  79              	.LCFI2:
  80              		.cfi_remember_state
  81              		.cfi_def_cfa_offset 20
  82              		@ sp needed
ARM GAS  C:\Users\HP\AppData\Local\Temp\ccySFNDM.s 			page 6


  83 002a F0BD     		pop	{r4, r5, r6, r7, pc}
  84              	.LVL3:
  85              	.L9:
  86              	.LCFI3:
  87              		.cfi_restore_state
  88              		.loc 1 204 1 view .LVU17
  89 002c 0446     		mov	r4, r0
  90 002e 0E46     		mov	r6, r1
 119:Middlewares/ST/filex/common/src/fx_directory_attributes_set.c **** 
  91              		.loc 1 119 5 is_stmt 1 discriminator 2 view .LVU18
 119:Middlewares/ST/filex/common/src/fx_directory_attributes_set.c **** 
  92              		.loc 1 119 5 discriminator 2 view .LVU19
  93 0030 00F5E477 		add	r7, r0, #456
  94 0034 4FF0FF31 		mov	r1, #-1
  95              	.LVL4:
 119:Middlewares/ST/filex/common/src/fx_directory_attributes_set.c **** 
  96              		.loc 1 119 5 is_stmt 0 discriminator 2 view .LVU20
  97 0038 3846     		mov	r0, r7
  98              	.LVL5:
 119:Middlewares/ST/filex/common/src/fx_directory_attributes_set.c **** 
  99              		.loc 1 119 5 discriminator 2 view .LVU21
 100 003a FFF7FEFF 		bl	_tx_mutex_get
 101              	.LVL6:
 102 003e 58BB     		cbnz	r0, .L7
 122:Middlewares/ST/filex/common/src/fx_directory_attributes_set.c ****     {
 103              		.loc 1 122 5 is_stmt 1 view .LVU22
 122:Middlewares/ST/filex/common/src/fx_directory_attributes_set.c ****     {
 104              		.loc 1 122 19 is_stmt 0 view .LVU23
 105 0040 D4F8A830 		ldr	r3, [r4, #168]
 122:Middlewares/ST/filex/common/src/fx_directory_attributes_set.c ****     {
 106              		.loc 1 122 8 view .LVU24
 107 0044 D3B9     		cbnz	r3, .L10
 133:Middlewares/ST/filex/common/src/fx_directory_attributes_set.c **** 
 108              		.loc 1 133 5 is_stmt 1 view .LVU25
 133:Middlewares/ST/filex/common/src/fx_directory_attributes_set.c **** 
 109              		.loc 1 133 15 is_stmt 0 view .LVU26
 110 0046 0023     		movs	r3, #0
 111 0048 0093     		str	r3, [sp]
 112 004a 02AA     		add	r2, sp, #8
 113 004c 3146     		mov	r1, r6
 114 004e 2046     		mov	r0, r4
 115 0050 FFF7FEFF 		bl	_fx_directory_search
 116              	.LVL7:
 136:Middlewares/ST/filex/common/src/fx_directory_attributes_set.c ****     {
 117              		.loc 1 136 5 is_stmt 1 view .LVU27
 136:Middlewares/ST/filex/common/src/fx_directory_attributes_set.c ****     {
 118              		.loc 1 136 8 is_stmt 0 view .LVU28
 119 0054 0646     		mov	r6, r0
 120              	.LVL8:
 136:Middlewares/ST/filex/common/src/fx_directory_attributes_set.c ****     {
 121              		.loc 1 136 8 view .LVU29
 122 0056 B0B9     		cbnz	r0, .L11
 147:Middlewares/ST/filex/common/src/fx_directory_attributes_set.c ****     {
 123              		.loc 1 147 5 is_stmt 1 view .LVU30
 147:Middlewares/ST/filex/common/src/fx_directory_attributes_set.c ****     {
 124              		.loc 1 147 19 is_stmt 0 view .LVU31
 125 0058 9DF82430 		ldrb	r3, [sp, #36]	@ zero_extendqisi2
ARM GAS  C:\Users\HP\AppData\Local\Temp\ccySFNDM.s 			page 7


 147:Middlewares/ST/filex/common/src/fx_directory_attributes_set.c ****     {
 126              		.loc 1 147 8 view .LVU32
 127 005c 13F0100F 		tst	r3, #16
 128 0060 15D0     		beq	.L12
 159:Middlewares/ST/filex/common/src/fx_directory_attributes_set.c **** 
 129              		.loc 1 159 5 is_stmt 1 view .LVU33
 159:Middlewares/ST/filex/common/src/fx_directory_attributes_set.c **** 
 130              		.loc 1 159 42 is_stmt 0 view .LVU34
 131 0062 45F01005 		orr	r5, r5, #16
 132              	.LVL9:
 159:Middlewares/ST/filex/common/src/fx_directory_attributes_set.c **** 
 133              		.loc 1 159 39 view .LVU35
 134 0066 8DF82450 		strb	r5, [sp, #36]
 177:Middlewares/ST/filex/common/src/fx_directory_attributes_set.c **** 
 135              		.loc 1 177 9 is_stmt 1 view .LVU36
 177:Middlewares/ST/filex/common/src/fx_directory_attributes_set.c **** 
 136              		.loc 1 177 18 is_stmt 0 view .LVU37
 137 006a 02A9     		add	r1, sp, #8
 138 006c 2046     		mov	r0, r4
 139              	.LVL10:
 177:Middlewares/ST/filex/common/src/fx_directory_attributes_set.c **** 
 140              		.loc 1 177 18 view .LVU38
 141 006e FFF7FEFF 		bl	_fx_directory_entry_write
 142              	.LVL11:
 143 0072 0646     		mov	r6, r0
 144              	.LVL12:
 200:Middlewares/ST/filex/common/src/fx_directory_attributes_set.c **** 
 145              		.loc 1 200 5 is_stmt 1 view .LVU39
 146 0074 3846     		mov	r0, r7
 147              	.LVL13:
 200:Middlewares/ST/filex/common/src/fx_directory_attributes_set.c **** 
 148              		.loc 1 200 5 is_stmt 0 view .LVU40
 149 0076 FFF7FEFF 		bl	_tx_mutex_put
 150              	.LVL14:
 203:Middlewares/ST/filex/common/src/fx_directory_attributes_set.c **** }
 151              		.loc 1 203 5 is_stmt 1 view .LVU41
 203:Middlewares/ST/filex/common/src/fx_directory_attributes_set.c **** }
 152              		.loc 1 203 11 is_stmt 0 view .LVU42
 153 007a D4E7     		b	.L1
 154              	.LVL15:
 155              	.L10:
 126:Middlewares/ST/filex/common/src/fx_directory_attributes_set.c **** 
 156              		.loc 1 126 9 is_stmt 1 view .LVU43
 157 007c 3846     		mov	r0, r7
 158 007e FFF7FEFF 		bl	_tx_mutex_put
 159              	.LVL16:
 129:Middlewares/ST/filex/common/src/fx_directory_attributes_set.c ****     }
 160              		.loc 1 129 9 view .LVU44
 129:Middlewares/ST/filex/common/src/fx_directory_attributes_set.c ****     }
 161              		.loc 1 129 15 is_stmt 0 view .LVU45
 162 0082 2326     		movs	r6, #35
 163              	.LVL17:
 129:Middlewares/ST/filex/common/src/fx_directory_attributes_set.c ****     }
 164              		.loc 1 129 15 view .LVU46
 165 0084 CFE7     		b	.L1
 166              	.LVL18:
 167              	.L11:
ARM GAS  C:\Users\HP\AppData\Local\Temp\ccySFNDM.s 			page 8


 140:Middlewares/ST/filex/common/src/fx_directory_attributes_set.c **** 
 168              		.loc 1 140 9 is_stmt 1 view .LVU47
 169 0086 3846     		mov	r0, r7
 170              	.LVL19:
 140:Middlewares/ST/filex/common/src/fx_directory_attributes_set.c **** 
 171              		.loc 1 140 9 is_stmt 0 view .LVU48
 172 0088 FFF7FEFF 		bl	_tx_mutex_put
 173              	.LVL20:
 143:Middlewares/ST/filex/common/src/fx_directory_attributes_set.c ****     }
 174              		.loc 1 143 9 is_stmt 1 view .LVU49
 143:Middlewares/ST/filex/common/src/fx_directory_attributes_set.c ****     }
 175              		.loc 1 143 15 is_stmt 0 view .LVU50
 176 008c CBE7     		b	.L1
 177              	.LVL21:
 178              	.L12:
 151:Middlewares/ST/filex/common/src/fx_directory_attributes_set.c **** 
 179              		.loc 1 151 9 is_stmt 1 view .LVU51
 180 008e 3846     		mov	r0, r7
 181              	.LVL22:
 151:Middlewares/ST/filex/common/src/fx_directory_attributes_set.c **** 
 182              		.loc 1 151 9 is_stmt 0 view .LVU52
 183 0090 FFF7FEFF 		bl	_tx_mutex_put
 184              	.LVL23:
 154:Middlewares/ST/filex/common/src/fx_directory_attributes_set.c ****     }
 185              		.loc 1 154 9 is_stmt 1 view .LVU53
 154:Middlewares/ST/filex/common/src/fx_directory_attributes_set.c ****     }
 186              		.loc 1 154 15 is_stmt 0 view .LVU54
 187 0094 0E26     		movs	r6, #14
 188              	.LVL24:
 154:Middlewares/ST/filex/common/src/fx_directory_attributes_set.c ****     }
 189              		.loc 1 154 15 view .LVU55
 190 0096 C6E7     		b	.L1
 191              	.LVL25:
 192              	.L7:
 119:Middlewares/ST/filex/common/src/fx_directory_attributes_set.c **** 
 193              		.loc 1 119 5 view .LVU56
 194 0098 1126     		movs	r6, #17
 195              	.LVL26:
 119:Middlewares/ST/filex/common/src/fx_directory_attributes_set.c **** 
 196              		.loc 1 119 5 view .LVU57
 197 009a C4E7     		b	.L1
 198              	.L14:
 199              		.align	2
 200              	.L13:
 201 009c 4944454D 		.word	1296385097
 202              		.cfi_endproc
 203              	.LFE8:
 205              		.text
 206              	.Letext0:
 207              		.file 2 "Middlewares/ST/threadx/ports/cortex_m4/gnu/inc/tx_port.h"
 208              		.file 3 "Middlewares/ST/threadx/common/inc/tx_api.h"
 209              		.file 4 "Middlewares/ST/filex/common/inc/fx_api.h"
 210              		.file 5 "Middlewares/ST/filex/common/inc/fx_directory.h"
ARM GAS  C:\Users\HP\AppData\Local\Temp\ccySFNDM.s 			page 9


DEFINED SYMBOLS
                            *ABS*:00000000 fx_directory_attributes_set.c
C:\Users\HP\AppData\Local\Temp\ccySFNDM.s:20     .text._fx_directory_attributes_set:00000000 $t
C:\Users\HP\AppData\Local\Temp\ccySFNDM.s:26     .text._fx_directory_attributes_set:00000000 _fx_directory_attributes_set
C:\Users\HP\AppData\Local\Temp\ccySFNDM.s:201    .text._fx_directory_attributes_set:0000009c $d

UNDEFINED SYMBOLS
_tx_mutex_get
_fx_directory_search
_fx_directory_entry_write
_tx_mutex_put
