ARM GAS  C:\Users\HP\AppData\Local\Temp\cc8uLtaz.s 			page 1


   1              		.cpu cortex-m4
   2              		.arch armv7e-m
   3              		.fpu fpv4-sp-d16
   4              		.eabi_attribute 27, 1
   5              		.eabi_attribute 28, 1
   6              		.eabi_attribute 20, 1
   7              		.eabi_attribute 21, 1
   8              		.eabi_attribute 23, 3
   9              		.eabi_attribute 24, 1
  10              		.eabi_attribute 25, 1
  11              		.eabi_attribute 26, 1
  12              		.eabi_attribute 30, 1
  13              		.eabi_attribute 34, 1
  14              		.eabi_attribute 18, 4
  15              		.file	"fx_directory_first_full_entry_find.c"
  16              		.text
  17              	.Ltext0:
  18              		.cfi_sections	.debug_frame
  19              		.section	.text._fx_directory_first_full_entry_find,"ax",%progbits
  20              		.align	1
  21              		.global	_fx_directory_first_full_entry_find
  22              		.syntax unified
  23              		.thumb
  24              		.thumb_func
  26              	_fx_directory_first_full_entry_find:
  27              	.LVL0:
  28              	.LFB8:
  29              		.file 1 "Middlewares/ST/filex/common/src/fx_directory_first_full_entry_find.c"
   1:Middlewares/ST/filex/common/src/fx_directory_first_full_entry_find.c **** /**************************************************************************/
   2:Middlewares/ST/filex/common/src/fx_directory_first_full_entry_find.c **** /*                                                                        */
   3:Middlewares/ST/filex/common/src/fx_directory_first_full_entry_find.c **** /*       Copyright (c) Microsoft Corporation. All rights reserved.        */
   4:Middlewares/ST/filex/common/src/fx_directory_first_full_entry_find.c **** /*                                                                        */
   5:Middlewares/ST/filex/common/src/fx_directory_first_full_entry_find.c **** /*       This software is licensed under the Microsoft Software License   */
   6:Middlewares/ST/filex/common/src/fx_directory_first_full_entry_find.c **** /*       Terms for Microsoft Azure RTOS. Full text of the license can be  */
   7:Middlewares/ST/filex/common/src/fx_directory_first_full_entry_find.c **** /*       found in the LICENSE file at https://aka.ms/AzureRTOS_EULA       */
   8:Middlewares/ST/filex/common/src/fx_directory_first_full_entry_find.c **** /*       and in the root directory of this software.                      */
   9:Middlewares/ST/filex/common/src/fx_directory_first_full_entry_find.c **** /*                                                                        */
  10:Middlewares/ST/filex/common/src/fx_directory_first_full_entry_find.c **** /**************************************************************************/
  11:Middlewares/ST/filex/common/src/fx_directory_first_full_entry_find.c **** 
  12:Middlewares/ST/filex/common/src/fx_directory_first_full_entry_find.c **** 
  13:Middlewares/ST/filex/common/src/fx_directory_first_full_entry_find.c **** /**************************************************************************/
  14:Middlewares/ST/filex/common/src/fx_directory_first_full_entry_find.c **** /**************************************************************************/
  15:Middlewares/ST/filex/common/src/fx_directory_first_full_entry_find.c **** /**                                                                       */
  16:Middlewares/ST/filex/common/src/fx_directory_first_full_entry_find.c **** /** FileX Component                                                       */
  17:Middlewares/ST/filex/common/src/fx_directory_first_full_entry_find.c **** /**                                                                       */
  18:Middlewares/ST/filex/common/src/fx_directory_first_full_entry_find.c **** /**   Directory                                                           */
  19:Middlewares/ST/filex/common/src/fx_directory_first_full_entry_find.c **** /**                                                                       */
  20:Middlewares/ST/filex/common/src/fx_directory_first_full_entry_find.c **** /**************************************************************************/
  21:Middlewares/ST/filex/common/src/fx_directory_first_full_entry_find.c **** /**************************************************************************/
  22:Middlewares/ST/filex/common/src/fx_directory_first_full_entry_find.c **** 
  23:Middlewares/ST/filex/common/src/fx_directory_first_full_entry_find.c **** #define FX_SOURCE_CODE
  24:Middlewares/ST/filex/common/src/fx_directory_first_full_entry_find.c **** 
  25:Middlewares/ST/filex/common/src/fx_directory_first_full_entry_find.c **** 
  26:Middlewares/ST/filex/common/src/fx_directory_first_full_entry_find.c **** /* Include necessary system files.  */
  27:Middlewares/ST/filex/common/src/fx_directory_first_full_entry_find.c **** 
  28:Middlewares/ST/filex/common/src/fx_directory_first_full_entry_find.c **** #include "fx_api.h"
  29:Middlewares/ST/filex/common/src/fx_directory_first_full_entry_find.c **** #include "fx_system.h"
ARM GAS  C:\Users\HP\AppData\Local\Temp\cc8uLtaz.s 			page 2


  30:Middlewares/ST/filex/common/src/fx_directory_first_full_entry_find.c **** #include "fx_directory.h"
  31:Middlewares/ST/filex/common/src/fx_directory_first_full_entry_find.c **** #include "fx_utility.h"
  32:Middlewares/ST/filex/common/src/fx_directory_first_full_entry_find.c **** 
  33:Middlewares/ST/filex/common/src/fx_directory_first_full_entry_find.c **** #ifndef FX_NO_LOCAL_PATH
  34:Middlewares/ST/filex/common/src/fx_directory_first_full_entry_find.c **** FX_LOCAL_PATH_SETUP
  35:Middlewares/ST/filex/common/src/fx_directory_first_full_entry_find.c **** #endif
  36:Middlewares/ST/filex/common/src/fx_directory_first_full_entry_find.c **** 
  37:Middlewares/ST/filex/common/src/fx_directory_first_full_entry_find.c **** /**************************************************************************/
  38:Middlewares/ST/filex/common/src/fx_directory_first_full_entry_find.c **** /*                                                                        */
  39:Middlewares/ST/filex/common/src/fx_directory_first_full_entry_find.c **** /*  FUNCTION                                               RELEASE        */
  40:Middlewares/ST/filex/common/src/fx_directory_first_full_entry_find.c **** /*                                                                        */
  41:Middlewares/ST/filex/common/src/fx_directory_first_full_entry_find.c **** /*    _fx_directory_first_full_entry_find                 PORTABLE C      */
  42:Middlewares/ST/filex/common/src/fx_directory_first_full_entry_find.c **** /*                                                           6.1          */
  43:Middlewares/ST/filex/common/src/fx_directory_first_full_entry_find.c **** /*  AUTHOR                                                                */
  44:Middlewares/ST/filex/common/src/fx_directory_first_full_entry_find.c **** /*                                                                        */
  45:Middlewares/ST/filex/common/src/fx_directory_first_full_entry_find.c **** /*    William E. Lamie, Microsoft Corporation                             */
  46:Middlewares/ST/filex/common/src/fx_directory_first_full_entry_find.c **** /*                                                                        */
  47:Middlewares/ST/filex/common/src/fx_directory_first_full_entry_find.c **** /*  DESCRIPTION                                                           */
  48:Middlewares/ST/filex/common/src/fx_directory_first_full_entry_find.c **** /*                                                                        */
  49:Middlewares/ST/filex/common/src/fx_directory_first_full_entry_find.c **** /*    This function returns the first directory entry of the current      */
  50:Middlewares/ST/filex/common/src/fx_directory_first_full_entry_find.c **** /*    working directory and selected information about the entry.         */
  51:Middlewares/ST/filex/common/src/fx_directory_first_full_entry_find.c **** /*                                                                        */
  52:Middlewares/ST/filex/common/src/fx_directory_first_full_entry_find.c **** /*  INPUT                                                                 */
  53:Middlewares/ST/filex/common/src/fx_directory_first_full_entry_find.c **** /*                                                                        */
  54:Middlewares/ST/filex/common/src/fx_directory_first_full_entry_find.c **** /*    media_ptr                             Media control block pointer   */
  55:Middlewares/ST/filex/common/src/fx_directory_first_full_entry_find.c **** /*    directory_name                        Destination for directory     */
  56:Middlewares/ST/filex/common/src/fx_directory_first_full_entry_find.c **** /*                                            name                        */
  57:Middlewares/ST/filex/common/src/fx_directory_first_full_entry_find.c **** /*    attributes                            Destination for attributes    */
  58:Middlewares/ST/filex/common/src/fx_directory_first_full_entry_find.c **** /*    size                                  Destination for size          */
  59:Middlewares/ST/filex/common/src/fx_directory_first_full_entry_find.c **** /*    year                                  Destination for year          */
  60:Middlewares/ST/filex/common/src/fx_directory_first_full_entry_find.c **** /*    month                                 Destination for month         */
  61:Middlewares/ST/filex/common/src/fx_directory_first_full_entry_find.c **** /*    day                                   Destination for day           */
  62:Middlewares/ST/filex/common/src/fx_directory_first_full_entry_find.c **** /*    hour                                  Destination for hour          */
  63:Middlewares/ST/filex/common/src/fx_directory_first_full_entry_find.c **** /*    minute                                Destination for minute        */
  64:Middlewares/ST/filex/common/src/fx_directory_first_full_entry_find.c **** /*    second                                Destination for second        */
  65:Middlewares/ST/filex/common/src/fx_directory_first_full_entry_find.c **** /*                                                                        */
  66:Middlewares/ST/filex/common/src/fx_directory_first_full_entry_find.c **** /*  OUTPUT                                                                */
  67:Middlewares/ST/filex/common/src/fx_directory_first_full_entry_find.c **** /*                                                                        */
  68:Middlewares/ST/filex/common/src/fx_directory_first_full_entry_find.c **** /*    return status                                                       */
  69:Middlewares/ST/filex/common/src/fx_directory_first_full_entry_find.c **** /*                                                                        */
  70:Middlewares/ST/filex/common/src/fx_directory_first_full_entry_find.c **** /*  CALLS                                                                 */
  71:Middlewares/ST/filex/common/src/fx_directory_first_full_entry_find.c **** /*                                                                        */
  72:Middlewares/ST/filex/common/src/fx_directory_first_full_entry_find.c **** /*    _fx_directory_next_full_entry_find    Find next full directory entry*/
  73:Middlewares/ST/filex/common/src/fx_directory_first_full_entry_find.c **** /*                                                                        */
  74:Middlewares/ST/filex/common/src/fx_directory_first_full_entry_find.c **** /*  CALLED BY                                                             */
  75:Middlewares/ST/filex/common/src/fx_directory_first_full_entry_find.c **** /*                                                                        */
  76:Middlewares/ST/filex/common/src/fx_directory_first_full_entry_find.c **** /*    FileX System Functions                                              */
  77:Middlewares/ST/filex/common/src/fx_directory_first_full_entry_find.c **** /*                                                                        */
  78:Middlewares/ST/filex/common/src/fx_directory_first_full_entry_find.c **** /*  RELEASE HISTORY                                                       */
  79:Middlewares/ST/filex/common/src/fx_directory_first_full_entry_find.c **** /*                                                                        */
  80:Middlewares/ST/filex/common/src/fx_directory_first_full_entry_find.c **** /*    DATE              NAME                      DESCRIPTION             */
  81:Middlewares/ST/filex/common/src/fx_directory_first_full_entry_find.c **** /*                                                                        */
  82:Middlewares/ST/filex/common/src/fx_directory_first_full_entry_find.c **** /*  05-19-2020     William E. Lamie         Initial Version 6.0           */
  83:Middlewares/ST/filex/common/src/fx_directory_first_full_entry_find.c **** /*  09-30-2020     William E. Lamie         Modified comment(s),          */
  84:Middlewares/ST/filex/common/src/fx_directory_first_full_entry_find.c **** /*                                            resulting in version 6.1    */
  85:Middlewares/ST/filex/common/src/fx_directory_first_full_entry_find.c **** /*                                                                        */
  86:Middlewares/ST/filex/common/src/fx_directory_first_full_entry_find.c **** /**************************************************************************/
ARM GAS  C:\Users\HP\AppData\Local\Temp\cc8uLtaz.s 			page 3


  87:Middlewares/ST/filex/common/src/fx_directory_first_full_entry_find.c **** UINT  _fx_directory_first_full_entry_find(FX_MEDIA *media_ptr,
  88:Middlewares/ST/filex/common/src/fx_directory_first_full_entry_find.c ****                                           CHAR *directory_name, UINT *attributes, ULONG *size,
  89:Middlewares/ST/filex/common/src/fx_directory_first_full_entry_find.c ****                                           UINT *year, UINT *month, UINT *day, UINT *hour, UINT *min
  90:Middlewares/ST/filex/common/src/fx_directory_first_full_entry_find.c **** {
  30              		.loc 1 90 1 view -0
  31              		.cfi_startproc
  32              		@ args = 24, pretend = 0, frame = 0
  33              		@ frame_needed = 0, uses_anonymous_args = 0
  34              		.loc 1 90 1 is_stmt 0 view .LVU1
  35 0000 2DE9F041 		push	{r4, r5, r6, r7, r8, lr}
  36              	.LCFI0:
  37              		.cfi_def_cfa_offset 24
  38              		.cfi_offset 4, -24
  39              		.cfi_offset 5, -20
  40              		.cfi_offset 6, -16
  41              		.cfi_offset 7, -12
  42              		.cfi_offset 8, -8
  43              		.cfi_offset 14, -4
  44 0004 86B0     		sub	sp, sp, #24
  45              	.LCFI1:
  46              		.cfi_def_cfa_offset 48
  47 0006 0446     		mov	r4, r0
  48 0008 0D46     		mov	r5, r1
  49 000a 1646     		mov	r6, r2
  91:Middlewares/ST/filex/common/src/fx_directory_first_full_entry_find.c **** 
  92:Middlewares/ST/filex/common/src/fx_directory_first_full_entry_find.c **** UINT status;
  50              		.loc 1 92 1 is_stmt 1 view .LVU2
  93:Middlewares/ST/filex/common/src/fx_directory_first_full_entry_find.c **** 
  94:Middlewares/ST/filex/common/src/fx_directory_first_full_entry_find.c **** 
  95:Middlewares/ST/filex/common/src/fx_directory_first_full_entry_find.c **** #ifndef FX_MEDIA_STATISTICS_DISABLE
  96:Middlewares/ST/filex/common/src/fx_directory_first_full_entry_find.c **** 
  97:Middlewares/ST/filex/common/src/fx_directory_first_full_entry_find.c ****     /* Increment the number of times this service has been called.  */
  98:Middlewares/ST/filex/common/src/fx_directory_first_full_entry_find.c ****     media_ptr -> fx_media_directory_first_full_entry_finds++;
  51              		.loc 1 98 5 view .LVU3
  52              		.loc 1 98 15 is_stmt 0 view .LVU4
  53 000c D0F8F400 		ldr	r0, [r0, #244]
  54              	.LVL1:
  55              		.loc 1 98 59 view .LVU5
  56 0010 0130     		adds	r0, r0, #1
  57 0012 C4F8F400 		str	r0, [r4, #244]
  99:Middlewares/ST/filex/common/src/fx_directory_first_full_entry_find.c **** #endif
 100:Middlewares/ST/filex/common/src/fx_directory_first_full_entry_find.c **** 
 101:Middlewares/ST/filex/common/src/fx_directory_first_full_entry_find.c ****     /* Check the media to make sure it is open.  */
 102:Middlewares/ST/filex/common/src/fx_directory_first_full_entry_find.c ****     if (media_ptr -> fx_media_id != FX_MEDIA_ID)
  58              		.loc 1 102 5 is_stmt 1 view .LVU6
  59              		.loc 1 102 19 is_stmt 0 view .LVU7
  60 0016 2168     		ldr	r1, [r4]
  61              	.LVL2:
  62              		.loc 1 102 8 view .LVU8
  63 0018 194A     		ldr	r2, .L9
  64              	.LVL3:
  65              		.loc 1 102 8 view .LVU9
  66 001a 9142     		cmp	r1, r2
  67 001c 03D0     		beq	.L8
 103:Middlewares/ST/filex/common/src/fx_directory_first_full_entry_find.c ****     {
 104:Middlewares/ST/filex/common/src/fx_directory_first_full_entry_find.c **** 
 105:Middlewares/ST/filex/common/src/fx_directory_first_full_entry_find.c ****         /* Return the media not opened error.  */
ARM GAS  C:\Users\HP\AppData\Local\Temp\cc8uLtaz.s 			page 4


 106:Middlewares/ST/filex/common/src/fx_directory_first_full_entry_find.c ****         return(FX_MEDIA_NOT_OPEN);
  68              		.loc 1 106 15 view .LVU10
  69 001e 1120     		movs	r0, #17
  70              	.LVL4:
  71              	.L1:
 107:Middlewares/ST/filex/common/src/fx_directory_first_full_entry_find.c ****     }
 108:Middlewares/ST/filex/common/src/fx_directory_first_full_entry_find.c **** 
 109:Middlewares/ST/filex/common/src/fx_directory_first_full_entry_find.c ****     /* If trace is enabled, insert this event into the trace buffer.  */
 110:Middlewares/ST/filex/common/src/fx_directory_first_full_entry_find.c ****     FX_TRACE_IN_LINE_INSERT(FX_TRACE_DIRECTORY_FIRST_FULL_ENTRY_FIND, media_ptr, directory_name, 0,
 111:Middlewares/ST/filex/common/src/fx_directory_first_full_entry_find.c **** 
 112:Middlewares/ST/filex/common/src/fx_directory_first_full_entry_find.c ****     /* Protect against other threads accessing the media.  */
 113:Middlewares/ST/filex/common/src/fx_directory_first_full_entry_find.c ****     FX_PROTECT
 114:Middlewares/ST/filex/common/src/fx_directory_first_full_entry_find.c **** 
 115:Middlewares/ST/filex/common/src/fx_directory_first_full_entry_find.c ****     /* Determine if a local path is in effect at this point.  */
 116:Middlewares/ST/filex/common/src/fx_directory_first_full_entry_find.c **** #ifndef FX_NO_LOCAL_PATH
 117:Middlewares/ST/filex/common/src/fx_directory_first_full_entry_find.c ****     if (_tx_thread_current_ptr -> tx_thread_filex_ptr)
 118:Middlewares/ST/filex/common/src/fx_directory_first_full_entry_find.c ****     {
 119:Middlewares/ST/filex/common/src/fx_directory_first_full_entry_find.c **** 
 120:Middlewares/ST/filex/common/src/fx_directory_first_full_entry_find.c ****         /* Yes, there is a local path.  Set the current entry to zero.  */
 121:Middlewares/ST/filex/common/src/fx_directory_first_full_entry_find.c ****         ((FX_PATH *)_tx_thread_current_ptr -> tx_thread_filex_ptr) -> fx_path_current_entry =  0;
 122:Middlewares/ST/filex/common/src/fx_directory_first_full_entry_find.c ****     }
 123:Middlewares/ST/filex/common/src/fx_directory_first_full_entry_find.c ****     else
 124:Middlewares/ST/filex/common/src/fx_directory_first_full_entry_find.c ****     {
 125:Middlewares/ST/filex/common/src/fx_directory_first_full_entry_find.c **** 
 126:Middlewares/ST/filex/common/src/fx_directory_first_full_entry_find.c ****         /* Use global default directory.  Set the current entry to 0 in
 127:Middlewares/ST/filex/common/src/fx_directory_first_full_entry_find.c ****            order to pickup the first entry.  */
 128:Middlewares/ST/filex/common/src/fx_directory_first_full_entry_find.c ****         media_ptr -> fx_media_default_path.fx_path_current_entry =  0;
 129:Middlewares/ST/filex/common/src/fx_directory_first_full_entry_find.c ****     }
 130:Middlewares/ST/filex/common/src/fx_directory_first_full_entry_find.c **** #else
 131:Middlewares/ST/filex/common/src/fx_directory_first_full_entry_find.c **** 
 132:Middlewares/ST/filex/common/src/fx_directory_first_full_entry_find.c ****     /* Set the current entry to 0 in order to pickup the first entry.  */
 133:Middlewares/ST/filex/common/src/fx_directory_first_full_entry_find.c ****     media_ptr -> fx_media_default_path.fx_path_current_entry =  0;
 134:Middlewares/ST/filex/common/src/fx_directory_first_full_entry_find.c **** #endif
 135:Middlewares/ST/filex/common/src/fx_directory_first_full_entry_find.c **** 
 136:Middlewares/ST/filex/common/src/fx_directory_first_full_entry_find.c ****     /* Release media protection.  */
 137:Middlewares/ST/filex/common/src/fx_directory_first_full_entry_find.c ****     FX_UNPROTECT
 138:Middlewares/ST/filex/common/src/fx_directory_first_full_entry_find.c **** 
 139:Middlewares/ST/filex/common/src/fx_directory_first_full_entry_find.c ****     /* Call the next directory full entry service to pickup the first entry.  */
 140:Middlewares/ST/filex/common/src/fx_directory_first_full_entry_find.c ****     status =  _fx_directory_next_full_entry_find(media_ptr, directory_name, attributes,
 141:Middlewares/ST/filex/common/src/fx_directory_first_full_entry_find.c ****                                                  size, year, month, day, hour, minute, second);
 142:Middlewares/ST/filex/common/src/fx_directory_first_full_entry_find.c **** 
 143:Middlewares/ST/filex/common/src/fx_directory_first_full_entry_find.c ****     /* Return status to the caller.  */
 144:Middlewares/ST/filex/common/src/fx_directory_first_full_entry_find.c ****     return(status);
 145:Middlewares/ST/filex/common/src/fx_directory_first_full_entry_find.c **** }
  72              		.loc 1 145 1 view .LVU11
  73 0020 06B0     		add	sp, sp, #24
  74              	.LCFI2:
  75              		.cfi_remember_state
  76              		.cfi_def_cfa_offset 24
  77              		@ sp needed
  78 0022 BDE8F081 		pop	{r4, r5, r6, r7, r8, pc}
  79              	.LVL5:
  80              	.L8:
  81              	.LCFI3:
  82              		.cfi_restore_state
  83              		.loc 1 145 1 view .LVU12
  84 0026 1F46     		mov	r7, r3
ARM GAS  C:\Users\HP\AppData\Local\Temp\cc8uLtaz.s 			page 5


 113:Middlewares/ST/filex/common/src/fx_directory_first_full_entry_find.c **** 
  85              		.loc 1 113 5 is_stmt 1 discriminator 2 view .LVU13
 113:Middlewares/ST/filex/common/src/fx_directory_first_full_entry_find.c **** 
  86              		.loc 1 113 5 discriminator 2 view .LVU14
  87 0028 04F5E478 		add	r8, r4, #456
  88 002c 4FF0FF31 		mov	r1, #-1
  89 0030 4046     		mov	r0, r8
  90 0032 FFF7FEFF 		bl	_tx_mutex_get
  91              	.LVL6:
 113:Middlewares/ST/filex/common/src/fx_directory_first_full_entry_find.c **** 
  92              		.loc 1 113 5 is_stmt 0 discriminator 2 view .LVU15
  93 0036 08BB     		cbnz	r0, .L6
 117:Middlewares/ST/filex/common/src/fx_directory_first_full_entry_find.c ****     {
  94              		.loc 1 117 5 is_stmt 1 view .LVU16
 117:Middlewares/ST/filex/common/src/fx_directory_first_full_entry_find.c ****     {
  95              		.loc 1 117 32 is_stmt 0 view .LVU17
  96 0038 124B     		ldr	r3, .L9+4
  97 003a 1B68     		ldr	r3, [r3]
  98 003c D3F89030 		ldr	r3, [r3, #144]
 117:Middlewares/ST/filex/common/src/fx_directory_first_full_entry_find.c ****     {
  99              		.loc 1 117 8 view .LVU18
 100 0040 C3B1     		cbz	r3, .L3
 121:Middlewares/ST/filex/common/src/fx_directory_first_full_entry_find.c ****     }
 101              		.loc 1 121 9 is_stmt 1 view .LVU19
 121:Middlewares/ST/filex/common/src/fx_directory_first_full_entry_find.c ****     }
 102              		.loc 1 121 93 is_stmt 0 view .LVU20
 103 0042 0022     		movs	r2, #0
 104 0044 C3F87022 		str	r2, [r3, #624]
 105              	.L4:
 137:Middlewares/ST/filex/common/src/fx_directory_first_full_entry_find.c **** 
 106              		.loc 1 137 5 is_stmt 1 view .LVU21
 107 0048 4046     		mov	r0, r8
 108 004a FFF7FEFF 		bl	_tx_mutex_put
 109              	.LVL7:
 140:Middlewares/ST/filex/common/src/fx_directory_first_full_entry_find.c ****                                                  size, year, month, day, hour, minute, second);
 110              		.loc 1 140 5 view .LVU22
 140:Middlewares/ST/filex/common/src/fx_directory_first_full_entry_find.c ****                                                  size, year, month, day, hour, minute, second);
 111              		.loc 1 140 15 is_stmt 0 view .LVU23
 112 004e 119B     		ldr	r3, [sp, #68]
 113 0050 0593     		str	r3, [sp, #20]
 114 0052 109B     		ldr	r3, [sp, #64]
 115 0054 0493     		str	r3, [sp, #16]
 116 0056 0F9B     		ldr	r3, [sp, #60]
 117 0058 0393     		str	r3, [sp, #12]
 118 005a 0E9B     		ldr	r3, [sp, #56]
 119 005c 0293     		str	r3, [sp, #8]
 120 005e 0D9B     		ldr	r3, [sp, #52]
 121 0060 0193     		str	r3, [sp, #4]
 122 0062 0C9B     		ldr	r3, [sp, #48]
 123 0064 0093     		str	r3, [sp]
 124 0066 3B46     		mov	r3, r7
 125 0068 3246     		mov	r2, r6
 126 006a 2946     		mov	r1, r5
 127 006c 2046     		mov	r0, r4
 128 006e FFF7FEFF 		bl	_fx_directory_next_full_entry_find
 129              	.LVL8:
 144:Middlewares/ST/filex/common/src/fx_directory_first_full_entry_find.c **** }
ARM GAS  C:\Users\HP\AppData\Local\Temp\cc8uLtaz.s 			page 6


 130              		.loc 1 144 5 is_stmt 1 view .LVU24
 144:Middlewares/ST/filex/common/src/fx_directory_first_full_entry_find.c **** }
 131              		.loc 1 144 11 is_stmt 0 view .LVU25
 132 0072 D5E7     		b	.L1
 133              	.LVL9:
 134              	.L3:
 128:Middlewares/ST/filex/common/src/fx_directory_first_full_entry_find.c ****     }
 135              		.loc 1 128 9 is_stmt 1 view .LVU26
 128:Middlewares/ST/filex/common/src/fx_directory_first_full_entry_find.c ****     }
 136              		.loc 1 128 66 is_stmt 0 view .LVU27
 137 0074 0023     		movs	r3, #0
 138 0076 C4F85037 		str	r3, [r4, #1872]
 139 007a E5E7     		b	.L4
 140              	.L6:
 113:Middlewares/ST/filex/common/src/fx_directory_first_full_entry_find.c **** 
 141              		.loc 1 113 5 view .LVU28
 142 007c 1120     		movs	r0, #17
 143 007e CFE7     		b	.L1
 144              	.L10:
 145              		.align	2
 146              	.L9:
 147 0080 4944454D 		.word	1296385097
 148 0084 00000000 		.word	_tx_thread_current_ptr
 149              		.cfi_endproc
 150              	.LFE8:
 152              		.text
 153              	.Letext0:
 154              		.file 2 "Middlewares/ST/threadx/ports/cortex_m4/gnu/inc/tx_port.h"
 155              		.file 3 "Middlewares/ST/threadx/common/inc/tx_api.h"
 156              		.file 4 "Middlewares/ST/filex/common/inc/fx_api.h"
 157              		.file 5 "Middlewares/ST/filex/common/inc/fx_directory.h"
ARM GAS  C:\Users\HP\AppData\Local\Temp\cc8uLtaz.s 			page 7


DEFINED SYMBOLS
                            *ABS*:00000000 fx_directory_first_full_entry_find.c
C:\Users\HP\AppData\Local\Temp\cc8uLtaz.s:20     .text._fx_directory_first_full_entry_find:00000000 $t
C:\Users\HP\AppData\Local\Temp\cc8uLtaz.s:26     .text._fx_directory_first_full_entry_find:00000000 _fx_directory_first_full_entry_find
C:\Users\HP\AppData\Local\Temp\cc8uLtaz.s:147    .text._fx_directory_first_full_entry_find:00000080 $d

UNDEFINED SYMBOLS
_tx_mutex_get
_tx_mutex_put
_fx_directory_next_full_entry_find
_tx_thread_current_ptr
