ARM GAS  C:\Users\HP\AppData\Local\Temp\ccTaO62v.s 			page 1


   1              		.cpu cortex-m4
   2              		.arch armv7e-m
   3              		.fpu fpv4-sp-d16
   4              		.eabi_attribute 27, 1
   5              		.eabi_attribute 28, 1
   6              		.eabi_attribute 20, 1
   7              		.eabi_attribute 21, 1
   8              		.eabi_attribute 23, 3
   9              		.eabi_attribute 24, 1
  10              		.eabi_attribute 25, 1
  11              		.eabi_attribute 26, 1
  12              		.eabi_attribute 30, 1
  13              		.eabi_attribute 34, 1
  14              		.eabi_attribute 18, 4
  15              		.file	"fx_file_extended_truncate.c"
  16              		.text
  17              	.Ltext0:
  18              		.cfi_sections	.debug_frame
  19              		.global	__aeabi_uldivmod
  20              		.section	.text._fx_file_extended_truncate,"ax",%progbits
  21              		.align	1
  22              		.global	_fx_file_extended_truncate
  23              		.syntax unified
  24              		.thumb
  25              		.thumb_func
  27              	_fx_file_extended_truncate:
  28              	.LVL0:
  29              	.LFB8:
  30              		.file 1 "Middlewares/ST/filex/common/src/fx_file_extended_truncate.c"
   1:Middlewares/ST/filex/common/src/fx_file_extended_truncate.c **** /**************************************************************************/
   2:Middlewares/ST/filex/common/src/fx_file_extended_truncate.c **** /*                                                                        */
   3:Middlewares/ST/filex/common/src/fx_file_extended_truncate.c **** /*       Copyright (c) Microsoft Corporation. All rights reserved.        */
   4:Middlewares/ST/filex/common/src/fx_file_extended_truncate.c **** /*                                                                        */
   5:Middlewares/ST/filex/common/src/fx_file_extended_truncate.c **** /*       This software is licensed under the Microsoft Software License   */
   6:Middlewares/ST/filex/common/src/fx_file_extended_truncate.c **** /*       Terms for Microsoft Azure RTOS. Full text of the license can be  */
   7:Middlewares/ST/filex/common/src/fx_file_extended_truncate.c **** /*       found in the LICENSE file at https://aka.ms/AzureRTOS_EULA       */
   8:Middlewares/ST/filex/common/src/fx_file_extended_truncate.c **** /*       and in the root directory of this software.                      */
   9:Middlewares/ST/filex/common/src/fx_file_extended_truncate.c **** /*                                                                        */
  10:Middlewares/ST/filex/common/src/fx_file_extended_truncate.c **** /**************************************************************************/
  11:Middlewares/ST/filex/common/src/fx_file_extended_truncate.c **** 
  12:Middlewares/ST/filex/common/src/fx_file_extended_truncate.c **** 
  13:Middlewares/ST/filex/common/src/fx_file_extended_truncate.c **** /**************************************************************************/
  14:Middlewares/ST/filex/common/src/fx_file_extended_truncate.c **** /**************************************************************************/
  15:Middlewares/ST/filex/common/src/fx_file_extended_truncate.c **** /**                                                                       */
  16:Middlewares/ST/filex/common/src/fx_file_extended_truncate.c **** /** FileX Component                                                       */
  17:Middlewares/ST/filex/common/src/fx_file_extended_truncate.c **** /**                                                                       */
  18:Middlewares/ST/filex/common/src/fx_file_extended_truncate.c **** /**   File                                                                */
  19:Middlewares/ST/filex/common/src/fx_file_extended_truncate.c **** /**                                                                       */
  20:Middlewares/ST/filex/common/src/fx_file_extended_truncate.c **** /**************************************************************************/
  21:Middlewares/ST/filex/common/src/fx_file_extended_truncate.c **** /**************************************************************************/
  22:Middlewares/ST/filex/common/src/fx_file_extended_truncate.c **** 
  23:Middlewares/ST/filex/common/src/fx_file_extended_truncate.c **** #define FX_SOURCE_CODE
  24:Middlewares/ST/filex/common/src/fx_file_extended_truncate.c **** 
  25:Middlewares/ST/filex/common/src/fx_file_extended_truncate.c **** 
  26:Middlewares/ST/filex/common/src/fx_file_extended_truncate.c **** /* Include necessary system files.  */
  27:Middlewares/ST/filex/common/src/fx_file_extended_truncate.c **** 
  28:Middlewares/ST/filex/common/src/fx_file_extended_truncate.c **** #include "fx_api.h"
ARM GAS  C:\Users\HP\AppData\Local\Temp\ccTaO62v.s 			page 2


  29:Middlewares/ST/filex/common/src/fx_file_extended_truncate.c **** #include "fx_system.h"
  30:Middlewares/ST/filex/common/src/fx_file_extended_truncate.c **** #include "fx_directory.h"
  31:Middlewares/ST/filex/common/src/fx_file_extended_truncate.c **** #include "fx_file.h"
  32:Middlewares/ST/filex/common/src/fx_file_extended_truncate.c **** #include "fx_utility.h"
  33:Middlewares/ST/filex/common/src/fx_file_extended_truncate.c **** #ifdef FX_ENABLE_FAULT_TOLERANT
  34:Middlewares/ST/filex/common/src/fx_file_extended_truncate.c **** #include "fx_fault_tolerant.h"
  35:Middlewares/ST/filex/common/src/fx_file_extended_truncate.c **** #endif /* FX_ENABLE_FAULT_TOLERANT */
  36:Middlewares/ST/filex/common/src/fx_file_extended_truncate.c **** 
  37:Middlewares/ST/filex/common/src/fx_file_extended_truncate.c **** 
  38:Middlewares/ST/filex/common/src/fx_file_extended_truncate.c **** /**************************************************************************/
  39:Middlewares/ST/filex/common/src/fx_file_extended_truncate.c **** /*                                                                        */
  40:Middlewares/ST/filex/common/src/fx_file_extended_truncate.c **** /*  FUNCTION                                               RELEASE        */
  41:Middlewares/ST/filex/common/src/fx_file_extended_truncate.c **** /*                                                                        */
  42:Middlewares/ST/filex/common/src/fx_file_extended_truncate.c **** /*    _fx_file_extended_truncate                          PORTABLE C      */
  43:Middlewares/ST/filex/common/src/fx_file_extended_truncate.c **** /*                                                           6.1          */
  44:Middlewares/ST/filex/common/src/fx_file_extended_truncate.c **** /*  AUTHOR                                                                */
  45:Middlewares/ST/filex/common/src/fx_file_extended_truncate.c **** /*                                                                        */
  46:Middlewares/ST/filex/common/src/fx_file_extended_truncate.c **** /*    William E. Lamie, Microsoft Corporation                             */
  47:Middlewares/ST/filex/common/src/fx_file_extended_truncate.c **** /*                                                                        */
  48:Middlewares/ST/filex/common/src/fx_file_extended_truncate.c **** /*  DESCRIPTION                                                           */
  49:Middlewares/ST/filex/common/src/fx_file_extended_truncate.c **** /*                                                                        */
  50:Middlewares/ST/filex/common/src/fx_file_extended_truncate.c **** /*    This function sets the file to the specified size, if smaller than  */
  51:Middlewares/ST/filex/common/src/fx_file_extended_truncate.c **** /*    the current file size.  If the new file size is less than the       */
  52:Middlewares/ST/filex/common/src/fx_file_extended_truncate.c **** /*    current file read/write position, the internal file pointers will   */
  53:Middlewares/ST/filex/common/src/fx_file_extended_truncate.c **** /*    also be modified.                                                   */
  54:Middlewares/ST/filex/common/src/fx_file_extended_truncate.c **** /*                                                                        */
  55:Middlewares/ST/filex/common/src/fx_file_extended_truncate.c **** /*  INPUT                                                                 */
  56:Middlewares/ST/filex/common/src/fx_file_extended_truncate.c **** /*                                                                        */
  57:Middlewares/ST/filex/common/src/fx_file_extended_truncate.c **** /*    file_ptr                              File control block pointer    */
  58:Middlewares/ST/filex/common/src/fx_file_extended_truncate.c **** /*    size                                  New size of the file in bytes */
  59:Middlewares/ST/filex/common/src/fx_file_extended_truncate.c **** /*                                                                        */
  60:Middlewares/ST/filex/common/src/fx_file_extended_truncate.c **** /*  OUTPUT                                                                */
  61:Middlewares/ST/filex/common/src/fx_file_extended_truncate.c **** /*                                                                        */
  62:Middlewares/ST/filex/common/src/fx_file_extended_truncate.c **** /*    return status                                                       */
  63:Middlewares/ST/filex/common/src/fx_file_extended_truncate.c **** /*                                                                        */
  64:Middlewares/ST/filex/common/src/fx_file_extended_truncate.c **** /*  CALLS                                                                 */
  65:Middlewares/ST/filex/common/src/fx_file_extended_truncate.c **** /*                                                                        */
  66:Middlewares/ST/filex/common/src/fx_file_extended_truncate.c **** /*    _fx_utility_FAT_entry_read            Read a FAT entry              */
  67:Middlewares/ST/filex/common/src/fx_file_extended_truncate.c **** /*    _fx_fault_tolerant_transaction_start  Start fault tolerant          */
  68:Middlewares/ST/filex/common/src/fx_file_extended_truncate.c **** /*                                            transaction                 */
  69:Middlewares/ST/filex/common/src/fx_file_extended_truncate.c **** /*    _fx_fault_tolerant_transaction_end    End fault tolerant transaction*/
  70:Middlewares/ST/filex/common/src/fx_file_extended_truncate.c **** /*    _fx_fault_tolerant_recover            Recover FAT chain             */
  71:Middlewares/ST/filex/common/src/fx_file_extended_truncate.c **** /*    _fx_fault_tolerant_reset_log_file     Reset the log file            */
  72:Middlewares/ST/filex/common/src/fx_file_extended_truncate.c **** /*                                                                        */
  73:Middlewares/ST/filex/common/src/fx_file_extended_truncate.c **** /*  CALLED BY                                                             */
  74:Middlewares/ST/filex/common/src/fx_file_extended_truncate.c **** /*                                                                        */
  75:Middlewares/ST/filex/common/src/fx_file_extended_truncate.c **** /*    Application Code                                                    */
  76:Middlewares/ST/filex/common/src/fx_file_extended_truncate.c **** /*                                                                        */
  77:Middlewares/ST/filex/common/src/fx_file_extended_truncate.c **** /*  RELEASE HISTORY                                                       */
  78:Middlewares/ST/filex/common/src/fx_file_extended_truncate.c **** /*                                                                        */
  79:Middlewares/ST/filex/common/src/fx_file_extended_truncate.c **** /*    DATE              NAME                      DESCRIPTION             */
  80:Middlewares/ST/filex/common/src/fx_file_extended_truncate.c **** /*                                                                        */
  81:Middlewares/ST/filex/common/src/fx_file_extended_truncate.c **** /*  05-19-2020     William E. Lamie         Initial Version 6.0           */
  82:Middlewares/ST/filex/common/src/fx_file_extended_truncate.c **** /*  09-30-2020     William E. Lamie         Modified comment(s),          */
  83:Middlewares/ST/filex/common/src/fx_file_extended_truncate.c **** /*                                            resulting in version 6.1    */
  84:Middlewares/ST/filex/common/src/fx_file_extended_truncate.c **** /*                                                                        */
  85:Middlewares/ST/filex/common/src/fx_file_extended_truncate.c **** /**************************************************************************/
ARM GAS  C:\Users\HP\AppData\Local\Temp\ccTaO62v.s 			page 3


  86:Middlewares/ST/filex/common/src/fx_file_extended_truncate.c **** UINT  _fx_file_extended_truncate(FX_FILE *file_ptr, ULONG64 size)
  87:Middlewares/ST/filex/common/src/fx_file_extended_truncate.c **** {
  31              		.loc 1 87 1 view -0
  32              		.cfi_startproc
  33              		@ args = 0, pretend = 0, frame = 24
  34              		@ frame_needed = 0, uses_anonymous_args = 0
  35              		.loc 1 87 1 is_stmt 0 view .LVU1
  36 0000 2DE9F04F 		push	{r4, r5, r6, r7, r8, r9, r10, fp, lr}
  37              	.LCFI0:
  38              		.cfi_def_cfa_offset 36
  39              		.cfi_offset 4, -36
  40              		.cfi_offset 5, -32
  41              		.cfi_offset 6, -28
  42              		.cfi_offset 7, -24
  43              		.cfi_offset 8, -20
  44              		.cfi_offset 9, -16
  45              		.cfi_offset 10, -12
  46              		.cfi_offset 11, -8
  47              		.cfi_offset 14, -4
  48 0004 87B0     		sub	sp, sp, #28
  49              	.LCFI1:
  50              		.cfi_def_cfa_offset 64
  51 0006 0192     		str	r2, [sp, #4]
  52 0008 0293     		str	r3, [sp, #8]
  88:Middlewares/ST/filex/common/src/fx_file_extended_truncate.c **** 
  89:Middlewares/ST/filex/common/src/fx_file_extended_truncate.c **** UINT                   status;
  53              		.loc 1 89 1 is_stmt 1 view .LVU2
  90:Middlewares/ST/filex/common/src/fx_file_extended_truncate.c **** ULONG                  cluster;
  54              		.loc 1 90 1 view .LVU3
  91:Middlewares/ST/filex/common/src/fx_file_extended_truncate.c **** ULONG                  contents = 0;
  55              		.loc 1 91 1 view .LVU4
  56              		.loc 1 91 24 is_stmt 0 view .LVU5
  57 000a 0023     		movs	r3, #0
  58 000c 0593     		str	r3, [sp, #20]
  92:Middlewares/ST/filex/common/src/fx_file_extended_truncate.c **** ULONG                  bytes_per_cluster;
  59              		.loc 1 92 1 is_stmt 1 view .LVU6
  93:Middlewares/ST/filex/common/src/fx_file_extended_truncate.c **** ULONG                  last_cluster;
  60              		.loc 1 93 1 view .LVU7
  94:Middlewares/ST/filex/common/src/fx_file_extended_truncate.c **** ULONG                  cluster_count;
  61              		.loc 1 94 1 view .LVU8
  95:Middlewares/ST/filex/common/src/fx_file_extended_truncate.c **** ULONG64                bytes_remaining;
  62              		.loc 1 95 1 view .LVU9
  96:Middlewares/ST/filex/common/src/fx_file_extended_truncate.c **** FX_MEDIA              *media_ptr;
  63              		.loc 1 96 1 view .LVU10
  97:Middlewares/ST/filex/common/src/fx_file_extended_truncate.c **** 
  98:Middlewares/ST/filex/common/src/fx_file_extended_truncate.c **** #ifndef FX_DONT_UPDATE_OPEN_FILES
  99:Middlewares/ST/filex/common/src/fx_file_extended_truncate.c **** ULONG                  open_count;
  64              		.loc 1 99 1 view .LVU11
 100:Middlewares/ST/filex/common/src/fx_file_extended_truncate.c **** FX_FILE               *search_ptr;
  65              		.loc 1 100 1 view .LVU12
 101:Middlewares/ST/filex/common/src/fx_file_extended_truncate.c **** #endif
 102:Middlewares/ST/filex/common/src/fx_file_extended_truncate.c **** 
 103:Middlewares/ST/filex/common/src/fx_file_extended_truncate.c **** #ifdef TX_ENABLE_EVENT_TRACE
 104:Middlewares/ST/filex/common/src/fx_file_extended_truncate.c **** TX_TRACE_BUFFER_ENTRY *trace_event;
 105:Middlewares/ST/filex/common/src/fx_file_extended_truncate.c **** ULONG                  trace_timestamp;
 106:Middlewares/ST/filex/common/src/fx_file_extended_truncate.c **** #endif
 107:Middlewares/ST/filex/common/src/fx_file_extended_truncate.c **** 
ARM GAS  C:\Users\HP\AppData\Local\Temp\ccTaO62v.s 			page 4


 108:Middlewares/ST/filex/common/src/fx_file_extended_truncate.c **** 
 109:Middlewares/ST/filex/common/src/fx_file_extended_truncate.c ****     /* First, determine if the file is still open.  */
 110:Middlewares/ST/filex/common/src/fx_file_extended_truncate.c ****     if (file_ptr -> fx_file_id != FX_FILE_ID)
  66              		.loc 1 110 5 view .LVU13
  67              		.loc 1 110 18 is_stmt 0 view .LVU14
  68 000e 0268     		ldr	r2, [r0]
  69              	.LVL1:
  70              		.loc 1 110 8 view .LVU15
  71 0010 6F4B     		ldr	r3, .L27
  72 0012 9A42     		cmp	r2, r3
  73 0014 40F0D580 		bne	.L15
  74 0018 0446     		mov	r4, r0
 111:Middlewares/ST/filex/common/src/fx_file_extended_truncate.c ****     {
 112:Middlewares/ST/filex/common/src/fx_file_extended_truncate.c **** 
 113:Middlewares/ST/filex/common/src/fx_file_extended_truncate.c ****         /* Return the file not open error status.  */
 114:Middlewares/ST/filex/common/src/fx_file_extended_truncate.c ****         return(FX_NOT_OPEN);
 115:Middlewares/ST/filex/common/src/fx_file_extended_truncate.c ****     }
 116:Middlewares/ST/filex/common/src/fx_file_extended_truncate.c **** 
 117:Middlewares/ST/filex/common/src/fx_file_extended_truncate.c **** #ifndef FX_MEDIA_STATISTICS_DISABLE
 118:Middlewares/ST/filex/common/src/fx_file_extended_truncate.c ****     /* Setup pointer to media structure.  */
 119:Middlewares/ST/filex/common/src/fx_file_extended_truncate.c ****     media_ptr =  file_ptr -> fx_file_media_ptr;
  75              		.loc 1 119 5 is_stmt 1 view .LVU16
  76              		.loc 1 119 15 is_stmt 0 view .LVU17
  77 001a 826D     		ldr	r2, [r0, #88]
  78              	.LVL2:
 120:Middlewares/ST/filex/common/src/fx_file_extended_truncate.c **** 
 121:Middlewares/ST/filex/common/src/fx_file_extended_truncate.c ****     /* Increment the number of times this service has been called.  */
 122:Middlewares/ST/filex/common/src/fx_file_extended_truncate.c ****     media_ptr -> fx_media_file_truncates++;
  79              		.loc 1 122 5 is_stmt 1 view .LVU18
  80              		.loc 1 122 15 is_stmt 0 view .LVU19
  81 001c D2F84C31 		ldr	r3, [r2, #332]
  82              		.loc 1 122 41 view .LVU20
  83 0020 0133     		adds	r3, r3, #1
  84 0022 C2F84C31 		str	r3, [r2, #332]
 123:Middlewares/ST/filex/common/src/fx_file_extended_truncate.c **** #endif
 124:Middlewares/ST/filex/common/src/fx_file_extended_truncate.c **** 
 125:Middlewares/ST/filex/common/src/fx_file_extended_truncate.c ****     /* Setup pointer to associated media control block.  */
 126:Middlewares/ST/filex/common/src/fx_file_extended_truncate.c ****     media_ptr =  file_ptr -> fx_file_media_ptr;
  85              		.loc 1 126 5 is_stmt 1 view .LVU21
  86              		.loc 1 126 15 is_stmt 0 view .LVU22
  87 0026 876D     		ldr	r7, [r0, #88]
  88              	.LVL3:
 127:Middlewares/ST/filex/common/src/fx_file_extended_truncate.c **** 
 128:Middlewares/ST/filex/common/src/fx_file_extended_truncate.c ****     /* If trace is enabled, insert this event into the trace buffer.  */
 129:Middlewares/ST/filex/common/src/fx_file_extended_truncate.c ****     FX_TRACE_IN_LINE_INSERT(FX_TRACE_FILE_TRUNCATE, file_ptr, size, file_ptr -> fx_file_current_fil
 130:Middlewares/ST/filex/common/src/fx_file_extended_truncate.c **** 
 131:Middlewares/ST/filex/common/src/fx_file_extended_truncate.c ****     /* Protect against other threads accessing the media.  */
 132:Middlewares/ST/filex/common/src/fx_file_extended_truncate.c ****     FX_PROTECT
  89              		.loc 1 132 5 is_stmt 1 view .LVU23
  90 0028 3A68     		ldr	r2, [r7]
  91 002a 6A4B     		ldr	r3, .L27+4
  92 002c 9A42     		cmp	r2, r3
  93 002e 01D0     		beq	.L21
  94 0030 1126     		movs	r6, #17
  95 0032 C7E0     		b	.L1
  96              	.L21:
  97              		.loc 1 132 5 discriminator 2 view .LVU24
ARM GAS  C:\Users\HP\AppData\Local\Temp\ccTaO62v.s 			page 5


  98 0034 07F5E473 		add	r3, r7, #456
  99 0038 0393     		str	r3, [sp, #12]
 100 003a 4FF0FF31 		mov	r1, #-1
 101 003e 1846     		mov	r0, r3
 102              	.LVL4:
 103              		.loc 1 132 5 is_stmt 0 discriminator 2 view .LVU25
 104 0040 FFF7FEFF 		bl	_tx_mutex_get
 105              	.LVL5:
 106 0044 0028     		cmp	r0, #0
 107 0046 40F0C180 		bne	.L17
 133:Middlewares/ST/filex/common/src/fx_file_extended_truncate.c **** 
 134:Middlewares/ST/filex/common/src/fx_file_extended_truncate.c ****     /* Make sure this file is open for writing.  */
 135:Middlewares/ST/filex/common/src/fx_file_extended_truncate.c ****     if (file_ptr -> fx_file_open_mode != FX_OPEN_FOR_WRITE)
 108              		.loc 1 135 5 is_stmt 1 view .LVU26
 109              		.loc 1 135 18 is_stmt 0 view .LVU27
 110 004a A368     		ldr	r3, [r4, #8]
 111              		.loc 1 135 8 view .LVU28
 112 004c 012B     		cmp	r3, #1
 113 004e 13D1     		bne	.L22
 136:Middlewares/ST/filex/common/src/fx_file_extended_truncate.c ****     {
 137:Middlewares/ST/filex/common/src/fx_file_extended_truncate.c **** 
 138:Middlewares/ST/filex/common/src/fx_file_extended_truncate.c ****         /* Release media protection.  */
 139:Middlewares/ST/filex/common/src/fx_file_extended_truncate.c ****         FX_UNPROTECT
 140:Middlewares/ST/filex/common/src/fx_file_extended_truncate.c **** 
 141:Middlewares/ST/filex/common/src/fx_file_extended_truncate.c ****         /* Return the access error exception - a write was attempted from
 142:Middlewares/ST/filex/common/src/fx_file_extended_truncate.c ****            a file opened for reading!  */
 143:Middlewares/ST/filex/common/src/fx_file_extended_truncate.c ****         return(FX_ACCESS_ERROR);
 144:Middlewares/ST/filex/common/src/fx_file_extended_truncate.c ****     }
 145:Middlewares/ST/filex/common/src/fx_file_extended_truncate.c **** 
 146:Middlewares/ST/filex/common/src/fx_file_extended_truncate.c ****     /* Check for write protect at the media level (set by driver).  */
 147:Middlewares/ST/filex/common/src/fx_file_extended_truncate.c ****     if (media_ptr -> fx_media_driver_write_protect)
 114              		.loc 1 147 5 is_stmt 1 view .LVU29
 115              		.loc 1 147 19 is_stmt 0 view .LVU30
 116 0050 D7F8A860 		ldr	r6, [r7, #168]
 117              		.loc 1 147 8 view .LVU31
 118 0054 AEB9     		cbnz	r6, .L23
 148:Middlewares/ST/filex/common/src/fx_file_extended_truncate.c ****     {
 149:Middlewares/ST/filex/common/src/fx_file_extended_truncate.c **** 
 150:Middlewares/ST/filex/common/src/fx_file_extended_truncate.c ****         /* Release media protection.  */
 151:Middlewares/ST/filex/common/src/fx_file_extended_truncate.c ****         FX_UNPROTECT
 152:Middlewares/ST/filex/common/src/fx_file_extended_truncate.c **** 
 153:Middlewares/ST/filex/common/src/fx_file_extended_truncate.c ****         /* Return write protect error.  */
 154:Middlewares/ST/filex/common/src/fx_file_extended_truncate.c ****         return(FX_WRITE_PROTECT);
 155:Middlewares/ST/filex/common/src/fx_file_extended_truncate.c ****     }
 156:Middlewares/ST/filex/common/src/fx_file_extended_truncate.c **** 
 157:Middlewares/ST/filex/common/src/fx_file_extended_truncate.c ****     /* Setup the new file size - if less than the current size.  */
 158:Middlewares/ST/filex/common/src/fx_file_extended_truncate.c ****     if (size < file_ptr -> fx_file_current_file_size)
 119              		.loc 1 158 5 is_stmt 1 view .LVU32
 120              		.loc 1 158 25 is_stmt 0 view .LVU33
 121 0056 A26C     		ldr	r2, [r4, #72]
 122 0058 E36C     		ldr	r3, [r4, #76]
 123              		.loc 1 158 8 view .LVU34
 124 005a 0199     		ldr	r1, [sp, #4]
 125 005c 9142     		cmp	r1, r2
 126 005e 029A     		ldr	r2, [sp, #8]
 127 0060 72EB0303 		sbcs	r3, r2, r3
 128 0064 12D2     		bcs	.L5
ARM GAS  C:\Users\HP\AppData\Local\Temp\ccTaO62v.s 			page 6


 159:Middlewares/ST/filex/common/src/fx_file_extended_truncate.c ****     {
 160:Middlewares/ST/filex/common/src/fx_file_extended_truncate.c **** 
 161:Middlewares/ST/filex/common/src/fx_file_extended_truncate.c ****         /* Setup the new size.  */
 162:Middlewares/ST/filex/common/src/fx_file_extended_truncate.c ****         file_ptr -> fx_file_current_file_size =  size;
 129              		.loc 1 162 9 is_stmt 1 view .LVU35
 130              		.loc 1 162 47 is_stmt 0 view .LVU36
 131 0066 A164     		str	r1, [r4, #72]
 132 0068 E264     		str	r2, [r4, #76]
 163:Middlewares/ST/filex/common/src/fx_file_extended_truncate.c **** 
 164:Middlewares/ST/filex/common/src/fx_file_extended_truncate.c ****         /* Set the modified flag as well.  */
 165:Middlewares/ST/filex/common/src/fx_file_extended_truncate.c ****         file_ptr -> fx_file_modified =  FX_TRUE;
 133              		.loc 1 165 9 is_stmt 1 view .LVU37
 134              		.loc 1 165 38 is_stmt 0 view .LVU38
 135 006a 0123     		movs	r3, #1
 136 006c 2373     		strb	r3, [r4, #12]
 166:Middlewares/ST/filex/common/src/fx_file_extended_truncate.c **** 
 167:Middlewares/ST/filex/common/src/fx_file_extended_truncate.c ****         /* Update the trace event with the truncated size.  */
 168:Middlewares/ST/filex/common/src/fx_file_extended_truncate.c ****         FX_TRACE_EVENT_UPDATE(trace_event, trace_timestamp, FX_TRACE_FILE_TRUNCATE, 0, 0, 0, size)
 169:Middlewares/ST/filex/common/src/fx_file_extended_truncate.c ****     }
 170:Middlewares/ST/filex/common/src/fx_file_extended_truncate.c ****     else
 171:Middlewares/ST/filex/common/src/fx_file_extended_truncate.c ****     {
 172:Middlewares/ST/filex/common/src/fx_file_extended_truncate.c **** 
 173:Middlewares/ST/filex/common/src/fx_file_extended_truncate.c ****         /* Update the trace event with the truncated size.  */
 174:Middlewares/ST/filex/common/src/fx_file_extended_truncate.c ****         FX_TRACE_EVENT_UPDATE(trace_event, trace_timestamp, FX_TRACE_FILE_TRUNCATE, 0, 0, 0, file_p
 175:Middlewares/ST/filex/common/src/fx_file_extended_truncate.c **** 
 176:Middlewares/ST/filex/common/src/fx_file_extended_truncate.c ****         /* Release media protection.  */
 177:Middlewares/ST/filex/common/src/fx_file_extended_truncate.c ****         FX_UNPROTECT
 178:Middlewares/ST/filex/common/src/fx_file_extended_truncate.c **** 
 179:Middlewares/ST/filex/common/src/fx_file_extended_truncate.c ****         /* Just return, the new size is larger than the current size.  */
 180:Middlewares/ST/filex/common/src/fx_file_extended_truncate.c ****         return(FX_SUCCESS);
 181:Middlewares/ST/filex/common/src/fx_file_extended_truncate.c ****     }
 182:Middlewares/ST/filex/common/src/fx_file_extended_truncate.c **** 
 183:Middlewares/ST/filex/common/src/fx_file_extended_truncate.c **** #ifndef FX_DONT_UPDATE_OPEN_FILES
 184:Middlewares/ST/filex/common/src/fx_file_extended_truncate.c **** 
 185:Middlewares/ST/filex/common/src/fx_file_extended_truncate.c ****     /* Search the opened files list to see if the same file is opened for reading.  */
 186:Middlewares/ST/filex/common/src/fx_file_extended_truncate.c ****     open_count =  media_ptr -> fx_media_opened_file_count;
 137              		.loc 1 186 5 is_stmt 1 view .LVU39
 138              		.loc 1 186 16 is_stmt 0 view .LVU40
 139 006e D7F8CC60 		ldr	r6, [r7, #204]
 140              	.LVL6:
 187:Middlewares/ST/filex/common/src/fx_file_extended_truncate.c ****     search_ptr =  media_ptr -> fx_media_opened_file_list;
 141              		.loc 1 187 5 is_stmt 1 view .LVU41
 142              		.loc 1 187 16 is_stmt 0 view .LVU42
 143 0072 D7F8C850 		ldr	r5, [r7, #200]
 144              	.LVL7:
 188:Middlewares/ST/filex/common/src/fx_file_extended_truncate.c ****     while (open_count)
 145              		.loc 1 188 5 is_stmt 1 view .LVU43
 146              		.loc 1 188 11 is_stmt 0 view .LVU44
 147 0076 0FE0     		b	.L6
 148              	.LVL8:
 149              	.L22:
 139:Middlewares/ST/filex/common/src/fx_file_extended_truncate.c **** 
 150              		.loc 1 139 9 is_stmt 1 view .LVU45
 151 0078 0398     		ldr	r0, [sp, #12]
 152 007a FFF7FEFF 		bl	_tx_mutex_put
 153              	.LVL9:
 143:Middlewares/ST/filex/common/src/fx_file_extended_truncate.c ****     }
ARM GAS  C:\Users\HP\AppData\Local\Temp\ccTaO62v.s 			page 7


 154              		.loc 1 143 9 view .LVU46
 143:Middlewares/ST/filex/common/src/fx_file_extended_truncate.c ****     }
 155              		.loc 1 143 15 is_stmt 0 view .LVU47
 156 007e 0626     		movs	r6, #6
 157 0080 A0E0     		b	.L1
 158              	.L23:
 151:Middlewares/ST/filex/common/src/fx_file_extended_truncate.c **** 
 159              		.loc 1 151 9 is_stmt 1 view .LVU48
 160 0082 0398     		ldr	r0, [sp, #12]
 161 0084 FFF7FEFF 		bl	_tx_mutex_put
 162              	.LVL10:
 154:Middlewares/ST/filex/common/src/fx_file_extended_truncate.c ****     }
 163              		.loc 1 154 9 view .LVU49
 154:Middlewares/ST/filex/common/src/fx_file_extended_truncate.c ****     }
 164              		.loc 1 154 15 is_stmt 0 view .LVU50
 165 0088 2326     		movs	r6, #35
 166 008a 9BE0     		b	.L1
 167              	.L5:
 177:Middlewares/ST/filex/common/src/fx_file_extended_truncate.c **** 
 168              		.loc 1 177 9 is_stmt 1 view .LVU51
 169 008c 0398     		ldr	r0, [sp, #12]
 170 008e FFF7FEFF 		bl	_tx_mutex_put
 171              	.LVL11:
 180:Middlewares/ST/filex/common/src/fx_file_extended_truncate.c ****     }
 172              		.loc 1 180 9 view .LVU52
 180:Middlewares/ST/filex/common/src/fx_file_extended_truncate.c ****     }
 173              		.loc 1 180 15 is_stmt 0 view .LVU53
 174 0092 97E0     		b	.L1
 175              	.LVL12:
 176              	.L7:
 189:Middlewares/ST/filex/common/src/fx_file_extended_truncate.c ****     {
 190:Middlewares/ST/filex/common/src/fx_file_extended_truncate.c **** 
 191:Middlewares/ST/filex/common/src/fx_file_extended_truncate.c ****         /* Is this file the same file opened for reading?  */
 192:Middlewares/ST/filex/common/src/fx_file_extended_truncate.c ****         if ((search_ptr != file_ptr) &&
 193:Middlewares/ST/filex/common/src/fx_file_extended_truncate.c ****             (search_ptr -> fx_file_dir_entry.fx_dir_entry_log_sector ==
 194:Middlewares/ST/filex/common/src/fx_file_extended_truncate.c ****              file_ptr -> fx_file_dir_entry.fx_dir_entry_log_sector) &&
 195:Middlewares/ST/filex/common/src/fx_file_extended_truncate.c ****             (search_ptr -> fx_file_dir_entry.fx_dir_entry_byte_offset ==
 196:Middlewares/ST/filex/common/src/fx_file_extended_truncate.c ****              file_ptr -> fx_file_dir_entry.fx_dir_entry_byte_offset))
 197:Middlewares/ST/filex/common/src/fx_file_extended_truncate.c ****         {
 198:Middlewares/ST/filex/common/src/fx_file_extended_truncate.c **** 
 199:Middlewares/ST/filex/common/src/fx_file_extended_truncate.c ****             /* Yes, the same file is opened for reading.  */
 200:Middlewares/ST/filex/common/src/fx_file_extended_truncate.c **** 
 201:Middlewares/ST/filex/common/src/fx_file_extended_truncate.c ****             /* Setup the new file size.  */
 202:Middlewares/ST/filex/common/src/fx_file_extended_truncate.c ****             search_ptr -> fx_file_current_file_size =  size;
 203:Middlewares/ST/filex/common/src/fx_file_extended_truncate.c ****             search_ptr -> fx_file_dir_entry.fx_dir_entry_file_size = size;
 204:Middlewares/ST/filex/common/src/fx_file_extended_truncate.c ****         }
 205:Middlewares/ST/filex/common/src/fx_file_extended_truncate.c **** 
 206:Middlewares/ST/filex/common/src/fx_file_extended_truncate.c ****         /* Adjust the pointer and decrement the search count.  */
 207:Middlewares/ST/filex/common/src/fx_file_extended_truncate.c ****         search_ptr =  search_ptr -> fx_file_opened_next;
 177              		.loc 1 207 9 is_stmt 1 view .LVU54
 178              		.loc 1 207 20 is_stmt 0 view .LVU55
 179 0094 ED6D     		ldr	r5, [r5, #92]
 180              	.LVL13:
 208:Middlewares/ST/filex/common/src/fx_file_extended_truncate.c ****         open_count--;
 181              		.loc 1 208 9 is_stmt 1 view .LVU56
 182              		.loc 1 208 19 is_stmt 0 view .LVU57
 183 0096 013E     		subs	r6, r6, #1
ARM GAS  C:\Users\HP\AppData\Local\Temp\ccTaO62v.s 			page 8


 184              	.LVL14:
 185              	.L6:
 188:Middlewares/ST/filex/common/src/fx_file_extended_truncate.c ****     {
 186              		.loc 1 188 11 is_stmt 1 view .LVU58
 187 0098 E6B1     		cbz	r6, .L24
 192:Middlewares/ST/filex/common/src/fx_file_extended_truncate.c ****             (search_ptr -> fx_file_dir_entry.fx_dir_entry_log_sector ==
 188              		.loc 1 192 9 view .LVU59
 192:Middlewares/ST/filex/common/src/fx_file_extended_truncate.c ****             (search_ptr -> fx_file_dir_entry.fx_dir_entry_log_sector ==
 189              		.loc 1 192 12 is_stmt 0 view .LVU60
 190 009a A542     		cmp	r5, r4
 191 009c FAD0     		beq	.L7
 193:Middlewares/ST/filex/common/src/fx_file_extended_truncate.c ****              file_ptr -> fx_file_dir_entry.fx_dir_entry_log_sector) &&
 192              		.loc 1 193 45 discriminator 1 view .LVU61
 193 009e D5F8A800 		ldr	r0, [r5, #168]
 194 00a2 D5F8AC20 		ldr	r2, [r5, #172]
 194:Middlewares/ST/filex/common/src/fx_file_extended_truncate.c ****             (search_ptr -> fx_file_dir_entry.fx_dir_entry_byte_offset ==
 195              		.loc 1 194 43 discriminator 1 view .LVU62
 196 00a6 D4F8A810 		ldr	r1, [r4, #168]
 197 00aa D4F8AC30 		ldr	r3, [r4, #172]
 192:Middlewares/ST/filex/common/src/fx_file_extended_truncate.c ****             (search_ptr -> fx_file_dir_entry.fx_dir_entry_log_sector ==
 198              		.loc 1 192 38 discriminator 1 view .LVU63
 199 00ae 9A42     		cmp	r2, r3
 200 00b0 08BF     		it	eq
 201 00b2 8842     		cmpeq	r0, r1
 202 00b4 EED1     		bne	.L7
 195:Middlewares/ST/filex/common/src/fx_file_extended_truncate.c ****              file_ptr -> fx_file_dir_entry.fx_dir_entry_byte_offset))
 203              		.loc 1 195 45 view .LVU64
 204 00b6 D5F8B020 		ldr	r2, [r5, #176]
 196:Middlewares/ST/filex/common/src/fx_file_extended_truncate.c ****         {
 205              		.loc 1 196 43 view .LVU65
 206 00ba D4F8B030 		ldr	r3, [r4, #176]
 194:Middlewares/ST/filex/common/src/fx_file_extended_truncate.c ****             (search_ptr -> fx_file_dir_entry.fx_dir_entry_byte_offset ==
 207              		.loc 1 194 69 view .LVU66
 208 00be 9A42     		cmp	r2, r3
 209 00c0 E8D1     		bne	.L7
 202:Middlewares/ST/filex/common/src/fx_file_extended_truncate.c ****             search_ptr -> fx_file_dir_entry.fx_dir_entry_file_size = size;
 210              		.loc 1 202 13 is_stmt 1 view .LVU67
 202:Middlewares/ST/filex/common/src/fx_file_extended_truncate.c ****             search_ptr -> fx_file_dir_entry.fx_dir_entry_file_size = size;
 211              		.loc 1 202 53 is_stmt 0 view .LVU68
 212 00c2 019B     		ldr	r3, [sp, #4]
 213 00c4 AB64     		str	r3, [r5, #72]
 214 00c6 029A     		ldr	r2, [sp, #8]
 215 00c8 EA64     		str	r2, [r5, #76]
 203:Middlewares/ST/filex/common/src/fx_file_extended_truncate.c ****         }
 216              		.loc 1 203 13 is_stmt 1 view .LVU69
 203:Middlewares/ST/filex/common/src/fx_file_extended_truncate.c ****         }
 217              		.loc 1 203 68 is_stmt 0 view .LVU70
 218 00ca C5F8A030 		str	r3, [r5, #160]
 219 00ce C5F8A420 		str	r2, [r5, #164]
 220 00d2 DFE7     		b	.L7
 221              	.L24:
 209:Middlewares/ST/filex/common/src/fx_file_extended_truncate.c ****     }
 210:Middlewares/ST/filex/common/src/fx_file_extended_truncate.c **** #endif
 211:Middlewares/ST/filex/common/src/fx_file_extended_truncate.c **** 
 212:Middlewares/ST/filex/common/src/fx_file_extended_truncate.c ****     /* Now check to see if the read/write internal file pointers need
 213:Middlewares/ST/filex/common/src/fx_file_extended_truncate.c ****        to be adjusted.  */
 214:Middlewares/ST/filex/common/src/fx_file_extended_truncate.c ****     if (file_ptr -> fx_file_current_file_offset > file_ptr -> fx_file_current_file_size)
ARM GAS  C:\Users\HP\AppData\Local\Temp\ccTaO62v.s 			page 9


 222              		.loc 1 214 5 is_stmt 1 view .LVU71
 223              		.loc 1 214 18 is_stmt 0 view .LVU72
 224 00d4 216C     		ldr	r1, [r4, #64]
 225 00d6 636C     		ldr	r3, [r4, #68]
 226              		.loc 1 214 60 view .LVU73
 227 00d8 A06C     		ldr	r0, [r4, #72]
 228 00da E26C     		ldr	r2, [r4, #76]
 229              		.loc 1 214 8 view .LVU74
 230 00dc 8842     		cmp	r0, r1
 231 00de 72EB0303 		sbcs	r3, r2, r3
 232 00e2 65D2     		bcs	.L9
 215:Middlewares/ST/filex/common/src/fx_file_extended_truncate.c ****     {
 216:Middlewares/ST/filex/common/src/fx_file_extended_truncate.c **** 
 217:Middlewares/ST/filex/common/src/fx_file_extended_truncate.c ****         /* Calculate the number of bytes per cluster.  */
 218:Middlewares/ST/filex/common/src/fx_file_extended_truncate.c ****         bytes_per_cluster =  ((ULONG)media_ptr -> fx_media_bytes_per_sector) *
 233              		.loc 1 218 9 is_stmt 1 view .LVU75
 234              		.loc 1 218 48 is_stmt 0 view .LVU76
 235 00e4 BB6A     		ldr	r3, [r7, #40]
 219:Middlewares/ST/filex/common/src/fx_file_extended_truncate.c ****             ((ULONG)media_ptr -> fx_media_sectors_per_cluster);
 236              		.loc 1 219 31 view .LVU77
 237 00e6 7A6D     		ldr	r2, [r7, #84]
 218:Middlewares/ST/filex/common/src/fx_file_extended_truncate.c ****             ((ULONG)media_ptr -> fx_media_sectors_per_cluster);
 238              		.loc 1 218 27 view .LVU78
 239 00e8 02FB03FA 		mul	r10, r2, r3
 240              	.LVL15:
 220:Middlewares/ST/filex/common/src/fx_file_extended_truncate.c **** 
 221:Middlewares/ST/filex/common/src/fx_file_extended_truncate.c ****         /* At this point, we are ready to walk list of clusters to setup the
 222:Middlewares/ST/filex/common/src/fx_file_extended_truncate.c ****            seek position of this file.  */
 223:Middlewares/ST/filex/common/src/fx_file_extended_truncate.c ****         cluster =           file_ptr -> fx_file_first_physical_cluster;
 241              		.loc 1 223 9 is_stmt 1 view .LVU79
 242              		.loc 1 223 17 is_stmt 0 view .LVU80
 243 00ec D4F81480 		ldr	r8, [r4, #20]
 244              	.LVL16:
 224:Middlewares/ST/filex/common/src/fx_file_extended_truncate.c ****         bytes_remaining =   size;
 245              		.loc 1 224 9 is_stmt 1 view .LVU81
 225:Middlewares/ST/filex/common/src/fx_file_extended_truncate.c ****         last_cluster =      0;
 246              		.loc 1 225 9 view .LVU82
 226:Middlewares/ST/filex/common/src/fx_file_extended_truncate.c ****         cluster_count =     0;
 247              		.loc 1 226 9 view .LVU83
 227:Middlewares/ST/filex/common/src/fx_file_extended_truncate.c **** 
 228:Middlewares/ST/filex/common/src/fx_file_extended_truncate.c ****         /* Follow the link of FAT entries.  */
 229:Middlewares/ST/filex/common/src/fx_file_extended_truncate.c ****         while ((cluster >= FX_FAT_ENTRY_START) && (cluster < media_ptr -> fx_media_fat_reserved))
 248              		.loc 1 229 9 view .LVU84
 224:Middlewares/ST/filex/common/src/fx_file_extended_truncate.c ****         last_cluster =      0;
 249              		.loc 1 224 25 is_stmt 0 view .LVU85
 250 00f0 019D     		ldr	r5, [sp, #4]
 251              	.LVL17:
 224:Middlewares/ST/filex/common/src/fx_file_extended_truncate.c ****         last_cluster =      0;
 252              		.loc 1 224 25 view .LVU86
 253 00f2 DDF80890 		ldr	r9, [sp, #8]
 226:Middlewares/ST/filex/common/src/fx_file_extended_truncate.c ****         cluster_count =     0;
 254              		.loc 1 226 23 view .LVU87
 255 00f6 B346     		mov	fp, r6
 225:Middlewares/ST/filex/common/src/fx_file_extended_truncate.c ****         cluster_count =     0;
 256              		.loc 1 225 22 view .LVU88
 257 00f8 3146     		mov	r1, r6
 258              	.LVL18:
ARM GAS  C:\Users\HP\AppData\Local\Temp\ccTaO62v.s 			page 10


 259              	.L10:
 260              		.loc 1 229 15 is_stmt 1 view .LVU89
 261 00fa B8F1010F 		cmp	r8, #1
 262 00fe 1FD9     		bls	.L12
 263              		.loc 1 229 72 is_stmt 0 discriminator 1 view .LVU90
 264 0100 07F50053 		add	r3, r7, #8192
 265 0104 D3F8A834 		ldr	r3, [r3, #1192]
 266              		.loc 1 229 48 discriminator 1 view .LVU91
 267 0108 4345     		cmp	r3, r8
 268 010a 19D9     		bls	.L12
 230:Middlewares/ST/filex/common/src/fx_file_extended_truncate.c ****         {
 231:Middlewares/ST/filex/common/src/fx_file_extended_truncate.c **** 
 232:Middlewares/ST/filex/common/src/fx_file_extended_truncate.c ****             /* Increment the number of clusters.  */
 233:Middlewares/ST/filex/common/src/fx_file_extended_truncate.c ****             cluster_count++;
 269              		.loc 1 233 13 is_stmt 1 view .LVU92
 270              		.loc 1 233 26 is_stmt 0 view .LVU93
 271 010c 0BF1010B 		add	fp, fp, #1
 272              	.LVL19:
 234:Middlewares/ST/filex/common/src/fx_file_extended_truncate.c **** #ifdef FX_ENABLE_EXFAT
 235:Middlewares/ST/filex/common/src/fx_file_extended_truncate.c ****             if (file_ptr -> fx_file_dir_entry.fx_dir_entry_dont_use_fat & 1)
 236:Middlewares/ST/filex/common/src/fx_file_extended_truncate.c ****             {
 237:Middlewares/ST/filex/common/src/fx_file_extended_truncate.c ****                 if (cluster >= file_ptr -> fx_file_last_physical_cluster)
 238:Middlewares/ST/filex/common/src/fx_file_extended_truncate.c ****                 {
 239:Middlewares/ST/filex/common/src/fx_file_extended_truncate.c ****                     contents = FX_LAST_CLUSTER_exFAT;
 240:Middlewares/ST/filex/common/src/fx_file_extended_truncate.c ****                 }
 241:Middlewares/ST/filex/common/src/fx_file_extended_truncate.c ****                 else
 242:Middlewares/ST/filex/common/src/fx_file_extended_truncate.c ****                 {
 243:Middlewares/ST/filex/common/src/fx_file_extended_truncate.c ****                     contents = cluster + 1;
 244:Middlewares/ST/filex/common/src/fx_file_extended_truncate.c ****                 }
 245:Middlewares/ST/filex/common/src/fx_file_extended_truncate.c ****             }
 246:Middlewares/ST/filex/common/src/fx_file_extended_truncate.c ****             else
 247:Middlewares/ST/filex/common/src/fx_file_extended_truncate.c ****             {
 248:Middlewares/ST/filex/common/src/fx_file_extended_truncate.c **** #endif /* FX_ENABLE_EXFAT */
 249:Middlewares/ST/filex/common/src/fx_file_extended_truncate.c **** 
 250:Middlewares/ST/filex/common/src/fx_file_extended_truncate.c ****                 /* Read the current cluster entry from the FAT.  */
 251:Middlewares/ST/filex/common/src/fx_file_extended_truncate.c ****                 status =  _fx_utility_FAT_entry_read(media_ptr, cluster, &contents);
 273              		.loc 1 251 17 is_stmt 1 view .LVU94
 274              		.loc 1 251 27 is_stmt 0 view .LVU95
 275 0110 05AA     		add	r2, sp, #20
 276 0112 4146     		mov	r1, r8
 277              	.LVL20:
 278              		.loc 1 251 27 view .LVU96
 279 0114 3846     		mov	r0, r7
 280 0116 FFF7FEFF 		bl	_fx_utility_FAT_entry_read
 281              	.LVL21:
 252:Middlewares/ST/filex/common/src/fx_file_extended_truncate.c **** 
 253:Middlewares/ST/filex/common/src/fx_file_extended_truncate.c ****                 /* Check the return value.  */
 254:Middlewares/ST/filex/common/src/fx_file_extended_truncate.c ****                 if (status != FX_SUCCESS)
 282              		.loc 1 254 17 is_stmt 1 view .LVU97
 283              		.loc 1 254 20 is_stmt 0 view .LVU98
 284 011a 58B9     		cbnz	r0, .L25
 255:Middlewares/ST/filex/common/src/fx_file_extended_truncate.c ****                 {
 256:Middlewares/ST/filex/common/src/fx_file_extended_truncate.c **** 
 257:Middlewares/ST/filex/common/src/fx_file_extended_truncate.c ****                     /* Release media protection.  */
 258:Middlewares/ST/filex/common/src/fx_file_extended_truncate.c ****                     FX_UNPROTECT
 259:Middlewares/ST/filex/common/src/fx_file_extended_truncate.c **** 
 260:Middlewares/ST/filex/common/src/fx_file_extended_truncate.c ****                     /* Return the error status.  */
ARM GAS  C:\Users\HP\AppData\Local\Temp\ccTaO62v.s 			page 11


 261:Middlewares/ST/filex/common/src/fx_file_extended_truncate.c ****                     return(status);
 262:Middlewares/ST/filex/common/src/fx_file_extended_truncate.c ****                 }
 263:Middlewares/ST/filex/common/src/fx_file_extended_truncate.c **** #ifdef FX_ENABLE_EXFAT
 264:Middlewares/ST/filex/common/src/fx_file_extended_truncate.c ****             }
 265:Middlewares/ST/filex/common/src/fx_file_extended_truncate.c **** #endif /* FX_ENABLE_EXFAT */
 266:Middlewares/ST/filex/common/src/fx_file_extended_truncate.c **** 
 267:Middlewares/ST/filex/common/src/fx_file_extended_truncate.c ****             /* Save the last valid cluster.  */
 268:Middlewares/ST/filex/common/src/fx_file_extended_truncate.c ****             last_cluster =  cluster;
 285              		.loc 1 268 13 is_stmt 1 view .LVU99
 286              	.LVL22:
 269:Middlewares/ST/filex/common/src/fx_file_extended_truncate.c **** 
 270:Middlewares/ST/filex/common/src/fx_file_extended_truncate.c ****             /* Setup for the next cluster.  */
 271:Middlewares/ST/filex/common/src/fx_file_extended_truncate.c ****             cluster =  contents;
 287              		.loc 1 271 13 view .LVU100
 288              		.loc 1 271 21 is_stmt 0 view .LVU101
 289 011c 059A     		ldr	r2, [sp, #20]
 290              	.LVL23:
 272:Middlewares/ST/filex/common/src/fx_file_extended_truncate.c **** 
 273:Middlewares/ST/filex/common/src/fx_file_extended_truncate.c ****             /* Determine if this is the last written cluster.  */
 274:Middlewares/ST/filex/common/src/fx_file_extended_truncate.c ****             if (bytes_remaining >= bytes_per_cluster)
 291              		.loc 1 274 13 is_stmt 1 view .LVU102
 292              		.loc 1 274 16 is_stmt 0 view .LVU103
 293 011e 5545     		cmp	r5, r10
 294 0120 79F10001 		sbcs	r1, r9, #0
 295 0124 0BD3     		bcc	.L18
 275:Middlewares/ST/filex/common/src/fx_file_extended_truncate.c ****             {
 276:Middlewares/ST/filex/common/src/fx_file_extended_truncate.c **** 
 277:Middlewares/ST/filex/common/src/fx_file_extended_truncate.c ****                 /* Still more seeking, just decrement the working byte offset.  */
 278:Middlewares/ST/filex/common/src/fx_file_extended_truncate.c ****                 bytes_remaining =  bytes_remaining - bytes_per_cluster;
 296              		.loc 1 278 17 is_stmt 1 view .LVU104
 297              		.loc 1 278 33 is_stmt 0 view .LVU105
 298 0126 B5EB0A05 		subs	r5, r5, r10
 299              	.LVL24:
 300              		.loc 1 278 33 view .LVU106
 301 012a 69F10009 		sbc	r9, r9, #0
 302              	.LVL25:
 268:Middlewares/ST/filex/common/src/fx_file_extended_truncate.c **** 
 303              		.loc 1 268 26 view .LVU107
 304 012e 4146     		mov	r1, r8
 271:Middlewares/ST/filex/common/src/fx_file_extended_truncate.c **** 
 305              		.loc 1 271 21 view .LVU108
 306 0130 9046     		mov	r8, r2
 307              	.LVL26:
 271:Middlewares/ST/filex/common/src/fx_file_extended_truncate.c **** 
 308              		.loc 1 271 21 view .LVU109
 309 0132 E2E7     		b	.L10
 310              	.LVL27:
 311              	.L25:
 258:Middlewares/ST/filex/common/src/fx_file_extended_truncate.c **** 
 312              		.loc 1 258 21 view .LVU110
 313 0134 0646     		mov	r6, r0
 314              	.LVL28:
 258:Middlewares/ST/filex/common/src/fx_file_extended_truncate.c **** 
 315              		.loc 1 258 21 is_stmt 1 view .LVU111
 316 0136 0398     		ldr	r0, [sp, #12]
 317              	.LVL29:
 258:Middlewares/ST/filex/common/src/fx_file_extended_truncate.c **** 
ARM GAS  C:\Users\HP\AppData\Local\Temp\ccTaO62v.s 			page 12


 318              		.loc 1 258 21 is_stmt 0 view .LVU112
 319 0138 FFF7FEFF 		bl	_tx_mutex_put
 320              	.LVL30:
 261:Middlewares/ST/filex/common/src/fx_file_extended_truncate.c ****                 }
 321              		.loc 1 261 21 is_stmt 1 view .LVU113
 261:Middlewares/ST/filex/common/src/fx_file_extended_truncate.c ****                 }
 322              		.loc 1 261 27 is_stmt 0 view .LVU114
 323 013c 42E0     		b	.L1
 324              	.LVL31:
 325              	.L18:
 268:Middlewares/ST/filex/common/src/fx_file_extended_truncate.c **** 
 326              		.loc 1 268 26 view .LVU115
 327 013e 4146     		mov	r1, r8
 328              	.LVL32:
 329              	.L12:
 279:Middlewares/ST/filex/common/src/fx_file_extended_truncate.c ****             }
 280:Middlewares/ST/filex/common/src/fx_file_extended_truncate.c ****             else
 281:Middlewares/ST/filex/common/src/fx_file_extended_truncate.c ****             {
 282:Middlewares/ST/filex/common/src/fx_file_extended_truncate.c **** 
 283:Middlewares/ST/filex/common/src/fx_file_extended_truncate.c ****                 /* This is the cluster that contains the seek position.  */
 284:Middlewares/ST/filex/common/src/fx_file_extended_truncate.c ****                 break;
 285:Middlewares/ST/filex/common/src/fx_file_extended_truncate.c ****             }
 286:Middlewares/ST/filex/common/src/fx_file_extended_truncate.c ****         }
 287:Middlewares/ST/filex/common/src/fx_file_extended_truncate.c **** 
 288:Middlewares/ST/filex/common/src/fx_file_extended_truncate.c ****         /* Check for errors in traversal of the FAT chain.  */
 289:Middlewares/ST/filex/common/src/fx_file_extended_truncate.c ****         if (size > (((ULONG64) bytes_per_cluster) * ((ULONG64) cluster_count)))
 330              		.loc 1 289 9 is_stmt 1 view .LVU116
 331              		.loc 1 289 51 is_stmt 0 view .LVU117
 332 0140 AAFB0BA3 		umull	r10, r3, r10, fp
 333              	.LVL33:
 334              		.loc 1 289 12 view .LVU118
 335 0144 019A     		ldr	r2, [sp, #4]
 336 0146 9245     		cmp	r10, r2
 337 0148 029A     		ldr	r2, [sp, #8]
 338 014a 9341     		sbcs	r3, r3, r2
 339 014c 34D3     		bcc	.L26
 290:Middlewares/ST/filex/common/src/fx_file_extended_truncate.c ****         {
 291:Middlewares/ST/filex/common/src/fx_file_extended_truncate.c ****         
 292:Middlewares/ST/filex/common/src/fx_file_extended_truncate.c ****             /* Release media protection.  */
 293:Middlewares/ST/filex/common/src/fx_file_extended_truncate.c ****             FX_UNPROTECT
 294:Middlewares/ST/filex/common/src/fx_file_extended_truncate.c **** 
 295:Middlewares/ST/filex/common/src/fx_file_extended_truncate.c ****             /* This is an error that suggests a corrupt file.  */
 296:Middlewares/ST/filex/common/src/fx_file_extended_truncate.c ****             return(FX_FILE_CORRUPT);
 297:Middlewares/ST/filex/common/src/fx_file_extended_truncate.c ****         }
 298:Middlewares/ST/filex/common/src/fx_file_extended_truncate.c **** 
 299:Middlewares/ST/filex/common/src/fx_file_extended_truncate.c ****         /* Position the pointers to the new offset.  */
 300:Middlewares/ST/filex/common/src/fx_file_extended_truncate.c ****         file_ptr -> fx_file_current_physical_cluster =  last_cluster;
 340              		.loc 1 300 9 is_stmt 1 view .LVU119
 341              		.loc 1 300 54 is_stmt 0 view .LVU120
 342 014e 2162     		str	r1, [r4, #32]
 301:Middlewares/ST/filex/common/src/fx_file_extended_truncate.c ****         file_ptr -> fx_file_current_relative_cluster =  cluster_count - 1;
 343              		.loc 1 301 9 is_stmt 1 view .LVU121
 344              		.loc 1 301 71 is_stmt 0 view .LVU122
 345 0150 0BF1FF33 		add	r3, fp, #-1
 346              		.loc 1 301 54 view .LVU123
 347 0154 6363     		str	r3, [r4, #52]
 302:Middlewares/ST/filex/common/src/fx_file_extended_truncate.c ****         file_ptr -> fx_file_current_logical_sector =    ((ULONG)media_ptr -> fx_media_data_sector_s
ARM GAS  C:\Users\HP\AppData\Local\Temp\ccTaO62v.s 			page 13


 348              		.loc 1 302 9 is_stmt 1 view .LVU124
 349              		.loc 1 302 75 is_stmt 0 view .LVU125
 350 0156 3B6D     		ldr	r3, [r7, #80]
 351              		.loc 1 302 58 view .LVU126
 352 0158 4FF00008 		mov	r8, #0
 303:Middlewares/ST/filex/common/src/fx_file_extended_truncate.c ****             (((ULONG64)file_ptr -> fx_file_current_physical_cluster - FX_FAT_ENTRY_START) *
 353              		.loc 1 303 69 view .LVU127
 354 015c B1F1020A 		subs	r10, r1, #2
 355 0160 48F1FF3B 		adc	fp, r8, #-1
 356              	.LVL34:
 304:Middlewares/ST/filex/common/src/fx_file_extended_truncate.c ****              ((ULONG)media_ptr -> fx_media_sectors_per_cluster)) +
 357              		.loc 1 304 32 view .LVU128
 358 0164 7A6D     		ldr	r2, [r7, #84]
 303:Middlewares/ST/filex/common/src/fx_file_extended_truncate.c ****             (((ULONG64)file_ptr -> fx_file_current_physical_cluster - FX_FAT_ENTRY_START) *
 359              		.loc 1 303 91 view .LVU129
 360 0166 AAFB02A1 		umull	r10, r1, r10, r2
 361              	.LVL35:
 303:Middlewares/ST/filex/common/src/fx_file_extended_truncate.c ****             (((ULONG64)file_ptr -> fx_file_current_physical_cluster - FX_FAT_ENTRY_START) *
 362              		.loc 1 303 91 view .LVU130
 363 016a 02FB0B1B 		mla	fp, r2, fp, r1
 302:Middlewares/ST/filex/common/src/fx_file_extended_truncate.c ****         file_ptr -> fx_file_current_logical_sector =    ((ULONG)media_ptr -> fx_media_data_sector_s
 364              		.loc 1 302 106 view .LVU131
 365 016e 13EB0A0A 		adds	r10, r3, r10
 366 0172 4BF1000B 		adc	fp, fp, #0
 305:Middlewares/ST/filex/common/src/fx_file_extended_truncate.c ****             (bytes_remaining / (ULONG)media_ptr -> fx_media_bytes_per_sector);
 367              		.loc 1 305 30 view .LVU132
 368 0176 BA6A     		ldr	r2, [r7, #40]
 369 0178 4346     		mov	r3, r8
 370 017a 2846     		mov	r0, r5
 371 017c 4946     		mov	r1, r9
 372 017e FFF7FEFF 		bl	__aeabi_uldivmod
 373              	.LVL36:
 304:Middlewares/ST/filex/common/src/fx_file_extended_truncate.c ****              ((ULONG)media_ptr -> fx_media_sectors_per_cluster)) +
 374              		.loc 1 304 66 view .LVU133
 375 0182 1AEB0000 		adds	r0, r10, r0
 376 0186 4BEB0101 		adc	r1, fp, r1
 302:Middlewares/ST/filex/common/src/fx_file_extended_truncate.c ****             (((ULONG64)file_ptr -> fx_file_current_physical_cluster - FX_FAT_ENTRY_START) *
 377              		.loc 1 302 52 view .LVU134
 378 018a A062     		str	r0, [r4, #40]
 379 018c E162     		str	r1, [r4, #44]
 306:Middlewares/ST/filex/common/src/fx_file_extended_truncate.c ****         file_ptr -> fx_file_current_relative_sector =   (UINT)((bytes_remaining / (ULONG)media_ptr 
 380              		.loc 1 306 9 is_stmt 1 view .LVU135
 381              		.loc 1 306 81 is_stmt 0 view .LVU136
 382 018e BA6A     		ldr	r2, [r7, #40]
 383 0190 4346     		mov	r3, r8
 384 0192 2846     		mov	r0, r5
 385 0194 4946     		mov	r1, r9
 386 0196 FFF7FEFF 		bl	__aeabi_uldivmod
 387              	.LVL37:
 388              		.loc 1 306 53 view .LVU137
 389 019a A063     		str	r0, [r4, #56]
 307:Middlewares/ST/filex/common/src/fx_file_extended_truncate.c ****         file_ptr -> fx_file_current_file_offset =       size;
 390              		.loc 1 307 9 is_stmt 1 view .LVU138
 391              		.loc 1 307 49 is_stmt 0 view .LVU139
 392 019c 019B     		ldr	r3, [sp, #4]
 393 019e 2364     		str	r3, [r4, #64]
 394 01a0 029B     		ldr	r3, [sp, #8]
ARM GAS  C:\Users\HP\AppData\Local\Temp\ccTaO62v.s 			page 14


 395 01a2 6364     		str	r3, [r4, #68]
 308:Middlewares/ST/filex/common/src/fx_file_extended_truncate.c ****         file_ptr -> fx_file_current_logical_offset =    (ULONG)bytes_remaining % ((ULONG)media_ptr 
 396              		.loc 1 308 9 is_stmt 1 view .LVU140
 397              		.loc 1 308 100 is_stmt 0 view .LVU141
 398 01a4 BB6A     		ldr	r3, [r7, #40]
 399              		.loc 1 308 80 view .LVU142
 400 01a6 B5FBF3F2 		udiv	r2, r5, r3
 401 01aa 03FB1255 		mls	r5, r3, r2, r5
 402              	.LVL38:
 403              		.loc 1 308 52 view .LVU143
 404 01ae 2563     		str	r5, [r4, #48]
 405              	.L9:
 309:Middlewares/ST/filex/common/src/fx_file_extended_truncate.c ****     }
 310:Middlewares/ST/filex/common/src/fx_file_extended_truncate.c **** 
 311:Middlewares/ST/filex/common/src/fx_file_extended_truncate.c **** #ifdef FX_ENABLE_FAULT_TOLERANT
 312:Middlewares/ST/filex/common/src/fx_file_extended_truncate.c ****     if (media_ptr -> fx_media_fault_tolerant_enabled)
 313:Middlewares/ST/filex/common/src/fx_file_extended_truncate.c ****     {
 314:Middlewares/ST/filex/common/src/fx_file_extended_truncate.c **** 
 315:Middlewares/ST/filex/common/src/fx_file_extended_truncate.c ****         /* Start transaction. */
 316:Middlewares/ST/filex/common/src/fx_file_extended_truncate.c ****         _fx_fault_tolerant_transaction_start(media_ptr);
 317:Middlewares/ST/filex/common/src/fx_file_extended_truncate.c **** 
 318:Middlewares/ST/filex/common/src/fx_file_extended_truncate.c ****         /* Copy the new file size into the directory entry.  */
 319:Middlewares/ST/filex/common/src/fx_file_extended_truncate.c ****         file_ptr -> fx_file_dir_entry.fx_dir_entry_file_size = file_ptr -> fx_file_current_file_siz
 320:Middlewares/ST/filex/common/src/fx_file_extended_truncate.c **** 
 321:Middlewares/ST/filex/common/src/fx_file_extended_truncate.c ****         /* Write the directory entry to the media.  */
 322:Middlewares/ST/filex/common/src/fx_file_extended_truncate.c **** #ifdef FX_ENABLE_EXFAT
 323:Middlewares/ST/filex/common/src/fx_file_extended_truncate.c ****         if (media_ptr -> fx_media_FAT_type == FX_exFAT)
 324:Middlewares/ST/filex/common/src/fx_file_extended_truncate.c ****         {
 325:Middlewares/ST/filex/common/src/fx_file_extended_truncate.c **** 
 326:Middlewares/ST/filex/common/src/fx_file_extended_truncate.c ****             status = _fx_directory_exFAT_entry_write(media_ptr, &(file_ptr -> fx_file_dir_entry), U
 327:Middlewares/ST/filex/common/src/fx_file_extended_truncate.c ****         }
 328:Middlewares/ST/filex/common/src/fx_file_extended_truncate.c ****         else
 329:Middlewares/ST/filex/common/src/fx_file_extended_truncate.c ****         {
 330:Middlewares/ST/filex/common/src/fx_file_extended_truncate.c **** #endif /* FX_ENABLE_EXFAT */
 331:Middlewares/ST/filex/common/src/fx_file_extended_truncate.c ****             status =  _fx_directory_entry_write(media_ptr, &(file_ptr -> fx_file_dir_entry));
 332:Middlewares/ST/filex/common/src/fx_file_extended_truncate.c **** #ifdef FX_ENABLE_EXFAT
 333:Middlewares/ST/filex/common/src/fx_file_extended_truncate.c ****         }
 334:Middlewares/ST/filex/common/src/fx_file_extended_truncate.c **** #endif /* FX_ENABLE_EXFAT */
 335:Middlewares/ST/filex/common/src/fx_file_extended_truncate.c **** 
 336:Middlewares/ST/filex/common/src/fx_file_extended_truncate.c ****         /* Check for a good status.  */
 337:Middlewares/ST/filex/common/src/fx_file_extended_truncate.c ****         if (status != FX_SUCCESS)
 338:Middlewares/ST/filex/common/src/fx_file_extended_truncate.c ****         {
 339:Middlewares/ST/filex/common/src/fx_file_extended_truncate.c **** 
 340:Middlewares/ST/filex/common/src/fx_file_extended_truncate.c ****             FX_FAULT_TOLERANT_TRANSACTION_FAIL(media_ptr);
 341:Middlewares/ST/filex/common/src/fx_file_extended_truncate.c **** 
 342:Middlewares/ST/filex/common/src/fx_file_extended_truncate.c ****             /* Release media protection.  */
 343:Middlewares/ST/filex/common/src/fx_file_extended_truncate.c ****             FX_UNPROTECT
 344:Middlewares/ST/filex/common/src/fx_file_extended_truncate.c **** 
 345:Middlewares/ST/filex/common/src/fx_file_extended_truncate.c ****             /* Error writing the directory.  */
 346:Middlewares/ST/filex/common/src/fx_file_extended_truncate.c ****             return(status);
 347:Middlewares/ST/filex/common/src/fx_file_extended_truncate.c ****         }
 348:Middlewares/ST/filex/common/src/fx_file_extended_truncate.c **** 
 349:Middlewares/ST/filex/common/src/fx_file_extended_truncate.c ****         /* End transaction. */
 350:Middlewares/ST/filex/common/src/fx_file_extended_truncate.c ****         status = _fx_fault_tolerant_transaction_end(media_ptr);
 351:Middlewares/ST/filex/common/src/fx_file_extended_truncate.c **** 
 352:Middlewares/ST/filex/common/src/fx_file_extended_truncate.c ****         /* Check for a good status.  */
 353:Middlewares/ST/filex/common/src/fx_file_extended_truncate.c ****         if (status != FX_SUCCESS)
ARM GAS  C:\Users\HP\AppData\Local\Temp\ccTaO62v.s 			page 15


 354:Middlewares/ST/filex/common/src/fx_file_extended_truncate.c ****         {
 355:Middlewares/ST/filex/common/src/fx_file_extended_truncate.c **** 
 356:Middlewares/ST/filex/common/src/fx_file_extended_truncate.c ****             /* Release media protection.  */
 357:Middlewares/ST/filex/common/src/fx_file_extended_truncate.c ****             FX_UNPROTECT
 358:Middlewares/ST/filex/common/src/fx_file_extended_truncate.c **** 
 359:Middlewares/ST/filex/common/src/fx_file_extended_truncate.c ****             /* Error writing the directory.  */
 360:Middlewares/ST/filex/common/src/fx_file_extended_truncate.c ****             return(status);
 361:Middlewares/ST/filex/common/src/fx_file_extended_truncate.c ****         }
 362:Middlewares/ST/filex/common/src/fx_file_extended_truncate.c **** 
 363:Middlewares/ST/filex/common/src/fx_file_extended_truncate.c ****         /* Update maximum size used if necessary. */
 364:Middlewares/ST/filex/common/src/fx_file_extended_truncate.c ****         if (size < file_ptr -> fx_file_maximum_size_used)
 365:Middlewares/ST/filex/common/src/fx_file_extended_truncate.c ****         {
 366:Middlewares/ST/filex/common/src/fx_file_extended_truncate.c ****             file_ptr -> fx_file_maximum_size_used = size;
 367:Middlewares/ST/filex/common/src/fx_file_extended_truncate.c ****         }
 368:Middlewares/ST/filex/common/src/fx_file_extended_truncate.c ****     }
 369:Middlewares/ST/filex/common/src/fx_file_extended_truncate.c **** #endif /* FX_ENABLE_FAULT_TOLERANT */
 370:Middlewares/ST/filex/common/src/fx_file_extended_truncate.c **** 
 371:Middlewares/ST/filex/common/src/fx_file_extended_truncate.c ****     /* Release media protection.  */
 372:Middlewares/ST/filex/common/src/fx_file_extended_truncate.c ****     FX_UNPROTECT
 406              		.loc 1 372 5 is_stmt 1 view .LVU144
 407 01b0 0398     		ldr	r0, [sp, #12]
 408 01b2 FFF7FEFF 		bl	_tx_mutex_put
 409              	.LVL39:
 373:Middlewares/ST/filex/common/src/fx_file_extended_truncate.c **** 
 374:Middlewares/ST/filex/common/src/fx_file_extended_truncate.c ****     /* Truncate is complete, return successful status.  */
 375:Middlewares/ST/filex/common/src/fx_file_extended_truncate.c ****     return(FX_SUCCESS);
 410              		.loc 1 375 5 view .LVU145
 411              		.loc 1 375 11 is_stmt 0 view .LVU146
 412 01b6 05E0     		b	.L1
 413              	.LVL40:
 414              	.L26:
 293:Middlewares/ST/filex/common/src/fx_file_extended_truncate.c **** 
 415              		.loc 1 293 13 is_stmt 1 view .LVU147
 416 01b8 0398     		ldr	r0, [sp, #12]
 417 01ba FFF7FEFF 		bl	_tx_mutex_put
 418              	.LVL41:
 296:Middlewares/ST/filex/common/src/fx_file_extended_truncate.c ****         }
 419              		.loc 1 296 13 view .LVU148
 296:Middlewares/ST/filex/common/src/fx_file_extended_truncate.c ****         }
 420              		.loc 1 296 19 is_stmt 0 view .LVU149
 421 01be 0826     		movs	r6, #8
 422              	.LVL42:
 296:Middlewares/ST/filex/common/src/fx_file_extended_truncate.c ****         }
 423              		.loc 1 296 19 view .LVU150
 424 01c0 00E0     		b	.L1
 425              	.LVL43:
 426              	.L15:
 114:Middlewares/ST/filex/common/src/fx_file_extended_truncate.c ****     }
 427              		.loc 1 114 15 view .LVU151
 428 01c2 0726     		movs	r6, #7
 429              	.LVL44:
 430              	.L1:
 376:Middlewares/ST/filex/common/src/fx_file_extended_truncate.c **** }
 431              		.loc 1 376 1 view .LVU152
 432 01c4 3046     		mov	r0, r6
 433 01c6 07B0     		add	sp, sp, #28
 434              	.LCFI2:
ARM GAS  C:\Users\HP\AppData\Local\Temp\ccTaO62v.s 			page 16


 435              		.cfi_remember_state
 436              		.cfi_def_cfa_offset 36
 437              		@ sp needed
 438 01c8 BDE8F08F 		pop	{r4, r5, r6, r7, r8, r9, r10, fp, pc}
 439              	.LVL45:
 440              	.L17:
 441              	.LCFI3:
 442              		.cfi_restore_state
 132:Middlewares/ST/filex/common/src/fx_file_extended_truncate.c **** 
 443              		.loc 1 132 5 view .LVU153
 444 01cc 1126     		movs	r6, #17
 445 01ce F9E7     		b	.L1
 446              	.L28:
 447              		.align	2
 448              	.L27:
 449 01d0 454C4946 		.word	1179208773
 450 01d4 4944454D 		.word	1296385097
 451              		.cfi_endproc
 452              	.LFE8:
 454              		.text
 455              	.Letext0:
 456              		.file 2 "Middlewares/ST/threadx/ports/cortex_m4/gnu/inc/tx_port.h"
 457              		.file 3 "Middlewares/ST/threadx/common/inc/tx_api.h"
 458              		.file 4 "Middlewares/ST/filex/common/inc/fx_api.h"
 459              		.file 5 "Middlewares/ST/filex/common/inc/fx_utility.h"
ARM GAS  C:\Users\HP\AppData\Local\Temp\ccTaO62v.s 			page 17


DEFINED SYMBOLS
                            *ABS*:00000000 fx_file_extended_truncate.c
C:\Users\HP\AppData\Local\Temp\ccTaO62v.s:21     .text._fx_file_extended_truncate:00000000 $t
C:\Users\HP\AppData\Local\Temp\ccTaO62v.s:27     .text._fx_file_extended_truncate:00000000 _fx_file_extended_truncate
C:\Users\HP\AppData\Local\Temp\ccTaO62v.s:449    .text._fx_file_extended_truncate:000001d0 $d

UNDEFINED SYMBOLS
__aeabi_uldivmod
_tx_mutex_get
_tx_mutex_put
_fx_utility_FAT_entry_read
