ARM GAS  C:\Users\HP\AppData\Local\Temp\ccSt76mF.s 			page 1


   1              		.cpu cortex-m4
   2              		.arch armv7e-m
   3              		.fpu fpv4-sp-d16
   4              		.eabi_attribute 27, 1
   5              		.eabi_attribute 28, 1
   6              		.eabi_attribute 20, 1
   7              		.eabi_attribute 21, 1
   8              		.eabi_attribute 23, 3
   9              		.eabi_attribute 24, 1
  10              		.eabi_attribute 25, 1
  11              		.eabi_attribute 26, 1
  12              		.eabi_attribute 30, 1
  13              		.eabi_attribute 34, 1
  14              		.eabi_attribute 18, 4
  15              		.file	"fx_file_relative_seek.c"
  16              		.text
  17              	.Ltext0:
  18              		.cfi_sections	.debug_frame
  19              		.section	.text._fx_file_relative_seek,"ax",%progbits
  20              		.align	1
  21              		.global	_fx_file_relative_seek
  22              		.syntax unified
  23              		.thumb
  24              		.thumb_func
  26              	_fx_file_relative_seek:
  27              	.LVL0:
  28              	.LFB8:
  29              		.file 1 "Middlewares/ST/filex/common/src/fx_file_relative_seek.c"
   1:Middlewares/ST/filex/common/src/fx_file_relative_seek.c **** /**************************************************************************/
   2:Middlewares/ST/filex/common/src/fx_file_relative_seek.c **** /*                                                                        */
   3:Middlewares/ST/filex/common/src/fx_file_relative_seek.c **** /*       Copyright (c) Microsoft Corporation. All rights reserved.        */
   4:Middlewares/ST/filex/common/src/fx_file_relative_seek.c **** /*                                                                        */
   5:Middlewares/ST/filex/common/src/fx_file_relative_seek.c **** /*       This software is licensed under the Microsoft Software License   */
   6:Middlewares/ST/filex/common/src/fx_file_relative_seek.c **** /*       Terms for Microsoft Azure RTOS. Full text of the license can be  */
   7:Middlewares/ST/filex/common/src/fx_file_relative_seek.c **** /*       found in the LICENSE file at https://aka.ms/AzureRTOS_EULA       */
   8:Middlewares/ST/filex/common/src/fx_file_relative_seek.c **** /*       and in the root directory of this software.                      */
   9:Middlewares/ST/filex/common/src/fx_file_relative_seek.c **** /*                                                                        */
  10:Middlewares/ST/filex/common/src/fx_file_relative_seek.c **** /**************************************************************************/
  11:Middlewares/ST/filex/common/src/fx_file_relative_seek.c **** 
  12:Middlewares/ST/filex/common/src/fx_file_relative_seek.c **** 
  13:Middlewares/ST/filex/common/src/fx_file_relative_seek.c **** /**************************************************************************/
  14:Middlewares/ST/filex/common/src/fx_file_relative_seek.c **** /**************************************************************************/
  15:Middlewares/ST/filex/common/src/fx_file_relative_seek.c **** /**                                                                       */
  16:Middlewares/ST/filex/common/src/fx_file_relative_seek.c **** /** FileX Component                                                       */
  17:Middlewares/ST/filex/common/src/fx_file_relative_seek.c **** /**                                                                       */
  18:Middlewares/ST/filex/common/src/fx_file_relative_seek.c **** /**   File                                                                */
  19:Middlewares/ST/filex/common/src/fx_file_relative_seek.c **** /**                                                                       */
  20:Middlewares/ST/filex/common/src/fx_file_relative_seek.c **** /**************************************************************************/
  21:Middlewares/ST/filex/common/src/fx_file_relative_seek.c **** /**************************************************************************/
  22:Middlewares/ST/filex/common/src/fx_file_relative_seek.c **** 
  23:Middlewares/ST/filex/common/src/fx_file_relative_seek.c **** #define FX_SOURCE_CODE
  24:Middlewares/ST/filex/common/src/fx_file_relative_seek.c **** 
  25:Middlewares/ST/filex/common/src/fx_file_relative_seek.c **** 
  26:Middlewares/ST/filex/common/src/fx_file_relative_seek.c **** /* Include necessary system files.  */
  27:Middlewares/ST/filex/common/src/fx_file_relative_seek.c **** 
  28:Middlewares/ST/filex/common/src/fx_file_relative_seek.c **** #include "fx_api.h"
  29:Middlewares/ST/filex/common/src/fx_file_relative_seek.c **** #include "fx_file.h"
ARM GAS  C:\Users\HP\AppData\Local\Temp\ccSt76mF.s 			page 2


  30:Middlewares/ST/filex/common/src/fx_file_relative_seek.c **** 
  31:Middlewares/ST/filex/common/src/fx_file_relative_seek.c **** 
  32:Middlewares/ST/filex/common/src/fx_file_relative_seek.c **** /**************************************************************************/
  33:Middlewares/ST/filex/common/src/fx_file_relative_seek.c **** /*                                                                        */
  34:Middlewares/ST/filex/common/src/fx_file_relative_seek.c **** /*  FUNCTION                                               RELEASE        */
  35:Middlewares/ST/filex/common/src/fx_file_relative_seek.c **** /*                                                                        */
  36:Middlewares/ST/filex/common/src/fx_file_relative_seek.c **** /*    _fx_file_relative_seek                              PORTABLE C      */
  37:Middlewares/ST/filex/common/src/fx_file_relative_seek.c **** /*                                                           6.1          */
  38:Middlewares/ST/filex/common/src/fx_file_relative_seek.c **** /*  AUTHOR                                                                */
  39:Middlewares/ST/filex/common/src/fx_file_relative_seek.c **** /*                                                                        */
  40:Middlewares/ST/filex/common/src/fx_file_relative_seek.c **** /*    William E. Lamie, Microsoft Corporation                             */
  41:Middlewares/ST/filex/common/src/fx_file_relative_seek.c **** /*                                                                        */
  42:Middlewares/ST/filex/common/src/fx_file_relative_seek.c **** /*  DESCRIPTION                                                           */
  43:Middlewares/ST/filex/common/src/fx_file_relative_seek.c **** /*                                                                        */
  44:Middlewares/ST/filex/common/src/fx_file_relative_seek.c **** /*    This function positions the internal file pointers to the specified */
  45:Middlewares/ST/filex/common/src/fx_file_relative_seek.c **** /*    byte relative offset such that the next read or write operation is  */
  46:Middlewares/ST/filex/common/src/fx_file_relative_seek.c **** /*    performed there.                                                    */
  47:Middlewares/ST/filex/common/src/fx_file_relative_seek.c **** /*                                                                        */
  48:Middlewares/ST/filex/common/src/fx_file_relative_seek.c **** /*  INPUT                                                                 */
  49:Middlewares/ST/filex/common/src/fx_file_relative_seek.c **** /*                                                                        */
  50:Middlewares/ST/filex/common/src/fx_file_relative_seek.c **** /*    file_ptr                              File control block pointer    */
  51:Middlewares/ST/filex/common/src/fx_file_relative_seek.c **** /*    byte_offset                           Byte offset of the seek       */
  52:Middlewares/ST/filex/common/src/fx_file_relative_seek.c **** /*    seek_from                             Direction for relative seek,  */
  53:Middlewares/ST/filex/common/src/fx_file_relative_seek.c **** /*                                          legal values are:             */
  54:Middlewares/ST/filex/common/src/fx_file_relative_seek.c **** /*                                                                        */
  55:Middlewares/ST/filex/common/src/fx_file_relative_seek.c **** /*                                              FX_SEEK_BEGIN             */
  56:Middlewares/ST/filex/common/src/fx_file_relative_seek.c **** /*                                              FX_SEEK_END               */
  57:Middlewares/ST/filex/common/src/fx_file_relative_seek.c **** /*                                              FX_SEEK_FORWARD           */
  58:Middlewares/ST/filex/common/src/fx_file_relative_seek.c **** /*                                              FX_SEEK_BACK              */
  59:Middlewares/ST/filex/common/src/fx_file_relative_seek.c **** /*                                                                        */
  60:Middlewares/ST/filex/common/src/fx_file_relative_seek.c **** /*  OUTPUT                                                                */
  61:Middlewares/ST/filex/common/src/fx_file_relative_seek.c **** /*                                                                        */
  62:Middlewares/ST/filex/common/src/fx_file_relative_seek.c **** /*    return status                                                       */
  63:Middlewares/ST/filex/common/src/fx_file_relative_seek.c **** /*                                                                        */
  64:Middlewares/ST/filex/common/src/fx_file_relative_seek.c **** /*  CALLS                                                                 */
  65:Middlewares/ST/filex/common/src/fx_file_relative_seek.c **** /*                                                                        */
  66:Middlewares/ST/filex/common/src/fx_file_relative_seek.c **** /*    _fx_file_extended_relative_seek       Seek to specified position    */
  67:Middlewares/ST/filex/common/src/fx_file_relative_seek.c **** /*                                                                        */
  68:Middlewares/ST/filex/common/src/fx_file_relative_seek.c **** /*  CALLED BY                                                             */
  69:Middlewares/ST/filex/common/src/fx_file_relative_seek.c **** /*                                                                        */
  70:Middlewares/ST/filex/common/src/fx_file_relative_seek.c **** /*    Application Code                                                    */
  71:Middlewares/ST/filex/common/src/fx_file_relative_seek.c **** /*                                                                        */
  72:Middlewares/ST/filex/common/src/fx_file_relative_seek.c **** /*  RELEASE HISTORY                                                       */
  73:Middlewares/ST/filex/common/src/fx_file_relative_seek.c **** /*                                                                        */
  74:Middlewares/ST/filex/common/src/fx_file_relative_seek.c **** /*    DATE              NAME                      DESCRIPTION             */
  75:Middlewares/ST/filex/common/src/fx_file_relative_seek.c **** /*                                                                        */
  76:Middlewares/ST/filex/common/src/fx_file_relative_seek.c **** /*  05-19-2020     William E. Lamie         Initial Version 6.0           */
  77:Middlewares/ST/filex/common/src/fx_file_relative_seek.c **** /*  09-30-2020     William E. Lamie         Modified comment(s), and      */
  78:Middlewares/ST/filex/common/src/fx_file_relative_seek.c **** /*                                            Added conditional to        */
  79:Middlewares/ST/filex/common/src/fx_file_relative_seek.c **** /*                                            disable one line function,  */
  80:Middlewares/ST/filex/common/src/fx_file_relative_seek.c **** /*                                            resulting in version 6.1    */
  81:Middlewares/ST/filex/common/src/fx_file_relative_seek.c **** /*                                                                        */
  82:Middlewares/ST/filex/common/src/fx_file_relative_seek.c **** /**************************************************************************/
  83:Middlewares/ST/filex/common/src/fx_file_relative_seek.c **** #ifndef FX_DISABLE_ONE_LINE_FUNCTION
  84:Middlewares/ST/filex/common/src/fx_file_relative_seek.c **** UINT  _fx_file_relative_seek(FX_FILE *file_ptr, ULONG byte_offset, UINT seek_from)
  85:Middlewares/ST/filex/common/src/fx_file_relative_seek.c **** {
  30              		.loc 1 85 1 view -0
ARM GAS  C:\Users\HP\AppData\Local\Temp\ccSt76mF.s 			page 3


  31              		.cfi_startproc
  32              		@ args = 0, pretend = 0, frame = 0
  33              		@ frame_needed = 0, uses_anonymous_args = 0
  34              		.loc 1 85 1 is_stmt 0 view .LVU1
  35 0000 00B5     		push	{lr}
  36              	.LCFI0:
  37              		.cfi_def_cfa_offset 4
  38              		.cfi_offset 14, -4
  39 0002 83B0     		sub	sp, sp, #12
  40              	.LCFI1:
  41              		.cfi_def_cfa_offset 16
  86:Middlewares/ST/filex/common/src/fx_file_relative_seek.c **** 
  87:Middlewares/ST/filex/common/src/fx_file_relative_seek.c ****     return(_fx_file_extended_relative_seek(file_ptr, (ULONG64)byte_offset, seek_from));
  42              		.loc 1 87 5 is_stmt 1 view .LVU2
  43              		.loc 1 87 12 is_stmt 0 view .LVU3
  44 0004 0092     		str	r2, [sp]
  45 0006 0A46     		mov	r2, r1
  46              	.LVL1:
  47              		.loc 1 87 12 view .LVU4
  48 0008 0023     		movs	r3, #0
  49 000a FFF7FEFF 		bl	_fx_file_extended_relative_seek
  50              	.LVL2:
  88:Middlewares/ST/filex/common/src/fx_file_relative_seek.c **** }
  51              		.loc 1 88 1 view .LVU5
  52 000e 03B0     		add	sp, sp, #12
  53              	.LCFI2:
  54              		.cfi_def_cfa_offset 4
  55              		@ sp needed
  56 0010 5DF804FB 		ldr	pc, [sp], #4
  57              		.cfi_endproc
  58              	.LFE8:
  60              		.text
  61              	.Letext0:
  62              		.file 2 "Middlewares/ST/threadx/ports/cortex_m4/gnu/inc/tx_port.h"
  63              		.file 3 "Middlewares/ST/threadx/common/inc/tx_api.h"
  64              		.file 4 "Middlewares/ST/filex/common/inc/fx_api.h"
  65              		.file 5 "Middlewares/ST/filex/common/inc/fx_file.h"
ARM GAS  C:\Users\HP\AppData\Local\Temp\ccSt76mF.s 			page 4


DEFINED SYMBOLS
                            *ABS*:00000000 fx_file_relative_seek.c
C:\Users\HP\AppData\Local\Temp\ccSt76mF.s:20     .text._fx_file_relative_seek:00000000 $t
C:\Users\HP\AppData\Local\Temp\ccSt76mF.s:26     .text._fx_file_relative_seek:00000000 _fx_file_relative_seek

UNDEFINED SYMBOLS
_fx_file_extended_relative_seek
