ARM GAS  C:\Users\HP\AppData\Local\Temp\cciMCKK8.s 			page 1


   1              		.cpu cortex-m4
   2              		.arch armv7e-m
   3              		.fpu fpv4-sp-d16
   4              		.eabi_attribute 27, 1
   5              		.eabi_attribute 28, 1
   6              		.eabi_attribute 20, 1
   7              		.eabi_attribute 21, 1
   8              		.eabi_attribute 23, 3
   9              		.eabi_attribute 24, 1
  10              		.eabi_attribute 25, 1
  11              		.eabi_attribute 26, 1
  12              		.eabi_attribute 30, 1
  13              		.eabi_attribute 34, 1
  14              		.eabi_attribute 18, 4
  15              		.file	"fx_media_cache_invalidate.c"
  16              		.text
  17              	.Ltext0:
  18              		.cfi_sections	.debug_frame
  19              		.section	.text._fx_media_cache_invalidate,"ax",%progbits
  20              		.align	1
  21              		.global	_fx_media_cache_invalidate
  22              		.syntax unified
  23              		.thumb
  24              		.thumb_func
  26              	_fx_media_cache_invalidate:
  27              	.LVL0:
  28              	.LFB8:
  29              		.file 1 "Middlewares/ST/filex/common/src/fx_media_cache_invalidate.c"
   1:Middlewares/ST/filex/common/src/fx_media_cache_invalidate.c **** /**************************************************************************/
   2:Middlewares/ST/filex/common/src/fx_media_cache_invalidate.c **** /*                                                                        */
   3:Middlewares/ST/filex/common/src/fx_media_cache_invalidate.c **** /*       Copyright (c) Microsoft Corporation. All rights reserved.        */
   4:Middlewares/ST/filex/common/src/fx_media_cache_invalidate.c **** /*                                                                        */
   5:Middlewares/ST/filex/common/src/fx_media_cache_invalidate.c **** /*       This software is licensed under the Microsoft Software License   */
   6:Middlewares/ST/filex/common/src/fx_media_cache_invalidate.c **** /*       Terms for Microsoft Azure RTOS. Full text of the license can be  */
   7:Middlewares/ST/filex/common/src/fx_media_cache_invalidate.c **** /*       found in the LICENSE file at https://aka.ms/AzureRTOS_EULA       */
   8:Middlewares/ST/filex/common/src/fx_media_cache_invalidate.c **** /*       and in the root directory of this software.                      */
   9:Middlewares/ST/filex/common/src/fx_media_cache_invalidate.c **** /*                                                                        */
  10:Middlewares/ST/filex/common/src/fx_media_cache_invalidate.c **** /**************************************************************************/
  11:Middlewares/ST/filex/common/src/fx_media_cache_invalidate.c **** 
  12:Middlewares/ST/filex/common/src/fx_media_cache_invalidate.c **** 
  13:Middlewares/ST/filex/common/src/fx_media_cache_invalidate.c **** /**************************************************************************/
  14:Middlewares/ST/filex/common/src/fx_media_cache_invalidate.c **** /**************************************************************************/
  15:Middlewares/ST/filex/common/src/fx_media_cache_invalidate.c **** /**                                                                       */
  16:Middlewares/ST/filex/common/src/fx_media_cache_invalidate.c **** /** FileX Component                                                       */
  17:Middlewares/ST/filex/common/src/fx_media_cache_invalidate.c **** /**                                                                       */
  18:Middlewares/ST/filex/common/src/fx_media_cache_invalidate.c **** /**   Media                                                               */
  19:Middlewares/ST/filex/common/src/fx_media_cache_invalidate.c **** /**                                                                       */
  20:Middlewares/ST/filex/common/src/fx_media_cache_invalidate.c **** /**************************************************************************/
  21:Middlewares/ST/filex/common/src/fx_media_cache_invalidate.c **** /**************************************************************************/
  22:Middlewares/ST/filex/common/src/fx_media_cache_invalidate.c **** 
  23:Middlewares/ST/filex/common/src/fx_media_cache_invalidate.c **** #define FX_SOURCE_CODE
  24:Middlewares/ST/filex/common/src/fx_media_cache_invalidate.c **** 
  25:Middlewares/ST/filex/common/src/fx_media_cache_invalidate.c **** 
  26:Middlewares/ST/filex/common/src/fx_media_cache_invalidate.c **** /* Include necessary system files.  */
  27:Middlewares/ST/filex/common/src/fx_media_cache_invalidate.c **** 
  28:Middlewares/ST/filex/common/src/fx_media_cache_invalidate.c **** #include "fx_api.h"
  29:Middlewares/ST/filex/common/src/fx_media_cache_invalidate.c **** #include "fx_media.h"
ARM GAS  C:\Users\HP\AppData\Local\Temp\cciMCKK8.s 			page 2


  30:Middlewares/ST/filex/common/src/fx_media_cache_invalidate.c **** #include "fx_utility.h"
  31:Middlewares/ST/filex/common/src/fx_media_cache_invalidate.c **** 
  32:Middlewares/ST/filex/common/src/fx_media_cache_invalidate.c **** 
  33:Middlewares/ST/filex/common/src/fx_media_cache_invalidate.c **** /**************************************************************************/
  34:Middlewares/ST/filex/common/src/fx_media_cache_invalidate.c **** /*                                                                        */
  35:Middlewares/ST/filex/common/src/fx_media_cache_invalidate.c **** /*  FUNCTION                                               RELEASE        */
  36:Middlewares/ST/filex/common/src/fx_media_cache_invalidate.c **** /*                                                                        */
  37:Middlewares/ST/filex/common/src/fx_media_cache_invalidate.c **** /*    _fx_media_cache_invalidate                          PORTABLE C      */
  38:Middlewares/ST/filex/common/src/fx_media_cache_invalidate.c **** /*                                                           6.1          */
  39:Middlewares/ST/filex/common/src/fx_media_cache_invalidate.c **** /*  AUTHOR                                                                */
  40:Middlewares/ST/filex/common/src/fx_media_cache_invalidate.c **** /*                                                                        */
  41:Middlewares/ST/filex/common/src/fx_media_cache_invalidate.c **** /*    William E. Lamie, Microsoft Corporation                             */
  42:Middlewares/ST/filex/common/src/fx_media_cache_invalidate.c **** /*                                                                        */
  43:Middlewares/ST/filex/common/src/fx_media_cache_invalidate.c **** /*  DESCRIPTION                                                           */
  44:Middlewares/ST/filex/common/src/fx_media_cache_invalidate.c **** /*                                                                        */
  45:Middlewares/ST/filex/common/src/fx_media_cache_invalidate.c **** /*    This function examines the logical cache, flushing written sectors  */
  46:Middlewares/ST/filex/common/src/fx_media_cache_invalidate.c **** /*    out to the media and invalidating all sectors in the logical cache. */
  47:Middlewares/ST/filex/common/src/fx_media_cache_invalidate.c **** /*                                                                        */
  48:Middlewares/ST/filex/common/src/fx_media_cache_invalidate.c **** /*  INPUT                                                                 */
  49:Middlewares/ST/filex/common/src/fx_media_cache_invalidate.c **** /*                                                                        */
  50:Middlewares/ST/filex/common/src/fx_media_cache_invalidate.c **** /*    media_ptr                             Media control block pointer   */
  51:Middlewares/ST/filex/common/src/fx_media_cache_invalidate.c **** /*                                                                        */
  52:Middlewares/ST/filex/common/src/fx_media_cache_invalidate.c **** /*  OUTPUT                                                                */
  53:Middlewares/ST/filex/common/src/fx_media_cache_invalidate.c **** /*                                                                        */
  54:Middlewares/ST/filex/common/src/fx_media_cache_invalidate.c **** /*    return status                                                       */
  55:Middlewares/ST/filex/common/src/fx_media_cache_invalidate.c **** /*                                                                        */
  56:Middlewares/ST/filex/common/src/fx_media_cache_invalidate.c **** /*  CALLS                                                                 */
  57:Middlewares/ST/filex/common/src/fx_media_cache_invalidate.c **** /*                                                                        */
  58:Middlewares/ST/filex/common/src/fx_media_cache_invalidate.c **** /*    _fx_utility_FAT_flush                 Flush cached FAT entries      */
  59:Middlewares/ST/filex/common/src/fx_media_cache_invalidate.c **** /*    _fx_utility_FAT_map_flush             Flush primary FAT changes to  */
  60:Middlewares/ST/filex/common/src/fx_media_cache_invalidate.c **** /*                                            secondary FAT(s)            */
  61:Middlewares/ST/filex/common/src/fx_media_cache_invalidate.c **** /*    _fx_utility_logical_sector_flush      Flush logical sector cache    */
  62:Middlewares/ST/filex/common/src/fx_media_cache_invalidate.c **** /*                                                                        */
  63:Middlewares/ST/filex/common/src/fx_media_cache_invalidate.c **** /*  CALLED BY                                                             */
  64:Middlewares/ST/filex/common/src/fx_media_cache_invalidate.c **** /*                                                                        */
  65:Middlewares/ST/filex/common/src/fx_media_cache_invalidate.c **** /*    Application Code                                                    */
  66:Middlewares/ST/filex/common/src/fx_media_cache_invalidate.c **** /*                                                                        */
  67:Middlewares/ST/filex/common/src/fx_media_cache_invalidate.c **** /*  RELEASE HISTORY                                                       */
  68:Middlewares/ST/filex/common/src/fx_media_cache_invalidate.c **** /*                                                                        */
  69:Middlewares/ST/filex/common/src/fx_media_cache_invalidate.c **** /*    DATE              NAME                      DESCRIPTION             */
  70:Middlewares/ST/filex/common/src/fx_media_cache_invalidate.c **** /*                                                                        */
  71:Middlewares/ST/filex/common/src/fx_media_cache_invalidate.c **** /*  05-19-2020     William E. Lamie         Initial Version 6.0           */
  72:Middlewares/ST/filex/common/src/fx_media_cache_invalidate.c **** /*  09-30-2020     William E. Lamie         Modified comment(s),          */
  73:Middlewares/ST/filex/common/src/fx_media_cache_invalidate.c **** /*                                            resulting in version 6.1    */
  74:Middlewares/ST/filex/common/src/fx_media_cache_invalidate.c **** /*                                                                        */
  75:Middlewares/ST/filex/common/src/fx_media_cache_invalidate.c **** /**************************************************************************/
  76:Middlewares/ST/filex/common/src/fx_media_cache_invalidate.c **** UINT  _fx_media_cache_invalidate(FX_MEDIA *media_ptr)
  77:Middlewares/ST/filex/common/src/fx_media_cache_invalidate.c **** {
  30              		.loc 1 77 1 view -0
  31              		.cfi_startproc
  32              		@ args = 0, pretend = 0, frame = 0
  33              		@ frame_needed = 0, uses_anonymous_args = 0
  34              		.loc 1 77 1 is_stmt 0 view .LVU1
  35 0000 70B5     		push	{r4, r5, r6, lr}
  36              	.LCFI0:
  37              		.cfi_def_cfa_offset 16
  38              		.cfi_offset 4, -16
ARM GAS  C:\Users\HP\AppData\Local\Temp\cciMCKK8.s 			page 3


  39              		.cfi_offset 5, -12
  40              		.cfi_offset 6, -8
  41              		.cfi_offset 14, -4
  42 0002 84B0     		sub	sp, sp, #16
  43              	.LCFI1:
  44              		.cfi_def_cfa_offset 32
  78:Middlewares/ST/filex/common/src/fx_media_cache_invalidate.c **** 
  79:Middlewares/ST/filex/common/src/fx_media_cache_invalidate.c **** UINT status;
  45              		.loc 1 79 1 is_stmt 1 view .LVU2
  80:Middlewares/ST/filex/common/src/fx_media_cache_invalidate.c **** UINT i;
  46              		.loc 1 80 1 view .LVU3
  81:Middlewares/ST/filex/common/src/fx_media_cache_invalidate.c **** 
  82:Middlewares/ST/filex/common/src/fx_media_cache_invalidate.c **** 
  83:Middlewares/ST/filex/common/src/fx_media_cache_invalidate.c **** #ifndef FX_MEDIA_STATISTICS_DISABLE
  84:Middlewares/ST/filex/common/src/fx_media_cache_invalidate.c **** 
  85:Middlewares/ST/filex/common/src/fx_media_cache_invalidate.c ****     /* Increment the number of times this service has been called.  */
  86:Middlewares/ST/filex/common/src/fx_media_cache_invalidate.c ****     media_ptr -> fx_media_flushes++;
  47              		.loc 1 86 5 view .LVU4
  48              		.loc 1 86 15 is_stmt 0 view .LVU5
  49 0004 D0F85C31 		ldr	r3, [r0, #348]
  50              		.loc 1 86 34 view .LVU6
  51 0008 0133     		adds	r3, r3, #1
  52 000a C0F85C31 		str	r3, [r0, #348]
  87:Middlewares/ST/filex/common/src/fx_media_cache_invalidate.c **** #endif
  88:Middlewares/ST/filex/common/src/fx_media_cache_invalidate.c **** 
  89:Middlewares/ST/filex/common/src/fx_media_cache_invalidate.c ****     /* Check the media to make sure it is open.  */
  90:Middlewares/ST/filex/common/src/fx_media_cache_invalidate.c ****     if (media_ptr -> fx_media_id != FX_MEDIA_ID)
  53              		.loc 1 90 5 is_stmt 1 view .LVU7
  54              		.loc 1 90 19 is_stmt 0 view .LVU8
  55 000e 0268     		ldr	r2, [r0]
  56              		.loc 1 90 8 view .LVU9
  57 0010 1F4B     		ldr	r3, .L11
  58 0012 9A42     		cmp	r2, r3
  59 0014 03D0     		beq	.L10
  91:Middlewares/ST/filex/common/src/fx_media_cache_invalidate.c ****     {
  92:Middlewares/ST/filex/common/src/fx_media_cache_invalidate.c **** 
  93:Middlewares/ST/filex/common/src/fx_media_cache_invalidate.c ****         /* Return the media not opened error.  */
  94:Middlewares/ST/filex/common/src/fx_media_cache_invalidate.c ****         return(FX_MEDIA_NOT_OPEN);
  60              		.loc 1 94 15 view .LVU10
  61 0016 1124     		movs	r4, #17
  62              	.LVL1:
  63              	.L1:
  95:Middlewares/ST/filex/common/src/fx_media_cache_invalidate.c ****     }
  96:Middlewares/ST/filex/common/src/fx_media_cache_invalidate.c **** 
  97:Middlewares/ST/filex/common/src/fx_media_cache_invalidate.c ****     /* If trace is enabled, insert this event into the trace buffer.  */
  98:Middlewares/ST/filex/common/src/fx_media_cache_invalidate.c ****     FX_TRACE_IN_LINE_INSERT(FX_TRACE_MEDIA_CACHE_INVALIDATE, media_ptr, 0, 0, 0, FX_TRACE_MEDIA_EVE
  99:Middlewares/ST/filex/common/src/fx_media_cache_invalidate.c **** 
 100:Middlewares/ST/filex/common/src/fx_media_cache_invalidate.c ****     /* Protect against other threads accessing the media.  */
 101:Middlewares/ST/filex/common/src/fx_media_cache_invalidate.c ****     FX_PROTECT
 102:Middlewares/ST/filex/common/src/fx_media_cache_invalidate.c ****     /* Flush the cached individual FAT entries */
 103:Middlewares/ST/filex/common/src/fx_media_cache_invalidate.c ****     _fx_utility_FAT_flush(media_ptr);
 104:Middlewares/ST/filex/common/src/fx_media_cache_invalidate.c **** 
 105:Middlewares/ST/filex/common/src/fx_media_cache_invalidate.c ****     /* Flush changed sector(s) in the primary FAT to secondary FATs.  */
 106:Middlewares/ST/filex/common/src/fx_media_cache_invalidate.c ****     _fx_utility_FAT_map_flush(media_ptr);
 107:Middlewares/ST/filex/common/src/fx_media_cache_invalidate.c **** 
 108:Middlewares/ST/filex/common/src/fx_media_cache_invalidate.c ****     /* Clear the FAT cache entry array.  */
 109:Middlewares/ST/filex/common/src/fx_media_cache_invalidate.c ****     for (i = 0; i < FX_MAX_FAT_CACHE; i++)
ARM GAS  C:\Users\HP\AppData\Local\Temp\cciMCKK8.s 			page 4


 110:Middlewares/ST/filex/common/src/fx_media_cache_invalidate.c ****     {
 111:Middlewares/ST/filex/common/src/fx_media_cache_invalidate.c **** 
 112:Middlewares/ST/filex/common/src/fx_media_cache_invalidate.c ****         /* Clear entry in the FAT cache.  */
 113:Middlewares/ST/filex/common/src/fx_media_cache_invalidate.c ****         media_ptr -> fx_media_fat_cache[i].fx_fat_cache_entry_cluster =   0;
 114:Middlewares/ST/filex/common/src/fx_media_cache_invalidate.c ****         media_ptr -> fx_media_fat_cache[i].fx_fat_cache_entry_value   =   0;
 115:Middlewares/ST/filex/common/src/fx_media_cache_invalidate.c ****     }
 116:Middlewares/ST/filex/common/src/fx_media_cache_invalidate.c **** 
 117:Middlewares/ST/filex/common/src/fx_media_cache_invalidate.c ****     /* Clear the secondary FAT update map.  */
 118:Middlewares/ST/filex/common/src/fx_media_cache_invalidate.c ****     for (i = 0; i < FX_FAT_MAP_SIZE; i++)
 119:Middlewares/ST/filex/common/src/fx_media_cache_invalidate.c ****     {
 120:Middlewares/ST/filex/common/src/fx_media_cache_invalidate.c **** 
 121:Middlewares/ST/filex/common/src/fx_media_cache_invalidate.c ****         /* Clear bit map entry for secondary FAT update.  */
 122:Middlewares/ST/filex/common/src/fx_media_cache_invalidate.c ****         media_ptr -> fx_media_fat_secondary_update_map[i] =  0;
 123:Middlewares/ST/filex/common/src/fx_media_cache_invalidate.c ****     }
 124:Middlewares/ST/filex/common/src/fx_media_cache_invalidate.c **** 
 125:Middlewares/ST/filex/common/src/fx_media_cache_invalidate.c ****     /* Call the logical sector flush to invalidate the logical sector cache.  */
 126:Middlewares/ST/filex/common/src/fx_media_cache_invalidate.c ****     status =  _fx_utility_logical_sector_flush(media_ptr, ((ULONG64) 1), (ULONG64) (media_ptr -> fx
 127:Middlewares/ST/filex/common/src/fx_media_cache_invalidate.c **** 
 128:Middlewares/ST/filex/common/src/fx_media_cache_invalidate.c ****     /* Release media protection.  */
 129:Middlewares/ST/filex/common/src/fx_media_cache_invalidate.c ****     FX_UNPROTECT
 130:Middlewares/ST/filex/common/src/fx_media_cache_invalidate.c **** 
 131:Middlewares/ST/filex/common/src/fx_media_cache_invalidate.c ****     /* If we get here, return successful status to the caller.  */
 132:Middlewares/ST/filex/common/src/fx_media_cache_invalidate.c ****     return(status);
 133:Middlewares/ST/filex/common/src/fx_media_cache_invalidate.c **** }
  64              		.loc 1 133 1 view .LVU11
  65 0018 2046     		mov	r0, r4
  66 001a 04B0     		add	sp, sp, #16
  67              	.LCFI2:
  68              		.cfi_remember_state
  69              		.cfi_def_cfa_offset 16
  70              		@ sp needed
  71 001c 70BD     		pop	{r4, r5, r6, pc}
  72              	.LVL2:
  73              	.L10:
  74              	.LCFI3:
  75              		.cfi_restore_state
  76              		.loc 1 133 1 view .LVU12
  77 001e 0546     		mov	r5, r0
 101:Middlewares/ST/filex/common/src/fx_media_cache_invalidate.c ****     /* Flush the cached individual FAT entries */
  78              		.loc 1 101 5 is_stmt 1 discriminator 2 view .LVU13
 101:Middlewares/ST/filex/common/src/fx_media_cache_invalidate.c ****     /* Flush the cached individual FAT entries */
  79              		.loc 1 101 5 discriminator 2 view .LVU14
  80 0020 00F5E476 		add	r6, r0, #456
  81 0024 4FF0FF31 		mov	r1, #-1
  82 0028 3046     		mov	r0, r6
  83              	.LVL3:
 101:Middlewares/ST/filex/common/src/fx_media_cache_invalidate.c ****     /* Flush the cached individual FAT entries */
  84              		.loc 1 101 5 is_stmt 0 discriminator 2 view .LVU15
  85 002a FFF7FEFF 		bl	_tx_mutex_get
  86              	.LVL4:
  87 002e 0446     		mov	r4, r0
  88 0030 58BB     		cbnz	r0, .L8
 103:Middlewares/ST/filex/common/src/fx_media_cache_invalidate.c **** 
  89              		.loc 1 103 5 is_stmt 1 view .LVU16
  90 0032 2846     		mov	r0, r5
  91 0034 FFF7FEFF 		bl	_fx_utility_FAT_flush
  92              	.LVL5:
ARM GAS  C:\Users\HP\AppData\Local\Temp\cciMCKK8.s 			page 5


 106:Middlewares/ST/filex/common/src/fx_media_cache_invalidate.c **** 
  93              		.loc 1 106 5 view .LVU17
  94 0038 2846     		mov	r0, r5
  95 003a FFF7FEFF 		bl	_fx_utility_FAT_map_flush
  96              	.LVL6:
 109:Middlewares/ST/filex/common/src/fx_media_cache_invalidate.c ****     {
  97              		.loc 1 109 5 view .LVU18
 109:Middlewares/ST/filex/common/src/fx_media_cache_invalidate.c ****     {
  98              		.loc 1 109 12 is_stmt 0 view .LVU19
  99 003e 2346     		mov	r3, r4
 109:Middlewares/ST/filex/common/src/fx_media_cache_invalidate.c ****     {
 100              		.loc 1 109 5 view .LVU20
 101 0040 09E0     		b	.L3
 102              	.LVL7:
 103              	.L4:
 113:Middlewares/ST/filex/common/src/fx_media_cache_invalidate.c ****         media_ptr -> fx_media_fat_cache[i].fx_fat_cache_entry_value   =   0;
 104              		.loc 1 113 9 is_stmt 1 discriminator 3 view .LVU21
 113:Middlewares/ST/filex/common/src/fx_media_cache_invalidate.c ****         media_ptr -> fx_media_fat_cache[i].fx_fat_cache_entry_value   =   0;
 105              		.loc 1 113 71 is_stmt 0 discriminator 3 view .LVU22
 106 0042 03EB4302 		add	r2, r3, r3, lsl #1
 107 0046 05EB8202 		add	r2, r5, r2, lsl #2
 108 004a 0021     		movs	r1, #0
 109 004c C2F85817 		str	r1, [r2, #1880]
 114:Middlewares/ST/filex/common/src/fx_media_cache_invalidate.c ****     }
 110              		.loc 1 114 9 is_stmt 1 discriminator 3 view .LVU23
 114:Middlewares/ST/filex/common/src/fx_media_cache_invalidate.c ****     }
 111              		.loc 1 114 71 is_stmt 0 discriminator 3 view .LVU24
 112 0050 C2F85C17 		str	r1, [r2, #1884]
 109:Middlewares/ST/filex/common/src/fx_media_cache_invalidate.c ****     {
 113              		.loc 1 109 39 is_stmt 1 discriminator 3 view .LVU25
 109:Middlewares/ST/filex/common/src/fx_media_cache_invalidate.c ****     {
 114              		.loc 1 109 40 is_stmt 0 discriminator 3 view .LVU26
 115 0054 0133     		adds	r3, r3, #1
 116              	.LVL8:
 117              	.L3:
 109:Middlewares/ST/filex/common/src/fx_media_cache_invalidate.c ****     {
 118              		.loc 1 109 17 is_stmt 1 discriminator 1 view .LVU27
 109:Middlewares/ST/filex/common/src/fx_media_cache_invalidate.c ****     {
 119              		.loc 1 109 5 is_stmt 0 discriminator 1 view .LVU28
 120 0056 0F2B     		cmp	r3, #15
 121 0058 F3D9     		bls	.L4
 122 005a 04E0     		b	.L5
 123              	.LVL9:
 124              	.L6:
 122:Middlewares/ST/filex/common/src/fx_media_cache_invalidate.c ****     }
 125              		.loc 1 122 9 is_stmt 1 discriminator 3 view .LVU29
 122:Middlewares/ST/filex/common/src/fx_media_cache_invalidate.c ****     }
 126              		.loc 1 122 59 is_stmt 0 discriminator 3 view .LVU30
 127 005c 2B19     		adds	r3, r5, r4
 128 005e 0022     		movs	r2, #0
 129 0060 83F81828 		strb	r2, [r3, #2072]
 118:Middlewares/ST/filex/common/src/fx_media_cache_invalidate.c ****     {
 130              		.loc 1 118 38 is_stmt 1 discriminator 3 view .LVU31
 118:Middlewares/ST/filex/common/src/fx_media_cache_invalidate.c ****     {
 131              		.loc 1 118 39 is_stmt 0 discriminator 3 view .LVU32
 132 0064 0134     		adds	r4, r4, #1
 133              	.LVL10:
ARM GAS  C:\Users\HP\AppData\Local\Temp\cciMCKK8.s 			page 6


 134              	.L5:
 118:Middlewares/ST/filex/common/src/fx_media_cache_invalidate.c ****     {
 135              		.loc 1 118 17 is_stmt 1 discriminator 1 view .LVU33
 118:Middlewares/ST/filex/common/src/fx_media_cache_invalidate.c ****     {
 136              		.loc 1 118 5 is_stmt 0 discriminator 1 view .LVU34
 137 0066 7F2C     		cmp	r4, #127
 138 0068 F8D9     		bls	.L6
 126:Middlewares/ST/filex/common/src/fx_media_cache_invalidate.c **** 
 139              		.loc 1 126 5 is_stmt 1 view .LVU35
 126:Middlewares/ST/filex/common/src/fx_media_cache_invalidate.c **** 
 140              		.loc 1 126 95 is_stmt 0 view .LVU36
 141 006a D5E90E23 		ldrd	r2, [r5, #56]
 126:Middlewares/ST/filex/common/src/fx_media_cache_invalidate.c **** 
 142              		.loc 1 126 15 view .LVU37
 143 006e 0121     		movs	r1, #1
 144 0070 0291     		str	r1, [sp, #8]
 145 0072 CDE90023 		strd	r2, [sp]
 146 0076 0122     		movs	r2, #1
 147 0078 0023     		movs	r3, #0
 148 007a 2846     		mov	r0, r5
 149 007c FFF7FEFF 		bl	_fx_utility_logical_sector_flush
 150              	.LVL11:
 151 0080 0446     		mov	r4, r0
 152              	.LVL12:
 129:Middlewares/ST/filex/common/src/fx_media_cache_invalidate.c **** 
 153              		.loc 1 129 5 is_stmt 1 view .LVU38
 154 0082 3046     		mov	r0, r6
 155              	.LVL13:
 129:Middlewares/ST/filex/common/src/fx_media_cache_invalidate.c **** 
 156              		.loc 1 129 5 is_stmt 0 view .LVU39
 157 0084 FFF7FEFF 		bl	_tx_mutex_put
 158              	.LVL14:
 132:Middlewares/ST/filex/common/src/fx_media_cache_invalidate.c **** }
 159              		.loc 1 132 5 is_stmt 1 view .LVU40
 132:Middlewares/ST/filex/common/src/fx_media_cache_invalidate.c **** }
 160              		.loc 1 132 11 is_stmt 0 view .LVU41
 161 0088 C6E7     		b	.L1
 162              	.LVL15:
 163              	.L8:
 101:Middlewares/ST/filex/common/src/fx_media_cache_invalidate.c ****     /* Flush the cached individual FAT entries */
 164              		.loc 1 101 5 view .LVU42
 165 008a 1124     		movs	r4, #17
 166 008c C4E7     		b	.L1
 167              	.L12:
 168 008e 00BF     		.align	2
 169              	.L11:
 170 0090 4944454D 		.word	1296385097
 171              		.cfi_endproc
 172              	.LFE8:
 174              		.text
 175              	.Letext0:
 176              		.file 2 "Middlewares/ST/threadx/ports/cortex_m4/gnu/inc/tx_port.h"
 177              		.file 3 "Middlewares/ST/threadx/common/inc/tx_api.h"
 178              		.file 4 "Middlewares/ST/filex/common/inc/fx_api.h"
 179              		.file 5 "Middlewares/ST/filex/common/inc/fx_utility.h"
ARM GAS  C:\Users\HP\AppData\Local\Temp\cciMCKK8.s 			page 7


DEFINED SYMBOLS
                            *ABS*:00000000 fx_media_cache_invalidate.c
C:\Users\HP\AppData\Local\Temp\cciMCKK8.s:20     .text._fx_media_cache_invalidate:00000000 $t
C:\Users\HP\AppData\Local\Temp\cciMCKK8.s:26     .text._fx_media_cache_invalidate:00000000 _fx_media_cache_invalidate
C:\Users\HP\AppData\Local\Temp\cciMCKK8.s:170    .text._fx_media_cache_invalidate:00000090 $d

UNDEFINED SYMBOLS
_tx_mutex_get
_fx_utility_FAT_flush
_fx_utility_FAT_map_flush
_fx_utility_logical_sector_flush
_tx_mutex_put
