ARM GAS  C:\Users\HP\AppData\Local\Temp\ccn5pGzf.s 			page 1


   1              		.cpu cortex-m4
   2              		.arch armv7e-m
   3              		.fpu fpv4-sp-d16
   4              		.eabi_attribute 27, 1
   5              		.eabi_attribute 28, 1
   6              		.eabi_attribute 20, 1
   7              		.eabi_attribute 21, 1
   8              		.eabi_attribute 23, 3
   9              		.eabi_attribute 24, 1
  10              		.eabi_attribute 25, 1
  11              		.eabi_attribute 26, 1
  12              		.eabi_attribute 30, 1
  13              		.eabi_attribute 34, 1
  14              		.eabi_attribute 18, 4
  15              		.file	"fx_media_format_type_set.c"
  16              		.text
  17              	.Ltext0:
  18              		.cfi_sections	.debug_frame
  19              		.section	.text.fx_media_format_type_set,"ax",%progbits
  20              		.align	1
  21              		.global	fx_media_format_type_set
  22              		.syntax unified
  23              		.thumb
  24              		.thumb_func
  26              	fx_media_format_type_set:
  27              	.LVL0:
  28              	.LFB8:
  29              		.file 1 "Middlewares/ST/filex/common/src/fx_media_format_type_set.c"
   1:Middlewares/ST/filex/common/src/fx_media_format_type_set.c **** /**************************************************************************/
   2:Middlewares/ST/filex/common/src/fx_media_format_type_set.c **** /*                                                                        */
   3:Middlewares/ST/filex/common/src/fx_media_format_type_set.c **** /*       Copyright (c) Microsoft Corporation. All rights reserved.        */
   4:Middlewares/ST/filex/common/src/fx_media_format_type_set.c **** /*                                                                        */
   5:Middlewares/ST/filex/common/src/fx_media_format_type_set.c **** /*       This software is licensed under the Microsoft Software License   */
   6:Middlewares/ST/filex/common/src/fx_media_format_type_set.c **** /*       Terms for Microsoft Azure RTOS. Full text of the license can be  */
   7:Middlewares/ST/filex/common/src/fx_media_format_type_set.c **** /*       found in the LICENSE file at https://aka.ms/AzureRTOS_EULA       */
   8:Middlewares/ST/filex/common/src/fx_media_format_type_set.c **** /*       and in the root directory of this software.                      */
   9:Middlewares/ST/filex/common/src/fx_media_format_type_set.c **** /*                                                                        */
  10:Middlewares/ST/filex/common/src/fx_media_format_type_set.c **** /**************************************************************************/
  11:Middlewares/ST/filex/common/src/fx_media_format_type_set.c **** 
  12:Middlewares/ST/filex/common/src/fx_media_format_type_set.c **** 
  13:Middlewares/ST/filex/common/src/fx_media_format_type_set.c **** /**************************************************************************/
  14:Middlewares/ST/filex/common/src/fx_media_format_type_set.c **** /**************************************************************************/
  15:Middlewares/ST/filex/common/src/fx_media_format_type_set.c **** /**                                                                       */ 
  16:Middlewares/ST/filex/common/src/fx_media_format_type_set.c **** /** FileX Component                                                       */ 
  17:Middlewares/ST/filex/common/src/fx_media_format_type_set.c **** /**                                                                       */
  18:Middlewares/ST/filex/common/src/fx_media_format_type_set.c **** /**   Media                                                               */
  19:Middlewares/ST/filex/common/src/fx_media_format_type_set.c **** /**                                                                       */
  20:Middlewares/ST/filex/common/src/fx_media_format_type_set.c **** /**************************************************************************/
  21:Middlewares/ST/filex/common/src/fx_media_format_type_set.c **** /**************************************************************************/
  22:Middlewares/ST/filex/common/src/fx_media_format_type_set.c **** 
  23:Middlewares/ST/filex/common/src/fx_media_format_type_set.c **** #define FX_SOURCE_CODE
  24:Middlewares/ST/filex/common/src/fx_media_format_type_set.c **** 
  25:Middlewares/ST/filex/common/src/fx_media_format_type_set.c **** 
  26:Middlewares/ST/filex/common/src/fx_media_format_type_set.c **** /* Include necessary system files.  */
  27:Middlewares/ST/filex/common/src/fx_media_format_type_set.c **** 
  28:Middlewares/ST/filex/common/src/fx_media_format_type_set.c **** #include "fx_api.h"
  29:Middlewares/ST/filex/common/src/fx_media_format_type_set.c **** #include "fx_media.h"
ARM GAS  C:\Users\HP\AppData\Local\Temp\ccn5pGzf.s 			page 2


  30:Middlewares/ST/filex/common/src/fx_media_format_type_set.c **** 
  31:Middlewares/ST/filex/common/src/fx_media_format_type_set.c **** 
  32:Middlewares/ST/filex/common/src/fx_media_format_type_set.c **** /* Define external reference to media type.  */
  33:Middlewares/ST/filex/common/src/fx_media_format_type_set.c **** 
  34:Middlewares/ST/filex/common/src/fx_media_format_type_set.c **** extern UCHAR   _fx_media_format_media_type;
  35:Middlewares/ST/filex/common/src/fx_media_format_type_set.c **** UINT  fx_media_format_type_set(UCHAR new_media_type);
  36:Middlewares/ST/filex/common/src/fx_media_format_type_set.c **** 
  37:Middlewares/ST/filex/common/src/fx_media_format_type_set.c **** /**************************************************************************/ 
  38:Middlewares/ST/filex/common/src/fx_media_format_type_set.c **** /*                                                                        */ 
  39:Middlewares/ST/filex/common/src/fx_media_format_type_set.c **** /*  FUNCTION                                               RELEASE        */ 
  40:Middlewares/ST/filex/common/src/fx_media_format_type_set.c **** /*                                                                        */ 
  41:Middlewares/ST/filex/common/src/fx_media_format_type_set.c **** /*    _fx_media_format_type_set                           PORTABLE C      */ 
  42:Middlewares/ST/filex/common/src/fx_media_format_type_set.c **** /*                                                           6.1.5        */
  43:Middlewares/ST/filex/common/src/fx_media_format_type_set.c **** /*  AUTHOR                                                                */
  44:Middlewares/ST/filex/common/src/fx_media_format_type_set.c **** /*                                                                        */
  45:Middlewares/ST/filex/common/src/fx_media_format_type_set.c **** /*    William E. Lamie, Microsoft Corporation                             */
  46:Middlewares/ST/filex/common/src/fx_media_format_type_set.c **** /*                                                                        */
  47:Middlewares/ST/filex/common/src/fx_media_format_type_set.c **** /*  DESCRIPTION                                                           */
  48:Middlewares/ST/filex/common/src/fx_media_format_type_set.c **** /*                                                                        */ 
  49:Middlewares/ST/filex/common/src/fx_media_format_type_set.c **** /*    This function modifies the default media type for all formatting.   */ 
  50:Middlewares/ST/filex/common/src/fx_media_format_type_set.c **** /*                                                                        */ 
  51:Middlewares/ST/filex/common/src/fx_media_format_type_set.c **** /*                                                                        */ 
  52:Middlewares/ST/filex/common/src/fx_media_format_type_set.c **** /*  INPUT                                                                 */ 
  53:Middlewares/ST/filex/common/src/fx_media_format_type_set.c **** /*                                                                        */ 
  54:Middlewares/ST/filex/common/src/fx_media_format_type_set.c **** /*    new_media_type                        New media type value          */ 
  55:Middlewares/ST/filex/common/src/fx_media_format_type_set.c **** /*                                                                        */ 
  56:Middlewares/ST/filex/common/src/fx_media_format_type_set.c **** /*  OUTPUT                                                                */ 
  57:Middlewares/ST/filex/common/src/fx_media_format_type_set.c **** /*                                                                        */ 
  58:Middlewares/ST/filex/common/src/fx_media_format_type_set.c **** /*    Completion Status                                                   */ 
  59:Middlewares/ST/filex/common/src/fx_media_format_type_set.c **** /*                                                                        */ 
  60:Middlewares/ST/filex/common/src/fx_media_format_type_set.c **** /*  CALLS                                                                 */ 
  61:Middlewares/ST/filex/common/src/fx_media_format_type_set.c **** /*                                                                        */ 
  62:Middlewares/ST/filex/common/src/fx_media_format_type_set.c **** /*    None                                                                */ 
  63:Middlewares/ST/filex/common/src/fx_media_format_type_set.c **** /*                                                                        */ 
  64:Middlewares/ST/filex/common/src/fx_media_format_type_set.c **** /*  CALLED BY                                                             */ 
  65:Middlewares/ST/filex/common/src/fx_media_format_type_set.c **** /*                                                                        */ 
  66:Middlewares/ST/filex/common/src/fx_media_format_type_set.c **** /*    Application Code                                                    */ 
  67:Middlewares/ST/filex/common/src/fx_media_format_type_set.c **** /*                                                                        */ 
  68:Middlewares/ST/filex/common/src/fx_media_format_type_set.c **** /*  RELEASE HISTORY                                                       */ 
  69:Middlewares/ST/filex/common/src/fx_media_format_type_set.c **** /*                                                                        */ 
  70:Middlewares/ST/filex/common/src/fx_media_format_type_set.c **** /*    DATE              NAME                      DESCRIPTION             */
  71:Middlewares/ST/filex/common/src/fx_media_format_type_set.c **** /*                                                                        */
  72:Middlewares/ST/filex/common/src/fx_media_format_type_set.c **** /*  05-19-2020     William E. Lamie         Initial Version 6.0           */
  73:Middlewares/ST/filex/common/src/fx_media_format_type_set.c **** /*  09-30-2020     William E. Lamie         Modified comment(s),          */
  74:Middlewares/ST/filex/common/src/fx_media_format_type_set.c **** /*                                            resulting in version 6.1    */
  75:Middlewares/ST/filex/common/src/fx_media_format_type_set.c **** /*  03-02-2021     William E. Lamie         Modified comment(s),          */
  76:Middlewares/ST/filex/common/src/fx_media_format_type_set.c **** /*                                            resulting in version 6.1.5  */
  77:Middlewares/ST/filex/common/src/fx_media_format_type_set.c **** /*                                                                        */
  78:Middlewares/ST/filex/common/src/fx_media_format_type_set.c **** /**************************************************************************/
  79:Middlewares/ST/filex/common/src/fx_media_format_type_set.c **** UINT  fx_media_format_type_set(UCHAR new_media_type)
  80:Middlewares/ST/filex/common/src/fx_media_format_type_set.c **** {
  30              		.loc 1 80 1 view -0
  31              		.cfi_startproc
  32              		@ args = 0, pretend = 0, frame = 0
  33              		@ frame_needed = 0, uses_anonymous_args = 0
  34              		@ link register save eliminated.
  81:Middlewares/ST/filex/common/src/fx_media_format_type_set.c **** 
ARM GAS  C:\Users\HP\AppData\Local\Temp\ccn5pGzf.s 			page 3


  82:Middlewares/ST/filex/common/src/fx_media_format_type_set.c ****     /* Simply copy the new media type into the default location.  */
  83:Middlewares/ST/filex/common/src/fx_media_format_type_set.c ****     _fx_media_format_media_type =  new_media_type;
  35              		.loc 1 83 5 view .LVU1
  36              		.loc 1 83 33 is_stmt 0 view .LVU2
  37 0000 014B     		ldr	r3, .L2
  38 0002 1870     		strb	r0, [r3]
  84:Middlewares/ST/filex/common/src/fx_media_format_type_set.c **** 
  85:Middlewares/ST/filex/common/src/fx_media_format_type_set.c ****     /* Return success.  */
  86:Middlewares/ST/filex/common/src/fx_media_format_type_set.c ****     return(FX_SUCCESS);
  39              		.loc 1 86 5 is_stmt 1 view .LVU3
  87:Middlewares/ST/filex/common/src/fx_media_format_type_set.c **** }
  40              		.loc 1 87 1 is_stmt 0 view .LVU4
  41 0004 0020     		movs	r0, #0
  42              	.LVL1:
  43              		.loc 1 87 1 view .LVU5
  44 0006 7047     		bx	lr
  45              	.L3:
  46              		.align	2
  47              	.L2:
  48 0008 00000000 		.word	_fx_media_format_media_type
  49              		.cfi_endproc
  50              	.LFE8:
  52              		.text
  53              	.Letext0:
  54              		.file 2 "Middlewares/ST/threadx/ports/cortex_m4/gnu/inc/tx_port.h"
ARM GAS  C:\Users\HP\AppData\Local\Temp\ccn5pGzf.s 			page 4


DEFINED SYMBOLS
                            *ABS*:00000000 fx_media_format_type_set.c
C:\Users\HP\AppData\Local\Temp\ccn5pGzf.s:20     .text.fx_media_format_type_set:00000000 $t
C:\Users\HP\AppData\Local\Temp\ccn5pGzf.s:26     .text.fx_media_format_type_set:00000000 fx_media_format_type_set
C:\Users\HP\AppData\Local\Temp\ccn5pGzf.s:48     .text.fx_media_format_type_set:00000008 $d

UNDEFINED SYMBOLS
_fx_media_format_media_type
