ARM GAS  C:\Users\HP\AppData\Local\Temp\ccAkwLc6.s 			page 1


   1              		.cpu cortex-m4
   2              		.arch armv7e-m
   3              		.fpu fpv4-sp-d16
   4              		.eabi_attribute 27, 1
   5              		.eabi_attribute 28, 1
   6              		.eabi_attribute 20, 1
   7              		.eabi_attribute 21, 1
   8              		.eabi_attribute 23, 3
   9              		.eabi_attribute 24, 1
  10              		.eabi_attribute 25, 1
  11              		.eabi_attribute 26, 1
  12              		.eabi_attribute 30, 1
  13              		.eabi_attribute 34, 1
  14              		.eabi_attribute 18, 4
  15              		.file	"fx_media_extended_space_available.c"
  16              		.text
  17              	.Ltext0:
  18              		.cfi_sections	.debug_frame
  19              		.section	.text._fx_media_extended_space_available,"ax",%progbits
  20              		.align	1
  21              		.global	_fx_media_extended_space_available
  22              		.syntax unified
  23              		.thumb
  24              		.thumb_func
  26              	_fx_media_extended_space_available:
  27              	.LVL0:
  28              	.LFB8:
  29              		.file 1 "Middlewares/ST/filex/common/src/fx_media_extended_space_available.c"
   1:Middlewares/ST/filex/common/src/fx_media_extended_space_available.c **** /**************************************************************************/
   2:Middlewares/ST/filex/common/src/fx_media_extended_space_available.c **** /*                                                                        */
   3:Middlewares/ST/filex/common/src/fx_media_extended_space_available.c **** /*       Copyright (c) Microsoft Corporation. All rights reserved.        */
   4:Middlewares/ST/filex/common/src/fx_media_extended_space_available.c **** /*                                                                        */
   5:Middlewares/ST/filex/common/src/fx_media_extended_space_available.c **** /*       This software is licensed under the Microsoft Software License   */
   6:Middlewares/ST/filex/common/src/fx_media_extended_space_available.c **** /*       Terms for Microsoft Azure RTOS. Full text of the license can be  */
   7:Middlewares/ST/filex/common/src/fx_media_extended_space_available.c **** /*       found in the LICENSE file at https://aka.ms/AzureRTOS_EULA       */
   8:Middlewares/ST/filex/common/src/fx_media_extended_space_available.c **** /*       and in the root directory of this software.                      */
   9:Middlewares/ST/filex/common/src/fx_media_extended_space_available.c **** /*                                                                        */
  10:Middlewares/ST/filex/common/src/fx_media_extended_space_available.c **** /**************************************************************************/
  11:Middlewares/ST/filex/common/src/fx_media_extended_space_available.c **** 
  12:Middlewares/ST/filex/common/src/fx_media_extended_space_available.c **** 
  13:Middlewares/ST/filex/common/src/fx_media_extended_space_available.c **** /**************************************************************************/
  14:Middlewares/ST/filex/common/src/fx_media_extended_space_available.c **** /**************************************************************************/
  15:Middlewares/ST/filex/common/src/fx_media_extended_space_available.c **** /**                                                                       */
  16:Middlewares/ST/filex/common/src/fx_media_extended_space_available.c **** /** FileX Component                                                       */
  17:Middlewares/ST/filex/common/src/fx_media_extended_space_available.c **** /**                                                                       */
  18:Middlewares/ST/filex/common/src/fx_media_extended_space_available.c **** /**   Media                                                               */
  19:Middlewares/ST/filex/common/src/fx_media_extended_space_available.c **** /**                                                                       */
  20:Middlewares/ST/filex/common/src/fx_media_extended_space_available.c **** /**************************************************************************/
  21:Middlewares/ST/filex/common/src/fx_media_extended_space_available.c **** /**************************************************************************/
  22:Middlewares/ST/filex/common/src/fx_media_extended_space_available.c **** 
  23:Middlewares/ST/filex/common/src/fx_media_extended_space_available.c **** #define FX_SOURCE_CODE
  24:Middlewares/ST/filex/common/src/fx_media_extended_space_available.c **** 
  25:Middlewares/ST/filex/common/src/fx_media_extended_space_available.c **** 
  26:Middlewares/ST/filex/common/src/fx_media_extended_space_available.c **** /* Include necessary system files.  */
  27:Middlewares/ST/filex/common/src/fx_media_extended_space_available.c **** 
  28:Middlewares/ST/filex/common/src/fx_media_extended_space_available.c **** #include "fx_api.h"
  29:Middlewares/ST/filex/common/src/fx_media_extended_space_available.c **** #include "fx_system.h"
ARM GAS  C:\Users\HP\AppData\Local\Temp\ccAkwLc6.s 			page 2


  30:Middlewares/ST/filex/common/src/fx_media_extended_space_available.c **** #include "fx_media.h"
  31:Middlewares/ST/filex/common/src/fx_media_extended_space_available.c **** 
  32:Middlewares/ST/filex/common/src/fx_media_extended_space_available.c **** 
  33:Middlewares/ST/filex/common/src/fx_media_extended_space_available.c **** /**************************************************************************/
  34:Middlewares/ST/filex/common/src/fx_media_extended_space_available.c **** /*                                                                        */
  35:Middlewares/ST/filex/common/src/fx_media_extended_space_available.c **** /*  FUNCTION                                               RELEASE        */
  36:Middlewares/ST/filex/common/src/fx_media_extended_space_available.c **** /*                                                                        */
  37:Middlewares/ST/filex/common/src/fx_media_extended_space_available.c **** /*    _fx_media_extended_space_available                  PORTABLE C      */
  38:Middlewares/ST/filex/common/src/fx_media_extended_space_available.c **** /*                                                           6.1          */
  39:Middlewares/ST/filex/common/src/fx_media_extended_space_available.c **** /*  AUTHOR                                                                */
  40:Middlewares/ST/filex/common/src/fx_media_extended_space_available.c **** /*                                                                        */
  41:Middlewares/ST/filex/common/src/fx_media_extended_space_available.c **** /*    William E. Lamie, Microsoft Corporation                             */
  42:Middlewares/ST/filex/common/src/fx_media_extended_space_available.c **** /*                                                                        */
  43:Middlewares/ST/filex/common/src/fx_media_extended_space_available.c **** /*  DESCRIPTION                                                           */
  44:Middlewares/ST/filex/common/src/fx_media_extended_space_available.c **** /*                                                                        */
  45:Middlewares/ST/filex/common/src/fx_media_extended_space_available.c **** /*    This function returns the number of bytes available in the          */
  46:Middlewares/ST/filex/common/src/fx_media_extended_space_available.c **** /*    specified media.                                                    */
  47:Middlewares/ST/filex/common/src/fx_media_extended_space_available.c **** /*                                                                        */
  48:Middlewares/ST/filex/common/src/fx_media_extended_space_available.c **** /*  INPUT                                                                 */
  49:Middlewares/ST/filex/common/src/fx_media_extended_space_available.c **** /*                                                                        */
  50:Middlewares/ST/filex/common/src/fx_media_extended_space_available.c **** /*    media_ptr                             Media control block pointer   */
  51:Middlewares/ST/filex/common/src/fx_media_extended_space_available.c **** /*    available_bytes_ptr                   Pointer to available bytes    */
  52:Middlewares/ST/filex/common/src/fx_media_extended_space_available.c **** /*                                            destination                 */
  53:Middlewares/ST/filex/common/src/fx_media_extended_space_available.c **** /*                                                                        */
  54:Middlewares/ST/filex/common/src/fx_media_extended_space_available.c **** /*  OUTPUT                                                                */
  55:Middlewares/ST/filex/common/src/fx_media_extended_space_available.c **** /*                                                                        */
  56:Middlewares/ST/filex/common/src/fx_media_extended_space_available.c **** /*    return status                                                       */
  57:Middlewares/ST/filex/common/src/fx_media_extended_space_available.c **** /*                                                                        */
  58:Middlewares/ST/filex/common/src/fx_media_extended_space_available.c **** /*  CALLS                                                                 */
  59:Middlewares/ST/filex/common/src/fx_media_extended_space_available.c **** /*                                                                        */
  60:Middlewares/ST/filex/common/src/fx_media_extended_space_available.c **** /*    None                                                                */
  61:Middlewares/ST/filex/common/src/fx_media_extended_space_available.c **** /*                                                                        */
  62:Middlewares/ST/filex/common/src/fx_media_extended_space_available.c **** /*  CALLED BY                                                             */
  63:Middlewares/ST/filex/common/src/fx_media_extended_space_available.c **** /*                                                                        */
  64:Middlewares/ST/filex/common/src/fx_media_extended_space_available.c **** /*    Application Code                                                    */
  65:Middlewares/ST/filex/common/src/fx_media_extended_space_available.c **** /*                                                                        */
  66:Middlewares/ST/filex/common/src/fx_media_extended_space_available.c **** /*  RELEASE HISTORY                                                       */
  67:Middlewares/ST/filex/common/src/fx_media_extended_space_available.c **** /*                                                                        */
  68:Middlewares/ST/filex/common/src/fx_media_extended_space_available.c **** /*    DATE              NAME                      DESCRIPTION             */
  69:Middlewares/ST/filex/common/src/fx_media_extended_space_available.c **** /*                                                                        */
  70:Middlewares/ST/filex/common/src/fx_media_extended_space_available.c **** /*  05-19-2020     William E. Lamie         Initial Version 6.0           */
  71:Middlewares/ST/filex/common/src/fx_media_extended_space_available.c **** /*  09-30-2020     William E. Lamie         Modified comment(s),          */
  72:Middlewares/ST/filex/common/src/fx_media_extended_space_available.c **** /*                                            resulting in version 6.1    */
  73:Middlewares/ST/filex/common/src/fx_media_extended_space_available.c **** /*                                                                        */
  74:Middlewares/ST/filex/common/src/fx_media_extended_space_available.c **** /**************************************************************************/
  75:Middlewares/ST/filex/common/src/fx_media_extended_space_available.c **** UINT  _fx_media_extended_space_available(FX_MEDIA *media_ptr, ULONG64 *available_bytes_ptr)
  76:Middlewares/ST/filex/common/src/fx_media_extended_space_available.c **** {
  30              		.loc 1 76 1 view -0
  31              		.cfi_startproc
  32              		@ args = 0, pretend = 0, frame = 0
  33              		@ frame_needed = 0, uses_anonymous_args = 0
  34              		.loc 1 76 1 is_stmt 0 view .LVU1
  35 0000 F8B5     		push	{r3, r4, r5, r6, r7, lr}
  36              	.LCFI0:
  37              		.cfi_def_cfa_offset 24
  38              		.cfi_offset 3, -24
  39              		.cfi_offset 4, -20
ARM GAS  C:\Users\HP\AppData\Local\Temp\ccAkwLc6.s 			page 3


  40              		.cfi_offset 5, -16
  41              		.cfi_offset 6, -12
  42              		.cfi_offset 7, -8
  43              		.cfi_offset 14, -4
  77:Middlewares/ST/filex/common/src/fx_media_extended_space_available.c **** 
  78:Middlewares/ST/filex/common/src/fx_media_extended_space_available.c **** ULONG64 available_bytes;
  44              		.loc 1 78 1 is_stmt 1 view .LVU2
  79:Middlewares/ST/filex/common/src/fx_media_extended_space_available.c **** ULONG   bytes_per_cluster;
  45              		.loc 1 79 1 view .LVU3
  80:Middlewares/ST/filex/common/src/fx_media_extended_space_available.c **** ULONG   available_clusters;
  46              		.loc 1 80 1 view .LVU4
  81:Middlewares/ST/filex/common/src/fx_media_extended_space_available.c **** 
  82:Middlewares/ST/filex/common/src/fx_media_extended_space_available.c **** 
  83:Middlewares/ST/filex/common/src/fx_media_extended_space_available.c ****     /* Check the media to make sure it is open.  */
  84:Middlewares/ST/filex/common/src/fx_media_extended_space_available.c ****     if (media_ptr -> fx_media_id != FX_MEDIA_ID)
  47              		.loc 1 84 5 view .LVU5
  48              		.loc 1 84 19 is_stmt 0 view .LVU6
  49 0002 0268     		ldr	r2, [r0]
  50              		.loc 1 84 8 view .LVU7
  51 0004 0F4B     		ldr	r3, .L7
  52 0006 9A42     		cmp	r2, r3
  53 0008 02D0     		beq	.L6
  85:Middlewares/ST/filex/common/src/fx_media_extended_space_available.c ****     {
  86:Middlewares/ST/filex/common/src/fx_media_extended_space_available.c **** 
  87:Middlewares/ST/filex/common/src/fx_media_extended_space_available.c ****         /* Return the media not opened error.  */
  88:Middlewares/ST/filex/common/src/fx_media_extended_space_available.c ****         return(FX_MEDIA_NOT_OPEN);
  54              		.loc 1 88 15 view .LVU8
  55 000a 1125     		movs	r5, #17
  56              	.LVL1:
  57              	.L1:
  89:Middlewares/ST/filex/common/src/fx_media_extended_space_available.c ****     }
  90:Middlewares/ST/filex/common/src/fx_media_extended_space_available.c **** 
  91:Middlewares/ST/filex/common/src/fx_media_extended_space_available.c ****     /* If trace is enabled, insert this event into the trace buffer.  */
  92:Middlewares/ST/filex/common/src/fx_media_extended_space_available.c ****     FX_TRACE_IN_LINE_INSERT(FX_TRACE_MEDIA_SPACE_AVAILABLE, media_ptr, available_bytes_ptr, media_p
  93:Middlewares/ST/filex/common/src/fx_media_extended_space_available.c **** 
  94:Middlewares/ST/filex/common/src/fx_media_extended_space_available.c ****     /* Protect against other threads accessing the media.  */
  95:Middlewares/ST/filex/common/src/fx_media_extended_space_available.c ****     FX_PROTECT
  96:Middlewares/ST/filex/common/src/fx_media_extended_space_available.c **** 
  97:Middlewares/ST/filex/common/src/fx_media_extended_space_available.c ****     /* Pickup the number of free clusters.  */
  98:Middlewares/ST/filex/common/src/fx_media_extended_space_available.c ****     available_clusters =  media_ptr -> fx_media_available_clusters;
  99:Middlewares/ST/filex/common/src/fx_media_extended_space_available.c **** 
 100:Middlewares/ST/filex/common/src/fx_media_extended_space_available.c ****     /* Derive the bytes per cluster.  */
 101:Middlewares/ST/filex/common/src/fx_media_extended_space_available.c ****     bytes_per_cluster =  media_ptr -> fx_media_bytes_per_sector * media_ptr -> fx_media_sectors_per
 102:Middlewares/ST/filex/common/src/fx_media_extended_space_available.c **** 
 103:Middlewares/ST/filex/common/src/fx_media_extended_space_available.c ****     /* Calculate the free space.  */
 104:Middlewares/ST/filex/common/src/fx_media_extended_space_available.c ****     available_bytes =  ((ULONG64)available_clusters) * ((ULONG64)bytes_per_cluster);
 105:Middlewares/ST/filex/common/src/fx_media_extended_space_available.c **** 
 106:Middlewares/ST/filex/common/src/fx_media_extended_space_available.c ****     /* Return the value.  */
 107:Middlewares/ST/filex/common/src/fx_media_extended_space_available.c ****     *available_bytes_ptr =  available_bytes;
 108:Middlewares/ST/filex/common/src/fx_media_extended_space_available.c **** 
 109:Middlewares/ST/filex/common/src/fx_media_extended_space_available.c ****     /* Release media protection.  */
 110:Middlewares/ST/filex/common/src/fx_media_extended_space_available.c ****     FX_UNPROTECT
 111:Middlewares/ST/filex/common/src/fx_media_extended_space_available.c **** 
 112:Middlewares/ST/filex/common/src/fx_media_extended_space_available.c ****     /* Return a successful status to the caller.  */
 113:Middlewares/ST/filex/common/src/fx_media_extended_space_available.c ****     return(FX_SUCCESS);
 114:Middlewares/ST/filex/common/src/fx_media_extended_space_available.c **** }
  58              		.loc 1 114 1 view .LVU9
ARM GAS  C:\Users\HP\AppData\Local\Temp\ccAkwLc6.s 			page 4


  59 000c 2846     		mov	r0, r5
  60 000e F8BD     		pop	{r3, r4, r5, r6, r7, pc}
  61              	.LVL2:
  62              	.L6:
  63              		.loc 1 114 1 view .LVU10
  64 0010 0446     		mov	r4, r0
  65 0012 0E46     		mov	r6, r1
  95:Middlewares/ST/filex/common/src/fx_media_extended_space_available.c **** 
  66              		.loc 1 95 5 is_stmt 1 discriminator 2 view .LVU11
  95:Middlewares/ST/filex/common/src/fx_media_extended_space_available.c **** 
  67              		.loc 1 95 5 discriminator 2 view .LVU12
  68 0014 00F5E477 		add	r7, r0, #456
  69 0018 4FF0FF31 		mov	r1, #-1
  70              	.LVL3:
  95:Middlewares/ST/filex/common/src/fx_media_extended_space_available.c **** 
  71              		.loc 1 95 5 is_stmt 0 discriminator 2 view .LVU13
  72 001c 3846     		mov	r0, r7
  73              	.LVL4:
  95:Middlewares/ST/filex/common/src/fx_media_extended_space_available.c **** 
  74              		.loc 1 95 5 discriminator 2 view .LVU14
  75 001e FFF7FEFF 		bl	_tx_mutex_get
  76              	.LVL5:
  77 0022 0546     		mov	r5, r0
  78 0024 60B9     		cbnz	r0, .L4
  98:Middlewares/ST/filex/common/src/fx_media_extended_space_available.c **** 
  79              		.loc 1 98 5 is_stmt 1 view .LVU15
  98:Middlewares/ST/filex/common/src/fx_media_extended_space_available.c **** 
  80              		.loc 1 98 24 is_stmt 0 view .LVU16
  81 0026 E26F     		ldr	r2, [r4, #124]
  82              	.LVL6:
 101:Middlewares/ST/filex/common/src/fx_media_extended_space_available.c **** 
  83              		.loc 1 101 5 is_stmt 1 view .LVU17
 101:Middlewares/ST/filex/common/src/fx_media_extended_space_available.c **** 
  84              		.loc 1 101 36 is_stmt 0 view .LVU18
  85 0028 A36A     		ldr	r3, [r4, #40]
 101:Middlewares/ST/filex/common/src/fx_media_extended_space_available.c **** 
  86              		.loc 1 101 77 view .LVU19
  87 002a 616D     		ldr	r1, [r4, #84]
 101:Middlewares/ST/filex/common/src/fx_media_extended_space_available.c **** 
  88              		.loc 1 101 23 view .LVU20
  89 002c 01FB03F3 		mul	r3, r1, r3
  90              	.LVL7:
 104:Middlewares/ST/filex/common/src/fx_media_extended_space_available.c **** 
  91              		.loc 1 104 5 is_stmt 1 view .LVU21
 104:Middlewares/ST/filex/common/src/fx_media_extended_space_available.c **** 
  92              		.loc 1 104 21 is_stmt 0 view .LVU22
  93 0030 A2FB0323 		umull	r2, r3, r2, r3
  94              	.LVL8:
 107:Middlewares/ST/filex/common/src/fx_media_extended_space_available.c **** 
  95              		.loc 1 107 5 is_stmt 1 view .LVU23
 107:Middlewares/ST/filex/common/src/fx_media_extended_space_available.c **** 
  96              		.loc 1 107 26 is_stmt 0 view .LVU24
  97 0034 3260     		str	r2, [r6]
  98              	.LVL9:
 107:Middlewares/ST/filex/common/src/fx_media_extended_space_available.c **** 
  99              		.loc 1 107 26 view .LVU25
 100 0036 7360     		str	r3, [r6, #4]
ARM GAS  C:\Users\HP\AppData\Local\Temp\ccAkwLc6.s 			page 5


 110:Middlewares/ST/filex/common/src/fx_media_extended_space_available.c **** 
 101              		.loc 1 110 5 is_stmt 1 view .LVU26
 102 0038 3846     		mov	r0, r7
 103 003a FFF7FEFF 		bl	_tx_mutex_put
 104              	.LVL10:
 113:Middlewares/ST/filex/common/src/fx_media_extended_space_available.c **** }
 105              		.loc 1 113 5 view .LVU27
 113:Middlewares/ST/filex/common/src/fx_media_extended_space_available.c **** }
 106              		.loc 1 113 11 is_stmt 0 view .LVU28
 107 003e E5E7     		b	.L1
 108              	.L4:
  95:Middlewares/ST/filex/common/src/fx_media_extended_space_available.c **** 
 109              		.loc 1 95 5 view .LVU29
 110 0040 1125     		movs	r5, #17
 111 0042 E3E7     		b	.L1
 112              	.L8:
 113              		.align	2
 114              	.L7:
 115 0044 4944454D 		.word	1296385097
 116              		.cfi_endproc
 117              	.LFE8:
 119              		.text
 120              	.Letext0:
 121              		.file 2 "Middlewares/ST/threadx/ports/cortex_m4/gnu/inc/tx_port.h"
 122              		.file 3 "Middlewares/ST/threadx/common/inc/tx_api.h"
 123              		.file 4 "Middlewares/ST/filex/common/inc/fx_api.h"
ARM GAS  C:\Users\HP\AppData\Local\Temp\ccAkwLc6.s 			page 6


DEFINED SYMBOLS
                            *ABS*:00000000 fx_media_extended_space_available.c
C:\Users\HP\AppData\Local\Temp\ccAkwLc6.s:20     .text._fx_media_extended_space_available:00000000 $t
C:\Users\HP\AppData\Local\Temp\ccAkwLc6.s:26     .text._fx_media_extended_space_available:00000000 _fx_media_extended_space_available
C:\Users\HP\AppData\Local\Temp\ccAkwLc6.s:115    .text._fx_media_extended_space_available:00000044 $d

UNDEFINED SYMBOLS
_tx_mutex_get
_tx_mutex_put
