ARM GAS  C:\Users\HP\AppData\Local\Temp\ccxiEOuV.s 			page 1


   1              		.cpu cortex-m4
   2              		.arch armv7e-m
   3              		.fpu fpv4-sp-d16
   4              		.eabi_attribute 27, 1
   5              		.eabi_attribute 28, 1
   6              		.eabi_attribute 20, 1
   7              		.eabi_attribute 21, 1
   8              		.eabi_attribute 23, 3
   9              		.eabi_attribute 24, 1
  10              		.eabi_attribute 25, 1
  11              		.eabi_attribute 26, 1
  12              		.eabi_attribute 30, 1
  13              		.eabi_attribute 34, 1
  14              		.eabi_attribute 18, 4
  15              		.file	"fx_system_time_get.c"
  16              		.text
  17              	.Ltext0:
  18              		.cfi_sections	.debug_frame
  19              		.section	.text._fx_system_time_get,"ax",%progbits
  20              		.align	1
  21              		.global	_fx_system_time_get
  22              		.syntax unified
  23              		.thumb
  24              		.thumb_func
  26              	_fx_system_time_get:
  27              	.LVL0:
  28              	.LFB8:
  29              		.file 1 "Middlewares/ST/filex/common/src/fx_system_time_get.c"
   1:Middlewares/ST/filex/common/src/fx_system_time_get.c **** /**************************************************************************/
   2:Middlewares/ST/filex/common/src/fx_system_time_get.c **** /*                                                                        */
   3:Middlewares/ST/filex/common/src/fx_system_time_get.c **** /*       Copyright (c) Microsoft Corporation. All rights reserved.        */
   4:Middlewares/ST/filex/common/src/fx_system_time_get.c **** /*                                                                        */
   5:Middlewares/ST/filex/common/src/fx_system_time_get.c **** /*       This software is licensed under the Microsoft Software License   */
   6:Middlewares/ST/filex/common/src/fx_system_time_get.c **** /*       Terms for Microsoft Azure RTOS. Full text of the license can be  */
   7:Middlewares/ST/filex/common/src/fx_system_time_get.c **** /*       found in the LICENSE file at https://aka.ms/AzureRTOS_EULA       */
   8:Middlewares/ST/filex/common/src/fx_system_time_get.c **** /*       and in the root directory of this software.                      */
   9:Middlewares/ST/filex/common/src/fx_system_time_get.c **** /*                                                                        */
  10:Middlewares/ST/filex/common/src/fx_system_time_get.c **** /**************************************************************************/
  11:Middlewares/ST/filex/common/src/fx_system_time_get.c **** 
  12:Middlewares/ST/filex/common/src/fx_system_time_get.c **** 
  13:Middlewares/ST/filex/common/src/fx_system_time_get.c **** /**************************************************************************/
  14:Middlewares/ST/filex/common/src/fx_system_time_get.c **** /**************************************************************************/
  15:Middlewares/ST/filex/common/src/fx_system_time_get.c **** /**                                                                       */
  16:Middlewares/ST/filex/common/src/fx_system_time_get.c **** /** FileX Component                                                       */
  17:Middlewares/ST/filex/common/src/fx_system_time_get.c **** /**                                                                       */
  18:Middlewares/ST/filex/common/src/fx_system_time_get.c **** /**   System                                                              */
  19:Middlewares/ST/filex/common/src/fx_system_time_get.c **** /**                                                                       */
  20:Middlewares/ST/filex/common/src/fx_system_time_get.c **** /**************************************************************************/
  21:Middlewares/ST/filex/common/src/fx_system_time_get.c **** /**************************************************************************/
  22:Middlewares/ST/filex/common/src/fx_system_time_get.c **** 
  23:Middlewares/ST/filex/common/src/fx_system_time_get.c **** #define FX_SOURCE_CODE
  24:Middlewares/ST/filex/common/src/fx_system_time_get.c **** 
  25:Middlewares/ST/filex/common/src/fx_system_time_get.c **** 
  26:Middlewares/ST/filex/common/src/fx_system_time_get.c **** /* Include necessary system files.  */
  27:Middlewares/ST/filex/common/src/fx_system_time_get.c **** 
  28:Middlewares/ST/filex/common/src/fx_system_time_get.c **** #include "fx_api.h"
  29:Middlewares/ST/filex/common/src/fx_system_time_get.c **** #include "fx_system.h"
ARM GAS  C:\Users\HP\AppData\Local\Temp\ccxiEOuV.s 			page 2


  30:Middlewares/ST/filex/common/src/fx_system_time_get.c **** 
  31:Middlewares/ST/filex/common/src/fx_system_time_get.c **** 
  32:Middlewares/ST/filex/common/src/fx_system_time_get.c **** /**************************************************************************/
  33:Middlewares/ST/filex/common/src/fx_system_time_get.c **** /*                                                                        */
  34:Middlewares/ST/filex/common/src/fx_system_time_get.c **** /*  FUNCTION                                               RELEASE        */
  35:Middlewares/ST/filex/common/src/fx_system_time_get.c **** /*                                                                        */
  36:Middlewares/ST/filex/common/src/fx_system_time_get.c **** /*    _fx_system_time_get                                 PORTABLE C      */
  37:Middlewares/ST/filex/common/src/fx_system_time_get.c **** /*                                                           6.1.7        */
  38:Middlewares/ST/filex/common/src/fx_system_time_get.c **** /*  AUTHOR                                                                */
  39:Middlewares/ST/filex/common/src/fx_system_time_get.c **** /*                                                                        */
  40:Middlewares/ST/filex/common/src/fx_system_time_get.c **** /*    William E. Lamie, Microsoft Corporation                             */
  41:Middlewares/ST/filex/common/src/fx_system_time_get.c **** /*                                                                        */
  42:Middlewares/ST/filex/common/src/fx_system_time_get.c **** /*  DESCRIPTION                                                           */
  43:Middlewares/ST/filex/common/src/fx_system_time_get.c **** /*                                                                        */
  44:Middlewares/ST/filex/common/src/fx_system_time_get.c **** /*    This function returns the current contents of the system time in    */
  45:Middlewares/ST/filex/common/src/fx_system_time_get.c **** /*    the fields specified by the caller.                                 */
  46:Middlewares/ST/filex/common/src/fx_system_time_get.c **** /*                                                                        */
  47:Middlewares/ST/filex/common/src/fx_system_time_get.c **** /*  INPUT                                                                 */
  48:Middlewares/ST/filex/common/src/fx_system_time_get.c **** /*                                                                        */
  49:Middlewares/ST/filex/common/src/fx_system_time_get.c **** /*    hour                                  Pointer to hour               */
  50:Middlewares/ST/filex/common/src/fx_system_time_get.c **** /*    minute                                Pointer to minute             */
  51:Middlewares/ST/filex/common/src/fx_system_time_get.c **** /*    second                                Pointer to second             */
  52:Middlewares/ST/filex/common/src/fx_system_time_get.c **** /*                                                                        */
  53:Middlewares/ST/filex/common/src/fx_system_time_get.c **** /*  OUTPUT                                                                */
  54:Middlewares/ST/filex/common/src/fx_system_time_get.c **** /*                                                                        */
  55:Middlewares/ST/filex/common/src/fx_system_time_get.c **** /*    FX_SUCCESS                                                          */
  56:Middlewares/ST/filex/common/src/fx_system_time_get.c **** /*                                                                        */
  57:Middlewares/ST/filex/common/src/fx_system_time_get.c **** /*  CALLS                                                                 */
  58:Middlewares/ST/filex/common/src/fx_system_time_get.c **** /*                                                                        */
  59:Middlewares/ST/filex/common/src/fx_system_time_get.c **** /*    None                                                                */
  60:Middlewares/ST/filex/common/src/fx_system_time_get.c **** /*                                                                        */
  61:Middlewares/ST/filex/common/src/fx_system_time_get.c **** /*  CALLED BY                                                             */
  62:Middlewares/ST/filex/common/src/fx_system_time_get.c **** /*                                                                        */
  63:Middlewares/ST/filex/common/src/fx_system_time_get.c **** /*    Application Code                                                    */
  64:Middlewares/ST/filex/common/src/fx_system_time_get.c **** /*                                                                        */
  65:Middlewares/ST/filex/common/src/fx_system_time_get.c **** /*  RELEASE HISTORY                                                       */
  66:Middlewares/ST/filex/common/src/fx_system_time_get.c **** /*                                                                        */
  67:Middlewares/ST/filex/common/src/fx_system_time_get.c **** /*    DATE              NAME                      DESCRIPTION             */
  68:Middlewares/ST/filex/common/src/fx_system_time_get.c **** /*                                                                        */
  69:Middlewares/ST/filex/common/src/fx_system_time_get.c **** /*  05-19-2020     William E. Lamie         Initial Version 6.0           */
  70:Middlewares/ST/filex/common/src/fx_system_time_get.c **** /*  09-30-2020     William E. Lamie         Modified comment(s),          */
  71:Middlewares/ST/filex/common/src/fx_system_time_get.c **** /*                                            resulting in version 6.1    */
  72:Middlewares/ST/filex/common/src/fx_system_time_get.c **** /*  06-02-2021     William E. Lamie         Modified comment(s),          */
  73:Middlewares/ST/filex/common/src/fx_system_time_get.c **** /*                                            checked null pointer,       */
  74:Middlewares/ST/filex/common/src/fx_system_time_get.c **** /*                                            resulting in version 6.1.7  */
  75:Middlewares/ST/filex/common/src/fx_system_time_get.c **** /*                                                                        */
  76:Middlewares/ST/filex/common/src/fx_system_time_get.c **** /**************************************************************************/
  77:Middlewares/ST/filex/common/src/fx_system_time_get.c **** UINT  _fx_system_time_get(UINT *hour, UINT *minute, UINT *second)
  78:Middlewares/ST/filex/common/src/fx_system_time_get.c **** {
  30              		.loc 1 78 1 view -0
  31              		.cfi_startproc
  32              		@ args = 0, pretend = 0, frame = 0
  33              		@ frame_needed = 0, uses_anonymous_args = 0
  34              		@ link register save eliminated.
  79:Middlewares/ST/filex/common/src/fx_system_time_get.c **** 
  80:Middlewares/ST/filex/common/src/fx_system_time_get.c **** UINT time;
  35              		.loc 1 80 1 view .LVU1
ARM GAS  C:\Users\HP\AppData\Local\Temp\ccxiEOuV.s 			page 3


  81:Middlewares/ST/filex/common/src/fx_system_time_get.c **** 
  82:Middlewares/ST/filex/common/src/fx_system_time_get.c **** 
  83:Middlewares/ST/filex/common/src/fx_system_time_get.c ****     /* Get a copy of the current system time.  */
  84:Middlewares/ST/filex/common/src/fx_system_time_get.c ****     time =  _fx_system_time;
  36              		.loc 1 84 5 view .LVU2
  37              		.loc 1 84 10 is_stmt 0 view .LVU3
  38 0000 094B     		ldr	r3, .L5
  39 0002 1B68     		ldr	r3, [r3]
  40              	.LVL1:
  85:Middlewares/ST/filex/common/src/fx_system_time_get.c **** 
  86:Middlewares/ST/filex/common/src/fx_system_time_get.c ****     /* Check to see if the hour is required.  */
  87:Middlewares/ST/filex/common/src/fx_system_time_get.c ****     if (hour)
  41              		.loc 1 87 5 is_stmt 1 view .LVU4
  42              		.loc 1 87 8 is_stmt 0 view .LVU5
  43 0004 8446     		mov	ip, r0
  44 0006 18B1     		cbz	r0, .L2
  88:Middlewares/ST/filex/common/src/fx_system_time_get.c ****     {
  89:Middlewares/ST/filex/common/src/fx_system_time_get.c **** 
  90:Middlewares/ST/filex/common/src/fx_system_time_get.c ****         /* Pickup the hour.  */
  91:Middlewares/ST/filex/common/src/fx_system_time_get.c ****         *hour =  (time >> FX_HOUR_SHIFT) & FX_HOUR_MASK;
  45              		.loc 1 91 9 is_stmt 1 view .LVU6
  46              		.loc 1 91 42 is_stmt 0 view .LVU7
  47 0008 C3F3C420 		ubfx	r0, r3, #11, #5
  48              	.LVL2:
  49              		.loc 1 91 15 view .LVU8
  50 000c CCF80000 		str	r0, [ip]
  51              	.L2:
  92:Middlewares/ST/filex/common/src/fx_system_time_get.c ****     }
  93:Middlewares/ST/filex/common/src/fx_system_time_get.c **** 
  94:Middlewares/ST/filex/common/src/fx_system_time_get.c ****     /* Check to see if the minute is required.  */
  95:Middlewares/ST/filex/common/src/fx_system_time_get.c ****     if (minute)
  52              		.loc 1 95 5 is_stmt 1 view .LVU9
  53              		.loc 1 95 8 is_stmt 0 view .LVU10
  54 0010 11B1     		cbz	r1, .L3
  96:Middlewares/ST/filex/common/src/fx_system_time_get.c ****     {
  97:Middlewares/ST/filex/common/src/fx_system_time_get.c **** 
  98:Middlewares/ST/filex/common/src/fx_system_time_get.c ****         /* Pickup the minute.  */
  99:Middlewares/ST/filex/common/src/fx_system_time_get.c ****         *minute =  (time >> FX_MINUTE_SHIFT) & FX_MINUTE_MASK;
  55              		.loc 1 99 9 is_stmt 1 view .LVU11
  56              		.loc 1 99 46 is_stmt 0 view .LVU12
  57 0012 C3F34510 		ubfx	r0, r3, #5, #6
  58              		.loc 1 99 17 view .LVU13
  59 0016 0860     		str	r0, [r1]
  60              	.L3:
 100:Middlewares/ST/filex/common/src/fx_system_time_get.c ****     }
 101:Middlewares/ST/filex/common/src/fx_system_time_get.c **** 
 102:Middlewares/ST/filex/common/src/fx_system_time_get.c ****     /* Check to see if the second is required.  */
 103:Middlewares/ST/filex/common/src/fx_system_time_get.c ****     if (second)
  61              		.loc 1 103 5 is_stmt 1 view .LVU14
  62              		.loc 1 103 8 is_stmt 0 view .LVU15
  63 0018 1AB1     		cbz	r2, .L4
 104:Middlewares/ST/filex/common/src/fx_system_time_get.c ****     {
 105:Middlewares/ST/filex/common/src/fx_system_time_get.c **** 
 106:Middlewares/ST/filex/common/src/fx_system_time_get.c ****         /* Pickup the second.  */
 107:Middlewares/ST/filex/common/src/fx_system_time_get.c ****         *second =  (time & FX_SECOND_MASK) * 2;
  64              		.loc 1 107 9 is_stmt 1 view .LVU16
  65              		.loc 1 107 26 is_stmt 0 view .LVU17
ARM GAS  C:\Users\HP\AppData\Local\Temp\ccxiEOuV.s 			page 4


  66 001a 03F01F03 		and	r3, r3, #31
  67              	.LVL3:
  68              		.loc 1 107 44 view .LVU18
  69 001e 5B00     		lsls	r3, r3, #1
  70              		.loc 1 107 17 view .LVU19
  71 0020 1360     		str	r3, [r2]
  72              	.L4:
 108:Middlewares/ST/filex/common/src/fx_system_time_get.c ****     }
 109:Middlewares/ST/filex/common/src/fx_system_time_get.c **** 
 110:Middlewares/ST/filex/common/src/fx_system_time_get.c ****     /* If trace is enabled, insert this event into the trace buffer.  */
 111:Middlewares/ST/filex/common/src/fx_system_time_get.c ****     if (hour && minute && second)
  73              		.loc 1 111 5 is_stmt 1 view .LVU20
 112:Middlewares/ST/filex/common/src/fx_system_time_get.c ****     {
 113:Middlewares/ST/filex/common/src/fx_system_time_get.c ****         FX_TRACE_IN_LINE_INSERT(FX_TRACE_SYSTEM_TIME_GET, *hour, *minute, *second, 0, FX_TRACE_INTE
 114:Middlewares/ST/filex/common/src/fx_system_time_get.c ****     }
  74              		.loc 1 114 5 view .LVU21
 115:Middlewares/ST/filex/common/src/fx_system_time_get.c **** 
 116:Middlewares/ST/filex/common/src/fx_system_time_get.c ****     /* Return successful status.  */
 117:Middlewares/ST/filex/common/src/fx_system_time_get.c ****     return(FX_SUCCESS);
  75              		.loc 1 117 5 view .LVU22
 118:Middlewares/ST/filex/common/src/fx_system_time_get.c **** }
  76              		.loc 1 118 1 is_stmt 0 view .LVU23
  77 0022 0020     		movs	r0, #0
  78 0024 7047     		bx	lr
  79              	.L6:
  80 0026 00BF     		.align	2
  81              	.L5:
  82 0028 00000000 		.word	_fx_system_time
  83              		.cfi_endproc
  84              	.LFE8:
  86              		.text
  87              	.Letext0:
  88              		.file 2 "Middlewares/ST/filex/common/inc/fx_system.h"
  89              		.file 3 "Middlewares/ST/threadx/ports/cortex_m4/gnu/inc/tx_port.h"
ARM GAS  C:\Users\HP\AppData\Local\Temp\ccxiEOuV.s 			page 5


DEFINED SYMBOLS
                            *ABS*:00000000 fx_system_time_get.c
C:\Users\HP\AppData\Local\Temp\ccxiEOuV.s:20     .text._fx_system_time_get:00000000 $t
C:\Users\HP\AppData\Local\Temp\ccxiEOuV.s:26     .text._fx_system_time_get:00000000 _fx_system_time_get
C:\Users\HP\AppData\Local\Temp\ccxiEOuV.s:82     .text._fx_system_time_get:00000028 $d

UNDEFINED SYMBOLS
_fx_system_time
