ARM GAS  C:\Users\HP\AppData\Local\Temp\ccfhoktf.s 			page 1


   1              		.cpu cortex-m4
   2              		.arch armv7e-m
   3              		.fpu fpv4-sp-d16
   4              		.eabi_attribute 27, 1
   5              		.eabi_attribute 28, 1
   6              		.eabi_attribute 20, 1
   7              		.eabi_attribute 21, 1
   8              		.eabi_attribute 23, 3
   9              		.eabi_attribute 24, 1
  10              		.eabi_attribute 25, 1
  11              		.eabi_attribute 26, 1
  12              		.eabi_attribute 30, 1
  13              		.eabi_attribute 34, 1
  14              		.eabi_attribute 18, 4
  15              		.file	"fx_system_time_set.c"
  16              		.text
  17              	.Ltext0:
  18              		.cfi_sections	.debug_frame
  19              		.section	.text._fx_system_time_set,"ax",%progbits
  20              		.align	1
  21              		.global	_fx_system_time_set
  22              		.syntax unified
  23              		.thumb
  24              		.thumb_func
  26              	_fx_system_time_set:
  27              	.LVL0:
  28              	.LFB8:
  29              		.file 1 "Middlewares/ST/filex/common/src/fx_system_time_set.c"
   1:Middlewares/ST/filex/common/src/fx_system_time_set.c **** /**************************************************************************/
   2:Middlewares/ST/filex/common/src/fx_system_time_set.c **** /*                                                                        */
   3:Middlewares/ST/filex/common/src/fx_system_time_set.c **** /*       Copyright (c) Microsoft Corporation. All rights reserved.        */
   4:Middlewares/ST/filex/common/src/fx_system_time_set.c **** /*                                                                        */
   5:Middlewares/ST/filex/common/src/fx_system_time_set.c **** /*       This software is licensed under the Microsoft Software License   */
   6:Middlewares/ST/filex/common/src/fx_system_time_set.c **** /*       Terms for Microsoft Azure RTOS. Full text of the license can be  */
   7:Middlewares/ST/filex/common/src/fx_system_time_set.c **** /*       found in the LICENSE file at https://aka.ms/AzureRTOS_EULA       */
   8:Middlewares/ST/filex/common/src/fx_system_time_set.c **** /*       and in the root directory of this software.                      */
   9:Middlewares/ST/filex/common/src/fx_system_time_set.c **** /*                                                                        */
  10:Middlewares/ST/filex/common/src/fx_system_time_set.c **** /**************************************************************************/
  11:Middlewares/ST/filex/common/src/fx_system_time_set.c **** 
  12:Middlewares/ST/filex/common/src/fx_system_time_set.c **** 
  13:Middlewares/ST/filex/common/src/fx_system_time_set.c **** /**************************************************************************/
  14:Middlewares/ST/filex/common/src/fx_system_time_set.c **** /**************************************************************************/
  15:Middlewares/ST/filex/common/src/fx_system_time_set.c **** /**                                                                       */
  16:Middlewares/ST/filex/common/src/fx_system_time_set.c **** /** FileX Component                                                       */
  17:Middlewares/ST/filex/common/src/fx_system_time_set.c **** /**                                                                       */
  18:Middlewares/ST/filex/common/src/fx_system_time_set.c **** /**   System                                                              */
  19:Middlewares/ST/filex/common/src/fx_system_time_set.c **** /**                                                                       */
  20:Middlewares/ST/filex/common/src/fx_system_time_set.c **** /**************************************************************************/
  21:Middlewares/ST/filex/common/src/fx_system_time_set.c **** /**************************************************************************/
  22:Middlewares/ST/filex/common/src/fx_system_time_set.c **** 
  23:Middlewares/ST/filex/common/src/fx_system_time_set.c **** #define FX_SOURCE_CODE
  24:Middlewares/ST/filex/common/src/fx_system_time_set.c **** 
  25:Middlewares/ST/filex/common/src/fx_system_time_set.c **** 
  26:Middlewares/ST/filex/common/src/fx_system_time_set.c **** /* Include necessary system files.  */
  27:Middlewares/ST/filex/common/src/fx_system_time_set.c **** 
  28:Middlewares/ST/filex/common/src/fx_system_time_set.c **** #include "fx_api.h"
  29:Middlewares/ST/filex/common/src/fx_system_time_set.c **** #include "fx_system.h"
ARM GAS  C:\Users\HP\AppData\Local\Temp\ccfhoktf.s 			page 2


  30:Middlewares/ST/filex/common/src/fx_system_time_set.c **** 
  31:Middlewares/ST/filex/common/src/fx_system_time_set.c **** 
  32:Middlewares/ST/filex/common/src/fx_system_time_set.c **** /**************************************************************************/
  33:Middlewares/ST/filex/common/src/fx_system_time_set.c **** /*                                                                        */
  34:Middlewares/ST/filex/common/src/fx_system_time_set.c **** /*  FUNCTION                                               RELEASE        */
  35:Middlewares/ST/filex/common/src/fx_system_time_set.c **** /*                                                                        */
  36:Middlewares/ST/filex/common/src/fx_system_time_set.c **** /*    _fx_system_time_set                                 PORTABLE C      */
  37:Middlewares/ST/filex/common/src/fx_system_time_set.c **** /*                                                           6.1          */
  38:Middlewares/ST/filex/common/src/fx_system_time_set.c **** /*  AUTHOR                                                                */
  39:Middlewares/ST/filex/common/src/fx_system_time_set.c **** /*                                                                        */
  40:Middlewares/ST/filex/common/src/fx_system_time_set.c **** /*    William E. Lamie, Microsoft Corporation                             */
  41:Middlewares/ST/filex/common/src/fx_system_time_set.c **** /*                                                                        */
  42:Middlewares/ST/filex/common/src/fx_system_time_set.c **** /*  DESCRIPTION                                                           */
  43:Middlewares/ST/filex/common/src/fx_system_time_set.c **** /*                                                                        */
  44:Middlewares/ST/filex/common/src/fx_system_time_set.c **** /*    This function set the system time to the value specified by the     */
  45:Middlewares/ST/filex/common/src/fx_system_time_set.c **** /*    caller.                                                             */
  46:Middlewares/ST/filex/common/src/fx_system_time_set.c **** /*                                                                        */
  47:Middlewares/ST/filex/common/src/fx_system_time_set.c **** /*  INPUT                                                                 */
  48:Middlewares/ST/filex/common/src/fx_system_time_set.c **** /*                                                                        */
  49:Middlewares/ST/filex/common/src/fx_system_time_set.c **** /*    hour                                  Hour (0-23)                   */
  50:Middlewares/ST/filex/common/src/fx_system_time_set.c **** /*    minute                                Minute (0-59)                 */
  51:Middlewares/ST/filex/common/src/fx_system_time_set.c **** /*    second                                Second (0-59)                 */
  52:Middlewares/ST/filex/common/src/fx_system_time_set.c **** /*                                                                        */
  53:Middlewares/ST/filex/common/src/fx_system_time_set.c **** /*  OUTPUT                                                                */
  54:Middlewares/ST/filex/common/src/fx_system_time_set.c **** /*                                                                        */
  55:Middlewares/ST/filex/common/src/fx_system_time_set.c **** /*    FX_SUCCESS                                                          */
  56:Middlewares/ST/filex/common/src/fx_system_time_set.c **** /*                                                                        */
  57:Middlewares/ST/filex/common/src/fx_system_time_set.c **** /*  CALLS                                                                 */
  58:Middlewares/ST/filex/common/src/fx_system_time_set.c **** /*                                                                        */
  59:Middlewares/ST/filex/common/src/fx_system_time_set.c **** /*    None                                                                */
  60:Middlewares/ST/filex/common/src/fx_system_time_set.c **** /*                                                                        */
  61:Middlewares/ST/filex/common/src/fx_system_time_set.c **** /*  CALLED BY                                                             */
  62:Middlewares/ST/filex/common/src/fx_system_time_set.c **** /*                                                                        */
  63:Middlewares/ST/filex/common/src/fx_system_time_set.c **** /*    Application Code                                                    */
  64:Middlewares/ST/filex/common/src/fx_system_time_set.c **** /*                                                                        */
  65:Middlewares/ST/filex/common/src/fx_system_time_set.c **** /*  RELEASE HISTORY                                                       */
  66:Middlewares/ST/filex/common/src/fx_system_time_set.c **** /*                                                                        */
  67:Middlewares/ST/filex/common/src/fx_system_time_set.c **** /*    DATE              NAME                      DESCRIPTION             */
  68:Middlewares/ST/filex/common/src/fx_system_time_set.c **** /*                                                                        */
  69:Middlewares/ST/filex/common/src/fx_system_time_set.c **** /*  05-19-2020     William E. Lamie         Initial Version 6.0           */
  70:Middlewares/ST/filex/common/src/fx_system_time_set.c **** /*  09-30-2020     William E. Lamie         Modified comment(s),          */
  71:Middlewares/ST/filex/common/src/fx_system_time_set.c **** /*                                            resulting in version 6.1    */
  72:Middlewares/ST/filex/common/src/fx_system_time_set.c **** /*                                                                        */
  73:Middlewares/ST/filex/common/src/fx_system_time_set.c **** /**************************************************************************/
  74:Middlewares/ST/filex/common/src/fx_system_time_set.c **** UINT  _fx_system_time_set(UINT hour, UINT minute, UINT second)
  75:Middlewares/ST/filex/common/src/fx_system_time_set.c **** {
  30              		.loc 1 75 1 view -0
  31              		.cfi_startproc
  32              		@ args = 0, pretend = 0, frame = 0
  33              		@ frame_needed = 0, uses_anonymous_args = 0
  34              		@ link register save eliminated.
  76:Middlewares/ST/filex/common/src/fx_system_time_set.c **** 
  77:Middlewares/ST/filex/common/src/fx_system_time_set.c **** 
  78:Middlewares/ST/filex/common/src/fx_system_time_set.c ****     /* If trace is enabled, insert this event into the trace buffer.  */
  79:Middlewares/ST/filex/common/src/fx_system_time_set.c ****     FX_TRACE_IN_LINE_INSERT(FX_TRACE_SYSTEM_TIME_SET, hour, minute, second, 0, FX_TRACE_INTERNAL_EV
  80:Middlewares/ST/filex/common/src/fx_system_time_set.c **** 
  81:Middlewares/ST/filex/common/src/fx_system_time_set.c ****     /* Set the new system time.  */
ARM GAS  C:\Users\HP\AppData\Local\Temp\ccfhoktf.s 			page 3


  82:Middlewares/ST/filex/common/src/fx_system_time_set.c ****     _fx_system_time  =  (hour << FX_HOUR_SHIFT) |
  35              		.loc 1 82 5 view .LVU1
  83:Middlewares/ST/filex/common/src/fx_system_time_set.c ****         (minute << FX_MINUTE_SHIFT) | (second / 2);
  36              		.loc 1 83 17 is_stmt 0 view .LVU2
  37 0000 4901     		lsls	r1, r1, #5
  38              	.LVL1:
  82:Middlewares/ST/filex/common/src/fx_system_time_set.c ****         (minute << FX_MINUTE_SHIFT) | (second / 2);
  39              		.loc 1 82 49 view .LVU3
  40 0002 41EAC021 		orr	r1, r1, r0, lsl #11
  41              		.loc 1 83 37 view .LVU4
  42 0006 41EA5201 		orr	r1, r1, r2, lsr #1
  82:Middlewares/ST/filex/common/src/fx_system_time_set.c ****         (minute << FX_MINUTE_SHIFT) | (second / 2);
  43              		.loc 1 82 22 view .LVU5
  44 000a 024B     		ldr	r3, .L2
  45 000c 1960     		str	r1, [r3]
  84:Middlewares/ST/filex/common/src/fx_system_time_set.c **** 
  85:Middlewares/ST/filex/common/src/fx_system_time_set.c ****     /* Return successful status.  */
  86:Middlewares/ST/filex/common/src/fx_system_time_set.c ****     return(FX_SUCCESS);
  46              		.loc 1 86 5 is_stmt 1 view .LVU6
  87:Middlewares/ST/filex/common/src/fx_system_time_set.c **** }
  47              		.loc 1 87 1 is_stmt 0 view .LVU7
  48 000e 0020     		movs	r0, #0
  49              	.LVL2:
  50              		.loc 1 87 1 view .LVU8
  51 0010 7047     		bx	lr
  52              	.L3:
  53 0012 00BF     		.align	2
  54              	.L2:
  55 0014 00000000 		.word	_fx_system_time
  56              		.cfi_endproc
  57              	.LFE8:
  59              		.text
  60              	.Letext0:
  61              		.file 2 "Middlewares/ST/threadx/ports/cortex_m4/gnu/inc/tx_port.h"
  62              		.file 3 "Middlewares/ST/filex/common/inc/fx_system.h"
ARM GAS  C:\Users\HP\AppData\Local\Temp\ccfhoktf.s 			page 4


DEFINED SYMBOLS
                            *ABS*:00000000 fx_system_time_set.c
C:\Users\HP\AppData\Local\Temp\ccfhoktf.s:20     .text._fx_system_time_set:00000000 $t
C:\Users\HP\AppData\Local\Temp\ccfhoktf.s:26     .text._fx_system_time_set:00000000 _fx_system_time_set
C:\Users\HP\AppData\Local\Temp\ccfhoktf.s:55     .text._fx_system_time_set:00000014 $d

UNDEFINED SYMBOLS
_fx_system_time
