ARM GAS  C:\Users\HP\AppData\Local\Temp\cc0Y2CG3.s 			page 1


   1              		.cpu cortex-m4
   2              		.arch armv7e-m
   3              		.fpu fpv4-sp-d16
   4              		.eabi_attribute 27, 1
   5              		.eabi_attribute 28, 1
   6              		.eabi_attribute 20, 1
   7              		.eabi_attribute 21, 1
   8              		.eabi_attribute 23, 3
   9              		.eabi_attribute 24, 1
  10              		.eabi_attribute 25, 1
  11              		.eabi_attribute 26, 1
  12              		.eabi_attribute 30, 1
  13              		.eabi_attribute 34, 1
  14              		.eabi_attribute 18, 4
  15              		.file	"fx_utility_memory_copy.c"
  16              		.text
  17              	.Ltext0:
  18              		.cfi_sections	.debug_frame
  19              		.section	.text._fx_utility_memory_copy,"ax",%progbits
  20              		.align	1
  21              		.global	_fx_utility_memory_copy
  22              		.syntax unified
  23              		.thumb
  24              		.thumb_func
  26              	_fx_utility_memory_copy:
  27              	.LVL0:
  28              	.LFB8:
  29              		.file 1 "Middlewares/ST/filex/common/src/fx_utility_memory_copy.c"
   1:Middlewares/ST/filex/common/src/fx_utility_memory_copy.c **** /**************************************************************************/
   2:Middlewares/ST/filex/common/src/fx_utility_memory_copy.c **** /*                                                                        */
   3:Middlewares/ST/filex/common/src/fx_utility_memory_copy.c **** /*       Copyright (c) Microsoft Corporation. All rights reserved.        */
   4:Middlewares/ST/filex/common/src/fx_utility_memory_copy.c **** /*                                                                        */
   5:Middlewares/ST/filex/common/src/fx_utility_memory_copy.c **** /*       This software is licensed under the Microsoft Software License   */
   6:Middlewares/ST/filex/common/src/fx_utility_memory_copy.c **** /*       Terms for Microsoft Azure RTOS. Full text of the license can be  */
   7:Middlewares/ST/filex/common/src/fx_utility_memory_copy.c **** /*       found in the LICENSE file at https://aka.ms/AzureRTOS_EULA       */
   8:Middlewares/ST/filex/common/src/fx_utility_memory_copy.c **** /*       and in the root directory of this software.                      */
   9:Middlewares/ST/filex/common/src/fx_utility_memory_copy.c **** /*                                                                        */
  10:Middlewares/ST/filex/common/src/fx_utility_memory_copy.c **** /**************************************************************************/
  11:Middlewares/ST/filex/common/src/fx_utility_memory_copy.c **** 
  12:Middlewares/ST/filex/common/src/fx_utility_memory_copy.c **** 
  13:Middlewares/ST/filex/common/src/fx_utility_memory_copy.c **** /**************************************************************************/
  14:Middlewares/ST/filex/common/src/fx_utility_memory_copy.c **** /**************************************************************************/
  15:Middlewares/ST/filex/common/src/fx_utility_memory_copy.c **** /**                                                                       */
  16:Middlewares/ST/filex/common/src/fx_utility_memory_copy.c **** /** FileX Component                                                       */
  17:Middlewares/ST/filex/common/src/fx_utility_memory_copy.c **** /**                                                                       */
  18:Middlewares/ST/filex/common/src/fx_utility_memory_copy.c **** /**   Utility                                                             */
  19:Middlewares/ST/filex/common/src/fx_utility_memory_copy.c **** /**                                                                       */
  20:Middlewares/ST/filex/common/src/fx_utility_memory_copy.c **** /**************************************************************************/
  21:Middlewares/ST/filex/common/src/fx_utility_memory_copy.c **** /**************************************************************************/
  22:Middlewares/ST/filex/common/src/fx_utility_memory_copy.c **** 
  23:Middlewares/ST/filex/common/src/fx_utility_memory_copy.c **** #define FX_SOURCE_CODE
  24:Middlewares/ST/filex/common/src/fx_utility_memory_copy.c **** 
  25:Middlewares/ST/filex/common/src/fx_utility_memory_copy.c **** 
  26:Middlewares/ST/filex/common/src/fx_utility_memory_copy.c **** /* Include necessary system files.  */
  27:Middlewares/ST/filex/common/src/fx_utility_memory_copy.c **** 
  28:Middlewares/ST/filex/common/src/fx_utility_memory_copy.c **** #include "fx_api.h"
  29:Middlewares/ST/filex/common/src/fx_utility_memory_copy.c **** #include "fx_system.h"
ARM GAS  C:\Users\HP\AppData\Local\Temp\cc0Y2CG3.s 			page 2


  30:Middlewares/ST/filex/common/src/fx_utility_memory_copy.c **** #include "fx_utility.h"
  31:Middlewares/ST/filex/common/src/fx_utility_memory_copy.c **** #include "string.h"
  32:Middlewares/ST/filex/common/src/fx_utility_memory_copy.c **** 
  33:Middlewares/ST/filex/common/src/fx_utility_memory_copy.c **** 
  34:Middlewares/ST/filex/common/src/fx_utility_memory_copy.c **** /* Remove any previous remapping for memory copy when compiling this
  35:Middlewares/ST/filex/common/src/fx_utility_memory_copy.c ****    module.  */
  36:Middlewares/ST/filex/common/src/fx_utility_memory_copy.c **** 
  37:Middlewares/ST/filex/common/src/fx_utility_memory_copy.c **** #undef _fx_utility_memory_copy
  38:Middlewares/ST/filex/common/src/fx_utility_memory_copy.c **** 
  39:Middlewares/ST/filex/common/src/fx_utility_memory_copy.c **** 
  40:Middlewares/ST/filex/common/src/fx_utility_memory_copy.c **** /**************************************************************************/
  41:Middlewares/ST/filex/common/src/fx_utility_memory_copy.c **** /*                                                                        */
  42:Middlewares/ST/filex/common/src/fx_utility_memory_copy.c **** /*  FUNCTION                                               RELEASE        */
  43:Middlewares/ST/filex/common/src/fx_utility_memory_copy.c **** /*                                                                        */
  44:Middlewares/ST/filex/common/src/fx_utility_memory_copy.c **** /*    _fx_utility_memory_copy                             PORTABLE C      */
  45:Middlewares/ST/filex/common/src/fx_utility_memory_copy.c **** /*                                                           6.1          */
  46:Middlewares/ST/filex/common/src/fx_utility_memory_copy.c **** /*  AUTHOR                                                                */
  47:Middlewares/ST/filex/common/src/fx_utility_memory_copy.c **** /*                                                                        */
  48:Middlewares/ST/filex/common/src/fx_utility_memory_copy.c **** /*    William E. Lamie, Microsoft Corporation                             */
  49:Middlewares/ST/filex/common/src/fx_utility_memory_copy.c **** /*                                                                        */
  50:Middlewares/ST/filex/common/src/fx_utility_memory_copy.c **** /*  DESCRIPTION                                                           */
  51:Middlewares/ST/filex/common/src/fx_utility_memory_copy.c **** /*                                                                        */
  52:Middlewares/ST/filex/common/src/fx_utility_memory_copy.c **** /*    This function copies the specified number of bytes from the source  */
  53:Middlewares/ST/filex/common/src/fx_utility_memory_copy.c **** /*    to the destination.                                                 */
  54:Middlewares/ST/filex/common/src/fx_utility_memory_copy.c **** /*                                                                        */
  55:Middlewares/ST/filex/common/src/fx_utility_memory_copy.c **** /*  INPUT                                                                 */
  56:Middlewares/ST/filex/common/src/fx_utility_memory_copy.c **** /*                                                                        */
  57:Middlewares/ST/filex/common/src/fx_utility_memory_copy.c **** /*    source_ptr                            Source memory pointer         */
  58:Middlewares/ST/filex/common/src/fx_utility_memory_copy.c **** /*    dest_ptr                              Destination memory pointer    */
  59:Middlewares/ST/filex/common/src/fx_utility_memory_copy.c **** /*    size                                  number of bytes to copy       */
  60:Middlewares/ST/filex/common/src/fx_utility_memory_copy.c **** /*                                                                        */
  61:Middlewares/ST/filex/common/src/fx_utility_memory_copy.c **** /*  OUTPUT                                                                */
  62:Middlewares/ST/filex/common/src/fx_utility_memory_copy.c **** /*                                                                        */
  63:Middlewares/ST/filex/common/src/fx_utility_memory_copy.c **** /*    None                                                                */
  64:Middlewares/ST/filex/common/src/fx_utility_memory_copy.c **** /*                                                                        */
  65:Middlewares/ST/filex/common/src/fx_utility_memory_copy.c **** /*  CALLS                                                                 */
  66:Middlewares/ST/filex/common/src/fx_utility_memory_copy.c **** /*                                                                        */
  67:Middlewares/ST/filex/common/src/fx_utility_memory_copy.c **** /*    None                                                                */
  68:Middlewares/ST/filex/common/src/fx_utility_memory_copy.c **** /*                                                                        */
  69:Middlewares/ST/filex/common/src/fx_utility_memory_copy.c **** /*  CALLED BY                                                             */
  70:Middlewares/ST/filex/common/src/fx_utility_memory_copy.c **** /*                                                                        */
  71:Middlewares/ST/filex/common/src/fx_utility_memory_copy.c **** /*    FileX System Functions                                              */
  72:Middlewares/ST/filex/common/src/fx_utility_memory_copy.c **** /*                                                                        */
  73:Middlewares/ST/filex/common/src/fx_utility_memory_copy.c **** /*  RELEASE HISTORY                                                       */
  74:Middlewares/ST/filex/common/src/fx_utility_memory_copy.c **** /*                                                                        */
  75:Middlewares/ST/filex/common/src/fx_utility_memory_copy.c **** /*    DATE              NAME                      DESCRIPTION             */
  76:Middlewares/ST/filex/common/src/fx_utility_memory_copy.c **** /*                                                                        */
  77:Middlewares/ST/filex/common/src/fx_utility_memory_copy.c **** /*  05-19-2020     William E. Lamie         Initial Version 6.0           */
  78:Middlewares/ST/filex/common/src/fx_utility_memory_copy.c **** /*  09-30-2020     William E. Lamie         Modified comment(s), verified */
  79:Middlewares/ST/filex/common/src/fx_utility_memory_copy.c **** /*                                            memcpy usage,               */
  80:Middlewares/ST/filex/common/src/fx_utility_memory_copy.c **** /*                                            resulting in version 6.1    */
  81:Middlewares/ST/filex/common/src/fx_utility_memory_copy.c **** /*                                                                        */
  82:Middlewares/ST/filex/common/src/fx_utility_memory_copy.c **** /**************************************************************************/
  83:Middlewares/ST/filex/common/src/fx_utility_memory_copy.c **** VOID  _fx_utility_memory_copy(UCHAR *source_ptr, UCHAR *dest_ptr, ULONG size)
  84:Middlewares/ST/filex/common/src/fx_utility_memory_copy.c **** {
  30              		.loc 1 84 1 view -0
  31              		.cfi_startproc
ARM GAS  C:\Users\HP\AppData\Local\Temp\cc0Y2CG3.s 			page 3


  32              		@ args = 0, pretend = 0, frame = 0
  33              		@ frame_needed = 0, uses_anonymous_args = 0
  34              		.loc 1 84 1 is_stmt 0 view .LVU1
  35 0000 08B5     		push	{r3, lr}
  36              	.LCFI0:
  37              		.cfi_def_cfa_offset 8
  38              		.cfi_offset 3, -8
  39              		.cfi_offset 14, -4
  40 0002 0B46     		mov	r3, r1
  85:Middlewares/ST/filex/common/src/fx_utility_memory_copy.c **** 
  86:Middlewares/ST/filex/common/src/fx_utility_memory_copy.c ****     /* Copy the memory.  */
  87:Middlewares/ST/filex/common/src/fx_utility_memory_copy.c ****     memcpy(dest_ptr, source_ptr, size); /* Use case of memcpy is verified. */
  41              		.loc 1 87 5 is_stmt 1 view .LVU2
  42 0004 0146     		mov	r1, r0
  43              	.LVL1:
  44              		.loc 1 87 5 is_stmt 0 view .LVU3
  45 0006 1846     		mov	r0, r3
  46              	.LVL2:
  47              		.loc 1 87 5 view .LVU4
  48 0008 FFF7FEFF 		bl	memcpy
  49              	.LVL3:
  88:Middlewares/ST/filex/common/src/fx_utility_memory_copy.c **** }
  50              		.loc 1 88 1 view .LVU5
  51 000c 08BD     		pop	{r3, pc}
  52              		.cfi_endproc
  53              	.LFE8:
  55              		.text
  56              	.Letext0:
  57              		.file 2 "Middlewares/ST/threadx/ports/cortex_m4/gnu/inc/tx_port.h"
  58              		.file 3 "<built-in>"
ARM GAS  C:\Users\HP\AppData\Local\Temp\cc0Y2CG3.s 			page 4


DEFINED SYMBOLS
                            *ABS*:00000000 fx_utility_memory_copy.c
C:\Users\HP\AppData\Local\Temp\cc0Y2CG3.s:20     .text._fx_utility_memory_copy:00000000 $t
C:\Users\HP\AppData\Local\Temp\cc0Y2CG3.s:26     .text._fx_utility_memory_copy:00000000 _fx_utility_memory_copy

UNDEFINED SYMBOLS
memcpy
