ARM GAS  C:\Users\HP\AppData\Local\Temp\ccHUMxMs.s 			page 1


   1              		.cpu cortex-m4
   2              		.arch armv7e-m
   3              		.fpu fpv4-sp-d16
   4              		.eabi_attribute 27, 1
   5              		.eabi_attribute 28, 1
   6              		.eabi_attribute 20, 1
   7              		.eabi_attribute 21, 1
   8              		.eabi_attribute 23, 3
   9              		.eabi_attribute 24, 1
  10              		.eabi_attribute 25, 1
  11              		.eabi_attribute 26, 1
  12              		.eabi_attribute 30, 1
  13              		.eabi_attribute 34, 1
  14              		.eabi_attribute 18, 4
  15              		.file	"fx_utility_string_length_get.c"
  16              		.text
  17              	.Ltext0:
  18              		.cfi_sections	.debug_frame
  19              		.section	.text._fx_utility_string_length_get,"ax",%progbits
  20              		.align	1
  21              		.global	_fx_utility_string_length_get
  22              		.syntax unified
  23              		.thumb
  24              		.thumb_func
  26              	_fx_utility_string_length_get:
  27              	.LVL0:
  28              	.LFB8:
  29              		.file 1 "Middlewares/ST/filex/common/src/fx_utility_string_length_get.c"
   1:Middlewares/ST/filex/common/src/fx_utility_string_length_get.c **** /**************************************************************************/
   2:Middlewares/ST/filex/common/src/fx_utility_string_length_get.c **** /*                                                                        */
   3:Middlewares/ST/filex/common/src/fx_utility_string_length_get.c **** /*       Copyright (c) Microsoft Corporation. All rights reserved.        */
   4:Middlewares/ST/filex/common/src/fx_utility_string_length_get.c **** /*                                                                        */
   5:Middlewares/ST/filex/common/src/fx_utility_string_length_get.c **** /*       This software is licensed under the Microsoft Software License   */
   6:Middlewares/ST/filex/common/src/fx_utility_string_length_get.c **** /*       Terms for Microsoft Azure RTOS. Full text of the license can be  */
   7:Middlewares/ST/filex/common/src/fx_utility_string_length_get.c **** /*       found in the LICENSE file at https://aka.ms/AzureRTOS_EULA       */
   8:Middlewares/ST/filex/common/src/fx_utility_string_length_get.c **** /*       and in the root directory of this software.                      */
   9:Middlewares/ST/filex/common/src/fx_utility_string_length_get.c **** /*                                                                        */
  10:Middlewares/ST/filex/common/src/fx_utility_string_length_get.c **** /**************************************************************************/
  11:Middlewares/ST/filex/common/src/fx_utility_string_length_get.c **** 
  12:Middlewares/ST/filex/common/src/fx_utility_string_length_get.c **** 
  13:Middlewares/ST/filex/common/src/fx_utility_string_length_get.c **** /**************************************************************************/
  14:Middlewares/ST/filex/common/src/fx_utility_string_length_get.c **** /**************************************************************************/
  15:Middlewares/ST/filex/common/src/fx_utility_string_length_get.c **** /**                                                                       */
  16:Middlewares/ST/filex/common/src/fx_utility_string_length_get.c **** /** FileX Component                                                       */
  17:Middlewares/ST/filex/common/src/fx_utility_string_length_get.c **** /**                                                                       */
  18:Middlewares/ST/filex/common/src/fx_utility_string_length_get.c **** /**   Utility                                                             */
  19:Middlewares/ST/filex/common/src/fx_utility_string_length_get.c **** /**                                                                       */
  20:Middlewares/ST/filex/common/src/fx_utility_string_length_get.c **** /**************************************************************************/
  21:Middlewares/ST/filex/common/src/fx_utility_string_length_get.c **** /**************************************************************************/
  22:Middlewares/ST/filex/common/src/fx_utility_string_length_get.c **** 
  23:Middlewares/ST/filex/common/src/fx_utility_string_length_get.c **** #define FX_SOURCE_CODE
  24:Middlewares/ST/filex/common/src/fx_utility_string_length_get.c **** 
  25:Middlewares/ST/filex/common/src/fx_utility_string_length_get.c **** 
  26:Middlewares/ST/filex/common/src/fx_utility_string_length_get.c **** /* Include necessary system files.  */
  27:Middlewares/ST/filex/common/src/fx_utility_string_length_get.c **** 
  28:Middlewares/ST/filex/common/src/fx_utility_string_length_get.c **** #include "fx_api.h"
  29:Middlewares/ST/filex/common/src/fx_utility_string_length_get.c **** #include "fx_utility.h"
ARM GAS  C:\Users\HP\AppData\Local\Temp\ccHUMxMs.s 			page 2


  30:Middlewares/ST/filex/common/src/fx_utility_string_length_get.c **** 
  31:Middlewares/ST/filex/common/src/fx_utility_string_length_get.c **** 
  32:Middlewares/ST/filex/common/src/fx_utility_string_length_get.c **** /**************************************************************************/
  33:Middlewares/ST/filex/common/src/fx_utility_string_length_get.c **** /*                                                                        */
  34:Middlewares/ST/filex/common/src/fx_utility_string_length_get.c **** /*  FUNCTION                                               RELEASE        */
  35:Middlewares/ST/filex/common/src/fx_utility_string_length_get.c **** /*                                                                        */
  36:Middlewares/ST/filex/common/src/fx_utility_string_length_get.c **** /*    _fx_utility_string_length_get                       PORTABLE C      */
  37:Middlewares/ST/filex/common/src/fx_utility_string_length_get.c **** /*                                                           6.1          */
  38:Middlewares/ST/filex/common/src/fx_utility_string_length_get.c **** /*  AUTHOR                                                                */
  39:Middlewares/ST/filex/common/src/fx_utility_string_length_get.c **** /*                                                                        */
  40:Middlewares/ST/filex/common/src/fx_utility_string_length_get.c **** /*    William E. Lamie, Microsoft Corporation                             */
  41:Middlewares/ST/filex/common/src/fx_utility_string_length_get.c **** /*                                                                        */
  42:Middlewares/ST/filex/common/src/fx_utility_string_length_get.c **** /*  DESCRIPTION                                                           */
  43:Middlewares/ST/filex/common/src/fx_utility_string_length_get.c **** /*                                                                        */
  44:Middlewares/ST/filex/common/src/fx_utility_string_length_get.c **** /*    This function returns length of string up to the maximum length.    */
  45:Middlewares/ST/filex/common/src/fx_utility_string_length_get.c **** /*                                                                        */
  46:Middlewares/ST/filex/common/src/fx_utility_string_length_get.c **** /*  INPUT                                                                 */
  47:Middlewares/ST/filex/common/src/fx_utility_string_length_get.c **** /*                                                                        */
  48:Middlewares/ST/filex/common/src/fx_utility_string_length_get.c **** /*    string                                Pointer to string             */
  49:Middlewares/ST/filex/common/src/fx_utility_string_length_get.c **** /*    max_length                            Maximum length which can be   */
  50:Middlewares/ST/filex/common/src/fx_utility_string_length_get.c **** /*                                            returned by function        */
  51:Middlewares/ST/filex/common/src/fx_utility_string_length_get.c **** /*                                                                        */
  52:Middlewares/ST/filex/common/src/fx_utility_string_length_get.c **** /*  OUTPUT                                                                */
  53:Middlewares/ST/filex/common/src/fx_utility_string_length_get.c **** /*                                                                        */
  54:Middlewares/ST/filex/common/src/fx_utility_string_length_get.c **** /*    return length of string                                             */
  55:Middlewares/ST/filex/common/src/fx_utility_string_length_get.c **** /*                                                                        */
  56:Middlewares/ST/filex/common/src/fx_utility_string_length_get.c **** /*  CALLS                                                                 */
  57:Middlewares/ST/filex/common/src/fx_utility_string_length_get.c **** /*                                                                        */
  58:Middlewares/ST/filex/common/src/fx_utility_string_length_get.c **** /*    None                                                                */
  59:Middlewares/ST/filex/common/src/fx_utility_string_length_get.c **** /*                                                                        */
  60:Middlewares/ST/filex/common/src/fx_utility_string_length_get.c **** /*  CALLED BY                                                             */
  61:Middlewares/ST/filex/common/src/fx_utility_string_length_get.c **** /*                                                                        */
  62:Middlewares/ST/filex/common/src/fx_utility_string_length_get.c **** /*    _fx_directory_exFAT_unicode_entry_write                             */
  63:Middlewares/ST/filex/common/src/fx_utility_string_length_get.c **** /*    _fx_directory_exFAT_free_search                                     */
  64:Middlewares/ST/filex/common/src/fx_utility_string_length_get.c **** /*    _fx_utility_absolute_path_get         Get absolute path             */
  65:Middlewares/ST/filex/common/src/fx_utility_string_length_get.c **** /*                                                                        */
  66:Middlewares/ST/filex/common/src/fx_utility_string_length_get.c **** /*  RELEASE HISTORY                                                       */
  67:Middlewares/ST/filex/common/src/fx_utility_string_length_get.c **** /*                                                                        */
  68:Middlewares/ST/filex/common/src/fx_utility_string_length_get.c **** /*    DATE              NAME                      DESCRIPTION             */
  69:Middlewares/ST/filex/common/src/fx_utility_string_length_get.c **** /*                                                                        */
  70:Middlewares/ST/filex/common/src/fx_utility_string_length_get.c **** /*  05-19-2020     William E. Lamie         Initial Version 6.0           */
  71:Middlewares/ST/filex/common/src/fx_utility_string_length_get.c **** /*  09-30-2020     William E. Lamie         Modified comment(s),          */
  72:Middlewares/ST/filex/common/src/fx_utility_string_length_get.c **** /*                                            resulting in version 6.1    */
  73:Middlewares/ST/filex/common/src/fx_utility_string_length_get.c **** /*                                                                        */
  74:Middlewares/ST/filex/common/src/fx_utility_string_length_get.c **** /**************************************************************************/
  75:Middlewares/ST/filex/common/src/fx_utility_string_length_get.c **** UINT  _fx_utility_string_length_get(CHAR *string, UINT max_length)
  76:Middlewares/ST/filex/common/src/fx_utility_string_length_get.c **** {
  30              		.loc 1 76 1 view -0
  31              		.cfi_startproc
  32              		@ args = 0, pretend = 0, frame = 0
  33              		@ frame_needed = 0, uses_anonymous_args = 0
  34              		@ link register save eliminated.
  35              		.loc 1 76 1 is_stmt 0 view .LVU1
  36 0000 0246     		mov	r2, r0
  77:Middlewares/ST/filex/common/src/fx_utility_string_length_get.c **** 
  78:Middlewares/ST/filex/common/src/fx_utility_string_length_get.c **** UINT length;
  37              		.loc 1 78 1 is_stmt 1 view .LVU2
ARM GAS  C:\Users\HP\AppData\Local\Temp\ccHUMxMs.s 			page 3


  79:Middlewares/ST/filex/common/src/fx_utility_string_length_get.c **** 
  80:Middlewares/ST/filex/common/src/fx_utility_string_length_get.c ****     /* Initialize length to 0.  */
  81:Middlewares/ST/filex/common/src/fx_utility_string_length_get.c ****     length = 0;
  38              		.loc 1 81 5 view .LVU3
  39              	.LVL1:
  82:Middlewares/ST/filex/common/src/fx_utility_string_length_get.c **** 
  83:Middlewares/ST/filex/common/src/fx_utility_string_length_get.c ****     /* Loop to calculate the length.  */
  84:Middlewares/ST/filex/common/src/fx_utility_string_length_get.c ****     while (string[length] && (length < max_length))
  40              		.loc 1 84 5 view .LVU4
  81:Middlewares/ST/filex/common/src/fx_utility_string_length_get.c **** 
  41              		.loc 1 81 12 is_stmt 0 view .LVU5
  42 0002 0020     		movs	r0, #0
  43              	.LVL2:
  44              		.loc 1 84 11 view .LVU6
  45 0004 00E0     		b	.L2
  46              	.LVL3:
  47              	.L4:
  85:Middlewares/ST/filex/common/src/fx_utility_string_length_get.c ****     {
  86:Middlewares/ST/filex/common/src/fx_utility_string_length_get.c **** 
  87:Middlewares/ST/filex/common/src/fx_utility_string_length_get.c ****         /* Increment the length (index).  */
  88:Middlewares/ST/filex/common/src/fx_utility_string_length_get.c ****         length++;
  48              		.loc 1 88 9 is_stmt 1 view .LVU7
  49              		.loc 1 88 15 is_stmt 0 view .LVU8
  50 0006 0130     		adds	r0, r0, #1
  51              	.LVL4:
  52              	.L2:
  84:Middlewares/ST/filex/common/src/fx_utility_string_length_get.c ****     {
  53              		.loc 1 84 11 is_stmt 1 view .LVU9
  84:Middlewares/ST/filex/common/src/fx_utility_string_length_get.c ****     {
  54              		.loc 1 84 18 is_stmt 0 view .LVU10
  55 0008 135C     		ldrb	r3, [r2, r0]	@ zero_extendqisi2
  84:Middlewares/ST/filex/common/src/fx_utility_string_length_get.c ****     {
  56              		.loc 1 84 11 view .LVU11
  57 000a 0BB1     		cbz	r3, .L1
  84:Middlewares/ST/filex/common/src/fx_utility_string_length_get.c ****     {
  58              		.loc 1 84 27 discriminator 1 view .LVU12
  59 000c 8842     		cmp	r0, r1
  60 000e FAD3     		bcc	.L4
  61              	.L1:
  89:Middlewares/ST/filex/common/src/fx_utility_string_length_get.c ****     }
  90:Middlewares/ST/filex/common/src/fx_utility_string_length_get.c **** 
  91:Middlewares/ST/filex/common/src/fx_utility_string_length_get.c ****     /* Return length.  */
  92:Middlewares/ST/filex/common/src/fx_utility_string_length_get.c ****     return(length);
  93:Middlewares/ST/filex/common/src/fx_utility_string_length_get.c **** }
  62              		.loc 1 93 1 view .LVU13
  63 0010 7047     		bx	lr
  64              		.cfi_endproc
  65              	.LFE8:
  67              		.text
  68              	.Letext0:
  69              		.file 2 "Middlewares/ST/threadx/ports/cortex_m4/gnu/inc/tx_port.h"
ARM GAS  C:\Users\HP\AppData\Local\Temp\ccHUMxMs.s 			page 4


DEFINED SYMBOLS
                            *ABS*:00000000 fx_utility_string_length_get.c
C:\Users\HP\AppData\Local\Temp\ccHUMxMs.s:20     .text._fx_utility_string_length_get:00000000 $t
C:\Users\HP\AppData\Local\Temp\ccHUMxMs.s:26     .text._fx_utility_string_length_get:00000000 _fx_utility_string_length_get

NO UNDEFINED SYMBOLS
