ARM GAS  C:\Users\HP\AppData\Local\Temp\ccHTkq0d.s 			page 1


   1              		.cpu cortex-m4
   2              		.arch armv7e-m
   3              		.fpu fpv4-sp-d16
   4              		.eabi_attribute 27, 1
   5              		.eabi_attribute 28, 1
   6              		.eabi_attribute 20, 1
   7              		.eabi_attribute 21, 1
   8              		.eabi_attribute 23, 3
   9              		.eabi_attribute 24, 1
  10              		.eabi_attribute 25, 1
  11              		.eabi_attribute 26, 1
  12              		.eabi_attribute 30, 1
  13              		.eabi_attribute 34, 1
  14              		.eabi_attribute 18, 4
  15              		.file	"fx_unicode_length_get_extended.c"
  16              		.text
  17              	.Ltext0:
  18              		.cfi_sections	.debug_frame
  19              		.section	.text._fx_unicode_length_get_extended,"ax",%progbits
  20              		.align	1
  21              		.global	_fx_unicode_length_get_extended
  22              		.syntax unified
  23              		.thumb
  24              		.thumb_func
  26              	_fx_unicode_length_get_extended:
  27              	.LVL0:
  28              	.LFB8:
  29              		.file 1 "Middlewares/ST/filex/common/src/fx_unicode_length_get_extended.c"
   1:Middlewares/ST/filex/common/src/fx_unicode_length_get_extended.c **** /**************************************************************************/
   2:Middlewares/ST/filex/common/src/fx_unicode_length_get_extended.c **** /*                                                                        */
   3:Middlewares/ST/filex/common/src/fx_unicode_length_get_extended.c **** /*       Copyright (c) Microsoft Corporation. All rights reserved.        */
   4:Middlewares/ST/filex/common/src/fx_unicode_length_get_extended.c **** /*                                                                        */
   5:Middlewares/ST/filex/common/src/fx_unicode_length_get_extended.c **** /*       This software is licensed under the Microsoft Software License   */
   6:Middlewares/ST/filex/common/src/fx_unicode_length_get_extended.c **** /*       Terms for Microsoft Azure RTOS. Full text of the license can be  */
   7:Middlewares/ST/filex/common/src/fx_unicode_length_get_extended.c **** /*       found in the LICENSE file at https://aka.ms/AzureRTOS_EULA       */
   8:Middlewares/ST/filex/common/src/fx_unicode_length_get_extended.c **** /*       and in the root directory of this software.                      */
   9:Middlewares/ST/filex/common/src/fx_unicode_length_get_extended.c **** /*                                                                        */
  10:Middlewares/ST/filex/common/src/fx_unicode_length_get_extended.c **** /**************************************************************************/
  11:Middlewares/ST/filex/common/src/fx_unicode_length_get_extended.c **** 
  12:Middlewares/ST/filex/common/src/fx_unicode_length_get_extended.c **** 
  13:Middlewares/ST/filex/common/src/fx_unicode_length_get_extended.c **** /**************************************************************************/
  14:Middlewares/ST/filex/common/src/fx_unicode_length_get_extended.c **** /**************************************************************************/
  15:Middlewares/ST/filex/common/src/fx_unicode_length_get_extended.c **** /**                                                                       */
  16:Middlewares/ST/filex/common/src/fx_unicode_length_get_extended.c **** /** FileX Component                                                       */
  17:Middlewares/ST/filex/common/src/fx_unicode_length_get_extended.c **** /**                                                                       */
  18:Middlewares/ST/filex/common/src/fx_unicode_length_get_extended.c **** /**   Unicode                                                             */
  19:Middlewares/ST/filex/common/src/fx_unicode_length_get_extended.c **** /**                                                                       */
  20:Middlewares/ST/filex/common/src/fx_unicode_length_get_extended.c **** /**************************************************************************/
  21:Middlewares/ST/filex/common/src/fx_unicode_length_get_extended.c **** /**************************************************************************/
  22:Middlewares/ST/filex/common/src/fx_unicode_length_get_extended.c **** 
  23:Middlewares/ST/filex/common/src/fx_unicode_length_get_extended.c **** #define FX_SOURCE_CODE
  24:Middlewares/ST/filex/common/src/fx_unicode_length_get_extended.c **** 
  25:Middlewares/ST/filex/common/src/fx_unicode_length_get_extended.c **** 
  26:Middlewares/ST/filex/common/src/fx_unicode_length_get_extended.c **** /* Include necessary system files.  */
  27:Middlewares/ST/filex/common/src/fx_unicode_length_get_extended.c **** 
  28:Middlewares/ST/filex/common/src/fx_unicode_length_get_extended.c **** #include "fx_api.h"
  29:Middlewares/ST/filex/common/src/fx_unicode_length_get_extended.c **** #include "fx_unicode.h"
ARM GAS  C:\Users\HP\AppData\Local\Temp\ccHTkq0d.s 			page 2


  30:Middlewares/ST/filex/common/src/fx_unicode_length_get_extended.c **** 
  31:Middlewares/ST/filex/common/src/fx_unicode_length_get_extended.c **** 
  32:Middlewares/ST/filex/common/src/fx_unicode_length_get_extended.c **** /**************************************************************************/
  33:Middlewares/ST/filex/common/src/fx_unicode_length_get_extended.c **** /*                                                                        */
  34:Middlewares/ST/filex/common/src/fx_unicode_length_get_extended.c **** /*  FUNCTION                                               RELEASE        */
  35:Middlewares/ST/filex/common/src/fx_unicode_length_get_extended.c **** /*                                                                        */
  36:Middlewares/ST/filex/common/src/fx_unicode_length_get_extended.c **** /*    _fx_unicode_length_get_extended                     PORTABLE C      */
  37:Middlewares/ST/filex/common/src/fx_unicode_length_get_extended.c **** /*                                                           6.1          */
  38:Middlewares/ST/filex/common/src/fx_unicode_length_get_extended.c **** /*  AUTHOR                                                                */
  39:Middlewares/ST/filex/common/src/fx_unicode_length_get_extended.c **** /*                                                                        */
  40:Middlewares/ST/filex/common/src/fx_unicode_length_get_extended.c **** /*    William E. Lamie, Microsoft Corporation                             */
  41:Middlewares/ST/filex/common/src/fx_unicode_length_get_extended.c **** /*                                                                        */
  42:Middlewares/ST/filex/common/src/fx_unicode_length_get_extended.c **** /*  DESCRIPTION                                                           */
  43:Middlewares/ST/filex/common/src/fx_unicode_length_get_extended.c **** /*                                                                        */
  44:Middlewares/ST/filex/common/src/fx_unicode_length_get_extended.c **** /*    This function returns the length of the supplied unicode name.      */
  45:Middlewares/ST/filex/common/src/fx_unicode_length_get_extended.c **** /*                                                                        */
  46:Middlewares/ST/filex/common/src/fx_unicode_length_get_extended.c **** /*  INPUT                                                                 */
  47:Middlewares/ST/filex/common/src/fx_unicode_length_get_extended.c **** /*                                                                        */
  48:Middlewares/ST/filex/common/src/fx_unicode_length_get_extended.c **** /*    unicode_name                          Pointer to unicode name       */
  49:Middlewares/ST/filex/common/src/fx_unicode_length_get_extended.c **** /*    buffer_length                         Buffer length for unicode name*/
  50:Middlewares/ST/filex/common/src/fx_unicode_length_get_extended.c **** /*                                                                        */
  51:Middlewares/ST/filex/common/src/fx_unicode_length_get_extended.c **** /*  OUTPUT                                                                */
  52:Middlewares/ST/filex/common/src/fx_unicode_length_get_extended.c **** /*                                                                        */
  53:Middlewares/ST/filex/common/src/fx_unicode_length_get_extended.c **** /*    length                                                              */
  54:Middlewares/ST/filex/common/src/fx_unicode_length_get_extended.c **** /*                                                                        */
  55:Middlewares/ST/filex/common/src/fx_unicode_length_get_extended.c **** /*  CALLS                                                                 */
  56:Middlewares/ST/filex/common/src/fx_unicode_length_get_extended.c **** /*                                                                        */
  57:Middlewares/ST/filex/common/src/fx_unicode_length_get_extended.c **** /*    None                                                                */
  58:Middlewares/ST/filex/common/src/fx_unicode_length_get_extended.c **** /*                                                                        */
  59:Middlewares/ST/filex/common/src/fx_unicode_length_get_extended.c **** /*  CALLED BY                                                             */
  60:Middlewares/ST/filex/common/src/fx_unicode_length_get_extended.c **** /*                                                                        */
  61:Middlewares/ST/filex/common/src/fx_unicode_length_get_extended.c **** /*    Application Code                                                    */
  62:Middlewares/ST/filex/common/src/fx_unicode_length_get_extended.c **** /*                                                                        */
  63:Middlewares/ST/filex/common/src/fx_unicode_length_get_extended.c **** /*  RELEASE HISTORY                                                       */
  64:Middlewares/ST/filex/common/src/fx_unicode_length_get_extended.c **** /*                                                                        */
  65:Middlewares/ST/filex/common/src/fx_unicode_length_get_extended.c **** /*    DATE              NAME                      DESCRIPTION             */
  66:Middlewares/ST/filex/common/src/fx_unicode_length_get_extended.c **** /*                                                                        */
  67:Middlewares/ST/filex/common/src/fx_unicode_length_get_extended.c **** /*  05-19-2020     William E. Lamie         Initial Version 6.0           */
  68:Middlewares/ST/filex/common/src/fx_unicode_length_get_extended.c **** /*  09-30-2020     William E. Lamie         Modified comment(s),          */
  69:Middlewares/ST/filex/common/src/fx_unicode_length_get_extended.c **** /*                                            resulting in version 6.1    */
  70:Middlewares/ST/filex/common/src/fx_unicode_length_get_extended.c **** /*                                                                        */
  71:Middlewares/ST/filex/common/src/fx_unicode_length_get_extended.c **** /**************************************************************************/
  72:Middlewares/ST/filex/common/src/fx_unicode_length_get_extended.c **** ULONG  _fx_unicode_length_get_extended(UCHAR *unicode_name, UINT buffer_length)
  73:Middlewares/ST/filex/common/src/fx_unicode_length_get_extended.c **** {
  30              		.loc 1 73 1 view -0
  31              		.cfi_startproc
  32              		@ args = 0, pretend = 0, frame = 0
  33              		@ frame_needed = 0, uses_anonymous_args = 0
  34              		@ link register save eliminated.
  35              		.loc 1 73 1 is_stmt 0 view .LVU1
  36 0000 8446     		mov	ip, r0
  74:Middlewares/ST/filex/common/src/fx_unicode_length_get_extended.c **** 
  75:Middlewares/ST/filex/common/src/fx_unicode_length_get_extended.c **** ULONG i;
  37              		.loc 1 75 1 is_stmt 1 view .LVU2
  76:Middlewares/ST/filex/common/src/fx_unicode_length_get_extended.c **** ULONG length;
  38              		.loc 1 76 1 view .LVU3
  77:Middlewares/ST/filex/common/src/fx_unicode_length_get_extended.c **** 
ARM GAS  C:\Users\HP\AppData\Local\Temp\ccHTkq0d.s 			page 3


  78:Middlewares/ST/filex/common/src/fx_unicode_length_get_extended.c **** 
  79:Middlewares/ST/filex/common/src/fx_unicode_length_get_extended.c ****     i =  0;
  39              		.loc 1 79 5 view .LVU4
  40              	.LVL1:
  80:Middlewares/ST/filex/common/src/fx_unicode_length_get_extended.c ****     length =  0;
  41              		.loc 1 80 5 view .LVU5
  81:Middlewares/ST/filex/common/src/fx_unicode_length_get_extended.c ****     while (i < buffer_length)
  42              		.loc 1 81 5 view .LVU6
  80:Middlewares/ST/filex/common/src/fx_unicode_length_get_extended.c ****     length =  0;
  43              		.loc 1 80 12 is_stmt 0 view .LVU7
  44 0002 0020     		movs	r0, #0
  45              	.LVL2:
  79:Middlewares/ST/filex/common/src/fx_unicode_length_get_extended.c ****     length =  0;
  46              		.loc 1 79 7 view .LVU8
  47 0004 0346     		mov	r3, r0
  48              		.loc 1 81 11 view .LVU9
  49 0006 01E0     		b	.L2
  50              	.LVL3:
  51              	.L3:
  82:Middlewares/ST/filex/common/src/fx_unicode_length_get_extended.c ****     {
  83:Middlewares/ST/filex/common/src/fx_unicode_length_get_extended.c **** 
  84:Middlewares/ST/filex/common/src/fx_unicode_length_get_extended.c ****         /* See if we are at the end of the unicode string...  This assumes that there is a NULL at 
  85:Middlewares/ST/filex/common/src/fx_unicode_length_get_extended.c ****         if ((unicode_name[i] == 0) && (unicode_name[i + 1] == 0))
  86:Middlewares/ST/filex/common/src/fx_unicode_length_get_extended.c ****         {
  87:Middlewares/ST/filex/common/src/fx_unicode_length_get_extended.c ****             break;
  88:Middlewares/ST/filex/common/src/fx_unicode_length_get_extended.c ****         }
  89:Middlewares/ST/filex/common/src/fx_unicode_length_get_extended.c **** 
  90:Middlewares/ST/filex/common/src/fx_unicode_length_get_extended.c ****         /* Increment index.  */
  91:Middlewares/ST/filex/common/src/fx_unicode_length_get_extended.c ****         i =  i + 2;
  52              		.loc 1 91 9 is_stmt 1 view .LVU10
  53              		.loc 1 91 11 is_stmt 0 view .LVU11
  54 0008 0233     		adds	r3, r3, #2
  55              	.LVL4:
  92:Middlewares/ST/filex/common/src/fx_unicode_length_get_extended.c **** 
  93:Middlewares/ST/filex/common/src/fx_unicode_length_get_extended.c ****         /* Increment the length.  */
  94:Middlewares/ST/filex/common/src/fx_unicode_length_get_extended.c ****         length++;
  56              		.loc 1 94 9 is_stmt 1 view .LVU12
  57              		.loc 1 94 15 is_stmt 0 view .LVU13
  58 000a 0130     		adds	r0, r0, #1
  59              	.LVL5:
  60              	.L2:
  81:Middlewares/ST/filex/common/src/fx_unicode_length_get_extended.c ****     {
  61              		.loc 1 81 11 is_stmt 1 view .LVU14
  62 000c 8B42     		cmp	r3, r1
  63 000e 08D2     		bcs	.L1
  85:Middlewares/ST/filex/common/src/fx_unicode_length_get_extended.c ****         {
  64              		.loc 1 85 9 view .LVU15
  85:Middlewares/ST/filex/common/src/fx_unicode_length_get_extended.c ****         {
  65              		.loc 1 85 26 is_stmt 0 view .LVU16
  66 0010 1CF80320 		ldrb	r2, [ip, r3]	@ zero_extendqisi2
  85:Middlewares/ST/filex/common/src/fx_unicode_length_get_extended.c ****         {
  67              		.loc 1 85 12 view .LVU17
  68 0014 002A     		cmp	r2, #0
  69 0016 F7D1     		bne	.L3
  85:Middlewares/ST/filex/common/src/fx_unicode_length_get_extended.c ****         {
  70              		.loc 1 85 52 discriminator 1 view .LVU18
  71 0018 0CEB0302 		add	r2, ip, r3
ARM GAS  C:\Users\HP\AppData\Local\Temp\ccHTkq0d.s 			page 4


  72 001c 5278     		ldrb	r2, [r2, #1]	@ zero_extendqisi2
  85:Middlewares/ST/filex/common/src/fx_unicode_length_get_extended.c ****         {
  73              		.loc 1 85 36 discriminator 1 view .LVU19
  74 001e 002A     		cmp	r2, #0
  75 0020 F2D1     		bne	.L3
  76              	.L1:
  95:Middlewares/ST/filex/common/src/fx_unicode_length_get_extended.c ****     }
  96:Middlewares/ST/filex/common/src/fx_unicode_length_get_extended.c **** 
  97:Middlewares/ST/filex/common/src/fx_unicode_length_get_extended.c ****     /* If trace is enabled, insert this event into the trace buffer.  */
  98:Middlewares/ST/filex/common/src/fx_unicode_length_get_extended.c ****     FX_TRACE_IN_LINE_INSERT(FX_TRACE_UNICODE_LENGTH_GET, unicode_name, length, 0, 0, FX_TRACE_FILE_
  99:Middlewares/ST/filex/common/src/fx_unicode_length_get_extended.c **** 
 100:Middlewares/ST/filex/common/src/fx_unicode_length_get_extended.c ****     /* Return length.  */
 101:Middlewares/ST/filex/common/src/fx_unicode_length_get_extended.c ****     return(length);
 102:Middlewares/ST/filex/common/src/fx_unicode_length_get_extended.c **** }
  77              		.loc 1 102 1 view .LVU20
  78 0022 7047     		bx	lr
  79              		.cfi_endproc
  80              	.LFE8:
  82              		.text
  83              	.Letext0:
  84              		.file 2 "Middlewares/ST/threadx/ports/cortex_m4/gnu/inc/tx_port.h"
ARM GAS  C:\Users\HP\AppData\Local\Temp\ccHTkq0d.s 			page 5


DEFINED SYMBOLS
                            *ABS*:00000000 fx_unicode_length_get_extended.c
C:\Users\HP\AppData\Local\Temp\ccHTkq0d.s:20     .text._fx_unicode_length_get_extended:00000000 $t
C:\Users\HP\AppData\Local\Temp\ccHTkq0d.s:26     .text._fx_unicode_length_get_extended:00000000 _fx_unicode_length_get_extended

NO UNDEFINED SYMBOLS
