ARM GAS  C:\Users\HP\AppData\Local\Temp\ccd6wrRb.s 			page 1


   1              		.cpu cortex-m4
   2              		.arch armv7e-m
   3              		.fpu fpv4-sp-d16
   4              		.eabi_attribute 27, 1
   5              		.eabi_attribute 28, 1
   6              		.eabi_attribute 20, 1
   7              		.eabi_attribute 21, 1
   8              		.eabi_attribute 23, 3
   9              		.eabi_attribute 24, 1
  10              		.eabi_attribute 25, 1
  11              		.eabi_attribute 26, 1
  12              		.eabi_attribute 30, 1
  13              		.eabi_attribute 34, 1
  14              		.eabi_attribute 18, 4
  15              		.file	"fx_unicode_short_name_get_extended.c"
  16              		.text
  17              	.Ltext0:
  18              		.cfi_sections	.debug_frame
  19              		.section	.text._fx_unicode_short_name_get_extended,"ax",%progbits
  20              		.align	1
  21              		.global	_fx_unicode_short_name_get_extended
  22              		.syntax unified
  23              		.thumb
  24              		.thumb_func
  26              	_fx_unicode_short_name_get_extended:
  27              	.LVL0:
  28              	.LFB8:
  29              		.file 1 "Middlewares/ST/filex/common/src/fx_unicode_short_name_get_extended.c"
   1:Middlewares/ST/filex/common/src/fx_unicode_short_name_get_extended.c **** /**************************************************************************/
   2:Middlewares/ST/filex/common/src/fx_unicode_short_name_get_extended.c **** /*                                                                        */
   3:Middlewares/ST/filex/common/src/fx_unicode_short_name_get_extended.c **** /*       Copyright (c) Microsoft Corporation. All rights reserved.        */
   4:Middlewares/ST/filex/common/src/fx_unicode_short_name_get_extended.c **** /*                                                                        */
   5:Middlewares/ST/filex/common/src/fx_unicode_short_name_get_extended.c **** /*       This software is licensed under the Microsoft Software License   */
   6:Middlewares/ST/filex/common/src/fx_unicode_short_name_get_extended.c **** /*       Terms for Microsoft Azure RTOS. Full text of the license can be  */
   7:Middlewares/ST/filex/common/src/fx_unicode_short_name_get_extended.c **** /*       found in the LICENSE file at https://aka.ms/AzureRTOS_EULA       */
   8:Middlewares/ST/filex/common/src/fx_unicode_short_name_get_extended.c **** /*       and in the root directory of this software.                      */
   9:Middlewares/ST/filex/common/src/fx_unicode_short_name_get_extended.c **** /*                                                                        */
  10:Middlewares/ST/filex/common/src/fx_unicode_short_name_get_extended.c **** /**************************************************************************/
  11:Middlewares/ST/filex/common/src/fx_unicode_short_name_get_extended.c **** 
  12:Middlewares/ST/filex/common/src/fx_unicode_short_name_get_extended.c **** 
  13:Middlewares/ST/filex/common/src/fx_unicode_short_name_get_extended.c **** /**************************************************************************/
  14:Middlewares/ST/filex/common/src/fx_unicode_short_name_get_extended.c **** /**************************************************************************/
  15:Middlewares/ST/filex/common/src/fx_unicode_short_name_get_extended.c **** /**                                                                       */
  16:Middlewares/ST/filex/common/src/fx_unicode_short_name_get_extended.c **** /** FileX Component                                                       */
  17:Middlewares/ST/filex/common/src/fx_unicode_short_name_get_extended.c **** /**                                                                       */
  18:Middlewares/ST/filex/common/src/fx_unicode_short_name_get_extended.c **** /**   Unicode                                                             */
  19:Middlewares/ST/filex/common/src/fx_unicode_short_name_get_extended.c **** /**                                                                       */
  20:Middlewares/ST/filex/common/src/fx_unicode_short_name_get_extended.c **** /**************************************************************************/
  21:Middlewares/ST/filex/common/src/fx_unicode_short_name_get_extended.c **** /**************************************************************************/
  22:Middlewares/ST/filex/common/src/fx_unicode_short_name_get_extended.c **** 
  23:Middlewares/ST/filex/common/src/fx_unicode_short_name_get_extended.c **** #define FX_SOURCE_CODE
  24:Middlewares/ST/filex/common/src/fx_unicode_short_name_get_extended.c **** 
  25:Middlewares/ST/filex/common/src/fx_unicode_short_name_get_extended.c **** 
  26:Middlewares/ST/filex/common/src/fx_unicode_short_name_get_extended.c **** /* Include necessary system files.  */
  27:Middlewares/ST/filex/common/src/fx_unicode_short_name_get_extended.c **** 
  28:Middlewares/ST/filex/common/src/fx_unicode_short_name_get_extended.c **** #include "fx_api.h"
  29:Middlewares/ST/filex/common/src/fx_unicode_short_name_get_extended.c **** #include "fx_unicode.h"
ARM GAS  C:\Users\HP\AppData\Local\Temp\ccd6wrRb.s 			page 2


  30:Middlewares/ST/filex/common/src/fx_unicode_short_name_get_extended.c **** 
  31:Middlewares/ST/filex/common/src/fx_unicode_short_name_get_extended.c **** 
  32:Middlewares/ST/filex/common/src/fx_unicode_short_name_get_extended.c **** /**************************************************************************/
  33:Middlewares/ST/filex/common/src/fx_unicode_short_name_get_extended.c **** /*                                                                        */
  34:Middlewares/ST/filex/common/src/fx_unicode_short_name_get_extended.c **** /*  FUNCTION                                               RELEASE        */
  35:Middlewares/ST/filex/common/src/fx_unicode_short_name_get_extended.c **** /*                                                                        */
  36:Middlewares/ST/filex/common/src/fx_unicode_short_name_get_extended.c **** /*    _fx_unicode_short_name_get_extended                 PORTABLE C      */
  37:Middlewares/ST/filex/common/src/fx_unicode_short_name_get_extended.c **** /*                                                           6.1          */
  38:Middlewares/ST/filex/common/src/fx_unicode_short_name_get_extended.c **** /*  AUTHOR                                                                */
  39:Middlewares/ST/filex/common/src/fx_unicode_short_name_get_extended.c **** /*                                                                        */
  40:Middlewares/ST/filex/common/src/fx_unicode_short_name_get_extended.c **** /*    William E. Lamie, Microsoft Corporation                             */
  41:Middlewares/ST/filex/common/src/fx_unicode_short_name_get_extended.c **** /*                                                                        */
  42:Middlewares/ST/filex/common/src/fx_unicode_short_name_get_extended.c **** /*  DESCRIPTION                                                           */
  43:Middlewares/ST/filex/common/src/fx_unicode_short_name_get_extended.c **** /*                                                                        */
  44:Middlewares/ST/filex/common/src/fx_unicode_short_name_get_extended.c **** /*    This function finds the short name associated with the supplied     */
  45:Middlewares/ST/filex/common/src/fx_unicode_short_name_get_extended.c **** /*    unicode name.                                                       */
  46:Middlewares/ST/filex/common/src/fx_unicode_short_name_get_extended.c **** /*                                                                        */
  47:Middlewares/ST/filex/common/src/fx_unicode_short_name_get_extended.c **** /*  INPUT                                                                 */
  48:Middlewares/ST/filex/common/src/fx_unicode_short_name_get_extended.c **** /*                                                                        */
  49:Middlewares/ST/filex/common/src/fx_unicode_short_name_get_extended.c **** /*    media_ptr                             Pointer to media              */
  50:Middlewares/ST/filex/common/src/fx_unicode_short_name_get_extended.c **** /*    source_unicode_name                   Pointer to unicode name       */
  51:Middlewares/ST/filex/common/src/fx_unicode_short_name_get_extended.c **** /*    source_unicode_length                 Length of unicode name        */
  52:Middlewares/ST/filex/common/src/fx_unicode_short_name_get_extended.c **** /*    destination_short_name                Pointer to destination name   */
  53:Middlewares/ST/filex/common/src/fx_unicode_short_name_get_extended.c **** /*    short_name_buffer_length              Buffer length of short name   */
  54:Middlewares/ST/filex/common/src/fx_unicode_short_name_get_extended.c **** /*                                                                        */
  55:Middlewares/ST/filex/common/src/fx_unicode_short_name_get_extended.c **** /*  OUTPUT                                                                */
  56:Middlewares/ST/filex/common/src/fx_unicode_short_name_get_extended.c **** /*                                                                        */
  57:Middlewares/ST/filex/common/src/fx_unicode_short_name_get_extended.c **** /*    Completion Status                                                   */
  58:Middlewares/ST/filex/common/src/fx_unicode_short_name_get_extended.c **** /*                                                                        */
  59:Middlewares/ST/filex/common/src/fx_unicode_short_name_get_extended.c **** /*  CALLS                                                                 */
  60:Middlewares/ST/filex/common/src/fx_unicode_short_name_get_extended.c **** /*                                                                        */
  61:Middlewares/ST/filex/common/src/fx_unicode_short_name_get_extended.c **** /*    _fx_unicode_directory_search          Search for unicode name       */
  62:Middlewares/ST/filex/common/src/fx_unicode_short_name_get_extended.c **** /*                                                                        */
  63:Middlewares/ST/filex/common/src/fx_unicode_short_name_get_extended.c **** /*  CALLED BY                                                             */
  64:Middlewares/ST/filex/common/src/fx_unicode_short_name_get_extended.c **** /*                                                                        */
  65:Middlewares/ST/filex/common/src/fx_unicode_short_name_get_extended.c **** /*    Application Code                                                    */
  66:Middlewares/ST/filex/common/src/fx_unicode_short_name_get_extended.c **** /*                                                                        */
  67:Middlewares/ST/filex/common/src/fx_unicode_short_name_get_extended.c **** /*  RELEASE HISTORY                                                       */
  68:Middlewares/ST/filex/common/src/fx_unicode_short_name_get_extended.c **** /*                                                                        */
  69:Middlewares/ST/filex/common/src/fx_unicode_short_name_get_extended.c **** /*    DATE              NAME                      DESCRIPTION             */
  70:Middlewares/ST/filex/common/src/fx_unicode_short_name_get_extended.c **** /*                                                                        */
  71:Middlewares/ST/filex/common/src/fx_unicode_short_name_get_extended.c **** /*  05-19-2020     William E. Lamie         Initial Version 6.0           */
  72:Middlewares/ST/filex/common/src/fx_unicode_short_name_get_extended.c **** /*  09-30-2020     William E. Lamie         Modified comment(s),          */
  73:Middlewares/ST/filex/common/src/fx_unicode_short_name_get_extended.c **** /*                                            resulting in version 6.1    */
  74:Middlewares/ST/filex/common/src/fx_unicode_short_name_get_extended.c **** /*                                                                        */
  75:Middlewares/ST/filex/common/src/fx_unicode_short_name_get_extended.c **** /**************************************************************************/
  76:Middlewares/ST/filex/common/src/fx_unicode_short_name_get_extended.c **** UINT  _fx_unicode_short_name_get_extended(FX_MEDIA *media_ptr, UCHAR *source_unicode_name, ULONG so
  77:Middlewares/ST/filex/common/src/fx_unicode_short_name_get_extended.c ****                                  CHAR *destination_short_name, ULONG short_name_buffer_length)
  78:Middlewares/ST/filex/common/src/fx_unicode_short_name_get_extended.c **** {
  30              		.loc 1 78 1 view -0
  31              		.cfi_startproc
  32              		@ args = 4, pretend = 0, frame = 120
  33              		@ frame_needed = 0, uses_anonymous_args = 0
  34              		.loc 1 78 1 is_stmt 0 view .LVU1
  35 0000 F0B5     		push	{r4, r5, r6, r7, lr}
  36              	.LCFI0:
  37              		.cfi_def_cfa_offset 20
ARM GAS  C:\Users\HP\AppData\Local\Temp\ccd6wrRb.s 			page 3


  38              		.cfi_offset 4, -20
  39              		.cfi_offset 5, -16
  40              		.cfi_offset 6, -12
  41              		.cfi_offset 7, -8
  42              		.cfi_offset 14, -4
  43 0002 A3B0     		sub	sp, sp, #140
  44              	.LCFI1:
  45              		.cfi_def_cfa_offset 160
  46 0004 0446     		mov	r4, r0
  47 0006 0D46     		mov	r5, r1
  79:Middlewares/ST/filex/common/src/fx_unicode_short_name_get_extended.c **** 
  80:Middlewares/ST/filex/common/src/fx_unicode_short_name_get_extended.c **** UINT         status;
  48              		.loc 1 80 1 is_stmt 1 view .LVU2
  81:Middlewares/ST/filex/common/src/fx_unicode_short_name_get_extended.c **** ULONG        temp_unicode_length;
  49              		.loc 1 81 1 view .LVU3
  82:Middlewares/ST/filex/common/src/fx_unicode_short_name_get_extended.c **** FX_DIR_ENTRY dir_entry;
  50              		.loc 1 82 1 view .LVU4
  83:Middlewares/ST/filex/common/src/fx_unicode_short_name_get_extended.c **** 
  84:Middlewares/ST/filex/common/src/fx_unicode_short_name_get_extended.c **** 
  85:Middlewares/ST/filex/common/src/fx_unicode_short_name_get_extended.c ****     /* Setup pointer to media name buffer.  */
  86:Middlewares/ST/filex/common/src/fx_unicode_short_name_get_extended.c ****     dir_entry.fx_dir_entry_name =  media_ptr -> fx_media_name_buffer + FX_MAX_LONG_NAME_LEN;
  51              		.loc 1 86 5 view .LVU5
  52              		.loc 1 86 70 is_stmt 0 view .LVU6
  53 0008 00F69C11 		addw	r1, r0, #2460
  54              	.LVL1:
  55              		.loc 1 86 33 view .LVU7
  56 000c 0491     		str	r1, [sp, #16]
  87:Middlewares/ST/filex/common/src/fx_unicode_short_name_get_extended.c **** 
  88:Middlewares/ST/filex/common/src/fx_unicode_short_name_get_extended.c ****     /* Clear the short name string.  */
  89:Middlewares/ST/filex/common/src/fx_unicode_short_name_get_extended.c ****     dir_entry.fx_dir_entry_short_name[0] =  0;
  57              		.loc 1 89 5 is_stmt 1 view .LVU8
  58              		.loc 1 89 42 is_stmt 0 view .LVU9
  59 000e 0021     		movs	r1, #0
  60 0010 8DF81410 		strb	r1, [sp, #20]
  90:Middlewares/ST/filex/common/src/fx_unicode_short_name_get_extended.c **** 
  91:Middlewares/ST/filex/common/src/fx_unicode_short_name_get_extended.c ****     /* Check the media to make sure it is open.  */
  92:Middlewares/ST/filex/common/src/fx_unicode_short_name_get_extended.c ****     if (media_ptr -> fx_media_id != FX_MEDIA_ID)
  61              		.loc 1 92 5 is_stmt 1 view .LVU10
  62              		.loc 1 92 19 is_stmt 0 view .LVU11
  63 0014 0068     		ldr	r0, [r0]
  64              	.LVL2:
  65              		.loc 1 92 8 view .LVU12
  66 0016 1549     		ldr	r1, .L8
  67 0018 8842     		cmp	r0, r1
  68 001a 20D1     		bne	.L3
  69 001c 1E46     		mov	r6, r3
  93:Middlewares/ST/filex/common/src/fx_unicode_short_name_get_extended.c ****     {
  94:Middlewares/ST/filex/common/src/fx_unicode_short_name_get_extended.c **** 
  95:Middlewares/ST/filex/common/src/fx_unicode_short_name_get_extended.c ****         /* Return the media not opened error.  */
  96:Middlewares/ST/filex/common/src/fx_unicode_short_name_get_extended.c ****         return(FX_MEDIA_NOT_OPEN);
  97:Middlewares/ST/filex/common/src/fx_unicode_short_name_get_extended.c ****     }
  98:Middlewares/ST/filex/common/src/fx_unicode_short_name_get_extended.c **** 
  99:Middlewares/ST/filex/common/src/fx_unicode_short_name_get_extended.c **** #ifdef FX_ENABLE_EXFAT
 100:Middlewares/ST/filex/common/src/fx_unicode_short_name_get_extended.c ****     /* Check if media format is exFAT.  */
 101:Middlewares/ST/filex/common/src/fx_unicode_short_name_get_extended.c ****     if (media_ptr -> fx_media_FAT_type == FX_exFAT)
 102:Middlewares/ST/filex/common/src/fx_unicode_short_name_get_extended.c ****     {
 103:Middlewares/ST/filex/common/src/fx_unicode_short_name_get_extended.c **** 
ARM GAS  C:\Users\HP\AppData\Local\Temp\ccd6wrRb.s 			page 4


 104:Middlewares/ST/filex/common/src/fx_unicode_short_name_get_extended.c ****         /* Return the not implemented error.  */
 105:Middlewares/ST/filex/common/src/fx_unicode_short_name_get_extended.c ****         return(FX_NOT_IMPLEMENTED);
 106:Middlewares/ST/filex/common/src/fx_unicode_short_name_get_extended.c ****     }
 107:Middlewares/ST/filex/common/src/fx_unicode_short_name_get_extended.c **** #endif
 108:Middlewares/ST/filex/common/src/fx_unicode_short_name_get_extended.c **** 
 109:Middlewares/ST/filex/common/src/fx_unicode_short_name_get_extended.c ****     /* Null terminate the short return name.  */
 110:Middlewares/ST/filex/common/src/fx_unicode_short_name_get_extended.c ****     destination_short_name[0] =  (UCHAR)0;
  70              		.loc 1 110 5 is_stmt 1 view .LVU13
  71              		.loc 1 110 31 is_stmt 0 view .LVU14
  72 001e 0023     		movs	r3, #0
  73              	.LVL3:
  74              		.loc 1 110 31 view .LVU15
  75 0020 3370     		strb	r3, [r6]
 111:Middlewares/ST/filex/common/src/fx_unicode_short_name_get_extended.c **** 
 112:Middlewares/ST/filex/common/src/fx_unicode_short_name_get_extended.c ****     /* Setup temporary unicode name length for search call.  */
 113:Middlewares/ST/filex/common/src/fx_unicode_short_name_get_extended.c ****     temp_unicode_length =  source_unicode_length;
  76              		.loc 1 113 5 is_stmt 1 view .LVU16
  77              		.loc 1 113 25 is_stmt 0 view .LVU17
  78 0022 2192     		str	r2, [sp, #132]
 114:Middlewares/ST/filex/common/src/fx_unicode_short_name_get_extended.c **** 
 115:Middlewares/ST/filex/common/src/fx_unicode_short_name_get_extended.c ****     /* If trace is enabled, insert this event into the trace buffer.  */
 116:Middlewares/ST/filex/common/src/fx_unicode_short_name_get_extended.c ****     FX_TRACE_IN_LINE_INSERT(FX_TRACE_UNICODE_SHORT_NAME_GET, media_ptr, source_unicode_name, source
 117:Middlewares/ST/filex/common/src/fx_unicode_short_name_get_extended.c **** 
 118:Middlewares/ST/filex/common/src/fx_unicode_short_name_get_extended.c ****     /* Protect against other threads accessing the media.  */
 119:Middlewares/ST/filex/common/src/fx_unicode_short_name_get_extended.c ****     FX_PROTECT
  79              		.loc 1 119 5 is_stmt 1 view .LVU18
  80 0024 2268     		ldr	r2, [r4]
  81              	.LVL4:
  82              		.loc 1 119 5 is_stmt 0 view .LVU19
  83 0026 8A42     		cmp	r2, r1
  84 0028 01D0     		beq	.L7
  85 002a 1124     		movs	r4, #17
  86              	.LVL5:
  87              		.loc 1 119 5 view .LVU20
  88 002c 18E0     		b	.L1
  89              	.LVL6:
  90              	.L7:
  91              		.loc 1 119 5 is_stmt 1 discriminator 2 view .LVU21
  92 002e 04F5E477 		add	r7, r4, #456
  93 0032 4FF0FF31 		mov	r1, #-1
  94 0036 3846     		mov	r0, r7
  95 0038 FFF7FEFF 		bl	_tx_mutex_get
  96              	.LVL7:
  97              		.loc 1 119 5 is_stmt 0 discriminator 2 view .LVU22
  98 003c 98B9     		cbnz	r0, .L5
 120:Middlewares/ST/filex/common/src/fx_unicode_short_name_get_extended.c **** 
 121:Middlewares/ST/filex/common/src/fx_unicode_short_name_get_extended.c ****     /* Search the system for the supplied short name and return the unicode name if there is a matc
 122:Middlewares/ST/filex/common/src/fx_unicode_short_name_get_extended.c ****     status =  _fx_unicode_directory_search(media_ptr, &dir_entry, (UCHAR *)destination_short_name, 
  99              		.loc 1 122 5 is_stmt 1 view .LVU23
 100              		.loc 1 122 15 is_stmt 0 view .LVU24
 101 003e 0023     		movs	r3, #0
 102 0040 0293     		str	r3, [sp, #8]
 103 0042 21AB     		add	r3, sp, #132
 104 0044 0193     		str	r3, [sp, #4]
 105 0046 0095     		str	r5, [sp]
 106 0048 289B     		ldr	r3, [sp, #160]
 107 004a 3246     		mov	r2, r6
ARM GAS  C:\Users\HP\AppData\Local\Temp\ccd6wrRb.s 			page 5


 108 004c 04A9     		add	r1, sp, #16
 109 004e 2046     		mov	r0, r4
 110 0050 FFF7FEFF 		bl	_fx_unicode_directory_search
 111              	.LVL8:
 112 0054 0446     		mov	r4, r0
 113              	.LVL9:
 123:Middlewares/ST/filex/common/src/fx_unicode_short_name_get_extended.c **** 
 124:Middlewares/ST/filex/common/src/fx_unicode_short_name_get_extended.c ****     /* Release media protection.  */
 125:Middlewares/ST/filex/common/src/fx_unicode_short_name_get_extended.c ****     FX_UNPROTECT
 114              		.loc 1 125 5 is_stmt 1 view .LVU25
 115 0056 3846     		mov	r0, r7
 116              	.LVL10:
 117              		.loc 1 125 5 is_stmt 0 view .LVU26
 118 0058 FFF7FEFF 		bl	_tx_mutex_put
 119              	.LVL11:
 126:Middlewares/ST/filex/common/src/fx_unicode_short_name_get_extended.c **** 
 127:Middlewares/ST/filex/common/src/fx_unicode_short_name_get_extended.c ****     /* Return successful completion status.  */
 128:Middlewares/ST/filex/common/src/fx_unicode_short_name_get_extended.c ****     return(status);
 120              		.loc 1 128 5 is_stmt 1 view .LVU27
 121              		.loc 1 128 11 is_stmt 0 view .LVU28
 122 005c 00E0     		b	.L1
 123              	.LVL12:
 124              	.L3:
  96:Middlewares/ST/filex/common/src/fx_unicode_short_name_get_extended.c ****     }
 125              		.loc 1 96 15 view .LVU29
 126 005e 1124     		movs	r4, #17
 127              	.LVL13:
 128              	.L1:
 129:Middlewares/ST/filex/common/src/fx_unicode_short_name_get_extended.c **** }
 129              		.loc 1 129 1 view .LVU30
 130 0060 2046     		mov	r0, r4
 131 0062 23B0     		add	sp, sp, #140
 132              	.LCFI2:
 133              		.cfi_remember_state
 134              		.cfi_def_cfa_offset 20
 135              		@ sp needed
 136 0064 F0BD     		pop	{r4, r5, r6, r7, pc}
 137              	.LVL14:
 138              	.L5:
 139              	.LCFI3:
 140              		.cfi_restore_state
 119:Middlewares/ST/filex/common/src/fx_unicode_short_name_get_extended.c **** 
 141              		.loc 1 119 5 view .LVU31
 142 0066 1124     		movs	r4, #17
 143              	.LVL15:
 119:Middlewares/ST/filex/common/src/fx_unicode_short_name_get_extended.c **** 
 144              		.loc 1 119 5 view .LVU32
 145 0068 FAE7     		b	.L1
 146              	.L9:
 147 006a 00BF     		.align	2
 148              	.L8:
 149 006c 4944454D 		.word	1296385097
 150              		.cfi_endproc
 151              	.LFE8:
 153              		.text
 154              	.Letext0:
 155              		.file 2 "Middlewares/ST/threadx/ports/cortex_m4/gnu/inc/tx_port.h"
ARM GAS  C:\Users\HP\AppData\Local\Temp\ccd6wrRb.s 			page 6


 156              		.file 3 "Middlewares/ST/threadx/common/inc/tx_api.h"
 157              		.file 4 "Middlewares/ST/filex/common/inc/fx_api.h"
 158              		.file 5 "Middlewares/ST/filex/common/inc/fx_unicode.h"
ARM GAS  C:\Users\HP\AppData\Local\Temp\ccd6wrRb.s 			page 7


DEFINED SYMBOLS
                            *ABS*:00000000 fx_unicode_short_name_get_extended.c
C:\Users\HP\AppData\Local\Temp\ccd6wrRb.s:20     .text._fx_unicode_short_name_get_extended:00000000 $t
C:\Users\HP\AppData\Local\Temp\ccd6wrRb.s:26     .text._fx_unicode_short_name_get_extended:00000000 _fx_unicode_short_name_get_extended
C:\Users\HP\AppData\Local\Temp\ccd6wrRb.s:149    .text._fx_unicode_short_name_get_extended:0000006c $d

UNDEFINED SYMBOLS
_tx_mutex_get
_fx_unicode_directory_search
_tx_mutex_put
