ARM GAS  C:\Users\HP\AppData\Local\Temp\ccNVrgfQ.s 			page 1


   1              		.cpu cortex-m4
   2              		.arch armv7e-m
   3              		.fpu fpv4-sp-d16
   4              		.eabi_attribute 27, 1
   5              		.eabi_attribute 28, 1
   6              		.eabi_attribute 20, 1
   7              		.eabi_attribute 21, 1
   8              		.eabi_attribute 23, 3
   9              		.eabi_attribute 24, 1
  10              		.eabi_attribute 25, 1
  11              		.eabi_attribute 26, 1
  12              		.eabi_attribute 30, 1
  13              		.eabi_attribute 34, 1
  14              		.eabi_attribute 18, 4
  15              		.file	"fx_unicode_directory_rename.c"
  16              		.text
  17              	.Ltext0:
  18              		.cfi_sections	.debug_frame
  19              		.section	.text._fx_unicode_directory_rename,"ax",%progbits
  20              		.align	1
  21              		.global	_fx_unicode_directory_rename
  22              		.syntax unified
  23              		.thumb
  24              		.thumb_func
  26              	_fx_unicode_directory_rename:
  27              	.LVL0:
  28              	.LFB8:
  29              		.file 1 "Middlewares/ST/filex/common/src/fx_unicode_directory_rename.c"
   1:Middlewares/ST/filex/common/src/fx_unicode_directory_rename.c **** /**************************************************************************/
   2:Middlewares/ST/filex/common/src/fx_unicode_directory_rename.c **** /*                                                                        */
   3:Middlewares/ST/filex/common/src/fx_unicode_directory_rename.c **** /*       Copyright (c) Microsoft Corporation. All rights reserved.        */
   4:Middlewares/ST/filex/common/src/fx_unicode_directory_rename.c **** /*                                                                        */
   5:Middlewares/ST/filex/common/src/fx_unicode_directory_rename.c **** /*       This software is licensed under the Microsoft Software License   */
   6:Middlewares/ST/filex/common/src/fx_unicode_directory_rename.c **** /*       Terms for Microsoft Azure RTOS. Full text of the license can be  */
   7:Middlewares/ST/filex/common/src/fx_unicode_directory_rename.c **** /*       found in the LICENSE file at https://aka.ms/AzureRTOS_EULA       */
   8:Middlewares/ST/filex/common/src/fx_unicode_directory_rename.c **** /*       and in the root directory of this software.                      */
   9:Middlewares/ST/filex/common/src/fx_unicode_directory_rename.c **** /*                                                                        */
  10:Middlewares/ST/filex/common/src/fx_unicode_directory_rename.c **** /**************************************************************************/
  11:Middlewares/ST/filex/common/src/fx_unicode_directory_rename.c **** 
  12:Middlewares/ST/filex/common/src/fx_unicode_directory_rename.c **** 
  13:Middlewares/ST/filex/common/src/fx_unicode_directory_rename.c **** /**************************************************************************/
  14:Middlewares/ST/filex/common/src/fx_unicode_directory_rename.c **** /**************************************************************************/
  15:Middlewares/ST/filex/common/src/fx_unicode_directory_rename.c **** /**                                                                       */
  16:Middlewares/ST/filex/common/src/fx_unicode_directory_rename.c **** /** FileX Component                                                       */
  17:Middlewares/ST/filex/common/src/fx_unicode_directory_rename.c **** /**                                                                       */
  18:Middlewares/ST/filex/common/src/fx_unicode_directory_rename.c **** /**   Unicode                                                             */
  19:Middlewares/ST/filex/common/src/fx_unicode_directory_rename.c **** /**                                                                       */
  20:Middlewares/ST/filex/common/src/fx_unicode_directory_rename.c **** /**************************************************************************/
  21:Middlewares/ST/filex/common/src/fx_unicode_directory_rename.c **** /**************************************************************************/
  22:Middlewares/ST/filex/common/src/fx_unicode_directory_rename.c **** 
  23:Middlewares/ST/filex/common/src/fx_unicode_directory_rename.c **** #define FX_SOURCE_CODE
  24:Middlewares/ST/filex/common/src/fx_unicode_directory_rename.c **** 
  25:Middlewares/ST/filex/common/src/fx_unicode_directory_rename.c **** 
  26:Middlewares/ST/filex/common/src/fx_unicode_directory_rename.c **** /* Include necessary system files.  */
  27:Middlewares/ST/filex/common/src/fx_unicode_directory_rename.c **** 
  28:Middlewares/ST/filex/common/src/fx_unicode_directory_rename.c **** #include "fx_api.h"
  29:Middlewares/ST/filex/common/src/fx_unicode_directory_rename.c **** #include "fx_unicode.h"
ARM GAS  C:\Users\HP\AppData\Local\Temp\ccNVrgfQ.s 			page 2


  30:Middlewares/ST/filex/common/src/fx_unicode_directory_rename.c **** #include "fx_directory.h"
  31:Middlewares/ST/filex/common/src/fx_unicode_directory_rename.c **** #include "fx_utility.h"
  32:Middlewares/ST/filex/common/src/fx_unicode_directory_rename.c **** #ifdef FX_ENABLE_FAULT_TOLERANT
  33:Middlewares/ST/filex/common/src/fx_unicode_directory_rename.c **** #include "fx_fault_tolerant.h"
  34:Middlewares/ST/filex/common/src/fx_unicode_directory_rename.c **** #endif /* FX_ENABLE_FAULT_TOLERANT */
  35:Middlewares/ST/filex/common/src/fx_unicode_directory_rename.c **** 
  36:Middlewares/ST/filex/common/src/fx_unicode_directory_rename.c **** 
  37:Middlewares/ST/filex/common/src/fx_unicode_directory_rename.c **** /**************************************************************************/
  38:Middlewares/ST/filex/common/src/fx_unicode_directory_rename.c **** /*                                                                        */
  39:Middlewares/ST/filex/common/src/fx_unicode_directory_rename.c **** /*  FUNCTION                                               RELEASE        */
  40:Middlewares/ST/filex/common/src/fx_unicode_directory_rename.c **** /*                                                                        */
  41:Middlewares/ST/filex/common/src/fx_unicode_directory_rename.c **** /*    _fx_unicode_directory_rename                        PORTABLE C      */
  42:Middlewares/ST/filex/common/src/fx_unicode_directory_rename.c **** /*                                                           6.1          */
  43:Middlewares/ST/filex/common/src/fx_unicode_directory_rename.c **** /*  AUTHOR                                                                */
  44:Middlewares/ST/filex/common/src/fx_unicode_directory_rename.c **** /*                                                                        */
  45:Middlewares/ST/filex/common/src/fx_unicode_directory_rename.c **** /*    William E. Lamie, Microsoft Corporation                             */
  46:Middlewares/ST/filex/common/src/fx_unicode_directory_rename.c **** /*                                                                        */
  47:Middlewares/ST/filex/common/src/fx_unicode_directory_rename.c **** /*  DESCRIPTION                                                           */
  48:Middlewares/ST/filex/common/src/fx_unicode_directory_rename.c **** /*                                                                        */
  49:Middlewares/ST/filex/common/src/fx_unicode_directory_rename.c **** /*    This function creates the specified unicode directory.              */
  50:Middlewares/ST/filex/common/src/fx_unicode_directory_rename.c **** /*    This function first attempts to find the specified directory.       */
  51:Middlewares/ST/filex/common/src/fx_unicode_directory_rename.c **** /*    If found, the unicode rename request is valid and the directory     */
  52:Middlewares/ST/filex/common/src/fx_unicode_directory_rename.c **** /*    will be changed to the new unicode name. Otherwise, if the directory*/
  53:Middlewares/ST/filex/common/src/fx_unicode_directory_rename.c **** /*    is not found, the appropriate error code is returned to the caller. */
  54:Middlewares/ST/filex/common/src/fx_unicode_directory_rename.c **** /*                                                                        */
  55:Middlewares/ST/filex/common/src/fx_unicode_directory_rename.c **** /*  INPUT                                                                 */
  56:Middlewares/ST/filex/common/src/fx_unicode_directory_rename.c **** /*                                                                        */
  57:Middlewares/ST/filex/common/src/fx_unicode_directory_rename.c **** /*    media_ptr                             Pointer to media              */
  58:Middlewares/ST/filex/common/src/fx_unicode_directory_rename.c **** /*    old_unicode_name                      Pointer to old unicode name   */
  59:Middlewares/ST/filex/common/src/fx_unicode_directory_rename.c **** /*    old_unicode_length                    Old unicode name length       */
  60:Middlewares/ST/filex/common/src/fx_unicode_directory_rename.c **** /*    new_unicode_name                      Pointer to new unicode name   */
  61:Middlewares/ST/filex/common/src/fx_unicode_directory_rename.c **** /*    new_unicode_length                    Old unicode name length       */
  62:Middlewares/ST/filex/common/src/fx_unicode_directory_rename.c **** /*    new_short_name                        Pointer to new short name     */
  63:Middlewares/ST/filex/common/src/fx_unicode_directory_rename.c **** /*                                                                        */
  64:Middlewares/ST/filex/common/src/fx_unicode_directory_rename.c **** /*  OUTPUT                                                                */
  65:Middlewares/ST/filex/common/src/fx_unicode_directory_rename.c **** /*                                                                        */
  66:Middlewares/ST/filex/common/src/fx_unicode_directory_rename.c **** /*    Completion Status                                                   */
  67:Middlewares/ST/filex/common/src/fx_unicode_directory_rename.c **** /*                                                                        */
  68:Middlewares/ST/filex/common/src/fx_unicode_directory_rename.c **** /*  CALLS                                                                 */
  69:Middlewares/ST/filex/common/src/fx_unicode_directory_rename.c **** /*                                                                        */
  70:Middlewares/ST/filex/common/src/fx_unicode_directory_rename.c **** /*    _fx_unicode_short_name_get            Get the directory short name  */
  71:Middlewares/ST/filex/common/src/fx_unicode_directory_rename.c **** /*    _fx_unicode_directory_search          Search for unicode name       */
  72:Middlewares/ST/filex/common/src/fx_unicode_directory_rename.c **** /*    _fx_unicode_directory_entry_change    Change unicode file name      */
  73:Middlewares/ST/filex/common/src/fx_unicode_directory_rename.c **** /*    _fx_directory_rename                  Rename the directory          */
  74:Middlewares/ST/filex/common/src/fx_unicode_directory_rename.c **** /*    _fx_directory_search                  Search directory              */
  75:Middlewares/ST/filex/common/src/fx_unicode_directory_rename.c **** /*                                                                        */
  76:Middlewares/ST/filex/common/src/fx_unicode_directory_rename.c **** /*  CALLED BY                                                             */
  77:Middlewares/ST/filex/common/src/fx_unicode_directory_rename.c **** /*                                                                        */
  78:Middlewares/ST/filex/common/src/fx_unicode_directory_rename.c **** /*    Application Code                                                    */
  79:Middlewares/ST/filex/common/src/fx_unicode_directory_rename.c **** /*                                                                        */
  80:Middlewares/ST/filex/common/src/fx_unicode_directory_rename.c **** /*  RELEASE HISTORY                                                       */
  81:Middlewares/ST/filex/common/src/fx_unicode_directory_rename.c **** /*                                                                        */
  82:Middlewares/ST/filex/common/src/fx_unicode_directory_rename.c **** /*    DATE              NAME                      DESCRIPTION             */
  83:Middlewares/ST/filex/common/src/fx_unicode_directory_rename.c **** /*                                                                        */
  84:Middlewares/ST/filex/common/src/fx_unicode_directory_rename.c **** /*  05-19-2020     William E. Lamie         Initial Version 6.0           */
  85:Middlewares/ST/filex/common/src/fx_unicode_directory_rename.c **** /*  09-30-2020     William E. Lamie         Modified comment(s),          */
  86:Middlewares/ST/filex/common/src/fx_unicode_directory_rename.c **** /*                                            resulting in version 6.1    */
ARM GAS  C:\Users\HP\AppData\Local\Temp\ccNVrgfQ.s 			page 3


  87:Middlewares/ST/filex/common/src/fx_unicode_directory_rename.c **** /*                                                                        */
  88:Middlewares/ST/filex/common/src/fx_unicode_directory_rename.c **** /**************************************************************************/
  89:Middlewares/ST/filex/common/src/fx_unicode_directory_rename.c **** UINT  _fx_unicode_directory_rename(FX_MEDIA *media_ptr, UCHAR *old_unicode_name, ULONG old_unicode_
  90:Middlewares/ST/filex/common/src/fx_unicode_directory_rename.c ****                                    UCHAR *new_unicode_name, ULONG new_unicode_length, CHAR *new_sho
  91:Middlewares/ST/filex/common/src/fx_unicode_directory_rename.c **** {
  30              		.loc 1 91 1 view -0
  31              		.cfi_startproc
  32              		@ args = 8, pretend = 0, frame = 152
  33              		@ frame_needed = 0, uses_anonymous_args = 0
  34              		.loc 1 91 1 is_stmt 0 view .LVU1
  35 0000 2DE9F04F 		push	{r4, r5, r6, r7, r8, r9, r10, fp, lr}
  36              	.LCFI0:
  37              		.cfi_def_cfa_offset 36
  38              		.cfi_offset 4, -36
  39              		.cfi_offset 5, -32
  40              		.cfi_offset 6, -28
  41              		.cfi_offset 7, -24
  42              		.cfi_offset 8, -20
  43              		.cfi_offset 9, -16
  44              		.cfi_offset 10, -12
  45              		.cfi_offset 11, -8
  46              		.cfi_offset 14, -4
  47 0004 ABB0     		sub	sp, sp, #172
  48              	.LCFI1:
  49              		.cfi_def_cfa_offset 208
  50 0006 9346     		mov	fp, r2
  51 0008 1E46     		mov	r6, r3
  52 000a 359C     		ldr	r4, [sp, #212]
  92:Middlewares/ST/filex/common/src/fx_unicode_directory_rename.c **** 
  93:Middlewares/ST/filex/common/src/fx_unicode_directory_rename.c **** FX_DIR_ENTRY dir_entry;
  53              		.loc 1 93 1 is_stmt 1 view .LVU2
  94:Middlewares/ST/filex/common/src/fx_unicode_directory_rename.c **** UINT         i, status;
  54              		.loc 1 94 1 view .LVU3
  95:Middlewares/ST/filex/common/src/fx_unicode_directory_rename.c **** ULONG        temp_length;
  55              		.loc 1 95 1 view .LVU4
  96:Middlewares/ST/filex/common/src/fx_unicode_directory_rename.c **** CHAR         old_dir_short_name[13];
  56              		.loc 1 96 1 view .LVU5
  97:Middlewares/ST/filex/common/src/fx_unicode_directory_rename.c **** CHAR         new_dir_short_name[13];
  57              		.loc 1 97 1 view .LVU6
  98:Middlewares/ST/filex/common/src/fx_unicode_directory_rename.c **** UCHAR        alpha, beta;
  58              		.loc 1 98 1 view .LVU7
  99:Middlewares/ST/filex/common/src/fx_unicode_directory_rename.c **** 
 100:Middlewares/ST/filex/common/src/fx_unicode_directory_rename.c **** 
 101:Middlewares/ST/filex/common/src/fx_unicode_directory_rename.c ****     /* Clear the return short name.  */
 102:Middlewares/ST/filex/common/src/fx_unicode_directory_rename.c ****     new_short_name[0] =  FX_NULL;
  59              		.loc 1 102 5 view .LVU8
  60              		.loc 1 102 23 is_stmt 0 view .LVU9
  61 000c 0023     		movs	r3, #0
  62              	.LVL1:
  63              		.loc 1 102 23 view .LVU10
  64 000e 2370     		strb	r3, [r4]
 103:Middlewares/ST/filex/common/src/fx_unicode_directory_rename.c **** 
 104:Middlewares/ST/filex/common/src/fx_unicode_directory_rename.c ****     /* Set shortname to null.  */
 105:Middlewares/ST/filex/common/src/fx_unicode_directory_rename.c ****     old_dir_short_name[0] =  FX_NULL;
  65              		.loc 1 105 5 is_stmt 1 view .LVU11
  66              		.loc 1 105 27 is_stmt 0 view .LVU12
  67 0010 8DF82430 		strb	r3, [sp, #36]
ARM GAS  C:\Users\HP\AppData\Local\Temp\ccNVrgfQ.s 			page 4


 106:Middlewares/ST/filex/common/src/fx_unicode_directory_rename.c ****     new_dir_short_name[0] =  FX_NULL;
  68              		.loc 1 106 5 is_stmt 1 view .LVU13
  69              		.loc 1 106 27 is_stmt 0 view .LVU14
  70 0014 8DF81430 		strb	r3, [sp, #20]
 107:Middlewares/ST/filex/common/src/fx_unicode_directory_rename.c **** 
 108:Middlewares/ST/filex/common/src/fx_unicode_directory_rename.c ****     /* Check the media to make sure it is open.  */
 109:Middlewares/ST/filex/common/src/fx_unicode_directory_rename.c ****     if (media_ptr -> fx_media_id != FX_MEDIA_ID)
  71              		.loc 1 109 5 is_stmt 1 view .LVU15
  72              		.loc 1 109 19 is_stmt 0 view .LVU16
  73 0018 0268     		ldr	r2, [r0]
  74              	.LVL2:
  75              		.loc 1 109 8 view .LVU17
  76 001a 654B     		ldr	r3, .L29
  77 001c 9A42     		cmp	r2, r3
  78 001e 05D0     		beq	.L24
 110:Middlewares/ST/filex/common/src/fx_unicode_directory_rename.c ****     {
 111:Middlewares/ST/filex/common/src/fx_unicode_directory_rename.c **** 
 112:Middlewares/ST/filex/common/src/fx_unicode_directory_rename.c ****         /* Return the media not opened error.  */
 113:Middlewares/ST/filex/common/src/fx_unicode_directory_rename.c ****         return(FX_MEDIA_NOT_OPEN);
  79              		.loc 1 113 15 view .LVU18
  80 0020 4FF01109 		mov	r9, #17
  81              	.LVL3:
  82              	.L1:
 114:Middlewares/ST/filex/common/src/fx_unicode_directory_rename.c ****     }
 115:Middlewares/ST/filex/common/src/fx_unicode_directory_rename.c **** 
 116:Middlewares/ST/filex/common/src/fx_unicode_directory_rename.c **** #ifdef FX_ENABLE_EXFAT
 117:Middlewares/ST/filex/common/src/fx_unicode_directory_rename.c ****     /* Check if media format is exFAT.  */
 118:Middlewares/ST/filex/common/src/fx_unicode_directory_rename.c ****     if (media_ptr -> fx_media_FAT_type == FX_exFAT)
 119:Middlewares/ST/filex/common/src/fx_unicode_directory_rename.c ****     {
 120:Middlewares/ST/filex/common/src/fx_unicode_directory_rename.c **** 
 121:Middlewares/ST/filex/common/src/fx_unicode_directory_rename.c ****         /* Return the not implemented error.  */
 122:Middlewares/ST/filex/common/src/fx_unicode_directory_rename.c ****         return(FX_NOT_IMPLEMENTED);
 123:Middlewares/ST/filex/common/src/fx_unicode_directory_rename.c ****     }
 124:Middlewares/ST/filex/common/src/fx_unicode_directory_rename.c **** #endif
 125:Middlewares/ST/filex/common/src/fx_unicode_directory_rename.c **** 
 126:Middlewares/ST/filex/common/src/fx_unicode_directory_rename.c ****     /* Get the old short name.  */
 127:Middlewares/ST/filex/common/src/fx_unicode_directory_rename.c ****     status = _fx_unicode_short_name_get(media_ptr, old_unicode_name, old_unicode_length, &old_dir_s
 128:Middlewares/ST/filex/common/src/fx_unicode_directory_rename.c **** 
 129:Middlewares/ST/filex/common/src/fx_unicode_directory_rename.c ****     /* Determine if the search was successful.  */
 130:Middlewares/ST/filex/common/src/fx_unicode_directory_rename.c ****     if (status != FX_SUCCESS)
 131:Middlewares/ST/filex/common/src/fx_unicode_directory_rename.c ****     {
 132:Middlewares/ST/filex/common/src/fx_unicode_directory_rename.c **** 
 133:Middlewares/ST/filex/common/src/fx_unicode_directory_rename.c ****         /* Return the error code.  */
 134:Middlewares/ST/filex/common/src/fx_unicode_directory_rename.c ****         return(status);
 135:Middlewares/ST/filex/common/src/fx_unicode_directory_rename.c ****     }
 136:Middlewares/ST/filex/common/src/fx_unicode_directory_rename.c **** 
 137:Middlewares/ST/filex/common/src/fx_unicode_directory_rename.c ****     /* Protect media.  */
 138:Middlewares/ST/filex/common/src/fx_unicode_directory_rename.c ****     FX_PROTECT
 139:Middlewares/ST/filex/common/src/fx_unicode_directory_rename.c **** 
 140:Middlewares/ST/filex/common/src/fx_unicode_directory_rename.c ****     /* Setup temporary length.  */
 141:Middlewares/ST/filex/common/src/fx_unicode_directory_rename.c ****     temp_length =  new_unicode_length;
 142:Middlewares/ST/filex/common/src/fx_unicode_directory_rename.c **** 
 143:Middlewares/ST/filex/common/src/fx_unicode_directory_rename.c ****     /* Setup pointer to media name buffer.  */
 144:Middlewares/ST/filex/common/src/fx_unicode_directory_rename.c ****     dir_entry.fx_dir_entry_name =  media_ptr -> fx_media_name_buffer + FX_MAX_LONG_NAME_LEN;
 145:Middlewares/ST/filex/common/src/fx_unicode_directory_rename.c **** 
 146:Middlewares/ST/filex/common/src/fx_unicode_directory_rename.c ****     /* Clear the short name string.  */
 147:Middlewares/ST/filex/common/src/fx_unicode_directory_rename.c ****     dir_entry.fx_dir_entry_short_name[0] =  FX_NULL;
ARM GAS  C:\Users\HP\AppData\Local\Temp\ccNVrgfQ.s 			page 5


 148:Middlewares/ST/filex/common/src/fx_unicode_directory_rename.c **** 
 149:Middlewares/ST/filex/common/src/fx_unicode_directory_rename.c ****     /* Determine if the new directory name is already present.  */
 150:Middlewares/ST/filex/common/src/fx_unicode_directory_rename.c ****     status =  _fx_unicode_directory_search(media_ptr, &dir_entry, (UCHAR *)new_dir_short_name, size
 151:Middlewares/ST/filex/common/src/fx_unicode_directory_rename.c **** 
 152:Middlewares/ST/filex/common/src/fx_unicode_directory_rename.c ****     /* Determine if the search was successful.  */
 153:Middlewares/ST/filex/common/src/fx_unicode_directory_rename.c ****     if (status == FX_SUCCESS)
 154:Middlewares/ST/filex/common/src/fx_unicode_directory_rename.c ****     {
 155:Middlewares/ST/filex/common/src/fx_unicode_directory_rename.c **** 
 156:Middlewares/ST/filex/common/src/fx_unicode_directory_rename.c ****         /* Determine if the name length are equal.  */
 157:Middlewares/ST/filex/common/src/fx_unicode_directory_rename.c ****         if (old_unicode_length == new_unicode_length)
 158:Middlewares/ST/filex/common/src/fx_unicode_directory_rename.c ****         {
 159:Middlewares/ST/filex/common/src/fx_unicode_directory_rename.c **** 
 160:Middlewares/ST/filex/common/src/fx_unicode_directory_rename.c ****             /* Determine if the new name simply has a UNICODE case change. If so, simply let the pr
 161:Middlewares/ST/filex/common/src/fx_unicode_directory_rename.c ****                continue.  */
 162:Middlewares/ST/filex/common/src/fx_unicode_directory_rename.c ****             i =  0;
 163:Middlewares/ST/filex/common/src/fx_unicode_directory_rename.c ****             do
 164:Middlewares/ST/filex/common/src/fx_unicode_directory_rename.c ****             {
 165:Middlewares/ST/filex/common/src/fx_unicode_directory_rename.c **** 
 166:Middlewares/ST/filex/common/src/fx_unicode_directory_rename.c ****                 /* Pickup an old name and new name character and convert to upper case if necessary
 167:Middlewares/ST/filex/common/src/fx_unicode_directory_rename.c ****                 alpha =  old_unicode_name[i * 2];
 168:Middlewares/ST/filex/common/src/fx_unicode_directory_rename.c ****                 if ((alpha >= 'a') && (alpha <= 'z') && (old_unicode_name[i * 2 + 1] == 0))
 169:Middlewares/ST/filex/common/src/fx_unicode_directory_rename.c ****                 {
 170:Middlewares/ST/filex/common/src/fx_unicode_directory_rename.c **** 
 171:Middlewares/ST/filex/common/src/fx_unicode_directory_rename.c ****                     /* Lower case, convert to upper case!  */
 172:Middlewares/ST/filex/common/src/fx_unicode_directory_rename.c ****                     alpha =  (UCHAR)((INT)alpha - 0x20);
 173:Middlewares/ST/filex/common/src/fx_unicode_directory_rename.c ****                 }
 174:Middlewares/ST/filex/common/src/fx_unicode_directory_rename.c ****                 beta =   new_unicode_name[i * 2];
 175:Middlewares/ST/filex/common/src/fx_unicode_directory_rename.c ****                 if ((beta >= 'a') && (beta <= 'z') && (new_unicode_name[i * 2 + 1] == 0))
 176:Middlewares/ST/filex/common/src/fx_unicode_directory_rename.c ****                 {
 177:Middlewares/ST/filex/common/src/fx_unicode_directory_rename.c **** 
 178:Middlewares/ST/filex/common/src/fx_unicode_directory_rename.c ****                     /* Lower case, convert to upper case!  */
 179:Middlewares/ST/filex/common/src/fx_unicode_directory_rename.c ****                     beta =  (UCHAR)((INT)beta - 0x20);
 180:Middlewares/ST/filex/common/src/fx_unicode_directory_rename.c ****                 }
 181:Middlewares/ST/filex/common/src/fx_unicode_directory_rename.c **** 
 182:Middlewares/ST/filex/common/src/fx_unicode_directory_rename.c ****                 /* Now compare the characters.  */
 183:Middlewares/ST/filex/common/src/fx_unicode_directory_rename.c ****                 if (alpha != beta)
 184:Middlewares/ST/filex/common/src/fx_unicode_directory_rename.c ****                 {
 185:Middlewares/ST/filex/common/src/fx_unicode_directory_rename.c **** 
 186:Middlewares/ST/filex/common/src/fx_unicode_directory_rename.c ****                     /* Get out of this loop!  */
 187:Middlewares/ST/filex/common/src/fx_unicode_directory_rename.c ****                     break;
 188:Middlewares/ST/filex/common/src/fx_unicode_directory_rename.c ****                 }
 189:Middlewares/ST/filex/common/src/fx_unicode_directory_rename.c **** 
 190:Middlewares/ST/filex/common/src/fx_unicode_directory_rename.c ****                 /* Pickup the high bytes. */
 191:Middlewares/ST/filex/common/src/fx_unicode_directory_rename.c ****                 alpha = old_unicode_name[i * 2 + 1];
 192:Middlewares/ST/filex/common/src/fx_unicode_directory_rename.c ****                 beta =   new_unicode_name[i * 2 + 1];
 193:Middlewares/ST/filex/common/src/fx_unicode_directory_rename.c **** 
 194:Middlewares/ST/filex/common/src/fx_unicode_directory_rename.c ****                 /* Now compare the byte.  */
 195:Middlewares/ST/filex/common/src/fx_unicode_directory_rename.c ****                 if ((alpha != beta))
 196:Middlewares/ST/filex/common/src/fx_unicode_directory_rename.c ****                 {
 197:Middlewares/ST/filex/common/src/fx_unicode_directory_rename.c **** 
 198:Middlewares/ST/filex/common/src/fx_unicode_directory_rename.c ****                     /* Get out of this loop!  */
 199:Middlewares/ST/filex/common/src/fx_unicode_directory_rename.c ****                     break;
 200:Middlewares/ST/filex/common/src/fx_unicode_directory_rename.c ****                 }
 201:Middlewares/ST/filex/common/src/fx_unicode_directory_rename.c **** 
 202:Middlewares/ST/filex/common/src/fx_unicode_directory_rename.c ****                 /* Move to next character.  */
 203:Middlewares/ST/filex/common/src/fx_unicode_directory_rename.c ****                 i++;
 204:Middlewares/ST/filex/common/src/fx_unicode_directory_rename.c ****             } while (i < old_unicode_length);
ARM GAS  C:\Users\HP\AppData\Local\Temp\ccNVrgfQ.s 			page 6


 205:Middlewares/ST/filex/common/src/fx_unicode_directory_rename.c ****         }
 206:Middlewares/ST/filex/common/src/fx_unicode_directory_rename.c ****         else
 207:Middlewares/ST/filex/common/src/fx_unicode_directory_rename.c ****         {
 208:Middlewares/ST/filex/common/src/fx_unicode_directory_rename.c ****             alpha = 0;
 209:Middlewares/ST/filex/common/src/fx_unicode_directory_rename.c ****             beta = 1;
 210:Middlewares/ST/filex/common/src/fx_unicode_directory_rename.c ****         }
 211:Middlewares/ST/filex/common/src/fx_unicode_directory_rename.c **** 
 212:Middlewares/ST/filex/common/src/fx_unicode_directory_rename.c ****         /* Now determine if the names match.  */
 213:Middlewares/ST/filex/common/src/fx_unicode_directory_rename.c ****         if (alpha != beta)
 214:Middlewares/ST/filex/common/src/fx_unicode_directory_rename.c ****         {
 215:Middlewares/ST/filex/common/src/fx_unicode_directory_rename.c **** 
 216:Middlewares/ST/filex/common/src/fx_unicode_directory_rename.c ****             /* Yes, the directory name already exists in the target location.  */
 217:Middlewares/ST/filex/common/src/fx_unicode_directory_rename.c **** 
 218:Middlewares/ST/filex/common/src/fx_unicode_directory_rename.c ****             /* Release media protection.  */
 219:Middlewares/ST/filex/common/src/fx_unicode_directory_rename.c ****             FX_UNPROTECT
 220:Middlewares/ST/filex/common/src/fx_unicode_directory_rename.c **** 
 221:Middlewares/ST/filex/common/src/fx_unicode_directory_rename.c ****             /* Return the error code.  */
 222:Middlewares/ST/filex/common/src/fx_unicode_directory_rename.c ****             return(FX_ALREADY_CREATED);
 223:Middlewares/ST/filex/common/src/fx_unicode_directory_rename.c ****          }
 224:Middlewares/ST/filex/common/src/fx_unicode_directory_rename.c ****     }
 225:Middlewares/ST/filex/common/src/fx_unicode_directory_rename.c **** 
 226:Middlewares/ST/filex/common/src/fx_unicode_directory_rename.c **** #ifdef FX_ENABLE_FAULT_TOLERANT
 227:Middlewares/ST/filex/common/src/fx_unicode_directory_rename.c ****     /* Start transaction. */
 228:Middlewares/ST/filex/common/src/fx_unicode_directory_rename.c ****     _fx_fault_tolerant_transaction_start(media_ptr);
 229:Middlewares/ST/filex/common/src/fx_unicode_directory_rename.c **** #endif /* FX_ENABLE_FAULT_TOLERANT */
 230:Middlewares/ST/filex/common/src/fx_unicode_directory_rename.c **** 
 231:Middlewares/ST/filex/common/src/fx_unicode_directory_rename.c ****     /* Okay, at this point we need to create a new long directory name that has enough space for th
 232:Middlewares/ST/filex/common/src/fx_unicode_directory_rename.c ****        eventual unicode directory name.  */
 233:Middlewares/ST/filex/common/src/fx_unicode_directory_rename.c **** 
 234:Middlewares/ST/filex/common/src/fx_unicode_directory_rename.c ****     /* Copy the characters from the unicode directory name and make sure they are
 235:Middlewares/ST/filex/common/src/fx_unicode_directory_rename.c ****        within the ASCII range.  */
 236:Middlewares/ST/filex/common/src/fx_unicode_directory_rename.c ****     _fx_unicode_temp_long_file_name[0] =  'z';
 237:Middlewares/ST/filex/common/src/fx_unicode_directory_rename.c ****     for (i = 1; i < new_unicode_length; i++)
 238:Middlewares/ST/filex/common/src/fx_unicode_directory_rename.c ****     {
 239:Middlewares/ST/filex/common/src/fx_unicode_directory_rename.c **** 
 240:Middlewares/ST/filex/common/src/fx_unicode_directory_rename.c ****         /* Build temporary long file name.  */
 241:Middlewares/ST/filex/common/src/fx_unicode_directory_rename.c ****         _fx_unicode_temp_long_file_name[i] =  (UCHAR)((UINT)'0' + (i % 9));
 242:Middlewares/ST/filex/common/src/fx_unicode_directory_rename.c ****     }
 243:Middlewares/ST/filex/common/src/fx_unicode_directory_rename.c ****     _fx_unicode_temp_long_file_name[i] =  FX_NULL;
 244:Middlewares/ST/filex/common/src/fx_unicode_directory_rename.c **** 
 245:Middlewares/ST/filex/common/src/fx_unicode_directory_rename.c ****     /* Loop to try different temp long file names... if necessary.  */
 246:Middlewares/ST/filex/common/src/fx_unicode_directory_rename.c ****     do
 247:Middlewares/ST/filex/common/src/fx_unicode_directory_rename.c ****     {
 248:Middlewares/ST/filex/common/src/fx_unicode_directory_rename.c **** 
 249:Middlewares/ST/filex/common/src/fx_unicode_directory_rename.c ****         /* Rename the directory name.  */
 250:Middlewares/ST/filex/common/src/fx_unicode_directory_rename.c ****         status =  _fx_directory_rename(media_ptr, old_dir_short_name, (CHAR *)_fx_unicode_temp_long
 251:Middlewares/ST/filex/common/src/fx_unicode_directory_rename.c **** 
 252:Middlewares/ST/filex/common/src/fx_unicode_directory_rename.c ****         /* Determine if there was an error.  */
 253:Middlewares/ST/filex/common/src/fx_unicode_directory_rename.c ****         if (status == FX_ALREADY_CREATED)
 254:Middlewares/ST/filex/common/src/fx_unicode_directory_rename.c ****         {
 255:Middlewares/ST/filex/common/src/fx_unicode_directory_rename.c **** 
 256:Middlewares/ST/filex/common/src/fx_unicode_directory_rename.c ****             /* Adjust the name slightly and try again!  */
 257:Middlewares/ST/filex/common/src/fx_unicode_directory_rename.c ****             _fx_unicode_temp_long_file_name[0]--;
 258:Middlewares/ST/filex/common/src/fx_unicode_directory_rename.c **** 
 259:Middlewares/ST/filex/common/src/fx_unicode_directory_rename.c ****             /* Determine if it is outside the lower case boundary.  */
 260:Middlewares/ST/filex/common/src/fx_unicode_directory_rename.c ****             if (_fx_unicode_temp_long_file_name[0] < 0x61)
 261:Middlewares/ST/filex/common/src/fx_unicode_directory_rename.c ****             {
ARM GAS  C:\Users\HP\AppData\Local\Temp\ccNVrgfQ.s 			page 7


 262:Middlewares/ST/filex/common/src/fx_unicode_directory_rename.c ****                 break;
 263:Middlewares/ST/filex/common/src/fx_unicode_directory_rename.c ****             }
 264:Middlewares/ST/filex/common/src/fx_unicode_directory_rename.c ****         }
 265:Middlewares/ST/filex/common/src/fx_unicode_directory_rename.c ****     } while (status == FX_ALREADY_CREATED);
 266:Middlewares/ST/filex/common/src/fx_unicode_directory_rename.c **** 
 267:Middlewares/ST/filex/common/src/fx_unicode_directory_rename.c ****     /* Determine if there was an error.  */
 268:Middlewares/ST/filex/common/src/fx_unicode_directory_rename.c ****     if (status)
 269:Middlewares/ST/filex/common/src/fx_unicode_directory_rename.c ****     {
 270:Middlewares/ST/filex/common/src/fx_unicode_directory_rename.c **** 
 271:Middlewares/ST/filex/common/src/fx_unicode_directory_rename.c **** #ifdef FX_ENABLE_FAULT_TOLERANT
 272:Middlewares/ST/filex/common/src/fx_unicode_directory_rename.c ****         FX_FAULT_TOLERANT_TRANSACTION_FAIL(media_ptr);
 273:Middlewares/ST/filex/common/src/fx_unicode_directory_rename.c **** #endif /* FX_ENABLE_FAULT_TOLERANT */
 274:Middlewares/ST/filex/common/src/fx_unicode_directory_rename.c **** 
 275:Middlewares/ST/filex/common/src/fx_unicode_directory_rename.c ****         /* Release media protection.  */
 276:Middlewares/ST/filex/common/src/fx_unicode_directory_rename.c ****         FX_UNPROTECT
 277:Middlewares/ST/filex/common/src/fx_unicode_directory_rename.c **** 
 278:Middlewares/ST/filex/common/src/fx_unicode_directory_rename.c ****         /* Return error.  */
 279:Middlewares/ST/filex/common/src/fx_unicode_directory_rename.c ****         return(status);
 280:Middlewares/ST/filex/common/src/fx_unicode_directory_rename.c ****     }
 281:Middlewares/ST/filex/common/src/fx_unicode_directory_rename.c **** 
 282:Middlewares/ST/filex/common/src/fx_unicode_directory_rename.c ****     /* Setup pointer to media name buffer.  */
 283:Middlewares/ST/filex/common/src/fx_unicode_directory_rename.c ****     dir_entry.fx_dir_entry_name =  media_ptr -> fx_media_name_buffer + FX_MAX_LONG_NAME_LEN;
 284:Middlewares/ST/filex/common/src/fx_unicode_directory_rename.c **** 
 285:Middlewares/ST/filex/common/src/fx_unicode_directory_rename.c ****     /* Clear the short name string.  */
 286:Middlewares/ST/filex/common/src/fx_unicode_directory_rename.c ****     dir_entry.fx_dir_entry_short_name[0] =  FX_NULL;
 287:Middlewares/ST/filex/common/src/fx_unicode_directory_rename.c **** 
 288:Middlewares/ST/filex/common/src/fx_unicode_directory_rename.c ****     /* Search the system for the supplied file name.  */
 289:Middlewares/ST/filex/common/src/fx_unicode_directory_rename.c ****     status =  _fx_directory_search(media_ptr, (CHAR *)_fx_unicode_temp_long_file_name, &dir_entry, 
 290:Middlewares/ST/filex/common/src/fx_unicode_directory_rename.c **** 
 291:Middlewares/ST/filex/common/src/fx_unicode_directory_rename.c ****     /* Determine if the search was successful.  */
 292:Middlewares/ST/filex/common/src/fx_unicode_directory_rename.c ****     if (status != FX_SUCCESS)
 293:Middlewares/ST/filex/common/src/fx_unicode_directory_rename.c ****     {
 294:Middlewares/ST/filex/common/src/fx_unicode_directory_rename.c **** 
 295:Middlewares/ST/filex/common/src/fx_unicode_directory_rename.c **** #ifdef FX_ENABLE_FAULT_TOLERANT
 296:Middlewares/ST/filex/common/src/fx_unicode_directory_rename.c ****         FX_FAULT_TOLERANT_TRANSACTION_FAIL(media_ptr);
 297:Middlewares/ST/filex/common/src/fx_unicode_directory_rename.c **** #endif /* FX_ENABLE_FAULT_TOLERANT */
 298:Middlewares/ST/filex/common/src/fx_unicode_directory_rename.c **** 
 299:Middlewares/ST/filex/common/src/fx_unicode_directory_rename.c ****         /* Release media protection.  */
 300:Middlewares/ST/filex/common/src/fx_unicode_directory_rename.c ****         FX_UNPROTECT
 301:Middlewares/ST/filex/common/src/fx_unicode_directory_rename.c **** 
 302:Middlewares/ST/filex/common/src/fx_unicode_directory_rename.c ****         /* Return the error status.  */
 303:Middlewares/ST/filex/common/src/fx_unicode_directory_rename.c ****         return(status);
 304:Middlewares/ST/filex/common/src/fx_unicode_directory_rename.c ****     }
 305:Middlewares/ST/filex/common/src/fx_unicode_directory_rename.c **** 
 306:Middlewares/ST/filex/common/src/fx_unicode_directory_rename.c ****     /* We can now change the temporary long file name with the destination unicode name.  */
 307:Middlewares/ST/filex/common/src/fx_unicode_directory_rename.c ****     status = _fx_unicode_directory_entry_change(media_ptr, &dir_entry, new_unicode_name, new_unicod
 308:Middlewares/ST/filex/common/src/fx_unicode_directory_rename.c **** 
 309:Middlewares/ST/filex/common/src/fx_unicode_directory_rename.c ****     /* Determine if the rename was successful.  */
 310:Middlewares/ST/filex/common/src/fx_unicode_directory_rename.c ****     if (status == FX_SUCCESS)
 311:Middlewares/ST/filex/common/src/fx_unicode_directory_rename.c ****     {
 312:Middlewares/ST/filex/common/src/fx_unicode_directory_rename.c **** 
 313:Middlewares/ST/filex/common/src/fx_unicode_directory_rename.c ****         /* Yes, copy the short file name to the destination.  */
 314:Middlewares/ST/filex/common/src/fx_unicode_directory_rename.c ****         /* The new short name only have 8 characters, since we didn't include a dot in temp_long_fi
 315:Middlewares/ST/filex/common/src/fx_unicode_directory_rename.c ****         for (i = 0; i < FX_DIR_NAME_SIZE; i++)
 316:Middlewares/ST/filex/common/src/fx_unicode_directory_rename.c ****         {
 317:Middlewares/ST/filex/common/src/fx_unicode_directory_rename.c **** 
 318:Middlewares/ST/filex/common/src/fx_unicode_directory_rename.c ****             /* Copy a character.  */
ARM GAS  C:\Users\HP\AppData\Local\Temp\ccNVrgfQ.s 			page 8


 319:Middlewares/ST/filex/common/src/fx_unicode_directory_rename.c ****             new_short_name[i] =  dir_entry.fx_dir_entry_short_name[i];
 320:Middlewares/ST/filex/common/src/fx_unicode_directory_rename.c **** 
 321:Middlewares/ST/filex/common/src/fx_unicode_directory_rename.c ****             /* Are we done?  */
 322:Middlewares/ST/filex/common/src/fx_unicode_directory_rename.c ****             if (new_short_name[i] == FX_NULL)
 323:Middlewares/ST/filex/common/src/fx_unicode_directory_rename.c ****             {
 324:Middlewares/ST/filex/common/src/fx_unicode_directory_rename.c ****                 break;
 325:Middlewares/ST/filex/common/src/fx_unicode_directory_rename.c ****             }
 326:Middlewares/ST/filex/common/src/fx_unicode_directory_rename.c ****         }
 327:Middlewares/ST/filex/common/src/fx_unicode_directory_rename.c ****     }
 328:Middlewares/ST/filex/common/src/fx_unicode_directory_rename.c **** 
 329:Middlewares/ST/filex/common/src/fx_unicode_directory_rename.c **** #ifdef FX_ENABLE_FAULT_TOLERANT
 330:Middlewares/ST/filex/common/src/fx_unicode_directory_rename.c ****     /* Check for a bad status.  */
 331:Middlewares/ST/filex/common/src/fx_unicode_directory_rename.c ****     if (status != FX_SUCCESS)
 332:Middlewares/ST/filex/common/src/fx_unicode_directory_rename.c ****     {
 333:Middlewares/ST/filex/common/src/fx_unicode_directory_rename.c **** 
 334:Middlewares/ST/filex/common/src/fx_unicode_directory_rename.c ****         FX_FAULT_TOLERANT_TRANSACTION_FAIL(media_ptr);
 335:Middlewares/ST/filex/common/src/fx_unicode_directory_rename.c **** 
 336:Middlewares/ST/filex/common/src/fx_unicode_directory_rename.c ****         /* Release media protection.  */
 337:Middlewares/ST/filex/common/src/fx_unicode_directory_rename.c ****         FX_UNPROTECT
 338:Middlewares/ST/filex/common/src/fx_unicode_directory_rename.c **** 
 339:Middlewares/ST/filex/common/src/fx_unicode_directory_rename.c ****         /* Return the bad status.  */
 340:Middlewares/ST/filex/common/src/fx_unicode_directory_rename.c ****         return(status);
 341:Middlewares/ST/filex/common/src/fx_unicode_directory_rename.c ****     }
 342:Middlewares/ST/filex/common/src/fx_unicode_directory_rename.c **** 
 343:Middlewares/ST/filex/common/src/fx_unicode_directory_rename.c ****     /* End transaction. */
 344:Middlewares/ST/filex/common/src/fx_unicode_directory_rename.c ****     status = _fx_fault_tolerant_transaction_end(media_ptr);
 345:Middlewares/ST/filex/common/src/fx_unicode_directory_rename.c **** #endif /* FX_ENABLE_FAULT_TOLERANT */
 346:Middlewares/ST/filex/common/src/fx_unicode_directory_rename.c **** 
 347:Middlewares/ST/filex/common/src/fx_unicode_directory_rename.c ****     /* Release the protection.  */
 348:Middlewares/ST/filex/common/src/fx_unicode_directory_rename.c ****     FX_UNPROTECT
 349:Middlewares/ST/filex/common/src/fx_unicode_directory_rename.c **** 
 350:Middlewares/ST/filex/common/src/fx_unicode_directory_rename.c ****     /* Return completion status.  */
 351:Middlewares/ST/filex/common/src/fx_unicode_directory_rename.c ****     return(status);
 352:Middlewares/ST/filex/common/src/fx_unicode_directory_rename.c **** }
  83              		.loc 1 352 1 view .LVU19
  84 0024 4846     		mov	r0, r9
  85 0026 2BB0     		add	sp, sp, #172
  86              	.LCFI2:
  87              		.cfi_remember_state
  88              		.cfi_def_cfa_offset 36
  89              		@ sp needed
  90 0028 BDE8F08F 		pop	{r4, r5, r6, r7, r8, r9, r10, fp, pc}
  91              	.LVL4:
  92              	.L24:
  93              	.LCFI3:
  94              		.cfi_restore_state
  95              		.loc 1 352 1 view .LVU20
  96 002c 0546     		mov	r5, r0
  97 002e 8A46     		mov	r10, r1
 127:Middlewares/ST/filex/common/src/fx_unicode_directory_rename.c **** 
  98              		.loc 1 127 5 is_stmt 1 view .LVU21
 127:Middlewares/ST/filex/common/src/fx_unicode_directory_rename.c **** 
  99              		.loc 1 127 14 is_stmt 0 view .LVU22
 100 0030 09AB     		add	r3, sp, #36
 101 0032 5A46     		mov	r2, fp
 102 0034 FFF7FEFF 		bl	_fx_unicode_short_name_get
 103              	.LVL5:
ARM GAS  C:\Users\HP\AppData\Local\Temp\ccNVrgfQ.s 			page 9


 130:Middlewares/ST/filex/common/src/fx_unicode_directory_rename.c ****     {
 104              		.loc 1 130 5 is_stmt 1 view .LVU23
 130:Middlewares/ST/filex/common/src/fx_unicode_directory_rename.c ****     {
 105              		.loc 1 130 8 is_stmt 0 view .LVU24
 106 0038 8146     		mov	r9, r0
 107 003a 0028     		cmp	r0, #0
 108 003c F2D1     		bne	.L1
 138:Middlewares/ST/filex/common/src/fx_unicode_directory_rename.c **** 
 109              		.loc 1 138 5 is_stmt 1 view .LVU25
 110 003e 2A68     		ldr	r2, [r5]
 111 0040 5B4B     		ldr	r3, .L29
 112 0042 9A42     		cmp	r2, r3
 113 0044 02D0     		beq	.L25
 114 0046 4FF01109 		mov	r9, #17
 115 004a EBE7     		b	.L1
 116              	.L25:
 138:Middlewares/ST/filex/common/src/fx_unicode_directory_rename.c **** 
 117              		.loc 1 138 5 discriminator 2 view .LVU26
 118 004c 05F5E477 		add	r7, r5, #456
 119 0050 4FF0FF31 		mov	r1, #-1
 120 0054 3846     		mov	r0, r7
 121              	.LVL6:
 138:Middlewares/ST/filex/common/src/fx_unicode_directory_rename.c **** 
 122              		.loc 1 138 5 is_stmt 0 discriminator 2 view .LVU27
 123 0056 FFF7FEFF 		bl	_tx_mutex_get
 124              	.LVL7:
 125 005a 0028     		cmp	r0, #0
 126 005c 40F0A480 		bne	.L20
 141:Middlewares/ST/filex/common/src/fx_unicode_directory_rename.c **** 
 127              		.loc 1 141 5 is_stmt 1 view .LVU28
 141:Middlewares/ST/filex/common/src/fx_unicode_directory_rename.c **** 
 128              		.loc 1 141 17 is_stmt 0 view .LVU29
 129 0060 349B     		ldr	r3, [sp, #208]
 130 0062 0D93     		str	r3, [sp, #52]
 144:Middlewares/ST/filex/common/src/fx_unicode_directory_rename.c **** 
 131              		.loc 1 144 5 is_stmt 1 view .LVU30
 144:Middlewares/ST/filex/common/src/fx_unicode_directory_rename.c **** 
 132              		.loc 1 144 70 is_stmt 0 view .LVU31
 133 0064 05F69C18 		addw	r8, r5, #2460
 144:Middlewares/ST/filex/common/src/fx_unicode_directory_rename.c **** 
 134              		.loc 1 144 33 view .LVU32
 135 0068 CDF83880 		str	r8, [sp, #56]
 147:Middlewares/ST/filex/common/src/fx_unicode_directory_rename.c **** 
 136              		.loc 1 147 5 is_stmt 1 view .LVU33
 147:Middlewares/ST/filex/common/src/fx_unicode_directory_rename.c **** 
 137              		.loc 1 147 42 is_stmt 0 view .LVU34
 138 006c 0023     		movs	r3, #0
 139 006e 8DF83C30 		strb	r3, [sp, #60]
 150:Middlewares/ST/filex/common/src/fx_unicode_directory_rename.c **** 
 140              		.loc 1 150 5 is_stmt 1 view .LVU35
 150:Middlewares/ST/filex/common/src/fx_unicode_directory_rename.c **** 
 141              		.loc 1 150 15 is_stmt 0 view .LVU36
 142 0072 0293     		str	r3, [sp, #8]
 143 0074 0DAB     		add	r3, sp, #52
 144 0076 0193     		str	r3, [sp, #4]
 145 0078 0096     		str	r6, [sp]
 146 007a 0D23     		movs	r3, #13
ARM GAS  C:\Users\HP\AppData\Local\Temp\ccNVrgfQ.s 			page 10


 147 007c 05AA     		add	r2, sp, #20
 148 007e 0EA9     		add	r1, sp, #56
 149 0080 2846     		mov	r0, r5
 150 0082 FFF7FEFF 		bl	_fx_unicode_directory_search
 151              	.LVL8:
 153:Middlewares/ST/filex/common/src/fx_unicode_directory_rename.c ****     {
 152              		.loc 1 153 5 is_stmt 1 view .LVU37
 153:Middlewares/ST/filex/common/src/fx_unicode_directory_rename.c ****     {
 153              		.loc 1 153 8 is_stmt 0 view .LVU38
 154 0086 8446     		mov	ip, r0
 155 0088 30B9     		cbnz	r0, .L3
 157:Middlewares/ST/filex/common/src/fx_unicode_directory_rename.c ****         {
 156              		.loc 1 157 9 is_stmt 1 view .LVU39
 157:Middlewares/ST/filex/common/src/fx_unicode_directory_rename.c ****         {
 157              		.loc 1 157 12 is_stmt 0 view .LVU40
 158 008a 349B     		ldr	r3, [sp, #208]
 159 008c 9B45     		cmp	fp, r3
 160 008e 14D0     		beq	.L7
 209:Middlewares/ST/filex/common/src/fx_unicode_directory_rename.c ****         }
 161              		.loc 1 209 18 view .LVU41
 162 0090 0122     		movs	r2, #1
 208:Middlewares/ST/filex/common/src/fx_unicode_directory_rename.c ****             beta = 1;
 163              		.loc 1 208 19 view .LVU42
 164 0092 0021     		movs	r1, #0
 165              	.LVL9:
 166              	.L4:
 213:Middlewares/ST/filex/common/src/fx_unicode_directory_rename.c ****         {
 167              		.loc 1 213 9 is_stmt 1 view .LVU43
 213:Middlewares/ST/filex/common/src/fx_unicode_directory_rename.c ****         {
 168              		.loc 1 213 12 is_stmt 0 view .LVU44
 169 0094 9142     		cmp	r1, r2
 170 0096 2CD1     		bne	.L26
 171              	.LVL10:
 172              	.L3:
 236:Middlewares/ST/filex/common/src/fx_unicode_directory_rename.c ****     for (i = 1; i < new_unicode_length; i++)
 173              		.loc 1 236 5 is_stmt 1 view .LVU45
 236:Middlewares/ST/filex/common/src/fx_unicode_directory_rename.c ****     for (i = 1; i < new_unicode_length; i++)
 174              		.loc 1 236 40 is_stmt 0 view .LVU46
 175 0098 464B     		ldr	r3, .L29+4
 176 009a 7A22     		movs	r2, #122
 177 009c 1A70     		strb	r2, [r3]
 237:Middlewares/ST/filex/common/src/fx_unicode_directory_rename.c ****     {
 178              		.loc 1 237 5 is_stmt 1 view .LVU47
 179              	.LVL11:
 237:Middlewares/ST/filex/common/src/fx_unicode_directory_rename.c ****     {
 180              		.loc 1 237 12 is_stmt 0 view .LVU48
 181 009e 0123     		movs	r3, #1
 237:Middlewares/ST/filex/common/src/fx_unicode_directory_rename.c ****     {
 182              		.loc 1 237 5 view .LVU49
 183 00a0 38E0     		b	.L8
 184              	.LVL12:
 185              	.L6:
 183:Middlewares/ST/filex/common/src/fx_unicode_directory_rename.c ****                 {
 186              		.loc 1 183 17 is_stmt 1 view .LVU50
 183:Middlewares/ST/filex/common/src/fx_unicode_directory_rename.c ****                 {
 187              		.loc 1 183 20 is_stmt 0 view .LVU51
 188 00a2 9142     		cmp	r1, r2
ARM GAS  C:\Users\HP\AppData\Local\Temp\ccNVrgfQ.s 			page 11


 189 00a4 F6D1     		bne	.L4
 191:Middlewares/ST/filex/common/src/fx_unicode_directory_rename.c ****                 beta =   new_unicode_name[i * 2 + 1];
 190              		.loc 1 191 17 is_stmt 1 view .LVU52
 191:Middlewares/ST/filex/common/src/fx_unicode_directory_rename.c ****                 beta =   new_unicode_name[i * 2 + 1];
 191              		.loc 1 191 41 is_stmt 0 view .LVU53
 192 00a6 0133     		adds	r3, r3, #1
 191:Middlewares/ST/filex/common/src/fx_unicode_directory_rename.c ****                 beta =   new_unicode_name[i * 2 + 1];
 193              		.loc 1 191 23 view .LVU54
 194 00a8 1AF80310 		ldrb	r1, [r10, r3]	@ zero_extendqisi2
 195              	.LVL13:
 192:Middlewares/ST/filex/common/src/fx_unicode_directory_rename.c **** 
 196              		.loc 1 192 17 is_stmt 1 view .LVU55
 192:Middlewares/ST/filex/common/src/fx_unicode_directory_rename.c **** 
 197              		.loc 1 192 22 is_stmt 0 view .LVU56
 198 00ac F25C     		ldrb	r2, [r6, r3]	@ zero_extendqisi2
 199              	.LVL14:
 195:Middlewares/ST/filex/common/src/fx_unicode_directory_rename.c ****                 {
 200              		.loc 1 195 17 is_stmt 1 view .LVU57
 195:Middlewares/ST/filex/common/src/fx_unicode_directory_rename.c ****                 {
 201              		.loc 1 195 20 is_stmt 0 view .LVU58
 202 00ae 9142     		cmp	r1, r2
 203 00b0 F0D1     		bne	.L4
 203:Middlewares/ST/filex/common/src/fx_unicode_directory_rename.c ****             } while (i < old_unicode_length);
 204              		.loc 1 203 17 is_stmt 1 view .LVU59
 203:Middlewares/ST/filex/common/src/fx_unicode_directory_rename.c ****             } while (i < old_unicode_length);
 205              		.loc 1 203 18 is_stmt 0 view .LVU60
 206 00b2 0CF1010C 		add	ip, ip, #1
 207              	.LVL15:
 204:Middlewares/ST/filex/common/src/fx_unicode_directory_rename.c ****         }
 208              		.loc 1 204 21 is_stmt 1 view .LVU61
 204:Middlewares/ST/filex/common/src/fx_unicode_directory_rename.c ****         }
 209              		.loc 1 204 13 is_stmt 0 view .LVU62
 210 00b6 E345     		cmp	fp, ip
 211 00b8 ECD9     		bls	.L4
 212              	.LVL16:
 213              	.L7:
 163:Middlewares/ST/filex/common/src/fx_unicode_directory_rename.c ****             {
 214              		.loc 1 163 13 is_stmt 1 view .LVU63
 167:Middlewares/ST/filex/common/src/fx_unicode_directory_rename.c ****                 if ((alpha >= 'a') && (alpha <= 'z') && (old_unicode_name[i * 2 + 1] == 0))
 215              		.loc 1 167 17 view .LVU64
 167:Middlewares/ST/filex/common/src/fx_unicode_directory_rename.c ****                 if ((alpha >= 'a') && (alpha <= 'z') && (old_unicode_name[i * 2 + 1] == 0))
 216              		.loc 1 167 45 is_stmt 0 view .LVU65
 217 00ba 4FEA4C03 		lsl	r3, ip, #1
 167:Middlewares/ST/filex/common/src/fx_unicode_directory_rename.c ****                 if ((alpha >= 'a') && (alpha <= 'z') && (old_unicode_name[i * 2 + 1] == 0))
 218              		.loc 1 167 23 view .LVU66
 219 00be 1AF81C10 		ldrb	r1, [r10, ip, lsl #1]	@ zero_extendqisi2
 220              	.LVL17:
 168:Middlewares/ST/filex/common/src/fx_unicode_directory_rename.c ****                 {
 221              		.loc 1 168 17 is_stmt 1 view .LVU67
 168:Middlewares/ST/filex/common/src/fx_unicode_directory_rename.c ****                 {
 222              		.loc 1 168 36 is_stmt 0 view .LVU68
 223 00c2 A1F16102 		sub	r2, r1, #97
 224 00c6 D2B2     		uxtb	r2, r2
 168:Middlewares/ST/filex/common/src/fx_unicode_directory_rename.c ****                 {
 225              		.loc 1 168 20 view .LVU69
 226 00c8 192A     		cmp	r2, #25
 227 00ca 05D8     		bhi	.L5
ARM GAS  C:\Users\HP\AppData\Local\Temp\ccNVrgfQ.s 			page 12


 168:Middlewares/ST/filex/common/src/fx_unicode_directory_rename.c ****                 {
 228              		.loc 1 168 74 discriminator 1 view .LVU70
 229 00cc 0AEB0302 		add	r2, r10, r3
 230 00d0 5278     		ldrb	r2, [r2, #1]	@ zero_extendqisi2
 168:Middlewares/ST/filex/common/src/fx_unicode_directory_rename.c ****                 {
 231              		.loc 1 168 54 discriminator 1 view .LVU71
 232 00d2 0AB9     		cbnz	r2, .L5
 172:Middlewares/ST/filex/common/src/fx_unicode_directory_rename.c ****                 }
 233              		.loc 1 172 21 is_stmt 1 view .LVU72
 172:Middlewares/ST/filex/common/src/fx_unicode_directory_rename.c ****                 }
 234              		.loc 1 172 27 is_stmt 0 view .LVU73
 235 00d4 2039     		subs	r1, r1, #32
 236              	.LVL18:
 172:Middlewares/ST/filex/common/src/fx_unicode_directory_rename.c ****                 }
 237              		.loc 1 172 27 view .LVU74
 238 00d6 C9B2     		uxtb	r1, r1
 239              	.LVL19:
 240              	.L5:
 174:Middlewares/ST/filex/common/src/fx_unicode_directory_rename.c ****                 if ((beta >= 'a') && (beta <= 'z') && (new_unicode_name[i * 2 + 1] == 0))
 241              		.loc 1 174 17 is_stmt 1 view .LVU75
 174:Middlewares/ST/filex/common/src/fx_unicode_directory_rename.c ****                 if ((beta >= 'a') && (beta <= 'z') && (new_unicode_name[i * 2 + 1] == 0))
 242              		.loc 1 174 22 is_stmt 0 view .LVU76
 243 00d8 F25C     		ldrb	r2, [r6, r3]	@ zero_extendqisi2
 244              	.LVL20:
 175:Middlewares/ST/filex/common/src/fx_unicode_directory_rename.c ****                 {
 245              		.loc 1 175 17 is_stmt 1 view .LVU77
 175:Middlewares/ST/filex/common/src/fx_unicode_directory_rename.c ****                 {
 246              		.loc 1 175 35 is_stmt 0 view .LVU78
 247 00da A2F16100 		sub	r0, r2, #97
 248 00de C0B2     		uxtb	r0, r0
 175:Middlewares/ST/filex/common/src/fx_unicode_directory_rename.c ****                 {
 249              		.loc 1 175 20 view .LVU79
 250 00e0 1928     		cmp	r0, #25
 251 00e2 DED8     		bhi	.L6
 175:Middlewares/ST/filex/common/src/fx_unicode_directory_rename.c ****                 {
 252              		.loc 1 175 72 discriminator 1 view .LVU80
 253 00e4 F018     		adds	r0, r6, r3
 254 00e6 4078     		ldrb	r0, [r0, #1]	@ zero_extendqisi2
 175:Middlewares/ST/filex/common/src/fx_unicode_directory_rename.c ****                 {
 255              		.loc 1 175 52 discriminator 1 view .LVU81
 256 00e8 0028     		cmp	r0, #0
 257 00ea DAD1     		bne	.L6
 179:Middlewares/ST/filex/common/src/fx_unicode_directory_rename.c ****                 }
 258              		.loc 1 179 21 is_stmt 1 view .LVU82
 179:Middlewares/ST/filex/common/src/fx_unicode_directory_rename.c ****                 }
 259              		.loc 1 179 26 is_stmt 0 view .LVU83
 260 00ec 203A     		subs	r2, r2, #32
 261              	.LVL21:
 179:Middlewares/ST/filex/common/src/fx_unicode_directory_rename.c ****                 }
 262              		.loc 1 179 26 view .LVU84
 263 00ee D2B2     		uxtb	r2, r2
 264              	.LVL22:
 179:Middlewares/ST/filex/common/src/fx_unicode_directory_rename.c ****                 }
 265              		.loc 1 179 26 view .LVU85
 266 00f0 D7E7     		b	.L6
 267              	.LVL23:
 268              	.L26:
ARM GAS  C:\Users\HP\AppData\Local\Temp\ccNVrgfQ.s 			page 13


 219:Middlewares/ST/filex/common/src/fx_unicode_directory_rename.c **** 
 269              		.loc 1 219 13 is_stmt 1 view .LVU86
 270 00f2 3846     		mov	r0, r7
 271 00f4 FFF7FEFF 		bl	_tx_mutex_put
 272              	.LVL24:
 222:Middlewares/ST/filex/common/src/fx_unicode_directory_rename.c ****          }
 273              		.loc 1 222 13 view .LVU87
 222:Middlewares/ST/filex/common/src/fx_unicode_directory_rename.c ****          }
 274              		.loc 1 222 19 is_stmt 0 view .LVU88
 275 00f8 4FF00B09 		mov	r9, #11
 276 00fc 92E7     		b	.L1
 277              	.LVL25:
 278              	.L9:
 241:Middlewares/ST/filex/common/src/fx_unicode_directory_rename.c ****     }
 279              		.loc 1 241 9 is_stmt 1 discriminator 3 view .LVU89
 241:Middlewares/ST/filex/common/src/fx_unicode_directory_rename.c ****     }
 280              		.loc 1 241 70 is_stmt 0 discriminator 3 view .LVU90
 281 00fe 2E49     		ldr	r1, .L29+8
 282 0100 A1FB0321 		umull	r2, r1, r1, r3
 283 0104 4908     		lsrs	r1, r1, #1
 284 0106 01EBC101 		add	r1, r1, r1, lsl #3
 285 010a 591A     		subs	r1, r3, r1
 241:Middlewares/ST/filex/common/src/fx_unicode_directory_rename.c ****     }
 286              		.loc 1 241 47 discriminator 3 view .LVU91
 287 010c 3031     		adds	r1, r1, #48
 241:Middlewares/ST/filex/common/src/fx_unicode_directory_rename.c ****     }
 288              		.loc 1 241 44 discriminator 3 view .LVU92
 289 010e 294A     		ldr	r2, .L29+4
 290 0110 D154     		strb	r1, [r2, r3]
 237:Middlewares/ST/filex/common/src/fx_unicode_directory_rename.c ****     {
 291              		.loc 1 237 41 is_stmt 1 discriminator 3 view .LVU93
 237:Middlewares/ST/filex/common/src/fx_unicode_directory_rename.c ****     {
 292              		.loc 1 237 42 is_stmt 0 discriminator 3 view .LVU94
 293 0112 0133     		adds	r3, r3, #1
 294              	.LVL26:
 295              	.L8:
 237:Middlewares/ST/filex/common/src/fx_unicode_directory_rename.c ****     {
 296              		.loc 1 237 17 is_stmt 1 discriminator 1 view .LVU95
 237:Middlewares/ST/filex/common/src/fx_unicode_directory_rename.c ****     {
 297              		.loc 1 237 5 is_stmt 0 discriminator 1 view .LVU96
 298 0114 349A     		ldr	r2, [sp, #208]
 299 0116 9342     		cmp	r3, r2
 300 0118 F1D3     		bcc	.L9
 243:Middlewares/ST/filex/common/src/fx_unicode_directory_rename.c **** 
 301              		.loc 1 243 5 is_stmt 1 view .LVU97
 243:Middlewares/ST/filex/common/src/fx_unicode_directory_rename.c **** 
 302              		.loc 1 243 40 is_stmt 0 view .LVU98
 303 011a 264A     		ldr	r2, .L29+4
 304 011c 0021     		movs	r1, #0
 305 011e D154     		strb	r1, [r2, r3]
 306 0120 02E0     		b	.L12
 307              	.LVL27:
 308              	.L10:
 265:Middlewares/ST/filex/common/src/fx_unicode_directory_rename.c **** 
 309              		.loc 1 265 13 is_stmt 1 view .LVU99
 265:Middlewares/ST/filex/common/src/fx_unicode_directory_rename.c **** 
 310              		.loc 1 265 5 is_stmt 0 view .LVU100
ARM GAS  C:\Users\HP\AppData\Local\Temp\ccNVrgfQ.s 			page 14


 311 0122 B9F10B0F 		cmp	r9, #11
 312 0126 0ED1     		bne	.L11
 313              	.LVL28:
 314              	.L12:
 246:Middlewares/ST/filex/common/src/fx_unicode_directory_rename.c ****     {
 315              		.loc 1 246 5 is_stmt 1 view .LVU101
 250:Middlewares/ST/filex/common/src/fx_unicode_directory_rename.c **** 
 316              		.loc 1 250 9 view .LVU102
 250:Middlewares/ST/filex/common/src/fx_unicode_directory_rename.c **** 
 317              		.loc 1 250 19 is_stmt 0 view .LVU103
 318 0128 224A     		ldr	r2, .L29+4
 319 012a 09A9     		add	r1, sp, #36
 320 012c 2846     		mov	r0, r5
 321 012e FFF7FEFF 		bl	_fx_directory_rename
 322              	.LVL29:
 323 0132 8146     		mov	r9, r0
 324              	.LVL30:
 253:Middlewares/ST/filex/common/src/fx_unicode_directory_rename.c ****         {
 325              		.loc 1 253 9 is_stmt 1 view .LVU104
 253:Middlewares/ST/filex/common/src/fx_unicode_directory_rename.c ****         {
 326              		.loc 1 253 12 is_stmt 0 view .LVU105
 327 0134 0B28     		cmp	r0, #11
 328 0136 F4D1     		bne	.L10
 257:Middlewares/ST/filex/common/src/fx_unicode_directory_rename.c **** 
 329              		.loc 1 257 13 is_stmt 1 view .LVU106
 257:Middlewares/ST/filex/common/src/fx_unicode_directory_rename.c **** 
 330              		.loc 1 257 44 is_stmt 0 view .LVU107
 331 0138 1E4A     		ldr	r2, .L29+4
 332 013a 1378     		ldrb	r3, [r2]	@ zero_extendqisi2
 257:Middlewares/ST/filex/common/src/fx_unicode_directory_rename.c **** 
 333              		.loc 1 257 47 view .LVU108
 334 013c 013B     		subs	r3, r3, #1
 335 013e DBB2     		uxtb	r3, r3
 336 0140 1370     		strb	r3, [r2]
 260:Middlewares/ST/filex/common/src/fx_unicode_directory_rename.c ****             {
 337              		.loc 1 260 13 is_stmt 1 view .LVU109
 260:Middlewares/ST/filex/common/src/fx_unicode_directory_rename.c ****             {
 338              		.loc 1 260 16 is_stmt 0 view .LVU110
 339 0142 602B     		cmp	r3, #96
 340 0144 EDD8     		bhi	.L10
 341              	.L11:
 268:Middlewares/ST/filex/common/src/fx_unicode_directory_rename.c ****     {
 342              		.loc 1 268 5 is_stmt 1 view .LVU111
 268:Middlewares/ST/filex/common/src/fx_unicode_directory_rename.c ****     {
 343              		.loc 1 268 8 is_stmt 0 view .LVU112
 344 0146 B9F1000F 		cmp	r9, #0
 345 014a 18D1     		bne	.L27
 283:Middlewares/ST/filex/common/src/fx_unicode_directory_rename.c **** 
 346              		.loc 1 283 5 is_stmt 1 view .LVU113
 283:Middlewares/ST/filex/common/src/fx_unicode_directory_rename.c **** 
 347              		.loc 1 283 33 is_stmt 0 view .LVU114
 348 014c CDF83880 		str	r8, [sp, #56]
 286:Middlewares/ST/filex/common/src/fx_unicode_directory_rename.c **** 
 349              		.loc 1 286 5 is_stmt 1 view .LVU115
 286:Middlewares/ST/filex/common/src/fx_unicode_directory_rename.c **** 
 350              		.loc 1 286 42 is_stmt 0 view .LVU116
 351 0150 0023     		movs	r3, #0
ARM GAS  C:\Users\HP\AppData\Local\Temp\ccNVrgfQ.s 			page 15


 352 0152 8DF83C30 		strb	r3, [sp, #60]
 289:Middlewares/ST/filex/common/src/fx_unicode_directory_rename.c **** 
 353              		.loc 1 289 5 is_stmt 1 view .LVU117
 289:Middlewares/ST/filex/common/src/fx_unicode_directory_rename.c **** 
 354              		.loc 1 289 15 is_stmt 0 view .LVU118
 355 0156 0093     		str	r3, [sp]
 356 0158 0EAA     		add	r2, sp, #56
 357 015a 1649     		ldr	r1, .L29+4
 358 015c 2846     		mov	r0, r5
 359              	.LVL31:
 289:Middlewares/ST/filex/common/src/fx_unicode_directory_rename.c **** 
 360              		.loc 1 289 15 view .LVU119
 361 015e FFF7FEFF 		bl	_fx_directory_search
 362              	.LVL32:
 292:Middlewares/ST/filex/common/src/fx_unicode_directory_rename.c ****     {
 363              		.loc 1 292 5 is_stmt 1 view .LVU120
 292:Middlewares/ST/filex/common/src/fx_unicode_directory_rename.c ****     {
 364              		.loc 1 292 8 is_stmt 0 view .LVU121
 365 0162 8146     		mov	r9, r0
 366 0164 78B9     		cbnz	r0, .L28
 307:Middlewares/ST/filex/common/src/fx_unicode_directory_rename.c **** 
 367              		.loc 1 307 5 is_stmt 1 view .LVU122
 307:Middlewares/ST/filex/common/src/fx_unicode_directory_rename.c **** 
 368              		.loc 1 307 14 is_stmt 0 view .LVU123
 369 0166 349B     		ldr	r3, [sp, #208]
 370 0168 3246     		mov	r2, r6
 371 016a 0EA9     		add	r1, sp, #56
 372 016c 2846     		mov	r0, r5
 373              	.LVL33:
 307:Middlewares/ST/filex/common/src/fx_unicode_directory_rename.c **** 
 374              		.loc 1 307 14 view .LVU124
 375 016e FFF7FEFF 		bl	_fx_unicode_directory_entry_change
 376              	.LVL34:
 310:Middlewares/ST/filex/common/src/fx_unicode_directory_rename.c ****     {
 377              		.loc 1 310 5 is_stmt 1 view .LVU125
 310:Middlewares/ST/filex/common/src/fx_unicode_directory_rename.c ****     {
 378              		.loc 1 310 8 is_stmt 0 view .LVU126
 379 0172 8146     		mov	r9, r0
 380 0174 58B1     		cbz	r0, .L22
 381              	.L16:
 348:Middlewares/ST/filex/common/src/fx_unicode_directory_rename.c **** 
 382              		.loc 1 348 5 is_stmt 1 view .LVU127
 383 0176 3846     		mov	r0, r7
 384              	.LVL35:
 348:Middlewares/ST/filex/common/src/fx_unicode_directory_rename.c **** 
 385              		.loc 1 348 5 is_stmt 0 view .LVU128
 386 0178 FFF7FEFF 		bl	_tx_mutex_put
 387              	.LVL36:
 351:Middlewares/ST/filex/common/src/fx_unicode_directory_rename.c **** }
 388              		.loc 1 351 5 is_stmt 1 view .LVU129
 351:Middlewares/ST/filex/common/src/fx_unicode_directory_rename.c **** }
 389              		.loc 1 351 11 is_stmt 0 view .LVU130
 390 017c 52E7     		b	.L1
 391              	.LVL37:
 392              	.L27:
 276:Middlewares/ST/filex/common/src/fx_unicode_directory_rename.c **** 
 393              		.loc 1 276 9 is_stmt 1 view .LVU131
ARM GAS  C:\Users\HP\AppData\Local\Temp\ccNVrgfQ.s 			page 16


 394 017e 3846     		mov	r0, r7
 395              	.LVL38:
 276:Middlewares/ST/filex/common/src/fx_unicode_directory_rename.c **** 
 396              		.loc 1 276 9 is_stmt 0 view .LVU132
 397 0180 FFF7FEFF 		bl	_tx_mutex_put
 398              	.LVL39:
 279:Middlewares/ST/filex/common/src/fx_unicode_directory_rename.c ****     }
 399              		.loc 1 279 9 is_stmt 1 view .LVU133
 279:Middlewares/ST/filex/common/src/fx_unicode_directory_rename.c ****     }
 400              		.loc 1 279 15 is_stmt 0 view .LVU134
 401 0184 4EE7     		b	.L1
 402              	.LVL40:
 403              	.L28:
 300:Middlewares/ST/filex/common/src/fx_unicode_directory_rename.c **** 
 404              		.loc 1 300 9 is_stmt 1 view .LVU135
 405 0186 3846     		mov	r0, r7
 406              	.LVL41:
 300:Middlewares/ST/filex/common/src/fx_unicode_directory_rename.c **** 
 407              		.loc 1 300 9 is_stmt 0 view .LVU136
 408 0188 FFF7FEFF 		bl	_tx_mutex_put
 409              	.LVL42:
 303:Middlewares/ST/filex/common/src/fx_unicode_directory_rename.c ****     }
 410              		.loc 1 303 9 is_stmt 1 view .LVU137
 303:Middlewares/ST/filex/common/src/fx_unicode_directory_rename.c ****     }
 411              		.loc 1 303 15 is_stmt 0 view .LVU138
 412 018c 4AE7     		b	.L1
 413              	.LVL43:
 414              	.L22:
 315:Middlewares/ST/filex/common/src/fx_unicode_directory_rename.c ****         {
 415              		.loc 1 315 16 view .LVU139
 416 018e 0346     		mov	r3, r0
 417              	.L15:
 418              	.LVL44:
 315:Middlewares/ST/filex/common/src/fx_unicode_directory_rename.c ****         {
 419              		.loc 1 315 21 is_stmt 1 discriminator 1 view .LVU140
 315:Middlewares/ST/filex/common/src/fx_unicode_directory_rename.c ****         {
 420              		.loc 1 315 9 is_stmt 0 discriminator 1 view .LVU141
 421 0190 072B     		cmp	r3, #7
 422 0192 F0D8     		bhi	.L16
 319:Middlewares/ST/filex/common/src/fx_unicode_directory_rename.c **** 
 423              		.loc 1 319 13 is_stmt 1 view .LVU142
 319:Middlewares/ST/filex/common/src/fx_unicode_directory_rename.c **** 
 424              		.loc 1 319 67 is_stmt 0 view .LVU143
 425 0194 03F1A802 		add	r2, r3, #168
 426 0198 6A44     		add	r2, sp, r2
 427 019a 12F86C2C 		ldrb	r2, [r2, #-108]	@ zero_extendqisi2
 319:Middlewares/ST/filex/common/src/fx_unicode_directory_rename.c **** 
 428              		.loc 1 319 31 view .LVU144
 429 019e E254     		strb	r2, [r4, r3]
 322:Middlewares/ST/filex/common/src/fx_unicode_directory_rename.c ****             {
 430              		.loc 1 322 13 is_stmt 1 view .LVU145
 322:Middlewares/ST/filex/common/src/fx_unicode_directory_rename.c ****             {
 431              		.loc 1 322 16 is_stmt 0 view .LVU146
 432 01a0 002A     		cmp	r2, #0
 433 01a2 E8D0     		beq	.L16
 315:Middlewares/ST/filex/common/src/fx_unicode_directory_rename.c ****         {
 434              		.loc 1 315 43 is_stmt 1 discriminator 2 view .LVU147
ARM GAS  C:\Users\HP\AppData\Local\Temp\ccNVrgfQ.s 			page 17


 315:Middlewares/ST/filex/common/src/fx_unicode_directory_rename.c ****         {
 435              		.loc 1 315 44 is_stmt 0 discriminator 2 view .LVU148
 436 01a4 0133     		adds	r3, r3, #1
 437              	.LVL45:
 315:Middlewares/ST/filex/common/src/fx_unicode_directory_rename.c ****         {
 438              		.loc 1 315 44 discriminator 2 view .LVU149
 439 01a6 F3E7     		b	.L15
 440              	.LVL46:
 441              	.L20:
 138:Middlewares/ST/filex/common/src/fx_unicode_directory_rename.c **** 
 442              		.loc 1 138 5 view .LVU150
 443 01a8 4FF01109 		mov	r9, #17
 444              	.LVL47:
 138:Middlewares/ST/filex/common/src/fx_unicode_directory_rename.c **** 
 445              		.loc 1 138 5 view .LVU151
 446 01ac 3AE7     		b	.L1
 447              	.L30:
 448 01ae 00BF     		.align	2
 449              	.L29:
 450 01b0 4944454D 		.word	1296385097
 451 01b4 00000000 		.word	_fx_unicode_temp_long_file_name
 452 01b8 398EE338 		.word	954437177
 453              		.cfi_endproc
 454              	.LFE8:
 456              		.text
 457              	.Letext0:
 458              		.file 2 "Middlewares/ST/threadx/ports/cortex_m4/gnu/inc/tx_port.h"
 459              		.file 3 "Middlewares/ST/threadx/common/inc/tx_api.h"
 460              		.file 4 "Middlewares/ST/filex/common/inc/fx_api.h"
 461              		.file 5 "Middlewares/ST/filex/common/inc/fx_unicode.h"
 462              		.file 6 "Middlewares/ST/filex/common/inc/fx_directory.h"
ARM GAS  C:\Users\HP\AppData\Local\Temp\ccNVrgfQ.s 			page 18


DEFINED SYMBOLS
                            *ABS*:00000000 fx_unicode_directory_rename.c
C:\Users\HP\AppData\Local\Temp\ccNVrgfQ.s:20     .text._fx_unicode_directory_rename:00000000 $t
C:\Users\HP\AppData\Local\Temp\ccNVrgfQ.s:26     .text._fx_unicode_directory_rename:00000000 _fx_unicode_directory_rename
C:\Users\HP\AppData\Local\Temp\ccNVrgfQ.s:450    .text._fx_unicode_directory_rename:000001b0 $d

UNDEFINED SYMBOLS
_fx_unicode_short_name_get
_tx_mutex_get
_fx_unicode_directory_search
_tx_mutex_put
_fx_directory_rename
_fx_directory_search
_fx_unicode_directory_entry_change
_fx_unicode_temp_long_file_name
