ARM GAS  C:\Users\HP\AppData\Local\Temp\ccf9ILhD.s 			page 1


   1              		.cpu cortex-m4
   2              		.arch armv7e-m
   3              		.fpu fpv4-sp-d16
   4              		.eabi_attribute 27, 1
   5              		.eabi_attribute 28, 1
   6              		.eabi_attribute 20, 1
   7              		.eabi_attribute 21, 1
   8              		.eabi_attribute 23, 3
   9              		.eabi_attribute 24, 1
  10              		.eabi_attribute 25, 1
  11              		.eabi_attribute 26, 1
  12              		.eabi_attribute 30, 1
  13              		.eabi_attribute 34, 1
  14              		.eabi_attribute 18, 4
  15              		.file	"fx_unicode_name_get_extended.c"
  16              		.text
  17              	.Ltext0:
  18              		.cfi_sections	.debug_frame
  19              		.section	.text._fx_unicode_name_get_extended,"ax",%progbits
  20              		.align	1
  21              		.global	_fx_unicode_name_get_extended
  22              		.syntax unified
  23              		.thumb
  24              		.thumb_func
  26              	_fx_unicode_name_get_extended:
  27              	.LVL0:
  28              	.LFB8:
  29              		.file 1 "Middlewares/ST/filex/common/src/fx_unicode_name_get_extended.c"
   1:Middlewares/ST/filex/common/src/fx_unicode_name_get_extended.c **** /**************************************************************************/
   2:Middlewares/ST/filex/common/src/fx_unicode_name_get_extended.c **** /*                                                                        */
   3:Middlewares/ST/filex/common/src/fx_unicode_name_get_extended.c **** /*       Copyright (c) Microsoft Corporation. All rights reserved.        */
   4:Middlewares/ST/filex/common/src/fx_unicode_name_get_extended.c **** /*                                                                        */
   5:Middlewares/ST/filex/common/src/fx_unicode_name_get_extended.c **** /*       This software is licensed under the Microsoft Software License   */
   6:Middlewares/ST/filex/common/src/fx_unicode_name_get_extended.c **** /*       Terms for Microsoft Azure RTOS. Full text of the license can be  */
   7:Middlewares/ST/filex/common/src/fx_unicode_name_get_extended.c **** /*       found in the LICENSE file at https://aka.ms/AzureRTOS_EULA       */
   8:Middlewares/ST/filex/common/src/fx_unicode_name_get_extended.c **** /*       and in the root directory of this software.                      */
   9:Middlewares/ST/filex/common/src/fx_unicode_name_get_extended.c **** /*                                                                        */
  10:Middlewares/ST/filex/common/src/fx_unicode_name_get_extended.c **** /**************************************************************************/
  11:Middlewares/ST/filex/common/src/fx_unicode_name_get_extended.c **** 
  12:Middlewares/ST/filex/common/src/fx_unicode_name_get_extended.c **** 
  13:Middlewares/ST/filex/common/src/fx_unicode_name_get_extended.c **** /**************************************************************************/
  14:Middlewares/ST/filex/common/src/fx_unicode_name_get_extended.c **** /**************************************************************************/
  15:Middlewares/ST/filex/common/src/fx_unicode_name_get_extended.c **** /**                                                                       */
  16:Middlewares/ST/filex/common/src/fx_unicode_name_get_extended.c **** /** FileX Component                                                       */
  17:Middlewares/ST/filex/common/src/fx_unicode_name_get_extended.c **** /**                                                                       */
  18:Middlewares/ST/filex/common/src/fx_unicode_name_get_extended.c **** /**   Unicode                                                             */
  19:Middlewares/ST/filex/common/src/fx_unicode_name_get_extended.c **** /**                                                                       */
  20:Middlewares/ST/filex/common/src/fx_unicode_name_get_extended.c **** /**************************************************************************/
  21:Middlewares/ST/filex/common/src/fx_unicode_name_get_extended.c **** /**************************************************************************/
  22:Middlewares/ST/filex/common/src/fx_unicode_name_get_extended.c **** 
  23:Middlewares/ST/filex/common/src/fx_unicode_name_get_extended.c **** #define FX_SOURCE_CODE
  24:Middlewares/ST/filex/common/src/fx_unicode_name_get_extended.c **** 
  25:Middlewares/ST/filex/common/src/fx_unicode_name_get_extended.c **** 
  26:Middlewares/ST/filex/common/src/fx_unicode_name_get_extended.c **** /* Include necessary system files.  */
  27:Middlewares/ST/filex/common/src/fx_unicode_name_get_extended.c **** 
  28:Middlewares/ST/filex/common/src/fx_unicode_name_get_extended.c **** #include "fx_api.h"
  29:Middlewares/ST/filex/common/src/fx_unicode_name_get_extended.c **** #include "fx_unicode.h"
ARM GAS  C:\Users\HP\AppData\Local\Temp\ccf9ILhD.s 			page 2


  30:Middlewares/ST/filex/common/src/fx_unicode_name_get_extended.c **** 
  31:Middlewares/ST/filex/common/src/fx_unicode_name_get_extended.c **** 
  32:Middlewares/ST/filex/common/src/fx_unicode_name_get_extended.c **** /**************************************************************************/
  33:Middlewares/ST/filex/common/src/fx_unicode_name_get_extended.c **** /*                                                                        */
  34:Middlewares/ST/filex/common/src/fx_unicode_name_get_extended.c **** /*  FUNCTION                                               RELEASE        */
  35:Middlewares/ST/filex/common/src/fx_unicode_name_get_extended.c **** /*                                                                        */
  36:Middlewares/ST/filex/common/src/fx_unicode_name_get_extended.c **** /*    _fx_unicode_name_get_extended                       PORTABLE C      */
  37:Middlewares/ST/filex/common/src/fx_unicode_name_get_extended.c **** /*                                                           6.1          */
  38:Middlewares/ST/filex/common/src/fx_unicode_name_get_extended.c **** /*  AUTHOR                                                                */
  39:Middlewares/ST/filex/common/src/fx_unicode_name_get_extended.c **** /*                                                                        */
  40:Middlewares/ST/filex/common/src/fx_unicode_name_get_extended.c **** /*    William E. Lamie, Microsoft Corporation                             */
  41:Middlewares/ST/filex/common/src/fx_unicode_name_get_extended.c **** /*                                                                        */
  42:Middlewares/ST/filex/common/src/fx_unicode_name_get_extended.c **** /*  DESCRIPTION                                                           */
  43:Middlewares/ST/filex/common/src/fx_unicode_name_get_extended.c **** /*                                                                        */
  44:Middlewares/ST/filex/common/src/fx_unicode_name_get_extended.c **** /*    This function finds the unicode name associated with the supplied   */
  45:Middlewares/ST/filex/common/src/fx_unicode_name_get_extended.c **** /*    short 8.3 name.                                                     */
  46:Middlewares/ST/filex/common/src/fx_unicode_name_get_extended.c **** /*                                                                        */
  47:Middlewares/ST/filex/common/src/fx_unicode_name_get_extended.c **** /*  INPUT                                                                 */
  48:Middlewares/ST/filex/common/src/fx_unicode_name_get_extended.c **** /*                                                                        */
  49:Middlewares/ST/filex/common/src/fx_unicode_name_get_extended.c **** /*    media_ptr                             Pointer to media              */
  50:Middlewares/ST/filex/common/src/fx_unicode_name_get_extended.c **** /*    source_short_name                     Pointer to short file name    */
  51:Middlewares/ST/filex/common/src/fx_unicode_name_get_extended.c **** /*    destination_unicode_name              Pointer to destination name   */
  52:Middlewares/ST/filex/common/src/fx_unicode_name_get_extended.c **** /*    destination_unicode_length            Destination for name length   */
  53:Middlewares/ST/filex/common/src/fx_unicode_name_get_extended.c **** /*    unicode_name_buffer_length            Buffer length of unicode name */
  54:Middlewares/ST/filex/common/src/fx_unicode_name_get_extended.c **** /*                                                                        */
  55:Middlewares/ST/filex/common/src/fx_unicode_name_get_extended.c **** /*  OUTPUT                                                                */
  56:Middlewares/ST/filex/common/src/fx_unicode_name_get_extended.c **** /*                                                                        */
  57:Middlewares/ST/filex/common/src/fx_unicode_name_get_extended.c **** /*    Completion Status                                                   */
  58:Middlewares/ST/filex/common/src/fx_unicode_name_get_extended.c **** /*                                                                        */
  59:Middlewares/ST/filex/common/src/fx_unicode_name_get_extended.c **** /*  CALLS                                                                 */
  60:Middlewares/ST/filex/common/src/fx_unicode_name_get_extended.c **** /*                                                                        */
  61:Middlewares/ST/filex/common/src/fx_unicode_name_get_extended.c **** /*    _fx_unicode_directory_search          Search for unicode name       */
  62:Middlewares/ST/filex/common/src/fx_unicode_name_get_extended.c **** /*                                                                        */
  63:Middlewares/ST/filex/common/src/fx_unicode_name_get_extended.c **** /*  CALLED BY                                                             */
  64:Middlewares/ST/filex/common/src/fx_unicode_name_get_extended.c **** /*                                                                        */
  65:Middlewares/ST/filex/common/src/fx_unicode_name_get_extended.c **** /*    Application Code                                                    */
  66:Middlewares/ST/filex/common/src/fx_unicode_name_get_extended.c **** /*                                                                        */
  67:Middlewares/ST/filex/common/src/fx_unicode_name_get_extended.c **** /*  RELEASE HISTORY                                                       */
  68:Middlewares/ST/filex/common/src/fx_unicode_name_get_extended.c **** /*                                                                        */
  69:Middlewares/ST/filex/common/src/fx_unicode_name_get_extended.c **** /*    DATE              NAME                      DESCRIPTION             */
  70:Middlewares/ST/filex/common/src/fx_unicode_name_get_extended.c **** /*                                                                        */
  71:Middlewares/ST/filex/common/src/fx_unicode_name_get_extended.c **** /*  05-19-2020     William E. Lamie         Initial Version 6.0           */
  72:Middlewares/ST/filex/common/src/fx_unicode_name_get_extended.c **** /*  09-30-2020     William E. Lamie         Modified comment(s),          */
  73:Middlewares/ST/filex/common/src/fx_unicode_name_get_extended.c **** /*                                            resulting in version 6.1    */
  74:Middlewares/ST/filex/common/src/fx_unicode_name_get_extended.c **** /*                                                                        */
  75:Middlewares/ST/filex/common/src/fx_unicode_name_get_extended.c **** /**************************************************************************/
  76:Middlewares/ST/filex/common/src/fx_unicode_name_get_extended.c **** UINT  _fx_unicode_name_get_extended(FX_MEDIA *media_ptr, CHAR *source_short_name,
  77:Middlewares/ST/filex/common/src/fx_unicode_name_get_extended.c ****                            UCHAR *destination_unicode_name, ULONG *destination_unicode_length, ULON
  78:Middlewares/ST/filex/common/src/fx_unicode_name_get_extended.c **** {
  30              		.loc 1 78 1 view -0
  31              		.cfi_startproc
  32              		@ args = 4, pretend = 0, frame = 112
  33              		@ frame_needed = 0, uses_anonymous_args = 0
  34              		.loc 1 78 1 is_stmt 0 view .LVU1
  35 0000 2DE9F041 		push	{r4, r5, r6, r7, r8, lr}
  36              	.LCFI0:
  37              		.cfi_def_cfa_offset 24
ARM GAS  C:\Users\HP\AppData\Local\Temp\ccf9ILhD.s 			page 3


  38              		.cfi_offset 4, -24
  39              		.cfi_offset 5, -20
  40              		.cfi_offset 6, -16
  41              		.cfi_offset 7, -12
  42              		.cfi_offset 8, -8
  43              		.cfi_offset 14, -4
  44 0004 A0B0     		sub	sp, sp, #128
  45              	.LCFI1:
  46              		.cfi_def_cfa_offset 152
  47 0006 0446     		mov	r4, r0
  48 0008 1F46     		mov	r7, r3
  79:Middlewares/ST/filex/common/src/fx_unicode_name_get_extended.c **** 
  80:Middlewares/ST/filex/common/src/fx_unicode_name_get_extended.c **** UINT                   status;
  49              		.loc 1 80 1 is_stmt 1 view .LVU2
  81:Middlewares/ST/filex/common/src/fx_unicode_name_get_extended.c **** FX_DIR_ENTRY           dir_entry;
  50              		.loc 1 81 1 view .LVU3
  82:Middlewares/ST/filex/common/src/fx_unicode_name_get_extended.c **** 
  83:Middlewares/ST/filex/common/src/fx_unicode_name_get_extended.c **** #ifdef TX_ENABLE_EVENT_TRACE
  84:Middlewares/ST/filex/common/src/fx_unicode_name_get_extended.c **** TX_TRACE_BUFFER_ENTRY *trace_event;
  85:Middlewares/ST/filex/common/src/fx_unicode_name_get_extended.c **** ULONG                  trace_timestamp;
  86:Middlewares/ST/filex/common/src/fx_unicode_name_get_extended.c **** #endif
  87:Middlewares/ST/filex/common/src/fx_unicode_name_get_extended.c **** 
  88:Middlewares/ST/filex/common/src/fx_unicode_name_get_extended.c **** 
  89:Middlewares/ST/filex/common/src/fx_unicode_name_get_extended.c ****     /* Setup pointer to media name buffer.  */
  90:Middlewares/ST/filex/common/src/fx_unicode_name_get_extended.c ****     dir_entry.fx_dir_entry_name =  media_ptr -> fx_media_name_buffer + FX_MAX_LONG_NAME_LEN;
  51              		.loc 1 90 5 view .LVU4
  52              		.loc 1 90 70 is_stmt 0 view .LVU5
  53 000a 00F69C10 		addw	r0, r0, #2460
  54              	.LVL1:
  55              		.loc 1 90 33 view .LVU6
  56 000e 0490     		str	r0, [sp, #16]
  91:Middlewares/ST/filex/common/src/fx_unicode_name_get_extended.c **** 
  92:Middlewares/ST/filex/common/src/fx_unicode_name_get_extended.c ****     /* Clear the short name string.  */
  93:Middlewares/ST/filex/common/src/fx_unicode_name_get_extended.c ****     dir_entry.fx_dir_entry_short_name[0] =  0;
  57              		.loc 1 93 5 is_stmt 1 view .LVU7
  58              		.loc 1 93 42 is_stmt 0 view .LVU8
  59 0010 0020     		movs	r0, #0
  60 0012 8DF81400 		strb	r0, [sp, #20]
  94:Middlewares/ST/filex/common/src/fx_unicode_name_get_extended.c **** 
  95:Middlewares/ST/filex/common/src/fx_unicode_name_get_extended.c ****     /* Check the media to make sure it is open.  */
  96:Middlewares/ST/filex/common/src/fx_unicode_name_get_extended.c ****     if (media_ptr -> fx_media_id != FX_MEDIA_ID)
  61              		.loc 1 96 5 is_stmt 1 view .LVU9
  62              		.loc 1 96 8 is_stmt 0 view .LVU10
  63 0016 1848     		ldr	r0, .L10
  64 0018 2368     		ldr	r3, [r4]
  65              	.LVL2:
  66              		.loc 1 96 8 view .LVU11
  67 001a 8342     		cmp	r3, r0
  68 001c 24D1     		bne	.L4
  69 001e 0D46     		mov	r5, r1
  70 0020 1646     		mov	r6, r2
  97:Middlewares/ST/filex/common/src/fx_unicode_name_get_extended.c ****     {
  98:Middlewares/ST/filex/common/src/fx_unicode_name_get_extended.c **** 
  99:Middlewares/ST/filex/common/src/fx_unicode_name_get_extended.c ****         /* Return the media not opened error.  */
 100:Middlewares/ST/filex/common/src/fx_unicode_name_get_extended.c ****         return(FX_MEDIA_NOT_OPEN);
 101:Middlewares/ST/filex/common/src/fx_unicode_name_get_extended.c ****     }
 102:Middlewares/ST/filex/common/src/fx_unicode_name_get_extended.c **** 
ARM GAS  C:\Users\HP\AppData\Local\Temp\ccf9ILhD.s 			page 4


 103:Middlewares/ST/filex/common/src/fx_unicode_name_get_extended.c **** #ifdef FX_ENABLE_EXFAT
 104:Middlewares/ST/filex/common/src/fx_unicode_name_get_extended.c ****     /* Check if media format is exFAT.  */
 105:Middlewares/ST/filex/common/src/fx_unicode_name_get_extended.c ****     if (media_ptr -> fx_media_FAT_type == FX_exFAT)
 106:Middlewares/ST/filex/common/src/fx_unicode_name_get_extended.c ****     {
 107:Middlewares/ST/filex/common/src/fx_unicode_name_get_extended.c **** 
 108:Middlewares/ST/filex/common/src/fx_unicode_name_get_extended.c ****         /* Return the not implemented error.  */
 109:Middlewares/ST/filex/common/src/fx_unicode_name_get_extended.c ****         return(FX_NOT_IMPLEMENTED);
 110:Middlewares/ST/filex/common/src/fx_unicode_name_get_extended.c ****     }
 111:Middlewares/ST/filex/common/src/fx_unicode_name_get_extended.c **** #endif
 112:Middlewares/ST/filex/common/src/fx_unicode_name_get_extended.c **** 
 113:Middlewares/ST/filex/common/src/fx_unicode_name_get_extended.c ****     /* Set the destination unicode length to zero to indicate there is nothing in terms of a match.
 114:Middlewares/ST/filex/common/src/fx_unicode_name_get_extended.c ****     *destination_unicode_length =  0;
  71              		.loc 1 114 5 is_stmt 1 view .LVU12
  72              		.loc 1 114 33 is_stmt 0 view .LVU13
  73 0022 0023     		movs	r3, #0
  74 0024 3B60     		str	r3, [r7]
 115:Middlewares/ST/filex/common/src/fx_unicode_name_get_extended.c **** 
 116:Middlewares/ST/filex/common/src/fx_unicode_name_get_extended.c ****     /* If trace is enabled, insert this event into the trace buffer.  */
 117:Middlewares/ST/filex/common/src/fx_unicode_name_get_extended.c ****     FX_TRACE_IN_LINE_INSERT(FX_TRACE_UNICODE_NAME_GET, media_ptr, source_short_name, destination_un
 118:Middlewares/ST/filex/common/src/fx_unicode_name_get_extended.c **** 
 119:Middlewares/ST/filex/common/src/fx_unicode_name_get_extended.c ****     /* Protect against other threads accessing the media.  */
 120:Middlewares/ST/filex/common/src/fx_unicode_name_get_extended.c ****     FX_PROTECT
  75              		.loc 1 120 5 is_stmt 1 view .LVU14
  76 0026 2268     		ldr	r2, [r4]
  77              	.LVL3:
  78              		.loc 1 120 5 is_stmt 0 view .LVU15
  79 0028 8242     		cmp	r2, r0
  80 002a 01D0     		beq	.L8
  81 002c 1124     		movs	r4, #17
  82              	.LVL4:
  83              		.loc 1 120 5 view .LVU16
  84 002e 1CE0     		b	.L1
  85              	.LVL5:
  86              	.L8:
  87              		.loc 1 120 5 is_stmt 1 discriminator 2 view .LVU17
  88 0030 04F5E478 		add	r8, r4, #456
  89 0034 4FF0FF31 		mov	r1, #-1
  90              	.LVL6:
  91              		.loc 1 120 5 is_stmt 0 discriminator 2 view .LVU18
  92 0038 4046     		mov	r0, r8
  93 003a FFF7FEFF 		bl	_tx_mutex_get
  94              	.LVL7:
  95 003e C0B9     		cbnz	r0, .L6
 121:Middlewares/ST/filex/common/src/fx_unicode_name_get_extended.c **** 
 122:Middlewares/ST/filex/common/src/fx_unicode_name_get_extended.c ****     /* Search the system for the supplied short file name and return the unicode name if there is a
 123:Middlewares/ST/filex/common/src/fx_unicode_name_get_extended.c ****     status =  _fx_unicode_directory_search(media_ptr, &dir_entry, (UCHAR *)source_short_name, 0, de
  96              		.loc 1 123 5 is_stmt 1 view .LVU19
  97              		.loc 1 123 15 is_stmt 0 view .LVU20
  98 0040 269B     		ldr	r3, [sp, #152]
  99 0042 0293     		str	r3, [sp, #8]
 100 0044 0197     		str	r7, [sp, #4]
 101 0046 0096     		str	r6, [sp]
 102 0048 0023     		movs	r3, #0
 103 004a 2A46     		mov	r2, r5
 104 004c 04A9     		add	r1, sp, #16
 105 004e 2046     		mov	r0, r4
 106 0050 FFF7FEFF 		bl	_fx_unicode_directory_search
ARM GAS  C:\Users\HP\AppData\Local\Temp\ccf9ILhD.s 			page 5


 107              	.LVL8:
 124:Middlewares/ST/filex/common/src/fx_unicode_name_get_extended.c **** 
 125:Middlewares/ST/filex/common/src/fx_unicode_name_get_extended.c ****     /* Determine if the search was successful.  */
 126:Middlewares/ST/filex/common/src/fx_unicode_name_get_extended.c ****     if (status != FX_SUCCESS)
 108              		.loc 1 126 5 is_stmt 1 view .LVU21
 109              		.loc 1 126 8 is_stmt 0 view .LVU22
 110 0054 0446     		mov	r4, r0
 111              	.LVL9:
 112              		.loc 1 126 8 view .LVU23
 113 0056 18B9     		cbnz	r0, .L9
 127:Middlewares/ST/filex/common/src/fx_unicode_name_get_extended.c ****     {
 128:Middlewares/ST/filex/common/src/fx_unicode_name_get_extended.c **** 
 129:Middlewares/ST/filex/common/src/fx_unicode_name_get_extended.c ****         /* Release media protection.  */
 130:Middlewares/ST/filex/common/src/fx_unicode_name_get_extended.c ****         FX_UNPROTECT
 131:Middlewares/ST/filex/common/src/fx_unicode_name_get_extended.c **** 
 132:Middlewares/ST/filex/common/src/fx_unicode_name_get_extended.c ****         /* Return the error code.  */
 133:Middlewares/ST/filex/common/src/fx_unicode_name_get_extended.c ****         return(status);
 134:Middlewares/ST/filex/common/src/fx_unicode_name_get_extended.c ****     }
 135:Middlewares/ST/filex/common/src/fx_unicode_name_get_extended.c **** 
 136:Middlewares/ST/filex/common/src/fx_unicode_name_get_extended.c ****     /* Release media protection.  */
 137:Middlewares/ST/filex/common/src/fx_unicode_name_get_extended.c ****     FX_UNPROTECT
 114              		.loc 1 137 5 is_stmt 1 view .LVU24
 115 0058 4046     		mov	r0, r8
 116              	.LVL10:
 117              		.loc 1 137 5 is_stmt 0 view .LVU25
 118 005a FFF7FEFF 		bl	_tx_mutex_put
 119              	.LVL11:
 138:Middlewares/ST/filex/common/src/fx_unicode_name_get_extended.c **** 
 139:Middlewares/ST/filex/common/src/fx_unicode_name_get_extended.c ****     /* Update the trace event with the unicode length.  */
 140:Middlewares/ST/filex/common/src/fx_unicode_name_get_extended.c ****     FX_TRACE_EVENT_UPDATE(trace_event, trace_timestamp, FX_TRACE_UNICODE_NAME_GET, 0, 0, 0, *destin
 141:Middlewares/ST/filex/common/src/fx_unicode_name_get_extended.c **** 
 142:Middlewares/ST/filex/common/src/fx_unicode_name_get_extended.c ****     /* Return successful completion status.  */
 143:Middlewares/ST/filex/common/src/fx_unicode_name_get_extended.c ****     return(FX_SUCCESS);
 120              		.loc 1 143 5 is_stmt 1 view .LVU26
 121              		.loc 1 143 11 is_stmt 0 view .LVU27
 122 005e 04E0     		b	.L1
 123              	.LVL12:
 124              	.L9:
 130:Middlewares/ST/filex/common/src/fx_unicode_name_get_extended.c **** 
 125              		.loc 1 130 9 is_stmt 1 view .LVU28
 126 0060 4046     		mov	r0, r8
 127              	.LVL13:
 130:Middlewares/ST/filex/common/src/fx_unicode_name_get_extended.c **** 
 128              		.loc 1 130 9 is_stmt 0 view .LVU29
 129 0062 FFF7FEFF 		bl	_tx_mutex_put
 130              	.LVL14:
 133:Middlewares/ST/filex/common/src/fx_unicode_name_get_extended.c ****     }
 131              		.loc 1 133 9 is_stmt 1 view .LVU30
 133:Middlewares/ST/filex/common/src/fx_unicode_name_get_extended.c ****     }
 132              		.loc 1 133 15 is_stmt 0 view .LVU31
 133 0066 00E0     		b	.L1
 134              	.LVL15:
 135              	.L4:
 100:Middlewares/ST/filex/common/src/fx_unicode_name_get_extended.c ****     }
 136              		.loc 1 100 15 view .LVU32
 137 0068 1124     		movs	r4, #17
 138              	.LVL16:
ARM GAS  C:\Users\HP\AppData\Local\Temp\ccf9ILhD.s 			page 6


 139              	.L1:
 144:Middlewares/ST/filex/common/src/fx_unicode_name_get_extended.c **** }
 140              		.loc 1 144 1 view .LVU33
 141 006a 2046     		mov	r0, r4
 142 006c 20B0     		add	sp, sp, #128
 143              	.LCFI2:
 144              		.cfi_remember_state
 145              		.cfi_def_cfa_offset 24
 146              		@ sp needed
 147 006e BDE8F081 		pop	{r4, r5, r6, r7, r8, pc}
 148              	.LVL17:
 149              	.L6:
 150              	.LCFI3:
 151              		.cfi_restore_state
 120:Middlewares/ST/filex/common/src/fx_unicode_name_get_extended.c **** 
 152              		.loc 1 120 5 view .LVU34
 153 0072 1124     		movs	r4, #17
 154              	.LVL18:
 120:Middlewares/ST/filex/common/src/fx_unicode_name_get_extended.c **** 
 155              		.loc 1 120 5 view .LVU35
 156 0074 F9E7     		b	.L1
 157              	.L11:
 158 0076 00BF     		.align	2
 159              	.L10:
 160 0078 4944454D 		.word	1296385097
 161              		.cfi_endproc
 162              	.LFE8:
 164              		.text
 165              	.Letext0:
 166              		.file 2 "Middlewares/ST/threadx/ports/cortex_m4/gnu/inc/tx_port.h"
 167              		.file 3 "Middlewares/ST/threadx/common/inc/tx_api.h"
 168              		.file 4 "Middlewares/ST/filex/common/inc/fx_api.h"
 169              		.file 5 "Middlewares/ST/filex/common/inc/fx_unicode.h"
ARM GAS  C:\Users\HP\AppData\Local\Temp\ccf9ILhD.s 			page 7


DEFINED SYMBOLS
                            *ABS*:00000000 fx_unicode_name_get_extended.c
C:\Users\HP\AppData\Local\Temp\ccf9ILhD.s:20     .text._fx_unicode_name_get_extended:00000000 $t
C:\Users\HP\AppData\Local\Temp\ccf9ILhD.s:26     .text._fx_unicode_name_get_extended:00000000 _fx_unicode_name_get_extended
C:\Users\HP\AppData\Local\Temp\ccf9ILhD.s:160    .text._fx_unicode_name_get_extended:00000078 $d

UNDEFINED SYMBOLS
_tx_mutex_get
_fx_unicode_directory_search
_tx_mutex_put
