ARM GAS  C:\Users\HP\AppData\Local\Temp\ccbV8cUJ.s 			page 1


   1              		.cpu cortex-m4
   2              		.arch armv7e-m
   3              		.fpu fpv4-sp-d16
   4              		.eabi_attribute 27, 1
   5              		.eabi_attribute 28, 1
   6              		.eabi_attribute 20, 1
   7              		.eabi_attribute 21, 1
   8              		.eabi_attribute 23, 3
   9              		.eabi_attribute 24, 1
  10              		.eabi_attribute 25, 1
  11              		.eabi_attribute 26, 1
  12              		.eabi_attribute 30, 1
  13              		.eabi_attribute 34, 1
  14              		.eabi_attribute 18, 4
  15              		.file	"fxe_file_open.c"
  16              		.text
  17              	.Ltext0:
  18              		.cfi_sections	.debug_frame
  19              		.section	.text._fxe_file_open,"ax",%progbits
  20              		.align	1
  21              		.global	_fxe_file_open
  22              		.syntax unified
  23              		.thumb
  24              		.thumb_func
  26              	_fxe_file_open:
  27              	.LVL0:
  28              	.LFB8:
  29              		.file 1 "Middlewares/ST/filex/common/src/fxe_file_open.c"
   1:Middlewares/ST/filex/common/src/fxe_file_open.c **** /**************************************************************************/
   2:Middlewares/ST/filex/common/src/fxe_file_open.c **** /*                                                                        */
   3:Middlewares/ST/filex/common/src/fxe_file_open.c **** /*       Copyright (c) Microsoft Corporation. All rights reserved.        */
   4:Middlewares/ST/filex/common/src/fxe_file_open.c **** /*                                                                        */
   5:Middlewares/ST/filex/common/src/fxe_file_open.c **** /*       This software is licensed under the Microsoft Software License   */
   6:Middlewares/ST/filex/common/src/fxe_file_open.c **** /*       Terms for Microsoft Azure RTOS. Full text of the license can be  */
   7:Middlewares/ST/filex/common/src/fxe_file_open.c **** /*       found in the LICENSE file at https://aka.ms/AzureRTOS_EULA       */
   8:Middlewares/ST/filex/common/src/fxe_file_open.c **** /*       and in the root directory of this software.                      */
   9:Middlewares/ST/filex/common/src/fxe_file_open.c **** /*                                                                        */
  10:Middlewares/ST/filex/common/src/fxe_file_open.c **** /**************************************************************************/
  11:Middlewares/ST/filex/common/src/fxe_file_open.c **** 
  12:Middlewares/ST/filex/common/src/fxe_file_open.c **** 
  13:Middlewares/ST/filex/common/src/fxe_file_open.c **** /**************************************************************************/
  14:Middlewares/ST/filex/common/src/fxe_file_open.c **** /**************************************************************************/
  15:Middlewares/ST/filex/common/src/fxe_file_open.c **** /**                                                                       */
  16:Middlewares/ST/filex/common/src/fxe_file_open.c **** /** FileX Component                                                       */
  17:Middlewares/ST/filex/common/src/fxe_file_open.c **** /**                                                                       */
  18:Middlewares/ST/filex/common/src/fxe_file_open.c **** /**   File                                                                */
  19:Middlewares/ST/filex/common/src/fxe_file_open.c **** /**                                                                       */
  20:Middlewares/ST/filex/common/src/fxe_file_open.c **** /**************************************************************************/
  21:Middlewares/ST/filex/common/src/fxe_file_open.c **** /**************************************************************************/
  22:Middlewares/ST/filex/common/src/fxe_file_open.c **** 
  23:Middlewares/ST/filex/common/src/fxe_file_open.c **** #define FX_SOURCE_CODE
  24:Middlewares/ST/filex/common/src/fxe_file_open.c **** 
  25:Middlewares/ST/filex/common/src/fxe_file_open.c **** 
  26:Middlewares/ST/filex/common/src/fxe_file_open.c **** /* Include necessary system files.  */
  27:Middlewares/ST/filex/common/src/fxe_file_open.c **** 
  28:Middlewares/ST/filex/common/src/fxe_file_open.c **** #include "fx_api.h"
  29:Middlewares/ST/filex/common/src/fxe_file_open.c **** #include "fx_file.h"
ARM GAS  C:\Users\HP\AppData\Local\Temp\ccbV8cUJ.s 			page 2


  30:Middlewares/ST/filex/common/src/fxe_file_open.c **** 
  31:Middlewares/ST/filex/common/src/fxe_file_open.c **** 
  32:Middlewares/ST/filex/common/src/fxe_file_open.c **** FX_CALLER_CHECKING_EXTERNS
  33:Middlewares/ST/filex/common/src/fxe_file_open.c **** 
  34:Middlewares/ST/filex/common/src/fxe_file_open.c **** 
  35:Middlewares/ST/filex/common/src/fxe_file_open.c **** /**************************************************************************/
  36:Middlewares/ST/filex/common/src/fxe_file_open.c **** /*                                                                        */
  37:Middlewares/ST/filex/common/src/fxe_file_open.c **** /*  FUNCTION                                               RELEASE        */
  38:Middlewares/ST/filex/common/src/fxe_file_open.c **** /*                                                                        */
  39:Middlewares/ST/filex/common/src/fxe_file_open.c **** /*    _fxe_file_open                                      PORTABLE C      */
  40:Middlewares/ST/filex/common/src/fxe_file_open.c **** /*                                                           6.1          */
  41:Middlewares/ST/filex/common/src/fxe_file_open.c **** /*  AUTHOR                                                                */
  42:Middlewares/ST/filex/common/src/fxe_file_open.c **** /*                                                                        */
  43:Middlewares/ST/filex/common/src/fxe_file_open.c **** /*    William E. Lamie, Microsoft Corporation                             */
  44:Middlewares/ST/filex/common/src/fxe_file_open.c **** /*                                                                        */
  45:Middlewares/ST/filex/common/src/fxe_file_open.c **** /*  DESCRIPTION                                                           */
  46:Middlewares/ST/filex/common/src/fxe_file_open.c **** /*                                                                        */
  47:Middlewares/ST/filex/common/src/fxe_file_open.c **** /*    This function checks for errors in the file open call.              */
  48:Middlewares/ST/filex/common/src/fxe_file_open.c **** /*                                                                        */
  49:Middlewares/ST/filex/common/src/fxe_file_open.c **** /*  INPUT                                                                 */
  50:Middlewares/ST/filex/common/src/fxe_file_open.c **** /*                                                                        */
  51:Middlewares/ST/filex/common/src/fxe_file_open.c **** /*    media_ptr                             Media control block pointer   */
  52:Middlewares/ST/filex/common/src/fxe_file_open.c **** /*    file_ptr                              File control block pointer    */
  53:Middlewares/ST/filex/common/src/fxe_file_open.c **** /*    file_name                             Name pointer                  */
  54:Middlewares/ST/filex/common/src/fxe_file_open.c **** /*    open_type                             Type of open requested        */
  55:Middlewares/ST/filex/common/src/fxe_file_open.c **** /*    file_control_block_size               Size of FX_FILE structure     */
  56:Middlewares/ST/filex/common/src/fxe_file_open.c **** /*                                                                        */
  57:Middlewares/ST/filex/common/src/fxe_file_open.c **** /*  OUTPUT                                                                */
  58:Middlewares/ST/filex/common/src/fxe_file_open.c **** /*                                                                        */
  59:Middlewares/ST/filex/common/src/fxe_file_open.c **** /*    return status                                                       */
  60:Middlewares/ST/filex/common/src/fxe_file_open.c **** /*                                                                        */
  61:Middlewares/ST/filex/common/src/fxe_file_open.c **** /*  CALLS                                                                 */
  62:Middlewares/ST/filex/common/src/fxe_file_open.c **** /*                                                                        */
  63:Middlewares/ST/filex/common/src/fxe_file_open.c **** /*    _fx_file_open                         Actual open file service      */
  64:Middlewares/ST/filex/common/src/fxe_file_open.c **** /*                                                                        */
  65:Middlewares/ST/filex/common/src/fxe_file_open.c **** /*  CALLED BY                                                             */
  66:Middlewares/ST/filex/common/src/fxe_file_open.c **** /*                                                                        */
  67:Middlewares/ST/filex/common/src/fxe_file_open.c **** /*    Application Code                                                    */
  68:Middlewares/ST/filex/common/src/fxe_file_open.c **** /*                                                                        */
  69:Middlewares/ST/filex/common/src/fxe_file_open.c **** /*  RELEASE HISTORY                                                       */
  70:Middlewares/ST/filex/common/src/fxe_file_open.c **** /*                                                                        */
  71:Middlewares/ST/filex/common/src/fxe_file_open.c **** /*    DATE              NAME                      DESCRIPTION             */
  72:Middlewares/ST/filex/common/src/fxe_file_open.c **** /*                                                                        */
  73:Middlewares/ST/filex/common/src/fxe_file_open.c **** /*  05-19-2020     William E. Lamie         Initial Version 6.0           */
  74:Middlewares/ST/filex/common/src/fxe_file_open.c **** /*  09-30-2020     William E. Lamie         Modified comment(s),          */
  75:Middlewares/ST/filex/common/src/fxe_file_open.c **** /*                                            resulting in version 6.1    */
  76:Middlewares/ST/filex/common/src/fxe_file_open.c **** /*                                                                        */
  77:Middlewares/ST/filex/common/src/fxe_file_open.c **** /**************************************************************************/
  78:Middlewares/ST/filex/common/src/fxe_file_open.c **** UINT  _fxe_file_open(FX_MEDIA *media_ptr, FX_FILE *file_ptr, CHAR *file_name, UINT open_type, UINT 
  79:Middlewares/ST/filex/common/src/fxe_file_open.c **** {
  30              		.loc 1 79 1 view -0
  31              		.cfi_startproc
  32              		@ args = 4, pretend = 0, frame = 0
  33              		@ frame_needed = 0, uses_anonymous_args = 0
  80:Middlewares/ST/filex/common/src/fxe_file_open.c **** 
  81:Middlewares/ST/filex/common/src/fxe_file_open.c **** UINT     status;
  34              		.loc 1 81 1 view .LVU1
ARM GAS  C:\Users\HP\AppData\Local\Temp\ccbV8cUJ.s 			page 3


  82:Middlewares/ST/filex/common/src/fxe_file_open.c **** FX_FILE *current_file;
  35              		.loc 1 82 1 view .LVU2
  83:Middlewares/ST/filex/common/src/fxe_file_open.c **** ULONG    open_count;
  36              		.loc 1 83 1 view .LVU3
  84:Middlewares/ST/filex/common/src/fxe_file_open.c **** 
  85:Middlewares/ST/filex/common/src/fxe_file_open.c **** 
  86:Middlewares/ST/filex/common/src/fxe_file_open.c ****     /* Check for a null media or file pointer.  */
  87:Middlewares/ST/filex/common/src/fxe_file_open.c ****     if ((media_ptr == FX_NULL) || (media_ptr -> fx_media_id != FX_MEDIA_ID) || (file_ptr == FX_NULL
  37              		.loc 1 87 5 view .LVU4
  38              		.loc 1 87 8 is_stmt 0 view .LVU5
  39 0000 0028     		cmp	r0, #0
  40 0002 43D0     		beq	.L7
  79:Middlewares/ST/filex/common/src/fxe_file_open.c **** 
  41              		.loc 1 79 1 discriminator 1 view .LVU6
  42 0004 2DE9F041 		push	{r4, r5, r6, r7, r8, lr}
  43              	.LCFI0:
  44              		.cfi_def_cfa_offset 24
  45              		.cfi_offset 4, -24
  46              		.cfi_offset 5, -20
  47              		.cfi_offset 6, -16
  48              		.cfi_offset 7, -12
  49              		.cfi_offset 8, -8
  50              		.cfi_offset 14, -4
  51 0008 0C46     		mov	r4, r1
  52 000a 1646     		mov	r6, r2
  53 000c 1F46     		mov	r7, r3
  54 000e 0546     		mov	r5, r0
  55              		.loc 1 87 46 discriminator 1 view .LVU7
  56 0010 0268     		ldr	r2, [r0]
  57              	.LVL1:
  58              		.loc 1 87 32 discriminator 1 view .LVU8
  59 0012 284B     		ldr	r3, .L22
  60              	.LVL2:
  61              		.loc 1 87 32 discriminator 1 view .LVU9
  62 0014 9A42     		cmp	r2, r3
  63 0016 3BD1     		bne	.L8
  64              		.loc 1 87 77 discriminator 2 view .LVU10
  65 0018 0029     		cmp	r1, #0
  66 001a 3CD0     		beq	.L9
  67              		.loc 1 87 102 discriminator 3 view .LVU11
  68 001c 069B     		ldr	r3, [sp, #24]
  69 001e B3F5F07F 		cmp	r3, #480
  70 0022 3AD1     		bne	.L10
  88:Middlewares/ST/filex/common/src/fxe_file_open.c ****     {
  89:Middlewares/ST/filex/common/src/fxe_file_open.c ****         return(FX_PTR_ERROR);
  90:Middlewares/ST/filex/common/src/fxe_file_open.c ****     }
  91:Middlewares/ST/filex/common/src/fxe_file_open.c **** 
  92:Middlewares/ST/filex/common/src/fxe_file_open.c ****     /* Check for an invalid open type.  */
  93:Middlewares/ST/filex/common/src/fxe_file_open.c ****     if ((open_type != FX_OPEN_FOR_READ) && (open_type != FX_OPEN_FOR_READ_FAST) && (open_type != FX
  71              		.loc 1 93 5 is_stmt 1 view .LVU12
  72              		.loc 1 93 8 is_stmt 0 view .LVU13
  73 0024 1FB1     		cbz	r7, .L3
  74              		.loc 1 93 41 discriminator 1 view .LVU14
  75 0026 022F     		cmp	r7, #2
  76 0028 01D0     		beq	.L3
  77              		.loc 1 93 81 discriminator 2 view .LVU15
  78 002a 012F     		cmp	r7, #1
ARM GAS  C:\Users\HP\AppData\Local\Temp\ccbV8cUJ.s 			page 4


  79 002c 37D1     		bne	.L11
  80              	.L3:
  94:Middlewares/ST/filex/common/src/fxe_file_open.c ****     {
  95:Middlewares/ST/filex/common/src/fxe_file_open.c ****         return(FX_ACCESS_ERROR);
  96:Middlewares/ST/filex/common/src/fxe_file_open.c ****     }
  97:Middlewares/ST/filex/common/src/fxe_file_open.c **** 
  98:Middlewares/ST/filex/common/src/fxe_file_open.c ****     /* Check for a valid caller.  */
  99:Middlewares/ST/filex/common/src/fxe_file_open.c ****     FX_CALLER_CHECKING_CODE
  81              		.loc 1 99 5 is_stmt 1 view .LVU16
  82              	.LBB4:
  83              	.LBI4:
  84              		.file 2 "Middlewares/ST/threadx/ports/cortex_m4/gnu/inc/tx_port.h"
   1:Middlewares/ST/threadx/ports/cortex_m4/gnu/inc/tx_port.h **** /**************************************************************************/
   2:Middlewares/ST/threadx/ports/cortex_m4/gnu/inc/tx_port.h **** /*                                                                        */
   3:Middlewares/ST/threadx/ports/cortex_m4/gnu/inc/tx_port.h **** /*       Copyright (c) Microsoft Corporation. All rights reserved.        */
   4:Middlewares/ST/threadx/ports/cortex_m4/gnu/inc/tx_port.h **** /*                                                                        */
   5:Middlewares/ST/threadx/ports/cortex_m4/gnu/inc/tx_port.h **** /*       This software is licensed under the Microsoft Software License   */
   6:Middlewares/ST/threadx/ports/cortex_m4/gnu/inc/tx_port.h **** /*       Terms for Microsoft Azure RTOS. Full text of the license can be  */
   7:Middlewares/ST/threadx/ports/cortex_m4/gnu/inc/tx_port.h **** /*       found in the LICENSE file at https://aka.ms/AzureRTOS_EULA       */
   8:Middlewares/ST/threadx/ports/cortex_m4/gnu/inc/tx_port.h **** /*       and in the root directory of this software.                      */
   9:Middlewares/ST/threadx/ports/cortex_m4/gnu/inc/tx_port.h **** /*                                                                        */
  10:Middlewares/ST/threadx/ports/cortex_m4/gnu/inc/tx_port.h **** /**************************************************************************/
  11:Middlewares/ST/threadx/ports/cortex_m4/gnu/inc/tx_port.h **** 
  12:Middlewares/ST/threadx/ports/cortex_m4/gnu/inc/tx_port.h **** 
  13:Middlewares/ST/threadx/ports/cortex_m4/gnu/inc/tx_port.h **** /**************************************************************************/
  14:Middlewares/ST/threadx/ports/cortex_m4/gnu/inc/tx_port.h **** /**************************************************************************/
  15:Middlewares/ST/threadx/ports/cortex_m4/gnu/inc/tx_port.h **** /**                                                                       */
  16:Middlewares/ST/threadx/ports/cortex_m4/gnu/inc/tx_port.h **** /** ThreadX Component                                                     */
  17:Middlewares/ST/threadx/ports/cortex_m4/gnu/inc/tx_port.h **** /**                                                                       */
  18:Middlewares/ST/threadx/ports/cortex_m4/gnu/inc/tx_port.h **** /**   Port Specific                                                       */
  19:Middlewares/ST/threadx/ports/cortex_m4/gnu/inc/tx_port.h **** /**                                                                       */
  20:Middlewares/ST/threadx/ports/cortex_m4/gnu/inc/tx_port.h **** /**************************************************************************/
  21:Middlewares/ST/threadx/ports/cortex_m4/gnu/inc/tx_port.h **** /**************************************************************************/
  22:Middlewares/ST/threadx/ports/cortex_m4/gnu/inc/tx_port.h **** 
  23:Middlewares/ST/threadx/ports/cortex_m4/gnu/inc/tx_port.h **** 
  24:Middlewares/ST/threadx/ports/cortex_m4/gnu/inc/tx_port.h **** /**************************************************************************/
  25:Middlewares/ST/threadx/ports/cortex_m4/gnu/inc/tx_port.h **** /*                                                                        */
  26:Middlewares/ST/threadx/ports/cortex_m4/gnu/inc/tx_port.h **** /*  PORT SPECIFIC C INFORMATION                            RELEASE        */
  27:Middlewares/ST/threadx/ports/cortex_m4/gnu/inc/tx_port.h **** /*                                                                        */
  28:Middlewares/ST/threadx/ports/cortex_m4/gnu/inc/tx_port.h **** /*    tx_port.h                                         Cortex-M4/GNU     */
  29:Middlewares/ST/threadx/ports/cortex_m4/gnu/inc/tx_port.h **** /*                                                           6.1.12       */
  30:Middlewares/ST/threadx/ports/cortex_m4/gnu/inc/tx_port.h **** /*                                                                        */
  31:Middlewares/ST/threadx/ports/cortex_m4/gnu/inc/tx_port.h **** /*  AUTHOR                                                                */
  32:Middlewares/ST/threadx/ports/cortex_m4/gnu/inc/tx_port.h **** /*                                                                        */
  33:Middlewares/ST/threadx/ports/cortex_m4/gnu/inc/tx_port.h **** /*    Scott Larson, Microsoft Corporation                                 */
  34:Middlewares/ST/threadx/ports/cortex_m4/gnu/inc/tx_port.h **** /*                                                                        */
  35:Middlewares/ST/threadx/ports/cortex_m4/gnu/inc/tx_port.h **** /*  DESCRIPTION                                                           */
  36:Middlewares/ST/threadx/ports/cortex_m4/gnu/inc/tx_port.h **** /*                                                                        */
  37:Middlewares/ST/threadx/ports/cortex_m4/gnu/inc/tx_port.h **** /*    This file contains data type definitions that make the ThreadX      */
  38:Middlewares/ST/threadx/ports/cortex_m4/gnu/inc/tx_port.h **** /*    real-time kernel function identically on a variety of different     */
  39:Middlewares/ST/threadx/ports/cortex_m4/gnu/inc/tx_port.h **** /*    processor architectures.  For example, the size or number of bits   */
  40:Middlewares/ST/threadx/ports/cortex_m4/gnu/inc/tx_port.h **** /*    in an "int" data type vary between microprocessor architectures and */
  41:Middlewares/ST/threadx/ports/cortex_m4/gnu/inc/tx_port.h **** /*    even C compilers for the same microprocessor.  ThreadX does not     */
  42:Middlewares/ST/threadx/ports/cortex_m4/gnu/inc/tx_port.h **** /*    directly use native C data types.  Instead, ThreadX creates its     */
  43:Middlewares/ST/threadx/ports/cortex_m4/gnu/inc/tx_port.h **** /*    own special types that can be mapped to actual data types by this   */
  44:Middlewares/ST/threadx/ports/cortex_m4/gnu/inc/tx_port.h **** /*    file to guarantee consistency in the interface and functionality.   */
  45:Middlewares/ST/threadx/ports/cortex_m4/gnu/inc/tx_port.h **** /*                                                                        */
ARM GAS  C:\Users\HP\AppData\Local\Temp\ccbV8cUJ.s 			page 5


  46:Middlewares/ST/threadx/ports/cortex_m4/gnu/inc/tx_port.h **** /*    This file replaces the previous Cortex-M3/M4/M7 files. It unifies   */
  47:Middlewares/ST/threadx/ports/cortex_m4/gnu/inc/tx_port.h **** /*    the ARMv7-M architecture and compilers into one common file.        */
  48:Middlewares/ST/threadx/ports/cortex_m4/gnu/inc/tx_port.h **** /*                                                                        */
  49:Middlewares/ST/threadx/ports/cortex_m4/gnu/inc/tx_port.h **** /*  RELEASE HISTORY                                                       */
  50:Middlewares/ST/threadx/ports/cortex_m4/gnu/inc/tx_port.h **** /*                                                                        */
  51:Middlewares/ST/threadx/ports/cortex_m4/gnu/inc/tx_port.h **** /*    DATE              NAME                      DESCRIPTION             */
  52:Middlewares/ST/threadx/ports/cortex_m4/gnu/inc/tx_port.h **** /*                                                                        */
  53:Middlewares/ST/threadx/ports/cortex_m4/gnu/inc/tx_port.h **** /*  06-02-2021      Scott Larson            Initial Version 6.1.7         */
  54:Middlewares/ST/threadx/ports/cortex_m4/gnu/inc/tx_port.h **** /*  01-31-2022      Scott Larson            Modified comments, updated    */
  55:Middlewares/ST/threadx/ports/cortex_m4/gnu/inc/tx_port.h **** /*                                            typedef to fix misra        */
  56:Middlewares/ST/threadx/ports/cortex_m4/gnu/inc/tx_port.h **** /*                                            violation,                  */
  57:Middlewares/ST/threadx/ports/cortex_m4/gnu/inc/tx_port.h **** /*                                            fixed predefined macro,     */
  58:Middlewares/ST/threadx/ports/cortex_m4/gnu/inc/tx_port.h **** /*                                            resulting in version 6.1.10 */
  59:Middlewares/ST/threadx/ports/cortex_m4/gnu/inc/tx_port.h **** /*  04-25-2022      Scott Larson            Modified comments and added   */
  60:Middlewares/ST/threadx/ports/cortex_m4/gnu/inc/tx_port.h **** /*                                            volatile to registers,      */
  61:Middlewares/ST/threadx/ports/cortex_m4/gnu/inc/tx_port.h **** /*                                            resulting in version 6.1.11 */
  62:Middlewares/ST/threadx/ports/cortex_m4/gnu/inc/tx_port.h **** /*  07-29-2022      Scott Larson            Modified comments and         */
  63:Middlewares/ST/threadx/ports/cortex_m4/gnu/inc/tx_port.h **** /*                                            described BASEPRI usage,    */
  64:Middlewares/ST/threadx/ports/cortex_m4/gnu/inc/tx_port.h **** /*                                            resulting in version 6.1.12 */
  65:Middlewares/ST/threadx/ports/cortex_m4/gnu/inc/tx_port.h **** /*                                                                        */
  66:Middlewares/ST/threadx/ports/cortex_m4/gnu/inc/tx_port.h **** /**************************************************************************/
  67:Middlewares/ST/threadx/ports/cortex_m4/gnu/inc/tx_port.h **** 
  68:Middlewares/ST/threadx/ports/cortex_m4/gnu/inc/tx_port.h **** #ifndef TX_PORT_H
  69:Middlewares/ST/threadx/ports/cortex_m4/gnu/inc/tx_port.h **** #define TX_PORT_H
  70:Middlewares/ST/threadx/ports/cortex_m4/gnu/inc/tx_port.h **** 
  71:Middlewares/ST/threadx/ports/cortex_m4/gnu/inc/tx_port.h **** 
  72:Middlewares/ST/threadx/ports/cortex_m4/gnu/inc/tx_port.h **** /* Determine if the optional ThreadX user define file should be used.  */
  73:Middlewares/ST/threadx/ports/cortex_m4/gnu/inc/tx_port.h **** 
  74:Middlewares/ST/threadx/ports/cortex_m4/gnu/inc/tx_port.h **** #ifdef TX_INCLUDE_USER_DEFINE_FILE
  75:Middlewares/ST/threadx/ports/cortex_m4/gnu/inc/tx_port.h **** 
  76:Middlewares/ST/threadx/ports/cortex_m4/gnu/inc/tx_port.h **** /* Yes, include the user defines in tx_user.h. The defines in this file may
  77:Middlewares/ST/threadx/ports/cortex_m4/gnu/inc/tx_port.h ****    alternately be defined on the command line.  */
  78:Middlewares/ST/threadx/ports/cortex_m4/gnu/inc/tx_port.h **** 
  79:Middlewares/ST/threadx/ports/cortex_m4/gnu/inc/tx_port.h **** #include "tx_user.h"
  80:Middlewares/ST/threadx/ports/cortex_m4/gnu/inc/tx_port.h **** #endif
  81:Middlewares/ST/threadx/ports/cortex_m4/gnu/inc/tx_port.h **** 
  82:Middlewares/ST/threadx/ports/cortex_m4/gnu/inc/tx_port.h **** 
  83:Middlewares/ST/threadx/ports/cortex_m4/gnu/inc/tx_port.h **** /* Define compiler library include files.  */
  84:Middlewares/ST/threadx/ports/cortex_m4/gnu/inc/tx_port.h **** 
  85:Middlewares/ST/threadx/ports/cortex_m4/gnu/inc/tx_port.h **** #include <stdlib.h>
  86:Middlewares/ST/threadx/ports/cortex_m4/gnu/inc/tx_port.h **** #include <string.h>
  87:Middlewares/ST/threadx/ports/cortex_m4/gnu/inc/tx_port.h **** 
  88:Middlewares/ST/threadx/ports/cortex_m4/gnu/inc/tx_port.h **** #ifdef __ICCARM__
  89:Middlewares/ST/threadx/ports/cortex_m4/gnu/inc/tx_port.h **** #include <intrinsics.h>                     /* IAR Intrinsics */
  90:Middlewares/ST/threadx/ports/cortex_m4/gnu/inc/tx_port.h **** #define __asm__ __asm                       /* Define to make all inline asm look similar */
  91:Middlewares/ST/threadx/ports/cortex_m4/gnu/inc/tx_port.h **** #ifdef  TX_ENABLE_IAR_LIBRARY_SUPPORT
  92:Middlewares/ST/threadx/ports/cortex_m4/gnu/inc/tx_port.h **** #include <yvals.h>
  93:Middlewares/ST/threadx/ports/cortex_m4/gnu/inc/tx_port.h **** #endif
  94:Middlewares/ST/threadx/ports/cortex_m4/gnu/inc/tx_port.h **** #endif /* __ICCARM__ */
  95:Middlewares/ST/threadx/ports/cortex_m4/gnu/inc/tx_port.h **** 
  96:Middlewares/ST/threadx/ports/cortex_m4/gnu/inc/tx_port.h **** #ifdef __ghs__
  97:Middlewares/ST/threadx/ports/cortex_m4/gnu/inc/tx_port.h **** #include <arm_ghs.h>
  98:Middlewares/ST/threadx/ports/cortex_m4/gnu/inc/tx_port.h **** #include "tx_ghs.h"
  99:Middlewares/ST/threadx/ports/cortex_m4/gnu/inc/tx_port.h **** #endif  /* __ghs__ */
 100:Middlewares/ST/threadx/ports/cortex_m4/gnu/inc/tx_port.h **** 
 101:Middlewares/ST/threadx/ports/cortex_m4/gnu/inc/tx_port.h **** 
 102:Middlewares/ST/threadx/ports/cortex_m4/gnu/inc/tx_port.h **** #if !defined(__GNUC__) && !defined(__CC_ARM)
ARM GAS  C:\Users\HP\AppData\Local\Temp\ccbV8cUJ.s 			page 6


 103:Middlewares/ST/threadx/ports/cortex_m4/gnu/inc/tx_port.h **** #define __get_control_value __get_CONTROL
 104:Middlewares/ST/threadx/ports/cortex_m4/gnu/inc/tx_port.h **** #define __set_control_value __set_CONTROL
 105:Middlewares/ST/threadx/ports/cortex_m4/gnu/inc/tx_port.h **** #endif
 106:Middlewares/ST/threadx/ports/cortex_m4/gnu/inc/tx_port.h **** 
 107:Middlewares/ST/threadx/ports/cortex_m4/gnu/inc/tx_port.h **** #ifndef __GNUC__
 108:Middlewares/ST/threadx/ports/cortex_m4/gnu/inc/tx_port.h **** #define __get_ipsr_value __get_IPSR
 109:Middlewares/ST/threadx/ports/cortex_m4/gnu/inc/tx_port.h **** #endif
 110:Middlewares/ST/threadx/ports/cortex_m4/gnu/inc/tx_port.h **** 
 111:Middlewares/ST/threadx/ports/cortex_m4/gnu/inc/tx_port.h **** /* Define ThreadX basic types for this port.  */
 112:Middlewares/ST/threadx/ports/cortex_m4/gnu/inc/tx_port.h **** 
 113:Middlewares/ST/threadx/ports/cortex_m4/gnu/inc/tx_port.h **** #define VOID                                    void
 114:Middlewares/ST/threadx/ports/cortex_m4/gnu/inc/tx_port.h **** typedef char                                    CHAR;
 115:Middlewares/ST/threadx/ports/cortex_m4/gnu/inc/tx_port.h **** typedef unsigned char                           UCHAR;
 116:Middlewares/ST/threadx/ports/cortex_m4/gnu/inc/tx_port.h **** typedef int                                     INT;
 117:Middlewares/ST/threadx/ports/cortex_m4/gnu/inc/tx_port.h **** typedef unsigned int                            UINT;
 118:Middlewares/ST/threadx/ports/cortex_m4/gnu/inc/tx_port.h **** typedef long                                    LONG;
 119:Middlewares/ST/threadx/ports/cortex_m4/gnu/inc/tx_port.h **** typedef unsigned long                           ULONG;
 120:Middlewares/ST/threadx/ports/cortex_m4/gnu/inc/tx_port.h **** typedef unsigned long long                      ULONG64;
 121:Middlewares/ST/threadx/ports/cortex_m4/gnu/inc/tx_port.h **** typedef short                                   SHORT;
 122:Middlewares/ST/threadx/ports/cortex_m4/gnu/inc/tx_port.h **** typedef unsigned short                          USHORT;
 123:Middlewares/ST/threadx/ports/cortex_m4/gnu/inc/tx_port.h **** #define ULONG64_DEFINED
 124:Middlewares/ST/threadx/ports/cortex_m4/gnu/inc/tx_port.h **** 
 125:Middlewares/ST/threadx/ports/cortex_m4/gnu/inc/tx_port.h **** /* Define the priority levels for ThreadX.  Legal values range
 126:Middlewares/ST/threadx/ports/cortex_m4/gnu/inc/tx_port.h ****    from 32 to 1024 and MUST be evenly divisible by 32.  */
 127:Middlewares/ST/threadx/ports/cortex_m4/gnu/inc/tx_port.h **** 
 128:Middlewares/ST/threadx/ports/cortex_m4/gnu/inc/tx_port.h **** #ifndef TX_MAX_PRIORITIES
 129:Middlewares/ST/threadx/ports/cortex_m4/gnu/inc/tx_port.h **** #define TX_MAX_PRIORITIES                       32
 130:Middlewares/ST/threadx/ports/cortex_m4/gnu/inc/tx_port.h **** #endif
 131:Middlewares/ST/threadx/ports/cortex_m4/gnu/inc/tx_port.h **** 
 132:Middlewares/ST/threadx/ports/cortex_m4/gnu/inc/tx_port.h **** 
 133:Middlewares/ST/threadx/ports/cortex_m4/gnu/inc/tx_port.h **** /* Define the minimum stack for a ThreadX thread on this processor. If the size supplied during
 134:Middlewares/ST/threadx/ports/cortex_m4/gnu/inc/tx_port.h ****    thread creation is less than this value, the thread create call will return an error.  */
 135:Middlewares/ST/threadx/ports/cortex_m4/gnu/inc/tx_port.h **** 
 136:Middlewares/ST/threadx/ports/cortex_m4/gnu/inc/tx_port.h **** #ifndef TX_MINIMUM_STACK
 137:Middlewares/ST/threadx/ports/cortex_m4/gnu/inc/tx_port.h **** #define TX_MINIMUM_STACK                        200         /* Minimum stack size for this port  */
 138:Middlewares/ST/threadx/ports/cortex_m4/gnu/inc/tx_port.h **** #endif
 139:Middlewares/ST/threadx/ports/cortex_m4/gnu/inc/tx_port.h **** 
 140:Middlewares/ST/threadx/ports/cortex_m4/gnu/inc/tx_port.h **** 
 141:Middlewares/ST/threadx/ports/cortex_m4/gnu/inc/tx_port.h **** /* Define the system timer thread's default stack size and priority.  These are only applicable
 142:Middlewares/ST/threadx/ports/cortex_m4/gnu/inc/tx_port.h ****    if TX_TIMER_PROCESS_IN_ISR is not defined.  */
 143:Middlewares/ST/threadx/ports/cortex_m4/gnu/inc/tx_port.h **** 
 144:Middlewares/ST/threadx/ports/cortex_m4/gnu/inc/tx_port.h **** #ifndef TX_TIMER_THREAD_STACK_SIZE
 145:Middlewares/ST/threadx/ports/cortex_m4/gnu/inc/tx_port.h **** #define TX_TIMER_THREAD_STACK_SIZE              1024        /* Default timer thread stack size  */
 146:Middlewares/ST/threadx/ports/cortex_m4/gnu/inc/tx_port.h **** #endif
 147:Middlewares/ST/threadx/ports/cortex_m4/gnu/inc/tx_port.h **** 
 148:Middlewares/ST/threadx/ports/cortex_m4/gnu/inc/tx_port.h **** #ifndef TX_TIMER_THREAD_PRIORITY
 149:Middlewares/ST/threadx/ports/cortex_m4/gnu/inc/tx_port.h **** #define TX_TIMER_THREAD_PRIORITY                0           /* Default timer thread priority    */
 150:Middlewares/ST/threadx/ports/cortex_m4/gnu/inc/tx_port.h **** #endif
 151:Middlewares/ST/threadx/ports/cortex_m4/gnu/inc/tx_port.h **** 
 152:Middlewares/ST/threadx/ports/cortex_m4/gnu/inc/tx_port.h **** /* By default, ThreadX for Cortex-M uses the PRIMASK register to enable/disable interrupts.
 153:Middlewares/ST/threadx/ports/cortex_m4/gnu/inc/tx_port.h **** If using BASEPRI is desired, define the following two symbols for both c and assembly files:
 154:Middlewares/ST/threadx/ports/cortex_m4/gnu/inc/tx_port.h **** TX_PORT_USE_BASEPRI - This tells ThreadX to use BASEPRI instead of PRIMASK.
 155:Middlewares/ST/threadx/ports/cortex_m4/gnu/inc/tx_port.h **** TX_PORT_BASEPRI = (priority_mask << (8 - number_priority_bits)) - this defines the maximum priority
 156:Middlewares/ST/threadx/ports/cortex_m4/gnu/inc/tx_port.h **** Any interrupt with a higher priority than priority_mask will not be masked, thus the interrupt will
 157:Middlewares/ST/threadx/ports/cortex_m4/gnu/inc/tx_port.h **** */
 158:Middlewares/ST/threadx/ports/cortex_m4/gnu/inc/tx_port.h **** 
 159:Middlewares/ST/threadx/ports/cortex_m4/gnu/inc/tx_port.h **** /* Define various constants for the ThreadX Cortex-M port.  */
ARM GAS  C:\Users\HP\AppData\Local\Temp\ccbV8cUJ.s 			page 7


 160:Middlewares/ST/threadx/ports/cortex_m4/gnu/inc/tx_port.h **** 
 161:Middlewares/ST/threadx/ports/cortex_m4/gnu/inc/tx_port.h **** #define TX_INT_DISABLE                          1           /* Disable interrupts               */
 162:Middlewares/ST/threadx/ports/cortex_m4/gnu/inc/tx_port.h **** #define TX_INT_ENABLE                           0           /* Enable interrupts                */
 163:Middlewares/ST/threadx/ports/cortex_m4/gnu/inc/tx_port.h **** 
 164:Middlewares/ST/threadx/ports/cortex_m4/gnu/inc/tx_port.h **** 
 165:Middlewares/ST/threadx/ports/cortex_m4/gnu/inc/tx_port.h **** /* Define the clock source for trace event entry time stamp. The following two item are port specif
 166:Middlewares/ST/threadx/ports/cortex_m4/gnu/inc/tx_port.h ****    For example, if the time source is at the address 0x0a800024 and is 16-bits in size, the clock
 167:Middlewares/ST/threadx/ports/cortex_m4/gnu/inc/tx_port.h ****    source constants would be:
 168:Middlewares/ST/threadx/ports/cortex_m4/gnu/inc/tx_port.h **** 
 169:Middlewares/ST/threadx/ports/cortex_m4/gnu/inc/tx_port.h **** #define TX_TRACE_TIME_SOURCE                    *((volatile ULONG *) 0x0a800024)
 170:Middlewares/ST/threadx/ports/cortex_m4/gnu/inc/tx_port.h **** #define TX_TRACE_TIME_MASK                      0x0000FFFFUL
 171:Middlewares/ST/threadx/ports/cortex_m4/gnu/inc/tx_port.h **** 
 172:Middlewares/ST/threadx/ports/cortex_m4/gnu/inc/tx_port.h **** */
 173:Middlewares/ST/threadx/ports/cortex_m4/gnu/inc/tx_port.h **** 
 174:Middlewares/ST/threadx/ports/cortex_m4/gnu/inc/tx_port.h **** #ifndef TX_MISRA_ENABLE
 175:Middlewares/ST/threadx/ports/cortex_m4/gnu/inc/tx_port.h **** #ifndef TX_TRACE_TIME_SOURCE
 176:Middlewares/ST/threadx/ports/cortex_m4/gnu/inc/tx_port.h **** #define TX_TRACE_TIME_SOURCE                    *((volatile ULONG *) 0xE0001004)
 177:Middlewares/ST/threadx/ports/cortex_m4/gnu/inc/tx_port.h **** #endif
 178:Middlewares/ST/threadx/ports/cortex_m4/gnu/inc/tx_port.h **** #else
 179:Middlewares/ST/threadx/ports/cortex_m4/gnu/inc/tx_port.h **** ULONG   _tx_misra_time_stamp_get(VOID);
 180:Middlewares/ST/threadx/ports/cortex_m4/gnu/inc/tx_port.h **** #define TX_TRACE_TIME_SOURCE                    _tx_misra_time_stamp_get()
 181:Middlewares/ST/threadx/ports/cortex_m4/gnu/inc/tx_port.h **** #endif
 182:Middlewares/ST/threadx/ports/cortex_m4/gnu/inc/tx_port.h **** 
 183:Middlewares/ST/threadx/ports/cortex_m4/gnu/inc/tx_port.h **** #ifndef TX_TRACE_TIME_MASK
 184:Middlewares/ST/threadx/ports/cortex_m4/gnu/inc/tx_port.h **** #define TX_TRACE_TIME_MASK                      0xFFFFFFFFUL
 185:Middlewares/ST/threadx/ports/cortex_m4/gnu/inc/tx_port.h **** #endif
 186:Middlewares/ST/threadx/ports/cortex_m4/gnu/inc/tx_port.h **** 
 187:Middlewares/ST/threadx/ports/cortex_m4/gnu/inc/tx_port.h **** #ifdef __ghs__
 188:Middlewares/ST/threadx/ports/cortex_m4/gnu/inc/tx_port.h **** /* Define constants for Green Hills EventAnalyzer.  */
 189:Middlewares/ST/threadx/ports/cortex_m4/gnu/inc/tx_port.h **** 
 190:Middlewares/ST/threadx/ports/cortex_m4/gnu/inc/tx_port.h **** /* Define the number of ticks per second. This informs the EventAnalyzer what the timestamps
 191:Middlewares/ST/threadx/ports/cortex_m4/gnu/inc/tx_port.h ****    represent.  By default, this is set to 1,000,000 i.e., one tick every microsecond. */
 192:Middlewares/ST/threadx/ports/cortex_m4/gnu/inc/tx_port.h **** 
 193:Middlewares/ST/threadx/ports/cortex_m4/gnu/inc/tx_port.h **** #define TX_EL_TICKS_PER_SECOND                  1000000
 194:Middlewares/ST/threadx/ports/cortex_m4/gnu/inc/tx_port.h **** 
 195:Middlewares/ST/threadx/ports/cortex_m4/gnu/inc/tx_port.h **** /* Define the method of how to get the upper and lower 32-bits of the time stamp. By default, simpl
 196:Middlewares/ST/threadx/ports/cortex_m4/gnu/inc/tx_port.h ****    simulate the time-stamp source with a counter.  */
 197:Middlewares/ST/threadx/ports/cortex_m4/gnu/inc/tx_port.h **** 
 198:Middlewares/ST/threadx/ports/cortex_m4/gnu/inc/tx_port.h **** #define read_tbu()                              _tx_el_time_base_upper
 199:Middlewares/ST/threadx/ports/cortex_m4/gnu/inc/tx_port.h **** #define read_tbl()                              ++_tx_el_time_base_lower
 200:Middlewares/ST/threadx/ports/cortex_m4/gnu/inc/tx_port.h **** #endif  /* __ghs__ */
 201:Middlewares/ST/threadx/ports/cortex_m4/gnu/inc/tx_port.h **** 
 202:Middlewares/ST/threadx/ports/cortex_m4/gnu/inc/tx_port.h **** /* Define the port specific options for the _tx_build_options variable. This variable indicates
 203:Middlewares/ST/threadx/ports/cortex_m4/gnu/inc/tx_port.h ****    how the ThreadX library was built.  */
 204:Middlewares/ST/threadx/ports/cortex_m4/gnu/inc/tx_port.h **** 
 205:Middlewares/ST/threadx/ports/cortex_m4/gnu/inc/tx_port.h **** #define TX_PORT_SPECIFIC_BUILD_OPTIONS          (0)
 206:Middlewares/ST/threadx/ports/cortex_m4/gnu/inc/tx_port.h **** 
 207:Middlewares/ST/threadx/ports/cortex_m4/gnu/inc/tx_port.h **** 
 208:Middlewares/ST/threadx/ports/cortex_m4/gnu/inc/tx_port.h **** /* Define the in-line initialization constant so that modules with in-line
 209:Middlewares/ST/threadx/ports/cortex_m4/gnu/inc/tx_port.h ****    initialization capabilities can prevent their initialization from being
 210:Middlewares/ST/threadx/ports/cortex_m4/gnu/inc/tx_port.h ****    a function call.  */
 211:Middlewares/ST/threadx/ports/cortex_m4/gnu/inc/tx_port.h **** 
 212:Middlewares/ST/threadx/ports/cortex_m4/gnu/inc/tx_port.h **** #ifdef TX_MISRA_ENABLE
 213:Middlewares/ST/threadx/ports/cortex_m4/gnu/inc/tx_port.h **** #define TX_DISABLE_INLINE
 214:Middlewares/ST/threadx/ports/cortex_m4/gnu/inc/tx_port.h **** #else
 215:Middlewares/ST/threadx/ports/cortex_m4/gnu/inc/tx_port.h **** #define TX_INLINE_INITIALIZATION
 216:Middlewares/ST/threadx/ports/cortex_m4/gnu/inc/tx_port.h **** #endif
ARM GAS  C:\Users\HP\AppData\Local\Temp\ccbV8cUJ.s 			page 8


 217:Middlewares/ST/threadx/ports/cortex_m4/gnu/inc/tx_port.h **** 
 218:Middlewares/ST/threadx/ports/cortex_m4/gnu/inc/tx_port.h **** 
 219:Middlewares/ST/threadx/ports/cortex_m4/gnu/inc/tx_port.h **** /* Determine whether or not stack checking is enabled. By default, ThreadX stack checking is
 220:Middlewares/ST/threadx/ports/cortex_m4/gnu/inc/tx_port.h ****    disabled. When the following is defined, ThreadX thread stack checking is enabled.  If stack
 221:Middlewares/ST/threadx/ports/cortex_m4/gnu/inc/tx_port.h ****    checking is enabled (TX_ENABLE_STACK_CHECKING is defined), the TX_DISABLE_STACK_FILLING
 222:Middlewares/ST/threadx/ports/cortex_m4/gnu/inc/tx_port.h ****    define is negated, thereby forcing the stack fill which is necessary for the stack checking
 223:Middlewares/ST/threadx/ports/cortex_m4/gnu/inc/tx_port.h ****    logic.  */
 224:Middlewares/ST/threadx/ports/cortex_m4/gnu/inc/tx_port.h **** 
 225:Middlewares/ST/threadx/ports/cortex_m4/gnu/inc/tx_port.h **** #ifndef TX_MISRA_ENABLE
 226:Middlewares/ST/threadx/ports/cortex_m4/gnu/inc/tx_port.h **** #ifdef TX_ENABLE_STACK_CHECKING
 227:Middlewares/ST/threadx/ports/cortex_m4/gnu/inc/tx_port.h **** #undef TX_DISABLE_STACK_FILLING
 228:Middlewares/ST/threadx/ports/cortex_m4/gnu/inc/tx_port.h **** #endif
 229:Middlewares/ST/threadx/ports/cortex_m4/gnu/inc/tx_port.h **** #endif
 230:Middlewares/ST/threadx/ports/cortex_m4/gnu/inc/tx_port.h **** 
 231:Middlewares/ST/threadx/ports/cortex_m4/gnu/inc/tx_port.h **** 
 232:Middlewares/ST/threadx/ports/cortex_m4/gnu/inc/tx_port.h **** /* Define the TX_THREAD control block extensions for this port. The main reason
 233:Middlewares/ST/threadx/ports/cortex_m4/gnu/inc/tx_port.h ****    for the multiple macros is so that backward compatibility can be maintained with
 234:Middlewares/ST/threadx/ports/cortex_m4/gnu/inc/tx_port.h ****    existing ThreadX kernel awareness modules.  */
 235:Middlewares/ST/threadx/ports/cortex_m4/gnu/inc/tx_port.h **** 
 236:Middlewares/ST/threadx/ports/cortex_m4/gnu/inc/tx_port.h **** #define TX_THREAD_EXTENSION_0
 237:Middlewares/ST/threadx/ports/cortex_m4/gnu/inc/tx_port.h **** #define TX_THREAD_EXTENSION_1
 238:Middlewares/ST/threadx/ports/cortex_m4/gnu/inc/tx_port.h **** #ifdef  TX_ENABLE_IAR_LIBRARY_SUPPORT
 239:Middlewares/ST/threadx/ports/cortex_m4/gnu/inc/tx_port.h **** #define TX_THREAD_EXTENSION_2           VOID    *tx_thread_iar_tls_pointer;
 240:Middlewares/ST/threadx/ports/cortex_m4/gnu/inc/tx_port.h **** #elif defined(__ghs__)
 241:Middlewares/ST/threadx/ports/cortex_m4/gnu/inc/tx_port.h **** #define TX_THREAD_EXTENSION_2           VOID *  tx_thread_eh_globals;                           \
 242:Middlewares/ST/threadx/ports/cortex_m4/gnu/inc/tx_port.h ****                                         int     Errno;             /* errno.  */                \
 243:Middlewares/ST/threadx/ports/cortex_m4/gnu/inc/tx_port.h ****                                         char *  strtok_saved_pos;  /* strtok() position.  */
 244:Middlewares/ST/threadx/ports/cortex_m4/gnu/inc/tx_port.h **** #else
 245:Middlewares/ST/threadx/ports/cortex_m4/gnu/inc/tx_port.h **** #define TX_THREAD_EXTENSION_2
 246:Middlewares/ST/threadx/ports/cortex_m4/gnu/inc/tx_port.h **** #endif
 247:Middlewares/ST/threadx/ports/cortex_m4/gnu/inc/tx_port.h **** 
 248:Middlewares/ST/threadx/ports/cortex_m4/gnu/inc/tx_port.h **** 
 249:Middlewares/ST/threadx/ports/cortex_m4/gnu/inc/tx_port.h **** #define TX_THREAD_EXTENSION_3
 250:Middlewares/ST/threadx/ports/cortex_m4/gnu/inc/tx_port.h **** 
 251:Middlewares/ST/threadx/ports/cortex_m4/gnu/inc/tx_port.h **** 
 252:Middlewares/ST/threadx/ports/cortex_m4/gnu/inc/tx_port.h **** 
 253:Middlewares/ST/threadx/ports/cortex_m4/gnu/inc/tx_port.h **** /* Define the port extensions of the remaining ThreadX objects.  */
 254:Middlewares/ST/threadx/ports/cortex_m4/gnu/inc/tx_port.h **** 
 255:Middlewares/ST/threadx/ports/cortex_m4/gnu/inc/tx_port.h **** #define TX_BLOCK_POOL_EXTENSION
 256:Middlewares/ST/threadx/ports/cortex_m4/gnu/inc/tx_port.h **** #define TX_BYTE_POOL_EXTENSION
 257:Middlewares/ST/threadx/ports/cortex_m4/gnu/inc/tx_port.h **** #define TX_EVENT_FLAGS_GROUP_EXTENSION
 258:Middlewares/ST/threadx/ports/cortex_m4/gnu/inc/tx_port.h **** #define TX_MUTEX_EXTENSION
 259:Middlewares/ST/threadx/ports/cortex_m4/gnu/inc/tx_port.h **** #define TX_QUEUE_EXTENSION
 260:Middlewares/ST/threadx/ports/cortex_m4/gnu/inc/tx_port.h **** #define TX_SEMAPHORE_EXTENSION
 261:Middlewares/ST/threadx/ports/cortex_m4/gnu/inc/tx_port.h **** #define TX_TIMER_EXTENSION
 262:Middlewares/ST/threadx/ports/cortex_m4/gnu/inc/tx_port.h **** 
 263:Middlewares/ST/threadx/ports/cortex_m4/gnu/inc/tx_port.h **** 
 264:Middlewares/ST/threadx/ports/cortex_m4/gnu/inc/tx_port.h **** /* Define the user extension field of the thread control block.  Nothing
 265:Middlewares/ST/threadx/ports/cortex_m4/gnu/inc/tx_port.h ****    additional is needed for this port so it is defined as white space.  */
 266:Middlewares/ST/threadx/ports/cortex_m4/gnu/inc/tx_port.h **** 
 267:Middlewares/ST/threadx/ports/cortex_m4/gnu/inc/tx_port.h **** #ifndef TX_THREAD_USER_EXTENSION
 268:Middlewares/ST/threadx/ports/cortex_m4/gnu/inc/tx_port.h **** #define TX_THREAD_USER_EXTENSION
 269:Middlewares/ST/threadx/ports/cortex_m4/gnu/inc/tx_port.h **** #endif
 270:Middlewares/ST/threadx/ports/cortex_m4/gnu/inc/tx_port.h **** 
 271:Middlewares/ST/threadx/ports/cortex_m4/gnu/inc/tx_port.h **** 
 272:Middlewares/ST/threadx/ports/cortex_m4/gnu/inc/tx_port.h **** /* Define the macros for processing extensions in tx_thread_create, tx_thread_delete,
 273:Middlewares/ST/threadx/ports/cortex_m4/gnu/inc/tx_port.h ****    tx_thread_shell_entry, and tx_thread_terminate.  */
ARM GAS  C:\Users\HP\AppData\Local\Temp\ccbV8cUJ.s 			page 9


 274:Middlewares/ST/threadx/ports/cortex_m4/gnu/inc/tx_port.h **** 
 275:Middlewares/ST/threadx/ports/cortex_m4/gnu/inc/tx_port.h **** 
 276:Middlewares/ST/threadx/ports/cortex_m4/gnu/inc/tx_port.h **** #ifdef  TX_ENABLE_IAR_LIBRARY_SUPPORT
 277:Middlewares/ST/threadx/ports/cortex_m4/gnu/inc/tx_port.h **** #if (__VER__ < 8000000)
 278:Middlewares/ST/threadx/ports/cortex_m4/gnu/inc/tx_port.h **** #define TX_THREAD_CREATE_EXTENSION(thread_ptr)                      thread_ptr -> tx_thread_iar_tls
 279:Middlewares/ST/threadx/ports/cortex_m4/gnu/inc/tx_port.h **** #define TX_THREAD_DELETE_EXTENSION(thread_ptr)                      __iar_dlib_perthread_deallocate
 280:Middlewares/ST/threadx/ports/cortex_m4/gnu/inc/tx_port.h ****                                                                     thread_ptr -> tx_thread_iar_tls
 281:Middlewares/ST/threadx/ports/cortex_m4/gnu/inc/tx_port.h **** #define TX_PORT_SPECIFIC_PRE_SCHEDULER_INITIALIZATION               __iar_dlib_perthread_access(0);
 282:Middlewares/ST/threadx/ports/cortex_m4/gnu/inc/tx_port.h **** #else
 283:Middlewares/ST/threadx/ports/cortex_m4/gnu/inc/tx_port.h **** void    *_tx_iar_create_per_thread_tls_area(void);
 284:Middlewares/ST/threadx/ports/cortex_m4/gnu/inc/tx_port.h **** void    _tx_iar_destroy_per_thread_tls_area(void *tls_ptr);
 285:Middlewares/ST/threadx/ports/cortex_m4/gnu/inc/tx_port.h **** void    __iar_Initlocks(void);
 286:Middlewares/ST/threadx/ports/cortex_m4/gnu/inc/tx_port.h **** 
 287:Middlewares/ST/threadx/ports/cortex_m4/gnu/inc/tx_port.h **** #define TX_THREAD_CREATE_EXTENSION(thread_ptr)                      thread_ptr -> tx_thread_iar_tls
 288:Middlewares/ST/threadx/ports/cortex_m4/gnu/inc/tx_port.h **** #define TX_THREAD_DELETE_EXTENSION(thread_ptr)                      do {_tx_iar_destroy_per_thread_
 289:Middlewares/ST/threadx/ports/cortex_m4/gnu/inc/tx_port.h ****                                                                         thread_ptr -> tx_thread_iar
 290:Middlewares/ST/threadx/ports/cortex_m4/gnu/inc/tx_port.h **** #define TX_PORT_SPECIFIC_PRE_SCHEDULER_INITIALIZATION               do {__iar_Initlocks();} while(0
 291:Middlewares/ST/threadx/ports/cortex_m4/gnu/inc/tx_port.h **** #endif
 292:Middlewares/ST/threadx/ports/cortex_m4/gnu/inc/tx_port.h **** #else
 293:Middlewares/ST/threadx/ports/cortex_m4/gnu/inc/tx_port.h **** #define TX_THREAD_CREATE_EXTENSION(thread_ptr)
 294:Middlewares/ST/threadx/ports/cortex_m4/gnu/inc/tx_port.h **** #define TX_THREAD_DELETE_EXTENSION(thread_ptr)
 295:Middlewares/ST/threadx/ports/cortex_m4/gnu/inc/tx_port.h **** #endif
 296:Middlewares/ST/threadx/ports/cortex_m4/gnu/inc/tx_port.h **** 
 297:Middlewares/ST/threadx/ports/cortex_m4/gnu/inc/tx_port.h **** #if defined(__ARMVFP__) || defined(__ARM_PCS_VFP) || defined(__ARM_FP) || defined(__TARGET_FPU_VFP)
 298:Middlewares/ST/threadx/ports/cortex_m4/gnu/inc/tx_port.h **** 
 299:Middlewares/ST/threadx/ports/cortex_m4/gnu/inc/tx_port.h **** #ifdef TX_MISRA_ENABLE
 300:Middlewares/ST/threadx/ports/cortex_m4/gnu/inc/tx_port.h **** 
 301:Middlewares/ST/threadx/ports/cortex_m4/gnu/inc/tx_port.h **** ULONG  _tx_misra_control_get(void);
 302:Middlewares/ST/threadx/ports/cortex_m4/gnu/inc/tx_port.h **** void   _tx_misra_control_set(ULONG value);
 303:Middlewares/ST/threadx/ports/cortex_m4/gnu/inc/tx_port.h **** ULONG  _tx_misra_fpccr_get(void);
 304:Middlewares/ST/threadx/ports/cortex_m4/gnu/inc/tx_port.h **** void   _tx_misra_vfp_touch(void);
 305:Middlewares/ST/threadx/ports/cortex_m4/gnu/inc/tx_port.h **** 
 306:Middlewares/ST/threadx/ports/cortex_m4/gnu/inc/tx_port.h **** #else   /* TX_MISRA_ENABLE not defined */
 307:Middlewares/ST/threadx/ports/cortex_m4/gnu/inc/tx_port.h **** 
 308:Middlewares/ST/threadx/ports/cortex_m4/gnu/inc/tx_port.h **** /* Define some helper functions (these are intrinsics in some compilers). */
 309:Middlewares/ST/threadx/ports/cortex_m4/gnu/inc/tx_port.h **** #ifdef __GNUC__ /* GCC and ARM Compiler 6 */
 310:Middlewares/ST/threadx/ports/cortex_m4/gnu/inc/tx_port.h **** 
 311:Middlewares/ST/threadx/ports/cortex_m4/gnu/inc/tx_port.h **** __attribute__( ( always_inline ) ) static inline ULONG __get_control_value(void)
 312:Middlewares/ST/threadx/ports/cortex_m4/gnu/inc/tx_port.h **** {
 313:Middlewares/ST/threadx/ports/cortex_m4/gnu/inc/tx_port.h **** ULONG  control_value;
 314:Middlewares/ST/threadx/ports/cortex_m4/gnu/inc/tx_port.h **** 
 315:Middlewares/ST/threadx/ports/cortex_m4/gnu/inc/tx_port.h ****     __asm__ volatile (" MRS  %0,CONTROL ": "=r" (control_value) );
 316:Middlewares/ST/threadx/ports/cortex_m4/gnu/inc/tx_port.h ****     return(control_value);
 317:Middlewares/ST/threadx/ports/cortex_m4/gnu/inc/tx_port.h **** }
 318:Middlewares/ST/threadx/ports/cortex_m4/gnu/inc/tx_port.h **** 
 319:Middlewares/ST/threadx/ports/cortex_m4/gnu/inc/tx_port.h **** __attribute__( ( always_inline ) ) static inline void __set_control_value(ULONG control_value)
 320:Middlewares/ST/threadx/ports/cortex_m4/gnu/inc/tx_port.h **** {
 321:Middlewares/ST/threadx/ports/cortex_m4/gnu/inc/tx_port.h ****     __asm__ volatile (" MSR  CONTROL,%0": : "r" (control_value): "memory" );
 322:Middlewares/ST/threadx/ports/cortex_m4/gnu/inc/tx_port.h **** }
 323:Middlewares/ST/threadx/ports/cortex_m4/gnu/inc/tx_port.h **** 
 324:Middlewares/ST/threadx/ports/cortex_m4/gnu/inc/tx_port.h **** #define TX_VFP_TOUCH()  __asm__ volatile ("VMOV.F32 s0, s0");
 325:Middlewares/ST/threadx/ports/cortex_m4/gnu/inc/tx_port.h **** 
 326:Middlewares/ST/threadx/ports/cortex_m4/gnu/inc/tx_port.h **** #elif defined(__CC_ARM) /* ARM Compiler 5 */
 327:Middlewares/ST/threadx/ports/cortex_m4/gnu/inc/tx_port.h **** 
 328:Middlewares/ST/threadx/ports/cortex_m4/gnu/inc/tx_port.h **** __attribute__( ( always_inline ) ) ULONG __get_control_value(void)
 329:Middlewares/ST/threadx/ports/cortex_m4/gnu/inc/tx_port.h **** {
 330:Middlewares/ST/threadx/ports/cortex_m4/gnu/inc/tx_port.h **** ULONG  control_value;
ARM GAS  C:\Users\HP\AppData\Local\Temp\ccbV8cUJ.s 			page 10


 331:Middlewares/ST/threadx/ports/cortex_m4/gnu/inc/tx_port.h **** 
 332:Middlewares/ST/threadx/ports/cortex_m4/gnu/inc/tx_port.h ****     __asm volatile ("MRS control_value,CONTROL");
 333:Middlewares/ST/threadx/ports/cortex_m4/gnu/inc/tx_port.h ****     return(control_value);
 334:Middlewares/ST/threadx/ports/cortex_m4/gnu/inc/tx_port.h **** }
 335:Middlewares/ST/threadx/ports/cortex_m4/gnu/inc/tx_port.h **** 
 336:Middlewares/ST/threadx/ports/cortex_m4/gnu/inc/tx_port.h **** __attribute__( ( always_inline ) ) void __set_control_value(ULONG control_value)
 337:Middlewares/ST/threadx/ports/cortex_m4/gnu/inc/tx_port.h **** {
 338:Middlewares/ST/threadx/ports/cortex_m4/gnu/inc/tx_port.h ****     __asm__ volatile ("MSR CONTROL,control_value");
 339:Middlewares/ST/threadx/ports/cortex_m4/gnu/inc/tx_port.h **** }
 340:Middlewares/ST/threadx/ports/cortex_m4/gnu/inc/tx_port.h **** /* Can't access VFP registers with inline asm, so define this in tx_thread_schedule.  */
 341:Middlewares/ST/threadx/ports/cortex_m4/gnu/inc/tx_port.h **** void _tx_vfp_access(void);
 342:Middlewares/ST/threadx/ports/cortex_m4/gnu/inc/tx_port.h **** #define TX_VFP_TOUCH()  _tx_vfp_access();
 343:Middlewares/ST/threadx/ports/cortex_m4/gnu/inc/tx_port.h **** 
 344:Middlewares/ST/threadx/ports/cortex_m4/gnu/inc/tx_port.h **** #elif defined(__ICCARM__)  /* IAR */
 345:Middlewares/ST/threadx/ports/cortex_m4/gnu/inc/tx_port.h **** #define TX_VFP_TOUCH()  __asm__ volatile ("VMOV.F32 s0, s0");
 346:Middlewares/ST/threadx/ports/cortex_m4/gnu/inc/tx_port.h **** #endif  /* Helper functions for different compilers */
 347:Middlewares/ST/threadx/ports/cortex_m4/gnu/inc/tx_port.h **** 
 348:Middlewares/ST/threadx/ports/cortex_m4/gnu/inc/tx_port.h **** #endif  /* TX_MISRA_ENABLE */
 349:Middlewares/ST/threadx/ports/cortex_m4/gnu/inc/tx_port.h **** 
 350:Middlewares/ST/threadx/ports/cortex_m4/gnu/inc/tx_port.h **** 
 351:Middlewares/ST/threadx/ports/cortex_m4/gnu/inc/tx_port.h **** /* A completed thread falls into _thread_shell_entry and we can simply deactivate the FPU via CONTR
 352:Middlewares/ST/threadx/ports/cortex_m4/gnu/inc/tx_port.h ****    in order to ensure no lazy stacking will occur. */
 353:Middlewares/ST/threadx/ports/cortex_m4/gnu/inc/tx_port.h **** 
 354:Middlewares/ST/threadx/ports/cortex_m4/gnu/inc/tx_port.h **** #ifndef TX_MISRA_ENABLE
 355:Middlewares/ST/threadx/ports/cortex_m4/gnu/inc/tx_port.h **** 
 356:Middlewares/ST/threadx/ports/cortex_m4/gnu/inc/tx_port.h **** #define TX_THREAD_COMPLETED_EXTENSION(thread_ptr)   {                                              
 357:Middlewares/ST/threadx/ports/cortex_m4/gnu/inc/tx_port.h ****                                                     ULONG  _tx_vfp_state;                          
 358:Middlewares/ST/threadx/ports/cortex_m4/gnu/inc/tx_port.h ****                                                         _tx_vfp_state =  __get_control_value();    
 359:Middlewares/ST/threadx/ports/cortex_m4/gnu/inc/tx_port.h ****                                                         _tx_vfp_state =  _tx_vfp_state & ~((ULONG) 
 360:Middlewares/ST/threadx/ports/cortex_m4/gnu/inc/tx_port.h ****                                                         __set_control_value(_tx_vfp_state);        
 361:Middlewares/ST/threadx/ports/cortex_m4/gnu/inc/tx_port.h ****                                                     }
 362:Middlewares/ST/threadx/ports/cortex_m4/gnu/inc/tx_port.h **** #else
 363:Middlewares/ST/threadx/ports/cortex_m4/gnu/inc/tx_port.h **** 
 364:Middlewares/ST/threadx/ports/cortex_m4/gnu/inc/tx_port.h **** #define TX_THREAD_COMPLETED_EXTENSION(thread_ptr)   {                                              
 365:Middlewares/ST/threadx/ports/cortex_m4/gnu/inc/tx_port.h ****                                                     ULONG  _tx_vfp_state;                          
 366:Middlewares/ST/threadx/ports/cortex_m4/gnu/inc/tx_port.h ****                                                         _tx_vfp_state =  _tx_misra_control_get();  
 367:Middlewares/ST/threadx/ports/cortex_m4/gnu/inc/tx_port.h ****                                                         _tx_vfp_state =  _tx_vfp_state & ~((ULONG) 
 368:Middlewares/ST/threadx/ports/cortex_m4/gnu/inc/tx_port.h ****                                                         _tx_misra_control_set(_tx_vfp_state);      
 369:Middlewares/ST/threadx/ports/cortex_m4/gnu/inc/tx_port.h ****                                                     }
 370:Middlewares/ST/threadx/ports/cortex_m4/gnu/inc/tx_port.h **** 
 371:Middlewares/ST/threadx/ports/cortex_m4/gnu/inc/tx_port.h **** #endif
 372:Middlewares/ST/threadx/ports/cortex_m4/gnu/inc/tx_port.h **** 
 373:Middlewares/ST/threadx/ports/cortex_m4/gnu/inc/tx_port.h **** /* A thread can be terminated by another thread, so we first check if it's self-terminating and not
 374:Middlewares/ST/threadx/ports/cortex_m4/gnu/inc/tx_port.h ****    If so, deactivate the FPU via CONTROL.FPCA. Otherwise we are in an interrupt or another thread i
 375:Middlewares/ST/threadx/ports/cortex_m4/gnu/inc/tx_port.h ****    this one, so if the FPCCR.LSPACT bit is set, we need to save the CONTROL.FPCA state, touch the F
 376:Middlewares/ST/threadx/ports/cortex_m4/gnu/inc/tx_port.h ****    the lazy FPU save, then restore the CONTROL.FPCA state. */
 377:Middlewares/ST/threadx/ports/cortex_m4/gnu/inc/tx_port.h **** 
 378:Middlewares/ST/threadx/ports/cortex_m4/gnu/inc/tx_port.h **** #ifndef TX_MISRA_ENABLE
 379:Middlewares/ST/threadx/ports/cortex_m4/gnu/inc/tx_port.h **** 
 380:Middlewares/ST/threadx/ports/cortex_m4/gnu/inc/tx_port.h **** #define TX_THREAD_TERMINATED_EXTENSION(thread_ptr)  {                                              
 381:Middlewares/ST/threadx/ports/cortex_m4/gnu/inc/tx_port.h ****                                                     ULONG  _tx_system_state;                       
 382:Middlewares/ST/threadx/ports/cortex_m4/gnu/inc/tx_port.h ****                                                         _tx_system_state =  TX_THREAD_GET_SYSTEM_ST
 383:Middlewares/ST/threadx/ports/cortex_m4/gnu/inc/tx_port.h ****                                                         if ((_tx_system_state == ((ULONG) 0)) && ((
 384:Middlewares/ST/threadx/ports/cortex_m4/gnu/inc/tx_port.h ****                                                         {                                          
 385:Middlewares/ST/threadx/ports/cortex_m4/gnu/inc/tx_port.h ****                                                         ULONG  _tx_vfp_state;                      
 386:Middlewares/ST/threadx/ports/cortex_m4/gnu/inc/tx_port.h ****                                                             _tx_vfp_state =  __get_control_value();
 387:Middlewares/ST/threadx/ports/cortex_m4/gnu/inc/tx_port.h ****                                                             _tx_vfp_state =  _tx_vfp_state & ~((ULO
ARM GAS  C:\Users\HP\AppData\Local\Temp\ccbV8cUJ.s 			page 11


 388:Middlewares/ST/threadx/ports/cortex_m4/gnu/inc/tx_port.h ****                                                             __set_control_value(_tx_vfp_state);    
 389:Middlewares/ST/threadx/ports/cortex_m4/gnu/inc/tx_port.h ****                                                         }                                          
 390:Middlewares/ST/threadx/ports/cortex_m4/gnu/inc/tx_port.h ****                                                         else                                       
 391:Middlewares/ST/threadx/ports/cortex_m4/gnu/inc/tx_port.h ****                                                         {                                          
 392:Middlewares/ST/threadx/ports/cortex_m4/gnu/inc/tx_port.h ****                                                         ULONG  _tx_fpccr;                          
 393:Middlewares/ST/threadx/ports/cortex_m4/gnu/inc/tx_port.h ****                                                             _tx_fpccr =  *((volatile ULONG *) 0xE00
 394:Middlewares/ST/threadx/ports/cortex_m4/gnu/inc/tx_port.h ****                                                             _tx_fpccr =  _tx_fpccr & ((ULONG) 0x01)
 395:Middlewares/ST/threadx/ports/cortex_m4/gnu/inc/tx_port.h ****                                                             if (_tx_fpccr == ((ULONG) 0x01))       
 396:Middlewares/ST/threadx/ports/cortex_m4/gnu/inc/tx_port.h ****                                                             {                                      
 397:Middlewares/ST/threadx/ports/cortex_m4/gnu/inc/tx_port.h ****                                                             ULONG _tx_vfp_state;                   
 398:Middlewares/ST/threadx/ports/cortex_m4/gnu/inc/tx_port.h ****                                                                 _tx_vfp_state = __get_control_value
 399:Middlewares/ST/threadx/ports/cortex_m4/gnu/inc/tx_port.h ****                                                                 _tx_vfp_state =  _tx_vfp_state & ((
 400:Middlewares/ST/threadx/ports/cortex_m4/gnu/inc/tx_port.h ****                                                                 TX_VFP_TOUCH();                    
 401:Middlewares/ST/threadx/ports/cortex_m4/gnu/inc/tx_port.h ****                                                                 if (_tx_vfp_state == ((ULONG) 0))  
 402:Middlewares/ST/threadx/ports/cortex_m4/gnu/inc/tx_port.h ****                                                                 {                                  
 403:Middlewares/ST/threadx/ports/cortex_m4/gnu/inc/tx_port.h ****                                                                     _tx_vfp_state =  __get_control_
 404:Middlewares/ST/threadx/ports/cortex_m4/gnu/inc/tx_port.h ****                                                                     _tx_vfp_state =  _tx_vfp_state 
 405:Middlewares/ST/threadx/ports/cortex_m4/gnu/inc/tx_port.h ****                                                                     __set_control_value(_tx_vfp_sta
 406:Middlewares/ST/threadx/ports/cortex_m4/gnu/inc/tx_port.h ****                                                                 }                                  
 407:Middlewares/ST/threadx/ports/cortex_m4/gnu/inc/tx_port.h ****                                                             }                                      
 408:Middlewares/ST/threadx/ports/cortex_m4/gnu/inc/tx_port.h ****                                                         }                                          
 409:Middlewares/ST/threadx/ports/cortex_m4/gnu/inc/tx_port.h ****                                                     }
 410:Middlewares/ST/threadx/ports/cortex_m4/gnu/inc/tx_port.h **** #else
 411:Middlewares/ST/threadx/ports/cortex_m4/gnu/inc/tx_port.h **** 
 412:Middlewares/ST/threadx/ports/cortex_m4/gnu/inc/tx_port.h **** #define TX_THREAD_TERMINATED_EXTENSION(thread_ptr)  {                                              
 413:Middlewares/ST/threadx/ports/cortex_m4/gnu/inc/tx_port.h ****                                                     ULONG  _tx_system_state;                       
 414:Middlewares/ST/threadx/ports/cortex_m4/gnu/inc/tx_port.h ****                                                         _tx_system_state =  TX_THREAD_GET_SYSTEM_ST
 415:Middlewares/ST/threadx/ports/cortex_m4/gnu/inc/tx_port.h ****                                                         if ((_tx_system_state == ((ULONG) 0)) && ((
 416:Middlewares/ST/threadx/ports/cortex_m4/gnu/inc/tx_port.h ****                                                         {                                          
 417:Middlewares/ST/threadx/ports/cortex_m4/gnu/inc/tx_port.h ****                                                         ULONG  _tx_vfp_state;                      
 418:Middlewares/ST/threadx/ports/cortex_m4/gnu/inc/tx_port.h ****                                                             _tx_vfp_state =  _tx_misra_control_get(
 419:Middlewares/ST/threadx/ports/cortex_m4/gnu/inc/tx_port.h ****                                                             _tx_vfp_state =  _tx_vfp_state & ~((ULO
 420:Middlewares/ST/threadx/ports/cortex_m4/gnu/inc/tx_port.h ****                                                             _tx_misra_control_set(_tx_vfp_state);  
 421:Middlewares/ST/threadx/ports/cortex_m4/gnu/inc/tx_port.h ****                                                         }                                          
 422:Middlewares/ST/threadx/ports/cortex_m4/gnu/inc/tx_port.h ****                                                         else                                       
 423:Middlewares/ST/threadx/ports/cortex_m4/gnu/inc/tx_port.h ****                                                         {                                          
 424:Middlewares/ST/threadx/ports/cortex_m4/gnu/inc/tx_port.h ****                                                         ULONG  _tx_fpccr;                          
 425:Middlewares/ST/threadx/ports/cortex_m4/gnu/inc/tx_port.h ****                                                             _tx_fpccr =  _tx_misra_fpccr_get();    
 426:Middlewares/ST/threadx/ports/cortex_m4/gnu/inc/tx_port.h ****                                                             _tx_fpccr =  _tx_fpccr & ((ULONG) 0x01)
 427:Middlewares/ST/threadx/ports/cortex_m4/gnu/inc/tx_port.h ****                                                             if (_tx_fpccr == ((ULONG) 0x01))       
 428:Middlewares/ST/threadx/ports/cortex_m4/gnu/inc/tx_port.h ****                                                             {                                      
 429:Middlewares/ST/threadx/ports/cortex_m4/gnu/inc/tx_port.h ****                                                             ULONG _tx_vfp_state;                   
 430:Middlewares/ST/threadx/ports/cortex_m4/gnu/inc/tx_port.h ****                                                                 _tx_vfp_state = _tx_misra_control_g
 431:Middlewares/ST/threadx/ports/cortex_m4/gnu/inc/tx_port.h ****                                                                 _tx_vfp_state =  _tx_vfp_state & ((
 432:Middlewares/ST/threadx/ports/cortex_m4/gnu/inc/tx_port.h ****                                                                 _tx_misra_vfp_touch();             
 433:Middlewares/ST/threadx/ports/cortex_m4/gnu/inc/tx_port.h ****                                                                 if (_tx_vfp_state == ((ULONG) 0))  
 434:Middlewares/ST/threadx/ports/cortex_m4/gnu/inc/tx_port.h ****                                                                 {                                  
 435:Middlewares/ST/threadx/ports/cortex_m4/gnu/inc/tx_port.h ****                                                                     _tx_vfp_state =  _tx_misra_cont
 436:Middlewares/ST/threadx/ports/cortex_m4/gnu/inc/tx_port.h ****                                                                     _tx_vfp_state =  _tx_vfp_state 
 437:Middlewares/ST/threadx/ports/cortex_m4/gnu/inc/tx_port.h ****                                                                     _tx_misra_control_set(_tx_vfp_s
 438:Middlewares/ST/threadx/ports/cortex_m4/gnu/inc/tx_port.h ****                                                                 }                                  
 439:Middlewares/ST/threadx/ports/cortex_m4/gnu/inc/tx_port.h ****                                                             }                                      
 440:Middlewares/ST/threadx/ports/cortex_m4/gnu/inc/tx_port.h ****                                                         }                                          
 441:Middlewares/ST/threadx/ports/cortex_m4/gnu/inc/tx_port.h ****                                                     }
 442:Middlewares/ST/threadx/ports/cortex_m4/gnu/inc/tx_port.h **** #endif
 443:Middlewares/ST/threadx/ports/cortex_m4/gnu/inc/tx_port.h **** 
 444:Middlewares/ST/threadx/ports/cortex_m4/gnu/inc/tx_port.h **** #else   /* No VFP in use */
ARM GAS  C:\Users\HP\AppData\Local\Temp\ccbV8cUJ.s 			page 12


 445:Middlewares/ST/threadx/ports/cortex_m4/gnu/inc/tx_port.h **** 
 446:Middlewares/ST/threadx/ports/cortex_m4/gnu/inc/tx_port.h **** #define TX_THREAD_COMPLETED_EXTENSION(thread_ptr)
 447:Middlewares/ST/threadx/ports/cortex_m4/gnu/inc/tx_port.h **** #define TX_THREAD_TERMINATED_EXTENSION(thread_ptr)
 448:Middlewares/ST/threadx/ports/cortex_m4/gnu/inc/tx_port.h **** 
 449:Middlewares/ST/threadx/ports/cortex_m4/gnu/inc/tx_port.h **** #endif  /* defined(__ARMVFP__) || defined(__ARM_PCS_VFP) || defined(__ARM_FP) || defined(__TARGET_F
 450:Middlewares/ST/threadx/ports/cortex_m4/gnu/inc/tx_port.h **** 
 451:Middlewares/ST/threadx/ports/cortex_m4/gnu/inc/tx_port.h **** 
 452:Middlewares/ST/threadx/ports/cortex_m4/gnu/inc/tx_port.h **** /* Define the ThreadX object creation extensions for the remaining objects.  */
 453:Middlewares/ST/threadx/ports/cortex_m4/gnu/inc/tx_port.h **** 
 454:Middlewares/ST/threadx/ports/cortex_m4/gnu/inc/tx_port.h **** #define TX_BLOCK_POOL_CREATE_EXTENSION(pool_ptr)
 455:Middlewares/ST/threadx/ports/cortex_m4/gnu/inc/tx_port.h **** #define TX_BYTE_POOL_CREATE_EXTENSION(pool_ptr)
 456:Middlewares/ST/threadx/ports/cortex_m4/gnu/inc/tx_port.h **** #define TX_EVENT_FLAGS_GROUP_CREATE_EXTENSION(group_ptr)
 457:Middlewares/ST/threadx/ports/cortex_m4/gnu/inc/tx_port.h **** #define TX_MUTEX_CREATE_EXTENSION(mutex_ptr)
 458:Middlewares/ST/threadx/ports/cortex_m4/gnu/inc/tx_port.h **** #define TX_QUEUE_CREATE_EXTENSION(queue_ptr)
 459:Middlewares/ST/threadx/ports/cortex_m4/gnu/inc/tx_port.h **** #define TX_SEMAPHORE_CREATE_EXTENSION(semaphore_ptr)
 460:Middlewares/ST/threadx/ports/cortex_m4/gnu/inc/tx_port.h **** #define TX_TIMER_CREATE_EXTENSION(timer_ptr)
 461:Middlewares/ST/threadx/ports/cortex_m4/gnu/inc/tx_port.h **** 
 462:Middlewares/ST/threadx/ports/cortex_m4/gnu/inc/tx_port.h **** 
 463:Middlewares/ST/threadx/ports/cortex_m4/gnu/inc/tx_port.h **** /* Define the ThreadX object deletion extensions for the remaining objects.  */
 464:Middlewares/ST/threadx/ports/cortex_m4/gnu/inc/tx_port.h **** 
 465:Middlewares/ST/threadx/ports/cortex_m4/gnu/inc/tx_port.h **** #define TX_BLOCK_POOL_DELETE_EXTENSION(pool_ptr)
 466:Middlewares/ST/threadx/ports/cortex_m4/gnu/inc/tx_port.h **** #define TX_BYTE_POOL_DELETE_EXTENSION(pool_ptr)
 467:Middlewares/ST/threadx/ports/cortex_m4/gnu/inc/tx_port.h **** #define TX_EVENT_FLAGS_GROUP_DELETE_EXTENSION(group_ptr)
 468:Middlewares/ST/threadx/ports/cortex_m4/gnu/inc/tx_port.h **** #define TX_MUTEX_DELETE_EXTENSION(mutex_ptr)
 469:Middlewares/ST/threadx/ports/cortex_m4/gnu/inc/tx_port.h **** #define TX_QUEUE_DELETE_EXTENSION(queue_ptr)
 470:Middlewares/ST/threadx/ports/cortex_m4/gnu/inc/tx_port.h **** #define TX_SEMAPHORE_DELETE_EXTENSION(semaphore_ptr)
 471:Middlewares/ST/threadx/ports/cortex_m4/gnu/inc/tx_port.h **** #define TX_TIMER_DELETE_EXTENSION(timer_ptr)
 472:Middlewares/ST/threadx/ports/cortex_m4/gnu/inc/tx_port.h **** 
 473:Middlewares/ST/threadx/ports/cortex_m4/gnu/inc/tx_port.h **** 
 474:Middlewares/ST/threadx/ports/cortex_m4/gnu/inc/tx_port.h **** /* Define the get system state macro.  */
 475:Middlewares/ST/threadx/ports/cortex_m4/gnu/inc/tx_port.h **** 
 476:Middlewares/ST/threadx/ports/cortex_m4/gnu/inc/tx_port.h **** #ifndef TX_THREAD_GET_SYSTEM_STATE
 477:Middlewares/ST/threadx/ports/cortex_m4/gnu/inc/tx_port.h **** #ifndef TX_MISRA_ENABLE
 478:Middlewares/ST/threadx/ports/cortex_m4/gnu/inc/tx_port.h **** 
 479:Middlewares/ST/threadx/ports/cortex_m4/gnu/inc/tx_port.h **** #ifdef __CC_ARM /* ARM Compiler 5 */
 480:Middlewares/ST/threadx/ports/cortex_m4/gnu/inc/tx_port.h **** 
 481:Middlewares/ST/threadx/ports/cortex_m4/gnu/inc/tx_port.h **** register unsigned int _ipsr __asm("ipsr");
 482:Middlewares/ST/threadx/ports/cortex_m4/gnu/inc/tx_port.h **** #define TX_THREAD_GET_SYSTEM_STATE()        (_tx_thread_system_state | _ipsr)
 483:Middlewares/ST/threadx/ports/cortex_m4/gnu/inc/tx_port.h **** 
 484:Middlewares/ST/threadx/ports/cortex_m4/gnu/inc/tx_port.h **** #elif defined(__GNUC__) /* GCC and ARM Compiler 6 */
 485:Middlewares/ST/threadx/ports/cortex_m4/gnu/inc/tx_port.h **** 
 486:Middlewares/ST/threadx/ports/cortex_m4/gnu/inc/tx_port.h **** __attribute__( ( always_inline ) ) static inline unsigned int __get_ipsr_value(void)
  85              		.loc 2 486 63 view .LVU17
  86              	.LBB5:
 487:Middlewares/ST/threadx/ports/cortex_m4/gnu/inc/tx_port.h **** {
 488:Middlewares/ST/threadx/ports/cortex_m4/gnu/inc/tx_port.h **** unsigned int  ipsr_value;
  87              		.loc 2 488 1 view .LVU18
 489:Middlewares/ST/threadx/ports/cortex_m4/gnu/inc/tx_port.h ****     __asm__ volatile (" MRS  %0,IPSR ": "=r" (ipsr_value) );
  88              		.loc 2 489 5 view .LVU19
  89              		.syntax unified
  90              	@ 489 "Middlewares/ST/threadx/ports/cortex_m4/gnu/inc/tx_port.h" 1
  91 002e EFF30583 		 MRS  r3,IPSR 
  92              	@ 0 "" 2
  93              	.LVL3:
 490:Middlewares/ST/threadx/ports/cortex_m4/gnu/inc/tx_port.h ****     return(ipsr_value);
  94              		.loc 2 490 5 view .LVU20
  95              		.loc 2 490 5 is_stmt 0 view .LVU21
ARM GAS  C:\Users\HP\AppData\Local\Temp\ccbV8cUJ.s 			page 13


  96              		.thumb
  97              		.syntax unified
  98              	.LBE5:
  99              	.LBE4:
 100              		.loc 1 99 5 view .LVU22
 101 0032 214A     		ldr	r2, .L22+4
 102 0034 1268     		ldr	r2, [r2]
 103 0036 1343     		orrs	r3, r2, r3
 104 0038 33D1     		bne	.L12
 105              		.loc 1 99 5 discriminator 2 view .LVU23
 106 003a 204B     		ldr	r3, .L22+8
 107 003c 1B68     		ldr	r3, [r3]
 108 003e 93B3     		cbz	r3, .L13
 109              		.loc 1 99 5 discriminator 4 view .LVU24
 110 0040 1F4A     		ldr	r2, .L22+12
 111 0042 9342     		cmp	r3, r2
 112 0044 31D0     		beq	.L14
 100:Middlewares/ST/filex/common/src/fxe_file_open.c **** 
 101:Middlewares/ST/filex/common/src/fxe_file_open.c ****     /* Get protection.  */
 102:Middlewares/ST/filex/common/src/fxe_file_open.c ****     FX_PROTECT
 113              		.loc 1 102 5 is_stmt 1 discriminator 2 view .LVU25
 114              		.loc 1 102 5 discriminator 2 view .LVU26
 115 0046 05F5E478 		add	r8, r5, #456
 116 004a 4FF0FF31 		mov	r1, #-1
 117              	.LVL4:
 118              		.loc 1 102 5 is_stmt 0 discriminator 2 view .LVU27
 119 004e 4046     		mov	r0, r8
 120              	.LVL5:
 121              		.loc 1 102 5 discriminator 2 view .LVU28
 122 0050 FFF7FEFF 		bl	_tx_mutex_get
 123              	.LVL6:
 124 0054 58BB     		cbnz	r0, .L15
 103:Middlewares/ST/filex/common/src/fxe_file_open.c **** 
 104:Middlewares/ST/filex/common/src/fxe_file_open.c ****     /* Check for a duplicate file open.  */
 105:Middlewares/ST/filex/common/src/fxe_file_open.c **** 
 106:Middlewares/ST/filex/common/src/fxe_file_open.c ****     /* Loop to search the list for the same file handle.  */
 107:Middlewares/ST/filex/common/src/fxe_file_open.c ****     current_file =  media_ptr -> fx_media_opened_file_list;
 125              		.loc 1 107 5 is_stmt 1 view .LVU29
 126              		.loc 1 107 18 is_stmt 0 view .LVU30
 127 0056 D5F8C800 		ldr	r0, [r5, #200]
 128              	.LVL7:
 108:Middlewares/ST/filex/common/src/fxe_file_open.c ****     open_count =    media_ptr -> fx_media_opened_file_count;
 129              		.loc 1 108 5 is_stmt 1 view .LVU31
 130              		.loc 1 108 16 is_stmt 0 view .LVU32
 131 005a D5F8CC10 		ldr	r1, [r5, #204]
 132              	.LVL8:
 109:Middlewares/ST/filex/common/src/fxe_file_open.c **** 
 110:Middlewares/ST/filex/common/src/fxe_file_open.c ****     while (open_count--)
 133              		.loc 1 110 5 is_stmt 1 view .LVU33
 134              	.L4:
 135              		.loc 1 110 11 view .LVU34
 136              		.loc 1 110 22 is_stmt 0 view .LVU35
 137 005e 01F1FF3C 		add	ip, r1, #-1
 138              	.LVL9:
 139              		.loc 1 110 11 view .LVU36
 140 0062 49B1     		cbz	r1, .L20
 111:Middlewares/ST/filex/common/src/fxe_file_open.c ****     {
ARM GAS  C:\Users\HP\AppData\Local\Temp\ccbV8cUJ.s 			page 14


 112:Middlewares/ST/filex/common/src/fxe_file_open.c **** 
 113:Middlewares/ST/filex/common/src/fxe_file_open.c ****         /* See if a match exists.  */
 114:Middlewares/ST/filex/common/src/fxe_file_open.c ****         if (file_ptr == current_file)
 141              		.loc 1 114 9 is_stmt 1 view .LVU37
 142              		.loc 1 114 12 is_stmt 0 view .LVU38
 143 0064 A042     		cmp	r0, r4
 144 0066 02D0     		beq	.L21
 115:Middlewares/ST/filex/common/src/fxe_file_open.c ****         {
 116:Middlewares/ST/filex/common/src/fxe_file_open.c **** 
 117:Middlewares/ST/filex/common/src/fxe_file_open.c ****             /* Release protection.  */
 118:Middlewares/ST/filex/common/src/fxe_file_open.c ****             FX_UNPROTECT
 119:Middlewares/ST/filex/common/src/fxe_file_open.c **** 
 120:Middlewares/ST/filex/common/src/fxe_file_open.c ****             /* Return error.  */
 121:Middlewares/ST/filex/common/src/fxe_file_open.c ****             return(FX_PTR_ERROR);
 122:Middlewares/ST/filex/common/src/fxe_file_open.c ****         }
 123:Middlewares/ST/filex/common/src/fxe_file_open.c **** 
 124:Middlewares/ST/filex/common/src/fxe_file_open.c ****         /* Move to the next opened file.  */
 125:Middlewares/ST/filex/common/src/fxe_file_open.c ****         current_file =  current_file -> fx_file_opened_next;
 145              		.loc 1 125 9 is_stmt 1 view .LVU39
 146              		.loc 1 125 22 is_stmt 0 view .LVU40
 147 0068 C06D     		ldr	r0, [r0, #92]
 148              	.LVL10:
 110:Middlewares/ST/filex/common/src/fxe_file_open.c ****     {
 149              		.loc 1 110 22 view .LVU41
 150 006a 6146     		mov	r1, ip
 151 006c F7E7     		b	.L4
 152              	.L21:
 118:Middlewares/ST/filex/common/src/fxe_file_open.c **** 
 153              		.loc 1 118 13 is_stmt 1 view .LVU42
 154 006e 4046     		mov	r0, r8
 155              	.LVL11:
 118:Middlewares/ST/filex/common/src/fxe_file_open.c **** 
 156              		.loc 1 118 13 is_stmt 0 view .LVU43
 157 0070 FFF7FEFF 		bl	_tx_mutex_put
 158              	.LVL12:
 121:Middlewares/ST/filex/common/src/fxe_file_open.c ****         }
 159              		.loc 1 121 13 is_stmt 1 view .LVU44
 121:Middlewares/ST/filex/common/src/fxe_file_open.c ****         }
 160              		.loc 1 121 19 is_stmt 0 view .LVU45
 161 0074 1820     		movs	r0, #24
 162 0076 0CE0     		b	.L1
 163              	.LVL13:
 164              	.L20:
 126:Middlewares/ST/filex/common/src/fxe_file_open.c ****     }
 127:Middlewares/ST/filex/common/src/fxe_file_open.c **** 
 128:Middlewares/ST/filex/common/src/fxe_file_open.c ****     /* Release protection.  */
 129:Middlewares/ST/filex/common/src/fxe_file_open.c ****     FX_UNPROTECT
 165              		.loc 1 129 5 is_stmt 1 view .LVU46
 166 0078 4046     		mov	r0, r8
 167              	.LVL14:
 168              		.loc 1 129 5 is_stmt 0 view .LVU47
 169 007a FFF7FEFF 		bl	_tx_mutex_put
 170              	.LVL15:
 130:Middlewares/ST/filex/common/src/fxe_file_open.c **** 
 131:Middlewares/ST/filex/common/src/fxe_file_open.c ****     /* Call actual file open service.  */
 132:Middlewares/ST/filex/common/src/fxe_file_open.c ****     status =  _fx_file_open(media_ptr, file_ptr, file_name, open_type);
 171              		.loc 1 132 5 is_stmt 1 view .LVU48
ARM GAS  C:\Users\HP\AppData\Local\Temp\ccbV8cUJ.s 			page 15


 172              		.loc 1 132 15 is_stmt 0 view .LVU49
 173 007e 3B46     		mov	r3, r7
 174 0080 3246     		mov	r2, r6
 175 0082 2146     		mov	r1, r4
 176 0084 2846     		mov	r0, r5
 177 0086 FFF7FEFF 		bl	_fx_file_open
 178              	.LVL16:
 133:Middlewares/ST/filex/common/src/fxe_file_open.c **** 
 134:Middlewares/ST/filex/common/src/fxe_file_open.c ****     /* Open is complete, return status.  */
 135:Middlewares/ST/filex/common/src/fxe_file_open.c ****     return(status);
 179              		.loc 1 135 5 is_stmt 1 view .LVU50
 180              		.loc 1 135 11 is_stmt 0 view .LVU51
 181 008a 02E0     		b	.L1
 182              	.LVL17:
 183              	.L7:
 184              	.LCFI1:
 185              		.cfi_def_cfa_offset 0
 186              		.cfi_restore 4
 187              		.cfi_restore 5
 188              		.cfi_restore 6
 189              		.cfi_restore 7
 190              		.cfi_restore 8
 191              		.cfi_restore 14
  89:Middlewares/ST/filex/common/src/fxe_file_open.c ****     }
 192              		.loc 1 89 15 view .LVU52
 193 008c 1820     		movs	r0, #24
 194              	.LVL18:
 136:Middlewares/ST/filex/common/src/fxe_file_open.c **** }
 195              		.loc 1 136 1 view .LVU53
 196 008e 7047     		bx	lr
 197              	.LVL19:
 198              	.L8:
 199              	.LCFI2:
 200              		.cfi_def_cfa_offset 24
 201              		.cfi_offset 4, -24
 202              		.cfi_offset 5, -20
 203              		.cfi_offset 6, -16
 204              		.cfi_offset 7, -12
 205              		.cfi_offset 8, -8
 206              		.cfi_offset 14, -4
  89:Middlewares/ST/filex/common/src/fxe_file_open.c ****     }
 207              		.loc 1 89 15 view .LVU54
 208 0090 1820     		movs	r0, #24
 209              	.LVL20:
 210              	.L1:
 211              		.loc 1 136 1 view .LVU55
 212 0092 BDE8F081 		pop	{r4, r5, r6, r7, r8, pc}
 213              	.LVL21:
 214              	.L9:
  89:Middlewares/ST/filex/common/src/fxe_file_open.c ****     }
 215              		.loc 1 89 15 view .LVU56
 216 0096 1820     		movs	r0, #24
 217              	.LVL22:
  89:Middlewares/ST/filex/common/src/fxe_file_open.c ****     }
 218              		.loc 1 89 15 view .LVU57
 219 0098 FBE7     		b	.L1
 220              	.LVL23:
ARM GAS  C:\Users\HP\AppData\Local\Temp\ccbV8cUJ.s 			page 16


 221              	.L10:
  89:Middlewares/ST/filex/common/src/fxe_file_open.c ****     }
 222              		.loc 1 89 15 view .LVU58
 223 009a 1820     		movs	r0, #24
 224              	.LVL24:
  89:Middlewares/ST/filex/common/src/fxe_file_open.c ****     }
 225              		.loc 1 89 15 view .LVU59
 226 009c F9E7     		b	.L1
 227              	.LVL25:
 228              	.L11:
  95:Middlewares/ST/filex/common/src/fxe_file_open.c ****     }
 229              		.loc 1 95 15 view .LVU60
 230 009e 0620     		movs	r0, #6
 231              	.LVL26:
  95:Middlewares/ST/filex/common/src/fxe_file_open.c ****     }
 232              		.loc 1 95 15 view .LVU61
 233 00a0 F7E7     		b	.L1
 234              	.LVL27:
 235              	.L12:
  99:Middlewares/ST/filex/common/src/fxe_file_open.c **** 
 236              		.loc 1 99 5 view .LVU62
 237 00a2 2020     		movs	r0, #32
 238              	.LVL28:
  99:Middlewares/ST/filex/common/src/fxe_file_open.c **** 
 239              		.loc 1 99 5 view .LVU63
 240 00a4 F5E7     		b	.L1
 241              	.LVL29:
 242              	.L13:
  99:Middlewares/ST/filex/common/src/fxe_file_open.c **** 
 243              		.loc 1 99 5 view .LVU64
 244 00a6 2020     		movs	r0, #32
 245              	.LVL30:
  99:Middlewares/ST/filex/common/src/fxe_file_open.c **** 
 246              		.loc 1 99 5 view .LVU65
 247 00a8 F3E7     		b	.L1
 248              	.LVL31:
 249              	.L14:
  99:Middlewares/ST/filex/common/src/fxe_file_open.c **** 
 250              		.loc 1 99 5 view .LVU66
 251 00aa 2020     		movs	r0, #32
 252              	.LVL32:
  99:Middlewares/ST/filex/common/src/fxe_file_open.c **** 
 253              		.loc 1 99 5 view .LVU67
 254 00ac F1E7     		b	.L1
 255              	.LVL33:
 256              	.L15:
 102:Middlewares/ST/filex/common/src/fxe_file_open.c **** 
 257              		.loc 1 102 5 view .LVU68
 258 00ae 1120     		movs	r0, #17
 259 00b0 EFE7     		b	.L1
 260              	.L23:
 261 00b2 00BF     		.align	2
 262              	.L22:
 263 00b4 4944454D 		.word	1296385097
 264 00b8 00000000 		.word	_tx_thread_system_state
 265 00bc 00000000 		.word	_tx_thread_current_ptr
 266 00c0 00000000 		.word	_tx_timer_thread
ARM GAS  C:\Users\HP\AppData\Local\Temp\ccbV8cUJ.s 			page 17


 267              		.cfi_endproc
 268              	.LFE8:
 270              		.text
 271              	.Letext0:
 272              		.file 3 "Middlewares/ST/threadx/common/inc/tx_api.h"
 273              		.file 4 "Middlewares/ST/filex/common/inc/fx_api.h"
 274              		.file 5 "Middlewares/ST/filex/common/inc/fx_file.h"
ARM GAS  C:\Users\HP\AppData\Local\Temp\ccbV8cUJ.s 			page 18


DEFINED SYMBOLS
                            *ABS*:00000000 fxe_file_open.c
C:\Users\HP\AppData\Local\Temp\ccbV8cUJ.s:20     .text._fxe_file_open:00000000 $t
C:\Users\HP\AppData\Local\Temp\ccbV8cUJ.s:26     .text._fxe_file_open:00000000 _fxe_file_open
C:\Users\HP\AppData\Local\Temp\ccbV8cUJ.s:263    .text._fxe_file_open:000000b4 $d

UNDEFINED SYMBOLS
_tx_mutex_get
_tx_mutex_put
_fx_file_open
_tx_thread_system_state
_tx_thread_current_ptr
_tx_timer_thread
