ARM GAS  C:\Users\HP\AppData\Local\Temp\ccrEpjmZ.s 			page 1


   1              		.cpu cortex-m4
   2              		.arch armv7e-m
   3              		.fpu fpv4-sp-d16
   4              		.eabi_attribute 27, 1
   5              		.eabi_attribute 28, 1
   6              		.eabi_attribute 20, 1
   7              		.eabi_attribute 21, 1
   8              		.eabi_attribute 23, 3
   9              		.eabi_attribute 24, 1
  10              		.eabi_attribute 25, 1
  11              		.eabi_attribute 26, 1
  12              		.eabi_attribute 30, 1
  13              		.eabi_attribute 34, 1
  14              		.eabi_attribute 18, 4
  15              		.file	"fxe_directory_long_name_get_extended.c"
  16              		.text
  17              	.Ltext0:
  18              		.cfi_sections	.debug_frame
  19              		.section	.text._fxe_directory_long_name_get_extended,"ax",%progbits
  20              		.align	1
  21              		.global	_fxe_directory_long_name_get_extended
  22              		.syntax unified
  23              		.thumb
  24              		.thumb_func
  26              	_fxe_directory_long_name_get_extended:
  27              	.LVL0:
  28              	.LFB8:
  29              		.file 1 "Middlewares/ST/filex/common/src/fxe_directory_long_name_get_extended.c"
   1:Middlewares/ST/filex/common/src/fxe_directory_long_name_get_extended.c **** /**************************************************************************/
   2:Middlewares/ST/filex/common/src/fxe_directory_long_name_get_extended.c **** /*                                                                        */
   3:Middlewares/ST/filex/common/src/fxe_directory_long_name_get_extended.c **** /*       Copyright (c) Microsoft Corporation. All rights reserved.        */
   4:Middlewares/ST/filex/common/src/fxe_directory_long_name_get_extended.c **** /*                                                                        */
   5:Middlewares/ST/filex/common/src/fxe_directory_long_name_get_extended.c **** /*       This software is licensed under the Microsoft Software License   */
   6:Middlewares/ST/filex/common/src/fxe_directory_long_name_get_extended.c **** /*       Terms for Microsoft Azure RTOS. Full text of the license can be  */
   7:Middlewares/ST/filex/common/src/fxe_directory_long_name_get_extended.c **** /*       found in the LICENSE file at https://aka.ms/AzureRTOS_EULA       */
   8:Middlewares/ST/filex/common/src/fxe_directory_long_name_get_extended.c **** /*       and in the root directory of this software.                      */
   9:Middlewares/ST/filex/common/src/fxe_directory_long_name_get_extended.c **** /*                                                                        */
  10:Middlewares/ST/filex/common/src/fxe_directory_long_name_get_extended.c **** /**************************************************************************/
  11:Middlewares/ST/filex/common/src/fxe_directory_long_name_get_extended.c **** 
  12:Middlewares/ST/filex/common/src/fxe_directory_long_name_get_extended.c **** 
  13:Middlewares/ST/filex/common/src/fxe_directory_long_name_get_extended.c **** /**************************************************************************/
  14:Middlewares/ST/filex/common/src/fxe_directory_long_name_get_extended.c **** /**************************************************************************/
  15:Middlewares/ST/filex/common/src/fxe_directory_long_name_get_extended.c **** /**                                                                       */
  16:Middlewares/ST/filex/common/src/fxe_directory_long_name_get_extended.c **** /** FileX Component                                                       */
  17:Middlewares/ST/filex/common/src/fxe_directory_long_name_get_extended.c **** /**                                                                       */
  18:Middlewares/ST/filex/common/src/fxe_directory_long_name_get_extended.c **** /**   Directory                                                           */
  19:Middlewares/ST/filex/common/src/fxe_directory_long_name_get_extended.c **** /**                                                                       */
  20:Middlewares/ST/filex/common/src/fxe_directory_long_name_get_extended.c **** /**************************************************************************/
  21:Middlewares/ST/filex/common/src/fxe_directory_long_name_get_extended.c **** /**************************************************************************/
  22:Middlewares/ST/filex/common/src/fxe_directory_long_name_get_extended.c **** 
  23:Middlewares/ST/filex/common/src/fxe_directory_long_name_get_extended.c **** #define FX_SOURCE_CODE
  24:Middlewares/ST/filex/common/src/fxe_directory_long_name_get_extended.c **** 
  25:Middlewares/ST/filex/common/src/fxe_directory_long_name_get_extended.c **** 
  26:Middlewares/ST/filex/common/src/fxe_directory_long_name_get_extended.c **** /* Include necessary system files.  */
  27:Middlewares/ST/filex/common/src/fxe_directory_long_name_get_extended.c **** 
  28:Middlewares/ST/filex/common/src/fxe_directory_long_name_get_extended.c **** #include "fx_api.h"
  29:Middlewares/ST/filex/common/src/fxe_directory_long_name_get_extended.c **** #include "fx_directory.h"
ARM GAS  C:\Users\HP\AppData\Local\Temp\ccrEpjmZ.s 			page 2


  30:Middlewares/ST/filex/common/src/fxe_directory_long_name_get_extended.c **** 
  31:Middlewares/ST/filex/common/src/fxe_directory_long_name_get_extended.c **** 
  32:Middlewares/ST/filex/common/src/fxe_directory_long_name_get_extended.c **** FX_CALLER_CHECKING_EXTERNS
  33:Middlewares/ST/filex/common/src/fxe_directory_long_name_get_extended.c **** 
  34:Middlewares/ST/filex/common/src/fxe_directory_long_name_get_extended.c **** 
  35:Middlewares/ST/filex/common/src/fxe_directory_long_name_get_extended.c **** /**************************************************************************/
  36:Middlewares/ST/filex/common/src/fxe_directory_long_name_get_extended.c **** /*                                                                        */
  37:Middlewares/ST/filex/common/src/fxe_directory_long_name_get_extended.c **** /*  FUNCTION                                               RELEASE        */
  38:Middlewares/ST/filex/common/src/fxe_directory_long_name_get_extended.c **** /*                                                                        */
  39:Middlewares/ST/filex/common/src/fxe_directory_long_name_get_extended.c **** /*    _fxe_directory_long_name_get_extended               PORTABLE C      */
  40:Middlewares/ST/filex/common/src/fxe_directory_long_name_get_extended.c **** /*                                                           6.1          */
  41:Middlewares/ST/filex/common/src/fxe_directory_long_name_get_extended.c **** /*  AUTHOR                                                                */
  42:Middlewares/ST/filex/common/src/fxe_directory_long_name_get_extended.c **** /*                                                                        */
  43:Middlewares/ST/filex/common/src/fxe_directory_long_name_get_extended.c **** /*    William E. Lamie, Microsoft Corporation                             */
  44:Middlewares/ST/filex/common/src/fxe_directory_long_name_get_extended.c **** /*                                                                        */
  45:Middlewares/ST/filex/common/src/fxe_directory_long_name_get_extended.c **** /*  DESCRIPTION                                                           */
  46:Middlewares/ST/filex/common/src/fxe_directory_long_name_get_extended.c **** /*                                                                        */
  47:Middlewares/ST/filex/common/src/fxe_directory_long_name_get_extended.c **** /*    This function checks for errors in the long name get service.       */
  48:Middlewares/ST/filex/common/src/fxe_directory_long_name_get_extended.c **** /*                                                                        */
  49:Middlewares/ST/filex/common/src/fxe_directory_long_name_get_extended.c **** /*  INPUT                                                                 */
  50:Middlewares/ST/filex/common/src/fxe_directory_long_name_get_extended.c **** /*                                                                        */
  51:Middlewares/ST/filex/common/src/fxe_directory_long_name_get_extended.c **** /*    media_ptr                             Media control block pointer   */
  52:Middlewares/ST/filex/common/src/fxe_directory_long_name_get_extended.c **** /*    short_file_name                       Pointer to short (8.3) name   */
  53:Middlewares/ST/filex/common/src/fxe_directory_long_name_get_extended.c **** /*    long_file_name                        Pointer to long (max 255) name*/
  54:Middlewares/ST/filex/common/src/fxe_directory_long_name_get_extended.c **** /*    long_file_name_buffer_length          Buffer length for long name   */
  55:Middlewares/ST/filex/common/src/fxe_directory_long_name_get_extended.c **** /*                                                                        */
  56:Middlewares/ST/filex/common/src/fxe_directory_long_name_get_extended.c **** /*  OUTPUT                                                                */
  57:Middlewares/ST/filex/common/src/fxe_directory_long_name_get_extended.c **** /*                                                                        */
  58:Middlewares/ST/filex/common/src/fxe_directory_long_name_get_extended.c **** /*    return status                                                       */
  59:Middlewares/ST/filex/common/src/fxe_directory_long_name_get_extended.c **** /*                                                                        */
  60:Middlewares/ST/filex/common/src/fxe_directory_long_name_get_extended.c **** /*  CALLS                                                                 */
  61:Middlewares/ST/filex/common/src/fxe_directory_long_name_get_extended.c **** /*                                                                        */
  62:Middlewares/ST/filex/common/src/fxe_directory_long_name_get_extended.c **** /*    _fx_directory_long_name_get_extended  Actual long name get service  */
  63:Middlewares/ST/filex/common/src/fxe_directory_long_name_get_extended.c **** /*                                                                        */
  64:Middlewares/ST/filex/common/src/fxe_directory_long_name_get_extended.c **** /*  CALLED BY                                                             */
  65:Middlewares/ST/filex/common/src/fxe_directory_long_name_get_extended.c **** /*                                                                        */
  66:Middlewares/ST/filex/common/src/fxe_directory_long_name_get_extended.c **** /*    Application Code                                                    */
  67:Middlewares/ST/filex/common/src/fxe_directory_long_name_get_extended.c **** /*                                                                        */
  68:Middlewares/ST/filex/common/src/fxe_directory_long_name_get_extended.c **** /*  RELEASE HISTORY                                                       */
  69:Middlewares/ST/filex/common/src/fxe_directory_long_name_get_extended.c **** /*                                                                        */
  70:Middlewares/ST/filex/common/src/fxe_directory_long_name_get_extended.c **** /*    DATE              NAME                      DESCRIPTION             */
  71:Middlewares/ST/filex/common/src/fxe_directory_long_name_get_extended.c **** /*                                                                        */
  72:Middlewares/ST/filex/common/src/fxe_directory_long_name_get_extended.c **** /*  05-19-2020     William E. Lamie         Initial Version 6.0           */
  73:Middlewares/ST/filex/common/src/fxe_directory_long_name_get_extended.c **** /*  09-30-2020     William E. Lamie         Modified comment(s),          */
  74:Middlewares/ST/filex/common/src/fxe_directory_long_name_get_extended.c **** /*                                            resulting in version 6.1    */
  75:Middlewares/ST/filex/common/src/fxe_directory_long_name_get_extended.c **** /*                                                                        */
  76:Middlewares/ST/filex/common/src/fxe_directory_long_name_get_extended.c **** /**************************************************************************/
  77:Middlewares/ST/filex/common/src/fxe_directory_long_name_get_extended.c **** UINT  _fxe_directory_long_name_get_extended(FX_MEDIA *media_ptr, CHAR *short_file_name, CHAR *long_
  78:Middlewares/ST/filex/common/src/fxe_directory_long_name_get_extended.c **** {
  30              		.loc 1 78 1 view -0
  31              		.cfi_startproc
  32              		@ args = 0, pretend = 0, frame = 0
  33              		@ frame_needed = 0, uses_anonymous_args = 0
  79:Middlewares/ST/filex/common/src/fxe_directory_long_name_get_extended.c **** 
  80:Middlewares/ST/filex/common/src/fxe_directory_long_name_get_extended.c **** UINT status;
  34              		.loc 1 80 1 view .LVU1
  81:Middlewares/ST/filex/common/src/fxe_directory_long_name_get_extended.c **** 
ARM GAS  C:\Users\HP\AppData\Local\Temp\ccrEpjmZ.s 			page 3


  82:Middlewares/ST/filex/common/src/fxe_directory_long_name_get_extended.c **** 
  83:Middlewares/ST/filex/common/src/fxe_directory_long_name_get_extended.c ****     /* Check for a NULL media or file name pointer.  */
  84:Middlewares/ST/filex/common/src/fxe_directory_long_name_get_extended.c ****     if ((media_ptr == FX_NULL) || (short_file_name == FX_NULL) || (long_file_name == FX_NULL))
  35              		.loc 1 84 5 view .LVU2
  36              		.loc 1 84 8 is_stmt 0 view .LVU3
  37 0000 A0B1     		cbz	r0, .L3
  38 0002 8446     		mov	ip, r0
  39              		.loc 1 84 32 discriminator 1 view .LVU4
  40 0004 A1B1     		cbz	r1, .L4
  41              		.loc 1 84 64 discriminator 2 view .LVU5
  42 0006 AAB1     		cbz	r2, .L5
  85:Middlewares/ST/filex/common/src/fxe_directory_long_name_get_extended.c ****     {
  86:Middlewares/ST/filex/common/src/fxe_directory_long_name_get_extended.c ****         return(FX_PTR_ERROR);
  87:Middlewares/ST/filex/common/src/fxe_directory_long_name_get_extended.c ****     }
  88:Middlewares/ST/filex/common/src/fxe_directory_long_name_get_extended.c **** 
  89:Middlewares/ST/filex/common/src/fxe_directory_long_name_get_extended.c ****     /* Check for zero length buffer.  */
  90:Middlewares/ST/filex/common/src/fxe_directory_long_name_get_extended.c ****     if (long_file_name_buffer_length == 0)
  43              		.loc 1 90 5 is_stmt 1 view .LVU6
  44              		.loc 1 90 8 is_stmt 0 view .LVU7
  45 0008 B3B1     		cbz	r3, .L6
  78:Middlewares/ST/filex/common/src/fxe_directory_long_name_get_extended.c **** 
  46              		.loc 1 78 1 view .LVU8
  47 000a 10B5     		push	{r4, lr}
  48              	.LCFI0:
  49              		.cfi_def_cfa_offset 8
  50              		.cfi_offset 4, -8
  51              		.cfi_offset 14, -4
  91:Middlewares/ST/filex/common/src/fxe_directory_long_name_get_extended.c ****     {
  92:Middlewares/ST/filex/common/src/fxe_directory_long_name_get_extended.c ****         return(FX_BUFFER_ERROR);
  93:Middlewares/ST/filex/common/src/fxe_directory_long_name_get_extended.c ****     }
  94:Middlewares/ST/filex/common/src/fxe_directory_long_name_get_extended.c ****     
  95:Middlewares/ST/filex/common/src/fxe_directory_long_name_get_extended.c ****     /* Check for a valid caller.  */
  96:Middlewares/ST/filex/common/src/fxe_directory_long_name_get_extended.c ****     FX_CALLER_CHECKING_CODE
  52              		.loc 1 96 5 is_stmt 1 view .LVU9
  53              	.LBB4:
  54              	.LBI4:
  55              		.file 2 "Middlewares/ST/threadx/ports/cortex_m4/gnu/inc/tx_port.h"
   1:Middlewares/ST/threadx/ports/cortex_m4/gnu/inc/tx_port.h **** /**************************************************************************/
   2:Middlewares/ST/threadx/ports/cortex_m4/gnu/inc/tx_port.h **** /*                                                                        */
   3:Middlewares/ST/threadx/ports/cortex_m4/gnu/inc/tx_port.h **** /*       Copyright (c) Microsoft Corporation. All rights reserved.        */
   4:Middlewares/ST/threadx/ports/cortex_m4/gnu/inc/tx_port.h **** /*                                                                        */
   5:Middlewares/ST/threadx/ports/cortex_m4/gnu/inc/tx_port.h **** /*       This software is licensed under the Microsoft Software License   */
   6:Middlewares/ST/threadx/ports/cortex_m4/gnu/inc/tx_port.h **** /*       Terms for Microsoft Azure RTOS. Full text of the license can be  */
   7:Middlewares/ST/threadx/ports/cortex_m4/gnu/inc/tx_port.h **** /*       found in the LICENSE file at https://aka.ms/AzureRTOS_EULA       */
   8:Middlewares/ST/threadx/ports/cortex_m4/gnu/inc/tx_port.h **** /*       and in the root directory of this software.                      */
   9:Middlewares/ST/threadx/ports/cortex_m4/gnu/inc/tx_port.h **** /*                                                                        */
  10:Middlewares/ST/threadx/ports/cortex_m4/gnu/inc/tx_port.h **** /**************************************************************************/
  11:Middlewares/ST/threadx/ports/cortex_m4/gnu/inc/tx_port.h **** 
  12:Middlewares/ST/threadx/ports/cortex_m4/gnu/inc/tx_port.h **** 
  13:Middlewares/ST/threadx/ports/cortex_m4/gnu/inc/tx_port.h **** /**************************************************************************/
  14:Middlewares/ST/threadx/ports/cortex_m4/gnu/inc/tx_port.h **** /**************************************************************************/
  15:Middlewares/ST/threadx/ports/cortex_m4/gnu/inc/tx_port.h **** /**                                                                       */
  16:Middlewares/ST/threadx/ports/cortex_m4/gnu/inc/tx_port.h **** /** ThreadX Component                                                     */
  17:Middlewares/ST/threadx/ports/cortex_m4/gnu/inc/tx_port.h **** /**                                                                       */
  18:Middlewares/ST/threadx/ports/cortex_m4/gnu/inc/tx_port.h **** /**   Port Specific                                                       */
  19:Middlewares/ST/threadx/ports/cortex_m4/gnu/inc/tx_port.h **** /**                                                                       */
  20:Middlewares/ST/threadx/ports/cortex_m4/gnu/inc/tx_port.h **** /**************************************************************************/
ARM GAS  C:\Users\HP\AppData\Local\Temp\ccrEpjmZ.s 			page 4


  21:Middlewares/ST/threadx/ports/cortex_m4/gnu/inc/tx_port.h **** /**************************************************************************/
  22:Middlewares/ST/threadx/ports/cortex_m4/gnu/inc/tx_port.h **** 
  23:Middlewares/ST/threadx/ports/cortex_m4/gnu/inc/tx_port.h **** 
  24:Middlewares/ST/threadx/ports/cortex_m4/gnu/inc/tx_port.h **** /**************************************************************************/
  25:Middlewares/ST/threadx/ports/cortex_m4/gnu/inc/tx_port.h **** /*                                                                        */
  26:Middlewares/ST/threadx/ports/cortex_m4/gnu/inc/tx_port.h **** /*  PORT SPECIFIC C INFORMATION                            RELEASE        */
  27:Middlewares/ST/threadx/ports/cortex_m4/gnu/inc/tx_port.h **** /*                                                                        */
  28:Middlewares/ST/threadx/ports/cortex_m4/gnu/inc/tx_port.h **** /*    tx_port.h                                         Cortex-M4/GNU     */
  29:Middlewares/ST/threadx/ports/cortex_m4/gnu/inc/tx_port.h **** /*                                                           6.1.12       */
  30:Middlewares/ST/threadx/ports/cortex_m4/gnu/inc/tx_port.h **** /*                                                                        */
  31:Middlewares/ST/threadx/ports/cortex_m4/gnu/inc/tx_port.h **** /*  AUTHOR                                                                */
  32:Middlewares/ST/threadx/ports/cortex_m4/gnu/inc/tx_port.h **** /*                                                                        */
  33:Middlewares/ST/threadx/ports/cortex_m4/gnu/inc/tx_port.h **** /*    Scott Larson, Microsoft Corporation                                 */
  34:Middlewares/ST/threadx/ports/cortex_m4/gnu/inc/tx_port.h **** /*                                                                        */
  35:Middlewares/ST/threadx/ports/cortex_m4/gnu/inc/tx_port.h **** /*  DESCRIPTION                                                           */
  36:Middlewares/ST/threadx/ports/cortex_m4/gnu/inc/tx_port.h **** /*                                                                        */
  37:Middlewares/ST/threadx/ports/cortex_m4/gnu/inc/tx_port.h **** /*    This file contains data type definitions that make the ThreadX      */
  38:Middlewares/ST/threadx/ports/cortex_m4/gnu/inc/tx_port.h **** /*    real-time kernel function identically on a variety of different     */
  39:Middlewares/ST/threadx/ports/cortex_m4/gnu/inc/tx_port.h **** /*    processor architectures.  For example, the size or number of bits   */
  40:Middlewares/ST/threadx/ports/cortex_m4/gnu/inc/tx_port.h **** /*    in an "int" data type vary between microprocessor architectures and */
  41:Middlewares/ST/threadx/ports/cortex_m4/gnu/inc/tx_port.h **** /*    even C compilers for the same microprocessor.  ThreadX does not     */
  42:Middlewares/ST/threadx/ports/cortex_m4/gnu/inc/tx_port.h **** /*    directly use native C data types.  Instead, ThreadX creates its     */
  43:Middlewares/ST/threadx/ports/cortex_m4/gnu/inc/tx_port.h **** /*    own special types that can be mapped to actual data types by this   */
  44:Middlewares/ST/threadx/ports/cortex_m4/gnu/inc/tx_port.h **** /*    file to guarantee consistency in the interface and functionality.   */
  45:Middlewares/ST/threadx/ports/cortex_m4/gnu/inc/tx_port.h **** /*                                                                        */
  46:Middlewares/ST/threadx/ports/cortex_m4/gnu/inc/tx_port.h **** /*    This file replaces the previous Cortex-M3/M4/M7 files. It unifies   */
  47:Middlewares/ST/threadx/ports/cortex_m4/gnu/inc/tx_port.h **** /*    the ARMv7-M architecture and compilers into one common file.        */
  48:Middlewares/ST/threadx/ports/cortex_m4/gnu/inc/tx_port.h **** /*                                                                        */
  49:Middlewares/ST/threadx/ports/cortex_m4/gnu/inc/tx_port.h **** /*  RELEASE HISTORY                                                       */
  50:Middlewares/ST/threadx/ports/cortex_m4/gnu/inc/tx_port.h **** /*                                                                        */
  51:Middlewares/ST/threadx/ports/cortex_m4/gnu/inc/tx_port.h **** /*    DATE              NAME                      DESCRIPTION             */
  52:Middlewares/ST/threadx/ports/cortex_m4/gnu/inc/tx_port.h **** /*                                                                        */
  53:Middlewares/ST/threadx/ports/cortex_m4/gnu/inc/tx_port.h **** /*  06-02-2021      Scott Larson            Initial Version 6.1.7         */
  54:Middlewares/ST/threadx/ports/cortex_m4/gnu/inc/tx_port.h **** /*  01-31-2022      Scott Larson            Modified comments, updated    */
  55:Middlewares/ST/threadx/ports/cortex_m4/gnu/inc/tx_port.h **** /*                                            typedef to fix misra        */
  56:Middlewares/ST/threadx/ports/cortex_m4/gnu/inc/tx_port.h **** /*                                            violation,                  */
  57:Middlewares/ST/threadx/ports/cortex_m4/gnu/inc/tx_port.h **** /*                                            fixed predefined macro,     */
  58:Middlewares/ST/threadx/ports/cortex_m4/gnu/inc/tx_port.h **** /*                                            resulting in version 6.1.10 */
  59:Middlewares/ST/threadx/ports/cortex_m4/gnu/inc/tx_port.h **** /*  04-25-2022      Scott Larson            Modified comments and added   */
  60:Middlewares/ST/threadx/ports/cortex_m4/gnu/inc/tx_port.h **** /*                                            volatile to registers,      */
  61:Middlewares/ST/threadx/ports/cortex_m4/gnu/inc/tx_port.h **** /*                                            resulting in version 6.1.11 */
  62:Middlewares/ST/threadx/ports/cortex_m4/gnu/inc/tx_port.h **** /*  07-29-2022      Scott Larson            Modified comments and         */
  63:Middlewares/ST/threadx/ports/cortex_m4/gnu/inc/tx_port.h **** /*                                            described BASEPRI usage,    */
  64:Middlewares/ST/threadx/ports/cortex_m4/gnu/inc/tx_port.h **** /*                                            resulting in version 6.1.12 */
  65:Middlewares/ST/threadx/ports/cortex_m4/gnu/inc/tx_port.h **** /*                                                                        */
  66:Middlewares/ST/threadx/ports/cortex_m4/gnu/inc/tx_port.h **** /**************************************************************************/
  67:Middlewares/ST/threadx/ports/cortex_m4/gnu/inc/tx_port.h **** 
  68:Middlewares/ST/threadx/ports/cortex_m4/gnu/inc/tx_port.h **** #ifndef TX_PORT_H
  69:Middlewares/ST/threadx/ports/cortex_m4/gnu/inc/tx_port.h **** #define TX_PORT_H
  70:Middlewares/ST/threadx/ports/cortex_m4/gnu/inc/tx_port.h **** 
  71:Middlewares/ST/threadx/ports/cortex_m4/gnu/inc/tx_port.h **** 
  72:Middlewares/ST/threadx/ports/cortex_m4/gnu/inc/tx_port.h **** /* Determine if the optional ThreadX user define file should be used.  */
  73:Middlewares/ST/threadx/ports/cortex_m4/gnu/inc/tx_port.h **** 
  74:Middlewares/ST/threadx/ports/cortex_m4/gnu/inc/tx_port.h **** #ifdef TX_INCLUDE_USER_DEFINE_FILE
  75:Middlewares/ST/threadx/ports/cortex_m4/gnu/inc/tx_port.h **** 
  76:Middlewares/ST/threadx/ports/cortex_m4/gnu/inc/tx_port.h **** /* Yes, include the user defines in tx_user.h. The defines in this file may
  77:Middlewares/ST/threadx/ports/cortex_m4/gnu/inc/tx_port.h ****    alternately be defined on the command line.  */
ARM GAS  C:\Users\HP\AppData\Local\Temp\ccrEpjmZ.s 			page 5


  78:Middlewares/ST/threadx/ports/cortex_m4/gnu/inc/tx_port.h **** 
  79:Middlewares/ST/threadx/ports/cortex_m4/gnu/inc/tx_port.h **** #include "tx_user.h"
  80:Middlewares/ST/threadx/ports/cortex_m4/gnu/inc/tx_port.h **** #endif
  81:Middlewares/ST/threadx/ports/cortex_m4/gnu/inc/tx_port.h **** 
  82:Middlewares/ST/threadx/ports/cortex_m4/gnu/inc/tx_port.h **** 
  83:Middlewares/ST/threadx/ports/cortex_m4/gnu/inc/tx_port.h **** /* Define compiler library include files.  */
  84:Middlewares/ST/threadx/ports/cortex_m4/gnu/inc/tx_port.h **** 
  85:Middlewares/ST/threadx/ports/cortex_m4/gnu/inc/tx_port.h **** #include <stdlib.h>
  86:Middlewares/ST/threadx/ports/cortex_m4/gnu/inc/tx_port.h **** #include <string.h>
  87:Middlewares/ST/threadx/ports/cortex_m4/gnu/inc/tx_port.h **** 
  88:Middlewares/ST/threadx/ports/cortex_m4/gnu/inc/tx_port.h **** #ifdef __ICCARM__
  89:Middlewares/ST/threadx/ports/cortex_m4/gnu/inc/tx_port.h **** #include <intrinsics.h>                     /* IAR Intrinsics */
  90:Middlewares/ST/threadx/ports/cortex_m4/gnu/inc/tx_port.h **** #define __asm__ __asm                       /* Define to make all inline asm look similar */
  91:Middlewares/ST/threadx/ports/cortex_m4/gnu/inc/tx_port.h **** #ifdef  TX_ENABLE_IAR_LIBRARY_SUPPORT
  92:Middlewares/ST/threadx/ports/cortex_m4/gnu/inc/tx_port.h **** #include <yvals.h>
  93:Middlewares/ST/threadx/ports/cortex_m4/gnu/inc/tx_port.h **** #endif
  94:Middlewares/ST/threadx/ports/cortex_m4/gnu/inc/tx_port.h **** #endif /* __ICCARM__ */
  95:Middlewares/ST/threadx/ports/cortex_m4/gnu/inc/tx_port.h **** 
  96:Middlewares/ST/threadx/ports/cortex_m4/gnu/inc/tx_port.h **** #ifdef __ghs__
  97:Middlewares/ST/threadx/ports/cortex_m4/gnu/inc/tx_port.h **** #include <arm_ghs.h>
  98:Middlewares/ST/threadx/ports/cortex_m4/gnu/inc/tx_port.h **** #include "tx_ghs.h"
  99:Middlewares/ST/threadx/ports/cortex_m4/gnu/inc/tx_port.h **** #endif  /* __ghs__ */
 100:Middlewares/ST/threadx/ports/cortex_m4/gnu/inc/tx_port.h **** 
 101:Middlewares/ST/threadx/ports/cortex_m4/gnu/inc/tx_port.h **** 
 102:Middlewares/ST/threadx/ports/cortex_m4/gnu/inc/tx_port.h **** #if !defined(__GNUC__) && !defined(__CC_ARM)
 103:Middlewares/ST/threadx/ports/cortex_m4/gnu/inc/tx_port.h **** #define __get_control_value __get_CONTROL
 104:Middlewares/ST/threadx/ports/cortex_m4/gnu/inc/tx_port.h **** #define __set_control_value __set_CONTROL
 105:Middlewares/ST/threadx/ports/cortex_m4/gnu/inc/tx_port.h **** #endif
 106:Middlewares/ST/threadx/ports/cortex_m4/gnu/inc/tx_port.h **** 
 107:Middlewares/ST/threadx/ports/cortex_m4/gnu/inc/tx_port.h **** #ifndef __GNUC__
 108:Middlewares/ST/threadx/ports/cortex_m4/gnu/inc/tx_port.h **** #define __get_ipsr_value __get_IPSR
 109:Middlewares/ST/threadx/ports/cortex_m4/gnu/inc/tx_port.h **** #endif
 110:Middlewares/ST/threadx/ports/cortex_m4/gnu/inc/tx_port.h **** 
 111:Middlewares/ST/threadx/ports/cortex_m4/gnu/inc/tx_port.h **** /* Define ThreadX basic types for this port.  */
 112:Middlewares/ST/threadx/ports/cortex_m4/gnu/inc/tx_port.h **** 
 113:Middlewares/ST/threadx/ports/cortex_m4/gnu/inc/tx_port.h **** #define VOID                                    void
 114:Middlewares/ST/threadx/ports/cortex_m4/gnu/inc/tx_port.h **** typedef char                                    CHAR;
 115:Middlewares/ST/threadx/ports/cortex_m4/gnu/inc/tx_port.h **** typedef unsigned char                           UCHAR;
 116:Middlewares/ST/threadx/ports/cortex_m4/gnu/inc/tx_port.h **** typedef int                                     INT;
 117:Middlewares/ST/threadx/ports/cortex_m4/gnu/inc/tx_port.h **** typedef unsigned int                            UINT;
 118:Middlewares/ST/threadx/ports/cortex_m4/gnu/inc/tx_port.h **** typedef long                                    LONG;
 119:Middlewares/ST/threadx/ports/cortex_m4/gnu/inc/tx_port.h **** typedef unsigned long                           ULONG;
 120:Middlewares/ST/threadx/ports/cortex_m4/gnu/inc/tx_port.h **** typedef unsigned long long                      ULONG64;
 121:Middlewares/ST/threadx/ports/cortex_m4/gnu/inc/tx_port.h **** typedef short                                   SHORT;
 122:Middlewares/ST/threadx/ports/cortex_m4/gnu/inc/tx_port.h **** typedef unsigned short                          USHORT;
 123:Middlewares/ST/threadx/ports/cortex_m4/gnu/inc/tx_port.h **** #define ULONG64_DEFINED
 124:Middlewares/ST/threadx/ports/cortex_m4/gnu/inc/tx_port.h **** 
 125:Middlewares/ST/threadx/ports/cortex_m4/gnu/inc/tx_port.h **** /* Define the priority levels for ThreadX.  Legal values range
 126:Middlewares/ST/threadx/ports/cortex_m4/gnu/inc/tx_port.h ****    from 32 to 1024 and MUST be evenly divisible by 32.  */
 127:Middlewares/ST/threadx/ports/cortex_m4/gnu/inc/tx_port.h **** 
 128:Middlewares/ST/threadx/ports/cortex_m4/gnu/inc/tx_port.h **** #ifndef TX_MAX_PRIORITIES
 129:Middlewares/ST/threadx/ports/cortex_m4/gnu/inc/tx_port.h **** #define TX_MAX_PRIORITIES                       32
 130:Middlewares/ST/threadx/ports/cortex_m4/gnu/inc/tx_port.h **** #endif
 131:Middlewares/ST/threadx/ports/cortex_m4/gnu/inc/tx_port.h **** 
 132:Middlewares/ST/threadx/ports/cortex_m4/gnu/inc/tx_port.h **** 
 133:Middlewares/ST/threadx/ports/cortex_m4/gnu/inc/tx_port.h **** /* Define the minimum stack for a ThreadX thread on this processor. If the size supplied during
 134:Middlewares/ST/threadx/ports/cortex_m4/gnu/inc/tx_port.h ****    thread creation is less than this value, the thread create call will return an error.  */
ARM GAS  C:\Users\HP\AppData\Local\Temp\ccrEpjmZ.s 			page 6


 135:Middlewares/ST/threadx/ports/cortex_m4/gnu/inc/tx_port.h **** 
 136:Middlewares/ST/threadx/ports/cortex_m4/gnu/inc/tx_port.h **** #ifndef TX_MINIMUM_STACK
 137:Middlewares/ST/threadx/ports/cortex_m4/gnu/inc/tx_port.h **** #define TX_MINIMUM_STACK                        200         /* Minimum stack size for this port  */
 138:Middlewares/ST/threadx/ports/cortex_m4/gnu/inc/tx_port.h **** #endif
 139:Middlewares/ST/threadx/ports/cortex_m4/gnu/inc/tx_port.h **** 
 140:Middlewares/ST/threadx/ports/cortex_m4/gnu/inc/tx_port.h **** 
 141:Middlewares/ST/threadx/ports/cortex_m4/gnu/inc/tx_port.h **** /* Define the system timer thread's default stack size and priority.  These are only applicable
 142:Middlewares/ST/threadx/ports/cortex_m4/gnu/inc/tx_port.h ****    if TX_TIMER_PROCESS_IN_ISR is not defined.  */
 143:Middlewares/ST/threadx/ports/cortex_m4/gnu/inc/tx_port.h **** 
 144:Middlewares/ST/threadx/ports/cortex_m4/gnu/inc/tx_port.h **** #ifndef TX_TIMER_THREAD_STACK_SIZE
 145:Middlewares/ST/threadx/ports/cortex_m4/gnu/inc/tx_port.h **** #define TX_TIMER_THREAD_STACK_SIZE              1024        /* Default timer thread stack size  */
 146:Middlewares/ST/threadx/ports/cortex_m4/gnu/inc/tx_port.h **** #endif
 147:Middlewares/ST/threadx/ports/cortex_m4/gnu/inc/tx_port.h **** 
 148:Middlewares/ST/threadx/ports/cortex_m4/gnu/inc/tx_port.h **** #ifndef TX_TIMER_THREAD_PRIORITY
 149:Middlewares/ST/threadx/ports/cortex_m4/gnu/inc/tx_port.h **** #define TX_TIMER_THREAD_PRIORITY                0           /* Default timer thread priority    */
 150:Middlewares/ST/threadx/ports/cortex_m4/gnu/inc/tx_port.h **** #endif
 151:Middlewares/ST/threadx/ports/cortex_m4/gnu/inc/tx_port.h **** 
 152:Middlewares/ST/threadx/ports/cortex_m4/gnu/inc/tx_port.h **** /* By default, ThreadX for Cortex-M uses the PRIMASK register to enable/disable interrupts.
 153:Middlewares/ST/threadx/ports/cortex_m4/gnu/inc/tx_port.h **** If using BASEPRI is desired, define the following two symbols for both c and assembly files:
 154:Middlewares/ST/threadx/ports/cortex_m4/gnu/inc/tx_port.h **** TX_PORT_USE_BASEPRI - This tells ThreadX to use BASEPRI instead of PRIMASK.
 155:Middlewares/ST/threadx/ports/cortex_m4/gnu/inc/tx_port.h **** TX_PORT_BASEPRI = (priority_mask << (8 - number_priority_bits)) - this defines the maximum priority
 156:Middlewares/ST/threadx/ports/cortex_m4/gnu/inc/tx_port.h **** Any interrupt with a higher priority than priority_mask will not be masked, thus the interrupt will
 157:Middlewares/ST/threadx/ports/cortex_m4/gnu/inc/tx_port.h **** */
 158:Middlewares/ST/threadx/ports/cortex_m4/gnu/inc/tx_port.h **** 
 159:Middlewares/ST/threadx/ports/cortex_m4/gnu/inc/tx_port.h **** /* Define various constants for the ThreadX Cortex-M port.  */
 160:Middlewares/ST/threadx/ports/cortex_m4/gnu/inc/tx_port.h **** 
 161:Middlewares/ST/threadx/ports/cortex_m4/gnu/inc/tx_port.h **** #define TX_INT_DISABLE                          1           /* Disable interrupts               */
 162:Middlewares/ST/threadx/ports/cortex_m4/gnu/inc/tx_port.h **** #define TX_INT_ENABLE                           0           /* Enable interrupts                */
 163:Middlewares/ST/threadx/ports/cortex_m4/gnu/inc/tx_port.h **** 
 164:Middlewares/ST/threadx/ports/cortex_m4/gnu/inc/tx_port.h **** 
 165:Middlewares/ST/threadx/ports/cortex_m4/gnu/inc/tx_port.h **** /* Define the clock source for trace event entry time stamp. The following two item are port specif
 166:Middlewares/ST/threadx/ports/cortex_m4/gnu/inc/tx_port.h ****    For example, if the time source is at the address 0x0a800024 and is 16-bits in size, the clock
 167:Middlewares/ST/threadx/ports/cortex_m4/gnu/inc/tx_port.h ****    source constants would be:
 168:Middlewares/ST/threadx/ports/cortex_m4/gnu/inc/tx_port.h **** 
 169:Middlewares/ST/threadx/ports/cortex_m4/gnu/inc/tx_port.h **** #define TX_TRACE_TIME_SOURCE                    *((volatile ULONG *) 0x0a800024)
 170:Middlewares/ST/threadx/ports/cortex_m4/gnu/inc/tx_port.h **** #define TX_TRACE_TIME_MASK                      0x0000FFFFUL
 171:Middlewares/ST/threadx/ports/cortex_m4/gnu/inc/tx_port.h **** 
 172:Middlewares/ST/threadx/ports/cortex_m4/gnu/inc/tx_port.h **** */
 173:Middlewares/ST/threadx/ports/cortex_m4/gnu/inc/tx_port.h **** 
 174:Middlewares/ST/threadx/ports/cortex_m4/gnu/inc/tx_port.h **** #ifndef TX_MISRA_ENABLE
 175:Middlewares/ST/threadx/ports/cortex_m4/gnu/inc/tx_port.h **** #ifndef TX_TRACE_TIME_SOURCE
 176:Middlewares/ST/threadx/ports/cortex_m4/gnu/inc/tx_port.h **** #define TX_TRACE_TIME_SOURCE                    *((volatile ULONG *) 0xE0001004)
 177:Middlewares/ST/threadx/ports/cortex_m4/gnu/inc/tx_port.h **** #endif
 178:Middlewares/ST/threadx/ports/cortex_m4/gnu/inc/tx_port.h **** #else
 179:Middlewares/ST/threadx/ports/cortex_m4/gnu/inc/tx_port.h **** ULONG   _tx_misra_time_stamp_get(VOID);
 180:Middlewares/ST/threadx/ports/cortex_m4/gnu/inc/tx_port.h **** #define TX_TRACE_TIME_SOURCE                    _tx_misra_time_stamp_get()
 181:Middlewares/ST/threadx/ports/cortex_m4/gnu/inc/tx_port.h **** #endif
 182:Middlewares/ST/threadx/ports/cortex_m4/gnu/inc/tx_port.h **** 
 183:Middlewares/ST/threadx/ports/cortex_m4/gnu/inc/tx_port.h **** #ifndef TX_TRACE_TIME_MASK
 184:Middlewares/ST/threadx/ports/cortex_m4/gnu/inc/tx_port.h **** #define TX_TRACE_TIME_MASK                      0xFFFFFFFFUL
 185:Middlewares/ST/threadx/ports/cortex_m4/gnu/inc/tx_port.h **** #endif
 186:Middlewares/ST/threadx/ports/cortex_m4/gnu/inc/tx_port.h **** 
 187:Middlewares/ST/threadx/ports/cortex_m4/gnu/inc/tx_port.h **** #ifdef __ghs__
 188:Middlewares/ST/threadx/ports/cortex_m4/gnu/inc/tx_port.h **** /* Define constants for Green Hills EventAnalyzer.  */
 189:Middlewares/ST/threadx/ports/cortex_m4/gnu/inc/tx_port.h **** 
 190:Middlewares/ST/threadx/ports/cortex_m4/gnu/inc/tx_port.h **** /* Define the number of ticks per second. This informs the EventAnalyzer what the timestamps
 191:Middlewares/ST/threadx/ports/cortex_m4/gnu/inc/tx_port.h ****    represent.  By default, this is set to 1,000,000 i.e., one tick every microsecond. */
ARM GAS  C:\Users\HP\AppData\Local\Temp\ccrEpjmZ.s 			page 7


 192:Middlewares/ST/threadx/ports/cortex_m4/gnu/inc/tx_port.h **** 
 193:Middlewares/ST/threadx/ports/cortex_m4/gnu/inc/tx_port.h **** #define TX_EL_TICKS_PER_SECOND                  1000000
 194:Middlewares/ST/threadx/ports/cortex_m4/gnu/inc/tx_port.h **** 
 195:Middlewares/ST/threadx/ports/cortex_m4/gnu/inc/tx_port.h **** /* Define the method of how to get the upper and lower 32-bits of the time stamp. By default, simpl
 196:Middlewares/ST/threadx/ports/cortex_m4/gnu/inc/tx_port.h ****    simulate the time-stamp source with a counter.  */
 197:Middlewares/ST/threadx/ports/cortex_m4/gnu/inc/tx_port.h **** 
 198:Middlewares/ST/threadx/ports/cortex_m4/gnu/inc/tx_port.h **** #define read_tbu()                              _tx_el_time_base_upper
 199:Middlewares/ST/threadx/ports/cortex_m4/gnu/inc/tx_port.h **** #define read_tbl()                              ++_tx_el_time_base_lower
 200:Middlewares/ST/threadx/ports/cortex_m4/gnu/inc/tx_port.h **** #endif  /* __ghs__ */
 201:Middlewares/ST/threadx/ports/cortex_m4/gnu/inc/tx_port.h **** 
 202:Middlewares/ST/threadx/ports/cortex_m4/gnu/inc/tx_port.h **** /* Define the port specific options for the _tx_build_options variable. This variable indicates
 203:Middlewares/ST/threadx/ports/cortex_m4/gnu/inc/tx_port.h ****    how the ThreadX library was built.  */
 204:Middlewares/ST/threadx/ports/cortex_m4/gnu/inc/tx_port.h **** 
 205:Middlewares/ST/threadx/ports/cortex_m4/gnu/inc/tx_port.h **** #define TX_PORT_SPECIFIC_BUILD_OPTIONS          (0)
 206:Middlewares/ST/threadx/ports/cortex_m4/gnu/inc/tx_port.h **** 
 207:Middlewares/ST/threadx/ports/cortex_m4/gnu/inc/tx_port.h **** 
 208:Middlewares/ST/threadx/ports/cortex_m4/gnu/inc/tx_port.h **** /* Define the in-line initialization constant so that modules with in-line
 209:Middlewares/ST/threadx/ports/cortex_m4/gnu/inc/tx_port.h ****    initialization capabilities can prevent their initialization from being
 210:Middlewares/ST/threadx/ports/cortex_m4/gnu/inc/tx_port.h ****    a function call.  */
 211:Middlewares/ST/threadx/ports/cortex_m4/gnu/inc/tx_port.h **** 
 212:Middlewares/ST/threadx/ports/cortex_m4/gnu/inc/tx_port.h **** #ifdef TX_MISRA_ENABLE
 213:Middlewares/ST/threadx/ports/cortex_m4/gnu/inc/tx_port.h **** #define TX_DISABLE_INLINE
 214:Middlewares/ST/threadx/ports/cortex_m4/gnu/inc/tx_port.h **** #else
 215:Middlewares/ST/threadx/ports/cortex_m4/gnu/inc/tx_port.h **** #define TX_INLINE_INITIALIZATION
 216:Middlewares/ST/threadx/ports/cortex_m4/gnu/inc/tx_port.h **** #endif
 217:Middlewares/ST/threadx/ports/cortex_m4/gnu/inc/tx_port.h **** 
 218:Middlewares/ST/threadx/ports/cortex_m4/gnu/inc/tx_port.h **** 
 219:Middlewares/ST/threadx/ports/cortex_m4/gnu/inc/tx_port.h **** /* Determine whether or not stack checking is enabled. By default, ThreadX stack checking is
 220:Middlewares/ST/threadx/ports/cortex_m4/gnu/inc/tx_port.h ****    disabled. When the following is defined, ThreadX thread stack checking is enabled.  If stack
 221:Middlewares/ST/threadx/ports/cortex_m4/gnu/inc/tx_port.h ****    checking is enabled (TX_ENABLE_STACK_CHECKING is defined), the TX_DISABLE_STACK_FILLING
 222:Middlewares/ST/threadx/ports/cortex_m4/gnu/inc/tx_port.h ****    define is negated, thereby forcing the stack fill which is necessary for the stack checking
 223:Middlewares/ST/threadx/ports/cortex_m4/gnu/inc/tx_port.h ****    logic.  */
 224:Middlewares/ST/threadx/ports/cortex_m4/gnu/inc/tx_port.h **** 
 225:Middlewares/ST/threadx/ports/cortex_m4/gnu/inc/tx_port.h **** #ifndef TX_MISRA_ENABLE
 226:Middlewares/ST/threadx/ports/cortex_m4/gnu/inc/tx_port.h **** #ifdef TX_ENABLE_STACK_CHECKING
 227:Middlewares/ST/threadx/ports/cortex_m4/gnu/inc/tx_port.h **** #undef TX_DISABLE_STACK_FILLING
 228:Middlewares/ST/threadx/ports/cortex_m4/gnu/inc/tx_port.h **** #endif
 229:Middlewares/ST/threadx/ports/cortex_m4/gnu/inc/tx_port.h **** #endif
 230:Middlewares/ST/threadx/ports/cortex_m4/gnu/inc/tx_port.h **** 
 231:Middlewares/ST/threadx/ports/cortex_m4/gnu/inc/tx_port.h **** 
 232:Middlewares/ST/threadx/ports/cortex_m4/gnu/inc/tx_port.h **** /* Define the TX_THREAD control block extensions for this port. The main reason
 233:Middlewares/ST/threadx/ports/cortex_m4/gnu/inc/tx_port.h ****    for the multiple macros is so that backward compatibility can be maintained with
 234:Middlewares/ST/threadx/ports/cortex_m4/gnu/inc/tx_port.h ****    existing ThreadX kernel awareness modules.  */
 235:Middlewares/ST/threadx/ports/cortex_m4/gnu/inc/tx_port.h **** 
 236:Middlewares/ST/threadx/ports/cortex_m4/gnu/inc/tx_port.h **** #define TX_THREAD_EXTENSION_0
 237:Middlewares/ST/threadx/ports/cortex_m4/gnu/inc/tx_port.h **** #define TX_THREAD_EXTENSION_1
 238:Middlewares/ST/threadx/ports/cortex_m4/gnu/inc/tx_port.h **** #ifdef  TX_ENABLE_IAR_LIBRARY_SUPPORT
 239:Middlewares/ST/threadx/ports/cortex_m4/gnu/inc/tx_port.h **** #define TX_THREAD_EXTENSION_2           VOID    *tx_thread_iar_tls_pointer;
 240:Middlewares/ST/threadx/ports/cortex_m4/gnu/inc/tx_port.h **** #elif defined(__ghs__)
 241:Middlewares/ST/threadx/ports/cortex_m4/gnu/inc/tx_port.h **** #define TX_THREAD_EXTENSION_2           VOID *  tx_thread_eh_globals;                           \
 242:Middlewares/ST/threadx/ports/cortex_m4/gnu/inc/tx_port.h ****                                         int     Errno;             /* errno.  */                \
 243:Middlewares/ST/threadx/ports/cortex_m4/gnu/inc/tx_port.h ****                                         char *  strtok_saved_pos;  /* strtok() position.  */
 244:Middlewares/ST/threadx/ports/cortex_m4/gnu/inc/tx_port.h **** #else
 245:Middlewares/ST/threadx/ports/cortex_m4/gnu/inc/tx_port.h **** #define TX_THREAD_EXTENSION_2
 246:Middlewares/ST/threadx/ports/cortex_m4/gnu/inc/tx_port.h **** #endif
 247:Middlewares/ST/threadx/ports/cortex_m4/gnu/inc/tx_port.h **** 
 248:Middlewares/ST/threadx/ports/cortex_m4/gnu/inc/tx_port.h **** 
ARM GAS  C:\Users\HP\AppData\Local\Temp\ccrEpjmZ.s 			page 8


 249:Middlewares/ST/threadx/ports/cortex_m4/gnu/inc/tx_port.h **** #define TX_THREAD_EXTENSION_3
 250:Middlewares/ST/threadx/ports/cortex_m4/gnu/inc/tx_port.h **** 
 251:Middlewares/ST/threadx/ports/cortex_m4/gnu/inc/tx_port.h **** 
 252:Middlewares/ST/threadx/ports/cortex_m4/gnu/inc/tx_port.h **** 
 253:Middlewares/ST/threadx/ports/cortex_m4/gnu/inc/tx_port.h **** /* Define the port extensions of the remaining ThreadX objects.  */
 254:Middlewares/ST/threadx/ports/cortex_m4/gnu/inc/tx_port.h **** 
 255:Middlewares/ST/threadx/ports/cortex_m4/gnu/inc/tx_port.h **** #define TX_BLOCK_POOL_EXTENSION
 256:Middlewares/ST/threadx/ports/cortex_m4/gnu/inc/tx_port.h **** #define TX_BYTE_POOL_EXTENSION
 257:Middlewares/ST/threadx/ports/cortex_m4/gnu/inc/tx_port.h **** #define TX_EVENT_FLAGS_GROUP_EXTENSION
 258:Middlewares/ST/threadx/ports/cortex_m4/gnu/inc/tx_port.h **** #define TX_MUTEX_EXTENSION
 259:Middlewares/ST/threadx/ports/cortex_m4/gnu/inc/tx_port.h **** #define TX_QUEUE_EXTENSION
 260:Middlewares/ST/threadx/ports/cortex_m4/gnu/inc/tx_port.h **** #define TX_SEMAPHORE_EXTENSION
 261:Middlewares/ST/threadx/ports/cortex_m4/gnu/inc/tx_port.h **** #define TX_TIMER_EXTENSION
 262:Middlewares/ST/threadx/ports/cortex_m4/gnu/inc/tx_port.h **** 
 263:Middlewares/ST/threadx/ports/cortex_m4/gnu/inc/tx_port.h **** 
 264:Middlewares/ST/threadx/ports/cortex_m4/gnu/inc/tx_port.h **** /* Define the user extension field of the thread control block.  Nothing
 265:Middlewares/ST/threadx/ports/cortex_m4/gnu/inc/tx_port.h ****    additional is needed for this port so it is defined as white space.  */
 266:Middlewares/ST/threadx/ports/cortex_m4/gnu/inc/tx_port.h **** 
 267:Middlewares/ST/threadx/ports/cortex_m4/gnu/inc/tx_port.h **** #ifndef TX_THREAD_USER_EXTENSION
 268:Middlewares/ST/threadx/ports/cortex_m4/gnu/inc/tx_port.h **** #define TX_THREAD_USER_EXTENSION
 269:Middlewares/ST/threadx/ports/cortex_m4/gnu/inc/tx_port.h **** #endif
 270:Middlewares/ST/threadx/ports/cortex_m4/gnu/inc/tx_port.h **** 
 271:Middlewares/ST/threadx/ports/cortex_m4/gnu/inc/tx_port.h **** 
 272:Middlewares/ST/threadx/ports/cortex_m4/gnu/inc/tx_port.h **** /* Define the macros for processing extensions in tx_thread_create, tx_thread_delete,
 273:Middlewares/ST/threadx/ports/cortex_m4/gnu/inc/tx_port.h ****    tx_thread_shell_entry, and tx_thread_terminate.  */
 274:Middlewares/ST/threadx/ports/cortex_m4/gnu/inc/tx_port.h **** 
 275:Middlewares/ST/threadx/ports/cortex_m4/gnu/inc/tx_port.h **** 
 276:Middlewares/ST/threadx/ports/cortex_m4/gnu/inc/tx_port.h **** #ifdef  TX_ENABLE_IAR_LIBRARY_SUPPORT
 277:Middlewares/ST/threadx/ports/cortex_m4/gnu/inc/tx_port.h **** #if (__VER__ < 8000000)
 278:Middlewares/ST/threadx/ports/cortex_m4/gnu/inc/tx_port.h **** #define TX_THREAD_CREATE_EXTENSION(thread_ptr)                      thread_ptr -> tx_thread_iar_tls
 279:Middlewares/ST/threadx/ports/cortex_m4/gnu/inc/tx_port.h **** #define TX_THREAD_DELETE_EXTENSION(thread_ptr)                      __iar_dlib_perthread_deallocate
 280:Middlewares/ST/threadx/ports/cortex_m4/gnu/inc/tx_port.h ****                                                                     thread_ptr -> tx_thread_iar_tls
 281:Middlewares/ST/threadx/ports/cortex_m4/gnu/inc/tx_port.h **** #define TX_PORT_SPECIFIC_PRE_SCHEDULER_INITIALIZATION               __iar_dlib_perthread_access(0);
 282:Middlewares/ST/threadx/ports/cortex_m4/gnu/inc/tx_port.h **** #else
 283:Middlewares/ST/threadx/ports/cortex_m4/gnu/inc/tx_port.h **** void    *_tx_iar_create_per_thread_tls_area(void);
 284:Middlewares/ST/threadx/ports/cortex_m4/gnu/inc/tx_port.h **** void    _tx_iar_destroy_per_thread_tls_area(void *tls_ptr);
 285:Middlewares/ST/threadx/ports/cortex_m4/gnu/inc/tx_port.h **** void    __iar_Initlocks(void);
 286:Middlewares/ST/threadx/ports/cortex_m4/gnu/inc/tx_port.h **** 
 287:Middlewares/ST/threadx/ports/cortex_m4/gnu/inc/tx_port.h **** #define TX_THREAD_CREATE_EXTENSION(thread_ptr)                      thread_ptr -> tx_thread_iar_tls
 288:Middlewares/ST/threadx/ports/cortex_m4/gnu/inc/tx_port.h **** #define TX_THREAD_DELETE_EXTENSION(thread_ptr)                      do {_tx_iar_destroy_per_thread_
 289:Middlewares/ST/threadx/ports/cortex_m4/gnu/inc/tx_port.h ****                                                                         thread_ptr -> tx_thread_iar
 290:Middlewares/ST/threadx/ports/cortex_m4/gnu/inc/tx_port.h **** #define TX_PORT_SPECIFIC_PRE_SCHEDULER_INITIALIZATION               do {__iar_Initlocks();} while(0
 291:Middlewares/ST/threadx/ports/cortex_m4/gnu/inc/tx_port.h **** #endif
 292:Middlewares/ST/threadx/ports/cortex_m4/gnu/inc/tx_port.h **** #else
 293:Middlewares/ST/threadx/ports/cortex_m4/gnu/inc/tx_port.h **** #define TX_THREAD_CREATE_EXTENSION(thread_ptr)
 294:Middlewares/ST/threadx/ports/cortex_m4/gnu/inc/tx_port.h **** #define TX_THREAD_DELETE_EXTENSION(thread_ptr)
 295:Middlewares/ST/threadx/ports/cortex_m4/gnu/inc/tx_port.h **** #endif
 296:Middlewares/ST/threadx/ports/cortex_m4/gnu/inc/tx_port.h **** 
 297:Middlewares/ST/threadx/ports/cortex_m4/gnu/inc/tx_port.h **** #if defined(__ARMVFP__) || defined(__ARM_PCS_VFP) || defined(__ARM_FP) || defined(__TARGET_FPU_VFP)
 298:Middlewares/ST/threadx/ports/cortex_m4/gnu/inc/tx_port.h **** 
 299:Middlewares/ST/threadx/ports/cortex_m4/gnu/inc/tx_port.h **** #ifdef TX_MISRA_ENABLE
 300:Middlewares/ST/threadx/ports/cortex_m4/gnu/inc/tx_port.h **** 
 301:Middlewares/ST/threadx/ports/cortex_m4/gnu/inc/tx_port.h **** ULONG  _tx_misra_control_get(void);
 302:Middlewares/ST/threadx/ports/cortex_m4/gnu/inc/tx_port.h **** void   _tx_misra_control_set(ULONG value);
 303:Middlewares/ST/threadx/ports/cortex_m4/gnu/inc/tx_port.h **** ULONG  _tx_misra_fpccr_get(void);
 304:Middlewares/ST/threadx/ports/cortex_m4/gnu/inc/tx_port.h **** void   _tx_misra_vfp_touch(void);
 305:Middlewares/ST/threadx/ports/cortex_m4/gnu/inc/tx_port.h **** 
ARM GAS  C:\Users\HP\AppData\Local\Temp\ccrEpjmZ.s 			page 9


 306:Middlewares/ST/threadx/ports/cortex_m4/gnu/inc/tx_port.h **** #else   /* TX_MISRA_ENABLE not defined */
 307:Middlewares/ST/threadx/ports/cortex_m4/gnu/inc/tx_port.h **** 
 308:Middlewares/ST/threadx/ports/cortex_m4/gnu/inc/tx_port.h **** /* Define some helper functions (these are intrinsics in some compilers). */
 309:Middlewares/ST/threadx/ports/cortex_m4/gnu/inc/tx_port.h **** #ifdef __GNUC__ /* GCC and ARM Compiler 6 */
 310:Middlewares/ST/threadx/ports/cortex_m4/gnu/inc/tx_port.h **** 
 311:Middlewares/ST/threadx/ports/cortex_m4/gnu/inc/tx_port.h **** __attribute__( ( always_inline ) ) static inline ULONG __get_control_value(void)
 312:Middlewares/ST/threadx/ports/cortex_m4/gnu/inc/tx_port.h **** {
 313:Middlewares/ST/threadx/ports/cortex_m4/gnu/inc/tx_port.h **** ULONG  control_value;
 314:Middlewares/ST/threadx/ports/cortex_m4/gnu/inc/tx_port.h **** 
 315:Middlewares/ST/threadx/ports/cortex_m4/gnu/inc/tx_port.h ****     __asm__ volatile (" MRS  %0,CONTROL ": "=r" (control_value) );
 316:Middlewares/ST/threadx/ports/cortex_m4/gnu/inc/tx_port.h ****     return(control_value);
 317:Middlewares/ST/threadx/ports/cortex_m4/gnu/inc/tx_port.h **** }
 318:Middlewares/ST/threadx/ports/cortex_m4/gnu/inc/tx_port.h **** 
 319:Middlewares/ST/threadx/ports/cortex_m4/gnu/inc/tx_port.h **** __attribute__( ( always_inline ) ) static inline void __set_control_value(ULONG control_value)
 320:Middlewares/ST/threadx/ports/cortex_m4/gnu/inc/tx_port.h **** {
 321:Middlewares/ST/threadx/ports/cortex_m4/gnu/inc/tx_port.h ****     __asm__ volatile (" MSR  CONTROL,%0": : "r" (control_value): "memory" );
 322:Middlewares/ST/threadx/ports/cortex_m4/gnu/inc/tx_port.h **** }
 323:Middlewares/ST/threadx/ports/cortex_m4/gnu/inc/tx_port.h **** 
 324:Middlewares/ST/threadx/ports/cortex_m4/gnu/inc/tx_port.h **** #define TX_VFP_TOUCH()  __asm__ volatile ("VMOV.F32 s0, s0");
 325:Middlewares/ST/threadx/ports/cortex_m4/gnu/inc/tx_port.h **** 
 326:Middlewares/ST/threadx/ports/cortex_m4/gnu/inc/tx_port.h **** #elif defined(__CC_ARM) /* ARM Compiler 5 */
 327:Middlewares/ST/threadx/ports/cortex_m4/gnu/inc/tx_port.h **** 
 328:Middlewares/ST/threadx/ports/cortex_m4/gnu/inc/tx_port.h **** __attribute__( ( always_inline ) ) ULONG __get_control_value(void)
 329:Middlewares/ST/threadx/ports/cortex_m4/gnu/inc/tx_port.h **** {
 330:Middlewares/ST/threadx/ports/cortex_m4/gnu/inc/tx_port.h **** ULONG  control_value;
 331:Middlewares/ST/threadx/ports/cortex_m4/gnu/inc/tx_port.h **** 
 332:Middlewares/ST/threadx/ports/cortex_m4/gnu/inc/tx_port.h ****     __asm volatile ("MRS control_value,CONTROL");
 333:Middlewares/ST/threadx/ports/cortex_m4/gnu/inc/tx_port.h ****     return(control_value);
 334:Middlewares/ST/threadx/ports/cortex_m4/gnu/inc/tx_port.h **** }
 335:Middlewares/ST/threadx/ports/cortex_m4/gnu/inc/tx_port.h **** 
 336:Middlewares/ST/threadx/ports/cortex_m4/gnu/inc/tx_port.h **** __attribute__( ( always_inline ) ) void __set_control_value(ULONG control_value)
 337:Middlewares/ST/threadx/ports/cortex_m4/gnu/inc/tx_port.h **** {
 338:Middlewares/ST/threadx/ports/cortex_m4/gnu/inc/tx_port.h ****     __asm__ volatile ("MSR CONTROL,control_value");
 339:Middlewares/ST/threadx/ports/cortex_m4/gnu/inc/tx_port.h **** }
 340:Middlewares/ST/threadx/ports/cortex_m4/gnu/inc/tx_port.h **** /* Can't access VFP registers with inline asm, so define this in tx_thread_schedule.  */
 341:Middlewares/ST/threadx/ports/cortex_m4/gnu/inc/tx_port.h **** void _tx_vfp_access(void);
 342:Middlewares/ST/threadx/ports/cortex_m4/gnu/inc/tx_port.h **** #define TX_VFP_TOUCH()  _tx_vfp_access();
 343:Middlewares/ST/threadx/ports/cortex_m4/gnu/inc/tx_port.h **** 
 344:Middlewares/ST/threadx/ports/cortex_m4/gnu/inc/tx_port.h **** #elif defined(__ICCARM__)  /* IAR */
 345:Middlewares/ST/threadx/ports/cortex_m4/gnu/inc/tx_port.h **** #define TX_VFP_TOUCH()  __asm__ volatile ("VMOV.F32 s0, s0");
 346:Middlewares/ST/threadx/ports/cortex_m4/gnu/inc/tx_port.h **** #endif  /* Helper functions for different compilers */
 347:Middlewares/ST/threadx/ports/cortex_m4/gnu/inc/tx_port.h **** 
 348:Middlewares/ST/threadx/ports/cortex_m4/gnu/inc/tx_port.h **** #endif  /* TX_MISRA_ENABLE */
 349:Middlewares/ST/threadx/ports/cortex_m4/gnu/inc/tx_port.h **** 
 350:Middlewares/ST/threadx/ports/cortex_m4/gnu/inc/tx_port.h **** 
 351:Middlewares/ST/threadx/ports/cortex_m4/gnu/inc/tx_port.h **** /* A completed thread falls into _thread_shell_entry and we can simply deactivate the FPU via CONTR
 352:Middlewares/ST/threadx/ports/cortex_m4/gnu/inc/tx_port.h ****    in order to ensure no lazy stacking will occur. */
 353:Middlewares/ST/threadx/ports/cortex_m4/gnu/inc/tx_port.h **** 
 354:Middlewares/ST/threadx/ports/cortex_m4/gnu/inc/tx_port.h **** #ifndef TX_MISRA_ENABLE
 355:Middlewares/ST/threadx/ports/cortex_m4/gnu/inc/tx_port.h **** 
 356:Middlewares/ST/threadx/ports/cortex_m4/gnu/inc/tx_port.h **** #define TX_THREAD_COMPLETED_EXTENSION(thread_ptr)   {                                              
 357:Middlewares/ST/threadx/ports/cortex_m4/gnu/inc/tx_port.h ****                                                     ULONG  _tx_vfp_state;                          
 358:Middlewares/ST/threadx/ports/cortex_m4/gnu/inc/tx_port.h ****                                                         _tx_vfp_state =  __get_control_value();    
 359:Middlewares/ST/threadx/ports/cortex_m4/gnu/inc/tx_port.h ****                                                         _tx_vfp_state =  _tx_vfp_state & ~((ULONG) 
 360:Middlewares/ST/threadx/ports/cortex_m4/gnu/inc/tx_port.h ****                                                         __set_control_value(_tx_vfp_state);        
 361:Middlewares/ST/threadx/ports/cortex_m4/gnu/inc/tx_port.h ****                                                     }
 362:Middlewares/ST/threadx/ports/cortex_m4/gnu/inc/tx_port.h **** #else
ARM GAS  C:\Users\HP\AppData\Local\Temp\ccrEpjmZ.s 			page 10


 363:Middlewares/ST/threadx/ports/cortex_m4/gnu/inc/tx_port.h **** 
 364:Middlewares/ST/threadx/ports/cortex_m4/gnu/inc/tx_port.h **** #define TX_THREAD_COMPLETED_EXTENSION(thread_ptr)   {                                              
 365:Middlewares/ST/threadx/ports/cortex_m4/gnu/inc/tx_port.h ****                                                     ULONG  _tx_vfp_state;                          
 366:Middlewares/ST/threadx/ports/cortex_m4/gnu/inc/tx_port.h ****                                                         _tx_vfp_state =  _tx_misra_control_get();  
 367:Middlewares/ST/threadx/ports/cortex_m4/gnu/inc/tx_port.h ****                                                         _tx_vfp_state =  _tx_vfp_state & ~((ULONG) 
 368:Middlewares/ST/threadx/ports/cortex_m4/gnu/inc/tx_port.h ****                                                         _tx_misra_control_set(_tx_vfp_state);      
 369:Middlewares/ST/threadx/ports/cortex_m4/gnu/inc/tx_port.h ****                                                     }
 370:Middlewares/ST/threadx/ports/cortex_m4/gnu/inc/tx_port.h **** 
 371:Middlewares/ST/threadx/ports/cortex_m4/gnu/inc/tx_port.h **** #endif
 372:Middlewares/ST/threadx/ports/cortex_m4/gnu/inc/tx_port.h **** 
 373:Middlewares/ST/threadx/ports/cortex_m4/gnu/inc/tx_port.h **** /* A thread can be terminated by another thread, so we first check if it's self-terminating and not
 374:Middlewares/ST/threadx/ports/cortex_m4/gnu/inc/tx_port.h ****    If so, deactivate the FPU via CONTROL.FPCA. Otherwise we are in an interrupt or another thread i
 375:Middlewares/ST/threadx/ports/cortex_m4/gnu/inc/tx_port.h ****    this one, so if the FPCCR.LSPACT bit is set, we need to save the CONTROL.FPCA state, touch the F
 376:Middlewares/ST/threadx/ports/cortex_m4/gnu/inc/tx_port.h ****    the lazy FPU save, then restore the CONTROL.FPCA state. */
 377:Middlewares/ST/threadx/ports/cortex_m4/gnu/inc/tx_port.h **** 
 378:Middlewares/ST/threadx/ports/cortex_m4/gnu/inc/tx_port.h **** #ifndef TX_MISRA_ENABLE
 379:Middlewares/ST/threadx/ports/cortex_m4/gnu/inc/tx_port.h **** 
 380:Middlewares/ST/threadx/ports/cortex_m4/gnu/inc/tx_port.h **** #define TX_THREAD_TERMINATED_EXTENSION(thread_ptr)  {                                              
 381:Middlewares/ST/threadx/ports/cortex_m4/gnu/inc/tx_port.h ****                                                     ULONG  _tx_system_state;                       
 382:Middlewares/ST/threadx/ports/cortex_m4/gnu/inc/tx_port.h ****                                                         _tx_system_state =  TX_THREAD_GET_SYSTEM_ST
 383:Middlewares/ST/threadx/ports/cortex_m4/gnu/inc/tx_port.h ****                                                         if ((_tx_system_state == ((ULONG) 0)) && ((
 384:Middlewares/ST/threadx/ports/cortex_m4/gnu/inc/tx_port.h ****                                                         {                                          
 385:Middlewares/ST/threadx/ports/cortex_m4/gnu/inc/tx_port.h ****                                                         ULONG  _tx_vfp_state;                      
 386:Middlewares/ST/threadx/ports/cortex_m4/gnu/inc/tx_port.h ****                                                             _tx_vfp_state =  __get_control_value();
 387:Middlewares/ST/threadx/ports/cortex_m4/gnu/inc/tx_port.h ****                                                             _tx_vfp_state =  _tx_vfp_state & ~((ULO
 388:Middlewares/ST/threadx/ports/cortex_m4/gnu/inc/tx_port.h ****                                                             __set_control_value(_tx_vfp_state);    
 389:Middlewares/ST/threadx/ports/cortex_m4/gnu/inc/tx_port.h ****                                                         }                                          
 390:Middlewares/ST/threadx/ports/cortex_m4/gnu/inc/tx_port.h ****                                                         else                                       
 391:Middlewares/ST/threadx/ports/cortex_m4/gnu/inc/tx_port.h ****                                                         {                                          
 392:Middlewares/ST/threadx/ports/cortex_m4/gnu/inc/tx_port.h ****                                                         ULONG  _tx_fpccr;                          
 393:Middlewares/ST/threadx/ports/cortex_m4/gnu/inc/tx_port.h ****                                                             _tx_fpccr =  *((volatile ULONG *) 0xE00
 394:Middlewares/ST/threadx/ports/cortex_m4/gnu/inc/tx_port.h ****                                                             _tx_fpccr =  _tx_fpccr & ((ULONG) 0x01)
 395:Middlewares/ST/threadx/ports/cortex_m4/gnu/inc/tx_port.h ****                                                             if (_tx_fpccr == ((ULONG) 0x01))       
 396:Middlewares/ST/threadx/ports/cortex_m4/gnu/inc/tx_port.h ****                                                             {                                      
 397:Middlewares/ST/threadx/ports/cortex_m4/gnu/inc/tx_port.h ****                                                             ULONG _tx_vfp_state;                   
 398:Middlewares/ST/threadx/ports/cortex_m4/gnu/inc/tx_port.h ****                                                                 _tx_vfp_state = __get_control_value
 399:Middlewares/ST/threadx/ports/cortex_m4/gnu/inc/tx_port.h ****                                                                 _tx_vfp_state =  _tx_vfp_state & ((
 400:Middlewares/ST/threadx/ports/cortex_m4/gnu/inc/tx_port.h ****                                                                 TX_VFP_TOUCH();                    
 401:Middlewares/ST/threadx/ports/cortex_m4/gnu/inc/tx_port.h ****                                                                 if (_tx_vfp_state == ((ULONG) 0))  
 402:Middlewares/ST/threadx/ports/cortex_m4/gnu/inc/tx_port.h ****                                                                 {                                  
 403:Middlewares/ST/threadx/ports/cortex_m4/gnu/inc/tx_port.h ****                                                                     _tx_vfp_state =  __get_control_
 404:Middlewares/ST/threadx/ports/cortex_m4/gnu/inc/tx_port.h ****                                                                     _tx_vfp_state =  _tx_vfp_state 
 405:Middlewares/ST/threadx/ports/cortex_m4/gnu/inc/tx_port.h ****                                                                     __set_control_value(_tx_vfp_sta
 406:Middlewares/ST/threadx/ports/cortex_m4/gnu/inc/tx_port.h ****                                                                 }                                  
 407:Middlewares/ST/threadx/ports/cortex_m4/gnu/inc/tx_port.h ****                                                             }                                      
 408:Middlewares/ST/threadx/ports/cortex_m4/gnu/inc/tx_port.h ****                                                         }                                          
 409:Middlewares/ST/threadx/ports/cortex_m4/gnu/inc/tx_port.h ****                                                     }
 410:Middlewares/ST/threadx/ports/cortex_m4/gnu/inc/tx_port.h **** #else
 411:Middlewares/ST/threadx/ports/cortex_m4/gnu/inc/tx_port.h **** 
 412:Middlewares/ST/threadx/ports/cortex_m4/gnu/inc/tx_port.h **** #define TX_THREAD_TERMINATED_EXTENSION(thread_ptr)  {                                              
 413:Middlewares/ST/threadx/ports/cortex_m4/gnu/inc/tx_port.h ****                                                     ULONG  _tx_system_state;                       
 414:Middlewares/ST/threadx/ports/cortex_m4/gnu/inc/tx_port.h ****                                                         _tx_system_state =  TX_THREAD_GET_SYSTEM_ST
 415:Middlewares/ST/threadx/ports/cortex_m4/gnu/inc/tx_port.h ****                                                         if ((_tx_system_state == ((ULONG) 0)) && ((
 416:Middlewares/ST/threadx/ports/cortex_m4/gnu/inc/tx_port.h ****                                                         {                                          
 417:Middlewares/ST/threadx/ports/cortex_m4/gnu/inc/tx_port.h ****                                                         ULONG  _tx_vfp_state;                      
 418:Middlewares/ST/threadx/ports/cortex_m4/gnu/inc/tx_port.h ****                                                             _tx_vfp_state =  _tx_misra_control_get(
 419:Middlewares/ST/threadx/ports/cortex_m4/gnu/inc/tx_port.h ****                                                             _tx_vfp_state =  _tx_vfp_state & ~((ULO
ARM GAS  C:\Users\HP\AppData\Local\Temp\ccrEpjmZ.s 			page 11


 420:Middlewares/ST/threadx/ports/cortex_m4/gnu/inc/tx_port.h ****                                                             _tx_misra_control_set(_tx_vfp_state);  
 421:Middlewares/ST/threadx/ports/cortex_m4/gnu/inc/tx_port.h ****                                                         }                                          
 422:Middlewares/ST/threadx/ports/cortex_m4/gnu/inc/tx_port.h ****                                                         else                                       
 423:Middlewares/ST/threadx/ports/cortex_m4/gnu/inc/tx_port.h ****                                                         {                                          
 424:Middlewares/ST/threadx/ports/cortex_m4/gnu/inc/tx_port.h ****                                                         ULONG  _tx_fpccr;                          
 425:Middlewares/ST/threadx/ports/cortex_m4/gnu/inc/tx_port.h ****                                                             _tx_fpccr =  _tx_misra_fpccr_get();    
 426:Middlewares/ST/threadx/ports/cortex_m4/gnu/inc/tx_port.h ****                                                             _tx_fpccr =  _tx_fpccr & ((ULONG) 0x01)
 427:Middlewares/ST/threadx/ports/cortex_m4/gnu/inc/tx_port.h ****                                                             if (_tx_fpccr == ((ULONG) 0x01))       
 428:Middlewares/ST/threadx/ports/cortex_m4/gnu/inc/tx_port.h ****                                                             {                                      
 429:Middlewares/ST/threadx/ports/cortex_m4/gnu/inc/tx_port.h ****                                                             ULONG _tx_vfp_state;                   
 430:Middlewares/ST/threadx/ports/cortex_m4/gnu/inc/tx_port.h ****                                                                 _tx_vfp_state = _tx_misra_control_g
 431:Middlewares/ST/threadx/ports/cortex_m4/gnu/inc/tx_port.h ****                                                                 _tx_vfp_state =  _tx_vfp_state & ((
 432:Middlewares/ST/threadx/ports/cortex_m4/gnu/inc/tx_port.h ****                                                                 _tx_misra_vfp_touch();             
 433:Middlewares/ST/threadx/ports/cortex_m4/gnu/inc/tx_port.h ****                                                                 if (_tx_vfp_state == ((ULONG) 0))  
 434:Middlewares/ST/threadx/ports/cortex_m4/gnu/inc/tx_port.h ****                                                                 {                                  
 435:Middlewares/ST/threadx/ports/cortex_m4/gnu/inc/tx_port.h ****                                                                     _tx_vfp_state =  _tx_misra_cont
 436:Middlewares/ST/threadx/ports/cortex_m4/gnu/inc/tx_port.h ****                                                                     _tx_vfp_state =  _tx_vfp_state 
 437:Middlewares/ST/threadx/ports/cortex_m4/gnu/inc/tx_port.h ****                                                                     _tx_misra_control_set(_tx_vfp_s
 438:Middlewares/ST/threadx/ports/cortex_m4/gnu/inc/tx_port.h ****                                                                 }                                  
 439:Middlewares/ST/threadx/ports/cortex_m4/gnu/inc/tx_port.h ****                                                             }                                      
 440:Middlewares/ST/threadx/ports/cortex_m4/gnu/inc/tx_port.h ****                                                         }                                          
 441:Middlewares/ST/threadx/ports/cortex_m4/gnu/inc/tx_port.h ****                                                     }
 442:Middlewares/ST/threadx/ports/cortex_m4/gnu/inc/tx_port.h **** #endif
 443:Middlewares/ST/threadx/ports/cortex_m4/gnu/inc/tx_port.h **** 
 444:Middlewares/ST/threadx/ports/cortex_m4/gnu/inc/tx_port.h **** #else   /* No VFP in use */
 445:Middlewares/ST/threadx/ports/cortex_m4/gnu/inc/tx_port.h **** 
 446:Middlewares/ST/threadx/ports/cortex_m4/gnu/inc/tx_port.h **** #define TX_THREAD_COMPLETED_EXTENSION(thread_ptr)
 447:Middlewares/ST/threadx/ports/cortex_m4/gnu/inc/tx_port.h **** #define TX_THREAD_TERMINATED_EXTENSION(thread_ptr)
 448:Middlewares/ST/threadx/ports/cortex_m4/gnu/inc/tx_port.h **** 
 449:Middlewares/ST/threadx/ports/cortex_m4/gnu/inc/tx_port.h **** #endif  /* defined(__ARMVFP__) || defined(__ARM_PCS_VFP) || defined(__ARM_FP) || defined(__TARGET_F
 450:Middlewares/ST/threadx/ports/cortex_m4/gnu/inc/tx_port.h **** 
 451:Middlewares/ST/threadx/ports/cortex_m4/gnu/inc/tx_port.h **** 
 452:Middlewares/ST/threadx/ports/cortex_m4/gnu/inc/tx_port.h **** /* Define the ThreadX object creation extensions for the remaining objects.  */
 453:Middlewares/ST/threadx/ports/cortex_m4/gnu/inc/tx_port.h **** 
 454:Middlewares/ST/threadx/ports/cortex_m4/gnu/inc/tx_port.h **** #define TX_BLOCK_POOL_CREATE_EXTENSION(pool_ptr)
 455:Middlewares/ST/threadx/ports/cortex_m4/gnu/inc/tx_port.h **** #define TX_BYTE_POOL_CREATE_EXTENSION(pool_ptr)
 456:Middlewares/ST/threadx/ports/cortex_m4/gnu/inc/tx_port.h **** #define TX_EVENT_FLAGS_GROUP_CREATE_EXTENSION(group_ptr)
 457:Middlewares/ST/threadx/ports/cortex_m4/gnu/inc/tx_port.h **** #define TX_MUTEX_CREATE_EXTENSION(mutex_ptr)
 458:Middlewares/ST/threadx/ports/cortex_m4/gnu/inc/tx_port.h **** #define TX_QUEUE_CREATE_EXTENSION(queue_ptr)
 459:Middlewares/ST/threadx/ports/cortex_m4/gnu/inc/tx_port.h **** #define TX_SEMAPHORE_CREATE_EXTENSION(semaphore_ptr)
 460:Middlewares/ST/threadx/ports/cortex_m4/gnu/inc/tx_port.h **** #define TX_TIMER_CREATE_EXTENSION(timer_ptr)
 461:Middlewares/ST/threadx/ports/cortex_m4/gnu/inc/tx_port.h **** 
 462:Middlewares/ST/threadx/ports/cortex_m4/gnu/inc/tx_port.h **** 
 463:Middlewares/ST/threadx/ports/cortex_m4/gnu/inc/tx_port.h **** /* Define the ThreadX object deletion extensions for the remaining objects.  */
 464:Middlewares/ST/threadx/ports/cortex_m4/gnu/inc/tx_port.h **** 
 465:Middlewares/ST/threadx/ports/cortex_m4/gnu/inc/tx_port.h **** #define TX_BLOCK_POOL_DELETE_EXTENSION(pool_ptr)
 466:Middlewares/ST/threadx/ports/cortex_m4/gnu/inc/tx_port.h **** #define TX_BYTE_POOL_DELETE_EXTENSION(pool_ptr)
 467:Middlewares/ST/threadx/ports/cortex_m4/gnu/inc/tx_port.h **** #define TX_EVENT_FLAGS_GROUP_DELETE_EXTENSION(group_ptr)
 468:Middlewares/ST/threadx/ports/cortex_m4/gnu/inc/tx_port.h **** #define TX_MUTEX_DELETE_EXTENSION(mutex_ptr)
 469:Middlewares/ST/threadx/ports/cortex_m4/gnu/inc/tx_port.h **** #define TX_QUEUE_DELETE_EXTENSION(queue_ptr)
 470:Middlewares/ST/threadx/ports/cortex_m4/gnu/inc/tx_port.h **** #define TX_SEMAPHORE_DELETE_EXTENSION(semaphore_ptr)
 471:Middlewares/ST/threadx/ports/cortex_m4/gnu/inc/tx_port.h **** #define TX_TIMER_DELETE_EXTENSION(timer_ptr)
 472:Middlewares/ST/threadx/ports/cortex_m4/gnu/inc/tx_port.h **** 
 473:Middlewares/ST/threadx/ports/cortex_m4/gnu/inc/tx_port.h **** 
 474:Middlewares/ST/threadx/ports/cortex_m4/gnu/inc/tx_port.h **** /* Define the get system state macro.  */
 475:Middlewares/ST/threadx/ports/cortex_m4/gnu/inc/tx_port.h **** 
 476:Middlewares/ST/threadx/ports/cortex_m4/gnu/inc/tx_port.h **** #ifndef TX_THREAD_GET_SYSTEM_STATE
ARM GAS  C:\Users\HP\AppData\Local\Temp\ccrEpjmZ.s 			page 12


 477:Middlewares/ST/threadx/ports/cortex_m4/gnu/inc/tx_port.h **** #ifndef TX_MISRA_ENABLE
 478:Middlewares/ST/threadx/ports/cortex_m4/gnu/inc/tx_port.h **** 
 479:Middlewares/ST/threadx/ports/cortex_m4/gnu/inc/tx_port.h **** #ifdef __CC_ARM /* ARM Compiler 5 */
 480:Middlewares/ST/threadx/ports/cortex_m4/gnu/inc/tx_port.h **** 
 481:Middlewares/ST/threadx/ports/cortex_m4/gnu/inc/tx_port.h **** register unsigned int _ipsr __asm("ipsr");
 482:Middlewares/ST/threadx/ports/cortex_m4/gnu/inc/tx_port.h **** #define TX_THREAD_GET_SYSTEM_STATE()        (_tx_thread_system_state | _ipsr)
 483:Middlewares/ST/threadx/ports/cortex_m4/gnu/inc/tx_port.h **** 
 484:Middlewares/ST/threadx/ports/cortex_m4/gnu/inc/tx_port.h **** #elif defined(__GNUC__) /* GCC and ARM Compiler 6 */
 485:Middlewares/ST/threadx/ports/cortex_m4/gnu/inc/tx_port.h **** 
 486:Middlewares/ST/threadx/ports/cortex_m4/gnu/inc/tx_port.h **** __attribute__( ( always_inline ) ) static inline unsigned int __get_ipsr_value(void)
  56              		.loc 2 486 63 view .LVU10
  57              	.LBB5:
 487:Middlewares/ST/threadx/ports/cortex_m4/gnu/inc/tx_port.h **** {
 488:Middlewares/ST/threadx/ports/cortex_m4/gnu/inc/tx_port.h **** unsigned int  ipsr_value;
  58              		.loc 2 488 1 view .LVU11
 489:Middlewares/ST/threadx/ports/cortex_m4/gnu/inc/tx_port.h ****     __asm__ volatile (" MRS  %0,IPSR ": "=r" (ipsr_value) );
  59              		.loc 2 489 5 view .LVU12
  60              		.syntax unified
  61              	@ 489 "Middlewares/ST/threadx/ports/cortex_m4/gnu/inc/tx_port.h" 1
  62 000c EFF30580 		 MRS  r0,IPSR 
  63              	@ 0 "" 2
  64              	.LVL1:
 490:Middlewares/ST/threadx/ports/cortex_m4/gnu/inc/tx_port.h ****     return(ipsr_value);
  65              		.loc 2 490 5 view .LVU13
  66              		.loc 2 490 5 is_stmt 0 view .LVU14
  67              		.thumb
  68              		.syntax unified
  69              	.LBE5:
  70              	.LBE4:
  71              		.loc 1 96 5 view .LVU15
  72 0010 0D4C     		ldr	r4, .L14
  73 0012 2468     		ldr	r4, [r4]
  74 0014 2043     		orrs	r0, r4, r0
  75 0016 11D1     		bne	.L7
  76              		.loc 1 96 5 discriminator 2 view .LVU16
  77 0018 0C48     		ldr	r0, .L14+4
  78 001a 0068     		ldr	r0, [r0]
  79 001c 80B1     		cbz	r0, .L8
  80              		.loc 1 96 5 discriminator 4 view .LVU17
  81 001e 0C4C     		ldr	r4, .L14+8
  82 0020 A042     		cmp	r0, r4
  83 0022 0FD0     		beq	.L9
  97:Middlewares/ST/filex/common/src/fxe_directory_long_name_get_extended.c **** 
  98:Middlewares/ST/filex/common/src/fxe_directory_long_name_get_extended.c ****     /* Call actual long name get service.  */
  99:Middlewares/ST/filex/common/src/fxe_directory_long_name_get_extended.c ****     status =  _fx_directory_long_name_get_extended(media_ptr, short_file_name, long_file_name, long
  84              		.loc 1 99 5 is_stmt 1 view .LVU18
  85              		.loc 1 99 15 is_stmt 0 view .LVU19
  86 0024 6046     		mov	r0, ip
  87 0026 FFF7FEFF 		bl	_fx_directory_long_name_get_extended
  88              	.LVL2:
 100:Middlewares/ST/filex/common/src/fxe_directory_long_name_get_extended.c **** 
 101:Middlewares/ST/filex/common/src/fxe_directory_long_name_get_extended.c ****     /* Return status to the caller.  */
 102:Middlewares/ST/filex/common/src/fxe_directory_long_name_get_extended.c ****     return(status);
  89              		.loc 1 102 5 is_stmt 1 view .LVU20
  90              	.L1:
 103:Middlewares/ST/filex/common/src/fxe_directory_long_name_get_extended.c **** }
  91              		.loc 1 103 1 is_stmt 0 view .LVU21
ARM GAS  C:\Users\HP\AppData\Local\Temp\ccrEpjmZ.s 			page 13


  92 002a 10BD     		pop	{r4, pc}
  93              	.LVL3:
  94              	.L3:
  95              	.LCFI1:
  96              		.cfi_def_cfa_offset 0
  97              		.cfi_restore 4
  98              		.cfi_restore 14
  86:Middlewares/ST/filex/common/src/fxe_directory_long_name_get_extended.c ****     }
  99              		.loc 1 86 15 view .LVU22
 100 002c 1820     		movs	r0, #24
 101              	.LVL4:
  86:Middlewares/ST/filex/common/src/fxe_directory_long_name_get_extended.c ****     }
 102              		.loc 1 86 15 view .LVU23
 103 002e 7047     		bx	lr
 104              	.LVL5:
 105              	.L4:
  86:Middlewares/ST/filex/common/src/fxe_directory_long_name_get_extended.c ****     }
 106              		.loc 1 86 15 view .LVU24
 107 0030 1820     		movs	r0, #24
 108              	.LVL6:
  86:Middlewares/ST/filex/common/src/fxe_directory_long_name_get_extended.c ****     }
 109              		.loc 1 86 15 view .LVU25
 110 0032 7047     		bx	lr
 111              	.LVL7:
 112              	.L5:
  86:Middlewares/ST/filex/common/src/fxe_directory_long_name_get_extended.c ****     }
 113              		.loc 1 86 15 view .LVU26
 114 0034 1820     		movs	r0, #24
 115              	.LVL8:
  86:Middlewares/ST/filex/common/src/fxe_directory_long_name_get_extended.c ****     }
 116              		.loc 1 86 15 view .LVU27
 117 0036 7047     		bx	lr
 118              	.LVL9:
 119              	.L6:
  92:Middlewares/ST/filex/common/src/fxe_directory_long_name_get_extended.c ****     }
 120              		.loc 1 92 15 view .LVU28
 121 0038 2120     		movs	r0, #33
 122              	.LVL10:
 123              		.loc 1 103 1 view .LVU29
 124 003a 7047     		bx	lr
 125              	.L7:
 126              	.LCFI2:
 127              		.cfi_def_cfa_offset 8
 128              		.cfi_offset 4, -8
 129              		.cfi_offset 14, -4
  96:Middlewares/ST/filex/common/src/fxe_directory_long_name_get_extended.c **** 
 130              		.loc 1 96 5 view .LVU30
 131 003c 2020     		movs	r0, #32
 132 003e F4E7     		b	.L1
 133              	.L8:
 134 0040 2020     		movs	r0, #32
 135 0042 F2E7     		b	.L1
 136              	.L9:
 137 0044 2020     		movs	r0, #32
 138 0046 F0E7     		b	.L1
 139              	.L15:
 140              		.align	2
ARM GAS  C:\Users\HP\AppData\Local\Temp\ccrEpjmZ.s 			page 14


 141              	.L14:
 142 0048 00000000 		.word	_tx_thread_system_state
 143 004c 00000000 		.word	_tx_thread_current_ptr
 144 0050 00000000 		.word	_tx_timer_thread
 145              		.cfi_endproc
 146              	.LFE8:
 148              		.text
 149              	.Letext0:
 150              		.file 3 "Middlewares/ST/threadx/common/inc/tx_api.h"
 151              		.file 4 "Middlewares/ST/filex/common/inc/fx_api.h"
 152              		.file 5 "Middlewares/ST/filex/common/inc/fx_directory.h"
ARM GAS  C:\Users\HP\AppData\Local\Temp\ccrEpjmZ.s 			page 15


DEFINED SYMBOLS
                            *ABS*:00000000 fxe_directory_long_name_get_extended.c
C:\Users\HP\AppData\Local\Temp\ccrEpjmZ.s:20     .text._fxe_directory_long_name_get_extended:00000000 $t
C:\Users\HP\AppData\Local\Temp\ccrEpjmZ.s:26     .text._fxe_directory_long_name_get_extended:00000000 _fxe_directory_long_name_get_extended
C:\Users\HP\AppData\Local\Temp\ccrEpjmZ.s:142    .text._fxe_directory_long_name_get_extended:00000048 $d

UNDEFINED SYMBOLS
_fx_directory_long_name_get_extended
_tx_thread_system_state
_tx_thread_current_ptr
_tx_timer_thread
