ARM GAS  C:\Users\HP\AppData\Local\Temp\ccgYkhdv.s 			page 1


   1              		.cpu cortex-m4
   2              		.arch armv7e-m
   3              		.fpu fpv4-sp-d16
   4              		.eabi_attribute 27, 1
   5              		.eabi_attribute 28, 1
   6              		.eabi_attribute 20, 1
   7              		.eabi_attribute 21, 1
   8              		.eabi_attribute 23, 3
   9              		.eabi_attribute 24, 1
  10              		.eabi_attribute 25, 1
  11              		.eabi_attribute 26, 1
  12              		.eabi_attribute 30, 1
  13              		.eabi_attribute 34, 1
  14              		.eabi_attribute 18, 4
  15              		.file	"fxe_system_date_set.c"
  16              		.text
  17              	.Ltext0:
  18              		.cfi_sections	.debug_frame
  19              		.section	.text._fxe_system_date_set,"ax",%progbits
  20              		.align	1
  21              		.global	_fxe_system_date_set
  22              		.syntax unified
  23              		.thumb
  24              		.thumb_func
  26              	_fxe_system_date_set:
  27              	.LVL0:
  28              	.LFB8:
  29              		.file 1 "Middlewares/ST/filex/common/src/fxe_system_date_set.c"
   1:Middlewares/ST/filex/common/src/fxe_system_date_set.c **** /**************************************************************************/
   2:Middlewares/ST/filex/common/src/fxe_system_date_set.c **** /*                                                                        */
   3:Middlewares/ST/filex/common/src/fxe_system_date_set.c **** /*       Copyright (c) Microsoft Corporation. All rights reserved.        */
   4:Middlewares/ST/filex/common/src/fxe_system_date_set.c **** /*                                                                        */
   5:Middlewares/ST/filex/common/src/fxe_system_date_set.c **** /*       This software is licensed under the Microsoft Software License   */
   6:Middlewares/ST/filex/common/src/fxe_system_date_set.c **** /*       Terms for Microsoft Azure RTOS. Full text of the license can be  */
   7:Middlewares/ST/filex/common/src/fxe_system_date_set.c **** /*       found in the LICENSE file at https://aka.ms/AzureRTOS_EULA       */
   8:Middlewares/ST/filex/common/src/fxe_system_date_set.c **** /*       and in the root directory of this software.                      */
   9:Middlewares/ST/filex/common/src/fxe_system_date_set.c **** /*                                                                        */
  10:Middlewares/ST/filex/common/src/fxe_system_date_set.c **** /**************************************************************************/
  11:Middlewares/ST/filex/common/src/fxe_system_date_set.c **** 
  12:Middlewares/ST/filex/common/src/fxe_system_date_set.c **** 
  13:Middlewares/ST/filex/common/src/fxe_system_date_set.c **** /**************************************************************************/
  14:Middlewares/ST/filex/common/src/fxe_system_date_set.c **** /**************************************************************************/
  15:Middlewares/ST/filex/common/src/fxe_system_date_set.c **** /**                                                                       */
  16:Middlewares/ST/filex/common/src/fxe_system_date_set.c **** /** FileX Component                                                       */
  17:Middlewares/ST/filex/common/src/fxe_system_date_set.c **** /**                                                                       */
  18:Middlewares/ST/filex/common/src/fxe_system_date_set.c **** /**   System                                                              */
  19:Middlewares/ST/filex/common/src/fxe_system_date_set.c **** /**                                                                       */
  20:Middlewares/ST/filex/common/src/fxe_system_date_set.c **** /**************************************************************************/
  21:Middlewares/ST/filex/common/src/fxe_system_date_set.c **** /**************************************************************************/
  22:Middlewares/ST/filex/common/src/fxe_system_date_set.c **** 
  23:Middlewares/ST/filex/common/src/fxe_system_date_set.c **** #define FX_SOURCE_CODE
  24:Middlewares/ST/filex/common/src/fxe_system_date_set.c **** 
  25:Middlewares/ST/filex/common/src/fxe_system_date_set.c **** 
  26:Middlewares/ST/filex/common/src/fxe_system_date_set.c **** /* Include necessary system files.  */
  27:Middlewares/ST/filex/common/src/fxe_system_date_set.c **** 
  28:Middlewares/ST/filex/common/src/fxe_system_date_set.c **** #include "fx_api.h"
  29:Middlewares/ST/filex/common/src/fxe_system_date_set.c **** #include "fx_system.h"
ARM GAS  C:\Users\HP\AppData\Local\Temp\ccgYkhdv.s 			page 2


  30:Middlewares/ST/filex/common/src/fxe_system_date_set.c **** 
  31:Middlewares/ST/filex/common/src/fxe_system_date_set.c **** 
  32:Middlewares/ST/filex/common/src/fxe_system_date_set.c **** /**************************************************************************/
  33:Middlewares/ST/filex/common/src/fxe_system_date_set.c **** /*                                                                        */
  34:Middlewares/ST/filex/common/src/fxe_system_date_set.c **** /*  FUNCTION                                               RELEASE        */
  35:Middlewares/ST/filex/common/src/fxe_system_date_set.c **** /*                                                                        */
  36:Middlewares/ST/filex/common/src/fxe_system_date_set.c **** /*    _fxe_system_date_set                                PORTABLE C      */
  37:Middlewares/ST/filex/common/src/fxe_system_date_set.c **** /*                                                           6.1          */
  38:Middlewares/ST/filex/common/src/fxe_system_date_set.c **** /*  AUTHOR                                                                */
  39:Middlewares/ST/filex/common/src/fxe_system_date_set.c **** /*                                                                        */
  40:Middlewares/ST/filex/common/src/fxe_system_date_set.c **** /*    William E. Lamie, Microsoft Corporation                             */
  41:Middlewares/ST/filex/common/src/fxe_system_date_set.c **** /*                                                                        */
  42:Middlewares/ST/filex/common/src/fxe_system_date_set.c **** /*  DESCRIPTION                                                           */
  43:Middlewares/ST/filex/common/src/fxe_system_date_set.c **** /*                                                                        */
  44:Middlewares/ST/filex/common/src/fxe_system_date_set.c **** /*    This function checks for errors in the set system date call.        */
  45:Middlewares/ST/filex/common/src/fxe_system_date_set.c **** /*                                                                        */
  46:Middlewares/ST/filex/common/src/fxe_system_date_set.c **** /*  INPUT                                                                 */
  47:Middlewares/ST/filex/common/src/fxe_system_date_set.c **** /*                                                                        */
  48:Middlewares/ST/filex/common/src/fxe_system_date_set.c **** /*    year                                  Year (1980-2107)              */
  49:Middlewares/ST/filex/common/src/fxe_system_date_set.c **** /*    month                                 Month (1-12)                  */
  50:Middlewares/ST/filex/common/src/fxe_system_date_set.c **** /*    day                                   Day (1-28/29/30/31)           */
  51:Middlewares/ST/filex/common/src/fxe_system_date_set.c **** /*                                                                        */
  52:Middlewares/ST/filex/common/src/fxe_system_date_set.c **** /*  OUTPUT                                                                */
  53:Middlewares/ST/filex/common/src/fxe_system_date_set.c **** /*                                                                        */
  54:Middlewares/ST/filex/common/src/fxe_system_date_set.c **** /*    FX_INVALID_YEAR                       Supplied year is invalid      */
  55:Middlewares/ST/filex/common/src/fxe_system_date_set.c **** /*    FX_INVALID_MONTH                      Supplied month is invalid     */
  56:Middlewares/ST/filex/common/src/fxe_system_date_set.c **** /*    FX_INVALID_DAY                        Supplied day is invalid       */
  57:Middlewares/ST/filex/common/src/fxe_system_date_set.c **** /*    status                                Actual completion status      */
  58:Middlewares/ST/filex/common/src/fxe_system_date_set.c **** /*                                                                        */
  59:Middlewares/ST/filex/common/src/fxe_system_date_set.c **** /*  CALLS                                                                 */
  60:Middlewares/ST/filex/common/src/fxe_system_date_set.c **** /*                                                                        */
  61:Middlewares/ST/filex/common/src/fxe_system_date_set.c **** /*    _fx_system_date_set                   Actual system date set call   */
  62:Middlewares/ST/filex/common/src/fxe_system_date_set.c **** /*                                                                        */
  63:Middlewares/ST/filex/common/src/fxe_system_date_set.c **** /*  CALLED BY                                                             */
  64:Middlewares/ST/filex/common/src/fxe_system_date_set.c **** /*                                                                        */
  65:Middlewares/ST/filex/common/src/fxe_system_date_set.c **** /*    Application Code                                                    */
  66:Middlewares/ST/filex/common/src/fxe_system_date_set.c **** /*                                                                        */
  67:Middlewares/ST/filex/common/src/fxe_system_date_set.c **** /*  RELEASE HISTORY                                                       */
  68:Middlewares/ST/filex/common/src/fxe_system_date_set.c **** /*                                                                        */
  69:Middlewares/ST/filex/common/src/fxe_system_date_set.c **** /*    DATE              NAME                      DESCRIPTION             */
  70:Middlewares/ST/filex/common/src/fxe_system_date_set.c **** /*                                                                        */
  71:Middlewares/ST/filex/common/src/fxe_system_date_set.c **** /*  05-19-2020     William E. Lamie         Initial Version 6.0           */
  72:Middlewares/ST/filex/common/src/fxe_system_date_set.c **** /*  09-30-2020     William E. Lamie         Modified comment(s),          */
  73:Middlewares/ST/filex/common/src/fxe_system_date_set.c **** /*                                            resulting in version 6.1    */
  74:Middlewares/ST/filex/common/src/fxe_system_date_set.c **** /*                                                                        */
  75:Middlewares/ST/filex/common/src/fxe_system_date_set.c **** /**************************************************************************/
  76:Middlewares/ST/filex/common/src/fxe_system_date_set.c **** UINT  _fxe_system_date_set(UINT year, UINT month, UINT day)
  77:Middlewares/ST/filex/common/src/fxe_system_date_set.c **** {
  30              		.loc 1 77 1 view -0
  31              		.cfi_startproc
  32              		@ args = 0, pretend = 0, frame = 0
  33              		@ frame_needed = 0, uses_anonymous_args = 0
  34              		.loc 1 77 1 is_stmt 0 view .LVU1
  35 0000 08B5     		push	{r3, lr}
  36              	.LCFI0:
  37              		.cfi_def_cfa_offset 8
  38              		.cfi_offset 3, -8
ARM GAS  C:\Users\HP\AppData\Local\Temp\ccgYkhdv.s 			page 3


  39              		.cfi_offset 14, -4
  78:Middlewares/ST/filex/common/src/fxe_system_date_set.c **** 
  79:Middlewares/ST/filex/common/src/fxe_system_date_set.c **** UINT  status;
  40              		.loc 1 79 1 is_stmt 1 view .LVU2
  80:Middlewares/ST/filex/common/src/fxe_system_date_set.c **** 
  81:Middlewares/ST/filex/common/src/fxe_system_date_set.c **** 
  82:Middlewares/ST/filex/common/src/fxe_system_date_set.c ****     /* Check for invalid year.  */
  83:Middlewares/ST/filex/common/src/fxe_system_date_set.c ****     if ((year < FX_BASE_YEAR) || (year > FX_MAXIMUM_YEAR))
  41              		.loc 1 83 5 view .LVU3
  42              		.loc 1 83 31 is_stmt 0 view .LVU4
  43 0002 A0F2BC73 		subw	r3, r0, #1980
  44              		.loc 1 83 8 view .LVU5
  45 0006 7F2B     		cmp	r3, #127
  46 0008 44D8     		bhi	.L18
  84:Middlewares/ST/filex/common/src/fxe_system_date_set.c ****     {
  85:Middlewares/ST/filex/common/src/fxe_system_date_set.c ****         return(FX_INVALID_YEAR);
  86:Middlewares/ST/filex/common/src/fxe_system_date_set.c ****     }
  87:Middlewares/ST/filex/common/src/fxe_system_date_set.c **** 
  88:Middlewares/ST/filex/common/src/fxe_system_date_set.c ****     /* Check for invalid day.  */
  89:Middlewares/ST/filex/common/src/fxe_system_date_set.c ****     if (day < 1)
  47              		.loc 1 89 5 is_stmt 1 view .LVU6
  48              		.loc 1 89 8 is_stmt 0 view .LVU7
  49 000a 002A     		cmp	r2, #0
  50 000c 44D0     		beq	.L19
  90:Middlewares/ST/filex/common/src/fxe_system_date_set.c ****     {
  91:Middlewares/ST/filex/common/src/fxe_system_date_set.c ****         return(FX_INVALID_DAY);
  92:Middlewares/ST/filex/common/src/fxe_system_date_set.c ****     }
  93:Middlewares/ST/filex/common/src/fxe_system_date_set.c **** 
  94:Middlewares/ST/filex/common/src/fxe_system_date_set.c ****     /* Check for invalid day.  */
  95:Middlewares/ST/filex/common/src/fxe_system_date_set.c ****     switch (month)
  51              		.loc 1 95 5 is_stmt 1 view .LVU8
  52 000e 4B1E     		subs	r3, r1, #1
  53 0010 0B2B     		cmp	r3, #11
  54 0012 43D8     		bhi	.L20
  55 0014 DFE803F0 		tbb	[pc, r3]
  56              	.L4:
  57 0018 06       		.byte	(.L15-.L4)/2
  58 0019 0B       		.byte	(.L14-.L4)/2
  59 001a 16       		.byte	(.L13-.L4)/2
  60 001b 1A       		.byte	(.L12-.L4)/2
  61 001c 1E       		.byte	(.L11-.L4)/2
  62 001d 22       		.byte	(.L10-.L4)/2
  63 001e 26       		.byte	(.L9-.L4)/2
  64 001f 2A       		.byte	(.L8-.L4)/2
  65 0020 2E       		.byte	(.L7-.L4)/2
  66 0021 32       		.byte	(.L6-.L4)/2
  67 0022 36       		.byte	(.L5-.L4)/2
  68 0023 3A       		.byte	(.L3-.L4)/2
  69              		.p2align 1
  70              	.L15:
  96:Middlewares/ST/filex/common/src/fxe_system_date_set.c ****     {
  97:Middlewares/ST/filex/common/src/fxe_system_date_set.c **** 
  98:Middlewares/ST/filex/common/src/fxe_system_date_set.c ****     case 1:
  99:Middlewares/ST/filex/common/src/fxe_system_date_set.c ****     {
 100:Middlewares/ST/filex/common/src/fxe_system_date_set.c **** 
 101:Middlewares/ST/filex/common/src/fxe_system_date_set.c ****         /* Check for 31 days.  */
 102:Middlewares/ST/filex/common/src/fxe_system_date_set.c ****         if (day > 31)
ARM GAS  C:\Users\HP\AppData\Local\Temp\ccgYkhdv.s 			page 4


  71              		.loc 1 102 9 view .LVU9
  72              		.loc 1 102 12 is_stmt 0 view .LVU10
  73 0024 1F2A     		cmp	r2, #31
  74 0026 3BD8     		bhi	.L35
  75              	.L16:
 103:Middlewares/ST/filex/common/src/fxe_system_date_set.c ****         {
 104:Middlewares/ST/filex/common/src/fxe_system_date_set.c ****             return(FX_INVALID_DAY);
 105:Middlewares/ST/filex/common/src/fxe_system_date_set.c ****         }
 106:Middlewares/ST/filex/common/src/fxe_system_date_set.c ****         break;
 107:Middlewares/ST/filex/common/src/fxe_system_date_set.c ****     }
 108:Middlewares/ST/filex/common/src/fxe_system_date_set.c **** 
 109:Middlewares/ST/filex/common/src/fxe_system_date_set.c ****     case 2:
 110:Middlewares/ST/filex/common/src/fxe_system_date_set.c ****     {
 111:Middlewares/ST/filex/common/src/fxe_system_date_set.c **** 
 112:Middlewares/ST/filex/common/src/fxe_system_date_set.c ****         /* Check for leap year.  */
 113:Middlewares/ST/filex/common/src/fxe_system_date_set.c ****         if ((year % 4) == 0)
 114:Middlewares/ST/filex/common/src/fxe_system_date_set.c ****         {
 115:Middlewares/ST/filex/common/src/fxe_system_date_set.c **** 
 116:Middlewares/ST/filex/common/src/fxe_system_date_set.c ****             /* Leap year, February has 29 days.  */
 117:Middlewares/ST/filex/common/src/fxe_system_date_set.c ****             if (day > 29)
 118:Middlewares/ST/filex/common/src/fxe_system_date_set.c ****             {
 119:Middlewares/ST/filex/common/src/fxe_system_date_set.c ****                 return(FX_INVALID_DAY);
 120:Middlewares/ST/filex/common/src/fxe_system_date_set.c ****             }
 121:Middlewares/ST/filex/common/src/fxe_system_date_set.c ****         }
 122:Middlewares/ST/filex/common/src/fxe_system_date_set.c ****         else
 123:Middlewares/ST/filex/common/src/fxe_system_date_set.c ****         {
 124:Middlewares/ST/filex/common/src/fxe_system_date_set.c **** 
 125:Middlewares/ST/filex/common/src/fxe_system_date_set.c ****             /* Otherwise, non-leap year.  February has
 126:Middlewares/ST/filex/common/src/fxe_system_date_set.c ****                28 days.  */
 127:Middlewares/ST/filex/common/src/fxe_system_date_set.c ****             if (day > 28)
 128:Middlewares/ST/filex/common/src/fxe_system_date_set.c ****             {
 129:Middlewares/ST/filex/common/src/fxe_system_date_set.c ****                 return(FX_INVALID_DAY);
 130:Middlewares/ST/filex/common/src/fxe_system_date_set.c ****             }
 131:Middlewares/ST/filex/common/src/fxe_system_date_set.c ****         }
 132:Middlewares/ST/filex/common/src/fxe_system_date_set.c ****         break;
 133:Middlewares/ST/filex/common/src/fxe_system_date_set.c ****     }
 134:Middlewares/ST/filex/common/src/fxe_system_date_set.c **** 
 135:Middlewares/ST/filex/common/src/fxe_system_date_set.c ****     case 3:
 136:Middlewares/ST/filex/common/src/fxe_system_date_set.c ****     {
 137:Middlewares/ST/filex/common/src/fxe_system_date_set.c **** 
 138:Middlewares/ST/filex/common/src/fxe_system_date_set.c ****         /* Check for 31 days.  */
 139:Middlewares/ST/filex/common/src/fxe_system_date_set.c ****         if (day > 31)
 140:Middlewares/ST/filex/common/src/fxe_system_date_set.c ****         {
 141:Middlewares/ST/filex/common/src/fxe_system_date_set.c ****             return(FX_INVALID_DAY);
 142:Middlewares/ST/filex/common/src/fxe_system_date_set.c ****         }
 143:Middlewares/ST/filex/common/src/fxe_system_date_set.c ****         break;
 144:Middlewares/ST/filex/common/src/fxe_system_date_set.c ****     }
 145:Middlewares/ST/filex/common/src/fxe_system_date_set.c **** 
 146:Middlewares/ST/filex/common/src/fxe_system_date_set.c ****     case 4:
 147:Middlewares/ST/filex/common/src/fxe_system_date_set.c ****     {
 148:Middlewares/ST/filex/common/src/fxe_system_date_set.c **** 
 149:Middlewares/ST/filex/common/src/fxe_system_date_set.c ****         /* Check for 30 days.  */
 150:Middlewares/ST/filex/common/src/fxe_system_date_set.c ****         if (day > 30)
 151:Middlewares/ST/filex/common/src/fxe_system_date_set.c ****         {
 152:Middlewares/ST/filex/common/src/fxe_system_date_set.c ****             return(FX_INVALID_DAY);
 153:Middlewares/ST/filex/common/src/fxe_system_date_set.c ****         }
 154:Middlewares/ST/filex/common/src/fxe_system_date_set.c ****         break;
ARM GAS  C:\Users\HP\AppData\Local\Temp\ccgYkhdv.s 			page 5


 155:Middlewares/ST/filex/common/src/fxe_system_date_set.c ****     }
 156:Middlewares/ST/filex/common/src/fxe_system_date_set.c **** 
 157:Middlewares/ST/filex/common/src/fxe_system_date_set.c ****     case 5:
 158:Middlewares/ST/filex/common/src/fxe_system_date_set.c ****     {
 159:Middlewares/ST/filex/common/src/fxe_system_date_set.c **** 
 160:Middlewares/ST/filex/common/src/fxe_system_date_set.c ****         /* Check for 31 days.  */
 161:Middlewares/ST/filex/common/src/fxe_system_date_set.c ****         if (day > 31)
 162:Middlewares/ST/filex/common/src/fxe_system_date_set.c ****         {
 163:Middlewares/ST/filex/common/src/fxe_system_date_set.c ****             return(FX_INVALID_DAY);
 164:Middlewares/ST/filex/common/src/fxe_system_date_set.c ****         }
 165:Middlewares/ST/filex/common/src/fxe_system_date_set.c ****         break;
 166:Middlewares/ST/filex/common/src/fxe_system_date_set.c ****     }
 167:Middlewares/ST/filex/common/src/fxe_system_date_set.c **** 
 168:Middlewares/ST/filex/common/src/fxe_system_date_set.c ****     case 6:
 169:Middlewares/ST/filex/common/src/fxe_system_date_set.c ****     {
 170:Middlewares/ST/filex/common/src/fxe_system_date_set.c **** 
 171:Middlewares/ST/filex/common/src/fxe_system_date_set.c ****         /* Check for 30 days.  */
 172:Middlewares/ST/filex/common/src/fxe_system_date_set.c ****         if (day > 30)
 173:Middlewares/ST/filex/common/src/fxe_system_date_set.c ****         {
 174:Middlewares/ST/filex/common/src/fxe_system_date_set.c ****             return(FX_INVALID_DAY);
 175:Middlewares/ST/filex/common/src/fxe_system_date_set.c ****         }
 176:Middlewares/ST/filex/common/src/fxe_system_date_set.c ****         break;
 177:Middlewares/ST/filex/common/src/fxe_system_date_set.c ****     }
 178:Middlewares/ST/filex/common/src/fxe_system_date_set.c **** 
 179:Middlewares/ST/filex/common/src/fxe_system_date_set.c ****     case 7:
 180:Middlewares/ST/filex/common/src/fxe_system_date_set.c ****     {
 181:Middlewares/ST/filex/common/src/fxe_system_date_set.c **** 
 182:Middlewares/ST/filex/common/src/fxe_system_date_set.c ****         /* Check for 31 days.  */
 183:Middlewares/ST/filex/common/src/fxe_system_date_set.c ****         if (day > 31)
 184:Middlewares/ST/filex/common/src/fxe_system_date_set.c ****         {
 185:Middlewares/ST/filex/common/src/fxe_system_date_set.c ****             return(FX_INVALID_DAY);
 186:Middlewares/ST/filex/common/src/fxe_system_date_set.c ****         }
 187:Middlewares/ST/filex/common/src/fxe_system_date_set.c ****         break;
 188:Middlewares/ST/filex/common/src/fxe_system_date_set.c ****     }
 189:Middlewares/ST/filex/common/src/fxe_system_date_set.c **** 
 190:Middlewares/ST/filex/common/src/fxe_system_date_set.c ****     case 8:
 191:Middlewares/ST/filex/common/src/fxe_system_date_set.c ****     {
 192:Middlewares/ST/filex/common/src/fxe_system_date_set.c **** 
 193:Middlewares/ST/filex/common/src/fxe_system_date_set.c ****         /* Check for 31 days.  */
 194:Middlewares/ST/filex/common/src/fxe_system_date_set.c ****         if (day > 31)
 195:Middlewares/ST/filex/common/src/fxe_system_date_set.c ****         {
 196:Middlewares/ST/filex/common/src/fxe_system_date_set.c ****             return(FX_INVALID_DAY);
 197:Middlewares/ST/filex/common/src/fxe_system_date_set.c ****         }
 198:Middlewares/ST/filex/common/src/fxe_system_date_set.c ****         break;
 199:Middlewares/ST/filex/common/src/fxe_system_date_set.c ****     }
 200:Middlewares/ST/filex/common/src/fxe_system_date_set.c **** 
 201:Middlewares/ST/filex/common/src/fxe_system_date_set.c ****     case 9:
 202:Middlewares/ST/filex/common/src/fxe_system_date_set.c ****     {
 203:Middlewares/ST/filex/common/src/fxe_system_date_set.c **** 
 204:Middlewares/ST/filex/common/src/fxe_system_date_set.c ****         /* Check for 30 days.  */
 205:Middlewares/ST/filex/common/src/fxe_system_date_set.c ****         if (day > 30)
 206:Middlewares/ST/filex/common/src/fxe_system_date_set.c ****         {
 207:Middlewares/ST/filex/common/src/fxe_system_date_set.c ****             return(FX_INVALID_DAY);
 208:Middlewares/ST/filex/common/src/fxe_system_date_set.c ****         }
 209:Middlewares/ST/filex/common/src/fxe_system_date_set.c ****         break;
 210:Middlewares/ST/filex/common/src/fxe_system_date_set.c ****     }
 211:Middlewares/ST/filex/common/src/fxe_system_date_set.c **** 
ARM GAS  C:\Users\HP\AppData\Local\Temp\ccgYkhdv.s 			page 6


 212:Middlewares/ST/filex/common/src/fxe_system_date_set.c ****     case 10:
 213:Middlewares/ST/filex/common/src/fxe_system_date_set.c ****     {
 214:Middlewares/ST/filex/common/src/fxe_system_date_set.c **** 
 215:Middlewares/ST/filex/common/src/fxe_system_date_set.c ****         /* Check for 31 days.  */
 216:Middlewares/ST/filex/common/src/fxe_system_date_set.c ****         if (day > 31)
 217:Middlewares/ST/filex/common/src/fxe_system_date_set.c ****         {
 218:Middlewares/ST/filex/common/src/fxe_system_date_set.c ****             return(FX_INVALID_DAY);
 219:Middlewares/ST/filex/common/src/fxe_system_date_set.c ****         }
 220:Middlewares/ST/filex/common/src/fxe_system_date_set.c ****         break;
 221:Middlewares/ST/filex/common/src/fxe_system_date_set.c ****     }
 222:Middlewares/ST/filex/common/src/fxe_system_date_set.c **** 
 223:Middlewares/ST/filex/common/src/fxe_system_date_set.c ****     case 11:
 224:Middlewares/ST/filex/common/src/fxe_system_date_set.c ****     {
 225:Middlewares/ST/filex/common/src/fxe_system_date_set.c **** 
 226:Middlewares/ST/filex/common/src/fxe_system_date_set.c ****         /* Check for 30 days.  */
 227:Middlewares/ST/filex/common/src/fxe_system_date_set.c ****         if (day > 30)
 228:Middlewares/ST/filex/common/src/fxe_system_date_set.c ****         {
 229:Middlewares/ST/filex/common/src/fxe_system_date_set.c ****             return(FX_INVALID_DAY);
 230:Middlewares/ST/filex/common/src/fxe_system_date_set.c ****         }
 231:Middlewares/ST/filex/common/src/fxe_system_date_set.c ****         break;
 232:Middlewares/ST/filex/common/src/fxe_system_date_set.c ****     }
 233:Middlewares/ST/filex/common/src/fxe_system_date_set.c **** 
 234:Middlewares/ST/filex/common/src/fxe_system_date_set.c ****     case 12:
 235:Middlewares/ST/filex/common/src/fxe_system_date_set.c ****     {
 236:Middlewares/ST/filex/common/src/fxe_system_date_set.c **** 
 237:Middlewares/ST/filex/common/src/fxe_system_date_set.c ****         /* Check for 31 days.  */
 238:Middlewares/ST/filex/common/src/fxe_system_date_set.c ****         if (day > 31)
 239:Middlewares/ST/filex/common/src/fxe_system_date_set.c ****         {
 240:Middlewares/ST/filex/common/src/fxe_system_date_set.c ****             return(FX_INVALID_DAY);
 241:Middlewares/ST/filex/common/src/fxe_system_date_set.c ****         }
 242:Middlewares/ST/filex/common/src/fxe_system_date_set.c ****         break;
 243:Middlewares/ST/filex/common/src/fxe_system_date_set.c ****     }
 244:Middlewares/ST/filex/common/src/fxe_system_date_set.c ****     
 245:Middlewares/ST/filex/common/src/fxe_system_date_set.c ****     default:
 246:Middlewares/ST/filex/common/src/fxe_system_date_set.c ****     
 247:Middlewares/ST/filex/common/src/fxe_system_date_set.c ****         /* Invalid month.  */
 248:Middlewares/ST/filex/common/src/fxe_system_date_set.c ****         return(FX_INVALID_MONTH);
 249:Middlewares/ST/filex/common/src/fxe_system_date_set.c ****     }
 250:Middlewares/ST/filex/common/src/fxe_system_date_set.c **** 
 251:Middlewares/ST/filex/common/src/fxe_system_date_set.c ****     /* Call actual system date set service.  */
 252:Middlewares/ST/filex/common/src/fxe_system_date_set.c ****     status =  _fx_system_date_set(year, month, day);
  76              		.loc 1 252 5 is_stmt 1 view .LVU11
  77              		.loc 1 252 15 is_stmt 0 view .LVU12
  78 0028 FFF7FEFF 		bl	_fx_system_date_set
  79              	.LVL1:
 253:Middlewares/ST/filex/common/src/fxe_system_date_set.c **** 
 254:Middlewares/ST/filex/common/src/fxe_system_date_set.c ****     /* Return status.  */
 255:Middlewares/ST/filex/common/src/fxe_system_date_set.c ****     return(status);
  80              		.loc 1 255 5 is_stmt 1 view .LVU13
  81              	.L1:
 256:Middlewares/ST/filex/common/src/fxe_system_date_set.c **** }
  82              		.loc 1 256 1 is_stmt 0 view .LVU14
  83 002c 08BD     		pop	{r3, pc}
  84              	.LVL2:
  85              	.L14:
 113:Middlewares/ST/filex/common/src/fxe_system_date_set.c ****         {
  86              		.loc 1 113 9 is_stmt 1 view .LVU15
ARM GAS  C:\Users\HP\AppData\Local\Temp\ccgYkhdv.s 			page 7


 113:Middlewares/ST/filex/common/src/fxe_system_date_set.c ****         {
  87              		.loc 1 113 12 is_stmt 0 view .LVU16
  88 002e 10F0030F 		tst	r0, #3
  89 0032 03D1     		bne	.L17
 117:Middlewares/ST/filex/common/src/fxe_system_date_set.c ****             {
  90              		.loc 1 117 13 is_stmt 1 view .LVU17
 117:Middlewares/ST/filex/common/src/fxe_system_date_set.c ****             {
  91              		.loc 1 117 16 is_stmt 0 view .LVU18
  92 0034 1D2A     		cmp	r2, #29
  93 0036 F7D9     		bls	.L16
 119:Middlewares/ST/filex/common/src/fxe_system_date_set.c ****             }
  94              		.loc 1 119 23 view .LVU19
  95 0038 1420     		movs	r0, #20
  96              	.LVL3:
 119:Middlewares/ST/filex/common/src/fxe_system_date_set.c ****             }
  97              		.loc 1 119 23 view .LVU20
  98 003a F7E7     		b	.L1
  99              	.LVL4:
 100              	.L17:
 127:Middlewares/ST/filex/common/src/fxe_system_date_set.c ****             {
 101              		.loc 1 127 13 is_stmt 1 view .LVU21
 127:Middlewares/ST/filex/common/src/fxe_system_date_set.c ****             {
 102              		.loc 1 127 16 is_stmt 0 view .LVU22
 103 003c 1C2A     		cmp	r2, #28
 104 003e F3D9     		bls	.L16
 129:Middlewares/ST/filex/common/src/fxe_system_date_set.c ****             }
 105              		.loc 1 129 23 view .LVU23
 106 0040 1420     		movs	r0, #20
 107              	.LVL5:
 129:Middlewares/ST/filex/common/src/fxe_system_date_set.c ****             }
 108              		.loc 1 129 23 view .LVU24
 109 0042 F3E7     		b	.L1
 110              	.LVL6:
 111              	.L13:
 139:Middlewares/ST/filex/common/src/fxe_system_date_set.c ****         {
 112              		.loc 1 139 9 is_stmt 1 view .LVU25
 139:Middlewares/ST/filex/common/src/fxe_system_date_set.c ****         {
 113              		.loc 1 139 12 is_stmt 0 view .LVU26
 114 0044 1F2A     		cmp	r2, #31
 115 0046 EFD9     		bls	.L16
 141:Middlewares/ST/filex/common/src/fxe_system_date_set.c ****         }
 116              		.loc 1 141 19 view .LVU27
 117 0048 1420     		movs	r0, #20
 118              	.LVL7:
 141:Middlewares/ST/filex/common/src/fxe_system_date_set.c ****         }
 119              		.loc 1 141 19 view .LVU28
 120 004a EFE7     		b	.L1
 121              	.LVL8:
 122              	.L12:
 150:Middlewares/ST/filex/common/src/fxe_system_date_set.c ****         {
 123              		.loc 1 150 9 is_stmt 1 view .LVU29
 150:Middlewares/ST/filex/common/src/fxe_system_date_set.c ****         {
 124              		.loc 1 150 12 is_stmt 0 view .LVU30
 125 004c 1E2A     		cmp	r2, #30
 126 004e EBD9     		bls	.L16
 152:Middlewares/ST/filex/common/src/fxe_system_date_set.c ****         }
 127              		.loc 1 152 19 view .LVU31
ARM GAS  C:\Users\HP\AppData\Local\Temp\ccgYkhdv.s 			page 8


 128 0050 1420     		movs	r0, #20
 129              	.LVL9:
 152:Middlewares/ST/filex/common/src/fxe_system_date_set.c ****         }
 130              		.loc 1 152 19 view .LVU32
 131 0052 EBE7     		b	.L1
 132              	.LVL10:
 133              	.L11:
 161:Middlewares/ST/filex/common/src/fxe_system_date_set.c ****         {
 134              		.loc 1 161 9 is_stmt 1 view .LVU33
 161:Middlewares/ST/filex/common/src/fxe_system_date_set.c ****         {
 135              		.loc 1 161 12 is_stmt 0 view .LVU34
 136 0054 1F2A     		cmp	r2, #31
 137 0056 E7D9     		bls	.L16
 163:Middlewares/ST/filex/common/src/fxe_system_date_set.c ****         }
 138              		.loc 1 163 19 view .LVU35
 139 0058 1420     		movs	r0, #20
 140              	.LVL11:
 163:Middlewares/ST/filex/common/src/fxe_system_date_set.c ****         }
 141              		.loc 1 163 19 view .LVU36
 142 005a E7E7     		b	.L1
 143              	.LVL12:
 144              	.L10:
 172:Middlewares/ST/filex/common/src/fxe_system_date_set.c ****         {
 145              		.loc 1 172 9 is_stmt 1 view .LVU37
 172:Middlewares/ST/filex/common/src/fxe_system_date_set.c ****         {
 146              		.loc 1 172 12 is_stmt 0 view .LVU38
 147 005c 1E2A     		cmp	r2, #30
 148 005e E3D9     		bls	.L16
 174:Middlewares/ST/filex/common/src/fxe_system_date_set.c ****         }
 149              		.loc 1 174 19 view .LVU39
 150 0060 1420     		movs	r0, #20
 151              	.LVL13:
 174:Middlewares/ST/filex/common/src/fxe_system_date_set.c ****         }
 152              		.loc 1 174 19 view .LVU40
 153 0062 E3E7     		b	.L1
 154              	.LVL14:
 155              	.L9:
 183:Middlewares/ST/filex/common/src/fxe_system_date_set.c ****         {
 156              		.loc 1 183 9 is_stmt 1 view .LVU41
 183:Middlewares/ST/filex/common/src/fxe_system_date_set.c ****         {
 157              		.loc 1 183 12 is_stmt 0 view .LVU42
 158 0064 1F2A     		cmp	r2, #31
 159 0066 DFD9     		bls	.L16
 185:Middlewares/ST/filex/common/src/fxe_system_date_set.c ****         }
 160              		.loc 1 185 19 view .LVU43
 161 0068 1420     		movs	r0, #20
 162              	.LVL15:
 185:Middlewares/ST/filex/common/src/fxe_system_date_set.c ****         }
 163              		.loc 1 185 19 view .LVU44
 164 006a DFE7     		b	.L1
 165              	.LVL16:
 166              	.L8:
 194:Middlewares/ST/filex/common/src/fxe_system_date_set.c ****         {
 167              		.loc 1 194 9 is_stmt 1 view .LVU45
 194:Middlewares/ST/filex/common/src/fxe_system_date_set.c ****         {
 168              		.loc 1 194 12 is_stmt 0 view .LVU46
 169 006c 1F2A     		cmp	r2, #31
ARM GAS  C:\Users\HP\AppData\Local\Temp\ccgYkhdv.s 			page 9


 170 006e DBD9     		bls	.L16
 196:Middlewares/ST/filex/common/src/fxe_system_date_set.c ****         }
 171              		.loc 1 196 19 view .LVU47
 172 0070 1420     		movs	r0, #20
 173              	.LVL17:
 196:Middlewares/ST/filex/common/src/fxe_system_date_set.c ****         }
 174              		.loc 1 196 19 view .LVU48
 175 0072 DBE7     		b	.L1
 176              	.LVL18:
 177              	.L7:
 205:Middlewares/ST/filex/common/src/fxe_system_date_set.c ****         {
 178              		.loc 1 205 9 is_stmt 1 view .LVU49
 205:Middlewares/ST/filex/common/src/fxe_system_date_set.c ****         {
 179              		.loc 1 205 12 is_stmt 0 view .LVU50
 180 0074 1E2A     		cmp	r2, #30
 181 0076 D7D9     		bls	.L16
 207:Middlewares/ST/filex/common/src/fxe_system_date_set.c ****         }
 182              		.loc 1 207 19 view .LVU51
 183 0078 1420     		movs	r0, #20
 184              	.LVL19:
 207:Middlewares/ST/filex/common/src/fxe_system_date_set.c ****         }
 185              		.loc 1 207 19 view .LVU52
 186 007a D7E7     		b	.L1
 187              	.LVL20:
 188              	.L6:
 216:Middlewares/ST/filex/common/src/fxe_system_date_set.c ****         {
 189              		.loc 1 216 9 is_stmt 1 view .LVU53
 216:Middlewares/ST/filex/common/src/fxe_system_date_set.c ****         {
 190              		.loc 1 216 12 is_stmt 0 view .LVU54
 191 007c 1F2A     		cmp	r2, #31
 192 007e D3D9     		bls	.L16
 218:Middlewares/ST/filex/common/src/fxe_system_date_set.c ****         }
 193              		.loc 1 218 19 view .LVU55
 194 0080 1420     		movs	r0, #20
 195              	.LVL21:
 218:Middlewares/ST/filex/common/src/fxe_system_date_set.c ****         }
 196              		.loc 1 218 19 view .LVU56
 197 0082 D3E7     		b	.L1
 198              	.LVL22:
 199              	.L5:
 227:Middlewares/ST/filex/common/src/fxe_system_date_set.c ****         {
 200              		.loc 1 227 9 is_stmt 1 view .LVU57
 227:Middlewares/ST/filex/common/src/fxe_system_date_set.c ****         {
 201              		.loc 1 227 12 is_stmt 0 view .LVU58
 202 0084 1E2A     		cmp	r2, #30
 203 0086 CFD9     		bls	.L16
 229:Middlewares/ST/filex/common/src/fxe_system_date_set.c ****         }
 204              		.loc 1 229 19 view .LVU59
 205 0088 1420     		movs	r0, #20
 206              	.LVL23:
 229:Middlewares/ST/filex/common/src/fxe_system_date_set.c ****         }
 207              		.loc 1 229 19 view .LVU60
 208 008a CFE7     		b	.L1
 209              	.LVL24:
 210              	.L3:
 238:Middlewares/ST/filex/common/src/fxe_system_date_set.c ****         {
 211              		.loc 1 238 9 is_stmt 1 view .LVU61
ARM GAS  C:\Users\HP\AppData\Local\Temp\ccgYkhdv.s 			page 10


 238:Middlewares/ST/filex/common/src/fxe_system_date_set.c ****         {
 212              		.loc 1 238 12 is_stmt 0 view .LVU62
 213 008c 1F2A     		cmp	r2, #31
 214 008e CBD9     		bls	.L16
 240:Middlewares/ST/filex/common/src/fxe_system_date_set.c ****         }
 215              		.loc 1 240 19 view .LVU63
 216 0090 1420     		movs	r0, #20
 217              	.LVL25:
 240:Middlewares/ST/filex/common/src/fxe_system_date_set.c ****         }
 218              		.loc 1 240 19 view .LVU64
 219 0092 CBE7     		b	.L1
 220              	.LVL26:
 221              	.L18:
  85:Middlewares/ST/filex/common/src/fxe_system_date_set.c ****     }
 222              		.loc 1 85 15 view .LVU65
 223 0094 1220     		movs	r0, #18
 224              	.LVL27:
  85:Middlewares/ST/filex/common/src/fxe_system_date_set.c ****     }
 225              		.loc 1 85 15 view .LVU66
 226 0096 C9E7     		b	.L1
 227              	.LVL28:
 228              	.L19:
  91:Middlewares/ST/filex/common/src/fxe_system_date_set.c ****     }
 229              		.loc 1 91 15 view .LVU67
 230 0098 1420     		movs	r0, #20
 231              	.LVL29:
  91:Middlewares/ST/filex/common/src/fxe_system_date_set.c ****     }
 232              		.loc 1 91 15 view .LVU68
 233 009a C7E7     		b	.L1
 234              	.LVL30:
 235              	.L20:
  95:Middlewares/ST/filex/common/src/fxe_system_date_set.c ****     {
 236              		.loc 1 95 5 view .LVU69
 237 009c 1320     		movs	r0, #19
 238              	.LVL31:
  95:Middlewares/ST/filex/common/src/fxe_system_date_set.c ****     {
 239              		.loc 1 95 5 view .LVU70
 240 009e C5E7     		b	.L1
 241              	.LVL32:
 242              	.L35:
 104:Middlewares/ST/filex/common/src/fxe_system_date_set.c ****         }
 243              		.loc 1 104 19 view .LVU71
 244 00a0 1420     		movs	r0, #20
 245              	.LVL33:
 104:Middlewares/ST/filex/common/src/fxe_system_date_set.c ****         }
 246              		.loc 1 104 19 view .LVU72
 247 00a2 C3E7     		b	.L1
 248              		.cfi_endproc
 249              	.LFE8:
 251              		.text
 252              	.Letext0:
 253              		.file 2 "Middlewares/ST/threadx/ports/cortex_m4/gnu/inc/tx_port.h"
 254              		.file 3 "Middlewares/ST/filex/common/inc/fx_system.h"
ARM GAS  C:\Users\HP\AppData\Local\Temp\ccgYkhdv.s 			page 11


DEFINED SYMBOLS
                            *ABS*:00000000 fxe_system_date_set.c
C:\Users\HP\AppData\Local\Temp\ccgYkhdv.s:20     .text._fxe_system_date_set:00000000 $t
C:\Users\HP\AppData\Local\Temp\ccgYkhdv.s:26     .text._fxe_system_date_set:00000000 _fxe_system_date_set
C:\Users\HP\AppData\Local\Temp\ccgYkhdv.s:57     .text._fxe_system_date_set:00000018 $d
C:\Users\HP\AppData\Local\Temp\ccgYkhdv.s:69     .text._fxe_system_date_set:00000024 $t

UNDEFINED SYMBOLS
_fx_system_date_set
