ARM GAS  C:\Users\HP\AppData\Local\Temp\ccqwzELg.s 			page 1


   1              		.cpu cortex-m4
   2              		.arch armv7e-m
   3              		.fpu fpv4-sp-d16
   4              		.eabi_attribute 27, 1
   5              		.eabi_attribute 28, 1
   6              		.eabi_attribute 20, 1
   7              		.eabi_attribute 21, 1
   8              		.eabi_attribute 23, 3
   9              		.eabi_attribute 24, 1
  10              		.eabi_attribute 25, 1
  11              		.eabi_attribute 26, 1
  12              		.eabi_attribute 30, 1
  13              		.eabi_attribute 34, 1
  14              		.eabi_attribute 18, 4
  15              		.file	"tx_thread_reset.c"
  16              		.text
  17              	.Ltext0:
  18              		.cfi_sections	.debug_frame
  19              		.section	.text._tx_thread_reset,"ax",%progbits
  20              		.align	1
  21              		.global	_tx_thread_reset
  22              		.syntax unified
  23              		.thumb
  24              		.thumb_func
  26              	_tx_thread_reset:
  27              	.LVL0:
  28              	.LFB8:
  29              		.file 1 "Middlewares/ST/threadx/common/src/tx_thread_reset.c"
   1:Middlewares/ST/threadx/common/src/tx_thread_reset.c **** /**************************************************************************/
   2:Middlewares/ST/threadx/common/src/tx_thread_reset.c **** /*                                                                        */
   3:Middlewares/ST/threadx/common/src/tx_thread_reset.c **** /*       Copyright (c) Microsoft Corporation. All rights reserved.        */
   4:Middlewares/ST/threadx/common/src/tx_thread_reset.c **** /*                                                                        */
   5:Middlewares/ST/threadx/common/src/tx_thread_reset.c **** /*       This software is licensed under the Microsoft Software License   */
   6:Middlewares/ST/threadx/common/src/tx_thread_reset.c **** /*       Terms for Microsoft Azure RTOS. Full text of the license can be  */
   7:Middlewares/ST/threadx/common/src/tx_thread_reset.c **** /*       found in the LICENSE file at https://aka.ms/AzureRTOS_EULA       */
   8:Middlewares/ST/threadx/common/src/tx_thread_reset.c **** /*       and in the root directory of this software.                      */
   9:Middlewares/ST/threadx/common/src/tx_thread_reset.c **** /*                                                                        */
  10:Middlewares/ST/threadx/common/src/tx_thread_reset.c **** /**************************************************************************/
  11:Middlewares/ST/threadx/common/src/tx_thread_reset.c **** 
  12:Middlewares/ST/threadx/common/src/tx_thread_reset.c **** 
  13:Middlewares/ST/threadx/common/src/tx_thread_reset.c **** /**************************************************************************/
  14:Middlewares/ST/threadx/common/src/tx_thread_reset.c **** /**************************************************************************/
  15:Middlewares/ST/threadx/common/src/tx_thread_reset.c **** /**                                                                       */
  16:Middlewares/ST/threadx/common/src/tx_thread_reset.c **** /** ThreadX Component                                                     */
  17:Middlewares/ST/threadx/common/src/tx_thread_reset.c **** /**                                                                       */
  18:Middlewares/ST/threadx/common/src/tx_thread_reset.c **** /**   Thread                                                              */
  19:Middlewares/ST/threadx/common/src/tx_thread_reset.c **** /**                                                                       */
  20:Middlewares/ST/threadx/common/src/tx_thread_reset.c **** /**************************************************************************/
  21:Middlewares/ST/threadx/common/src/tx_thread_reset.c **** /**************************************************************************/
  22:Middlewares/ST/threadx/common/src/tx_thread_reset.c **** 
  23:Middlewares/ST/threadx/common/src/tx_thread_reset.c **** #define TX_SOURCE_CODE
  24:Middlewares/ST/threadx/common/src/tx_thread_reset.c **** 
  25:Middlewares/ST/threadx/common/src/tx_thread_reset.c **** 
  26:Middlewares/ST/threadx/common/src/tx_thread_reset.c **** /* Include necessary system files.  */
  27:Middlewares/ST/threadx/common/src/tx_thread_reset.c **** 
  28:Middlewares/ST/threadx/common/src/tx_thread_reset.c **** #include "tx_api.h"
  29:Middlewares/ST/threadx/common/src/tx_thread_reset.c **** #include "tx_trace.h"
ARM GAS  C:\Users\HP\AppData\Local\Temp\ccqwzELg.s 			page 2


  30:Middlewares/ST/threadx/common/src/tx_thread_reset.c **** #include "tx_thread.h"
  31:Middlewares/ST/threadx/common/src/tx_thread_reset.c **** 
  32:Middlewares/ST/threadx/common/src/tx_thread_reset.c **** 
  33:Middlewares/ST/threadx/common/src/tx_thread_reset.c **** /**************************************************************************/
  34:Middlewares/ST/threadx/common/src/tx_thread_reset.c **** /*                                                                        */
  35:Middlewares/ST/threadx/common/src/tx_thread_reset.c **** /*  FUNCTION                                               RELEASE        */
  36:Middlewares/ST/threadx/common/src/tx_thread_reset.c **** /*                                                                        */
  37:Middlewares/ST/threadx/common/src/tx_thread_reset.c **** /*    _tx_thread_reset                                    PORTABLE C      */
  38:Middlewares/ST/threadx/common/src/tx_thread_reset.c **** /*                                                           6.1          */
  39:Middlewares/ST/threadx/common/src/tx_thread_reset.c **** /*  AUTHOR                                                                */
  40:Middlewares/ST/threadx/common/src/tx_thread_reset.c **** /*                                                                        */
  41:Middlewares/ST/threadx/common/src/tx_thread_reset.c **** /*    William E. Lamie, Microsoft Corporation                             */
  42:Middlewares/ST/threadx/common/src/tx_thread_reset.c **** /*                                                                        */
  43:Middlewares/ST/threadx/common/src/tx_thread_reset.c **** /*  DESCRIPTION                                                           */
  44:Middlewares/ST/threadx/common/src/tx_thread_reset.c **** /*                                                                        */
  45:Middlewares/ST/threadx/common/src/tx_thread_reset.c **** /*    This function prepares the thread to run again from the entry       */
  46:Middlewares/ST/threadx/common/src/tx_thread_reset.c **** /*    point specified during thread creation. The application must        */
  47:Middlewares/ST/threadx/common/src/tx_thread_reset.c **** /*    call tx_thread_resume after this call completes for the thread      */
  48:Middlewares/ST/threadx/common/src/tx_thread_reset.c **** /*    to actually run.                                                    */
  49:Middlewares/ST/threadx/common/src/tx_thread_reset.c **** /*                                                                        */
  50:Middlewares/ST/threadx/common/src/tx_thread_reset.c **** /*  INPUT                                                                 */
  51:Middlewares/ST/threadx/common/src/tx_thread_reset.c **** /*                                                                        */
  52:Middlewares/ST/threadx/common/src/tx_thread_reset.c **** /*    thread_ptr                            Pointer to thread to reset    */
  53:Middlewares/ST/threadx/common/src/tx_thread_reset.c **** /*                                                                        */
  54:Middlewares/ST/threadx/common/src/tx_thread_reset.c **** /*  OUTPUT                                                                */
  55:Middlewares/ST/threadx/common/src/tx_thread_reset.c **** /*                                                                        */
  56:Middlewares/ST/threadx/common/src/tx_thread_reset.c **** /*    status                                Service return status         */
  57:Middlewares/ST/threadx/common/src/tx_thread_reset.c **** /*                                                                        */
  58:Middlewares/ST/threadx/common/src/tx_thread_reset.c **** /*  CALLS                                                                 */
  59:Middlewares/ST/threadx/common/src/tx_thread_reset.c **** /*                                                                        */
  60:Middlewares/ST/threadx/common/src/tx_thread_reset.c **** /*    _tx_thread_stack_build                Build initial thread stack    */
  61:Middlewares/ST/threadx/common/src/tx_thread_reset.c **** /*                                                                        */
  62:Middlewares/ST/threadx/common/src/tx_thread_reset.c **** /*  CALLED BY                                                             */
  63:Middlewares/ST/threadx/common/src/tx_thread_reset.c **** /*                                                                        */
  64:Middlewares/ST/threadx/common/src/tx_thread_reset.c **** /*    Application Code                                                    */
  65:Middlewares/ST/threadx/common/src/tx_thread_reset.c **** /*                                                                        */
  66:Middlewares/ST/threadx/common/src/tx_thread_reset.c **** /*  RELEASE HISTORY                                                       */
  67:Middlewares/ST/threadx/common/src/tx_thread_reset.c **** /*                                                                        */
  68:Middlewares/ST/threadx/common/src/tx_thread_reset.c **** /*    DATE              NAME                      DESCRIPTION             */
  69:Middlewares/ST/threadx/common/src/tx_thread_reset.c **** /*                                                                        */
  70:Middlewares/ST/threadx/common/src/tx_thread_reset.c **** /*  05-19-2020     William E. Lamie         Initial Version 6.0           */
  71:Middlewares/ST/threadx/common/src/tx_thread_reset.c **** /*  09-30-2020     Yuxin Zhou               Modified comment(s),          */
  72:Middlewares/ST/threadx/common/src/tx_thread_reset.c **** /*                                            resulting in version 6.1    */
  73:Middlewares/ST/threadx/common/src/tx_thread_reset.c **** /*                                                                        */
  74:Middlewares/ST/threadx/common/src/tx_thread_reset.c **** /**************************************************************************/
  75:Middlewares/ST/threadx/common/src/tx_thread_reset.c **** UINT  _tx_thread_reset(TX_THREAD *thread_ptr)
  76:Middlewares/ST/threadx/common/src/tx_thread_reset.c **** {
  30              		.loc 1 76 1 view -0
  31              		.cfi_startproc
  32              		@ args = 0, pretend = 0, frame = 0
  33              		@ frame_needed = 0, uses_anonymous_args = 0
  77:Middlewares/ST/threadx/common/src/tx_thread_reset.c **** 
  78:Middlewares/ST/threadx/common/src/tx_thread_reset.c **** TX_INTERRUPT_SAVE_AREA
  34              		.loc 1 78 1 view .LVU1
  79:Middlewares/ST/threadx/common/src/tx_thread_reset.c **** 
  80:Middlewares/ST/threadx/common/src/tx_thread_reset.c **** TX_THREAD       *current_thread;
  35              		.loc 1 80 1 view .LVU2
ARM GAS  C:\Users\HP\AppData\Local\Temp\ccqwzELg.s 			page 3


  81:Middlewares/ST/threadx/common/src/tx_thread_reset.c **** UINT            status;
  36              		.loc 1 81 1 view .LVU3
  82:Middlewares/ST/threadx/common/src/tx_thread_reset.c **** 
  83:Middlewares/ST/threadx/common/src/tx_thread_reset.c **** 
  84:Middlewares/ST/threadx/common/src/tx_thread_reset.c ****     /* Default a successful completion status.  */
  85:Middlewares/ST/threadx/common/src/tx_thread_reset.c ****     status =  TX_SUCCESS;
  37              		.loc 1 85 5 view .LVU4
  86:Middlewares/ST/threadx/common/src/tx_thread_reset.c **** 
  87:Middlewares/ST/threadx/common/src/tx_thread_reset.c ****     /* Disable interrupts.  */
  88:Middlewares/ST/threadx/common/src/tx_thread_reset.c ****     TX_DISABLE
  38              		.loc 1 88 5 view .LVU5
  39              	.LBB16:
  40              	.LBI16:
  41              		.file 2 "Middlewares/ST/threadx/ports/cortex_m4/gnu/inc/tx_port.h"
   1:Middlewares/ST/threadx/ports/cortex_m4/gnu/inc/tx_port.h **** /**************************************************************************/
   2:Middlewares/ST/threadx/ports/cortex_m4/gnu/inc/tx_port.h **** /*                                                                        */
   3:Middlewares/ST/threadx/ports/cortex_m4/gnu/inc/tx_port.h **** /*       Copyright (c) Microsoft Corporation. All rights reserved.        */
   4:Middlewares/ST/threadx/ports/cortex_m4/gnu/inc/tx_port.h **** /*                                                                        */
   5:Middlewares/ST/threadx/ports/cortex_m4/gnu/inc/tx_port.h **** /*       This software is licensed under the Microsoft Software License   */
   6:Middlewares/ST/threadx/ports/cortex_m4/gnu/inc/tx_port.h **** /*       Terms for Microsoft Azure RTOS. Full text of the license can be  */
   7:Middlewares/ST/threadx/ports/cortex_m4/gnu/inc/tx_port.h **** /*       found in the LICENSE file at https://aka.ms/AzureRTOS_EULA       */
   8:Middlewares/ST/threadx/ports/cortex_m4/gnu/inc/tx_port.h **** /*       and in the root directory of this software.                      */
   9:Middlewares/ST/threadx/ports/cortex_m4/gnu/inc/tx_port.h **** /*                                                                        */
  10:Middlewares/ST/threadx/ports/cortex_m4/gnu/inc/tx_port.h **** /**************************************************************************/
  11:Middlewares/ST/threadx/ports/cortex_m4/gnu/inc/tx_port.h **** 
  12:Middlewares/ST/threadx/ports/cortex_m4/gnu/inc/tx_port.h **** 
  13:Middlewares/ST/threadx/ports/cortex_m4/gnu/inc/tx_port.h **** /**************************************************************************/
  14:Middlewares/ST/threadx/ports/cortex_m4/gnu/inc/tx_port.h **** /**************************************************************************/
  15:Middlewares/ST/threadx/ports/cortex_m4/gnu/inc/tx_port.h **** /**                                                                       */
  16:Middlewares/ST/threadx/ports/cortex_m4/gnu/inc/tx_port.h **** /** ThreadX Component                                                     */
  17:Middlewares/ST/threadx/ports/cortex_m4/gnu/inc/tx_port.h **** /**                                                                       */
  18:Middlewares/ST/threadx/ports/cortex_m4/gnu/inc/tx_port.h **** /**   Port Specific                                                       */
  19:Middlewares/ST/threadx/ports/cortex_m4/gnu/inc/tx_port.h **** /**                                                                       */
  20:Middlewares/ST/threadx/ports/cortex_m4/gnu/inc/tx_port.h **** /**************************************************************************/
  21:Middlewares/ST/threadx/ports/cortex_m4/gnu/inc/tx_port.h **** /**************************************************************************/
  22:Middlewares/ST/threadx/ports/cortex_m4/gnu/inc/tx_port.h **** 
  23:Middlewares/ST/threadx/ports/cortex_m4/gnu/inc/tx_port.h **** 
  24:Middlewares/ST/threadx/ports/cortex_m4/gnu/inc/tx_port.h **** /**************************************************************************/
  25:Middlewares/ST/threadx/ports/cortex_m4/gnu/inc/tx_port.h **** /*                                                                        */
  26:Middlewares/ST/threadx/ports/cortex_m4/gnu/inc/tx_port.h **** /*  PORT SPECIFIC C INFORMATION                            RELEASE        */
  27:Middlewares/ST/threadx/ports/cortex_m4/gnu/inc/tx_port.h **** /*                                                                        */
  28:Middlewares/ST/threadx/ports/cortex_m4/gnu/inc/tx_port.h **** /*    tx_port.h                                         Cortex-M4/GNU     */
  29:Middlewares/ST/threadx/ports/cortex_m4/gnu/inc/tx_port.h **** /*                                                           6.1.12       */
  30:Middlewares/ST/threadx/ports/cortex_m4/gnu/inc/tx_port.h **** /*                                                                        */
  31:Middlewares/ST/threadx/ports/cortex_m4/gnu/inc/tx_port.h **** /*  AUTHOR                                                                */
  32:Middlewares/ST/threadx/ports/cortex_m4/gnu/inc/tx_port.h **** /*                                                                        */
  33:Middlewares/ST/threadx/ports/cortex_m4/gnu/inc/tx_port.h **** /*    Scott Larson, Microsoft Corporation                                 */
  34:Middlewares/ST/threadx/ports/cortex_m4/gnu/inc/tx_port.h **** /*                                                                        */
  35:Middlewares/ST/threadx/ports/cortex_m4/gnu/inc/tx_port.h **** /*  DESCRIPTION                                                           */
  36:Middlewares/ST/threadx/ports/cortex_m4/gnu/inc/tx_port.h **** /*                                                                        */
  37:Middlewares/ST/threadx/ports/cortex_m4/gnu/inc/tx_port.h **** /*    This file contains data type definitions that make the ThreadX      */
  38:Middlewares/ST/threadx/ports/cortex_m4/gnu/inc/tx_port.h **** /*    real-time kernel function identically on a variety of different     */
  39:Middlewares/ST/threadx/ports/cortex_m4/gnu/inc/tx_port.h **** /*    processor architectures.  For example, the size or number of bits   */
  40:Middlewares/ST/threadx/ports/cortex_m4/gnu/inc/tx_port.h **** /*    in an "int" data type vary between microprocessor architectures and */
  41:Middlewares/ST/threadx/ports/cortex_m4/gnu/inc/tx_port.h **** /*    even C compilers for the same microprocessor.  ThreadX does not     */
  42:Middlewares/ST/threadx/ports/cortex_m4/gnu/inc/tx_port.h **** /*    directly use native C data types.  Instead, ThreadX creates its     */
  43:Middlewares/ST/threadx/ports/cortex_m4/gnu/inc/tx_port.h **** /*    own special types that can be mapped to actual data types by this   */
ARM GAS  C:\Users\HP\AppData\Local\Temp\ccqwzELg.s 			page 4


  44:Middlewares/ST/threadx/ports/cortex_m4/gnu/inc/tx_port.h **** /*    file to guarantee consistency in the interface and functionality.   */
  45:Middlewares/ST/threadx/ports/cortex_m4/gnu/inc/tx_port.h **** /*                                                                        */
  46:Middlewares/ST/threadx/ports/cortex_m4/gnu/inc/tx_port.h **** /*    This file replaces the previous Cortex-M3/M4/M7 files. It unifies   */
  47:Middlewares/ST/threadx/ports/cortex_m4/gnu/inc/tx_port.h **** /*    the ARMv7-M architecture and compilers into one common file.        */
  48:Middlewares/ST/threadx/ports/cortex_m4/gnu/inc/tx_port.h **** /*                                                                        */
  49:Middlewares/ST/threadx/ports/cortex_m4/gnu/inc/tx_port.h **** /*  RELEASE HISTORY                                                       */
  50:Middlewares/ST/threadx/ports/cortex_m4/gnu/inc/tx_port.h **** /*                                                                        */
  51:Middlewares/ST/threadx/ports/cortex_m4/gnu/inc/tx_port.h **** /*    DATE              NAME                      DESCRIPTION             */
  52:Middlewares/ST/threadx/ports/cortex_m4/gnu/inc/tx_port.h **** /*                                                                        */
  53:Middlewares/ST/threadx/ports/cortex_m4/gnu/inc/tx_port.h **** /*  06-02-2021      Scott Larson            Initial Version 6.1.7         */
  54:Middlewares/ST/threadx/ports/cortex_m4/gnu/inc/tx_port.h **** /*  01-31-2022      Scott Larson            Modified comments, updated    */
  55:Middlewares/ST/threadx/ports/cortex_m4/gnu/inc/tx_port.h **** /*                                            typedef to fix misra        */
  56:Middlewares/ST/threadx/ports/cortex_m4/gnu/inc/tx_port.h **** /*                                            violation,                  */
  57:Middlewares/ST/threadx/ports/cortex_m4/gnu/inc/tx_port.h **** /*                                            fixed predefined macro,     */
  58:Middlewares/ST/threadx/ports/cortex_m4/gnu/inc/tx_port.h **** /*                                            resulting in version 6.1.10 */
  59:Middlewares/ST/threadx/ports/cortex_m4/gnu/inc/tx_port.h **** /*  04-25-2022      Scott Larson            Modified comments and added   */
  60:Middlewares/ST/threadx/ports/cortex_m4/gnu/inc/tx_port.h **** /*                                            volatile to registers,      */
  61:Middlewares/ST/threadx/ports/cortex_m4/gnu/inc/tx_port.h **** /*                                            resulting in version 6.1.11 */
  62:Middlewares/ST/threadx/ports/cortex_m4/gnu/inc/tx_port.h **** /*  07-29-2022      Scott Larson            Modified comments and         */
  63:Middlewares/ST/threadx/ports/cortex_m4/gnu/inc/tx_port.h **** /*                                            described BASEPRI usage,    */
  64:Middlewares/ST/threadx/ports/cortex_m4/gnu/inc/tx_port.h **** /*                                            resulting in version 6.1.12 */
  65:Middlewares/ST/threadx/ports/cortex_m4/gnu/inc/tx_port.h **** /*                                                                        */
  66:Middlewares/ST/threadx/ports/cortex_m4/gnu/inc/tx_port.h **** /**************************************************************************/
  67:Middlewares/ST/threadx/ports/cortex_m4/gnu/inc/tx_port.h **** 
  68:Middlewares/ST/threadx/ports/cortex_m4/gnu/inc/tx_port.h **** #ifndef TX_PORT_H
  69:Middlewares/ST/threadx/ports/cortex_m4/gnu/inc/tx_port.h **** #define TX_PORT_H
  70:Middlewares/ST/threadx/ports/cortex_m4/gnu/inc/tx_port.h **** 
  71:Middlewares/ST/threadx/ports/cortex_m4/gnu/inc/tx_port.h **** 
  72:Middlewares/ST/threadx/ports/cortex_m4/gnu/inc/tx_port.h **** /* Determine if the optional ThreadX user define file should be used.  */
  73:Middlewares/ST/threadx/ports/cortex_m4/gnu/inc/tx_port.h **** 
  74:Middlewares/ST/threadx/ports/cortex_m4/gnu/inc/tx_port.h **** #ifdef TX_INCLUDE_USER_DEFINE_FILE
  75:Middlewares/ST/threadx/ports/cortex_m4/gnu/inc/tx_port.h **** 
  76:Middlewares/ST/threadx/ports/cortex_m4/gnu/inc/tx_port.h **** /* Yes, include the user defines in tx_user.h. The defines in this file may
  77:Middlewares/ST/threadx/ports/cortex_m4/gnu/inc/tx_port.h ****    alternately be defined on the command line.  */
  78:Middlewares/ST/threadx/ports/cortex_m4/gnu/inc/tx_port.h **** 
  79:Middlewares/ST/threadx/ports/cortex_m4/gnu/inc/tx_port.h **** #include "tx_user.h"
  80:Middlewares/ST/threadx/ports/cortex_m4/gnu/inc/tx_port.h **** #endif
  81:Middlewares/ST/threadx/ports/cortex_m4/gnu/inc/tx_port.h **** 
  82:Middlewares/ST/threadx/ports/cortex_m4/gnu/inc/tx_port.h **** 
  83:Middlewares/ST/threadx/ports/cortex_m4/gnu/inc/tx_port.h **** /* Define compiler library include files.  */
  84:Middlewares/ST/threadx/ports/cortex_m4/gnu/inc/tx_port.h **** 
  85:Middlewares/ST/threadx/ports/cortex_m4/gnu/inc/tx_port.h **** #include <stdlib.h>
  86:Middlewares/ST/threadx/ports/cortex_m4/gnu/inc/tx_port.h **** #include <string.h>
  87:Middlewares/ST/threadx/ports/cortex_m4/gnu/inc/tx_port.h **** 
  88:Middlewares/ST/threadx/ports/cortex_m4/gnu/inc/tx_port.h **** #ifdef __ICCARM__
  89:Middlewares/ST/threadx/ports/cortex_m4/gnu/inc/tx_port.h **** #include <intrinsics.h>                     /* IAR Intrinsics */
  90:Middlewares/ST/threadx/ports/cortex_m4/gnu/inc/tx_port.h **** #define __asm__ __asm                       /* Define to make all inline asm look similar */
  91:Middlewares/ST/threadx/ports/cortex_m4/gnu/inc/tx_port.h **** #ifdef  TX_ENABLE_IAR_LIBRARY_SUPPORT
  92:Middlewares/ST/threadx/ports/cortex_m4/gnu/inc/tx_port.h **** #include <yvals.h>
  93:Middlewares/ST/threadx/ports/cortex_m4/gnu/inc/tx_port.h **** #endif
  94:Middlewares/ST/threadx/ports/cortex_m4/gnu/inc/tx_port.h **** #endif /* __ICCARM__ */
  95:Middlewares/ST/threadx/ports/cortex_m4/gnu/inc/tx_port.h **** 
  96:Middlewares/ST/threadx/ports/cortex_m4/gnu/inc/tx_port.h **** #ifdef __ghs__
  97:Middlewares/ST/threadx/ports/cortex_m4/gnu/inc/tx_port.h **** #include <arm_ghs.h>
  98:Middlewares/ST/threadx/ports/cortex_m4/gnu/inc/tx_port.h **** #include "tx_ghs.h"
  99:Middlewares/ST/threadx/ports/cortex_m4/gnu/inc/tx_port.h **** #endif  /* __ghs__ */
 100:Middlewares/ST/threadx/ports/cortex_m4/gnu/inc/tx_port.h **** 
ARM GAS  C:\Users\HP\AppData\Local\Temp\ccqwzELg.s 			page 5


 101:Middlewares/ST/threadx/ports/cortex_m4/gnu/inc/tx_port.h **** 
 102:Middlewares/ST/threadx/ports/cortex_m4/gnu/inc/tx_port.h **** #if !defined(__GNUC__) && !defined(__CC_ARM)
 103:Middlewares/ST/threadx/ports/cortex_m4/gnu/inc/tx_port.h **** #define __get_control_value __get_CONTROL
 104:Middlewares/ST/threadx/ports/cortex_m4/gnu/inc/tx_port.h **** #define __set_control_value __set_CONTROL
 105:Middlewares/ST/threadx/ports/cortex_m4/gnu/inc/tx_port.h **** #endif
 106:Middlewares/ST/threadx/ports/cortex_m4/gnu/inc/tx_port.h **** 
 107:Middlewares/ST/threadx/ports/cortex_m4/gnu/inc/tx_port.h **** #ifndef __GNUC__
 108:Middlewares/ST/threadx/ports/cortex_m4/gnu/inc/tx_port.h **** #define __get_ipsr_value __get_IPSR
 109:Middlewares/ST/threadx/ports/cortex_m4/gnu/inc/tx_port.h **** #endif
 110:Middlewares/ST/threadx/ports/cortex_m4/gnu/inc/tx_port.h **** 
 111:Middlewares/ST/threadx/ports/cortex_m4/gnu/inc/tx_port.h **** /* Define ThreadX basic types for this port.  */
 112:Middlewares/ST/threadx/ports/cortex_m4/gnu/inc/tx_port.h **** 
 113:Middlewares/ST/threadx/ports/cortex_m4/gnu/inc/tx_port.h **** #define VOID                                    void
 114:Middlewares/ST/threadx/ports/cortex_m4/gnu/inc/tx_port.h **** typedef char                                    CHAR;
 115:Middlewares/ST/threadx/ports/cortex_m4/gnu/inc/tx_port.h **** typedef unsigned char                           UCHAR;
 116:Middlewares/ST/threadx/ports/cortex_m4/gnu/inc/tx_port.h **** typedef int                                     INT;
 117:Middlewares/ST/threadx/ports/cortex_m4/gnu/inc/tx_port.h **** typedef unsigned int                            UINT;
 118:Middlewares/ST/threadx/ports/cortex_m4/gnu/inc/tx_port.h **** typedef long                                    LONG;
 119:Middlewares/ST/threadx/ports/cortex_m4/gnu/inc/tx_port.h **** typedef unsigned long                           ULONG;
 120:Middlewares/ST/threadx/ports/cortex_m4/gnu/inc/tx_port.h **** typedef unsigned long long                      ULONG64;
 121:Middlewares/ST/threadx/ports/cortex_m4/gnu/inc/tx_port.h **** typedef short                                   SHORT;
 122:Middlewares/ST/threadx/ports/cortex_m4/gnu/inc/tx_port.h **** typedef unsigned short                          USHORT;
 123:Middlewares/ST/threadx/ports/cortex_m4/gnu/inc/tx_port.h **** #define ULONG64_DEFINED
 124:Middlewares/ST/threadx/ports/cortex_m4/gnu/inc/tx_port.h **** 
 125:Middlewares/ST/threadx/ports/cortex_m4/gnu/inc/tx_port.h **** /* Define the priority levels for ThreadX.  Legal values range
 126:Middlewares/ST/threadx/ports/cortex_m4/gnu/inc/tx_port.h ****    from 32 to 1024 and MUST be evenly divisible by 32.  */
 127:Middlewares/ST/threadx/ports/cortex_m4/gnu/inc/tx_port.h **** 
 128:Middlewares/ST/threadx/ports/cortex_m4/gnu/inc/tx_port.h **** #ifndef TX_MAX_PRIORITIES
 129:Middlewares/ST/threadx/ports/cortex_m4/gnu/inc/tx_port.h **** #define TX_MAX_PRIORITIES                       32
 130:Middlewares/ST/threadx/ports/cortex_m4/gnu/inc/tx_port.h **** #endif
 131:Middlewares/ST/threadx/ports/cortex_m4/gnu/inc/tx_port.h **** 
 132:Middlewares/ST/threadx/ports/cortex_m4/gnu/inc/tx_port.h **** 
 133:Middlewares/ST/threadx/ports/cortex_m4/gnu/inc/tx_port.h **** /* Define the minimum stack for a ThreadX thread on this processor. If the size supplied during
 134:Middlewares/ST/threadx/ports/cortex_m4/gnu/inc/tx_port.h ****    thread creation is less than this value, the thread create call will return an error.  */
 135:Middlewares/ST/threadx/ports/cortex_m4/gnu/inc/tx_port.h **** 
 136:Middlewares/ST/threadx/ports/cortex_m4/gnu/inc/tx_port.h **** #ifndef TX_MINIMUM_STACK
 137:Middlewares/ST/threadx/ports/cortex_m4/gnu/inc/tx_port.h **** #define TX_MINIMUM_STACK                        200         /* Minimum stack size for this port  */
 138:Middlewares/ST/threadx/ports/cortex_m4/gnu/inc/tx_port.h **** #endif
 139:Middlewares/ST/threadx/ports/cortex_m4/gnu/inc/tx_port.h **** 
 140:Middlewares/ST/threadx/ports/cortex_m4/gnu/inc/tx_port.h **** 
 141:Middlewares/ST/threadx/ports/cortex_m4/gnu/inc/tx_port.h **** /* Define the system timer thread's default stack size and priority.  These are only applicable
 142:Middlewares/ST/threadx/ports/cortex_m4/gnu/inc/tx_port.h ****    if TX_TIMER_PROCESS_IN_ISR is not defined.  */
 143:Middlewares/ST/threadx/ports/cortex_m4/gnu/inc/tx_port.h **** 
 144:Middlewares/ST/threadx/ports/cortex_m4/gnu/inc/tx_port.h **** #ifndef TX_TIMER_THREAD_STACK_SIZE
 145:Middlewares/ST/threadx/ports/cortex_m4/gnu/inc/tx_port.h **** #define TX_TIMER_THREAD_STACK_SIZE              1024        /* Default timer thread stack size  */
 146:Middlewares/ST/threadx/ports/cortex_m4/gnu/inc/tx_port.h **** #endif
 147:Middlewares/ST/threadx/ports/cortex_m4/gnu/inc/tx_port.h **** 
 148:Middlewares/ST/threadx/ports/cortex_m4/gnu/inc/tx_port.h **** #ifndef TX_TIMER_THREAD_PRIORITY
 149:Middlewares/ST/threadx/ports/cortex_m4/gnu/inc/tx_port.h **** #define TX_TIMER_THREAD_PRIORITY                0           /* Default timer thread priority    */
 150:Middlewares/ST/threadx/ports/cortex_m4/gnu/inc/tx_port.h **** #endif
 151:Middlewares/ST/threadx/ports/cortex_m4/gnu/inc/tx_port.h **** 
 152:Middlewares/ST/threadx/ports/cortex_m4/gnu/inc/tx_port.h **** /* By default, ThreadX for Cortex-M uses the PRIMASK register to enable/disable interrupts.
 153:Middlewares/ST/threadx/ports/cortex_m4/gnu/inc/tx_port.h **** If using BASEPRI is desired, define the following two symbols for both c and assembly files:
 154:Middlewares/ST/threadx/ports/cortex_m4/gnu/inc/tx_port.h **** TX_PORT_USE_BASEPRI - This tells ThreadX to use BASEPRI instead of PRIMASK.
 155:Middlewares/ST/threadx/ports/cortex_m4/gnu/inc/tx_port.h **** TX_PORT_BASEPRI = (priority_mask << (8 - number_priority_bits)) - this defines the maximum priority
 156:Middlewares/ST/threadx/ports/cortex_m4/gnu/inc/tx_port.h **** Any interrupt with a higher priority than priority_mask will not be masked, thus the interrupt will
 157:Middlewares/ST/threadx/ports/cortex_m4/gnu/inc/tx_port.h **** */
ARM GAS  C:\Users\HP\AppData\Local\Temp\ccqwzELg.s 			page 6


 158:Middlewares/ST/threadx/ports/cortex_m4/gnu/inc/tx_port.h **** 
 159:Middlewares/ST/threadx/ports/cortex_m4/gnu/inc/tx_port.h **** /* Define various constants for the ThreadX Cortex-M port.  */
 160:Middlewares/ST/threadx/ports/cortex_m4/gnu/inc/tx_port.h **** 
 161:Middlewares/ST/threadx/ports/cortex_m4/gnu/inc/tx_port.h **** #define TX_INT_DISABLE                          1           /* Disable interrupts               */
 162:Middlewares/ST/threadx/ports/cortex_m4/gnu/inc/tx_port.h **** #define TX_INT_ENABLE                           0           /* Enable interrupts                */
 163:Middlewares/ST/threadx/ports/cortex_m4/gnu/inc/tx_port.h **** 
 164:Middlewares/ST/threadx/ports/cortex_m4/gnu/inc/tx_port.h **** 
 165:Middlewares/ST/threadx/ports/cortex_m4/gnu/inc/tx_port.h **** /* Define the clock source for trace event entry time stamp. The following two item are port specif
 166:Middlewares/ST/threadx/ports/cortex_m4/gnu/inc/tx_port.h ****    For example, if the time source is at the address 0x0a800024 and is 16-bits in size, the clock
 167:Middlewares/ST/threadx/ports/cortex_m4/gnu/inc/tx_port.h ****    source constants would be:
 168:Middlewares/ST/threadx/ports/cortex_m4/gnu/inc/tx_port.h **** 
 169:Middlewares/ST/threadx/ports/cortex_m4/gnu/inc/tx_port.h **** #define TX_TRACE_TIME_SOURCE                    *((volatile ULONG *) 0x0a800024)
 170:Middlewares/ST/threadx/ports/cortex_m4/gnu/inc/tx_port.h **** #define TX_TRACE_TIME_MASK                      0x0000FFFFUL
 171:Middlewares/ST/threadx/ports/cortex_m4/gnu/inc/tx_port.h **** 
 172:Middlewares/ST/threadx/ports/cortex_m4/gnu/inc/tx_port.h **** */
 173:Middlewares/ST/threadx/ports/cortex_m4/gnu/inc/tx_port.h **** 
 174:Middlewares/ST/threadx/ports/cortex_m4/gnu/inc/tx_port.h **** #ifndef TX_MISRA_ENABLE
 175:Middlewares/ST/threadx/ports/cortex_m4/gnu/inc/tx_port.h **** #ifndef TX_TRACE_TIME_SOURCE
 176:Middlewares/ST/threadx/ports/cortex_m4/gnu/inc/tx_port.h **** #define TX_TRACE_TIME_SOURCE                    *((volatile ULONG *) 0xE0001004)
 177:Middlewares/ST/threadx/ports/cortex_m4/gnu/inc/tx_port.h **** #endif
 178:Middlewares/ST/threadx/ports/cortex_m4/gnu/inc/tx_port.h **** #else
 179:Middlewares/ST/threadx/ports/cortex_m4/gnu/inc/tx_port.h **** ULONG   _tx_misra_time_stamp_get(VOID);
 180:Middlewares/ST/threadx/ports/cortex_m4/gnu/inc/tx_port.h **** #define TX_TRACE_TIME_SOURCE                    _tx_misra_time_stamp_get()
 181:Middlewares/ST/threadx/ports/cortex_m4/gnu/inc/tx_port.h **** #endif
 182:Middlewares/ST/threadx/ports/cortex_m4/gnu/inc/tx_port.h **** 
 183:Middlewares/ST/threadx/ports/cortex_m4/gnu/inc/tx_port.h **** #ifndef TX_TRACE_TIME_MASK
 184:Middlewares/ST/threadx/ports/cortex_m4/gnu/inc/tx_port.h **** #define TX_TRACE_TIME_MASK                      0xFFFFFFFFUL
 185:Middlewares/ST/threadx/ports/cortex_m4/gnu/inc/tx_port.h **** #endif
 186:Middlewares/ST/threadx/ports/cortex_m4/gnu/inc/tx_port.h **** 
 187:Middlewares/ST/threadx/ports/cortex_m4/gnu/inc/tx_port.h **** #ifdef __ghs__
 188:Middlewares/ST/threadx/ports/cortex_m4/gnu/inc/tx_port.h **** /* Define constants for Green Hills EventAnalyzer.  */
 189:Middlewares/ST/threadx/ports/cortex_m4/gnu/inc/tx_port.h **** 
 190:Middlewares/ST/threadx/ports/cortex_m4/gnu/inc/tx_port.h **** /* Define the number of ticks per second. This informs the EventAnalyzer what the timestamps
 191:Middlewares/ST/threadx/ports/cortex_m4/gnu/inc/tx_port.h ****    represent.  By default, this is set to 1,000,000 i.e., one tick every microsecond. */
 192:Middlewares/ST/threadx/ports/cortex_m4/gnu/inc/tx_port.h **** 
 193:Middlewares/ST/threadx/ports/cortex_m4/gnu/inc/tx_port.h **** #define TX_EL_TICKS_PER_SECOND                  1000000
 194:Middlewares/ST/threadx/ports/cortex_m4/gnu/inc/tx_port.h **** 
 195:Middlewares/ST/threadx/ports/cortex_m4/gnu/inc/tx_port.h **** /* Define the method of how to get the upper and lower 32-bits of the time stamp. By default, simpl
 196:Middlewares/ST/threadx/ports/cortex_m4/gnu/inc/tx_port.h ****    simulate the time-stamp source with a counter.  */
 197:Middlewares/ST/threadx/ports/cortex_m4/gnu/inc/tx_port.h **** 
 198:Middlewares/ST/threadx/ports/cortex_m4/gnu/inc/tx_port.h **** #define read_tbu()                              _tx_el_time_base_upper
 199:Middlewares/ST/threadx/ports/cortex_m4/gnu/inc/tx_port.h **** #define read_tbl()                              ++_tx_el_time_base_lower
 200:Middlewares/ST/threadx/ports/cortex_m4/gnu/inc/tx_port.h **** #endif  /* __ghs__ */
 201:Middlewares/ST/threadx/ports/cortex_m4/gnu/inc/tx_port.h **** 
 202:Middlewares/ST/threadx/ports/cortex_m4/gnu/inc/tx_port.h **** /* Define the port specific options for the _tx_build_options variable. This variable indicates
 203:Middlewares/ST/threadx/ports/cortex_m4/gnu/inc/tx_port.h ****    how the ThreadX library was built.  */
 204:Middlewares/ST/threadx/ports/cortex_m4/gnu/inc/tx_port.h **** 
 205:Middlewares/ST/threadx/ports/cortex_m4/gnu/inc/tx_port.h **** #define TX_PORT_SPECIFIC_BUILD_OPTIONS          (0)
 206:Middlewares/ST/threadx/ports/cortex_m4/gnu/inc/tx_port.h **** 
 207:Middlewares/ST/threadx/ports/cortex_m4/gnu/inc/tx_port.h **** 
 208:Middlewares/ST/threadx/ports/cortex_m4/gnu/inc/tx_port.h **** /* Define the in-line initialization constant so that modules with in-line
 209:Middlewares/ST/threadx/ports/cortex_m4/gnu/inc/tx_port.h ****    initialization capabilities can prevent their initialization from being
 210:Middlewares/ST/threadx/ports/cortex_m4/gnu/inc/tx_port.h ****    a function call.  */
 211:Middlewares/ST/threadx/ports/cortex_m4/gnu/inc/tx_port.h **** 
 212:Middlewares/ST/threadx/ports/cortex_m4/gnu/inc/tx_port.h **** #ifdef TX_MISRA_ENABLE
 213:Middlewares/ST/threadx/ports/cortex_m4/gnu/inc/tx_port.h **** #define TX_DISABLE_INLINE
 214:Middlewares/ST/threadx/ports/cortex_m4/gnu/inc/tx_port.h **** #else
ARM GAS  C:\Users\HP\AppData\Local\Temp\ccqwzELg.s 			page 7


 215:Middlewares/ST/threadx/ports/cortex_m4/gnu/inc/tx_port.h **** #define TX_INLINE_INITIALIZATION
 216:Middlewares/ST/threadx/ports/cortex_m4/gnu/inc/tx_port.h **** #endif
 217:Middlewares/ST/threadx/ports/cortex_m4/gnu/inc/tx_port.h **** 
 218:Middlewares/ST/threadx/ports/cortex_m4/gnu/inc/tx_port.h **** 
 219:Middlewares/ST/threadx/ports/cortex_m4/gnu/inc/tx_port.h **** /* Determine whether or not stack checking is enabled. By default, ThreadX stack checking is
 220:Middlewares/ST/threadx/ports/cortex_m4/gnu/inc/tx_port.h ****    disabled. When the following is defined, ThreadX thread stack checking is enabled.  If stack
 221:Middlewares/ST/threadx/ports/cortex_m4/gnu/inc/tx_port.h ****    checking is enabled (TX_ENABLE_STACK_CHECKING is defined), the TX_DISABLE_STACK_FILLING
 222:Middlewares/ST/threadx/ports/cortex_m4/gnu/inc/tx_port.h ****    define is negated, thereby forcing the stack fill which is necessary for the stack checking
 223:Middlewares/ST/threadx/ports/cortex_m4/gnu/inc/tx_port.h ****    logic.  */
 224:Middlewares/ST/threadx/ports/cortex_m4/gnu/inc/tx_port.h **** 
 225:Middlewares/ST/threadx/ports/cortex_m4/gnu/inc/tx_port.h **** #ifndef TX_MISRA_ENABLE
 226:Middlewares/ST/threadx/ports/cortex_m4/gnu/inc/tx_port.h **** #ifdef TX_ENABLE_STACK_CHECKING
 227:Middlewares/ST/threadx/ports/cortex_m4/gnu/inc/tx_port.h **** #undef TX_DISABLE_STACK_FILLING
 228:Middlewares/ST/threadx/ports/cortex_m4/gnu/inc/tx_port.h **** #endif
 229:Middlewares/ST/threadx/ports/cortex_m4/gnu/inc/tx_port.h **** #endif
 230:Middlewares/ST/threadx/ports/cortex_m4/gnu/inc/tx_port.h **** 
 231:Middlewares/ST/threadx/ports/cortex_m4/gnu/inc/tx_port.h **** 
 232:Middlewares/ST/threadx/ports/cortex_m4/gnu/inc/tx_port.h **** /* Define the TX_THREAD control block extensions for this port. The main reason
 233:Middlewares/ST/threadx/ports/cortex_m4/gnu/inc/tx_port.h ****    for the multiple macros is so that backward compatibility can be maintained with
 234:Middlewares/ST/threadx/ports/cortex_m4/gnu/inc/tx_port.h ****    existing ThreadX kernel awareness modules.  */
 235:Middlewares/ST/threadx/ports/cortex_m4/gnu/inc/tx_port.h **** 
 236:Middlewares/ST/threadx/ports/cortex_m4/gnu/inc/tx_port.h **** #define TX_THREAD_EXTENSION_0
 237:Middlewares/ST/threadx/ports/cortex_m4/gnu/inc/tx_port.h **** #define TX_THREAD_EXTENSION_1
 238:Middlewares/ST/threadx/ports/cortex_m4/gnu/inc/tx_port.h **** #ifdef  TX_ENABLE_IAR_LIBRARY_SUPPORT
 239:Middlewares/ST/threadx/ports/cortex_m4/gnu/inc/tx_port.h **** #define TX_THREAD_EXTENSION_2           VOID    *tx_thread_iar_tls_pointer;
 240:Middlewares/ST/threadx/ports/cortex_m4/gnu/inc/tx_port.h **** #elif defined(__ghs__)
 241:Middlewares/ST/threadx/ports/cortex_m4/gnu/inc/tx_port.h **** #define TX_THREAD_EXTENSION_2           VOID *  tx_thread_eh_globals;                           \
 242:Middlewares/ST/threadx/ports/cortex_m4/gnu/inc/tx_port.h ****                                         int     Errno;             /* errno.  */                \
 243:Middlewares/ST/threadx/ports/cortex_m4/gnu/inc/tx_port.h ****                                         char *  strtok_saved_pos;  /* strtok() position.  */
 244:Middlewares/ST/threadx/ports/cortex_m4/gnu/inc/tx_port.h **** #else
 245:Middlewares/ST/threadx/ports/cortex_m4/gnu/inc/tx_port.h **** #define TX_THREAD_EXTENSION_2
 246:Middlewares/ST/threadx/ports/cortex_m4/gnu/inc/tx_port.h **** #endif
 247:Middlewares/ST/threadx/ports/cortex_m4/gnu/inc/tx_port.h **** 
 248:Middlewares/ST/threadx/ports/cortex_m4/gnu/inc/tx_port.h **** 
 249:Middlewares/ST/threadx/ports/cortex_m4/gnu/inc/tx_port.h **** #define TX_THREAD_EXTENSION_3
 250:Middlewares/ST/threadx/ports/cortex_m4/gnu/inc/tx_port.h **** 
 251:Middlewares/ST/threadx/ports/cortex_m4/gnu/inc/tx_port.h **** 
 252:Middlewares/ST/threadx/ports/cortex_m4/gnu/inc/tx_port.h **** 
 253:Middlewares/ST/threadx/ports/cortex_m4/gnu/inc/tx_port.h **** /* Define the port extensions of the remaining ThreadX objects.  */
 254:Middlewares/ST/threadx/ports/cortex_m4/gnu/inc/tx_port.h **** 
 255:Middlewares/ST/threadx/ports/cortex_m4/gnu/inc/tx_port.h **** #define TX_BLOCK_POOL_EXTENSION
 256:Middlewares/ST/threadx/ports/cortex_m4/gnu/inc/tx_port.h **** #define TX_BYTE_POOL_EXTENSION
 257:Middlewares/ST/threadx/ports/cortex_m4/gnu/inc/tx_port.h **** #define TX_EVENT_FLAGS_GROUP_EXTENSION
 258:Middlewares/ST/threadx/ports/cortex_m4/gnu/inc/tx_port.h **** #define TX_MUTEX_EXTENSION
 259:Middlewares/ST/threadx/ports/cortex_m4/gnu/inc/tx_port.h **** #define TX_QUEUE_EXTENSION
 260:Middlewares/ST/threadx/ports/cortex_m4/gnu/inc/tx_port.h **** #define TX_SEMAPHORE_EXTENSION
 261:Middlewares/ST/threadx/ports/cortex_m4/gnu/inc/tx_port.h **** #define TX_TIMER_EXTENSION
 262:Middlewares/ST/threadx/ports/cortex_m4/gnu/inc/tx_port.h **** 
 263:Middlewares/ST/threadx/ports/cortex_m4/gnu/inc/tx_port.h **** 
 264:Middlewares/ST/threadx/ports/cortex_m4/gnu/inc/tx_port.h **** /* Define the user extension field of the thread control block.  Nothing
 265:Middlewares/ST/threadx/ports/cortex_m4/gnu/inc/tx_port.h ****    additional is needed for this port so it is defined as white space.  */
 266:Middlewares/ST/threadx/ports/cortex_m4/gnu/inc/tx_port.h **** 
 267:Middlewares/ST/threadx/ports/cortex_m4/gnu/inc/tx_port.h **** #ifndef TX_THREAD_USER_EXTENSION
 268:Middlewares/ST/threadx/ports/cortex_m4/gnu/inc/tx_port.h **** #define TX_THREAD_USER_EXTENSION
 269:Middlewares/ST/threadx/ports/cortex_m4/gnu/inc/tx_port.h **** #endif
 270:Middlewares/ST/threadx/ports/cortex_m4/gnu/inc/tx_port.h **** 
 271:Middlewares/ST/threadx/ports/cortex_m4/gnu/inc/tx_port.h **** 
ARM GAS  C:\Users\HP\AppData\Local\Temp\ccqwzELg.s 			page 8


 272:Middlewares/ST/threadx/ports/cortex_m4/gnu/inc/tx_port.h **** /* Define the macros for processing extensions in tx_thread_create, tx_thread_delete,
 273:Middlewares/ST/threadx/ports/cortex_m4/gnu/inc/tx_port.h ****    tx_thread_shell_entry, and tx_thread_terminate.  */
 274:Middlewares/ST/threadx/ports/cortex_m4/gnu/inc/tx_port.h **** 
 275:Middlewares/ST/threadx/ports/cortex_m4/gnu/inc/tx_port.h **** 
 276:Middlewares/ST/threadx/ports/cortex_m4/gnu/inc/tx_port.h **** #ifdef  TX_ENABLE_IAR_LIBRARY_SUPPORT
 277:Middlewares/ST/threadx/ports/cortex_m4/gnu/inc/tx_port.h **** #if (__VER__ < 8000000)
 278:Middlewares/ST/threadx/ports/cortex_m4/gnu/inc/tx_port.h **** #define TX_THREAD_CREATE_EXTENSION(thread_ptr)                      thread_ptr -> tx_thread_iar_tls
 279:Middlewares/ST/threadx/ports/cortex_m4/gnu/inc/tx_port.h **** #define TX_THREAD_DELETE_EXTENSION(thread_ptr)                      __iar_dlib_perthread_deallocate
 280:Middlewares/ST/threadx/ports/cortex_m4/gnu/inc/tx_port.h ****                                                                     thread_ptr -> tx_thread_iar_tls
 281:Middlewares/ST/threadx/ports/cortex_m4/gnu/inc/tx_port.h **** #define TX_PORT_SPECIFIC_PRE_SCHEDULER_INITIALIZATION               __iar_dlib_perthread_access(0);
 282:Middlewares/ST/threadx/ports/cortex_m4/gnu/inc/tx_port.h **** #else
 283:Middlewares/ST/threadx/ports/cortex_m4/gnu/inc/tx_port.h **** void    *_tx_iar_create_per_thread_tls_area(void);
 284:Middlewares/ST/threadx/ports/cortex_m4/gnu/inc/tx_port.h **** void    _tx_iar_destroy_per_thread_tls_area(void *tls_ptr);
 285:Middlewares/ST/threadx/ports/cortex_m4/gnu/inc/tx_port.h **** void    __iar_Initlocks(void);
 286:Middlewares/ST/threadx/ports/cortex_m4/gnu/inc/tx_port.h **** 
 287:Middlewares/ST/threadx/ports/cortex_m4/gnu/inc/tx_port.h **** #define TX_THREAD_CREATE_EXTENSION(thread_ptr)                      thread_ptr -> tx_thread_iar_tls
 288:Middlewares/ST/threadx/ports/cortex_m4/gnu/inc/tx_port.h **** #define TX_THREAD_DELETE_EXTENSION(thread_ptr)                      do {_tx_iar_destroy_per_thread_
 289:Middlewares/ST/threadx/ports/cortex_m4/gnu/inc/tx_port.h ****                                                                         thread_ptr -> tx_thread_iar
 290:Middlewares/ST/threadx/ports/cortex_m4/gnu/inc/tx_port.h **** #define TX_PORT_SPECIFIC_PRE_SCHEDULER_INITIALIZATION               do {__iar_Initlocks();} while(0
 291:Middlewares/ST/threadx/ports/cortex_m4/gnu/inc/tx_port.h **** #endif
 292:Middlewares/ST/threadx/ports/cortex_m4/gnu/inc/tx_port.h **** #else
 293:Middlewares/ST/threadx/ports/cortex_m4/gnu/inc/tx_port.h **** #define TX_THREAD_CREATE_EXTENSION(thread_ptr)
 294:Middlewares/ST/threadx/ports/cortex_m4/gnu/inc/tx_port.h **** #define TX_THREAD_DELETE_EXTENSION(thread_ptr)
 295:Middlewares/ST/threadx/ports/cortex_m4/gnu/inc/tx_port.h **** #endif
 296:Middlewares/ST/threadx/ports/cortex_m4/gnu/inc/tx_port.h **** 
 297:Middlewares/ST/threadx/ports/cortex_m4/gnu/inc/tx_port.h **** #if defined(__ARMVFP__) || defined(__ARM_PCS_VFP) || defined(__ARM_FP) || defined(__TARGET_FPU_VFP)
 298:Middlewares/ST/threadx/ports/cortex_m4/gnu/inc/tx_port.h **** 
 299:Middlewares/ST/threadx/ports/cortex_m4/gnu/inc/tx_port.h **** #ifdef TX_MISRA_ENABLE
 300:Middlewares/ST/threadx/ports/cortex_m4/gnu/inc/tx_port.h **** 
 301:Middlewares/ST/threadx/ports/cortex_m4/gnu/inc/tx_port.h **** ULONG  _tx_misra_control_get(void);
 302:Middlewares/ST/threadx/ports/cortex_m4/gnu/inc/tx_port.h **** void   _tx_misra_control_set(ULONG value);
 303:Middlewares/ST/threadx/ports/cortex_m4/gnu/inc/tx_port.h **** ULONG  _tx_misra_fpccr_get(void);
 304:Middlewares/ST/threadx/ports/cortex_m4/gnu/inc/tx_port.h **** void   _tx_misra_vfp_touch(void);
 305:Middlewares/ST/threadx/ports/cortex_m4/gnu/inc/tx_port.h **** 
 306:Middlewares/ST/threadx/ports/cortex_m4/gnu/inc/tx_port.h **** #else   /* TX_MISRA_ENABLE not defined */
 307:Middlewares/ST/threadx/ports/cortex_m4/gnu/inc/tx_port.h **** 
 308:Middlewares/ST/threadx/ports/cortex_m4/gnu/inc/tx_port.h **** /* Define some helper functions (these are intrinsics in some compilers). */
 309:Middlewares/ST/threadx/ports/cortex_m4/gnu/inc/tx_port.h **** #ifdef __GNUC__ /* GCC and ARM Compiler 6 */
 310:Middlewares/ST/threadx/ports/cortex_m4/gnu/inc/tx_port.h **** 
 311:Middlewares/ST/threadx/ports/cortex_m4/gnu/inc/tx_port.h **** __attribute__( ( always_inline ) ) static inline ULONG __get_control_value(void)
 312:Middlewares/ST/threadx/ports/cortex_m4/gnu/inc/tx_port.h **** {
 313:Middlewares/ST/threadx/ports/cortex_m4/gnu/inc/tx_port.h **** ULONG  control_value;
 314:Middlewares/ST/threadx/ports/cortex_m4/gnu/inc/tx_port.h **** 
 315:Middlewares/ST/threadx/ports/cortex_m4/gnu/inc/tx_port.h ****     __asm__ volatile (" MRS  %0,CONTROL ": "=r" (control_value) );
 316:Middlewares/ST/threadx/ports/cortex_m4/gnu/inc/tx_port.h ****     return(control_value);
 317:Middlewares/ST/threadx/ports/cortex_m4/gnu/inc/tx_port.h **** }
 318:Middlewares/ST/threadx/ports/cortex_m4/gnu/inc/tx_port.h **** 
 319:Middlewares/ST/threadx/ports/cortex_m4/gnu/inc/tx_port.h **** __attribute__( ( always_inline ) ) static inline void __set_control_value(ULONG control_value)
 320:Middlewares/ST/threadx/ports/cortex_m4/gnu/inc/tx_port.h **** {
 321:Middlewares/ST/threadx/ports/cortex_m4/gnu/inc/tx_port.h ****     __asm__ volatile (" MSR  CONTROL,%0": : "r" (control_value): "memory" );
 322:Middlewares/ST/threadx/ports/cortex_m4/gnu/inc/tx_port.h **** }
 323:Middlewares/ST/threadx/ports/cortex_m4/gnu/inc/tx_port.h **** 
 324:Middlewares/ST/threadx/ports/cortex_m4/gnu/inc/tx_port.h **** #define TX_VFP_TOUCH()  __asm__ volatile ("VMOV.F32 s0, s0");
 325:Middlewares/ST/threadx/ports/cortex_m4/gnu/inc/tx_port.h **** 
 326:Middlewares/ST/threadx/ports/cortex_m4/gnu/inc/tx_port.h **** #elif defined(__CC_ARM) /* ARM Compiler 5 */
 327:Middlewares/ST/threadx/ports/cortex_m4/gnu/inc/tx_port.h **** 
 328:Middlewares/ST/threadx/ports/cortex_m4/gnu/inc/tx_port.h **** __attribute__( ( always_inline ) ) ULONG __get_control_value(void)
ARM GAS  C:\Users\HP\AppData\Local\Temp\ccqwzELg.s 			page 9


 329:Middlewares/ST/threadx/ports/cortex_m4/gnu/inc/tx_port.h **** {
 330:Middlewares/ST/threadx/ports/cortex_m4/gnu/inc/tx_port.h **** ULONG  control_value;
 331:Middlewares/ST/threadx/ports/cortex_m4/gnu/inc/tx_port.h **** 
 332:Middlewares/ST/threadx/ports/cortex_m4/gnu/inc/tx_port.h ****     __asm volatile ("MRS control_value,CONTROL");
 333:Middlewares/ST/threadx/ports/cortex_m4/gnu/inc/tx_port.h ****     return(control_value);
 334:Middlewares/ST/threadx/ports/cortex_m4/gnu/inc/tx_port.h **** }
 335:Middlewares/ST/threadx/ports/cortex_m4/gnu/inc/tx_port.h **** 
 336:Middlewares/ST/threadx/ports/cortex_m4/gnu/inc/tx_port.h **** __attribute__( ( always_inline ) ) void __set_control_value(ULONG control_value)
 337:Middlewares/ST/threadx/ports/cortex_m4/gnu/inc/tx_port.h **** {
 338:Middlewares/ST/threadx/ports/cortex_m4/gnu/inc/tx_port.h ****     __asm__ volatile ("MSR CONTROL,control_value");
 339:Middlewares/ST/threadx/ports/cortex_m4/gnu/inc/tx_port.h **** }
 340:Middlewares/ST/threadx/ports/cortex_m4/gnu/inc/tx_port.h **** /* Can't access VFP registers with inline asm, so define this in tx_thread_schedule.  */
 341:Middlewares/ST/threadx/ports/cortex_m4/gnu/inc/tx_port.h **** void _tx_vfp_access(void);
 342:Middlewares/ST/threadx/ports/cortex_m4/gnu/inc/tx_port.h **** #define TX_VFP_TOUCH()  _tx_vfp_access();
 343:Middlewares/ST/threadx/ports/cortex_m4/gnu/inc/tx_port.h **** 
 344:Middlewares/ST/threadx/ports/cortex_m4/gnu/inc/tx_port.h **** #elif defined(__ICCARM__)  /* IAR */
 345:Middlewares/ST/threadx/ports/cortex_m4/gnu/inc/tx_port.h **** #define TX_VFP_TOUCH()  __asm__ volatile ("VMOV.F32 s0, s0");
 346:Middlewares/ST/threadx/ports/cortex_m4/gnu/inc/tx_port.h **** #endif  /* Helper functions for different compilers */
 347:Middlewares/ST/threadx/ports/cortex_m4/gnu/inc/tx_port.h **** 
 348:Middlewares/ST/threadx/ports/cortex_m4/gnu/inc/tx_port.h **** #endif  /* TX_MISRA_ENABLE */
 349:Middlewares/ST/threadx/ports/cortex_m4/gnu/inc/tx_port.h **** 
 350:Middlewares/ST/threadx/ports/cortex_m4/gnu/inc/tx_port.h **** 
 351:Middlewares/ST/threadx/ports/cortex_m4/gnu/inc/tx_port.h **** /* A completed thread falls into _thread_shell_entry and we can simply deactivate the FPU via CONTR
 352:Middlewares/ST/threadx/ports/cortex_m4/gnu/inc/tx_port.h ****    in order to ensure no lazy stacking will occur. */
 353:Middlewares/ST/threadx/ports/cortex_m4/gnu/inc/tx_port.h **** 
 354:Middlewares/ST/threadx/ports/cortex_m4/gnu/inc/tx_port.h **** #ifndef TX_MISRA_ENABLE
 355:Middlewares/ST/threadx/ports/cortex_m4/gnu/inc/tx_port.h **** 
 356:Middlewares/ST/threadx/ports/cortex_m4/gnu/inc/tx_port.h **** #define TX_THREAD_COMPLETED_EXTENSION(thread_ptr)   {                                              
 357:Middlewares/ST/threadx/ports/cortex_m4/gnu/inc/tx_port.h ****                                                     ULONG  _tx_vfp_state;                          
 358:Middlewares/ST/threadx/ports/cortex_m4/gnu/inc/tx_port.h ****                                                         _tx_vfp_state =  __get_control_value();    
 359:Middlewares/ST/threadx/ports/cortex_m4/gnu/inc/tx_port.h ****                                                         _tx_vfp_state =  _tx_vfp_state & ~((ULONG) 
 360:Middlewares/ST/threadx/ports/cortex_m4/gnu/inc/tx_port.h ****                                                         __set_control_value(_tx_vfp_state);        
 361:Middlewares/ST/threadx/ports/cortex_m4/gnu/inc/tx_port.h ****                                                     }
 362:Middlewares/ST/threadx/ports/cortex_m4/gnu/inc/tx_port.h **** #else
 363:Middlewares/ST/threadx/ports/cortex_m4/gnu/inc/tx_port.h **** 
 364:Middlewares/ST/threadx/ports/cortex_m4/gnu/inc/tx_port.h **** #define TX_THREAD_COMPLETED_EXTENSION(thread_ptr)   {                                              
 365:Middlewares/ST/threadx/ports/cortex_m4/gnu/inc/tx_port.h ****                                                     ULONG  _tx_vfp_state;                          
 366:Middlewares/ST/threadx/ports/cortex_m4/gnu/inc/tx_port.h ****                                                         _tx_vfp_state =  _tx_misra_control_get();  
 367:Middlewares/ST/threadx/ports/cortex_m4/gnu/inc/tx_port.h ****                                                         _tx_vfp_state =  _tx_vfp_state & ~((ULONG) 
 368:Middlewares/ST/threadx/ports/cortex_m4/gnu/inc/tx_port.h ****                                                         _tx_misra_control_set(_tx_vfp_state);      
 369:Middlewares/ST/threadx/ports/cortex_m4/gnu/inc/tx_port.h ****                                                     }
 370:Middlewares/ST/threadx/ports/cortex_m4/gnu/inc/tx_port.h **** 
 371:Middlewares/ST/threadx/ports/cortex_m4/gnu/inc/tx_port.h **** #endif
 372:Middlewares/ST/threadx/ports/cortex_m4/gnu/inc/tx_port.h **** 
 373:Middlewares/ST/threadx/ports/cortex_m4/gnu/inc/tx_port.h **** /* A thread can be terminated by another thread, so we first check if it's self-terminating and not
 374:Middlewares/ST/threadx/ports/cortex_m4/gnu/inc/tx_port.h ****    If so, deactivate the FPU via CONTROL.FPCA. Otherwise we are in an interrupt or another thread i
 375:Middlewares/ST/threadx/ports/cortex_m4/gnu/inc/tx_port.h ****    this one, so if the FPCCR.LSPACT bit is set, we need to save the CONTROL.FPCA state, touch the F
 376:Middlewares/ST/threadx/ports/cortex_m4/gnu/inc/tx_port.h ****    the lazy FPU save, then restore the CONTROL.FPCA state. */
 377:Middlewares/ST/threadx/ports/cortex_m4/gnu/inc/tx_port.h **** 
 378:Middlewares/ST/threadx/ports/cortex_m4/gnu/inc/tx_port.h **** #ifndef TX_MISRA_ENABLE
 379:Middlewares/ST/threadx/ports/cortex_m4/gnu/inc/tx_port.h **** 
 380:Middlewares/ST/threadx/ports/cortex_m4/gnu/inc/tx_port.h **** #define TX_THREAD_TERMINATED_EXTENSION(thread_ptr)  {                                              
 381:Middlewares/ST/threadx/ports/cortex_m4/gnu/inc/tx_port.h ****                                                     ULONG  _tx_system_state;                       
 382:Middlewares/ST/threadx/ports/cortex_m4/gnu/inc/tx_port.h ****                                                         _tx_system_state =  TX_THREAD_GET_SYSTEM_ST
 383:Middlewares/ST/threadx/ports/cortex_m4/gnu/inc/tx_port.h ****                                                         if ((_tx_system_state == ((ULONG) 0)) && ((
 384:Middlewares/ST/threadx/ports/cortex_m4/gnu/inc/tx_port.h ****                                                         {                                          
 385:Middlewares/ST/threadx/ports/cortex_m4/gnu/inc/tx_port.h ****                                                         ULONG  _tx_vfp_state;                      
ARM GAS  C:\Users\HP\AppData\Local\Temp\ccqwzELg.s 			page 10


 386:Middlewares/ST/threadx/ports/cortex_m4/gnu/inc/tx_port.h ****                                                             _tx_vfp_state =  __get_control_value();
 387:Middlewares/ST/threadx/ports/cortex_m4/gnu/inc/tx_port.h ****                                                             _tx_vfp_state =  _tx_vfp_state & ~((ULO
 388:Middlewares/ST/threadx/ports/cortex_m4/gnu/inc/tx_port.h ****                                                             __set_control_value(_tx_vfp_state);    
 389:Middlewares/ST/threadx/ports/cortex_m4/gnu/inc/tx_port.h ****                                                         }                                          
 390:Middlewares/ST/threadx/ports/cortex_m4/gnu/inc/tx_port.h ****                                                         else                                       
 391:Middlewares/ST/threadx/ports/cortex_m4/gnu/inc/tx_port.h ****                                                         {                                          
 392:Middlewares/ST/threadx/ports/cortex_m4/gnu/inc/tx_port.h ****                                                         ULONG  _tx_fpccr;                          
 393:Middlewares/ST/threadx/ports/cortex_m4/gnu/inc/tx_port.h ****                                                             _tx_fpccr =  *((volatile ULONG *) 0xE00
 394:Middlewares/ST/threadx/ports/cortex_m4/gnu/inc/tx_port.h ****                                                             _tx_fpccr =  _tx_fpccr & ((ULONG) 0x01)
 395:Middlewares/ST/threadx/ports/cortex_m4/gnu/inc/tx_port.h ****                                                             if (_tx_fpccr == ((ULONG) 0x01))       
 396:Middlewares/ST/threadx/ports/cortex_m4/gnu/inc/tx_port.h ****                                                             {                                      
 397:Middlewares/ST/threadx/ports/cortex_m4/gnu/inc/tx_port.h ****                                                             ULONG _tx_vfp_state;                   
 398:Middlewares/ST/threadx/ports/cortex_m4/gnu/inc/tx_port.h ****                                                                 _tx_vfp_state = __get_control_value
 399:Middlewares/ST/threadx/ports/cortex_m4/gnu/inc/tx_port.h ****                                                                 _tx_vfp_state =  _tx_vfp_state & ((
 400:Middlewares/ST/threadx/ports/cortex_m4/gnu/inc/tx_port.h ****                                                                 TX_VFP_TOUCH();                    
 401:Middlewares/ST/threadx/ports/cortex_m4/gnu/inc/tx_port.h ****                                                                 if (_tx_vfp_state == ((ULONG) 0))  
 402:Middlewares/ST/threadx/ports/cortex_m4/gnu/inc/tx_port.h ****                                                                 {                                  
 403:Middlewares/ST/threadx/ports/cortex_m4/gnu/inc/tx_port.h ****                                                                     _tx_vfp_state =  __get_control_
 404:Middlewares/ST/threadx/ports/cortex_m4/gnu/inc/tx_port.h ****                                                                     _tx_vfp_state =  _tx_vfp_state 
 405:Middlewares/ST/threadx/ports/cortex_m4/gnu/inc/tx_port.h ****                                                                     __set_control_value(_tx_vfp_sta
 406:Middlewares/ST/threadx/ports/cortex_m4/gnu/inc/tx_port.h ****                                                                 }                                  
 407:Middlewares/ST/threadx/ports/cortex_m4/gnu/inc/tx_port.h ****                                                             }                                      
 408:Middlewares/ST/threadx/ports/cortex_m4/gnu/inc/tx_port.h ****                                                         }                                          
 409:Middlewares/ST/threadx/ports/cortex_m4/gnu/inc/tx_port.h ****                                                     }
 410:Middlewares/ST/threadx/ports/cortex_m4/gnu/inc/tx_port.h **** #else
 411:Middlewares/ST/threadx/ports/cortex_m4/gnu/inc/tx_port.h **** 
 412:Middlewares/ST/threadx/ports/cortex_m4/gnu/inc/tx_port.h **** #define TX_THREAD_TERMINATED_EXTENSION(thread_ptr)  {                                              
 413:Middlewares/ST/threadx/ports/cortex_m4/gnu/inc/tx_port.h ****                                                     ULONG  _tx_system_state;                       
 414:Middlewares/ST/threadx/ports/cortex_m4/gnu/inc/tx_port.h ****                                                         _tx_system_state =  TX_THREAD_GET_SYSTEM_ST
 415:Middlewares/ST/threadx/ports/cortex_m4/gnu/inc/tx_port.h ****                                                         if ((_tx_system_state == ((ULONG) 0)) && ((
 416:Middlewares/ST/threadx/ports/cortex_m4/gnu/inc/tx_port.h ****                                                         {                                          
 417:Middlewares/ST/threadx/ports/cortex_m4/gnu/inc/tx_port.h ****                                                         ULONG  _tx_vfp_state;                      
 418:Middlewares/ST/threadx/ports/cortex_m4/gnu/inc/tx_port.h ****                                                             _tx_vfp_state =  _tx_misra_control_get(
 419:Middlewares/ST/threadx/ports/cortex_m4/gnu/inc/tx_port.h ****                                                             _tx_vfp_state =  _tx_vfp_state & ~((ULO
 420:Middlewares/ST/threadx/ports/cortex_m4/gnu/inc/tx_port.h ****                                                             _tx_misra_control_set(_tx_vfp_state);  
 421:Middlewares/ST/threadx/ports/cortex_m4/gnu/inc/tx_port.h ****                                                         }                                          
 422:Middlewares/ST/threadx/ports/cortex_m4/gnu/inc/tx_port.h ****                                                         else                                       
 423:Middlewares/ST/threadx/ports/cortex_m4/gnu/inc/tx_port.h ****                                                         {                                          
 424:Middlewares/ST/threadx/ports/cortex_m4/gnu/inc/tx_port.h ****                                                         ULONG  _tx_fpccr;                          
 425:Middlewares/ST/threadx/ports/cortex_m4/gnu/inc/tx_port.h ****                                                             _tx_fpccr =  _tx_misra_fpccr_get();    
 426:Middlewares/ST/threadx/ports/cortex_m4/gnu/inc/tx_port.h ****                                                             _tx_fpccr =  _tx_fpccr & ((ULONG) 0x01)
 427:Middlewares/ST/threadx/ports/cortex_m4/gnu/inc/tx_port.h ****                                                             if (_tx_fpccr == ((ULONG) 0x01))       
 428:Middlewares/ST/threadx/ports/cortex_m4/gnu/inc/tx_port.h ****                                                             {                                      
 429:Middlewares/ST/threadx/ports/cortex_m4/gnu/inc/tx_port.h ****                                                             ULONG _tx_vfp_state;                   
 430:Middlewares/ST/threadx/ports/cortex_m4/gnu/inc/tx_port.h ****                                                                 _tx_vfp_state = _tx_misra_control_g
 431:Middlewares/ST/threadx/ports/cortex_m4/gnu/inc/tx_port.h ****                                                                 _tx_vfp_state =  _tx_vfp_state & ((
 432:Middlewares/ST/threadx/ports/cortex_m4/gnu/inc/tx_port.h ****                                                                 _tx_misra_vfp_touch();             
 433:Middlewares/ST/threadx/ports/cortex_m4/gnu/inc/tx_port.h ****                                                                 if (_tx_vfp_state == ((ULONG) 0))  
 434:Middlewares/ST/threadx/ports/cortex_m4/gnu/inc/tx_port.h ****                                                                 {                                  
 435:Middlewares/ST/threadx/ports/cortex_m4/gnu/inc/tx_port.h ****                                                                     _tx_vfp_state =  _tx_misra_cont
 436:Middlewares/ST/threadx/ports/cortex_m4/gnu/inc/tx_port.h ****                                                                     _tx_vfp_state =  _tx_vfp_state 
 437:Middlewares/ST/threadx/ports/cortex_m4/gnu/inc/tx_port.h ****                                                                     _tx_misra_control_set(_tx_vfp_s
 438:Middlewares/ST/threadx/ports/cortex_m4/gnu/inc/tx_port.h ****                                                                 }                                  
 439:Middlewares/ST/threadx/ports/cortex_m4/gnu/inc/tx_port.h ****                                                             }                                      
 440:Middlewares/ST/threadx/ports/cortex_m4/gnu/inc/tx_port.h ****                                                         }                                          
 441:Middlewares/ST/threadx/ports/cortex_m4/gnu/inc/tx_port.h ****                                                     }
 442:Middlewares/ST/threadx/ports/cortex_m4/gnu/inc/tx_port.h **** #endif
ARM GAS  C:\Users\HP\AppData\Local\Temp\ccqwzELg.s 			page 11


 443:Middlewares/ST/threadx/ports/cortex_m4/gnu/inc/tx_port.h **** 
 444:Middlewares/ST/threadx/ports/cortex_m4/gnu/inc/tx_port.h **** #else   /* No VFP in use */
 445:Middlewares/ST/threadx/ports/cortex_m4/gnu/inc/tx_port.h **** 
 446:Middlewares/ST/threadx/ports/cortex_m4/gnu/inc/tx_port.h **** #define TX_THREAD_COMPLETED_EXTENSION(thread_ptr)
 447:Middlewares/ST/threadx/ports/cortex_m4/gnu/inc/tx_port.h **** #define TX_THREAD_TERMINATED_EXTENSION(thread_ptr)
 448:Middlewares/ST/threadx/ports/cortex_m4/gnu/inc/tx_port.h **** 
 449:Middlewares/ST/threadx/ports/cortex_m4/gnu/inc/tx_port.h **** #endif  /* defined(__ARMVFP__) || defined(__ARM_PCS_VFP) || defined(__ARM_FP) || defined(__TARGET_F
 450:Middlewares/ST/threadx/ports/cortex_m4/gnu/inc/tx_port.h **** 
 451:Middlewares/ST/threadx/ports/cortex_m4/gnu/inc/tx_port.h **** 
 452:Middlewares/ST/threadx/ports/cortex_m4/gnu/inc/tx_port.h **** /* Define the ThreadX object creation extensions for the remaining objects.  */
 453:Middlewares/ST/threadx/ports/cortex_m4/gnu/inc/tx_port.h **** 
 454:Middlewares/ST/threadx/ports/cortex_m4/gnu/inc/tx_port.h **** #define TX_BLOCK_POOL_CREATE_EXTENSION(pool_ptr)
 455:Middlewares/ST/threadx/ports/cortex_m4/gnu/inc/tx_port.h **** #define TX_BYTE_POOL_CREATE_EXTENSION(pool_ptr)
 456:Middlewares/ST/threadx/ports/cortex_m4/gnu/inc/tx_port.h **** #define TX_EVENT_FLAGS_GROUP_CREATE_EXTENSION(group_ptr)
 457:Middlewares/ST/threadx/ports/cortex_m4/gnu/inc/tx_port.h **** #define TX_MUTEX_CREATE_EXTENSION(mutex_ptr)
 458:Middlewares/ST/threadx/ports/cortex_m4/gnu/inc/tx_port.h **** #define TX_QUEUE_CREATE_EXTENSION(queue_ptr)
 459:Middlewares/ST/threadx/ports/cortex_m4/gnu/inc/tx_port.h **** #define TX_SEMAPHORE_CREATE_EXTENSION(semaphore_ptr)
 460:Middlewares/ST/threadx/ports/cortex_m4/gnu/inc/tx_port.h **** #define TX_TIMER_CREATE_EXTENSION(timer_ptr)
 461:Middlewares/ST/threadx/ports/cortex_m4/gnu/inc/tx_port.h **** 
 462:Middlewares/ST/threadx/ports/cortex_m4/gnu/inc/tx_port.h **** 
 463:Middlewares/ST/threadx/ports/cortex_m4/gnu/inc/tx_port.h **** /* Define the ThreadX object deletion extensions for the remaining objects.  */
 464:Middlewares/ST/threadx/ports/cortex_m4/gnu/inc/tx_port.h **** 
 465:Middlewares/ST/threadx/ports/cortex_m4/gnu/inc/tx_port.h **** #define TX_BLOCK_POOL_DELETE_EXTENSION(pool_ptr)
 466:Middlewares/ST/threadx/ports/cortex_m4/gnu/inc/tx_port.h **** #define TX_BYTE_POOL_DELETE_EXTENSION(pool_ptr)
 467:Middlewares/ST/threadx/ports/cortex_m4/gnu/inc/tx_port.h **** #define TX_EVENT_FLAGS_GROUP_DELETE_EXTENSION(group_ptr)
 468:Middlewares/ST/threadx/ports/cortex_m4/gnu/inc/tx_port.h **** #define TX_MUTEX_DELETE_EXTENSION(mutex_ptr)
 469:Middlewares/ST/threadx/ports/cortex_m4/gnu/inc/tx_port.h **** #define TX_QUEUE_DELETE_EXTENSION(queue_ptr)
 470:Middlewares/ST/threadx/ports/cortex_m4/gnu/inc/tx_port.h **** #define TX_SEMAPHORE_DELETE_EXTENSION(semaphore_ptr)
 471:Middlewares/ST/threadx/ports/cortex_m4/gnu/inc/tx_port.h **** #define TX_TIMER_DELETE_EXTENSION(timer_ptr)
 472:Middlewares/ST/threadx/ports/cortex_m4/gnu/inc/tx_port.h **** 
 473:Middlewares/ST/threadx/ports/cortex_m4/gnu/inc/tx_port.h **** 
 474:Middlewares/ST/threadx/ports/cortex_m4/gnu/inc/tx_port.h **** /* Define the get system state macro.  */
 475:Middlewares/ST/threadx/ports/cortex_m4/gnu/inc/tx_port.h **** 
 476:Middlewares/ST/threadx/ports/cortex_m4/gnu/inc/tx_port.h **** #ifndef TX_THREAD_GET_SYSTEM_STATE
 477:Middlewares/ST/threadx/ports/cortex_m4/gnu/inc/tx_port.h **** #ifndef TX_MISRA_ENABLE
 478:Middlewares/ST/threadx/ports/cortex_m4/gnu/inc/tx_port.h **** 
 479:Middlewares/ST/threadx/ports/cortex_m4/gnu/inc/tx_port.h **** #ifdef __CC_ARM /* ARM Compiler 5 */
 480:Middlewares/ST/threadx/ports/cortex_m4/gnu/inc/tx_port.h **** 
 481:Middlewares/ST/threadx/ports/cortex_m4/gnu/inc/tx_port.h **** register unsigned int _ipsr __asm("ipsr");
 482:Middlewares/ST/threadx/ports/cortex_m4/gnu/inc/tx_port.h **** #define TX_THREAD_GET_SYSTEM_STATE()        (_tx_thread_system_state | _ipsr)
 483:Middlewares/ST/threadx/ports/cortex_m4/gnu/inc/tx_port.h **** 
 484:Middlewares/ST/threadx/ports/cortex_m4/gnu/inc/tx_port.h **** #elif defined(__GNUC__) /* GCC and ARM Compiler 6 */
 485:Middlewares/ST/threadx/ports/cortex_m4/gnu/inc/tx_port.h **** 
 486:Middlewares/ST/threadx/ports/cortex_m4/gnu/inc/tx_port.h **** __attribute__( ( always_inline ) ) static inline unsigned int __get_ipsr_value(void)
 487:Middlewares/ST/threadx/ports/cortex_m4/gnu/inc/tx_port.h **** {
 488:Middlewares/ST/threadx/ports/cortex_m4/gnu/inc/tx_port.h **** unsigned int  ipsr_value;
 489:Middlewares/ST/threadx/ports/cortex_m4/gnu/inc/tx_port.h ****     __asm__ volatile (" MRS  %0,IPSR ": "=r" (ipsr_value) );
 490:Middlewares/ST/threadx/ports/cortex_m4/gnu/inc/tx_port.h ****     return(ipsr_value);
 491:Middlewares/ST/threadx/ports/cortex_m4/gnu/inc/tx_port.h **** }
 492:Middlewares/ST/threadx/ports/cortex_m4/gnu/inc/tx_port.h **** 
 493:Middlewares/ST/threadx/ports/cortex_m4/gnu/inc/tx_port.h **** #define TX_THREAD_GET_SYSTEM_STATE()        (_tx_thread_system_state | __get_ipsr_value())
 494:Middlewares/ST/threadx/ports/cortex_m4/gnu/inc/tx_port.h **** 
 495:Middlewares/ST/threadx/ports/cortex_m4/gnu/inc/tx_port.h **** #elif defined(__ICCARM__)   /* IAR */
 496:Middlewares/ST/threadx/ports/cortex_m4/gnu/inc/tx_port.h **** 
 497:Middlewares/ST/threadx/ports/cortex_m4/gnu/inc/tx_port.h **** #define TX_THREAD_GET_SYSTEM_STATE()        (_tx_thread_system_state | __get_IPSR())
 498:Middlewares/ST/threadx/ports/cortex_m4/gnu/inc/tx_port.h **** 
 499:Middlewares/ST/threadx/ports/cortex_m4/gnu/inc/tx_port.h **** #endif  /* TX_THREAD_GET_SYSTEM_STATE for different compilers */
ARM GAS  C:\Users\HP\AppData\Local\Temp\ccqwzELg.s 			page 12


 500:Middlewares/ST/threadx/ports/cortex_m4/gnu/inc/tx_port.h **** 
 501:Middlewares/ST/threadx/ports/cortex_m4/gnu/inc/tx_port.h **** #else   /* TX_MISRA_ENABLE is defined, use MISRA function. */
 502:Middlewares/ST/threadx/ports/cortex_m4/gnu/inc/tx_port.h **** ULONG   _tx_misra_ipsr_get(VOID);
 503:Middlewares/ST/threadx/ports/cortex_m4/gnu/inc/tx_port.h **** #define TX_THREAD_GET_SYSTEM_STATE()        (_tx_thread_system_state | _tx_misra_ipsr_get())
 504:Middlewares/ST/threadx/ports/cortex_m4/gnu/inc/tx_port.h **** #endif  /* TX_MISRA_ENABLE */
 505:Middlewares/ST/threadx/ports/cortex_m4/gnu/inc/tx_port.h **** #endif  /* TX_THREAD_GET_SYSTEM_STATE */
 506:Middlewares/ST/threadx/ports/cortex_m4/gnu/inc/tx_port.h **** 
 507:Middlewares/ST/threadx/ports/cortex_m4/gnu/inc/tx_port.h **** 
 508:Middlewares/ST/threadx/ports/cortex_m4/gnu/inc/tx_port.h **** /* Define the check for whether or not to call the _tx_thread_system_return function.  A non-zero v
 509:Middlewares/ST/threadx/ports/cortex_m4/gnu/inc/tx_port.h ****    indicates that _tx_thread_system_return should not be called. This overrides the definition in t
 510:Middlewares/ST/threadx/ports/cortex_m4/gnu/inc/tx_port.h ****    for Cortex-M since so we don't waste time checking the _tx_thread_system_state variable that is 
 511:Middlewares/ST/threadx/ports/cortex_m4/gnu/inc/tx_port.h ****    zero after initialization for Cortex-M ports. */
 512:Middlewares/ST/threadx/ports/cortex_m4/gnu/inc/tx_port.h **** 
 513:Middlewares/ST/threadx/ports/cortex_m4/gnu/inc/tx_port.h **** #ifndef TX_THREAD_SYSTEM_RETURN_CHECK
 514:Middlewares/ST/threadx/ports/cortex_m4/gnu/inc/tx_port.h **** #define TX_THREAD_SYSTEM_RETURN_CHECK(c)    (c) = ((ULONG) _tx_thread_preempt_disable);
 515:Middlewares/ST/threadx/ports/cortex_m4/gnu/inc/tx_port.h **** #endif
 516:Middlewares/ST/threadx/ports/cortex_m4/gnu/inc/tx_port.h **** 
 517:Middlewares/ST/threadx/ports/cortex_m4/gnu/inc/tx_port.h **** /* Define the macro to ensure _tx_thread_preempt_disable is set early in initialization in order to
 518:Middlewares/ST/threadx/ports/cortex_m4/gnu/inc/tx_port.h ****    prevent early scheduling on Cortex-M parts.  */
 519:Middlewares/ST/threadx/ports/cortex_m4/gnu/inc/tx_port.h **** 
 520:Middlewares/ST/threadx/ports/cortex_m4/gnu/inc/tx_port.h **** #define TX_PORT_SPECIFIC_POST_INITIALIZATION    _tx_thread_preempt_disable++;
 521:Middlewares/ST/threadx/ports/cortex_m4/gnu/inc/tx_port.h **** 
 522:Middlewares/ST/threadx/ports/cortex_m4/gnu/inc/tx_port.h **** 
 523:Middlewares/ST/threadx/ports/cortex_m4/gnu/inc/tx_port.h **** 
 524:Middlewares/ST/threadx/ports/cortex_m4/gnu/inc/tx_port.h **** 
 525:Middlewares/ST/threadx/ports/cortex_m4/gnu/inc/tx_port.h **** #ifndef TX_DISABLE_INLINE
 526:Middlewares/ST/threadx/ports/cortex_m4/gnu/inc/tx_port.h **** 
 527:Middlewares/ST/threadx/ports/cortex_m4/gnu/inc/tx_port.h **** /* Define the TX_LOWEST_SET_BIT_CALCULATE macro for each compiler. */
 528:Middlewares/ST/threadx/ports/cortex_m4/gnu/inc/tx_port.h **** #ifdef __ICCARM__       /* IAR Compiler */
 529:Middlewares/ST/threadx/ports/cortex_m4/gnu/inc/tx_port.h **** #define TX_LOWEST_SET_BIT_CALCULATE(m, b)       (b) = (UINT) __CLZ(__RBIT((m)));
 530:Middlewares/ST/threadx/ports/cortex_m4/gnu/inc/tx_port.h **** #elif defined(__CC_ARM) /* AC5 Compiler */
 531:Middlewares/ST/threadx/ports/cortex_m4/gnu/inc/tx_port.h **** #define TX_LOWEST_SET_BIT_CALCULATE(m, b)       (b) = (UINT) __clz(__rbit((m)));
 532:Middlewares/ST/threadx/ports/cortex_m4/gnu/inc/tx_port.h **** #elif defined(__GNUC__) /* GCC and AC6 Compiler */
 533:Middlewares/ST/threadx/ports/cortex_m4/gnu/inc/tx_port.h **** #define TX_LOWEST_SET_BIT_CALCULATE(m, b)       __asm__ volatile (" RBIT %0,%1 ": "=r" (m) : "r" (m
 534:Middlewares/ST/threadx/ports/cortex_m4/gnu/inc/tx_port.h ****                                                 __asm__ volatile (" CLZ  %0,%1 ": "=r" (b) : "r" (m
 535:Middlewares/ST/threadx/ports/cortex_m4/gnu/inc/tx_port.h **** #endif
 536:Middlewares/ST/threadx/ports/cortex_m4/gnu/inc/tx_port.h **** 
 537:Middlewares/ST/threadx/ports/cortex_m4/gnu/inc/tx_port.h **** 
 538:Middlewares/ST/threadx/ports/cortex_m4/gnu/inc/tx_port.h **** 
 539:Middlewares/ST/threadx/ports/cortex_m4/gnu/inc/tx_port.h **** /* Define the interrupt disable/restore macros for each compiler. */
 540:Middlewares/ST/threadx/ports/cortex_m4/gnu/inc/tx_port.h **** 
 541:Middlewares/ST/threadx/ports/cortex_m4/gnu/inc/tx_port.h **** #if defined(__GNUC__) || defined(__ICCARM__)
 542:Middlewares/ST/threadx/ports/cortex_m4/gnu/inc/tx_port.h **** 
 543:Middlewares/ST/threadx/ports/cortex_m4/gnu/inc/tx_port.h **** /*** GCC/AC6 and IAR ***/
 544:Middlewares/ST/threadx/ports/cortex_m4/gnu/inc/tx_port.h **** 
 545:Middlewares/ST/threadx/ports/cortex_m4/gnu/inc/tx_port.h **** __attribute__( ( always_inline ) ) static inline unsigned int __get_interrupt_posture(void)
 546:Middlewares/ST/threadx/ports/cortex_m4/gnu/inc/tx_port.h **** {
 547:Middlewares/ST/threadx/ports/cortex_m4/gnu/inc/tx_port.h **** unsigned int posture;
 548:Middlewares/ST/threadx/ports/cortex_m4/gnu/inc/tx_port.h **** #ifdef TX_PORT_USE_BASEPRI
 549:Middlewares/ST/threadx/ports/cortex_m4/gnu/inc/tx_port.h ****     __asm__ volatile ("MRS  %0, BASEPRI ": "=r" (posture));
 550:Middlewares/ST/threadx/ports/cortex_m4/gnu/inc/tx_port.h **** #else
 551:Middlewares/ST/threadx/ports/cortex_m4/gnu/inc/tx_port.h ****     __asm__ volatile ("MRS  %0, PRIMASK ": "=r" (posture));
 552:Middlewares/ST/threadx/ports/cortex_m4/gnu/inc/tx_port.h **** #endif
 553:Middlewares/ST/threadx/ports/cortex_m4/gnu/inc/tx_port.h ****     return(posture);
 554:Middlewares/ST/threadx/ports/cortex_m4/gnu/inc/tx_port.h **** }
 555:Middlewares/ST/threadx/ports/cortex_m4/gnu/inc/tx_port.h **** 
 556:Middlewares/ST/threadx/ports/cortex_m4/gnu/inc/tx_port.h **** #ifdef TX_PORT_USE_BASEPRI
ARM GAS  C:\Users\HP\AppData\Local\Temp\ccqwzELg.s 			page 13


 557:Middlewares/ST/threadx/ports/cortex_m4/gnu/inc/tx_port.h **** __attribute__( ( always_inline ) ) static inline void __set_basepri_value(unsigned int basepri_valu
 558:Middlewares/ST/threadx/ports/cortex_m4/gnu/inc/tx_port.h **** {
 559:Middlewares/ST/threadx/ports/cortex_m4/gnu/inc/tx_port.h ****     __asm__ volatile ("MSR  BASEPRI,%0 ": : "r" (basepri_value));
 560:Middlewares/ST/threadx/ports/cortex_m4/gnu/inc/tx_port.h **** }
 561:Middlewares/ST/threadx/ports/cortex_m4/gnu/inc/tx_port.h **** #else
 562:Middlewares/ST/threadx/ports/cortex_m4/gnu/inc/tx_port.h **** __attribute__( ( always_inline ) ) static inline void __enable_interrupts(void)
 563:Middlewares/ST/threadx/ports/cortex_m4/gnu/inc/tx_port.h **** {
 564:Middlewares/ST/threadx/ports/cortex_m4/gnu/inc/tx_port.h ****     __asm__ volatile ("CPSIE  i": : : "memory");
 565:Middlewares/ST/threadx/ports/cortex_m4/gnu/inc/tx_port.h **** }
 566:Middlewares/ST/threadx/ports/cortex_m4/gnu/inc/tx_port.h **** #endif
 567:Middlewares/ST/threadx/ports/cortex_m4/gnu/inc/tx_port.h **** 
 568:Middlewares/ST/threadx/ports/cortex_m4/gnu/inc/tx_port.h **** __attribute__( ( always_inline ) ) static inline void __restore_interrupt(unsigned int int_posture)
 569:Middlewares/ST/threadx/ports/cortex_m4/gnu/inc/tx_port.h **** {
 570:Middlewares/ST/threadx/ports/cortex_m4/gnu/inc/tx_port.h **** #ifdef TX_PORT_USE_BASEPRI
 571:Middlewares/ST/threadx/ports/cortex_m4/gnu/inc/tx_port.h ****     __set_basepri_value(int_posture);
 572:Middlewares/ST/threadx/ports/cortex_m4/gnu/inc/tx_port.h ****     //__asm__ volatile ("MSR  BASEPRI,%0": : "r" (int_posture): "memory");
 573:Middlewares/ST/threadx/ports/cortex_m4/gnu/inc/tx_port.h **** #else
 574:Middlewares/ST/threadx/ports/cortex_m4/gnu/inc/tx_port.h ****     __asm__ volatile ("MSR  PRIMASK,%0": : "r" (int_posture): "memory");
 575:Middlewares/ST/threadx/ports/cortex_m4/gnu/inc/tx_port.h **** #endif
 576:Middlewares/ST/threadx/ports/cortex_m4/gnu/inc/tx_port.h **** }
 577:Middlewares/ST/threadx/ports/cortex_m4/gnu/inc/tx_port.h **** 
 578:Middlewares/ST/threadx/ports/cortex_m4/gnu/inc/tx_port.h **** __attribute__( ( always_inline ) ) static inline unsigned int __disable_interrupts(void)
  42              		.loc 2 578 63 view .LVU6
  43              	.LBB17:
 579:Middlewares/ST/threadx/ports/cortex_m4/gnu/inc/tx_port.h **** {
 580:Middlewares/ST/threadx/ports/cortex_m4/gnu/inc/tx_port.h **** unsigned int int_posture;
  44              		.loc 2 580 1 view .LVU7
 581:Middlewares/ST/threadx/ports/cortex_m4/gnu/inc/tx_port.h **** 
 582:Middlewares/ST/threadx/ports/cortex_m4/gnu/inc/tx_port.h ****     int_posture = __get_interrupt_posture();
  45              		.loc 2 582 5 view .LVU8
  46              	.LBB18:
  47              	.LBI18:
 545:Middlewares/ST/threadx/ports/cortex_m4/gnu/inc/tx_port.h **** {
  48              		.loc 2 545 63 view .LVU9
  49              	.LBB19:
 547:Middlewares/ST/threadx/ports/cortex_m4/gnu/inc/tx_port.h **** #ifdef TX_PORT_USE_BASEPRI
  50              		.loc 2 547 1 view .LVU10
 551:Middlewares/ST/threadx/ports/cortex_m4/gnu/inc/tx_port.h **** #endif
  51              		.loc 2 551 5 view .LVU11
  52              		.syntax unified
  53              	@ 551 "Middlewares/ST/threadx/ports/cortex_m4/gnu/inc/tx_port.h" 1
  54 0000 EFF31083 		MRS  r3, PRIMASK 
  55              	@ 0 "" 2
  56              	.LVL1:
 553:Middlewares/ST/threadx/ports/cortex_m4/gnu/inc/tx_port.h **** }
  57              		.loc 2 553 5 view .LVU12
 553:Middlewares/ST/threadx/ports/cortex_m4/gnu/inc/tx_port.h **** }
  58              		.loc 2 553 5 is_stmt 0 view .LVU13
  59              		.thumb
  60              		.syntax unified
  61              	.LBE19:
  62              	.LBE18:
 583:Middlewares/ST/threadx/ports/cortex_m4/gnu/inc/tx_port.h **** 
 584:Middlewares/ST/threadx/ports/cortex_m4/gnu/inc/tx_port.h **** #ifdef TX_PORT_USE_BASEPRI
 585:Middlewares/ST/threadx/ports/cortex_m4/gnu/inc/tx_port.h ****     __set_basepri_value(TX_PORT_BASEPRI);
 586:Middlewares/ST/threadx/ports/cortex_m4/gnu/inc/tx_port.h **** #else
 587:Middlewares/ST/threadx/ports/cortex_m4/gnu/inc/tx_port.h ****     __asm__ volatile ("CPSID i" : : : "memory");
ARM GAS  C:\Users\HP\AppData\Local\Temp\ccqwzELg.s 			page 14


  63              		.loc 2 587 5 is_stmt 1 view .LVU14
  64              		.syntax unified
  65              	@ 587 "Middlewares/ST/threadx/ports/cortex_m4/gnu/inc/tx_port.h" 1
  66 0004 72B6     		CPSID i
  67              	@ 0 "" 2
 588:Middlewares/ST/threadx/ports/cortex_m4/gnu/inc/tx_port.h **** #endif
 589:Middlewares/ST/threadx/ports/cortex_m4/gnu/inc/tx_port.h ****     return(int_posture);
  68              		.loc 2 589 5 view .LVU15
  69              	.LVL2:
  70              		.loc 2 589 5 is_stmt 0 view .LVU16
  71              		.thumb
  72              		.syntax unified
  73              	.LBE17:
  74              	.LBE16:
  89:Middlewares/ST/threadx/common/src/tx_thread_reset.c **** 
  90:Middlewares/ST/threadx/common/src/tx_thread_reset.c ****     /* Pickup thread pointer.  */
  91:Middlewares/ST/threadx/common/src/tx_thread_reset.c ****     TX_THREAD_GET_CURRENT(current_thread)
  75              		.loc 1 91 5 is_stmt 1 view .LVU17
  76 0006 134A     		ldr	r2, .L10
  77 0008 1268     		ldr	r2, [r2]
  78              	.LVL3:
  92:Middlewares/ST/threadx/common/src/tx_thread_reset.c **** 
  93:Middlewares/ST/threadx/common/src/tx_thread_reset.c ****     /* Check for a call from the current thread, which is not allowed!  */
  94:Middlewares/ST/threadx/common/src/tx_thread_reset.c ****     if (current_thread == thread_ptr)
  79              		.loc 1 94 5 view .LVU18
  80              		.loc 1 94 8 is_stmt 0 view .LVU19
  81 000a 8242     		cmp	r2, r0
  82 000c 1ED0     		beq	.L4
  76:Middlewares/ST/threadx/common/src/tx_thread_reset.c **** 
  83              		.loc 1 76 1 view .LVU20
  84 000e 10B5     		push	{r4, lr}
  85              	.LCFI0:
  86              		.cfi_def_cfa_offset 8
  87              		.cfi_offset 4, -8
  88              		.cfi_offset 14, -4
  89 0010 0446     		mov	r4, r0
  95:Middlewares/ST/threadx/common/src/tx_thread_reset.c ****     {
  96:Middlewares/ST/threadx/common/src/tx_thread_reset.c **** 
  97:Middlewares/ST/threadx/common/src/tx_thread_reset.c ****         /* Thread not completed or terminated - return an error!  */
  98:Middlewares/ST/threadx/common/src/tx_thread_reset.c ****         status =  TX_NOT_DONE;
  99:Middlewares/ST/threadx/common/src/tx_thread_reset.c ****     }
 100:Middlewares/ST/threadx/common/src/tx_thread_reset.c ****     else
 101:Middlewares/ST/threadx/common/src/tx_thread_reset.c ****     {
 102:Middlewares/ST/threadx/common/src/tx_thread_reset.c **** 
 103:Middlewares/ST/threadx/common/src/tx_thread_reset.c ****         /* Check for proper status of this thread to reset.  */
 104:Middlewares/ST/threadx/common/src/tx_thread_reset.c ****         if (thread_ptr -> tx_thread_state != TX_COMPLETED)
  90              		.loc 1 104 9 is_stmt 1 view .LVU21
  91              		.loc 1 104 24 is_stmt 0 view .LVU22
  92 0012 026B     		ldr	r2, [r0, #48]
  93              	.LVL4:
  94              		.loc 1 104 12 view .LVU23
  95 0014 012A     		cmp	r2, #1
  96 0016 03D0     		beq	.L3
 105:Middlewares/ST/threadx/common/src/tx_thread_reset.c ****         {
 106:Middlewares/ST/threadx/common/src/tx_thread_reset.c **** 
 107:Middlewares/ST/threadx/common/src/tx_thread_reset.c ****             /* Now check for terminated state.  */
 108:Middlewares/ST/threadx/common/src/tx_thread_reset.c ****             if (thread_ptr -> tx_thread_state != TX_TERMINATED)
ARM GAS  C:\Users\HP\AppData\Local\Temp\ccqwzELg.s 			page 15


  97              		.loc 1 108 13 is_stmt 1 view .LVU24
  98              		.loc 1 108 16 is_stmt 0 view .LVU25
  99 0018 022A     		cmp	r2, #2
 100 001a 01D0     		beq	.L3
 109:Middlewares/ST/threadx/common/src/tx_thread_reset.c ****             {
 110:Middlewares/ST/threadx/common/src/tx_thread_reset.c **** 
 111:Middlewares/ST/threadx/common/src/tx_thread_reset.c ****                 /* Thread not completed or terminated - return an error!  */
 112:Middlewares/ST/threadx/common/src/tx_thread_reset.c ****                 status =  TX_NOT_DONE;
 101              		.loc 1 112 24 view .LVU26
 102 001c 2020     		movs	r0, #32
 103              	.LVL5:
 104              		.loc 1 112 24 view .LVU27
 105 001e 12E0     		b	.L2
 106              	.LVL6:
 107              	.L3:
 113:Middlewares/ST/threadx/common/src/tx_thread_reset.c ****             }
 114:Middlewares/ST/threadx/common/src/tx_thread_reset.c ****         }
 115:Middlewares/ST/threadx/common/src/tx_thread_reset.c ****     }
 116:Middlewares/ST/threadx/common/src/tx_thread_reset.c **** 
 117:Middlewares/ST/threadx/common/src/tx_thread_reset.c ****     /* Is the request valid?  */
 118:Middlewares/ST/threadx/common/src/tx_thread_reset.c ****     if (status == TX_SUCCESS)
 119:Middlewares/ST/threadx/common/src/tx_thread_reset.c ****     {
 120:Middlewares/ST/threadx/common/src/tx_thread_reset.c **** 
 121:Middlewares/ST/threadx/common/src/tx_thread_reset.c ****         /* Modify the thread status to prevent additional reset calls.  */
 122:Middlewares/ST/threadx/common/src/tx_thread_reset.c ****         thread_ptr -> tx_thread_state =  TX_NOT_DONE;
 108              		.loc 1 122 9 is_stmt 1 view .LVU28
 109              		.loc 1 122 39 is_stmt 0 view .LVU29
 110 0020 2022     		movs	r2, #32
 111 0022 2263     		str	r2, [r4, #48]
 123:Middlewares/ST/threadx/common/src/tx_thread_reset.c **** 
 124:Middlewares/ST/threadx/common/src/tx_thread_reset.c ****         /* Execute Port-Specific completion processing. If needed, it is typically defined in tx_po
 125:Middlewares/ST/threadx/common/src/tx_thread_reset.c ****         TX_THREAD_RESET_PORT_COMPLETION(thread_ptr)
 126:Middlewares/ST/threadx/common/src/tx_thread_reset.c **** 
 127:Middlewares/ST/threadx/common/src/tx_thread_reset.c ****         /* Restore interrupts.  */
 128:Middlewares/ST/threadx/common/src/tx_thread_reset.c ****         TX_RESTORE
 112              		.loc 1 128 9 is_stmt 1 view .LVU30
 113              	.LVL7:
 114              	.LBB20:
 115              	.LBI20:
 568:Middlewares/ST/threadx/ports/cortex_m4/gnu/inc/tx_port.h **** {
 116              		.loc 2 568 55 view .LVU31
 117              	.LBB21:
 574:Middlewares/ST/threadx/ports/cortex_m4/gnu/inc/tx_port.h **** #endif
 118              		.loc 2 574 5 view .LVU32
 119              		.syntax unified
 120              	@ 574 "Middlewares/ST/threadx/ports/cortex_m4/gnu/inc/tx_port.h" 1
 121 0024 83F31088 		MSR  PRIMASK,r3
 122              	@ 0 "" 2
 123              	.LVL8:
 574:Middlewares/ST/threadx/ports/cortex_m4/gnu/inc/tx_port.h **** #endif
 124              		.loc 2 574 5 is_stmt 0 view .LVU33
 125              		.thumb
 126              		.syntax unified
 127              	.LBE21:
 128              	.LBE20:
 129:Middlewares/ST/threadx/common/src/tx_thread_reset.c **** 
 130:Middlewares/ST/threadx/common/src/tx_thread_reset.c **** #ifndef TX_DISABLE_STACK_FILLING
ARM GAS  C:\Users\HP\AppData\Local\Temp\ccqwzELg.s 			page 16


 131:Middlewares/ST/threadx/common/src/tx_thread_reset.c **** 
 132:Middlewares/ST/threadx/common/src/tx_thread_reset.c ****         /* Set the thread stack to a pattern prior to creating the initial
 133:Middlewares/ST/threadx/common/src/tx_thread_reset.c ****            stack frame.  This pattern is used by the stack checking routines
 134:Middlewares/ST/threadx/common/src/tx_thread_reset.c ****            to see how much has been used.  */
 135:Middlewares/ST/threadx/common/src/tx_thread_reset.c ****         TX_MEMSET(thread_ptr -> tx_thread_stack_start, ((UCHAR) TX_STACK_FILL), thread_ptr -> tx_th
 129              		.loc 1 135 9 is_stmt 1 view .LVU34
 130 0028 6269     		ldr	r2, [r4, #20]
 131 002a EF21     		movs	r1, #239
 132 002c E068     		ldr	r0, [r4, #12]
 133              	.LVL9:
 134              		.loc 1 135 9 is_stmt 0 view .LVU35
 135 002e FFF7FEFF 		bl	memset
 136              	.LVL10:
 136:Middlewares/ST/threadx/common/src/tx_thread_reset.c **** #endif
 137:Middlewares/ST/threadx/common/src/tx_thread_reset.c **** 
 138:Middlewares/ST/threadx/common/src/tx_thread_reset.c ****         /* Call the target specific stack frame building routine to build the
 139:Middlewares/ST/threadx/common/src/tx_thread_reset.c ****            thread's initial stack and to setup the actual stack pointer in the
 140:Middlewares/ST/threadx/common/src/tx_thread_reset.c ****            control block.  */
 141:Middlewares/ST/threadx/common/src/tx_thread_reset.c ****         _tx_thread_stack_build(thread_ptr, _tx_thread_shell_entry);
 137              		.loc 1 141 9 is_stmt 1 view .LVU36
 138 0032 0949     		ldr	r1, .L10+4
 139 0034 2046     		mov	r0, r4
 140 0036 FFF7FEFF 		bl	_tx_thread_stack_build
 141              	.LVL11:
 142:Middlewares/ST/threadx/common/src/tx_thread_reset.c **** 
 143:Middlewares/ST/threadx/common/src/tx_thread_reset.c ****         /* Disable interrupts.  */
 144:Middlewares/ST/threadx/common/src/tx_thread_reset.c ****         TX_DISABLE
 142              		.loc 1 144 9 view .LVU37
 143              	.LBB22:
 144              	.LBI22:
 578:Middlewares/ST/threadx/ports/cortex_m4/gnu/inc/tx_port.h **** {
 145              		.loc 2 578 63 view .LVU38
 146              	.LBB23:
 580:Middlewares/ST/threadx/ports/cortex_m4/gnu/inc/tx_port.h **** 
 147              		.loc 2 580 1 view .LVU39
 582:Middlewares/ST/threadx/ports/cortex_m4/gnu/inc/tx_port.h **** 
 148              		.loc 2 582 5 view .LVU40
 149              	.LBB24:
 150              	.LBI24:
 545:Middlewares/ST/threadx/ports/cortex_m4/gnu/inc/tx_port.h **** {
 151              		.loc 2 545 63 view .LVU41
 152              	.LBB25:
 547:Middlewares/ST/threadx/ports/cortex_m4/gnu/inc/tx_port.h **** #ifdef TX_PORT_USE_BASEPRI
 153              		.loc 2 547 1 view .LVU42
 551:Middlewares/ST/threadx/ports/cortex_m4/gnu/inc/tx_port.h **** #endif
 154              		.loc 2 551 5 view .LVU43
 155              		.syntax unified
 156              	@ 551 "Middlewares/ST/threadx/ports/cortex_m4/gnu/inc/tx_port.h" 1
 157 003a EFF31083 		MRS  r3, PRIMASK 
 158              	@ 0 "" 2
 159              	.LVL12:
 553:Middlewares/ST/threadx/ports/cortex_m4/gnu/inc/tx_port.h **** }
 160              		.loc 2 553 5 view .LVU44
 553:Middlewares/ST/threadx/ports/cortex_m4/gnu/inc/tx_port.h **** }
 161              		.loc 2 553 5 is_stmt 0 view .LVU45
 162              		.thumb
 163              		.syntax unified
ARM GAS  C:\Users\HP\AppData\Local\Temp\ccqwzELg.s 			page 17


 164              	.LBE25:
 165              	.LBE24:
 587:Middlewares/ST/threadx/ports/cortex_m4/gnu/inc/tx_port.h **** #endif
 166              		.loc 2 587 5 is_stmt 1 view .LVU46
 167              		.syntax unified
 168              	@ 587 "Middlewares/ST/threadx/ports/cortex_m4/gnu/inc/tx_port.h" 1
 169 003e 72B6     		CPSID i
 170              	@ 0 "" 2
 171              		.loc 2 589 5 view .LVU47
 172              	.LVL13:
 173              		.loc 2 589 5 is_stmt 0 view .LVU48
 174              		.thumb
 175              		.syntax unified
 176              	.LBE23:
 177              	.LBE22:
 145:Middlewares/ST/threadx/common/src/tx_thread_reset.c **** 
 146:Middlewares/ST/threadx/common/src/tx_thread_reset.c ****         /* Finally, move into a suspended state to allow for the thread to be resumed.  */
 147:Middlewares/ST/threadx/common/src/tx_thread_reset.c ****         thread_ptr -> tx_thread_state =  TX_SUSPENDED;
 178              		.loc 1 147 9 is_stmt 1 view .LVU49
 179              		.loc 1 147 39 is_stmt 0 view .LVU50
 180 0040 0322     		movs	r2, #3
 181 0042 2263     		str	r2, [r4, #48]
 182 0044 0020     		movs	r0, #0
 183              	.LVL14:
 184              	.L2:
 148:Middlewares/ST/threadx/common/src/tx_thread_reset.c **** 
 149:Middlewares/ST/threadx/common/src/tx_thread_reset.c ****         /* If trace is enabled, insert this event into the trace buffer.  */
 150:Middlewares/ST/threadx/common/src/tx_thread_reset.c ****         TX_TRACE_IN_LINE_INSERT(TX_TRACE_THREAD_RESET, thread_ptr, thread_ptr -> tx_thread_state, 0
 151:Middlewares/ST/threadx/common/src/tx_thread_reset.c **** 
 152:Middlewares/ST/threadx/common/src/tx_thread_reset.c ****         /* Log this kernel call.  */
 153:Middlewares/ST/threadx/common/src/tx_thread_reset.c ****         TX_EL_THREAD_RESET_INSERT
 154:Middlewares/ST/threadx/common/src/tx_thread_reset.c **** 
 155:Middlewares/ST/threadx/common/src/tx_thread_reset.c ****         /* Log the thread status change.  */
 156:Middlewares/ST/threadx/common/src/tx_thread_reset.c ****         TX_EL_THREAD_STATUS_CHANGE_INSERT(thread_ptr, TX_SUSPENDED)
 157:Middlewares/ST/threadx/common/src/tx_thread_reset.c ****     }
 158:Middlewares/ST/threadx/common/src/tx_thread_reset.c **** 
 159:Middlewares/ST/threadx/common/src/tx_thread_reset.c ****     /* Restore interrupts.  */
 160:Middlewares/ST/threadx/common/src/tx_thread_reset.c ****     TX_RESTORE
 185              		.loc 1 160 5 is_stmt 1 view .LVU51
 186              	.LBB26:
 187              	.LBI26:
 568:Middlewares/ST/threadx/ports/cortex_m4/gnu/inc/tx_port.h **** {
 188              		.loc 2 568 55 view .LVU52
 189              	.LBB27:
 574:Middlewares/ST/threadx/ports/cortex_m4/gnu/inc/tx_port.h **** #endif
 190              		.loc 2 574 5 view .LVU53
 191              		.syntax unified
 192              	@ 574 "Middlewares/ST/threadx/ports/cortex_m4/gnu/inc/tx_port.h" 1
 193 0046 83F31088 		MSR  PRIMASK,r3
 194              	@ 0 "" 2
 195              	.LVL15:
 574:Middlewares/ST/threadx/ports/cortex_m4/gnu/inc/tx_port.h **** #endif
 196              		.loc 2 574 5 is_stmt 0 view .LVU54
 197              		.thumb
 198              		.syntax unified
 199              	.LBE27:
 200              	.LBE26:
ARM GAS  C:\Users\HP\AppData\Local\Temp\ccqwzELg.s 			page 18


 161:Middlewares/ST/threadx/common/src/tx_thread_reset.c **** 
 162:Middlewares/ST/threadx/common/src/tx_thread_reset.c ****     /* Return completion status to caller.  */
 163:Middlewares/ST/threadx/common/src/tx_thread_reset.c ****     return(status);
 201              		.loc 1 163 5 is_stmt 1 view .LVU55
 164:Middlewares/ST/threadx/common/src/tx_thread_reset.c **** }
 202              		.loc 1 164 1 is_stmt 0 view .LVU56
 203 004a 10BD     		pop	{r4, pc}
 204              	.LVL16:
 205              	.L4:
 206              	.LCFI1:
 207              		.cfi_def_cfa_offset 0
 208              		.cfi_restore 4
 209              		.cfi_restore 14
  98:Middlewares/ST/threadx/common/src/tx_thread_reset.c ****     }
 210              		.loc 1 98 16 view .LVU57
 211 004c 2020     		movs	r0, #32
 212              	.LVL17:
 160:Middlewares/ST/threadx/common/src/tx_thread_reset.c **** 
 213              		.loc 1 160 5 is_stmt 1 view .LVU58
 214              	.LBB29:
 568:Middlewares/ST/threadx/ports/cortex_m4/gnu/inc/tx_port.h **** {
 215              		.loc 2 568 55 view .LVU59
 216              	.LBB28:
 574:Middlewares/ST/threadx/ports/cortex_m4/gnu/inc/tx_port.h **** #endif
 217              		.loc 2 574 5 view .LVU60
 218              		.syntax unified
 219              	@ 574 "Middlewares/ST/threadx/ports/cortex_m4/gnu/inc/tx_port.h" 1
 220 004e 83F31088 		MSR  PRIMASK,r3
 221              	@ 0 "" 2
 222              	.LVL18:
 574:Middlewares/ST/threadx/ports/cortex_m4/gnu/inc/tx_port.h **** #endif
 223              		.loc 2 574 5 is_stmt 0 view .LVU61
 224              		.thumb
 225              		.syntax unified
 226              	.LBE28:
 227              	.LBE29:
 163:Middlewares/ST/threadx/common/src/tx_thread_reset.c **** }
 228              		.loc 1 163 5 is_stmt 1 view .LVU62
 229              		.loc 1 164 1 is_stmt 0 view .LVU63
 230 0052 7047     		bx	lr
 231              	.L11:
 232              		.align	2
 233              	.L10:
 234 0054 00000000 		.word	_tx_thread_current_ptr
 235 0058 00000000 		.word	_tx_thread_shell_entry
 236              		.cfi_endproc
 237              	.LFE8:
 239              		.text
 240              	.Letext0:
 241              		.file 3 "Middlewares/ST/threadx/common/inc/tx_api.h"
 242              		.file 4 "Middlewares/ST/threadx/common/inc/tx_thread.h"
 243              		.file 5 "c:\\gcc-arm-none-eabi\\arm-none-eabi\\include\\string.h"
ARM GAS  C:\Users\HP\AppData\Local\Temp\ccqwzELg.s 			page 19


DEFINED SYMBOLS
                            *ABS*:00000000 tx_thread_reset.c
C:\Users\HP\AppData\Local\Temp\ccqwzELg.s:20     .text._tx_thread_reset:00000000 $t
C:\Users\HP\AppData\Local\Temp\ccqwzELg.s:26     .text._tx_thread_reset:00000000 _tx_thread_reset
C:\Users\HP\AppData\Local\Temp\ccqwzELg.s:234    .text._tx_thread_reset:00000054 $d

UNDEFINED SYMBOLS
memset
_tx_thread_stack_build
_tx_thread_current_ptr
_tx_thread_shell_entry
