ARM GAS  C:\Users\HP\AppData\Local\Temp\cc7t0aDI.s 			page 1


   1              		.cpu cortex-m4
   2              		.arch armv7e-m
   3              		.fpu fpv4-sp-d16
   4              		.eabi_attribute 27, 1
   5              		.eabi_attribute 28, 1
   6              		.eabi_attribute 20, 1
   7              		.eabi_attribute 21, 1
   8              		.eabi_attribute 23, 3
   9              		.eabi_attribute 24, 1
  10              		.eabi_attribute 25, 1
  11              		.eabi_attribute 26, 1
  12              		.eabi_attribute 30, 1
  13              		.eabi_attribute 34, 1
  14              		.eabi_attribute 18, 4
  15              		.file	"tx_thread_shell_entry.c"
  16              		.text
  17              	.Ltext0:
  18              		.cfi_sections	.debug_frame
  19              		.section	.text._tx_thread_shell_entry,"ax",%progbits
  20              		.align	1
  21              		.global	_tx_thread_shell_entry
  22              		.syntax unified
  23              		.thumb
  24              		.thumb_func
  26              	_tx_thread_shell_entry:
  27              	.LFB8:
  28              		.file 1 "Middlewares/ST/threadx/common/src/tx_thread_shell_entry.c"
   1:Middlewares/ST/threadx/common/src/tx_thread_shell_entry.c **** /**************************************************************************/
   2:Middlewares/ST/threadx/common/src/tx_thread_shell_entry.c **** /*                                                                        */
   3:Middlewares/ST/threadx/common/src/tx_thread_shell_entry.c **** /*       Copyright (c) Microsoft Corporation. All rights reserved.        */
   4:Middlewares/ST/threadx/common/src/tx_thread_shell_entry.c **** /*                                                                        */
   5:Middlewares/ST/threadx/common/src/tx_thread_shell_entry.c **** /*       This software is licensed under the Microsoft Software License   */
   6:Middlewares/ST/threadx/common/src/tx_thread_shell_entry.c **** /*       Terms for Microsoft Azure RTOS. Full text of the license can be  */
   7:Middlewares/ST/threadx/common/src/tx_thread_shell_entry.c **** /*       found in the LICENSE file at https://aka.ms/AzureRTOS_EULA       */
   8:Middlewares/ST/threadx/common/src/tx_thread_shell_entry.c **** /*       and in the root directory of this software.                      */
   9:Middlewares/ST/threadx/common/src/tx_thread_shell_entry.c **** /*                                                                        */
  10:Middlewares/ST/threadx/common/src/tx_thread_shell_entry.c **** /**************************************************************************/
  11:Middlewares/ST/threadx/common/src/tx_thread_shell_entry.c **** 
  12:Middlewares/ST/threadx/common/src/tx_thread_shell_entry.c **** 
  13:Middlewares/ST/threadx/common/src/tx_thread_shell_entry.c **** /**************************************************************************/
  14:Middlewares/ST/threadx/common/src/tx_thread_shell_entry.c **** /**************************************************************************/
  15:Middlewares/ST/threadx/common/src/tx_thread_shell_entry.c **** /**                                                                       */
  16:Middlewares/ST/threadx/common/src/tx_thread_shell_entry.c **** /** ThreadX Component                                                     */
  17:Middlewares/ST/threadx/common/src/tx_thread_shell_entry.c **** /**                                                                       */
  18:Middlewares/ST/threadx/common/src/tx_thread_shell_entry.c **** /**   Thread                                                              */
  19:Middlewares/ST/threadx/common/src/tx_thread_shell_entry.c **** /**                                                                       */
  20:Middlewares/ST/threadx/common/src/tx_thread_shell_entry.c **** /**************************************************************************/
  21:Middlewares/ST/threadx/common/src/tx_thread_shell_entry.c **** /**************************************************************************/
  22:Middlewares/ST/threadx/common/src/tx_thread_shell_entry.c **** 
  23:Middlewares/ST/threadx/common/src/tx_thread_shell_entry.c **** #define TX_SOURCE_CODE
  24:Middlewares/ST/threadx/common/src/tx_thread_shell_entry.c **** 
  25:Middlewares/ST/threadx/common/src/tx_thread_shell_entry.c **** 
  26:Middlewares/ST/threadx/common/src/tx_thread_shell_entry.c **** /* Include necessary system files.  */
  27:Middlewares/ST/threadx/common/src/tx_thread_shell_entry.c **** 
  28:Middlewares/ST/threadx/common/src/tx_thread_shell_entry.c **** #include "tx_api.h"
  29:Middlewares/ST/threadx/common/src/tx_thread_shell_entry.c **** #include "tx_thread.h"
  30:Middlewares/ST/threadx/common/src/tx_thread_shell_entry.c **** 
ARM GAS  C:\Users\HP\AppData\Local\Temp\cc7t0aDI.s 			page 2


  31:Middlewares/ST/threadx/common/src/tx_thread_shell_entry.c **** 
  32:Middlewares/ST/threadx/common/src/tx_thread_shell_entry.c **** /**************************************************************************/
  33:Middlewares/ST/threadx/common/src/tx_thread_shell_entry.c **** /*                                                                        */
  34:Middlewares/ST/threadx/common/src/tx_thread_shell_entry.c **** /*  FUNCTION                                               RELEASE        */
  35:Middlewares/ST/threadx/common/src/tx_thread_shell_entry.c **** /*                                                                        */
  36:Middlewares/ST/threadx/common/src/tx_thread_shell_entry.c **** /*    _tx_thread_shell_entry                              PORTABLE C      */
  37:Middlewares/ST/threadx/common/src/tx_thread_shell_entry.c **** /*                                                           6.1          */
  38:Middlewares/ST/threadx/common/src/tx_thread_shell_entry.c **** /*  AUTHOR                                                                */
  39:Middlewares/ST/threadx/common/src/tx_thread_shell_entry.c **** /*                                                                        */
  40:Middlewares/ST/threadx/common/src/tx_thread_shell_entry.c **** /*    William E. Lamie, Microsoft Corporation                             */
  41:Middlewares/ST/threadx/common/src/tx_thread_shell_entry.c **** /*                                                                        */
  42:Middlewares/ST/threadx/common/src/tx_thread_shell_entry.c **** /*  DESCRIPTION                                                           */
  43:Middlewares/ST/threadx/common/src/tx_thread_shell_entry.c **** /*                                                                        */
  44:Middlewares/ST/threadx/common/src/tx_thread_shell_entry.c **** /*    This function calls the specified entry function of the thread.  It */
  45:Middlewares/ST/threadx/common/src/tx_thread_shell_entry.c **** /*    also provides a place for the thread's entry function to return.    */
  46:Middlewares/ST/threadx/common/src/tx_thread_shell_entry.c **** /*    If the thread returns, this function places the thread in a         */
  47:Middlewares/ST/threadx/common/src/tx_thread_shell_entry.c **** /*    "COMPLETED" state.                                                  */
  48:Middlewares/ST/threadx/common/src/tx_thread_shell_entry.c **** /*                                                                        */
  49:Middlewares/ST/threadx/common/src/tx_thread_shell_entry.c **** /*  INPUT                                                                 */
  50:Middlewares/ST/threadx/common/src/tx_thread_shell_entry.c **** /*                                                                        */
  51:Middlewares/ST/threadx/common/src/tx_thread_shell_entry.c **** /*    None                                                                */
  52:Middlewares/ST/threadx/common/src/tx_thread_shell_entry.c **** /*                                                                        */
  53:Middlewares/ST/threadx/common/src/tx_thread_shell_entry.c **** /*  OUTPUT                                                                */
  54:Middlewares/ST/threadx/common/src/tx_thread_shell_entry.c **** /*                                                                        */
  55:Middlewares/ST/threadx/common/src/tx_thread_shell_entry.c **** /*    None                                                                */
  56:Middlewares/ST/threadx/common/src/tx_thread_shell_entry.c **** /*                                                                        */
  57:Middlewares/ST/threadx/common/src/tx_thread_shell_entry.c **** /*  CALLS                                                                 */
  58:Middlewares/ST/threadx/common/src/tx_thread_shell_entry.c **** /*                                                                        */
  59:Middlewares/ST/threadx/common/src/tx_thread_shell_entry.c **** /*    thread_entry                      Thread's entry function           */
  60:Middlewares/ST/threadx/common/src/tx_thread_shell_entry.c **** /*    _tx_thread_system_suspend         Thread suspension routine         */
  61:Middlewares/ST/threadx/common/src/tx_thread_shell_entry.c **** /*    _tx_thread_system_ni_suspend      Non-interruptable suspend thread  */
  62:Middlewares/ST/threadx/common/src/tx_thread_shell_entry.c **** /*                                                                        */
  63:Middlewares/ST/threadx/common/src/tx_thread_shell_entry.c **** /*  CALLED BY                                                             */
  64:Middlewares/ST/threadx/common/src/tx_thread_shell_entry.c **** /*                                                                        */
  65:Middlewares/ST/threadx/common/src/tx_thread_shell_entry.c **** /*    Initial thread stack frame                                          */
  66:Middlewares/ST/threadx/common/src/tx_thread_shell_entry.c **** /*                                                                        */
  67:Middlewares/ST/threadx/common/src/tx_thread_shell_entry.c **** /*  RELEASE HISTORY                                                       */
  68:Middlewares/ST/threadx/common/src/tx_thread_shell_entry.c **** /*                                                                        */
  69:Middlewares/ST/threadx/common/src/tx_thread_shell_entry.c **** /*    DATE              NAME                      DESCRIPTION             */
  70:Middlewares/ST/threadx/common/src/tx_thread_shell_entry.c **** /*                                                                        */
  71:Middlewares/ST/threadx/common/src/tx_thread_shell_entry.c **** /*  05-19-2020     William E. Lamie         Initial Version 6.0           */
  72:Middlewares/ST/threadx/common/src/tx_thread_shell_entry.c **** /*  09-30-2020     Yuxin Zhou               Modified comment(s),          */
  73:Middlewares/ST/threadx/common/src/tx_thread_shell_entry.c **** /*                                            resulting in version 6.1    */
  74:Middlewares/ST/threadx/common/src/tx_thread_shell_entry.c **** /*                                                                        */
  75:Middlewares/ST/threadx/common/src/tx_thread_shell_entry.c **** /**************************************************************************/
  76:Middlewares/ST/threadx/common/src/tx_thread_shell_entry.c **** VOID  _tx_thread_shell_entry(VOID)
  77:Middlewares/ST/threadx/common/src/tx_thread_shell_entry.c **** {
  29              		.loc 1 77 1 view -0
  30              		.cfi_startproc
  31              		@ args = 0, pretend = 0, frame = 0
  32              		@ frame_needed = 0, uses_anonymous_args = 0
  33 0000 10B5     		push	{r4, lr}
  34              	.LCFI0:
  35              		.cfi_def_cfa_offset 8
  36              		.cfi_offset 4, -8
  37              		.cfi_offset 14, -4
  78:Middlewares/ST/threadx/common/src/tx_thread_shell_entry.c **** 
ARM GAS  C:\Users\HP\AppData\Local\Temp\cc7t0aDI.s 			page 3


  79:Middlewares/ST/threadx/common/src/tx_thread_shell_entry.c **** TX_INTERRUPT_SAVE_AREA
  38              		.loc 1 79 1 view .LVU1
  80:Middlewares/ST/threadx/common/src/tx_thread_shell_entry.c **** 
  81:Middlewares/ST/threadx/common/src/tx_thread_shell_entry.c **** TX_THREAD       *thread_ptr;
  39              		.loc 1 81 1 view .LVU2
  82:Middlewares/ST/threadx/common/src/tx_thread_shell_entry.c **** #ifndef TX_DISABLE_NOTIFY_CALLBACKS
  83:Middlewares/ST/threadx/common/src/tx_thread_shell_entry.c **** VOID            (*entry_exit_notify)(TX_THREAD *notify_thread_ptr, UINT type);
  84:Middlewares/ST/threadx/common/src/tx_thread_shell_entry.c **** #endif
  85:Middlewares/ST/threadx/common/src/tx_thread_shell_entry.c **** 
  86:Middlewares/ST/threadx/common/src/tx_thread_shell_entry.c **** 
  87:Middlewares/ST/threadx/common/src/tx_thread_shell_entry.c ****     /* Pickup thread pointer.  */
  88:Middlewares/ST/threadx/common/src/tx_thread_shell_entry.c ****     TX_THREAD_GET_CURRENT(thread_ptr)
  40              		.loc 1 88 5 view .LVU3
  41 0002 114B     		ldr	r3, .L4
  42 0004 1C68     		ldr	r4, [r3]
  43              	.LVL0:
  89:Middlewares/ST/threadx/common/src/tx_thread_shell_entry.c **** 
  90:Middlewares/ST/threadx/common/src/tx_thread_shell_entry.c ****     /* Perform any additional activities for tool or user purpose.  */
  91:Middlewares/ST/threadx/common/src/tx_thread_shell_entry.c ****     TX_THREAD_STARTED_EXTENSION(thread_ptr)
  92:Middlewares/ST/threadx/common/src/tx_thread_shell_entry.c **** 
  93:Middlewares/ST/threadx/common/src/tx_thread_shell_entry.c **** #ifndef TX_DISABLE_NOTIFY_CALLBACKS
  94:Middlewares/ST/threadx/common/src/tx_thread_shell_entry.c **** 
  95:Middlewares/ST/threadx/common/src/tx_thread_shell_entry.c ****     /* Disable interrupts.  */
  96:Middlewares/ST/threadx/common/src/tx_thread_shell_entry.c ****     TX_DISABLE
  97:Middlewares/ST/threadx/common/src/tx_thread_shell_entry.c **** 
  98:Middlewares/ST/threadx/common/src/tx_thread_shell_entry.c ****     /* Pickup the entry/exit application callback routine.  */
  99:Middlewares/ST/threadx/common/src/tx_thread_shell_entry.c ****     entry_exit_notify =  thread_ptr -> tx_thread_entry_exit_notify;
 100:Middlewares/ST/threadx/common/src/tx_thread_shell_entry.c **** 
 101:Middlewares/ST/threadx/common/src/tx_thread_shell_entry.c ****     /* Restore interrupts.  */
 102:Middlewares/ST/threadx/common/src/tx_thread_shell_entry.c ****     TX_RESTORE
 103:Middlewares/ST/threadx/common/src/tx_thread_shell_entry.c **** 
 104:Middlewares/ST/threadx/common/src/tx_thread_shell_entry.c ****     /* Determine if an application callback routine is specified.  */
 105:Middlewares/ST/threadx/common/src/tx_thread_shell_entry.c ****     if (entry_exit_notify != TX_NULL)
 106:Middlewares/ST/threadx/common/src/tx_thread_shell_entry.c ****     {
 107:Middlewares/ST/threadx/common/src/tx_thread_shell_entry.c **** 
 108:Middlewares/ST/threadx/common/src/tx_thread_shell_entry.c ****         /* Yes, notify application that this thread has been entered!  */
 109:Middlewares/ST/threadx/common/src/tx_thread_shell_entry.c ****         (entry_exit_notify)(thread_ptr, TX_THREAD_ENTRY);
 110:Middlewares/ST/threadx/common/src/tx_thread_shell_entry.c ****     }
 111:Middlewares/ST/threadx/common/src/tx_thread_shell_entry.c **** #endif
 112:Middlewares/ST/threadx/common/src/tx_thread_shell_entry.c **** 
 113:Middlewares/ST/threadx/common/src/tx_thread_shell_entry.c ****     /* Call current thread's entry function.  */
 114:Middlewares/ST/threadx/common/src/tx_thread_shell_entry.c ****     (thread_ptr -> tx_thread_entry) (thread_ptr -> tx_thread_entry_parameter);
  44              		.loc 1 114 5 view .LVU4
  45              		.loc 1 114 17 is_stmt 0 view .LVU5
  46 0006 636C     		ldr	r3, [r4, #68]
  47 0008 A06C     		ldr	r0, [r4, #72]
  48 000a 9847     		blx	r3
  49              	.LVL1:
 115:Middlewares/ST/threadx/common/src/tx_thread_shell_entry.c **** 
 116:Middlewares/ST/threadx/common/src/tx_thread_shell_entry.c ****     /* Suspend thread with a "completed" state.  */
 117:Middlewares/ST/threadx/common/src/tx_thread_shell_entry.c **** 
 118:Middlewares/ST/threadx/common/src/tx_thread_shell_entry.c ****     /* Determine if the application is using mutexes.  */
 119:Middlewares/ST/threadx/common/src/tx_thread_shell_entry.c ****     if (_tx_thread_mutex_release != TX_NULL)
  50              		.loc 1 119 5 is_stmt 1 view .LVU6
  51              		.loc 1 119 34 is_stmt 0 view .LVU7
  52 000c 0F4B     		ldr	r3, .L4+4
  53 000e 1B68     		ldr	r3, [r3]
ARM GAS  C:\Users\HP\AppData\Local\Temp\cc7t0aDI.s 			page 4


  54              		.loc 1 119 8 view .LVU8
  55 0010 0BB1     		cbz	r3, .L2
 120:Middlewares/ST/threadx/common/src/tx_thread_shell_entry.c ****     {
 121:Middlewares/ST/threadx/common/src/tx_thread_shell_entry.c **** 
 122:Middlewares/ST/threadx/common/src/tx_thread_shell_entry.c ****         /* Yes, call the mutex release function via a function pointer that
 123:Middlewares/ST/threadx/common/src/tx_thread_shell_entry.c ****            is setup during mutex initialization.  */
 124:Middlewares/ST/threadx/common/src/tx_thread_shell_entry.c ****         (_tx_thread_mutex_release)(thread_ptr);
  56              		.loc 1 124 9 is_stmt 1 view .LVU9
  57 0012 2046     		mov	r0, r4
  58 0014 9847     		blx	r3
  59              	.LVL2:
  60              	.L2:
 125:Middlewares/ST/threadx/common/src/tx_thread_shell_entry.c ****     }
 126:Middlewares/ST/threadx/common/src/tx_thread_shell_entry.c **** 
 127:Middlewares/ST/threadx/common/src/tx_thread_shell_entry.c ****     /* Lockout interrupts while the thread state is setup.  */
 128:Middlewares/ST/threadx/common/src/tx_thread_shell_entry.c ****     TX_DISABLE
  61              		.loc 1 128 5 view .LVU10
  62              	.LBB15:
  63              	.LBI15:
  64              		.file 2 "Middlewares/ST/threadx/ports/cortex_m4/gnu/inc/tx_port.h"
   1:Middlewares/ST/threadx/ports/cortex_m4/gnu/inc/tx_port.h **** /**************************************************************************/
   2:Middlewares/ST/threadx/ports/cortex_m4/gnu/inc/tx_port.h **** /*                                                                        */
   3:Middlewares/ST/threadx/ports/cortex_m4/gnu/inc/tx_port.h **** /*       Copyright (c) Microsoft Corporation. All rights reserved.        */
   4:Middlewares/ST/threadx/ports/cortex_m4/gnu/inc/tx_port.h **** /*                                                                        */
   5:Middlewares/ST/threadx/ports/cortex_m4/gnu/inc/tx_port.h **** /*       This software is licensed under the Microsoft Software License   */
   6:Middlewares/ST/threadx/ports/cortex_m4/gnu/inc/tx_port.h **** /*       Terms for Microsoft Azure RTOS. Full text of the license can be  */
   7:Middlewares/ST/threadx/ports/cortex_m4/gnu/inc/tx_port.h **** /*       found in the LICENSE file at https://aka.ms/AzureRTOS_EULA       */
   8:Middlewares/ST/threadx/ports/cortex_m4/gnu/inc/tx_port.h **** /*       and in the root directory of this software.                      */
   9:Middlewares/ST/threadx/ports/cortex_m4/gnu/inc/tx_port.h **** /*                                                                        */
  10:Middlewares/ST/threadx/ports/cortex_m4/gnu/inc/tx_port.h **** /**************************************************************************/
  11:Middlewares/ST/threadx/ports/cortex_m4/gnu/inc/tx_port.h **** 
  12:Middlewares/ST/threadx/ports/cortex_m4/gnu/inc/tx_port.h **** 
  13:Middlewares/ST/threadx/ports/cortex_m4/gnu/inc/tx_port.h **** /**************************************************************************/
  14:Middlewares/ST/threadx/ports/cortex_m4/gnu/inc/tx_port.h **** /**************************************************************************/
  15:Middlewares/ST/threadx/ports/cortex_m4/gnu/inc/tx_port.h **** /**                                                                       */
  16:Middlewares/ST/threadx/ports/cortex_m4/gnu/inc/tx_port.h **** /** ThreadX Component                                                     */
  17:Middlewares/ST/threadx/ports/cortex_m4/gnu/inc/tx_port.h **** /**                                                                       */
  18:Middlewares/ST/threadx/ports/cortex_m4/gnu/inc/tx_port.h **** /**   Port Specific                                                       */
  19:Middlewares/ST/threadx/ports/cortex_m4/gnu/inc/tx_port.h **** /**                                                                       */
  20:Middlewares/ST/threadx/ports/cortex_m4/gnu/inc/tx_port.h **** /**************************************************************************/
  21:Middlewares/ST/threadx/ports/cortex_m4/gnu/inc/tx_port.h **** /**************************************************************************/
  22:Middlewares/ST/threadx/ports/cortex_m4/gnu/inc/tx_port.h **** 
  23:Middlewares/ST/threadx/ports/cortex_m4/gnu/inc/tx_port.h **** 
  24:Middlewares/ST/threadx/ports/cortex_m4/gnu/inc/tx_port.h **** /**************************************************************************/
  25:Middlewares/ST/threadx/ports/cortex_m4/gnu/inc/tx_port.h **** /*                                                                        */
  26:Middlewares/ST/threadx/ports/cortex_m4/gnu/inc/tx_port.h **** /*  PORT SPECIFIC C INFORMATION                            RELEASE        */
  27:Middlewares/ST/threadx/ports/cortex_m4/gnu/inc/tx_port.h **** /*                                                                        */
  28:Middlewares/ST/threadx/ports/cortex_m4/gnu/inc/tx_port.h **** /*    tx_port.h                                         Cortex-M4/GNU     */
  29:Middlewares/ST/threadx/ports/cortex_m4/gnu/inc/tx_port.h **** /*                                                           6.1.12       */
  30:Middlewares/ST/threadx/ports/cortex_m4/gnu/inc/tx_port.h **** /*                                                                        */
  31:Middlewares/ST/threadx/ports/cortex_m4/gnu/inc/tx_port.h **** /*  AUTHOR                                                                */
  32:Middlewares/ST/threadx/ports/cortex_m4/gnu/inc/tx_port.h **** /*                                                                        */
  33:Middlewares/ST/threadx/ports/cortex_m4/gnu/inc/tx_port.h **** /*    Scott Larson, Microsoft Corporation                                 */
  34:Middlewares/ST/threadx/ports/cortex_m4/gnu/inc/tx_port.h **** /*                                                                        */
  35:Middlewares/ST/threadx/ports/cortex_m4/gnu/inc/tx_port.h **** /*  DESCRIPTION                                                           */
  36:Middlewares/ST/threadx/ports/cortex_m4/gnu/inc/tx_port.h **** /*                                                                        */
  37:Middlewares/ST/threadx/ports/cortex_m4/gnu/inc/tx_port.h **** /*    This file contains data type definitions that make the ThreadX      */
ARM GAS  C:\Users\HP\AppData\Local\Temp\cc7t0aDI.s 			page 5


  38:Middlewares/ST/threadx/ports/cortex_m4/gnu/inc/tx_port.h **** /*    real-time kernel function identically on a variety of different     */
  39:Middlewares/ST/threadx/ports/cortex_m4/gnu/inc/tx_port.h **** /*    processor architectures.  For example, the size or number of bits   */
  40:Middlewares/ST/threadx/ports/cortex_m4/gnu/inc/tx_port.h **** /*    in an "int" data type vary between microprocessor architectures and */
  41:Middlewares/ST/threadx/ports/cortex_m4/gnu/inc/tx_port.h **** /*    even C compilers for the same microprocessor.  ThreadX does not     */
  42:Middlewares/ST/threadx/ports/cortex_m4/gnu/inc/tx_port.h **** /*    directly use native C data types.  Instead, ThreadX creates its     */
  43:Middlewares/ST/threadx/ports/cortex_m4/gnu/inc/tx_port.h **** /*    own special types that can be mapped to actual data types by this   */
  44:Middlewares/ST/threadx/ports/cortex_m4/gnu/inc/tx_port.h **** /*    file to guarantee consistency in the interface and functionality.   */
  45:Middlewares/ST/threadx/ports/cortex_m4/gnu/inc/tx_port.h **** /*                                                                        */
  46:Middlewares/ST/threadx/ports/cortex_m4/gnu/inc/tx_port.h **** /*    This file replaces the previous Cortex-M3/M4/M7 files. It unifies   */
  47:Middlewares/ST/threadx/ports/cortex_m4/gnu/inc/tx_port.h **** /*    the ARMv7-M architecture and compilers into one common file.        */
  48:Middlewares/ST/threadx/ports/cortex_m4/gnu/inc/tx_port.h **** /*                                                                        */
  49:Middlewares/ST/threadx/ports/cortex_m4/gnu/inc/tx_port.h **** /*  RELEASE HISTORY                                                       */
  50:Middlewares/ST/threadx/ports/cortex_m4/gnu/inc/tx_port.h **** /*                                                                        */
  51:Middlewares/ST/threadx/ports/cortex_m4/gnu/inc/tx_port.h **** /*    DATE              NAME                      DESCRIPTION             */
  52:Middlewares/ST/threadx/ports/cortex_m4/gnu/inc/tx_port.h **** /*                                                                        */
  53:Middlewares/ST/threadx/ports/cortex_m4/gnu/inc/tx_port.h **** /*  06-02-2021      Scott Larson            Initial Version 6.1.7         */
  54:Middlewares/ST/threadx/ports/cortex_m4/gnu/inc/tx_port.h **** /*  01-31-2022      Scott Larson            Modified comments, updated    */
  55:Middlewares/ST/threadx/ports/cortex_m4/gnu/inc/tx_port.h **** /*                                            typedef to fix misra        */
  56:Middlewares/ST/threadx/ports/cortex_m4/gnu/inc/tx_port.h **** /*                                            violation,                  */
  57:Middlewares/ST/threadx/ports/cortex_m4/gnu/inc/tx_port.h **** /*                                            fixed predefined macro,     */
  58:Middlewares/ST/threadx/ports/cortex_m4/gnu/inc/tx_port.h **** /*                                            resulting in version 6.1.10 */
  59:Middlewares/ST/threadx/ports/cortex_m4/gnu/inc/tx_port.h **** /*  04-25-2022      Scott Larson            Modified comments and added   */
  60:Middlewares/ST/threadx/ports/cortex_m4/gnu/inc/tx_port.h **** /*                                            volatile to registers,      */
  61:Middlewares/ST/threadx/ports/cortex_m4/gnu/inc/tx_port.h **** /*                                            resulting in version 6.1.11 */
  62:Middlewares/ST/threadx/ports/cortex_m4/gnu/inc/tx_port.h **** /*  07-29-2022      Scott Larson            Modified comments and         */
  63:Middlewares/ST/threadx/ports/cortex_m4/gnu/inc/tx_port.h **** /*                                            described BASEPRI usage,    */
  64:Middlewares/ST/threadx/ports/cortex_m4/gnu/inc/tx_port.h **** /*                                            resulting in version 6.1.12 */
  65:Middlewares/ST/threadx/ports/cortex_m4/gnu/inc/tx_port.h **** /*                                                                        */
  66:Middlewares/ST/threadx/ports/cortex_m4/gnu/inc/tx_port.h **** /**************************************************************************/
  67:Middlewares/ST/threadx/ports/cortex_m4/gnu/inc/tx_port.h **** 
  68:Middlewares/ST/threadx/ports/cortex_m4/gnu/inc/tx_port.h **** #ifndef TX_PORT_H
  69:Middlewares/ST/threadx/ports/cortex_m4/gnu/inc/tx_port.h **** #define TX_PORT_H
  70:Middlewares/ST/threadx/ports/cortex_m4/gnu/inc/tx_port.h **** 
  71:Middlewares/ST/threadx/ports/cortex_m4/gnu/inc/tx_port.h **** 
  72:Middlewares/ST/threadx/ports/cortex_m4/gnu/inc/tx_port.h **** /* Determine if the optional ThreadX user define file should be used.  */
  73:Middlewares/ST/threadx/ports/cortex_m4/gnu/inc/tx_port.h **** 
  74:Middlewares/ST/threadx/ports/cortex_m4/gnu/inc/tx_port.h **** #ifdef TX_INCLUDE_USER_DEFINE_FILE
  75:Middlewares/ST/threadx/ports/cortex_m4/gnu/inc/tx_port.h **** 
  76:Middlewares/ST/threadx/ports/cortex_m4/gnu/inc/tx_port.h **** /* Yes, include the user defines in tx_user.h. The defines in this file may
  77:Middlewares/ST/threadx/ports/cortex_m4/gnu/inc/tx_port.h ****    alternately be defined on the command line.  */
  78:Middlewares/ST/threadx/ports/cortex_m4/gnu/inc/tx_port.h **** 
  79:Middlewares/ST/threadx/ports/cortex_m4/gnu/inc/tx_port.h **** #include "tx_user.h"
  80:Middlewares/ST/threadx/ports/cortex_m4/gnu/inc/tx_port.h **** #endif
  81:Middlewares/ST/threadx/ports/cortex_m4/gnu/inc/tx_port.h **** 
  82:Middlewares/ST/threadx/ports/cortex_m4/gnu/inc/tx_port.h **** 
  83:Middlewares/ST/threadx/ports/cortex_m4/gnu/inc/tx_port.h **** /* Define compiler library include files.  */
  84:Middlewares/ST/threadx/ports/cortex_m4/gnu/inc/tx_port.h **** 
  85:Middlewares/ST/threadx/ports/cortex_m4/gnu/inc/tx_port.h **** #include <stdlib.h>
  86:Middlewares/ST/threadx/ports/cortex_m4/gnu/inc/tx_port.h **** #include <string.h>
  87:Middlewares/ST/threadx/ports/cortex_m4/gnu/inc/tx_port.h **** 
  88:Middlewares/ST/threadx/ports/cortex_m4/gnu/inc/tx_port.h **** #ifdef __ICCARM__
  89:Middlewares/ST/threadx/ports/cortex_m4/gnu/inc/tx_port.h **** #include <intrinsics.h>                     /* IAR Intrinsics */
  90:Middlewares/ST/threadx/ports/cortex_m4/gnu/inc/tx_port.h **** #define __asm__ __asm                       /* Define to make all inline asm look similar */
  91:Middlewares/ST/threadx/ports/cortex_m4/gnu/inc/tx_port.h **** #ifdef  TX_ENABLE_IAR_LIBRARY_SUPPORT
  92:Middlewares/ST/threadx/ports/cortex_m4/gnu/inc/tx_port.h **** #include <yvals.h>
  93:Middlewares/ST/threadx/ports/cortex_m4/gnu/inc/tx_port.h **** #endif
  94:Middlewares/ST/threadx/ports/cortex_m4/gnu/inc/tx_port.h **** #endif /* __ICCARM__ */
ARM GAS  C:\Users\HP\AppData\Local\Temp\cc7t0aDI.s 			page 6


  95:Middlewares/ST/threadx/ports/cortex_m4/gnu/inc/tx_port.h **** 
  96:Middlewares/ST/threadx/ports/cortex_m4/gnu/inc/tx_port.h **** #ifdef __ghs__
  97:Middlewares/ST/threadx/ports/cortex_m4/gnu/inc/tx_port.h **** #include <arm_ghs.h>
  98:Middlewares/ST/threadx/ports/cortex_m4/gnu/inc/tx_port.h **** #include "tx_ghs.h"
  99:Middlewares/ST/threadx/ports/cortex_m4/gnu/inc/tx_port.h **** #endif  /* __ghs__ */
 100:Middlewares/ST/threadx/ports/cortex_m4/gnu/inc/tx_port.h **** 
 101:Middlewares/ST/threadx/ports/cortex_m4/gnu/inc/tx_port.h **** 
 102:Middlewares/ST/threadx/ports/cortex_m4/gnu/inc/tx_port.h **** #if !defined(__GNUC__) && !defined(__CC_ARM)
 103:Middlewares/ST/threadx/ports/cortex_m4/gnu/inc/tx_port.h **** #define __get_control_value __get_CONTROL
 104:Middlewares/ST/threadx/ports/cortex_m4/gnu/inc/tx_port.h **** #define __set_control_value __set_CONTROL
 105:Middlewares/ST/threadx/ports/cortex_m4/gnu/inc/tx_port.h **** #endif
 106:Middlewares/ST/threadx/ports/cortex_m4/gnu/inc/tx_port.h **** 
 107:Middlewares/ST/threadx/ports/cortex_m4/gnu/inc/tx_port.h **** #ifndef __GNUC__
 108:Middlewares/ST/threadx/ports/cortex_m4/gnu/inc/tx_port.h **** #define __get_ipsr_value __get_IPSR
 109:Middlewares/ST/threadx/ports/cortex_m4/gnu/inc/tx_port.h **** #endif
 110:Middlewares/ST/threadx/ports/cortex_m4/gnu/inc/tx_port.h **** 
 111:Middlewares/ST/threadx/ports/cortex_m4/gnu/inc/tx_port.h **** /* Define ThreadX basic types for this port.  */
 112:Middlewares/ST/threadx/ports/cortex_m4/gnu/inc/tx_port.h **** 
 113:Middlewares/ST/threadx/ports/cortex_m4/gnu/inc/tx_port.h **** #define VOID                                    void
 114:Middlewares/ST/threadx/ports/cortex_m4/gnu/inc/tx_port.h **** typedef char                                    CHAR;
 115:Middlewares/ST/threadx/ports/cortex_m4/gnu/inc/tx_port.h **** typedef unsigned char                           UCHAR;
 116:Middlewares/ST/threadx/ports/cortex_m4/gnu/inc/tx_port.h **** typedef int                                     INT;
 117:Middlewares/ST/threadx/ports/cortex_m4/gnu/inc/tx_port.h **** typedef unsigned int                            UINT;
 118:Middlewares/ST/threadx/ports/cortex_m4/gnu/inc/tx_port.h **** typedef long                                    LONG;
 119:Middlewares/ST/threadx/ports/cortex_m4/gnu/inc/tx_port.h **** typedef unsigned long                           ULONG;
 120:Middlewares/ST/threadx/ports/cortex_m4/gnu/inc/tx_port.h **** typedef unsigned long long                      ULONG64;
 121:Middlewares/ST/threadx/ports/cortex_m4/gnu/inc/tx_port.h **** typedef short                                   SHORT;
 122:Middlewares/ST/threadx/ports/cortex_m4/gnu/inc/tx_port.h **** typedef unsigned short                          USHORT;
 123:Middlewares/ST/threadx/ports/cortex_m4/gnu/inc/tx_port.h **** #define ULONG64_DEFINED
 124:Middlewares/ST/threadx/ports/cortex_m4/gnu/inc/tx_port.h **** 
 125:Middlewares/ST/threadx/ports/cortex_m4/gnu/inc/tx_port.h **** /* Define the priority levels for ThreadX.  Legal values range
 126:Middlewares/ST/threadx/ports/cortex_m4/gnu/inc/tx_port.h ****    from 32 to 1024 and MUST be evenly divisible by 32.  */
 127:Middlewares/ST/threadx/ports/cortex_m4/gnu/inc/tx_port.h **** 
 128:Middlewares/ST/threadx/ports/cortex_m4/gnu/inc/tx_port.h **** #ifndef TX_MAX_PRIORITIES
 129:Middlewares/ST/threadx/ports/cortex_m4/gnu/inc/tx_port.h **** #define TX_MAX_PRIORITIES                       32
 130:Middlewares/ST/threadx/ports/cortex_m4/gnu/inc/tx_port.h **** #endif
 131:Middlewares/ST/threadx/ports/cortex_m4/gnu/inc/tx_port.h **** 
 132:Middlewares/ST/threadx/ports/cortex_m4/gnu/inc/tx_port.h **** 
 133:Middlewares/ST/threadx/ports/cortex_m4/gnu/inc/tx_port.h **** /* Define the minimum stack for a ThreadX thread on this processor. If the size supplied during
 134:Middlewares/ST/threadx/ports/cortex_m4/gnu/inc/tx_port.h ****    thread creation is less than this value, the thread create call will return an error.  */
 135:Middlewares/ST/threadx/ports/cortex_m4/gnu/inc/tx_port.h **** 
 136:Middlewares/ST/threadx/ports/cortex_m4/gnu/inc/tx_port.h **** #ifndef TX_MINIMUM_STACK
 137:Middlewares/ST/threadx/ports/cortex_m4/gnu/inc/tx_port.h **** #define TX_MINIMUM_STACK                        200         /* Minimum stack size for this port  */
 138:Middlewares/ST/threadx/ports/cortex_m4/gnu/inc/tx_port.h **** #endif
 139:Middlewares/ST/threadx/ports/cortex_m4/gnu/inc/tx_port.h **** 
 140:Middlewares/ST/threadx/ports/cortex_m4/gnu/inc/tx_port.h **** 
 141:Middlewares/ST/threadx/ports/cortex_m4/gnu/inc/tx_port.h **** /* Define the system timer thread's default stack size and priority.  These are only applicable
 142:Middlewares/ST/threadx/ports/cortex_m4/gnu/inc/tx_port.h ****    if TX_TIMER_PROCESS_IN_ISR is not defined.  */
 143:Middlewares/ST/threadx/ports/cortex_m4/gnu/inc/tx_port.h **** 
 144:Middlewares/ST/threadx/ports/cortex_m4/gnu/inc/tx_port.h **** #ifndef TX_TIMER_THREAD_STACK_SIZE
 145:Middlewares/ST/threadx/ports/cortex_m4/gnu/inc/tx_port.h **** #define TX_TIMER_THREAD_STACK_SIZE              1024        /* Default timer thread stack size  */
 146:Middlewares/ST/threadx/ports/cortex_m4/gnu/inc/tx_port.h **** #endif
 147:Middlewares/ST/threadx/ports/cortex_m4/gnu/inc/tx_port.h **** 
 148:Middlewares/ST/threadx/ports/cortex_m4/gnu/inc/tx_port.h **** #ifndef TX_TIMER_THREAD_PRIORITY
 149:Middlewares/ST/threadx/ports/cortex_m4/gnu/inc/tx_port.h **** #define TX_TIMER_THREAD_PRIORITY                0           /* Default timer thread priority    */
 150:Middlewares/ST/threadx/ports/cortex_m4/gnu/inc/tx_port.h **** #endif
 151:Middlewares/ST/threadx/ports/cortex_m4/gnu/inc/tx_port.h **** 
ARM GAS  C:\Users\HP\AppData\Local\Temp\cc7t0aDI.s 			page 7


 152:Middlewares/ST/threadx/ports/cortex_m4/gnu/inc/tx_port.h **** /* By default, ThreadX for Cortex-M uses the PRIMASK register to enable/disable interrupts.
 153:Middlewares/ST/threadx/ports/cortex_m4/gnu/inc/tx_port.h **** If using BASEPRI is desired, define the following two symbols for both c and assembly files:
 154:Middlewares/ST/threadx/ports/cortex_m4/gnu/inc/tx_port.h **** TX_PORT_USE_BASEPRI - This tells ThreadX to use BASEPRI instead of PRIMASK.
 155:Middlewares/ST/threadx/ports/cortex_m4/gnu/inc/tx_port.h **** TX_PORT_BASEPRI = (priority_mask << (8 - number_priority_bits)) - this defines the maximum priority
 156:Middlewares/ST/threadx/ports/cortex_m4/gnu/inc/tx_port.h **** Any interrupt with a higher priority than priority_mask will not be masked, thus the interrupt will
 157:Middlewares/ST/threadx/ports/cortex_m4/gnu/inc/tx_port.h **** */
 158:Middlewares/ST/threadx/ports/cortex_m4/gnu/inc/tx_port.h **** 
 159:Middlewares/ST/threadx/ports/cortex_m4/gnu/inc/tx_port.h **** /* Define various constants for the ThreadX Cortex-M port.  */
 160:Middlewares/ST/threadx/ports/cortex_m4/gnu/inc/tx_port.h **** 
 161:Middlewares/ST/threadx/ports/cortex_m4/gnu/inc/tx_port.h **** #define TX_INT_DISABLE                          1           /* Disable interrupts               */
 162:Middlewares/ST/threadx/ports/cortex_m4/gnu/inc/tx_port.h **** #define TX_INT_ENABLE                           0           /* Enable interrupts                */
 163:Middlewares/ST/threadx/ports/cortex_m4/gnu/inc/tx_port.h **** 
 164:Middlewares/ST/threadx/ports/cortex_m4/gnu/inc/tx_port.h **** 
 165:Middlewares/ST/threadx/ports/cortex_m4/gnu/inc/tx_port.h **** /* Define the clock source for trace event entry time stamp. The following two item are port specif
 166:Middlewares/ST/threadx/ports/cortex_m4/gnu/inc/tx_port.h ****    For example, if the time source is at the address 0x0a800024 and is 16-bits in size, the clock
 167:Middlewares/ST/threadx/ports/cortex_m4/gnu/inc/tx_port.h ****    source constants would be:
 168:Middlewares/ST/threadx/ports/cortex_m4/gnu/inc/tx_port.h **** 
 169:Middlewares/ST/threadx/ports/cortex_m4/gnu/inc/tx_port.h **** #define TX_TRACE_TIME_SOURCE                    *((volatile ULONG *) 0x0a800024)
 170:Middlewares/ST/threadx/ports/cortex_m4/gnu/inc/tx_port.h **** #define TX_TRACE_TIME_MASK                      0x0000FFFFUL
 171:Middlewares/ST/threadx/ports/cortex_m4/gnu/inc/tx_port.h **** 
 172:Middlewares/ST/threadx/ports/cortex_m4/gnu/inc/tx_port.h **** */
 173:Middlewares/ST/threadx/ports/cortex_m4/gnu/inc/tx_port.h **** 
 174:Middlewares/ST/threadx/ports/cortex_m4/gnu/inc/tx_port.h **** #ifndef TX_MISRA_ENABLE
 175:Middlewares/ST/threadx/ports/cortex_m4/gnu/inc/tx_port.h **** #ifndef TX_TRACE_TIME_SOURCE
 176:Middlewares/ST/threadx/ports/cortex_m4/gnu/inc/tx_port.h **** #define TX_TRACE_TIME_SOURCE                    *((volatile ULONG *) 0xE0001004)
 177:Middlewares/ST/threadx/ports/cortex_m4/gnu/inc/tx_port.h **** #endif
 178:Middlewares/ST/threadx/ports/cortex_m4/gnu/inc/tx_port.h **** #else
 179:Middlewares/ST/threadx/ports/cortex_m4/gnu/inc/tx_port.h **** ULONG   _tx_misra_time_stamp_get(VOID);
 180:Middlewares/ST/threadx/ports/cortex_m4/gnu/inc/tx_port.h **** #define TX_TRACE_TIME_SOURCE                    _tx_misra_time_stamp_get()
 181:Middlewares/ST/threadx/ports/cortex_m4/gnu/inc/tx_port.h **** #endif
 182:Middlewares/ST/threadx/ports/cortex_m4/gnu/inc/tx_port.h **** 
 183:Middlewares/ST/threadx/ports/cortex_m4/gnu/inc/tx_port.h **** #ifndef TX_TRACE_TIME_MASK
 184:Middlewares/ST/threadx/ports/cortex_m4/gnu/inc/tx_port.h **** #define TX_TRACE_TIME_MASK                      0xFFFFFFFFUL
 185:Middlewares/ST/threadx/ports/cortex_m4/gnu/inc/tx_port.h **** #endif
 186:Middlewares/ST/threadx/ports/cortex_m4/gnu/inc/tx_port.h **** 
 187:Middlewares/ST/threadx/ports/cortex_m4/gnu/inc/tx_port.h **** #ifdef __ghs__
 188:Middlewares/ST/threadx/ports/cortex_m4/gnu/inc/tx_port.h **** /* Define constants for Green Hills EventAnalyzer.  */
 189:Middlewares/ST/threadx/ports/cortex_m4/gnu/inc/tx_port.h **** 
 190:Middlewares/ST/threadx/ports/cortex_m4/gnu/inc/tx_port.h **** /* Define the number of ticks per second. This informs the EventAnalyzer what the timestamps
 191:Middlewares/ST/threadx/ports/cortex_m4/gnu/inc/tx_port.h ****    represent.  By default, this is set to 1,000,000 i.e., one tick every microsecond. */
 192:Middlewares/ST/threadx/ports/cortex_m4/gnu/inc/tx_port.h **** 
 193:Middlewares/ST/threadx/ports/cortex_m4/gnu/inc/tx_port.h **** #define TX_EL_TICKS_PER_SECOND                  1000000
 194:Middlewares/ST/threadx/ports/cortex_m4/gnu/inc/tx_port.h **** 
 195:Middlewares/ST/threadx/ports/cortex_m4/gnu/inc/tx_port.h **** /* Define the method of how to get the upper and lower 32-bits of the time stamp. By default, simpl
 196:Middlewares/ST/threadx/ports/cortex_m4/gnu/inc/tx_port.h ****    simulate the time-stamp source with a counter.  */
 197:Middlewares/ST/threadx/ports/cortex_m4/gnu/inc/tx_port.h **** 
 198:Middlewares/ST/threadx/ports/cortex_m4/gnu/inc/tx_port.h **** #define read_tbu()                              _tx_el_time_base_upper
 199:Middlewares/ST/threadx/ports/cortex_m4/gnu/inc/tx_port.h **** #define read_tbl()                              ++_tx_el_time_base_lower
 200:Middlewares/ST/threadx/ports/cortex_m4/gnu/inc/tx_port.h **** #endif  /* __ghs__ */
 201:Middlewares/ST/threadx/ports/cortex_m4/gnu/inc/tx_port.h **** 
 202:Middlewares/ST/threadx/ports/cortex_m4/gnu/inc/tx_port.h **** /* Define the port specific options for the _tx_build_options variable. This variable indicates
 203:Middlewares/ST/threadx/ports/cortex_m4/gnu/inc/tx_port.h ****    how the ThreadX library was built.  */
 204:Middlewares/ST/threadx/ports/cortex_m4/gnu/inc/tx_port.h **** 
 205:Middlewares/ST/threadx/ports/cortex_m4/gnu/inc/tx_port.h **** #define TX_PORT_SPECIFIC_BUILD_OPTIONS          (0)
 206:Middlewares/ST/threadx/ports/cortex_m4/gnu/inc/tx_port.h **** 
 207:Middlewares/ST/threadx/ports/cortex_m4/gnu/inc/tx_port.h **** 
 208:Middlewares/ST/threadx/ports/cortex_m4/gnu/inc/tx_port.h **** /* Define the in-line initialization constant so that modules with in-line
ARM GAS  C:\Users\HP\AppData\Local\Temp\cc7t0aDI.s 			page 8


 209:Middlewares/ST/threadx/ports/cortex_m4/gnu/inc/tx_port.h ****    initialization capabilities can prevent their initialization from being
 210:Middlewares/ST/threadx/ports/cortex_m4/gnu/inc/tx_port.h ****    a function call.  */
 211:Middlewares/ST/threadx/ports/cortex_m4/gnu/inc/tx_port.h **** 
 212:Middlewares/ST/threadx/ports/cortex_m4/gnu/inc/tx_port.h **** #ifdef TX_MISRA_ENABLE
 213:Middlewares/ST/threadx/ports/cortex_m4/gnu/inc/tx_port.h **** #define TX_DISABLE_INLINE
 214:Middlewares/ST/threadx/ports/cortex_m4/gnu/inc/tx_port.h **** #else
 215:Middlewares/ST/threadx/ports/cortex_m4/gnu/inc/tx_port.h **** #define TX_INLINE_INITIALIZATION
 216:Middlewares/ST/threadx/ports/cortex_m4/gnu/inc/tx_port.h **** #endif
 217:Middlewares/ST/threadx/ports/cortex_m4/gnu/inc/tx_port.h **** 
 218:Middlewares/ST/threadx/ports/cortex_m4/gnu/inc/tx_port.h **** 
 219:Middlewares/ST/threadx/ports/cortex_m4/gnu/inc/tx_port.h **** /* Determine whether or not stack checking is enabled. By default, ThreadX stack checking is
 220:Middlewares/ST/threadx/ports/cortex_m4/gnu/inc/tx_port.h ****    disabled. When the following is defined, ThreadX thread stack checking is enabled.  If stack
 221:Middlewares/ST/threadx/ports/cortex_m4/gnu/inc/tx_port.h ****    checking is enabled (TX_ENABLE_STACK_CHECKING is defined), the TX_DISABLE_STACK_FILLING
 222:Middlewares/ST/threadx/ports/cortex_m4/gnu/inc/tx_port.h ****    define is negated, thereby forcing the stack fill which is necessary for the stack checking
 223:Middlewares/ST/threadx/ports/cortex_m4/gnu/inc/tx_port.h ****    logic.  */
 224:Middlewares/ST/threadx/ports/cortex_m4/gnu/inc/tx_port.h **** 
 225:Middlewares/ST/threadx/ports/cortex_m4/gnu/inc/tx_port.h **** #ifndef TX_MISRA_ENABLE
 226:Middlewares/ST/threadx/ports/cortex_m4/gnu/inc/tx_port.h **** #ifdef TX_ENABLE_STACK_CHECKING
 227:Middlewares/ST/threadx/ports/cortex_m4/gnu/inc/tx_port.h **** #undef TX_DISABLE_STACK_FILLING
 228:Middlewares/ST/threadx/ports/cortex_m4/gnu/inc/tx_port.h **** #endif
 229:Middlewares/ST/threadx/ports/cortex_m4/gnu/inc/tx_port.h **** #endif
 230:Middlewares/ST/threadx/ports/cortex_m4/gnu/inc/tx_port.h **** 
 231:Middlewares/ST/threadx/ports/cortex_m4/gnu/inc/tx_port.h **** 
 232:Middlewares/ST/threadx/ports/cortex_m4/gnu/inc/tx_port.h **** /* Define the TX_THREAD control block extensions for this port. The main reason
 233:Middlewares/ST/threadx/ports/cortex_m4/gnu/inc/tx_port.h ****    for the multiple macros is so that backward compatibility can be maintained with
 234:Middlewares/ST/threadx/ports/cortex_m4/gnu/inc/tx_port.h ****    existing ThreadX kernel awareness modules.  */
 235:Middlewares/ST/threadx/ports/cortex_m4/gnu/inc/tx_port.h **** 
 236:Middlewares/ST/threadx/ports/cortex_m4/gnu/inc/tx_port.h **** #define TX_THREAD_EXTENSION_0
 237:Middlewares/ST/threadx/ports/cortex_m4/gnu/inc/tx_port.h **** #define TX_THREAD_EXTENSION_1
 238:Middlewares/ST/threadx/ports/cortex_m4/gnu/inc/tx_port.h **** #ifdef  TX_ENABLE_IAR_LIBRARY_SUPPORT
 239:Middlewares/ST/threadx/ports/cortex_m4/gnu/inc/tx_port.h **** #define TX_THREAD_EXTENSION_2           VOID    *tx_thread_iar_tls_pointer;
 240:Middlewares/ST/threadx/ports/cortex_m4/gnu/inc/tx_port.h **** #elif defined(__ghs__)
 241:Middlewares/ST/threadx/ports/cortex_m4/gnu/inc/tx_port.h **** #define TX_THREAD_EXTENSION_2           VOID *  tx_thread_eh_globals;                           \
 242:Middlewares/ST/threadx/ports/cortex_m4/gnu/inc/tx_port.h ****                                         int     Errno;             /* errno.  */                \
 243:Middlewares/ST/threadx/ports/cortex_m4/gnu/inc/tx_port.h ****                                         char *  strtok_saved_pos;  /* strtok() position.  */
 244:Middlewares/ST/threadx/ports/cortex_m4/gnu/inc/tx_port.h **** #else
 245:Middlewares/ST/threadx/ports/cortex_m4/gnu/inc/tx_port.h **** #define TX_THREAD_EXTENSION_2
 246:Middlewares/ST/threadx/ports/cortex_m4/gnu/inc/tx_port.h **** #endif
 247:Middlewares/ST/threadx/ports/cortex_m4/gnu/inc/tx_port.h **** 
 248:Middlewares/ST/threadx/ports/cortex_m4/gnu/inc/tx_port.h **** 
 249:Middlewares/ST/threadx/ports/cortex_m4/gnu/inc/tx_port.h **** #define TX_THREAD_EXTENSION_3
 250:Middlewares/ST/threadx/ports/cortex_m4/gnu/inc/tx_port.h **** 
 251:Middlewares/ST/threadx/ports/cortex_m4/gnu/inc/tx_port.h **** 
 252:Middlewares/ST/threadx/ports/cortex_m4/gnu/inc/tx_port.h **** 
 253:Middlewares/ST/threadx/ports/cortex_m4/gnu/inc/tx_port.h **** /* Define the port extensions of the remaining ThreadX objects.  */
 254:Middlewares/ST/threadx/ports/cortex_m4/gnu/inc/tx_port.h **** 
 255:Middlewares/ST/threadx/ports/cortex_m4/gnu/inc/tx_port.h **** #define TX_BLOCK_POOL_EXTENSION
 256:Middlewares/ST/threadx/ports/cortex_m4/gnu/inc/tx_port.h **** #define TX_BYTE_POOL_EXTENSION
 257:Middlewares/ST/threadx/ports/cortex_m4/gnu/inc/tx_port.h **** #define TX_EVENT_FLAGS_GROUP_EXTENSION
 258:Middlewares/ST/threadx/ports/cortex_m4/gnu/inc/tx_port.h **** #define TX_MUTEX_EXTENSION
 259:Middlewares/ST/threadx/ports/cortex_m4/gnu/inc/tx_port.h **** #define TX_QUEUE_EXTENSION
 260:Middlewares/ST/threadx/ports/cortex_m4/gnu/inc/tx_port.h **** #define TX_SEMAPHORE_EXTENSION
 261:Middlewares/ST/threadx/ports/cortex_m4/gnu/inc/tx_port.h **** #define TX_TIMER_EXTENSION
 262:Middlewares/ST/threadx/ports/cortex_m4/gnu/inc/tx_port.h **** 
 263:Middlewares/ST/threadx/ports/cortex_m4/gnu/inc/tx_port.h **** 
 264:Middlewares/ST/threadx/ports/cortex_m4/gnu/inc/tx_port.h **** /* Define the user extension field of the thread control block.  Nothing
 265:Middlewares/ST/threadx/ports/cortex_m4/gnu/inc/tx_port.h ****    additional is needed for this port so it is defined as white space.  */
ARM GAS  C:\Users\HP\AppData\Local\Temp\cc7t0aDI.s 			page 9


 266:Middlewares/ST/threadx/ports/cortex_m4/gnu/inc/tx_port.h **** 
 267:Middlewares/ST/threadx/ports/cortex_m4/gnu/inc/tx_port.h **** #ifndef TX_THREAD_USER_EXTENSION
 268:Middlewares/ST/threadx/ports/cortex_m4/gnu/inc/tx_port.h **** #define TX_THREAD_USER_EXTENSION
 269:Middlewares/ST/threadx/ports/cortex_m4/gnu/inc/tx_port.h **** #endif
 270:Middlewares/ST/threadx/ports/cortex_m4/gnu/inc/tx_port.h **** 
 271:Middlewares/ST/threadx/ports/cortex_m4/gnu/inc/tx_port.h **** 
 272:Middlewares/ST/threadx/ports/cortex_m4/gnu/inc/tx_port.h **** /* Define the macros for processing extensions in tx_thread_create, tx_thread_delete,
 273:Middlewares/ST/threadx/ports/cortex_m4/gnu/inc/tx_port.h ****    tx_thread_shell_entry, and tx_thread_terminate.  */
 274:Middlewares/ST/threadx/ports/cortex_m4/gnu/inc/tx_port.h **** 
 275:Middlewares/ST/threadx/ports/cortex_m4/gnu/inc/tx_port.h **** 
 276:Middlewares/ST/threadx/ports/cortex_m4/gnu/inc/tx_port.h **** #ifdef  TX_ENABLE_IAR_LIBRARY_SUPPORT
 277:Middlewares/ST/threadx/ports/cortex_m4/gnu/inc/tx_port.h **** #if (__VER__ < 8000000)
 278:Middlewares/ST/threadx/ports/cortex_m4/gnu/inc/tx_port.h **** #define TX_THREAD_CREATE_EXTENSION(thread_ptr)                      thread_ptr -> tx_thread_iar_tls
 279:Middlewares/ST/threadx/ports/cortex_m4/gnu/inc/tx_port.h **** #define TX_THREAD_DELETE_EXTENSION(thread_ptr)                      __iar_dlib_perthread_deallocate
 280:Middlewares/ST/threadx/ports/cortex_m4/gnu/inc/tx_port.h ****                                                                     thread_ptr -> tx_thread_iar_tls
 281:Middlewares/ST/threadx/ports/cortex_m4/gnu/inc/tx_port.h **** #define TX_PORT_SPECIFIC_PRE_SCHEDULER_INITIALIZATION               __iar_dlib_perthread_access(0);
 282:Middlewares/ST/threadx/ports/cortex_m4/gnu/inc/tx_port.h **** #else
 283:Middlewares/ST/threadx/ports/cortex_m4/gnu/inc/tx_port.h **** void    *_tx_iar_create_per_thread_tls_area(void);
 284:Middlewares/ST/threadx/ports/cortex_m4/gnu/inc/tx_port.h **** void    _tx_iar_destroy_per_thread_tls_area(void *tls_ptr);
 285:Middlewares/ST/threadx/ports/cortex_m4/gnu/inc/tx_port.h **** void    __iar_Initlocks(void);
 286:Middlewares/ST/threadx/ports/cortex_m4/gnu/inc/tx_port.h **** 
 287:Middlewares/ST/threadx/ports/cortex_m4/gnu/inc/tx_port.h **** #define TX_THREAD_CREATE_EXTENSION(thread_ptr)                      thread_ptr -> tx_thread_iar_tls
 288:Middlewares/ST/threadx/ports/cortex_m4/gnu/inc/tx_port.h **** #define TX_THREAD_DELETE_EXTENSION(thread_ptr)                      do {_tx_iar_destroy_per_thread_
 289:Middlewares/ST/threadx/ports/cortex_m4/gnu/inc/tx_port.h ****                                                                         thread_ptr -> tx_thread_iar
 290:Middlewares/ST/threadx/ports/cortex_m4/gnu/inc/tx_port.h **** #define TX_PORT_SPECIFIC_PRE_SCHEDULER_INITIALIZATION               do {__iar_Initlocks();} while(0
 291:Middlewares/ST/threadx/ports/cortex_m4/gnu/inc/tx_port.h **** #endif
 292:Middlewares/ST/threadx/ports/cortex_m4/gnu/inc/tx_port.h **** #else
 293:Middlewares/ST/threadx/ports/cortex_m4/gnu/inc/tx_port.h **** #define TX_THREAD_CREATE_EXTENSION(thread_ptr)
 294:Middlewares/ST/threadx/ports/cortex_m4/gnu/inc/tx_port.h **** #define TX_THREAD_DELETE_EXTENSION(thread_ptr)
 295:Middlewares/ST/threadx/ports/cortex_m4/gnu/inc/tx_port.h **** #endif
 296:Middlewares/ST/threadx/ports/cortex_m4/gnu/inc/tx_port.h **** 
 297:Middlewares/ST/threadx/ports/cortex_m4/gnu/inc/tx_port.h **** #if defined(__ARMVFP__) || defined(__ARM_PCS_VFP) || defined(__ARM_FP) || defined(__TARGET_FPU_VFP)
 298:Middlewares/ST/threadx/ports/cortex_m4/gnu/inc/tx_port.h **** 
 299:Middlewares/ST/threadx/ports/cortex_m4/gnu/inc/tx_port.h **** #ifdef TX_MISRA_ENABLE
 300:Middlewares/ST/threadx/ports/cortex_m4/gnu/inc/tx_port.h **** 
 301:Middlewares/ST/threadx/ports/cortex_m4/gnu/inc/tx_port.h **** ULONG  _tx_misra_control_get(void);
 302:Middlewares/ST/threadx/ports/cortex_m4/gnu/inc/tx_port.h **** void   _tx_misra_control_set(ULONG value);
 303:Middlewares/ST/threadx/ports/cortex_m4/gnu/inc/tx_port.h **** ULONG  _tx_misra_fpccr_get(void);
 304:Middlewares/ST/threadx/ports/cortex_m4/gnu/inc/tx_port.h **** void   _tx_misra_vfp_touch(void);
 305:Middlewares/ST/threadx/ports/cortex_m4/gnu/inc/tx_port.h **** 
 306:Middlewares/ST/threadx/ports/cortex_m4/gnu/inc/tx_port.h **** #else   /* TX_MISRA_ENABLE not defined */
 307:Middlewares/ST/threadx/ports/cortex_m4/gnu/inc/tx_port.h **** 
 308:Middlewares/ST/threadx/ports/cortex_m4/gnu/inc/tx_port.h **** /* Define some helper functions (these are intrinsics in some compilers). */
 309:Middlewares/ST/threadx/ports/cortex_m4/gnu/inc/tx_port.h **** #ifdef __GNUC__ /* GCC and ARM Compiler 6 */
 310:Middlewares/ST/threadx/ports/cortex_m4/gnu/inc/tx_port.h **** 
 311:Middlewares/ST/threadx/ports/cortex_m4/gnu/inc/tx_port.h **** __attribute__( ( always_inline ) ) static inline ULONG __get_control_value(void)
 312:Middlewares/ST/threadx/ports/cortex_m4/gnu/inc/tx_port.h **** {
 313:Middlewares/ST/threadx/ports/cortex_m4/gnu/inc/tx_port.h **** ULONG  control_value;
 314:Middlewares/ST/threadx/ports/cortex_m4/gnu/inc/tx_port.h **** 
 315:Middlewares/ST/threadx/ports/cortex_m4/gnu/inc/tx_port.h ****     __asm__ volatile (" MRS  %0,CONTROL ": "=r" (control_value) );
 316:Middlewares/ST/threadx/ports/cortex_m4/gnu/inc/tx_port.h ****     return(control_value);
 317:Middlewares/ST/threadx/ports/cortex_m4/gnu/inc/tx_port.h **** }
 318:Middlewares/ST/threadx/ports/cortex_m4/gnu/inc/tx_port.h **** 
 319:Middlewares/ST/threadx/ports/cortex_m4/gnu/inc/tx_port.h **** __attribute__( ( always_inline ) ) static inline void __set_control_value(ULONG control_value)
 320:Middlewares/ST/threadx/ports/cortex_m4/gnu/inc/tx_port.h **** {
 321:Middlewares/ST/threadx/ports/cortex_m4/gnu/inc/tx_port.h ****     __asm__ volatile (" MSR  CONTROL,%0": : "r" (control_value): "memory" );
 322:Middlewares/ST/threadx/ports/cortex_m4/gnu/inc/tx_port.h **** }
ARM GAS  C:\Users\HP\AppData\Local\Temp\cc7t0aDI.s 			page 10


 323:Middlewares/ST/threadx/ports/cortex_m4/gnu/inc/tx_port.h **** 
 324:Middlewares/ST/threadx/ports/cortex_m4/gnu/inc/tx_port.h **** #define TX_VFP_TOUCH()  __asm__ volatile ("VMOV.F32 s0, s0");
 325:Middlewares/ST/threadx/ports/cortex_m4/gnu/inc/tx_port.h **** 
 326:Middlewares/ST/threadx/ports/cortex_m4/gnu/inc/tx_port.h **** #elif defined(__CC_ARM) /* ARM Compiler 5 */
 327:Middlewares/ST/threadx/ports/cortex_m4/gnu/inc/tx_port.h **** 
 328:Middlewares/ST/threadx/ports/cortex_m4/gnu/inc/tx_port.h **** __attribute__( ( always_inline ) ) ULONG __get_control_value(void)
 329:Middlewares/ST/threadx/ports/cortex_m4/gnu/inc/tx_port.h **** {
 330:Middlewares/ST/threadx/ports/cortex_m4/gnu/inc/tx_port.h **** ULONG  control_value;
 331:Middlewares/ST/threadx/ports/cortex_m4/gnu/inc/tx_port.h **** 
 332:Middlewares/ST/threadx/ports/cortex_m4/gnu/inc/tx_port.h ****     __asm volatile ("MRS control_value,CONTROL");
 333:Middlewares/ST/threadx/ports/cortex_m4/gnu/inc/tx_port.h ****     return(control_value);
 334:Middlewares/ST/threadx/ports/cortex_m4/gnu/inc/tx_port.h **** }
 335:Middlewares/ST/threadx/ports/cortex_m4/gnu/inc/tx_port.h **** 
 336:Middlewares/ST/threadx/ports/cortex_m4/gnu/inc/tx_port.h **** __attribute__( ( always_inline ) ) void __set_control_value(ULONG control_value)
 337:Middlewares/ST/threadx/ports/cortex_m4/gnu/inc/tx_port.h **** {
 338:Middlewares/ST/threadx/ports/cortex_m4/gnu/inc/tx_port.h ****     __asm__ volatile ("MSR CONTROL,control_value");
 339:Middlewares/ST/threadx/ports/cortex_m4/gnu/inc/tx_port.h **** }
 340:Middlewares/ST/threadx/ports/cortex_m4/gnu/inc/tx_port.h **** /* Can't access VFP registers with inline asm, so define this in tx_thread_schedule.  */
 341:Middlewares/ST/threadx/ports/cortex_m4/gnu/inc/tx_port.h **** void _tx_vfp_access(void);
 342:Middlewares/ST/threadx/ports/cortex_m4/gnu/inc/tx_port.h **** #define TX_VFP_TOUCH()  _tx_vfp_access();
 343:Middlewares/ST/threadx/ports/cortex_m4/gnu/inc/tx_port.h **** 
 344:Middlewares/ST/threadx/ports/cortex_m4/gnu/inc/tx_port.h **** #elif defined(__ICCARM__)  /* IAR */
 345:Middlewares/ST/threadx/ports/cortex_m4/gnu/inc/tx_port.h **** #define TX_VFP_TOUCH()  __asm__ volatile ("VMOV.F32 s0, s0");
 346:Middlewares/ST/threadx/ports/cortex_m4/gnu/inc/tx_port.h **** #endif  /* Helper functions for different compilers */
 347:Middlewares/ST/threadx/ports/cortex_m4/gnu/inc/tx_port.h **** 
 348:Middlewares/ST/threadx/ports/cortex_m4/gnu/inc/tx_port.h **** #endif  /* TX_MISRA_ENABLE */
 349:Middlewares/ST/threadx/ports/cortex_m4/gnu/inc/tx_port.h **** 
 350:Middlewares/ST/threadx/ports/cortex_m4/gnu/inc/tx_port.h **** 
 351:Middlewares/ST/threadx/ports/cortex_m4/gnu/inc/tx_port.h **** /* A completed thread falls into _thread_shell_entry and we can simply deactivate the FPU via CONTR
 352:Middlewares/ST/threadx/ports/cortex_m4/gnu/inc/tx_port.h ****    in order to ensure no lazy stacking will occur. */
 353:Middlewares/ST/threadx/ports/cortex_m4/gnu/inc/tx_port.h **** 
 354:Middlewares/ST/threadx/ports/cortex_m4/gnu/inc/tx_port.h **** #ifndef TX_MISRA_ENABLE
 355:Middlewares/ST/threadx/ports/cortex_m4/gnu/inc/tx_port.h **** 
 356:Middlewares/ST/threadx/ports/cortex_m4/gnu/inc/tx_port.h **** #define TX_THREAD_COMPLETED_EXTENSION(thread_ptr)   {                                              
 357:Middlewares/ST/threadx/ports/cortex_m4/gnu/inc/tx_port.h ****                                                     ULONG  _tx_vfp_state;                          
 358:Middlewares/ST/threadx/ports/cortex_m4/gnu/inc/tx_port.h ****                                                         _tx_vfp_state =  __get_control_value();    
 359:Middlewares/ST/threadx/ports/cortex_m4/gnu/inc/tx_port.h ****                                                         _tx_vfp_state =  _tx_vfp_state & ~((ULONG) 
 360:Middlewares/ST/threadx/ports/cortex_m4/gnu/inc/tx_port.h ****                                                         __set_control_value(_tx_vfp_state);        
 361:Middlewares/ST/threadx/ports/cortex_m4/gnu/inc/tx_port.h ****                                                     }
 362:Middlewares/ST/threadx/ports/cortex_m4/gnu/inc/tx_port.h **** #else
 363:Middlewares/ST/threadx/ports/cortex_m4/gnu/inc/tx_port.h **** 
 364:Middlewares/ST/threadx/ports/cortex_m4/gnu/inc/tx_port.h **** #define TX_THREAD_COMPLETED_EXTENSION(thread_ptr)   {                                              
 365:Middlewares/ST/threadx/ports/cortex_m4/gnu/inc/tx_port.h ****                                                     ULONG  _tx_vfp_state;                          
 366:Middlewares/ST/threadx/ports/cortex_m4/gnu/inc/tx_port.h ****                                                         _tx_vfp_state =  _tx_misra_control_get();  
 367:Middlewares/ST/threadx/ports/cortex_m4/gnu/inc/tx_port.h ****                                                         _tx_vfp_state =  _tx_vfp_state & ~((ULONG) 
 368:Middlewares/ST/threadx/ports/cortex_m4/gnu/inc/tx_port.h ****                                                         _tx_misra_control_set(_tx_vfp_state);      
 369:Middlewares/ST/threadx/ports/cortex_m4/gnu/inc/tx_port.h ****                                                     }
 370:Middlewares/ST/threadx/ports/cortex_m4/gnu/inc/tx_port.h **** 
 371:Middlewares/ST/threadx/ports/cortex_m4/gnu/inc/tx_port.h **** #endif
 372:Middlewares/ST/threadx/ports/cortex_m4/gnu/inc/tx_port.h **** 
 373:Middlewares/ST/threadx/ports/cortex_m4/gnu/inc/tx_port.h **** /* A thread can be terminated by another thread, so we first check if it's self-terminating and not
 374:Middlewares/ST/threadx/ports/cortex_m4/gnu/inc/tx_port.h ****    If so, deactivate the FPU via CONTROL.FPCA. Otherwise we are in an interrupt or another thread i
 375:Middlewares/ST/threadx/ports/cortex_m4/gnu/inc/tx_port.h ****    this one, so if the FPCCR.LSPACT bit is set, we need to save the CONTROL.FPCA state, touch the F
 376:Middlewares/ST/threadx/ports/cortex_m4/gnu/inc/tx_port.h ****    the lazy FPU save, then restore the CONTROL.FPCA state. */
 377:Middlewares/ST/threadx/ports/cortex_m4/gnu/inc/tx_port.h **** 
 378:Middlewares/ST/threadx/ports/cortex_m4/gnu/inc/tx_port.h **** #ifndef TX_MISRA_ENABLE
 379:Middlewares/ST/threadx/ports/cortex_m4/gnu/inc/tx_port.h **** 
ARM GAS  C:\Users\HP\AppData\Local\Temp\cc7t0aDI.s 			page 11


 380:Middlewares/ST/threadx/ports/cortex_m4/gnu/inc/tx_port.h **** #define TX_THREAD_TERMINATED_EXTENSION(thread_ptr)  {                                              
 381:Middlewares/ST/threadx/ports/cortex_m4/gnu/inc/tx_port.h ****                                                     ULONG  _tx_system_state;                       
 382:Middlewares/ST/threadx/ports/cortex_m4/gnu/inc/tx_port.h ****                                                         _tx_system_state =  TX_THREAD_GET_SYSTEM_ST
 383:Middlewares/ST/threadx/ports/cortex_m4/gnu/inc/tx_port.h ****                                                         if ((_tx_system_state == ((ULONG) 0)) && ((
 384:Middlewares/ST/threadx/ports/cortex_m4/gnu/inc/tx_port.h ****                                                         {                                          
 385:Middlewares/ST/threadx/ports/cortex_m4/gnu/inc/tx_port.h ****                                                         ULONG  _tx_vfp_state;                      
 386:Middlewares/ST/threadx/ports/cortex_m4/gnu/inc/tx_port.h ****                                                             _tx_vfp_state =  __get_control_value();
 387:Middlewares/ST/threadx/ports/cortex_m4/gnu/inc/tx_port.h ****                                                             _tx_vfp_state =  _tx_vfp_state & ~((ULO
 388:Middlewares/ST/threadx/ports/cortex_m4/gnu/inc/tx_port.h ****                                                             __set_control_value(_tx_vfp_state);    
 389:Middlewares/ST/threadx/ports/cortex_m4/gnu/inc/tx_port.h ****                                                         }                                          
 390:Middlewares/ST/threadx/ports/cortex_m4/gnu/inc/tx_port.h ****                                                         else                                       
 391:Middlewares/ST/threadx/ports/cortex_m4/gnu/inc/tx_port.h ****                                                         {                                          
 392:Middlewares/ST/threadx/ports/cortex_m4/gnu/inc/tx_port.h ****                                                         ULONG  _tx_fpccr;                          
 393:Middlewares/ST/threadx/ports/cortex_m4/gnu/inc/tx_port.h ****                                                             _tx_fpccr =  *((volatile ULONG *) 0xE00
 394:Middlewares/ST/threadx/ports/cortex_m4/gnu/inc/tx_port.h ****                                                             _tx_fpccr =  _tx_fpccr & ((ULONG) 0x01)
 395:Middlewares/ST/threadx/ports/cortex_m4/gnu/inc/tx_port.h ****                                                             if (_tx_fpccr == ((ULONG) 0x01))       
 396:Middlewares/ST/threadx/ports/cortex_m4/gnu/inc/tx_port.h ****                                                             {                                      
 397:Middlewares/ST/threadx/ports/cortex_m4/gnu/inc/tx_port.h ****                                                             ULONG _tx_vfp_state;                   
 398:Middlewares/ST/threadx/ports/cortex_m4/gnu/inc/tx_port.h ****                                                                 _tx_vfp_state = __get_control_value
 399:Middlewares/ST/threadx/ports/cortex_m4/gnu/inc/tx_port.h ****                                                                 _tx_vfp_state =  _tx_vfp_state & ((
 400:Middlewares/ST/threadx/ports/cortex_m4/gnu/inc/tx_port.h ****                                                                 TX_VFP_TOUCH();                    
 401:Middlewares/ST/threadx/ports/cortex_m4/gnu/inc/tx_port.h ****                                                                 if (_tx_vfp_state == ((ULONG) 0))  
 402:Middlewares/ST/threadx/ports/cortex_m4/gnu/inc/tx_port.h ****                                                                 {                                  
 403:Middlewares/ST/threadx/ports/cortex_m4/gnu/inc/tx_port.h ****                                                                     _tx_vfp_state =  __get_control_
 404:Middlewares/ST/threadx/ports/cortex_m4/gnu/inc/tx_port.h ****                                                                     _tx_vfp_state =  _tx_vfp_state 
 405:Middlewares/ST/threadx/ports/cortex_m4/gnu/inc/tx_port.h ****                                                                     __set_control_value(_tx_vfp_sta
 406:Middlewares/ST/threadx/ports/cortex_m4/gnu/inc/tx_port.h ****                                                                 }                                  
 407:Middlewares/ST/threadx/ports/cortex_m4/gnu/inc/tx_port.h ****                                                             }                                      
 408:Middlewares/ST/threadx/ports/cortex_m4/gnu/inc/tx_port.h ****                                                         }                                          
 409:Middlewares/ST/threadx/ports/cortex_m4/gnu/inc/tx_port.h ****                                                     }
 410:Middlewares/ST/threadx/ports/cortex_m4/gnu/inc/tx_port.h **** #else
 411:Middlewares/ST/threadx/ports/cortex_m4/gnu/inc/tx_port.h **** 
 412:Middlewares/ST/threadx/ports/cortex_m4/gnu/inc/tx_port.h **** #define TX_THREAD_TERMINATED_EXTENSION(thread_ptr)  {                                              
 413:Middlewares/ST/threadx/ports/cortex_m4/gnu/inc/tx_port.h ****                                                     ULONG  _tx_system_state;                       
 414:Middlewares/ST/threadx/ports/cortex_m4/gnu/inc/tx_port.h ****                                                         _tx_system_state =  TX_THREAD_GET_SYSTEM_ST
 415:Middlewares/ST/threadx/ports/cortex_m4/gnu/inc/tx_port.h ****                                                         if ((_tx_system_state == ((ULONG) 0)) && ((
 416:Middlewares/ST/threadx/ports/cortex_m4/gnu/inc/tx_port.h ****                                                         {                                          
 417:Middlewares/ST/threadx/ports/cortex_m4/gnu/inc/tx_port.h ****                                                         ULONG  _tx_vfp_state;                      
 418:Middlewares/ST/threadx/ports/cortex_m4/gnu/inc/tx_port.h ****                                                             _tx_vfp_state =  _tx_misra_control_get(
 419:Middlewares/ST/threadx/ports/cortex_m4/gnu/inc/tx_port.h ****                                                             _tx_vfp_state =  _tx_vfp_state & ~((ULO
 420:Middlewares/ST/threadx/ports/cortex_m4/gnu/inc/tx_port.h ****                                                             _tx_misra_control_set(_tx_vfp_state);  
 421:Middlewares/ST/threadx/ports/cortex_m4/gnu/inc/tx_port.h ****                                                         }                                          
 422:Middlewares/ST/threadx/ports/cortex_m4/gnu/inc/tx_port.h ****                                                         else                                       
 423:Middlewares/ST/threadx/ports/cortex_m4/gnu/inc/tx_port.h ****                                                         {                                          
 424:Middlewares/ST/threadx/ports/cortex_m4/gnu/inc/tx_port.h ****                                                         ULONG  _tx_fpccr;                          
 425:Middlewares/ST/threadx/ports/cortex_m4/gnu/inc/tx_port.h ****                                                             _tx_fpccr =  _tx_misra_fpccr_get();    
 426:Middlewares/ST/threadx/ports/cortex_m4/gnu/inc/tx_port.h ****                                                             _tx_fpccr =  _tx_fpccr & ((ULONG) 0x01)
 427:Middlewares/ST/threadx/ports/cortex_m4/gnu/inc/tx_port.h ****                                                             if (_tx_fpccr == ((ULONG) 0x01))       
 428:Middlewares/ST/threadx/ports/cortex_m4/gnu/inc/tx_port.h ****                                                             {                                      
 429:Middlewares/ST/threadx/ports/cortex_m4/gnu/inc/tx_port.h ****                                                             ULONG _tx_vfp_state;                   
 430:Middlewares/ST/threadx/ports/cortex_m4/gnu/inc/tx_port.h ****                                                                 _tx_vfp_state = _tx_misra_control_g
 431:Middlewares/ST/threadx/ports/cortex_m4/gnu/inc/tx_port.h ****                                                                 _tx_vfp_state =  _tx_vfp_state & ((
 432:Middlewares/ST/threadx/ports/cortex_m4/gnu/inc/tx_port.h ****                                                                 _tx_misra_vfp_touch();             
 433:Middlewares/ST/threadx/ports/cortex_m4/gnu/inc/tx_port.h ****                                                                 if (_tx_vfp_state == ((ULONG) 0))  
 434:Middlewares/ST/threadx/ports/cortex_m4/gnu/inc/tx_port.h ****                                                                 {                                  
 435:Middlewares/ST/threadx/ports/cortex_m4/gnu/inc/tx_port.h ****                                                                     _tx_vfp_state =  _tx_misra_cont
 436:Middlewares/ST/threadx/ports/cortex_m4/gnu/inc/tx_port.h ****                                                                     _tx_vfp_state =  _tx_vfp_state 
ARM GAS  C:\Users\HP\AppData\Local\Temp\cc7t0aDI.s 			page 12


 437:Middlewares/ST/threadx/ports/cortex_m4/gnu/inc/tx_port.h ****                                                                     _tx_misra_control_set(_tx_vfp_s
 438:Middlewares/ST/threadx/ports/cortex_m4/gnu/inc/tx_port.h ****                                                                 }                                  
 439:Middlewares/ST/threadx/ports/cortex_m4/gnu/inc/tx_port.h ****                                                             }                                      
 440:Middlewares/ST/threadx/ports/cortex_m4/gnu/inc/tx_port.h ****                                                         }                                          
 441:Middlewares/ST/threadx/ports/cortex_m4/gnu/inc/tx_port.h ****                                                     }
 442:Middlewares/ST/threadx/ports/cortex_m4/gnu/inc/tx_port.h **** #endif
 443:Middlewares/ST/threadx/ports/cortex_m4/gnu/inc/tx_port.h **** 
 444:Middlewares/ST/threadx/ports/cortex_m4/gnu/inc/tx_port.h **** #else   /* No VFP in use */
 445:Middlewares/ST/threadx/ports/cortex_m4/gnu/inc/tx_port.h **** 
 446:Middlewares/ST/threadx/ports/cortex_m4/gnu/inc/tx_port.h **** #define TX_THREAD_COMPLETED_EXTENSION(thread_ptr)
 447:Middlewares/ST/threadx/ports/cortex_m4/gnu/inc/tx_port.h **** #define TX_THREAD_TERMINATED_EXTENSION(thread_ptr)
 448:Middlewares/ST/threadx/ports/cortex_m4/gnu/inc/tx_port.h **** 
 449:Middlewares/ST/threadx/ports/cortex_m4/gnu/inc/tx_port.h **** #endif  /* defined(__ARMVFP__) || defined(__ARM_PCS_VFP) || defined(__ARM_FP) || defined(__TARGET_F
 450:Middlewares/ST/threadx/ports/cortex_m4/gnu/inc/tx_port.h **** 
 451:Middlewares/ST/threadx/ports/cortex_m4/gnu/inc/tx_port.h **** 
 452:Middlewares/ST/threadx/ports/cortex_m4/gnu/inc/tx_port.h **** /* Define the ThreadX object creation extensions for the remaining objects.  */
 453:Middlewares/ST/threadx/ports/cortex_m4/gnu/inc/tx_port.h **** 
 454:Middlewares/ST/threadx/ports/cortex_m4/gnu/inc/tx_port.h **** #define TX_BLOCK_POOL_CREATE_EXTENSION(pool_ptr)
 455:Middlewares/ST/threadx/ports/cortex_m4/gnu/inc/tx_port.h **** #define TX_BYTE_POOL_CREATE_EXTENSION(pool_ptr)
 456:Middlewares/ST/threadx/ports/cortex_m4/gnu/inc/tx_port.h **** #define TX_EVENT_FLAGS_GROUP_CREATE_EXTENSION(group_ptr)
 457:Middlewares/ST/threadx/ports/cortex_m4/gnu/inc/tx_port.h **** #define TX_MUTEX_CREATE_EXTENSION(mutex_ptr)
 458:Middlewares/ST/threadx/ports/cortex_m4/gnu/inc/tx_port.h **** #define TX_QUEUE_CREATE_EXTENSION(queue_ptr)
 459:Middlewares/ST/threadx/ports/cortex_m4/gnu/inc/tx_port.h **** #define TX_SEMAPHORE_CREATE_EXTENSION(semaphore_ptr)
 460:Middlewares/ST/threadx/ports/cortex_m4/gnu/inc/tx_port.h **** #define TX_TIMER_CREATE_EXTENSION(timer_ptr)
 461:Middlewares/ST/threadx/ports/cortex_m4/gnu/inc/tx_port.h **** 
 462:Middlewares/ST/threadx/ports/cortex_m4/gnu/inc/tx_port.h **** 
 463:Middlewares/ST/threadx/ports/cortex_m4/gnu/inc/tx_port.h **** /* Define the ThreadX object deletion extensions for the remaining objects.  */
 464:Middlewares/ST/threadx/ports/cortex_m4/gnu/inc/tx_port.h **** 
 465:Middlewares/ST/threadx/ports/cortex_m4/gnu/inc/tx_port.h **** #define TX_BLOCK_POOL_DELETE_EXTENSION(pool_ptr)
 466:Middlewares/ST/threadx/ports/cortex_m4/gnu/inc/tx_port.h **** #define TX_BYTE_POOL_DELETE_EXTENSION(pool_ptr)
 467:Middlewares/ST/threadx/ports/cortex_m4/gnu/inc/tx_port.h **** #define TX_EVENT_FLAGS_GROUP_DELETE_EXTENSION(group_ptr)
 468:Middlewares/ST/threadx/ports/cortex_m4/gnu/inc/tx_port.h **** #define TX_MUTEX_DELETE_EXTENSION(mutex_ptr)
 469:Middlewares/ST/threadx/ports/cortex_m4/gnu/inc/tx_port.h **** #define TX_QUEUE_DELETE_EXTENSION(queue_ptr)
 470:Middlewares/ST/threadx/ports/cortex_m4/gnu/inc/tx_port.h **** #define TX_SEMAPHORE_DELETE_EXTENSION(semaphore_ptr)
 471:Middlewares/ST/threadx/ports/cortex_m4/gnu/inc/tx_port.h **** #define TX_TIMER_DELETE_EXTENSION(timer_ptr)
 472:Middlewares/ST/threadx/ports/cortex_m4/gnu/inc/tx_port.h **** 
 473:Middlewares/ST/threadx/ports/cortex_m4/gnu/inc/tx_port.h **** 
 474:Middlewares/ST/threadx/ports/cortex_m4/gnu/inc/tx_port.h **** /* Define the get system state macro.  */
 475:Middlewares/ST/threadx/ports/cortex_m4/gnu/inc/tx_port.h **** 
 476:Middlewares/ST/threadx/ports/cortex_m4/gnu/inc/tx_port.h **** #ifndef TX_THREAD_GET_SYSTEM_STATE
 477:Middlewares/ST/threadx/ports/cortex_m4/gnu/inc/tx_port.h **** #ifndef TX_MISRA_ENABLE
 478:Middlewares/ST/threadx/ports/cortex_m4/gnu/inc/tx_port.h **** 
 479:Middlewares/ST/threadx/ports/cortex_m4/gnu/inc/tx_port.h **** #ifdef __CC_ARM /* ARM Compiler 5 */
 480:Middlewares/ST/threadx/ports/cortex_m4/gnu/inc/tx_port.h **** 
 481:Middlewares/ST/threadx/ports/cortex_m4/gnu/inc/tx_port.h **** register unsigned int _ipsr __asm("ipsr");
 482:Middlewares/ST/threadx/ports/cortex_m4/gnu/inc/tx_port.h **** #define TX_THREAD_GET_SYSTEM_STATE()        (_tx_thread_system_state | _ipsr)
 483:Middlewares/ST/threadx/ports/cortex_m4/gnu/inc/tx_port.h **** 
 484:Middlewares/ST/threadx/ports/cortex_m4/gnu/inc/tx_port.h **** #elif defined(__GNUC__) /* GCC and ARM Compiler 6 */
 485:Middlewares/ST/threadx/ports/cortex_m4/gnu/inc/tx_port.h **** 
 486:Middlewares/ST/threadx/ports/cortex_m4/gnu/inc/tx_port.h **** __attribute__( ( always_inline ) ) static inline unsigned int __get_ipsr_value(void)
 487:Middlewares/ST/threadx/ports/cortex_m4/gnu/inc/tx_port.h **** {
 488:Middlewares/ST/threadx/ports/cortex_m4/gnu/inc/tx_port.h **** unsigned int  ipsr_value;
 489:Middlewares/ST/threadx/ports/cortex_m4/gnu/inc/tx_port.h ****     __asm__ volatile (" MRS  %0,IPSR ": "=r" (ipsr_value) );
 490:Middlewares/ST/threadx/ports/cortex_m4/gnu/inc/tx_port.h ****     return(ipsr_value);
 491:Middlewares/ST/threadx/ports/cortex_m4/gnu/inc/tx_port.h **** }
 492:Middlewares/ST/threadx/ports/cortex_m4/gnu/inc/tx_port.h **** 
 493:Middlewares/ST/threadx/ports/cortex_m4/gnu/inc/tx_port.h **** #define TX_THREAD_GET_SYSTEM_STATE()        (_tx_thread_system_state | __get_ipsr_value())
ARM GAS  C:\Users\HP\AppData\Local\Temp\cc7t0aDI.s 			page 13


 494:Middlewares/ST/threadx/ports/cortex_m4/gnu/inc/tx_port.h **** 
 495:Middlewares/ST/threadx/ports/cortex_m4/gnu/inc/tx_port.h **** #elif defined(__ICCARM__)   /* IAR */
 496:Middlewares/ST/threadx/ports/cortex_m4/gnu/inc/tx_port.h **** 
 497:Middlewares/ST/threadx/ports/cortex_m4/gnu/inc/tx_port.h **** #define TX_THREAD_GET_SYSTEM_STATE()        (_tx_thread_system_state | __get_IPSR())
 498:Middlewares/ST/threadx/ports/cortex_m4/gnu/inc/tx_port.h **** 
 499:Middlewares/ST/threadx/ports/cortex_m4/gnu/inc/tx_port.h **** #endif  /* TX_THREAD_GET_SYSTEM_STATE for different compilers */
 500:Middlewares/ST/threadx/ports/cortex_m4/gnu/inc/tx_port.h **** 
 501:Middlewares/ST/threadx/ports/cortex_m4/gnu/inc/tx_port.h **** #else   /* TX_MISRA_ENABLE is defined, use MISRA function. */
 502:Middlewares/ST/threadx/ports/cortex_m4/gnu/inc/tx_port.h **** ULONG   _tx_misra_ipsr_get(VOID);
 503:Middlewares/ST/threadx/ports/cortex_m4/gnu/inc/tx_port.h **** #define TX_THREAD_GET_SYSTEM_STATE()        (_tx_thread_system_state | _tx_misra_ipsr_get())
 504:Middlewares/ST/threadx/ports/cortex_m4/gnu/inc/tx_port.h **** #endif  /* TX_MISRA_ENABLE */
 505:Middlewares/ST/threadx/ports/cortex_m4/gnu/inc/tx_port.h **** #endif  /* TX_THREAD_GET_SYSTEM_STATE */
 506:Middlewares/ST/threadx/ports/cortex_m4/gnu/inc/tx_port.h **** 
 507:Middlewares/ST/threadx/ports/cortex_m4/gnu/inc/tx_port.h **** 
 508:Middlewares/ST/threadx/ports/cortex_m4/gnu/inc/tx_port.h **** /* Define the check for whether or not to call the _tx_thread_system_return function.  A non-zero v
 509:Middlewares/ST/threadx/ports/cortex_m4/gnu/inc/tx_port.h ****    indicates that _tx_thread_system_return should not be called. This overrides the definition in t
 510:Middlewares/ST/threadx/ports/cortex_m4/gnu/inc/tx_port.h ****    for Cortex-M since so we don't waste time checking the _tx_thread_system_state variable that is 
 511:Middlewares/ST/threadx/ports/cortex_m4/gnu/inc/tx_port.h ****    zero after initialization for Cortex-M ports. */
 512:Middlewares/ST/threadx/ports/cortex_m4/gnu/inc/tx_port.h **** 
 513:Middlewares/ST/threadx/ports/cortex_m4/gnu/inc/tx_port.h **** #ifndef TX_THREAD_SYSTEM_RETURN_CHECK
 514:Middlewares/ST/threadx/ports/cortex_m4/gnu/inc/tx_port.h **** #define TX_THREAD_SYSTEM_RETURN_CHECK(c)    (c) = ((ULONG) _tx_thread_preempt_disable);
 515:Middlewares/ST/threadx/ports/cortex_m4/gnu/inc/tx_port.h **** #endif
 516:Middlewares/ST/threadx/ports/cortex_m4/gnu/inc/tx_port.h **** 
 517:Middlewares/ST/threadx/ports/cortex_m4/gnu/inc/tx_port.h **** /* Define the macro to ensure _tx_thread_preempt_disable is set early in initialization in order to
 518:Middlewares/ST/threadx/ports/cortex_m4/gnu/inc/tx_port.h ****    prevent early scheduling on Cortex-M parts.  */
 519:Middlewares/ST/threadx/ports/cortex_m4/gnu/inc/tx_port.h **** 
 520:Middlewares/ST/threadx/ports/cortex_m4/gnu/inc/tx_port.h **** #define TX_PORT_SPECIFIC_POST_INITIALIZATION    _tx_thread_preempt_disable++;
 521:Middlewares/ST/threadx/ports/cortex_m4/gnu/inc/tx_port.h **** 
 522:Middlewares/ST/threadx/ports/cortex_m4/gnu/inc/tx_port.h **** 
 523:Middlewares/ST/threadx/ports/cortex_m4/gnu/inc/tx_port.h **** 
 524:Middlewares/ST/threadx/ports/cortex_m4/gnu/inc/tx_port.h **** 
 525:Middlewares/ST/threadx/ports/cortex_m4/gnu/inc/tx_port.h **** #ifndef TX_DISABLE_INLINE
 526:Middlewares/ST/threadx/ports/cortex_m4/gnu/inc/tx_port.h **** 
 527:Middlewares/ST/threadx/ports/cortex_m4/gnu/inc/tx_port.h **** /* Define the TX_LOWEST_SET_BIT_CALCULATE macro for each compiler. */
 528:Middlewares/ST/threadx/ports/cortex_m4/gnu/inc/tx_port.h **** #ifdef __ICCARM__       /* IAR Compiler */
 529:Middlewares/ST/threadx/ports/cortex_m4/gnu/inc/tx_port.h **** #define TX_LOWEST_SET_BIT_CALCULATE(m, b)       (b) = (UINT) __CLZ(__RBIT((m)));
 530:Middlewares/ST/threadx/ports/cortex_m4/gnu/inc/tx_port.h **** #elif defined(__CC_ARM) /* AC5 Compiler */
 531:Middlewares/ST/threadx/ports/cortex_m4/gnu/inc/tx_port.h **** #define TX_LOWEST_SET_BIT_CALCULATE(m, b)       (b) = (UINT) __clz(__rbit((m)));
 532:Middlewares/ST/threadx/ports/cortex_m4/gnu/inc/tx_port.h **** #elif defined(__GNUC__) /* GCC and AC6 Compiler */
 533:Middlewares/ST/threadx/ports/cortex_m4/gnu/inc/tx_port.h **** #define TX_LOWEST_SET_BIT_CALCULATE(m, b)       __asm__ volatile (" RBIT %0,%1 ": "=r" (m) : "r" (m
 534:Middlewares/ST/threadx/ports/cortex_m4/gnu/inc/tx_port.h ****                                                 __asm__ volatile (" CLZ  %0,%1 ": "=r" (b) : "r" (m
 535:Middlewares/ST/threadx/ports/cortex_m4/gnu/inc/tx_port.h **** #endif
 536:Middlewares/ST/threadx/ports/cortex_m4/gnu/inc/tx_port.h **** 
 537:Middlewares/ST/threadx/ports/cortex_m4/gnu/inc/tx_port.h **** 
 538:Middlewares/ST/threadx/ports/cortex_m4/gnu/inc/tx_port.h **** 
 539:Middlewares/ST/threadx/ports/cortex_m4/gnu/inc/tx_port.h **** /* Define the interrupt disable/restore macros for each compiler. */
 540:Middlewares/ST/threadx/ports/cortex_m4/gnu/inc/tx_port.h **** 
 541:Middlewares/ST/threadx/ports/cortex_m4/gnu/inc/tx_port.h **** #if defined(__GNUC__) || defined(__ICCARM__)
 542:Middlewares/ST/threadx/ports/cortex_m4/gnu/inc/tx_port.h **** 
 543:Middlewares/ST/threadx/ports/cortex_m4/gnu/inc/tx_port.h **** /*** GCC/AC6 and IAR ***/
 544:Middlewares/ST/threadx/ports/cortex_m4/gnu/inc/tx_port.h **** 
 545:Middlewares/ST/threadx/ports/cortex_m4/gnu/inc/tx_port.h **** __attribute__( ( always_inline ) ) static inline unsigned int __get_interrupt_posture(void)
 546:Middlewares/ST/threadx/ports/cortex_m4/gnu/inc/tx_port.h **** {
 547:Middlewares/ST/threadx/ports/cortex_m4/gnu/inc/tx_port.h **** unsigned int posture;
 548:Middlewares/ST/threadx/ports/cortex_m4/gnu/inc/tx_port.h **** #ifdef TX_PORT_USE_BASEPRI
 549:Middlewares/ST/threadx/ports/cortex_m4/gnu/inc/tx_port.h ****     __asm__ volatile ("MRS  %0, BASEPRI ": "=r" (posture));
 550:Middlewares/ST/threadx/ports/cortex_m4/gnu/inc/tx_port.h **** #else
ARM GAS  C:\Users\HP\AppData\Local\Temp\cc7t0aDI.s 			page 14


 551:Middlewares/ST/threadx/ports/cortex_m4/gnu/inc/tx_port.h ****     __asm__ volatile ("MRS  %0, PRIMASK ": "=r" (posture));
 552:Middlewares/ST/threadx/ports/cortex_m4/gnu/inc/tx_port.h **** #endif
 553:Middlewares/ST/threadx/ports/cortex_m4/gnu/inc/tx_port.h ****     return(posture);
 554:Middlewares/ST/threadx/ports/cortex_m4/gnu/inc/tx_port.h **** }
 555:Middlewares/ST/threadx/ports/cortex_m4/gnu/inc/tx_port.h **** 
 556:Middlewares/ST/threadx/ports/cortex_m4/gnu/inc/tx_port.h **** #ifdef TX_PORT_USE_BASEPRI
 557:Middlewares/ST/threadx/ports/cortex_m4/gnu/inc/tx_port.h **** __attribute__( ( always_inline ) ) static inline void __set_basepri_value(unsigned int basepri_valu
 558:Middlewares/ST/threadx/ports/cortex_m4/gnu/inc/tx_port.h **** {
 559:Middlewares/ST/threadx/ports/cortex_m4/gnu/inc/tx_port.h ****     __asm__ volatile ("MSR  BASEPRI,%0 ": : "r" (basepri_value));
 560:Middlewares/ST/threadx/ports/cortex_m4/gnu/inc/tx_port.h **** }
 561:Middlewares/ST/threadx/ports/cortex_m4/gnu/inc/tx_port.h **** #else
 562:Middlewares/ST/threadx/ports/cortex_m4/gnu/inc/tx_port.h **** __attribute__( ( always_inline ) ) static inline void __enable_interrupts(void)
 563:Middlewares/ST/threadx/ports/cortex_m4/gnu/inc/tx_port.h **** {
 564:Middlewares/ST/threadx/ports/cortex_m4/gnu/inc/tx_port.h ****     __asm__ volatile ("CPSIE  i": : : "memory");
 565:Middlewares/ST/threadx/ports/cortex_m4/gnu/inc/tx_port.h **** }
 566:Middlewares/ST/threadx/ports/cortex_m4/gnu/inc/tx_port.h **** #endif
 567:Middlewares/ST/threadx/ports/cortex_m4/gnu/inc/tx_port.h **** 
 568:Middlewares/ST/threadx/ports/cortex_m4/gnu/inc/tx_port.h **** __attribute__( ( always_inline ) ) static inline void __restore_interrupt(unsigned int int_posture)
 569:Middlewares/ST/threadx/ports/cortex_m4/gnu/inc/tx_port.h **** {
 570:Middlewares/ST/threadx/ports/cortex_m4/gnu/inc/tx_port.h **** #ifdef TX_PORT_USE_BASEPRI
 571:Middlewares/ST/threadx/ports/cortex_m4/gnu/inc/tx_port.h ****     __set_basepri_value(int_posture);
 572:Middlewares/ST/threadx/ports/cortex_m4/gnu/inc/tx_port.h ****     //__asm__ volatile ("MSR  BASEPRI,%0": : "r" (int_posture): "memory");
 573:Middlewares/ST/threadx/ports/cortex_m4/gnu/inc/tx_port.h **** #else
 574:Middlewares/ST/threadx/ports/cortex_m4/gnu/inc/tx_port.h ****     __asm__ volatile ("MSR  PRIMASK,%0": : "r" (int_posture): "memory");
 575:Middlewares/ST/threadx/ports/cortex_m4/gnu/inc/tx_port.h **** #endif
 576:Middlewares/ST/threadx/ports/cortex_m4/gnu/inc/tx_port.h **** }
 577:Middlewares/ST/threadx/ports/cortex_m4/gnu/inc/tx_port.h **** 
 578:Middlewares/ST/threadx/ports/cortex_m4/gnu/inc/tx_port.h **** __attribute__( ( always_inline ) ) static inline unsigned int __disable_interrupts(void)
  65              		.loc 2 578 63 view .LVU11
  66              	.LBB16:
 579:Middlewares/ST/threadx/ports/cortex_m4/gnu/inc/tx_port.h **** {
 580:Middlewares/ST/threadx/ports/cortex_m4/gnu/inc/tx_port.h **** unsigned int int_posture;
  67              		.loc 2 580 1 view .LVU12
 581:Middlewares/ST/threadx/ports/cortex_m4/gnu/inc/tx_port.h **** 
 582:Middlewares/ST/threadx/ports/cortex_m4/gnu/inc/tx_port.h ****     int_posture = __get_interrupt_posture();
  68              		.loc 2 582 5 view .LVU13
  69              	.LBB17:
  70              	.LBI17:
 545:Middlewares/ST/threadx/ports/cortex_m4/gnu/inc/tx_port.h **** {
  71              		.loc 2 545 63 view .LVU14
  72              	.LBB18:
 547:Middlewares/ST/threadx/ports/cortex_m4/gnu/inc/tx_port.h **** #ifdef TX_PORT_USE_BASEPRI
  73              		.loc 2 547 1 view .LVU15
 551:Middlewares/ST/threadx/ports/cortex_m4/gnu/inc/tx_port.h **** #endif
  74              		.loc 2 551 5 view .LVU16
  75              		.syntax unified
  76              	@ 551 "Middlewares/ST/threadx/ports/cortex_m4/gnu/inc/tx_port.h" 1
  77 0016 EFF31081 		MRS  r1, PRIMASK 
  78              	@ 0 "" 2
  79              	.LVL3:
 553:Middlewares/ST/threadx/ports/cortex_m4/gnu/inc/tx_port.h **** }
  80              		.loc 2 553 5 view .LVU17
 553:Middlewares/ST/threadx/ports/cortex_m4/gnu/inc/tx_port.h **** }
  81              		.loc 2 553 5 is_stmt 0 view .LVU18
  82              		.thumb
  83              		.syntax unified
  84              	.LBE18:
ARM GAS  C:\Users\HP\AppData\Local\Temp\cc7t0aDI.s 			page 15


  85              	.LBE17:
 583:Middlewares/ST/threadx/ports/cortex_m4/gnu/inc/tx_port.h **** 
 584:Middlewares/ST/threadx/ports/cortex_m4/gnu/inc/tx_port.h **** #ifdef TX_PORT_USE_BASEPRI
 585:Middlewares/ST/threadx/ports/cortex_m4/gnu/inc/tx_port.h ****     __set_basepri_value(TX_PORT_BASEPRI);
 586:Middlewares/ST/threadx/ports/cortex_m4/gnu/inc/tx_port.h **** #else
 587:Middlewares/ST/threadx/ports/cortex_m4/gnu/inc/tx_port.h ****     __asm__ volatile ("CPSID i" : : : "memory");
  86              		.loc 2 587 5 is_stmt 1 view .LVU19
  87              		.syntax unified
  88              	@ 587 "Middlewares/ST/threadx/ports/cortex_m4/gnu/inc/tx_port.h" 1
  89 001a 72B6     		CPSID i
  90              	@ 0 "" 2
 588:Middlewares/ST/threadx/ports/cortex_m4/gnu/inc/tx_port.h **** #endif
 589:Middlewares/ST/threadx/ports/cortex_m4/gnu/inc/tx_port.h ****     return(int_posture);
  91              		.loc 2 589 5 view .LVU20
  92              	.LVL4:
  93              		.loc 2 589 5 is_stmt 0 view .LVU21
  94              		.thumb
  95              		.syntax unified
  96              	.LBE16:
  97              	.LBE15:
 129:Middlewares/ST/threadx/common/src/tx_thread_shell_entry.c **** 
 130:Middlewares/ST/threadx/common/src/tx_thread_shell_entry.c **** #ifndef TX_DISABLE_NOTIFY_CALLBACKS
 131:Middlewares/ST/threadx/common/src/tx_thread_shell_entry.c **** 
 132:Middlewares/ST/threadx/common/src/tx_thread_shell_entry.c ****     /* Pickup the entry/exit application callback routine again.  */
 133:Middlewares/ST/threadx/common/src/tx_thread_shell_entry.c ****     entry_exit_notify =  thread_ptr -> tx_thread_entry_exit_notify;
 134:Middlewares/ST/threadx/common/src/tx_thread_shell_entry.c **** #endif
 135:Middlewares/ST/threadx/common/src/tx_thread_shell_entry.c **** 
 136:Middlewares/ST/threadx/common/src/tx_thread_shell_entry.c ****     /* Set the status to suspending, in order to indicate the suspension
 137:Middlewares/ST/threadx/common/src/tx_thread_shell_entry.c ****        is in progress.  */
 138:Middlewares/ST/threadx/common/src/tx_thread_shell_entry.c ****     thread_ptr -> tx_thread_state =  TX_COMPLETED;
  98              		.loc 1 138 5 is_stmt 1 view .LVU22
  99              		.loc 1 138 35 is_stmt 0 view .LVU23
 100 001c 0123     		movs	r3, #1
 101 001e 2363     		str	r3, [r4, #48]
 139:Middlewares/ST/threadx/common/src/tx_thread_shell_entry.c **** 
 140:Middlewares/ST/threadx/common/src/tx_thread_shell_entry.c ****     /* Thread state change.  */
 141:Middlewares/ST/threadx/common/src/tx_thread_shell_entry.c ****     TX_THREAD_STATE_CHANGE(thread_ptr, TX_COMPLETED)
 142:Middlewares/ST/threadx/common/src/tx_thread_shell_entry.c **** 
 143:Middlewares/ST/threadx/common/src/tx_thread_shell_entry.c **** #ifdef TX_NOT_INTERRUPTABLE
 144:Middlewares/ST/threadx/common/src/tx_thread_shell_entry.c **** 
 145:Middlewares/ST/threadx/common/src/tx_thread_shell_entry.c **** #ifndef TX_DISABLE_NOTIFY_CALLBACKS
 146:Middlewares/ST/threadx/common/src/tx_thread_shell_entry.c **** 
 147:Middlewares/ST/threadx/common/src/tx_thread_shell_entry.c ****     /* Determine if an application callback routine is specified.  */
 148:Middlewares/ST/threadx/common/src/tx_thread_shell_entry.c ****     if (entry_exit_notify != TX_NULL)
 149:Middlewares/ST/threadx/common/src/tx_thread_shell_entry.c ****     {
 150:Middlewares/ST/threadx/common/src/tx_thread_shell_entry.c **** 
 151:Middlewares/ST/threadx/common/src/tx_thread_shell_entry.c ****         /* Yes, notify application that this thread has exited!  */
 152:Middlewares/ST/threadx/common/src/tx_thread_shell_entry.c ****         (entry_exit_notify)(thread_ptr, TX_THREAD_EXIT);
 153:Middlewares/ST/threadx/common/src/tx_thread_shell_entry.c ****     }
 154:Middlewares/ST/threadx/common/src/tx_thread_shell_entry.c **** #endif
 155:Middlewares/ST/threadx/common/src/tx_thread_shell_entry.c **** 
 156:Middlewares/ST/threadx/common/src/tx_thread_shell_entry.c ****     /* Perform any additional activities for tool or user purpose.  */
 157:Middlewares/ST/threadx/common/src/tx_thread_shell_entry.c ****     TX_THREAD_COMPLETED_EXTENSION(thread_ptr)
 158:Middlewares/ST/threadx/common/src/tx_thread_shell_entry.c **** 
 159:Middlewares/ST/threadx/common/src/tx_thread_shell_entry.c ****     /* Call actual non-interruptable thread suspension routine.  */
 160:Middlewares/ST/threadx/common/src/tx_thread_shell_entry.c ****     _tx_thread_system_ni_suspend(thread_ptr, ((ULONG) 0));
 161:Middlewares/ST/threadx/common/src/tx_thread_shell_entry.c **** 
ARM GAS  C:\Users\HP\AppData\Local\Temp\cc7t0aDI.s 			page 16


 162:Middlewares/ST/threadx/common/src/tx_thread_shell_entry.c ****     /* Restore interrupts.  */
 163:Middlewares/ST/threadx/common/src/tx_thread_shell_entry.c ****     TX_RESTORE
 164:Middlewares/ST/threadx/common/src/tx_thread_shell_entry.c **** #else
 165:Middlewares/ST/threadx/common/src/tx_thread_shell_entry.c **** 
 166:Middlewares/ST/threadx/common/src/tx_thread_shell_entry.c ****     /* Set the suspending flag. */
 167:Middlewares/ST/threadx/common/src/tx_thread_shell_entry.c ****     thread_ptr -> tx_thread_suspending =  TX_TRUE;
 102              		.loc 1 167 5 is_stmt 1 view .LVU24
 103              		.loc 1 167 40 is_stmt 0 view .LVU25
 104 0020 A363     		str	r3, [r4, #56]
 168:Middlewares/ST/threadx/common/src/tx_thread_shell_entry.c **** 
 169:Middlewares/ST/threadx/common/src/tx_thread_shell_entry.c ****     /* Setup for no timeout period.  */
 170:Middlewares/ST/threadx/common/src/tx_thread_shell_entry.c ****     thread_ptr -> tx_thread_timer.tx_timer_internal_remaining_ticks =  ((ULONG) 0);
 105              		.loc 1 170 5 is_stmt 1 view .LVU26
 106              		.loc 1 170 69 is_stmt 0 view .LVU27
 107 0022 0023     		movs	r3, #0
 108 0024 E364     		str	r3, [r4, #76]
 171:Middlewares/ST/threadx/common/src/tx_thread_shell_entry.c **** 
 172:Middlewares/ST/threadx/common/src/tx_thread_shell_entry.c ****     /* Temporarily disable preemption.  */
 173:Middlewares/ST/threadx/common/src/tx_thread_shell_entry.c ****     _tx_thread_preempt_disable++;
 109              		.loc 1 173 5 is_stmt 1 view .LVU28
 110              		.loc 1 173 31 is_stmt 0 view .LVU29
 111 0026 0A4A     		ldr	r2, .L4+8
 112 0028 1368     		ldr	r3, [r2]
 113 002a 0133     		adds	r3, r3, #1
 114 002c 1360     		str	r3, [r2]
 174:Middlewares/ST/threadx/common/src/tx_thread_shell_entry.c **** 
 175:Middlewares/ST/threadx/common/src/tx_thread_shell_entry.c ****     /* Restore interrupts.  */
 176:Middlewares/ST/threadx/common/src/tx_thread_shell_entry.c ****     TX_RESTORE
 115              		.loc 1 176 5 is_stmt 1 view .LVU30
 116              	.LVL5:
 117              	.LBB19:
 118              	.LBI19:
 568:Middlewares/ST/threadx/ports/cortex_m4/gnu/inc/tx_port.h **** {
 119              		.loc 2 568 55 view .LVU31
 120              	.LBB20:
 574:Middlewares/ST/threadx/ports/cortex_m4/gnu/inc/tx_port.h **** #endif
 121              		.loc 2 574 5 view .LVU32
 122              		.syntax unified
 123              	@ 574 "Middlewares/ST/threadx/ports/cortex_m4/gnu/inc/tx_port.h" 1
 124 002e 81F31088 		MSR  PRIMASK,r1
 125              	@ 0 "" 2
 126              	.LVL6:
 574:Middlewares/ST/threadx/ports/cortex_m4/gnu/inc/tx_port.h **** #endif
 127              		.loc 2 574 5 is_stmt 0 view .LVU33
 128              		.thumb
 129              		.syntax unified
 130              	.LBE20:
 131              	.LBE19:
 132              	.LBB21:
 177:Middlewares/ST/threadx/common/src/tx_thread_shell_entry.c **** 
 178:Middlewares/ST/threadx/common/src/tx_thread_shell_entry.c ****     /* Perform any additional activities for tool or user purpose.  */
 179:Middlewares/ST/threadx/common/src/tx_thread_shell_entry.c ****     TX_THREAD_COMPLETED_EXTENSION(thread_ptr)
 133              		.loc 1 179 5 is_stmt 1 view .LVU34
 134              		.loc 1 179 5 view .LVU35
 135              	.LBB22:
 136              	.LBI22:
 311:Middlewares/ST/threadx/ports/cortex_m4/gnu/inc/tx_port.h **** {
ARM GAS  C:\Users\HP\AppData\Local\Temp\cc7t0aDI.s 			page 17


 137              		.loc 2 311 56 view .LVU36
 138              	.LBB23:
 313:Middlewares/ST/threadx/ports/cortex_m4/gnu/inc/tx_port.h **** 
 139              		.loc 2 313 1 view .LVU37
 315:Middlewares/ST/threadx/ports/cortex_m4/gnu/inc/tx_port.h ****     return(control_value);
 140              		.loc 2 315 5 view .LVU38
 141              		.syntax unified
 142              	@ 315 "Middlewares/ST/threadx/ports/cortex_m4/gnu/inc/tx_port.h" 1
 143 0032 EFF31483 		 MRS  r3,CONTROL 
 144              	@ 0 "" 2
 145              	.LVL7:
 316:Middlewares/ST/threadx/ports/cortex_m4/gnu/inc/tx_port.h **** }
 146              		.loc 2 316 5 view .LVU39
 316:Middlewares/ST/threadx/ports/cortex_m4/gnu/inc/tx_port.h **** }
 147              		.loc 2 316 5 is_stmt 0 view .LVU40
 148              		.thumb
 149              		.syntax unified
 150              	.LBE23:
 151              	.LBE22:
 152              		.loc 1 179 5 is_stmt 1 view .LVU41
 153 0036 23F00403 		bic	r3, r3, #4
 154              	.LVL8:
 155              		.loc 1 179 5 view .LVU42
 156              	.LBB24:
 157              	.LBI24:
 319:Middlewares/ST/threadx/ports/cortex_m4/gnu/inc/tx_port.h **** {
 158              		.loc 2 319 55 view .LVU43
 159              	.LBB25:
 321:Middlewares/ST/threadx/ports/cortex_m4/gnu/inc/tx_port.h **** }
 160              		.loc 2 321 5 view .LVU44
 161              		.syntax unified
 162              	@ 321 "Middlewares/ST/threadx/ports/cortex_m4/gnu/inc/tx_port.h" 1
 163 003a 83F31488 		 MSR  CONTROL,r3
 164              	@ 0 "" 2
 165              	.LVL9:
 321:Middlewares/ST/threadx/ports/cortex_m4/gnu/inc/tx_port.h **** }
 166              		.loc 2 321 5 is_stmt 0 view .LVU45
 167              		.thumb
 168              		.syntax unified
 169              	.LBE25:
 170              	.LBE24:
 171              	.LBE21:
 180:Middlewares/ST/threadx/common/src/tx_thread_shell_entry.c **** 
 181:Middlewares/ST/threadx/common/src/tx_thread_shell_entry.c **** #ifndef TX_DISABLE_NOTIFY_CALLBACKS
 182:Middlewares/ST/threadx/common/src/tx_thread_shell_entry.c **** 
 183:Middlewares/ST/threadx/common/src/tx_thread_shell_entry.c ****     /* Determine if an application callback routine is specified.  */
 184:Middlewares/ST/threadx/common/src/tx_thread_shell_entry.c ****     if (entry_exit_notify != TX_NULL)
 185:Middlewares/ST/threadx/common/src/tx_thread_shell_entry.c ****     {
 186:Middlewares/ST/threadx/common/src/tx_thread_shell_entry.c **** 
 187:Middlewares/ST/threadx/common/src/tx_thread_shell_entry.c ****         /* Yes, notify application that this thread has exited!  */
 188:Middlewares/ST/threadx/common/src/tx_thread_shell_entry.c ****         (entry_exit_notify)(thread_ptr, TX_THREAD_EXIT);
 189:Middlewares/ST/threadx/common/src/tx_thread_shell_entry.c ****     }
 190:Middlewares/ST/threadx/common/src/tx_thread_shell_entry.c **** #endif
 191:Middlewares/ST/threadx/common/src/tx_thread_shell_entry.c **** 
 192:Middlewares/ST/threadx/common/src/tx_thread_shell_entry.c ****     /* Call actual thread suspension routine.  */
 193:Middlewares/ST/threadx/common/src/tx_thread_shell_entry.c ****     _tx_thread_system_suspend(thread_ptr);
 172              		.loc 1 193 5 is_stmt 1 view .LVU46
ARM GAS  C:\Users\HP\AppData\Local\Temp\cc7t0aDI.s 			page 18


 173 003e 2046     		mov	r0, r4
 174 0040 FFF7FEFF 		bl	_tx_thread_system_suspend
 175              	.LVL10:
 194:Middlewares/ST/threadx/common/src/tx_thread_shell_entry.c **** #endif
 195:Middlewares/ST/threadx/common/src/tx_thread_shell_entry.c **** 
 196:Middlewares/ST/threadx/common/src/tx_thread_shell_entry.c **** 
 197:Middlewares/ST/threadx/common/src/tx_thread_shell_entry.c **** #ifdef TX_SAFETY_CRITICAL
 198:Middlewares/ST/threadx/common/src/tx_thread_shell_entry.c **** 
 199:Middlewares/ST/threadx/common/src/tx_thread_shell_entry.c ****     /* If we ever get here, raise safety critical exception.  */
 200:Middlewares/ST/threadx/common/src/tx_thread_shell_entry.c ****     TX_SAFETY_CRITICAL_EXCEPTION(__FILE__, __LINE__, 0);
 201:Middlewares/ST/threadx/common/src/tx_thread_shell_entry.c **** #endif
 202:Middlewares/ST/threadx/common/src/tx_thread_shell_entry.c **** }
 176              		.loc 1 202 1 is_stmt 0 view .LVU47
 177 0044 10BD     		pop	{r4, pc}
 178              	.LVL11:
 179              	.L5:
 180              		.loc 1 202 1 view .LVU48
 181 0046 00BF     		.align	2
 182              	.L4:
 183 0048 00000000 		.word	_tx_thread_current_ptr
 184 004c 00000000 		.word	_tx_thread_mutex_release
 185 0050 00000000 		.word	_tx_thread_preempt_disable
 186              		.cfi_endproc
 187              	.LFE8:
 189              		.text
 190              	.Letext0:
 191              		.file 3 "Middlewares/ST/threadx/common/inc/tx_api.h"
 192              		.file 4 "Middlewares/ST/threadx/common/inc/tx_thread.h"
ARM GAS  C:\Users\HP\AppData\Local\Temp\cc7t0aDI.s 			page 19


DEFINED SYMBOLS
                            *ABS*:00000000 tx_thread_shell_entry.c
C:\Users\HP\AppData\Local\Temp\cc7t0aDI.s:20     .text._tx_thread_shell_entry:00000000 $t
C:\Users\HP\AppData\Local\Temp\cc7t0aDI.s:26     .text._tx_thread_shell_entry:00000000 _tx_thread_shell_entry
C:\Users\HP\AppData\Local\Temp\cc7t0aDI.s:183    .text._tx_thread_shell_entry:00000048 $d

UNDEFINED SYMBOLS
_tx_thread_system_suspend
_tx_thread_current_ptr
_tx_thread_mutex_release
_tx_thread_preempt_disable
