ARM GAS  C:\Users\HP\AppData\Local\Temp\ccWGdRJD.s 			page 1


   1              		.cpu cortex-m4
   2              		.arch armv7e-m
   3              		.fpu fpv4-sp-d16
   4              		.eabi_attribute 27, 1
   5              		.eabi_attribute 28, 1
   6              		.eabi_attribute 20, 1
   7              		.eabi_attribute 21, 1
   8              		.eabi_attribute 23, 3
   9              		.eabi_attribute 24, 1
  10              		.eabi_attribute 25, 1
  11              		.eabi_attribute 26, 1
  12              		.eabi_attribute 30, 1
  13              		.eabi_attribute 34, 1
  14              		.eabi_attribute 18, 4
  15              		.file	"ux_host_stack_hcd_register.c"
  16              		.text
  17              	.Ltext0:
  18              		.cfi_sections	.debug_frame
  19              		.section	.text._ux_host_stack_hcd_register,"ax",%progbits
  20              		.align	1
  21              		.global	_ux_host_stack_hcd_register
  22              		.syntax unified
  23              		.thumb
  24              		.thumb_func
  26              	_ux_host_stack_hcd_register:
  27              	.LVL0:
  28              	.LFB11:
  29              		.file 1 "Middlewares/ST/usbx/common/core/src/ux_host_stack_hcd_register.c"
   1:Middlewares/ST/usbx/common/core/src/ux_host_stack_hcd_register.c **** /**************************************************************************/
   2:Middlewares/ST/usbx/common/core/src/ux_host_stack_hcd_register.c **** /*                                                                        */
   3:Middlewares/ST/usbx/common/core/src/ux_host_stack_hcd_register.c **** /*       Copyright (c) Microsoft Corporation. All rights reserved.        */
   4:Middlewares/ST/usbx/common/core/src/ux_host_stack_hcd_register.c **** /*                                                                        */
   5:Middlewares/ST/usbx/common/core/src/ux_host_stack_hcd_register.c **** /*       This software is licensed under the Microsoft Software License   */
   6:Middlewares/ST/usbx/common/core/src/ux_host_stack_hcd_register.c **** /*       Terms for Microsoft Azure RTOS. Full text of the license can be  */
   7:Middlewares/ST/usbx/common/core/src/ux_host_stack_hcd_register.c **** /*       found in the LICENSE file at https://aka.ms/AzureRTOS_EULA       */
   8:Middlewares/ST/usbx/common/core/src/ux_host_stack_hcd_register.c **** /*       and in the root directory of this software.                      */
   9:Middlewares/ST/usbx/common/core/src/ux_host_stack_hcd_register.c **** /*                                                                        */
  10:Middlewares/ST/usbx/common/core/src/ux_host_stack_hcd_register.c **** /**************************************************************************/
  11:Middlewares/ST/usbx/common/core/src/ux_host_stack_hcd_register.c **** 
  12:Middlewares/ST/usbx/common/core/src/ux_host_stack_hcd_register.c **** 
  13:Middlewares/ST/usbx/common/core/src/ux_host_stack_hcd_register.c **** /**************************************************************************/
  14:Middlewares/ST/usbx/common/core/src/ux_host_stack_hcd_register.c **** /**************************************************************************/
  15:Middlewares/ST/usbx/common/core/src/ux_host_stack_hcd_register.c **** /**                                                                       */
  16:Middlewares/ST/usbx/common/core/src/ux_host_stack_hcd_register.c **** /** USBX Component                                                        */
  17:Middlewares/ST/usbx/common/core/src/ux_host_stack_hcd_register.c **** /**                                                                       */
  18:Middlewares/ST/usbx/common/core/src/ux_host_stack_hcd_register.c **** /**   Host Stack                                                          */
  19:Middlewares/ST/usbx/common/core/src/ux_host_stack_hcd_register.c **** /**                                                                       */
  20:Middlewares/ST/usbx/common/core/src/ux_host_stack_hcd_register.c **** /**************************************************************************/
  21:Middlewares/ST/usbx/common/core/src/ux_host_stack_hcd_register.c **** /**************************************************************************/
  22:Middlewares/ST/usbx/common/core/src/ux_host_stack_hcd_register.c **** 
  23:Middlewares/ST/usbx/common/core/src/ux_host_stack_hcd_register.c **** 
  24:Middlewares/ST/usbx/common/core/src/ux_host_stack_hcd_register.c **** /* Include necessary system files.  */
  25:Middlewares/ST/usbx/common/core/src/ux_host_stack_hcd_register.c **** 
  26:Middlewares/ST/usbx/common/core/src/ux_host_stack_hcd_register.c **** #define UX_SOURCE_CODE
  27:Middlewares/ST/usbx/common/core/src/ux_host_stack_hcd_register.c **** 
  28:Middlewares/ST/usbx/common/core/src/ux_host_stack_hcd_register.c **** #include "ux_api.h"
  29:Middlewares/ST/usbx/common/core/src/ux_host_stack_hcd_register.c **** #include "ux_host_stack.h"
ARM GAS  C:\Users\HP\AppData\Local\Temp\ccWGdRJD.s 			page 2


  30:Middlewares/ST/usbx/common/core/src/ux_host_stack_hcd_register.c **** 
  31:Middlewares/ST/usbx/common/core/src/ux_host_stack_hcd_register.c **** 
  32:Middlewares/ST/usbx/common/core/src/ux_host_stack_hcd_register.c **** /**************************************************************************/
  33:Middlewares/ST/usbx/common/core/src/ux_host_stack_hcd_register.c **** /*                                                                        */
  34:Middlewares/ST/usbx/common/core/src/ux_host_stack_hcd_register.c **** /*  FUNCTION                                               RELEASE        */
  35:Middlewares/ST/usbx/common/core/src/ux_host_stack_hcd_register.c **** /*                                                                        */
  36:Middlewares/ST/usbx/common/core/src/ux_host_stack_hcd_register.c **** /*    _ux_host_stack_hcd_register                         PORTABLE C      */
  37:Middlewares/ST/usbx/common/core/src/ux_host_stack_hcd_register.c **** /*                                                           6.1          */
  38:Middlewares/ST/usbx/common/core/src/ux_host_stack_hcd_register.c **** /*  AUTHOR                                                                */
  39:Middlewares/ST/usbx/common/core/src/ux_host_stack_hcd_register.c **** /*                                                                        */
  40:Middlewares/ST/usbx/common/core/src/ux_host_stack_hcd_register.c **** /*    Chaoqiong Xiao, Microsoft Corporation                               */
  41:Middlewares/ST/usbx/common/core/src/ux_host_stack_hcd_register.c **** /*                                                                        */
  42:Middlewares/ST/usbx/common/core/src/ux_host_stack_hcd_register.c **** /*  DESCRIPTION                                                           */
  43:Middlewares/ST/usbx/common/core/src/ux_host_stack_hcd_register.c **** /*                                                                        */
  44:Middlewares/ST/usbx/common/core/src/ux_host_stack_hcd_register.c **** /*    This function registers a USB controller driver with the USBX stack */
  45:Middlewares/ST/usbx/common/core/src/ux_host_stack_hcd_register.c **** /*    and invokes the HCD driver's initialization function.               */
  46:Middlewares/ST/usbx/common/core/src/ux_host_stack_hcd_register.c **** /*                                                                        */
  47:Middlewares/ST/usbx/common/core/src/ux_host_stack_hcd_register.c **** /*    Note: The C string of hcd_name must be NULL-terminated and the      */
  48:Middlewares/ST/usbx/common/core/src/ux_host_stack_hcd_register.c **** /*    length of it (without the NULL-terminator itself) must be no larger */
  49:Middlewares/ST/usbx/common/core/src/ux_host_stack_hcd_register.c **** /*    than UX_MAX_HCD_NAME_LENGTH.                                        */
  50:Middlewares/ST/usbx/common/core/src/ux_host_stack_hcd_register.c **** /*                                                                        */
  51:Middlewares/ST/usbx/common/core/src/ux_host_stack_hcd_register.c **** /*  INPUT                                                                 */
  52:Middlewares/ST/usbx/common/core/src/ux_host_stack_hcd_register.c **** /*                                                                        */
  53:Middlewares/ST/usbx/common/core/src/ux_host_stack_hcd_register.c **** /*    hcd_name                              Name of HCD to register       */
  54:Middlewares/ST/usbx/common/core/src/ux_host_stack_hcd_register.c **** /*    hcd_entry_function                    Entry function of HCD driver  */
  55:Middlewares/ST/usbx/common/core/src/ux_host_stack_hcd_register.c **** /*    hcd_param1                            Parameter 1 of HCD            */
  56:Middlewares/ST/usbx/common/core/src/ux_host_stack_hcd_register.c **** /*    hcd_param2                            Parameter 2 of HCD            */
  57:Middlewares/ST/usbx/common/core/src/ux_host_stack_hcd_register.c **** /*                                                                        */
  58:Middlewares/ST/usbx/common/core/src/ux_host_stack_hcd_register.c **** /*  OUTPUT                                                                */
  59:Middlewares/ST/usbx/common/core/src/ux_host_stack_hcd_register.c **** /*                                                                        */
  60:Middlewares/ST/usbx/common/core/src/ux_host_stack_hcd_register.c **** /*    Completion Status                                                   */
  61:Middlewares/ST/usbx/common/core/src/ux_host_stack_hcd_register.c **** /*                                                                        */
  62:Middlewares/ST/usbx/common/core/src/ux_host_stack_hcd_register.c **** /*                                                                        */
  63:Middlewares/ST/usbx/common/core/src/ux_host_stack_hcd_register.c **** /*  CALLS                                                                 */
  64:Middlewares/ST/usbx/common/core/src/ux_host_stack_hcd_register.c **** /*                                                                        */
  65:Middlewares/ST/usbx/common/core/src/ux_host_stack_hcd_register.c **** /*    _ux_utility_string_length_check       Check and return C string     */
  66:Middlewares/ST/usbx/common/core/src/ux_host_stack_hcd_register.c **** /*                                          length if no error            */
  67:Middlewares/ST/usbx/common/core/src/ux_host_stack_hcd_register.c **** /*    _ux_utility_memory_copy               Copy name into HCD structure  */
  68:Middlewares/ST/usbx/common/core/src/ux_host_stack_hcd_register.c **** /*    (hcd_init_function)                   Init function of HCD driver   */
  69:Middlewares/ST/usbx/common/core/src/ux_host_stack_hcd_register.c **** /*                                                                        */
  70:Middlewares/ST/usbx/common/core/src/ux_host_stack_hcd_register.c **** /*  CALLED BY                                                             */
  71:Middlewares/ST/usbx/common/core/src/ux_host_stack_hcd_register.c **** /*                                                                        */
  72:Middlewares/ST/usbx/common/core/src/ux_host_stack_hcd_register.c **** /*    Application                                                         */
  73:Middlewares/ST/usbx/common/core/src/ux_host_stack_hcd_register.c **** /*                                                                        */
  74:Middlewares/ST/usbx/common/core/src/ux_host_stack_hcd_register.c **** /*  RELEASE HISTORY                                                       */
  75:Middlewares/ST/usbx/common/core/src/ux_host_stack_hcd_register.c **** /*                                                                        */
  76:Middlewares/ST/usbx/common/core/src/ux_host_stack_hcd_register.c **** /*    DATE              NAME                      DESCRIPTION             */
  77:Middlewares/ST/usbx/common/core/src/ux_host_stack_hcd_register.c **** /*                                                                        */
  78:Middlewares/ST/usbx/common/core/src/ux_host_stack_hcd_register.c **** /*  05-19-2020     Chaoqiong Xiao           Initial Version 6.0           */
  79:Middlewares/ST/usbx/common/core/src/ux_host_stack_hcd_register.c **** /*  09-30-2020     Chaoqiong Xiao           Modified comment(s),          */
  80:Middlewares/ST/usbx/common/core/src/ux_host_stack_hcd_register.c **** /*                                            optimized based on compile  */
  81:Middlewares/ST/usbx/common/core/src/ux_host_stack_hcd_register.c **** /*                                            definitions, verified       */
  82:Middlewares/ST/usbx/common/core/src/ux_host_stack_hcd_register.c **** /*                                            memset and memcpy cases,    */
  83:Middlewares/ST/usbx/common/core/src/ux_host_stack_hcd_register.c **** /*                                            resulting in version 6.1    */
  84:Middlewares/ST/usbx/common/core/src/ux_host_stack_hcd_register.c **** /*                                                                        */
  85:Middlewares/ST/usbx/common/core/src/ux_host_stack_hcd_register.c **** /**************************************************************************/
  86:Middlewares/ST/usbx/common/core/src/ux_host_stack_hcd_register.c **** UINT  _ux_host_stack_hcd_register(UCHAR *hcd_name,
ARM GAS  C:\Users\HP\AppData\Local\Temp\ccWGdRJD.s 			page 3


  87:Middlewares/ST/usbx/common/core/src/ux_host_stack_hcd_register.c ****                                     UINT (*hcd_init_function)(struct UX_HCD_STRUCT *), ULONG hcd_pa
  88:Middlewares/ST/usbx/common/core/src/ux_host_stack_hcd_register.c **** {
  30              		.loc 1 88 1 view -0
  31              		.cfi_startproc
  32              		@ args = 0, pretend = 0, frame = 8
  33              		@ frame_needed = 0, uses_anonymous_args = 0
  34              		.loc 1 88 1 is_stmt 0 view .LVU1
  35 0000 2DE9F041 		push	{r4, r5, r6, r7, r8, lr}
  36              	.LCFI0:
  37              		.cfi_def_cfa_offset 24
  38              		.cfi_offset 4, -24
  39              		.cfi_offset 5, -20
  40              		.cfi_offset 6, -16
  41              		.cfi_offset 7, -12
  42              		.cfi_offset 8, -8
  43              		.cfi_offset 14, -4
  44 0004 82B0     		sub	sp, sp, #8
  45              	.LCFI1:
  46              		.cfi_def_cfa_offset 32
  47 0006 0746     		mov	r7, r0
  48 0008 0C46     		mov	r4, r1
  49 000a 1646     		mov	r6, r2
  50 000c 9846     		mov	r8, r3
  89:Middlewares/ST/usbx/common/core/src/ux_host_stack_hcd_register.c **** 
  90:Middlewares/ST/usbx/common/core/src/ux_host_stack_hcd_register.c **** UX_HCD      *hcd;
  51              		.loc 1 90 1 is_stmt 1 view .LVU2
  91:Middlewares/ST/usbx/common/core/src/ux_host_stack_hcd_register.c **** UINT        status;
  52              		.loc 1 91 1 view .LVU3
  92:Middlewares/ST/usbx/common/core/src/ux_host_stack_hcd_register.c **** #if !defined(UX_NAME_REFERENCED_BY_POINTER)
  93:Middlewares/ST/usbx/common/core/src/ux_host_stack_hcd_register.c **** UINT        hcd_name_length =  0;
  53              		.loc 1 93 1 view .LVU4
  54              		.loc 1 93 13 is_stmt 0 view .LVU5
  55 000e 0025     		movs	r5, #0
  56 0010 0195     		str	r5, [sp, #4]
  94:Middlewares/ST/usbx/common/core/src/ux_host_stack_hcd_register.c **** #endif
  95:Middlewares/ST/usbx/common/core/src/ux_host_stack_hcd_register.c **** #if UX_MAX_HCD > 1
  96:Middlewares/ST/usbx/common/core/src/ux_host_stack_hcd_register.c **** ULONG       hcd_index;
  97:Middlewares/ST/usbx/common/core/src/ux_host_stack_hcd_register.c **** #endif
  98:Middlewares/ST/usbx/common/core/src/ux_host_stack_hcd_register.c **** 
  99:Middlewares/ST/usbx/common/core/src/ux_host_stack_hcd_register.c **** 
 100:Middlewares/ST/usbx/common/core/src/ux_host_stack_hcd_register.c **** 
 101:Middlewares/ST/usbx/common/core/src/ux_host_stack_hcd_register.c ****     /* If trace is enabled, insert this event into the trace buffer.  */
 102:Middlewares/ST/usbx/common/core/src/ux_host_stack_hcd_register.c ****     UX_TRACE_IN_LINE_INSERT(UX_TRACE_HOST_STACK_HCD_REGISTER, hcd_name, hcd_param1, hcd_param2, 0, 
 103:Middlewares/ST/usbx/common/core/src/ux_host_stack_hcd_register.c **** 
 104:Middlewares/ST/usbx/common/core/src/ux_host_stack_hcd_register.c **** #if !defined(UX_NAME_REFERENCED_BY_POINTER)
 105:Middlewares/ST/usbx/common/core/src/ux_host_stack_hcd_register.c ****     /* Get the length of the class name (exclude null-terminator).  */
 106:Middlewares/ST/usbx/common/core/src/ux_host_stack_hcd_register.c ****     status =  _ux_utility_string_length_check(hcd_name, &hcd_name_length, UX_MAX_HCD_NAME_LENGTH);
  57              		.loc 1 106 5 is_stmt 1 view .LVU6
  58              		.loc 1 106 15 is_stmt 0 view .LVU7
  59 0012 3F22     		movs	r2, #63
  60              	.LVL1:
  61              		.loc 1 106 15 view .LVU8
  62 0014 01A9     		add	r1, sp, #4
  63              	.LVL2:
  64              		.loc 1 106 15 view .LVU9
  65 0016 FFF7FEFF 		bl	_ux_utility_string_length_check
  66              	.LVL3:
ARM GAS  C:\Users\HP\AppData\Local\Temp\ccWGdRJD.s 			page 4


 107:Middlewares/ST/usbx/common/core/src/ux_host_stack_hcd_register.c ****     if (status)
  67              		.loc 1 107 5 is_stmt 1 view .LVU10
  68              		.loc 1 107 8 is_stmt 0 view .LVU11
  69 001a 8446     		mov	ip, r0
  70 001c 30B9     		cbnz	r0, .L1
 108:Middlewares/ST/usbx/common/core/src/ux_host_stack_hcd_register.c ****         return(status);
 109:Middlewares/ST/usbx/common/core/src/ux_host_stack_hcd_register.c **** #endif
 110:Middlewares/ST/usbx/common/core/src/ux_host_stack_hcd_register.c **** 
 111:Middlewares/ST/usbx/common/core/src/ux_host_stack_hcd_register.c ****     /* Get HCD.  */
 112:Middlewares/ST/usbx/common/core/src/ux_host_stack_hcd_register.c ****     hcd =  _ux_system_host -> ux_system_host_hcd_array;
  71              		.loc 1 112 5 is_stmt 1 view .LVU12
  72              		.loc 1 112 28 is_stmt 0 view .LVU13
  73 001e 0F4B     		ldr	r3, .L6
  74 0020 1B68     		ldr	r3, [r3]
  75              		.loc 1 112 9 view .LVU14
  76 0022 DD68     		ldr	r5, [r3, #12]
  77              	.LVL4:
 113:Middlewares/ST/usbx/common/core/src/ux_host_stack_hcd_register.c **** 
 114:Middlewares/ST/usbx/common/core/src/ux_host_stack_hcd_register.c **** #if UX_MAX_HCD > 1
 115:Middlewares/ST/usbx/common/core/src/ux_host_stack_hcd_register.c ****     /* We need to parse the controller driver table to find an empty spot.  */
 116:Middlewares/ST/usbx/common/core/src/ux_host_stack_hcd_register.c ****     for(hcd_index = 0; hcd_index < _ux_system_host -> ux_system_host_max_hcd; hcd_index++)
 117:Middlewares/ST/usbx/common/core/src/ux_host_stack_hcd_register.c ****     {
 118:Middlewares/ST/usbx/common/core/src/ux_host_stack_hcd_register.c **** #endif
 119:Middlewares/ST/usbx/common/core/src/ux_host_stack_hcd_register.c **** 
 120:Middlewares/ST/usbx/common/core/src/ux_host_stack_hcd_register.c ****         /* Is this slot available?  */
 121:Middlewares/ST/usbx/common/core/src/ux_host_stack_hcd_register.c ****         if(hcd -> ux_hcd_status == UX_UNUSED)
  78              		.loc 1 121 9 is_stmt 1 view .LVU15
  79              		.loc 1 121 16 is_stmt 0 view .LVU16
  80 0024 2B6C     		ldr	r3, [r5, #64]
  81              		.loc 1 121 11 view .LVU17
  82 0026 2BB1     		cbz	r3, .L5
 122:Middlewares/ST/usbx/common/core/src/ux_host_stack_hcd_register.c ****         {
 123:Middlewares/ST/usbx/common/core/src/ux_host_stack_hcd_register.c **** 
 124:Middlewares/ST/usbx/common/core/src/ux_host_stack_hcd_register.c ****             /* Yes, setup the new HCD entry.  */
 125:Middlewares/ST/usbx/common/core/src/ux_host_stack_hcd_register.c **** 
 126:Middlewares/ST/usbx/common/core/src/ux_host_stack_hcd_register.c **** #if defined(UX_NAME_REFERENCED_BY_POINTER)
 127:Middlewares/ST/usbx/common/core/src/ux_host_stack_hcd_register.c ****             hcd -> ux_hcd_name = (const UCHAR *)hcd_name;
 128:Middlewares/ST/usbx/common/core/src/ux_host_stack_hcd_register.c **** #else
 129:Middlewares/ST/usbx/common/core/src/ux_host_stack_hcd_register.c **** 
 130:Middlewares/ST/usbx/common/core/src/ux_host_stack_hcd_register.c ****             /* Initialize the array of the new controller with its name (include null-terminator). 
 131:Middlewares/ST/usbx/common/core/src/ux_host_stack_hcd_register.c ****             _ux_utility_memory_copy(hcd -> ux_hcd_name, hcd_name, hcd_name_length + 1); /* Use case
 132:Middlewares/ST/usbx/common/core/src/ux_host_stack_hcd_register.c **** #endif
 133:Middlewares/ST/usbx/common/core/src/ux_host_stack_hcd_register.c **** 
 134:Middlewares/ST/usbx/common/core/src/ux_host_stack_hcd_register.c ****             /* Store the hardware resources of the controller */
 135:Middlewares/ST/usbx/common/core/src/ux_host_stack_hcd_register.c ****             hcd -> ux_hcd_io =   hcd_param1;
 136:Middlewares/ST/usbx/common/core/src/ux_host_stack_hcd_register.c ****             hcd -> ux_hcd_irq =  hcd_param2;
 137:Middlewares/ST/usbx/common/core/src/ux_host_stack_hcd_register.c **** 
 138:Middlewares/ST/usbx/common/core/src/ux_host_stack_hcd_register.c ****             /* This controller is now used */
 139:Middlewares/ST/usbx/common/core/src/ux_host_stack_hcd_register.c ****             hcd -> ux_hcd_status =  UX_USED;
 140:Middlewares/ST/usbx/common/core/src/ux_host_stack_hcd_register.c **** 
 141:Middlewares/ST/usbx/common/core/src/ux_host_stack_hcd_register.c ****             /* And we have one new controller registered.  */
 142:Middlewares/ST/usbx/common/core/src/ux_host_stack_hcd_register.c ****             _ux_system_host -> ux_system_host_registered_hcd++;
 143:Middlewares/ST/usbx/common/core/src/ux_host_stack_hcd_register.c **** 
 144:Middlewares/ST/usbx/common/core/src/ux_host_stack_hcd_register.c ****             /* We are now calling the HCD driver initialization.  */
 145:Middlewares/ST/usbx/common/core/src/ux_host_stack_hcd_register.c ****             status =  hcd_init_function(hcd);
 146:Middlewares/ST/usbx/common/core/src/ux_host_stack_hcd_register.c **** 
 147:Middlewares/ST/usbx/common/core/src/ux_host_stack_hcd_register.c ****             /* Return the completion status to the caller.  */
ARM GAS  C:\Users\HP\AppData\Local\Temp\ccWGdRJD.s 			page 5


 148:Middlewares/ST/usbx/common/core/src/ux_host_stack_hcd_register.c ****             return(status);
 149:Middlewares/ST/usbx/common/core/src/ux_host_stack_hcd_register.c ****         }
 150:Middlewares/ST/usbx/common/core/src/ux_host_stack_hcd_register.c **** #if UX_MAX_HCD > 1
 151:Middlewares/ST/usbx/common/core/src/ux_host_stack_hcd_register.c ****         /* Try the next HCD structure */
 152:Middlewares/ST/usbx/common/core/src/ux_host_stack_hcd_register.c ****         hcd++;
 153:Middlewares/ST/usbx/common/core/src/ux_host_stack_hcd_register.c ****     }
 154:Middlewares/ST/usbx/common/core/src/ux_host_stack_hcd_register.c **** #endif
 155:Middlewares/ST/usbx/common/core/src/ux_host_stack_hcd_register.c **** 
 156:Middlewares/ST/usbx/common/core/src/ux_host_stack_hcd_register.c ****     /* We have exhausted the array of the HCDs, return an error.  */
 157:Middlewares/ST/usbx/common/core/src/ux_host_stack_hcd_register.c ****     return(UX_MEMORY_INSUFFICIENT);
  83              		.loc 1 157 11 view .LVU18
  84 0028 4FF0120C 		mov	ip, #18
  85              	.LVL5:
  86              	.L1:
 158:Middlewares/ST/usbx/common/core/src/ux_host_stack_hcd_register.c **** }
  87              		.loc 1 158 1 view .LVU19
  88 002c 6046     		mov	r0, ip
  89              	.LVL6:
  90              		.loc 1 158 1 view .LVU20
  91 002e 02B0     		add	sp, sp, #8
  92              	.LCFI2:
  93              		.cfi_remember_state
  94              		.cfi_def_cfa_offset 24
  95              		@ sp needed
  96 0030 BDE8F081 		pop	{r4, r5, r6, r7, r8, pc}
  97              	.LVL7:
  98              	.L5:
  99              	.LCFI3:
 100              		.cfi_restore_state
 131:Middlewares/ST/usbx/common/core/src/ux_host_stack_hcd_register.c **** #endif
 101              		.loc 1 131 13 is_stmt 1 view .LVU21
 102 0034 019A     		ldr	r2, [sp, #4]
 103 0036 0132     		adds	r2, r2, #1
 104 0038 3946     		mov	r1, r7
 105 003a 2846     		mov	r0, r5
 106              	.LVL8:
 131:Middlewares/ST/usbx/common/core/src/ux_host_stack_hcd_register.c **** #endif
 107              		.loc 1 131 13 is_stmt 0 view .LVU22
 108 003c FFF7FEFF 		bl	_ux_utility_memory_copy
 109              	.LVL9:
 135:Middlewares/ST/usbx/common/core/src/ux_host_stack_hcd_register.c ****             hcd -> ux_hcd_irq =  hcd_param2;
 110              		.loc 1 135 13 is_stmt 1 view .LVU23
 135:Middlewares/ST/usbx/common/core/src/ux_host_stack_hcd_register.c ****             hcd -> ux_hcd_irq =  hcd_param2;
 111              		.loc 1 135 30 is_stmt 0 view .LVU24
 112 0040 EE66     		str	r6, [r5, #108]
 136:Middlewares/ST/usbx/common/core/src/ux_host_stack_hcd_register.c **** 
 113              		.loc 1 136 13 is_stmt 1 view .LVU25
 136:Middlewares/ST/usbx/common/core/src/ux_host_stack_hcd_register.c **** 
 114              		.loc 1 136 31 is_stmt 0 view .LVU26
 115 0042 C5F84880 		str	r8, [r5, #72]
 139:Middlewares/ST/usbx/common/core/src/ux_host_stack_hcd_register.c **** 
 116              		.loc 1 139 13 is_stmt 1 view .LVU27
 139:Middlewares/ST/usbx/common/core/src/ux_host_stack_hcd_register.c **** 
 117              		.loc 1 139 34 is_stmt 0 view .LVU28
 118 0046 0123     		movs	r3, #1
 119 0048 2B64     		str	r3, [r5, #64]
 142:Middlewares/ST/usbx/common/core/src/ux_host_stack_hcd_register.c **** 
ARM GAS  C:\Users\HP\AppData\Local\Temp\ccWGdRJD.s 			page 6


 120              		.loc 1 142 13 is_stmt 1 view .LVU29
 142:Middlewares/ST/usbx/common/core/src/ux_host_stack_hcd_register.c **** 
 121              		.loc 1 142 29 is_stmt 0 view .LVU30
 122 004a 044B     		ldr	r3, .L6
 123 004c 1A68     		ldr	r2, [r3]
 124 004e 9368     		ldr	r3, [r2, #8]
 142:Middlewares/ST/usbx/common/core/src/ux_host_stack_hcd_register.c **** 
 125              		.loc 1 142 61 view .LVU31
 126 0050 0133     		adds	r3, r3, #1
 127 0052 9360     		str	r3, [r2, #8]
 145:Middlewares/ST/usbx/common/core/src/ux_host_stack_hcd_register.c **** 
 128              		.loc 1 145 13 is_stmt 1 view .LVU32
 145:Middlewares/ST/usbx/common/core/src/ux_host_stack_hcd_register.c **** 
 129              		.loc 1 145 23 is_stmt 0 view .LVU33
 130 0054 2846     		mov	r0, r5
 131 0056 A047     		blx	r4
 132              	.LVL10:
 133 0058 8446     		mov	ip, r0
 134              	.LVL11:
 148:Middlewares/ST/usbx/common/core/src/ux_host_stack_hcd_register.c ****         }
 135              		.loc 1 148 13 is_stmt 1 view .LVU34
 148:Middlewares/ST/usbx/common/core/src/ux_host_stack_hcd_register.c ****         }
 136              		.loc 1 148 19 is_stmt 0 view .LVU35
 137 005a E7E7     		b	.L1
 138              	.L7:
 139              		.align	2
 140              	.L6:
 141 005c 00000000 		.word	_ux_system_host
 142              		.cfi_endproc
 143              	.LFE11:
 145              		.text
 146              	.Letext0:
 147              		.file 2 "Middlewares/ST/threadx/ports/cortex_m4/gnu/inc/tx_port.h"
 148              		.file 3 "Middlewares/ST/threadx/common/inc/tx_api.h"
 149              		.file 4 "Middlewares/ST/usbx/common/core/inc/ux_api.h"
 150              		.file 5 "Middlewares/ST/usbx/common/core/inc/ux_system.h"
 151              		.file 6 "Middlewares/ST/usbx/common/core/inc/ux_utility.h"
ARM GAS  C:\Users\HP\AppData\Local\Temp\ccWGdRJD.s 			page 7


DEFINED SYMBOLS
                            *ABS*:00000000 ux_host_stack_hcd_register.c
C:\Users\HP\AppData\Local\Temp\ccWGdRJD.s:20     .text._ux_host_stack_hcd_register:00000000 $t
C:\Users\HP\AppData\Local\Temp\ccWGdRJD.s:26     .text._ux_host_stack_hcd_register:00000000 _ux_host_stack_hcd_register
C:\Users\HP\AppData\Local\Temp\ccWGdRJD.s:141    .text._ux_host_stack_hcd_register:0000005c $d

UNDEFINED SYMBOLS
_ux_utility_string_length_check
_ux_utility_memory_copy
_ux_system_host
