ARM GAS  C:\Users\HP\AppData\Local\Temp\cczkiR0b.s 			page 1


   1              		.cpu cortex-m4
   2              		.arch armv7e-m
   3              		.fpu fpv4-sp-d16
   4              		.eabi_attribute 27, 1
   5              		.eabi_attribute 28, 1
   6              		.eabi_attribute 20, 1
   7              		.eabi_attribute 21, 1
   8              		.eabi_attribute 23, 3
   9              		.eabi_attribute 24, 1
  10              		.eabi_attribute 25, 1
  11              		.eabi_attribute 26, 1
  12              		.eabi_attribute 30, 1
  13              		.eabi_attribute 34, 1
  14              		.eabi_attribute 18, 4
  15              		.file	"ux_host_class_storage_media_protection_check.c"
  16              		.text
  17              	.Ltext0:
  18              		.cfi_sections	.debug_frame
  19              		.section	.text._ux_host_class_storage_media_protection_check,"ax",%progbits
  20              		.align	1
  21              		.global	_ux_host_class_storage_media_protection_check
  22              		.syntax unified
  23              		.thumb
  24              		.thumb_func
  26              	_ux_host_class_storage_media_protection_check:
  27              	.LVL0:
  28              	.LFB11:
  29              		.file 1 "Middlewares/ST/usbx/common/usbx_host_classes/src/ux_host_class_storage_media_protection_c
   1:Middlewares/ST/usbx/common/usbx_host_classes/src/ux_host_class_storage_media_protection_check.c **** /**************************************************************************/
   2:Middlewares/ST/usbx/common/usbx_host_classes/src/ux_host_class_storage_media_protection_check.c **** /*                                                                        */
   3:Middlewares/ST/usbx/common/usbx_host_classes/src/ux_host_class_storage_media_protection_check.c **** /*       Copyright (c) Microsoft Corporation. All rights reserved.        */
   4:Middlewares/ST/usbx/common/usbx_host_classes/src/ux_host_class_storage_media_protection_check.c **** /*                                                                        */
   5:Middlewares/ST/usbx/common/usbx_host_classes/src/ux_host_class_storage_media_protection_check.c **** /*       This software is licensed under the Microsoft Software License   */
   6:Middlewares/ST/usbx/common/usbx_host_classes/src/ux_host_class_storage_media_protection_check.c **** /*       Terms for Microsoft Azure RTOS. Full text of the license can be  */
   7:Middlewares/ST/usbx/common/usbx_host_classes/src/ux_host_class_storage_media_protection_check.c **** /*       found in the LICENSE file at https://aka.ms/AzureRTOS_EULA       */
   8:Middlewares/ST/usbx/common/usbx_host_classes/src/ux_host_class_storage_media_protection_check.c **** /*       and in the root directory of this software.                      */
   9:Middlewares/ST/usbx/common/usbx_host_classes/src/ux_host_class_storage_media_protection_check.c **** /*                                                                        */
  10:Middlewares/ST/usbx/common/usbx_host_classes/src/ux_host_class_storage_media_protection_check.c **** /**************************************************************************/
  11:Middlewares/ST/usbx/common/usbx_host_classes/src/ux_host_class_storage_media_protection_check.c **** 
  12:Middlewares/ST/usbx/common/usbx_host_classes/src/ux_host_class_storage_media_protection_check.c **** 
  13:Middlewares/ST/usbx/common/usbx_host_classes/src/ux_host_class_storage_media_protection_check.c **** /**************************************************************************/
  14:Middlewares/ST/usbx/common/usbx_host_classes/src/ux_host_class_storage_media_protection_check.c **** /**************************************************************************/
  15:Middlewares/ST/usbx/common/usbx_host_classes/src/ux_host_class_storage_media_protection_check.c **** /**                                                                       */ 
  16:Middlewares/ST/usbx/common/usbx_host_classes/src/ux_host_class_storage_media_protection_check.c **** /** USBX Component                                                        */ 
  17:Middlewares/ST/usbx/common/usbx_host_classes/src/ux_host_class_storage_media_protection_check.c **** /**                                                                       */
  18:Middlewares/ST/usbx/common/usbx_host_classes/src/ux_host_class_storage_media_protection_check.c **** /**   Storage Class                                                       */
  19:Middlewares/ST/usbx/common/usbx_host_classes/src/ux_host_class_storage_media_protection_check.c **** /**                                                                       */
  20:Middlewares/ST/usbx/common/usbx_host_classes/src/ux_host_class_storage_media_protection_check.c **** /**************************************************************************/
  21:Middlewares/ST/usbx/common/usbx_host_classes/src/ux_host_class_storage_media_protection_check.c **** /**************************************************************************/
  22:Middlewares/ST/usbx/common/usbx_host_classes/src/ux_host_class_storage_media_protection_check.c **** 
  23:Middlewares/ST/usbx/common/usbx_host_classes/src/ux_host_class_storage_media_protection_check.c **** 
  24:Middlewares/ST/usbx/common/usbx_host_classes/src/ux_host_class_storage_media_protection_check.c **** /* Include necessary system files.  */
  25:Middlewares/ST/usbx/common/usbx_host_classes/src/ux_host_class_storage_media_protection_check.c **** 
  26:Middlewares/ST/usbx/common/usbx_host_classes/src/ux_host_class_storage_media_protection_check.c **** #define UX_SOURCE_CODE
  27:Middlewares/ST/usbx/common/usbx_host_classes/src/ux_host_class_storage_media_protection_check.c **** 
  28:Middlewares/ST/usbx/common/usbx_host_classes/src/ux_host_class_storage_media_protection_check.c **** #include "ux_api.h"
  29:Middlewares/ST/usbx/common/usbx_host_classes/src/ux_host_class_storage_media_protection_check.c **** #include "ux_host_class_storage.h"
ARM GAS  C:\Users\HP\AppData\Local\Temp\cczkiR0b.s 			page 2


  30:Middlewares/ST/usbx/common/usbx_host_classes/src/ux_host_class_storage_media_protection_check.c **** #include "ux_host_stack.h"
  31:Middlewares/ST/usbx/common/usbx_host_classes/src/ux_host_class_storage_media_protection_check.c **** 
  32:Middlewares/ST/usbx/common/usbx_host_classes/src/ux_host_class_storage_media_protection_check.c **** 
  33:Middlewares/ST/usbx/common/usbx_host_classes/src/ux_host_class_storage_media_protection_check.c **** /**************************************************************************/ 
  34:Middlewares/ST/usbx/common/usbx_host_classes/src/ux_host_class_storage_media_protection_check.c **** /*                                                                        */ 
  35:Middlewares/ST/usbx/common/usbx_host_classes/src/ux_host_class_storage_media_protection_check.c **** /*  FUNCTION                                               RELEASE        */ 
  36:Middlewares/ST/usbx/common/usbx_host_classes/src/ux_host_class_storage_media_protection_check.c **** /*                                                                        */ 
  37:Middlewares/ST/usbx/common/usbx_host_classes/src/ux_host_class_storage_media_protection_check.c **** /*    _ux_host_class_storage_media_protection_check       PORTABLE C      */ 
  38:Middlewares/ST/usbx/common/usbx_host_classes/src/ux_host_class_storage_media_protection_check.c **** /*                                                           6.1          */
  39:Middlewares/ST/usbx/common/usbx_host_classes/src/ux_host_class_storage_media_protection_check.c **** /*  AUTHOR                                                                */
  40:Middlewares/ST/usbx/common/usbx_host_classes/src/ux_host_class_storage_media_protection_check.c **** /*                                                                        */
  41:Middlewares/ST/usbx/common/usbx_host_classes/src/ux_host_class_storage_media_protection_check.c **** /*    Chaoqiong Xiao, Microsoft Corporation                               */
  42:Middlewares/ST/usbx/common/usbx_host_classes/src/ux_host_class_storage_media_protection_check.c **** /*                                                                        */
  43:Middlewares/ST/usbx/common/usbx_host_classes/src/ux_host_class_storage_media_protection_check.c **** /*  DESCRIPTION                                                           */
  44:Middlewares/ST/usbx/common/usbx_host_classes/src/ux_host_class_storage_media_protection_check.c **** /*                                                                        */ 
  45:Middlewares/ST/usbx/common/usbx_host_classes/src/ux_host_class_storage_media_protection_check.c **** /*    This function will send a MODE_SENSE command to retrieve the medium */
  46:Middlewares/ST/usbx/common/usbx_host_classes/src/ux_host_class_storage_media_protection_check.c **** /*    and device parameters.                                              */ 
  47:Middlewares/ST/usbx/common/usbx_host_classes/src/ux_host_class_storage_media_protection_check.c **** /*                                                                        */ 
  48:Middlewares/ST/usbx/common/usbx_host_classes/src/ux_host_class_storage_media_protection_check.c **** /*  INPUT                                                                 */ 
  49:Middlewares/ST/usbx/common/usbx_host_classes/src/ux_host_class_storage_media_protection_check.c **** /*                                                                        */ 
  50:Middlewares/ST/usbx/common/usbx_host_classes/src/ux_host_class_storage_media_protection_check.c **** /*    storage                               Pointer to storage class      */ 
  51:Middlewares/ST/usbx/common/usbx_host_classes/src/ux_host_class_storage_media_protection_check.c **** /*                                                                        */ 
  52:Middlewares/ST/usbx/common/usbx_host_classes/src/ux_host_class_storage_media_protection_check.c **** /*  OUTPUT                                                                */ 
  53:Middlewares/ST/usbx/common/usbx_host_classes/src/ux_host_class_storage_media_protection_check.c **** /*                                                                        */ 
  54:Middlewares/ST/usbx/common/usbx_host_classes/src/ux_host_class_storage_media_protection_check.c **** /*    Completion Status                                                   */ 
  55:Middlewares/ST/usbx/common/usbx_host_classes/src/ux_host_class_storage_media_protection_check.c **** /*                                                                        */ 
  56:Middlewares/ST/usbx/common/usbx_host_classes/src/ux_host_class_storage_media_protection_check.c **** /*  CALLS                                                                 */ 
  57:Middlewares/ST/usbx/common/usbx_host_classes/src/ux_host_class_storage_media_protection_check.c **** /*                                                                        */ 
  58:Middlewares/ST/usbx/common/usbx_host_classes/src/ux_host_class_storage_media_protection_check.c **** /*    _ux_host_class_storage_cbw_initialize Initialize CBW                */ 
  59:Middlewares/ST/usbx/common/usbx_host_classes/src/ux_host_class_storage_media_protection_check.c **** /*    _ux_host_class_storage_transport      Send command                  */ 
  60:Middlewares/ST/usbx/common/usbx_host_classes/src/ux_host_class_storage_media_protection_check.c **** /*    _ux_utility_memory_allocate           Allocate memory block         */ 
  61:Middlewares/ST/usbx/common/usbx_host_classes/src/ux_host_class_storage_media_protection_check.c **** /*    _ux_utility_memory_free               Release memory block          */ 
  62:Middlewares/ST/usbx/common/usbx_host_classes/src/ux_host_class_storage_media_protection_check.c **** /*    _ux_utility_short_get_big_endian      Get short value               */ 
  63:Middlewares/ST/usbx/common/usbx_host_classes/src/ux_host_class_storage_media_protection_check.c **** /*    _ux_utility_short_put_big_endian      Put short value               */ 
  64:Middlewares/ST/usbx/common/usbx_host_classes/src/ux_host_class_storage_media_protection_check.c **** /*                                                                        */ 
  65:Middlewares/ST/usbx/common/usbx_host_classes/src/ux_host_class_storage_media_protection_check.c **** /*  CALLED BY                                                             */ 
  66:Middlewares/ST/usbx/common/usbx_host_classes/src/ux_host_class_storage_media_protection_check.c **** /*                                                                        */ 
  67:Middlewares/ST/usbx/common/usbx_host_classes/src/ux_host_class_storage_media_protection_check.c **** /*    Storage Class                                                       */ 
  68:Middlewares/ST/usbx/common/usbx_host_classes/src/ux_host_class_storage_media_protection_check.c **** /*                                                                        */ 
  69:Middlewares/ST/usbx/common/usbx_host_classes/src/ux_host_class_storage_media_protection_check.c **** /*  RELEASE HISTORY                                                       */ 
  70:Middlewares/ST/usbx/common/usbx_host_classes/src/ux_host_class_storage_media_protection_check.c **** /*                                                                        */ 
  71:Middlewares/ST/usbx/common/usbx_host_classes/src/ux_host_class_storage_media_protection_check.c **** /*    DATE              NAME                      DESCRIPTION             */ 
  72:Middlewares/ST/usbx/common/usbx_host_classes/src/ux_host_class_storage_media_protection_check.c **** /*                                                                        */ 
  73:Middlewares/ST/usbx/common/usbx_host_classes/src/ux_host_class_storage_media_protection_check.c **** /*  05-19-2020     Chaoqiong Xiao           Initial Version 6.0           */
  74:Middlewares/ST/usbx/common/usbx_host_classes/src/ux_host_class_storage_media_protection_check.c **** /*  09-30-2020     Chaoqiong Xiao           Modified comment(s),          */
  75:Middlewares/ST/usbx/common/usbx_host_classes/src/ux_host_class_storage_media_protection_check.c **** /*                                            resulting in version 6.1    */
  76:Middlewares/ST/usbx/common/usbx_host_classes/src/ux_host_class_storage_media_protection_check.c **** /*                                                                        */
  77:Middlewares/ST/usbx/common/usbx_host_classes/src/ux_host_class_storage_media_protection_check.c **** /**************************************************************************/
  78:Middlewares/ST/usbx/common/usbx_host_classes/src/ux_host_class_storage_media_protection_check.c **** UINT  _ux_host_class_storage_media_protection_check(UX_HOST_CLASS_STORAGE *storage)
  79:Middlewares/ST/usbx/common/usbx_host_classes/src/ux_host_class_storage_media_protection_check.c **** {
  30              		.loc 1 79 1 view -0
  31              		.cfi_startproc
  32              		@ args = 0, pretend = 0, frame = 0
  33              		@ frame_needed = 0, uses_anonymous_args = 0
  34              		.loc 1 79 1 is_stmt 0 view .LVU1
  35 0000 F8B5     		push	{r3, r4, r5, r6, r7, lr}
  36              	.LCFI0:
ARM GAS  C:\Users\HP\AppData\Local\Temp\cczkiR0b.s 			page 3


  37              		.cfi_def_cfa_offset 24
  38              		.cfi_offset 3, -24
  39              		.cfi_offset 4, -20
  40              		.cfi_offset 5, -16
  41              		.cfi_offset 6, -12
  42              		.cfi_offset 7, -8
  43              		.cfi_offset 14, -4
  44 0002 0446     		mov	r4, r0
  80:Middlewares/ST/usbx/common/usbx_host_classes/src/ux_host_class_storage_media_protection_check.c **** 
  81:Middlewares/ST/usbx/common/usbx_host_classes/src/ux_host_class_storage_media_protection_check.c **** UINT            status;
  45              		.loc 1 81 1 is_stmt 1 view .LVU2
  82:Middlewares/ST/usbx/common/usbx_host_classes/src/ux_host_class_storage_media_protection_check.c **** UCHAR             *cbw;
  46              		.loc 1 82 1 view .LVU3
  83:Middlewares/ST/usbx/common/usbx_host_classes/src/ux_host_class_storage_media_protection_check.c **** UCHAR             *mode_sense_response;
  47              		.loc 1 83 1 view .LVU4
  84:Middlewares/ST/usbx/common/usbx_host_classes/src/ux_host_class_storage_media_protection_check.c **** UINT            command_length;
  48              		.loc 1 84 1 view .LVU5
  85:Middlewares/ST/usbx/common/usbx_host_classes/src/ux_host_class_storage_media_protection_check.c **** ULONG           wp_parameter_location;
  49              		.loc 1 85 1 view .LVU6
  86:Middlewares/ST/usbx/common/usbx_host_classes/src/ux_host_class_storage_media_protection_check.c **** 
  87:Middlewares/ST/usbx/common/usbx_host_classes/src/ux_host_class_storage_media_protection_check.c **** 
  88:Middlewares/ST/usbx/common/usbx_host_classes/src/ux_host_class_storage_media_protection_check.c ****     /* Use a pointer for the cbw, easier to manipulate.  */
  89:Middlewares/ST/usbx/common/usbx_host_classes/src/ux_host_class_storage_media_protection_check.c ****     cbw =  (UCHAR *) storage -> ux_host_class_storage_cbw;
  50              		.loc 1 89 5 view .LVU7
  51              	.LVL1:
  90:Middlewares/ST/usbx/common/usbx_host_classes/src/ux_host_class_storage_media_protection_check.c **** 
  91:Middlewares/ST/usbx/common/usbx_host_classes/src/ux_host_class_storage_media_protection_check.c ****     /* Get the Write Command Length.  */
  92:Middlewares/ST/usbx/common/usbx_host_classes/src/ux_host_class_storage_media_protection_check.c **** #ifdef UX_HOST_CLASS_STORAGE_INCLUDE_LEGACY_PROTOCOL_SUPPORT
  93:Middlewares/ST/usbx/common/usbx_host_classes/src/ux_host_class_storage_media_protection_check.c ****     if (storage -> ux_host_class_storage_interface -> ux_interface_descriptor.bInterfaceSubClass ==
  94:Middlewares/ST/usbx/common/usbx_host_classes/src/ux_host_class_storage_media_protection_check.c ****         command_length =  UX_HOST_CLASS_STORAGE_MODE_SENSE_COMMAND_LENGTH_UFI;
  95:Middlewares/ST/usbx/common/usbx_host_classes/src/ux_host_class_storage_media_protection_check.c ****     else
  96:Middlewares/ST/usbx/common/usbx_host_classes/src/ux_host_class_storage_media_protection_check.c ****         command_length =  UX_HOST_CLASS_STORAGE_MODE_SENSE_COMMAND_LENGTH_SBC;
  97:Middlewares/ST/usbx/common/usbx_host_classes/src/ux_host_class_storage_media_protection_check.c **** #else
  98:Middlewares/ST/usbx/common/usbx_host_classes/src/ux_host_class_storage_media_protection_check.c ****     command_length =  UX_HOST_CLASS_STORAGE_MODE_SENSE_COMMAND_LENGTH_SBC;
  52              		.loc 1 98 5 view .LVU8
  99:Middlewares/ST/usbx/common/usbx_host_classes/src/ux_host_class_storage_media_protection_check.c **** #endif
 100:Middlewares/ST/usbx/common/usbx_host_classes/src/ux_host_class_storage_media_protection_check.c **** 
 101:Middlewares/ST/usbx/common/usbx_host_classes/src/ux_host_class_storage_media_protection_check.c ****     /* Initialize the CBW for this command.  */
 102:Middlewares/ST/usbx/common/usbx_host_classes/src/ux_host_class_storage_media_protection_check.c ****     _ux_host_class_storage_cbw_initialize(storage, UX_HOST_CLASS_STORAGE_DATA_IN, UX_HOST_CLASS_STO
  53              		.loc 1 102 5 view .LVU9
  54 0004 0C23     		movs	r3, #12
  55 0006 C022     		movs	r2, #192
  56 0008 8021     		movs	r1, #128
  57 000a FFF7FEFF 		bl	_ux_host_class_storage_cbw_initialize
  58              	.LVL2:
 103:Middlewares/ST/usbx/common/usbx_host_classes/src/ux_host_class_storage_media_protection_check.c ****     
 104:Middlewares/ST/usbx/common/usbx_host_classes/src/ux_host_class_storage_media_protection_check.c ****     /* Prepare the MODE_SENSE command block.  Distinguish between SUBCLASSES. */
 105:Middlewares/ST/usbx/common/usbx_host_classes/src/ux_host_class_storage_media_protection_check.c ****     switch (storage -> ux_host_class_storage_interface -> ux_interface_descriptor.bInterfaceSubClas
  59              		.loc 1 105 5 view .LVU10
  60              		.loc 1 105 21 is_stmt 0 view .LVU11
  61 000e E368     		ldr	r3, [r4, #12]
  62              		.loc 1 105 82 view .LVU12
  63 0010 5B6A     		ldr	r3, [r3, #36]
  64              		.loc 1 105 5 view .LVU13
  65 0012 012B     		cmp	r3, #1
  66 0014 20D0     		beq	.L8
 106:Middlewares/ST/usbx/common/usbx_host_classes/src/ux_host_class_storage_media_protection_check.c ****     {
ARM GAS  C:\Users\HP\AppData\Local\Temp\cczkiR0b.s 			page 4


 107:Middlewares/ST/usbx/common/usbx_host_classes/src/ux_host_class_storage_media_protection_check.c ****     
 108:Middlewares/ST/usbx/common/usbx_host_classes/src/ux_host_class_storage_media_protection_check.c ****         case UX_HOST_CLASS_STORAGE_SUBCLASS_RBC         :
 109:Middlewares/ST/usbx/common/usbx_host_classes/src/ux_host_class_storage_media_protection_check.c **** #ifdef UX_HOST_CLASS_STORAGE_INCLUDE_LEGACY_PROTOCOL_SUPPORT
 110:Middlewares/ST/usbx/common/usbx_host_classes/src/ux_host_class_storage_media_protection_check.c ****         case UX_HOST_CLASS_STORAGE_SUBCLASS_UFI         :
 111:Middlewares/ST/usbx/common/usbx_host_classes/src/ux_host_class_storage_media_protection_check.c **** #endif
 112:Middlewares/ST/usbx/common/usbx_host_classes/src/ux_host_class_storage_media_protection_check.c ****             *(cbw + UX_HOST_CLASS_STORAGE_CBW_CB + UX_HOST_CLASS_STORAGE_MODE_SENSE_OPERATION) =  U
 113:Middlewares/ST/usbx/common/usbx_host_classes/src/ux_host_class_storage_media_protection_check.c ****             wp_parameter_location =  UX_HOST_CLASS_STORAGE_MODE_SENSE_RESPONSE_ATTRIBUTES;
 114:Middlewares/ST/usbx/common/usbx_host_classes/src/ux_host_class_storage_media_protection_check.c ****             break;
 115:Middlewares/ST/usbx/common/usbx_host_classes/src/ux_host_class_storage_media_protection_check.c **** 
 116:Middlewares/ST/usbx/common/usbx_host_classes/src/ux_host_class_storage_media_protection_check.c ****         default                                         :            
 117:Middlewares/ST/usbx/common/usbx_host_classes/src/ux_host_class_storage_media_protection_check.c ****             *(cbw + UX_HOST_CLASS_STORAGE_CBW_CB + UX_HOST_CLASS_STORAGE_MODE_SENSE_OPERATION) =  U
  67              		.loc 1 117 13 is_stmt 1 view .LVU14
  68              		.loc 1 117 96 is_stmt 0 view .LVU15
  69 0016 1A23     		movs	r3, #26
  70 0018 84F82B30 		strb	r3, [r4, #43]
 118:Middlewares/ST/usbx/common/usbx_host_classes/src/ux_host_class_storage_media_protection_check.c ****             wp_parameter_location =  UX_HOST_CLASS_STORAGE_MODE_SENSE_RESPONSE_ATTRIBUTES_SHORT;
  71              		.loc 1 118 13 is_stmt 1 view .LVU16
  72              	.LVL3:
 119:Middlewares/ST/usbx/common/usbx_host_classes/src/ux_host_class_storage_media_protection_check.c ****             break;
  73              		.loc 1 119 13 view .LVU17
 118:Middlewares/ST/usbx/common/usbx_host_classes/src/ux_host_class_storage_media_protection_check.c ****             wp_parameter_location =  UX_HOST_CLASS_STORAGE_MODE_SENSE_RESPONSE_ATTRIBUTES_SHORT;
  74              		.loc 1 118 35 is_stmt 0 view .LVU18
  75 001c 0227     		movs	r7, #2
  76              	.LVL4:
  77              	.L3:
 120:Middlewares/ST/usbx/common/usbx_host_classes/src/ux_host_class_storage_media_protection_check.c ****     }
 121:Middlewares/ST/usbx/common/usbx_host_classes/src/ux_host_class_storage_media_protection_check.c ****     
 122:Middlewares/ST/usbx/common/usbx_host_classes/src/ux_host_class_storage_media_protection_check.c ****     /* We ask for all pages.  */
 123:Middlewares/ST/usbx/common/usbx_host_classes/src/ux_host_class_storage_media_protection_check.c ****     *(cbw + UX_HOST_CLASS_STORAGE_CBW_CB + UX_HOST_CLASS_STORAGE_MODE_SENSE_PC_PAGE_CODE) = UX_HOST
  78              		.loc 1 123 5 is_stmt 1 view .LVU19
  79              		.loc 1 123 91 is_stmt 0 view .LVU20
  80 001e 3F23     		movs	r3, #63
  81 0020 84F82D30 		strb	r3, [r4, #45]
 124:Middlewares/ST/usbx/common/usbx_host_classes/src/ux_host_class_storage_media_protection_check.c ****     
 125:Middlewares/ST/usbx/common/usbx_host_classes/src/ux_host_class_storage_media_protection_check.c ****     /* Store the length of the Inquiry Response.  */
 126:Middlewares/ST/usbx/common/usbx_host_classes/src/ux_host_class_storage_media_protection_check.c ****     _ux_utility_short_put_big_endian(cbw + UX_HOST_CLASS_STORAGE_CBW_CB + UX_HOST_CLASS_STORAGE_MOD
  82              		.loc 1 126 5 is_stmt 1 view .LVU21
  83 0024 C021     		movs	r1, #192
  84 0026 04F13200 		add	r0, r4, #50
  85 002a FFF7FEFF 		bl	_ux_utility_short_put_big_endian
  86              	.LVL5:
 127:Middlewares/ST/usbx/common/usbx_host_classes/src/ux_host_class_storage_media_protection_check.c **** 
 128:Middlewares/ST/usbx/common/usbx_host_classes/src/ux_host_class_storage_media_protection_check.c ****     /* Obtain a block of memory for the answer.  */
 129:Middlewares/ST/usbx/common/usbx_host_classes/src/ux_host_class_storage_media_protection_check.c ****     mode_sense_response =  _ux_utility_memory_allocate(UX_SAFE_ALIGN, UX_CACHE_SAFE_MEMORY, UX_HOST
  87              		.loc 1 129 5 view .LVU22
  88              		.loc 1 129 28 is_stmt 0 view .LVU23
  89 002e C022     		movs	r2, #192
  90 0030 0121     		movs	r1, #1
  91 0032 4FF0FF30 		mov	r0, #-1
  92 0036 FFF7FEFF 		bl	_ux_utility_memory_allocate
  93              	.LVL6:
 130:Middlewares/ST/usbx/common/usbx_host_classes/src/ux_host_class_storage_media_protection_check.c ****     if (mode_sense_response == UX_NULL)
  94              		.loc 1 130 5 is_stmt 1 view .LVU24
  95              		.loc 1 130 8 is_stmt 0 view .LVU25
  96 003a 0546     		mov	r5, r0
  97 003c E0B1     		cbz	r0, .L6
 131:Middlewares/ST/usbx/common/usbx_host_classes/src/ux_host_class_storage_media_protection_check.c ****         return(UX_MEMORY_INSUFFICIENT);
ARM GAS  C:\Users\HP\AppData\Local\Temp\cczkiR0b.s 			page 5


 132:Middlewares/ST/usbx/common/usbx_host_classes/src/ux_host_class_storage_media_protection_check.c ****     
 133:Middlewares/ST/usbx/common/usbx_host_classes/src/ux_host_class_storage_media_protection_check.c ****     /* Send the command to transport layer.  */
 134:Middlewares/ST/usbx/common/usbx_host_classes/src/ux_host_class_storage_media_protection_check.c ****     status =  _ux_host_class_storage_transport(storage, mode_sense_response);
  98              		.loc 1 134 5 is_stmt 1 view .LVU26
  99              		.loc 1 134 15 is_stmt 0 view .LVU27
 100 003e 0146     		mov	r1, r0
 101 0040 2046     		mov	r0, r4
 102              	.LVL7:
 103              		.loc 1 134 15 view .LVU28
 104 0042 FFF7FEFF 		bl	_ux_host_class_storage_transport
 105              	.LVL8:
 135:Middlewares/ST/usbx/common/usbx_host_classes/src/ux_host_class_storage_media_protection_check.c ****     
 136:Middlewares/ST/usbx/common/usbx_host_classes/src/ux_host_class_storage_media_protection_check.c ****     /* Reset the Write Protected flag. */
 137:Middlewares/ST/usbx/common/usbx_host_classes/src/ux_host_class_storage_media_protection_check.c ****     storage -> ux_host_class_storage_write_protected_media =  UX_FALSE;
 106              		.loc 1 137 5 is_stmt 1 view .LVU29
 107              		.loc 1 137 60 is_stmt 0 view .LVU30
 108 0046 0023     		movs	r3, #0
 109 0048 A367     		str	r3, [r4, #120]
 138:Middlewares/ST/usbx/common/usbx_host_classes/src/ux_host_class_storage_media_protection_check.c **** 
 139:Middlewares/ST/usbx/common/usbx_host_classes/src/ux_host_class_storage_media_protection_check.c ****     /* If we have a transport error, there is not much we can do, simply return the
 140:Middlewares/ST/usbx/common/usbx_host_classes/src/ux_host_class_storage_media_protection_check.c ****        error. The default will be non protected disk. */
 141:Middlewares/ST/usbx/common/usbx_host_classes/src/ux_host_class_storage_media_protection_check.c ****     if (status == UX_SUCCESS)
 110              		.loc 1 141 5 is_stmt 1 view .LVU31
 111              		.loc 1 141 8 is_stmt 0 view .LVU32
 112 004a 0646     		mov	r6, r0
 113 004c 48B1     		cbz	r0, .L9
 114              	.LVL9:
 115              	.L5:
 142:Middlewares/ST/usbx/common/usbx_host_classes/src/ux_host_class_storage_media_protection_check.c ****     {
 143:Middlewares/ST/usbx/common/usbx_host_classes/src/ux_host_class_storage_media_protection_check.c ****         /* Check to see that we have at least the header of the MODE_SENSE response, if not, ignore
 144:Middlewares/ST/usbx/common/usbx_host_classes/src/ux_host_class_storage_media_protection_check.c ****            Some devices do not stall this command but rather return 0 byte length.  */
 145:Middlewares/ST/usbx/common/usbx_host_classes/src/ux_host_class_storage_media_protection_check.c ****         if(_ux_utility_short_get_big_endian(mode_sense_response + UX_HOST_CLASS_STORAGE_MODE_SENSE_
 146:Middlewares/ST/usbx/common/usbx_host_classes/src/ux_host_class_storage_media_protection_check.c ****         {
 147:Middlewares/ST/usbx/common/usbx_host_classes/src/ux_host_class_storage_media_protection_check.c **** 
 148:Middlewares/ST/usbx/common/usbx_host_classes/src/ux_host_class_storage_media_protection_check.c ****             /* The Mode Sense response tells us if the media is Write protected or not. */
 149:Middlewares/ST/usbx/common/usbx_host_classes/src/ux_host_class_storage_media_protection_check.c ****             if (*(mode_sense_response + wp_parameter_location) & UX_HOST_CLASS_STORAGE_MODE_SENSE_R
 150:Middlewares/ST/usbx/common/usbx_host_classes/src/ux_host_class_storage_media_protection_check.c ****             
 151:Middlewares/ST/usbx/common/usbx_host_classes/src/ux_host_class_storage_media_protection_check.c ****                 /* The Mode Sense response tells us if the media is Write protected or not. */
 152:Middlewares/ST/usbx/common/usbx_host_classes/src/ux_host_class_storage_media_protection_check.c ****                 storage -> ux_host_class_storage_write_protected_media =  UX_TRUE;
 153:Middlewares/ST/usbx/common/usbx_host_classes/src/ux_host_class_storage_media_protection_check.c ****         }            
 154:Middlewares/ST/usbx/common/usbx_host_classes/src/ux_host_class_storage_media_protection_check.c ****     }       
 155:Middlewares/ST/usbx/common/usbx_host_classes/src/ux_host_class_storage_media_protection_check.c **** 
 156:Middlewares/ST/usbx/common/usbx_host_classes/src/ux_host_class_storage_media_protection_check.c ****     /* Free the memory resource used for the command response.  */
 157:Middlewares/ST/usbx/common/usbx_host_classes/src/ux_host_class_storage_media_protection_check.c ****     _ux_utility_memory_free(mode_sense_response);
 116              		.loc 1 157 5 is_stmt 1 view .LVU33
 117 004e 2846     		mov	r0, r5
 118 0050 FFF7FEFF 		bl	_ux_utility_memory_free
 119              	.LVL10:
 158:Middlewares/ST/usbx/common/usbx_host_classes/src/ux_host_class_storage_media_protection_check.c ****     
 159:Middlewares/ST/usbx/common/usbx_host_classes/src/ux_host_class_storage_media_protection_check.c ****     /* Return completion status.  */
 160:Middlewares/ST/usbx/common/usbx_host_classes/src/ux_host_class_storage_media_protection_check.c ****     return(status);                                            
 120              		.loc 1 160 5 view .LVU34
 121              	.L1:
 161:Middlewares/ST/usbx/common/usbx_host_classes/src/ux_host_class_storage_media_protection_check.c **** }
 122              		.loc 1 161 1 is_stmt 0 view .LVU35
 123 0054 3046     		mov	r0, r6
 124 0056 F8BD     		pop	{r3, r4, r5, r6, r7, pc}
ARM GAS  C:\Users\HP\AppData\Local\Temp\cczkiR0b.s 			page 6


 125              	.LVL11:
 126              	.L8:
 112:Middlewares/ST/usbx/common/usbx_host_classes/src/ux_host_class_storage_media_protection_check.c ****             wp_parameter_location =  UX_HOST_CLASS_STORAGE_MODE_SENSE_RESPONSE_ATTRIBUTES;
 127              		.loc 1 112 13 is_stmt 1 view .LVU36
 112:Middlewares/ST/usbx/common/usbx_host_classes/src/ux_host_class_storage_media_protection_check.c ****             wp_parameter_location =  UX_HOST_CLASS_STORAGE_MODE_SENSE_RESPONSE_ATTRIBUTES;
 128              		.loc 1 112 96 is_stmt 0 view .LVU37
 129 0058 5A23     		movs	r3, #90
 130 005a 84F82B30 		strb	r3, [r4, #43]
 113:Middlewares/ST/usbx/common/usbx_host_classes/src/ux_host_class_storage_media_protection_check.c ****             break;
 131              		.loc 1 113 13 is_stmt 1 view .LVU38
 132              	.LVL12:
 114:Middlewares/ST/usbx/common/usbx_host_classes/src/ux_host_class_storage_media_protection_check.c **** 
 133              		.loc 1 114 13 view .LVU39
 113:Middlewares/ST/usbx/common/usbx_host_classes/src/ux_host_class_storage_media_protection_check.c ****             break;
 134              		.loc 1 113 35 is_stmt 0 view .LVU40
 135 005e 0327     		movs	r7, #3
 114:Middlewares/ST/usbx/common/usbx_host_classes/src/ux_host_class_storage_media_protection_check.c **** 
 136              		.loc 1 114 13 view .LVU41
 137 0060 DDE7     		b	.L3
 138              	.LVL13:
 139              	.L9:
 145:Middlewares/ST/usbx/common/usbx_host_classes/src/ux_host_class_storage_media_protection_check.c ****         {
 140              		.loc 1 145 9 is_stmt 1 view .LVU42
 145:Middlewares/ST/usbx/common/usbx_host_classes/src/ux_host_class_storage_media_protection_check.c ****         {
 141              		.loc 1 145 12 is_stmt 0 view .LVU43
 142 0062 2846     		mov	r0, r5
 143              	.LVL14:
 145:Middlewares/ST/usbx/common/usbx_host_classes/src/ux_host_class_storage_media_protection_check.c ****         {
 144              		.loc 1 145 12 view .LVU44
 145 0064 FFF7FEFF 		bl	_ux_utility_short_get_big_endian
 146              	.LVL15:
 145:Middlewares/ST/usbx/common/usbx_host_classes/src/ux_host_class_storage_media_protection_check.c ****         {
 147              		.loc 1 145 11 view .LVU45
 148 0068 0728     		cmp	r0, #7
 149 006a F0D9     		bls	.L5
 149:Middlewares/ST/usbx/common/usbx_host_classes/src/ux_host_class_storage_media_protection_check.c ****             
 150              		.loc 1 149 13 is_stmt 1 view .LVU46
 149:Middlewares/ST/usbx/common/usbx_host_classes/src/ux_host_class_storage_media_protection_check.c ****             
 151              		.loc 1 149 17 is_stmt 0 view .LVU47
 152 006c EB57     		ldrsb	r3, [r5, r7]
 149:Middlewares/ST/usbx/common/usbx_host_classes/src/ux_host_class_storage_media_protection_check.c ****             
 153              		.loc 1 149 16 view .LVU48
 154 006e 002B     		cmp	r3, #0
 155 0070 EDDA     		bge	.L5
 152:Middlewares/ST/usbx/common/usbx_host_classes/src/ux_host_class_storage_media_protection_check.c ****         }            
 156              		.loc 1 152 17 is_stmt 1 view .LVU49
 152:Middlewares/ST/usbx/common/usbx_host_classes/src/ux_host_class_storage_media_protection_check.c ****         }            
 157              		.loc 1 152 72 is_stmt 0 view .LVU50
 158 0072 0123     		movs	r3, #1
 159 0074 A367     		str	r3, [r4, #120]
 160 0076 EAE7     		b	.L5
 161              	.LVL16:
 162              	.L6:
 131:Middlewares/ST/usbx/common/usbx_host_classes/src/ux_host_class_storage_media_protection_check.c ****     
 163              		.loc 1 131 15 view .LVU51
 164 0078 1226     		movs	r6, #18
 165 007a EBE7     		b	.L1
ARM GAS  C:\Users\HP\AppData\Local\Temp\cczkiR0b.s 			page 7


 166              		.cfi_endproc
 167              	.LFE11:
 169              		.text
 170              	.Letext0:
 171              		.file 2 "Middlewares/ST/threadx/ports/cortex_m4/gnu/inc/tx_port.h"
 172              		.file 3 "Middlewares/ST/threadx/common/inc/tx_api.h"
 173              		.file 4 "Middlewares/ST/usbx/common/core/inc/ux_api.h"
 174              		.file 5 "Middlewares/ST/usbx/common/usbx_host_classes/inc/ux_host_class_storage.h"
 175              		.file 6 "Middlewares/ST/usbx/common/core/inc/ux_utility.h"
ARM GAS  C:\Users\HP\AppData\Local\Temp\cczkiR0b.s 			page 8


DEFINED SYMBOLS
                            *ABS*:00000000 ux_host_class_storage_media_protection_check.c
C:\Users\HP\AppData\Local\Temp\cczkiR0b.s:20     .text._ux_host_class_storage_media_protection_check:00000000 $t
C:\Users\HP\AppData\Local\Temp\cczkiR0b.s:26     .text._ux_host_class_storage_media_protection_check:00000000 _ux_host_class_storage_media_protection_check

UNDEFINED SYMBOLS
_ux_host_class_storage_cbw_initialize
_ux_utility_short_put_big_endian
_ux_utility_memory_allocate
_ux_host_class_storage_transport
_ux_utility_memory_free
_ux_utility_short_get_big_endian
