ARM GAS  C:\Users\HP\AppData\Local\Temp\cc5hGlVG.s 			page 1


   1              		.cpu cortex-m4
   2              		.arch armv7e-m
   3              		.fpu fpv4-sp-d16
   4              		.eabi_attribute 27, 1
   5              		.eabi_attribute 28, 1
   6              		.eabi_attribute 20, 1
   7              		.eabi_attribute 21, 1
   8              		.eabi_attribute 23, 3
   9              		.eabi_attribute 24, 1
  10              		.eabi_attribute 25, 1
  11              		.eabi_attribute 26, 1
  12              		.eabi_attribute 30, 1
  13              		.eabi_attribute 34, 1
  14              		.eabi_attribute 18, 4
  15              		.file	"ux_host_class_storage_endpoints_get.c"
  16              		.text
  17              	.Ltext0:
  18              		.cfi_sections	.debug_frame
  19              		.section	.text._ux_host_class_storage_endpoints_get,"ax",%progbits
  20              		.align	1
  21              		.global	_ux_host_class_storage_endpoints_get
  22              		.syntax unified
  23              		.thumb
  24              		.thumb_func
  26              	_ux_host_class_storage_endpoints_get:
  27              	.LVL0:
  28              	.LFB11:
  29              		.file 1 "Middlewares/ST/usbx/common/usbx_host_classes/src/ux_host_class_storage_endpoints_get.c"
   1:Middlewares/ST/usbx/common/usbx_host_classes/src/ux_host_class_storage_endpoints_get.c **** /**************************************************************************/
   2:Middlewares/ST/usbx/common/usbx_host_classes/src/ux_host_class_storage_endpoints_get.c **** /*                                                                        */
   3:Middlewares/ST/usbx/common/usbx_host_classes/src/ux_host_class_storage_endpoints_get.c **** /*       Copyright (c) Microsoft Corporation. All rights reserved.        */
   4:Middlewares/ST/usbx/common/usbx_host_classes/src/ux_host_class_storage_endpoints_get.c **** /*                                                                        */
   5:Middlewares/ST/usbx/common/usbx_host_classes/src/ux_host_class_storage_endpoints_get.c **** /*       This software is licensed under the Microsoft Software License   */
   6:Middlewares/ST/usbx/common/usbx_host_classes/src/ux_host_class_storage_endpoints_get.c **** /*       Terms for Microsoft Azure RTOS. Full text of the license can be  */
   7:Middlewares/ST/usbx/common/usbx_host_classes/src/ux_host_class_storage_endpoints_get.c **** /*       found in the LICENSE file at https://aka.ms/AzureRTOS_EULA       */
   8:Middlewares/ST/usbx/common/usbx_host_classes/src/ux_host_class_storage_endpoints_get.c **** /*       and in the root directory of this software.                      */
   9:Middlewares/ST/usbx/common/usbx_host_classes/src/ux_host_class_storage_endpoints_get.c **** /*                                                                        */
  10:Middlewares/ST/usbx/common/usbx_host_classes/src/ux_host_class_storage_endpoints_get.c **** /**************************************************************************/
  11:Middlewares/ST/usbx/common/usbx_host_classes/src/ux_host_class_storage_endpoints_get.c **** 
  12:Middlewares/ST/usbx/common/usbx_host_classes/src/ux_host_class_storage_endpoints_get.c **** 
  13:Middlewares/ST/usbx/common/usbx_host_classes/src/ux_host_class_storage_endpoints_get.c **** /**************************************************************************/
  14:Middlewares/ST/usbx/common/usbx_host_classes/src/ux_host_class_storage_endpoints_get.c **** /**************************************************************************/
  15:Middlewares/ST/usbx/common/usbx_host_classes/src/ux_host_class_storage_endpoints_get.c **** /**                                                                       */
  16:Middlewares/ST/usbx/common/usbx_host_classes/src/ux_host_class_storage_endpoints_get.c **** /** USBX Component                                                        */
  17:Middlewares/ST/usbx/common/usbx_host_classes/src/ux_host_class_storage_endpoints_get.c **** /**                                                                       */
  18:Middlewares/ST/usbx/common/usbx_host_classes/src/ux_host_class_storage_endpoints_get.c **** /**   Storage Class                                                       */
  19:Middlewares/ST/usbx/common/usbx_host_classes/src/ux_host_class_storage_endpoints_get.c **** /**                                                                       */
  20:Middlewares/ST/usbx/common/usbx_host_classes/src/ux_host_class_storage_endpoints_get.c **** /**************************************************************************/
  21:Middlewares/ST/usbx/common/usbx_host_classes/src/ux_host_class_storage_endpoints_get.c **** /**************************************************************************/
  22:Middlewares/ST/usbx/common/usbx_host_classes/src/ux_host_class_storage_endpoints_get.c **** 
  23:Middlewares/ST/usbx/common/usbx_host_classes/src/ux_host_class_storage_endpoints_get.c **** 
  24:Middlewares/ST/usbx/common/usbx_host_classes/src/ux_host_class_storage_endpoints_get.c **** /* Include necessary system files.  */
  25:Middlewares/ST/usbx/common/usbx_host_classes/src/ux_host_class_storage_endpoints_get.c **** 
  26:Middlewares/ST/usbx/common/usbx_host_classes/src/ux_host_class_storage_endpoints_get.c **** #define UX_SOURCE_CODE
  27:Middlewares/ST/usbx/common/usbx_host_classes/src/ux_host_class_storage_endpoints_get.c **** 
  28:Middlewares/ST/usbx/common/usbx_host_classes/src/ux_host_class_storage_endpoints_get.c **** #include "ux_api.h"
  29:Middlewares/ST/usbx/common/usbx_host_classes/src/ux_host_class_storage_endpoints_get.c **** #include "ux_host_class_storage.h"
ARM GAS  C:\Users\HP\AppData\Local\Temp\cc5hGlVG.s 			page 2


  30:Middlewares/ST/usbx/common/usbx_host_classes/src/ux_host_class_storage_endpoints_get.c **** #include "ux_host_stack.h"
  31:Middlewares/ST/usbx/common/usbx_host_classes/src/ux_host_class_storage_endpoints_get.c **** 
  32:Middlewares/ST/usbx/common/usbx_host_classes/src/ux_host_class_storage_endpoints_get.c **** 
  33:Middlewares/ST/usbx/common/usbx_host_classes/src/ux_host_class_storage_endpoints_get.c **** /**************************************************************************/
  34:Middlewares/ST/usbx/common/usbx_host_classes/src/ux_host_class_storage_endpoints_get.c **** /*                                                                        */
  35:Middlewares/ST/usbx/common/usbx_host_classes/src/ux_host_class_storage_endpoints_get.c **** /*  FUNCTION                                               RELEASE        */
  36:Middlewares/ST/usbx/common/usbx_host_classes/src/ux_host_class_storage_endpoints_get.c **** /*                                                                        */
  37:Middlewares/ST/usbx/common/usbx_host_classes/src/ux_host_class_storage_endpoints_get.c **** /*    _ux_host_class_storage_endpoints_get                PORTABLE C      */
  38:Middlewares/ST/usbx/common/usbx_host_classes/src/ux_host_class_storage_endpoints_get.c **** /*                                                           6.1.10       */
  39:Middlewares/ST/usbx/common/usbx_host_classes/src/ux_host_class_storage_endpoints_get.c **** /*  AUTHOR                                                                */
  40:Middlewares/ST/usbx/common/usbx_host_classes/src/ux_host_class_storage_endpoints_get.c **** /*                                                                        */
  41:Middlewares/ST/usbx/common/usbx_host_classes/src/ux_host_class_storage_endpoints_get.c **** /*    Chaoqiong Xiao, Microsoft Corporation                               */
  42:Middlewares/ST/usbx/common/usbx_host_classes/src/ux_host_class_storage_endpoints_get.c **** /*                                                                        */
  43:Middlewares/ST/usbx/common/usbx_host_classes/src/ux_host_class_storage_endpoints_get.c **** /*  DESCRIPTION                                                           */
  44:Middlewares/ST/usbx/common/usbx_host_classes/src/ux_host_class_storage_endpoints_get.c **** /*                                                                        */
  45:Middlewares/ST/usbx/common/usbx_host_classes/src/ux_host_class_storage_endpoints_get.c **** /*    This function searches for the handle of the bulk out endpoint and  */
  46:Middlewares/ST/usbx/common/usbx_host_classes/src/ux_host_class_storage_endpoints_get.c **** /*    optionally the bulk in endpoint.                                    */
  47:Middlewares/ST/usbx/common/usbx_host_classes/src/ux_host_class_storage_endpoints_get.c **** /*                                                                        */
  48:Middlewares/ST/usbx/common/usbx_host_classes/src/ux_host_class_storage_endpoints_get.c **** /*  INPUT                                                                 */
  49:Middlewares/ST/usbx/common/usbx_host_classes/src/ux_host_class_storage_endpoints_get.c **** /*                                                                        */
  50:Middlewares/ST/usbx/common/usbx_host_classes/src/ux_host_class_storage_endpoints_get.c **** /*    storage                               Pointer to storage class      */
  51:Middlewares/ST/usbx/common/usbx_host_classes/src/ux_host_class_storage_endpoints_get.c **** /*                                                                        */
  52:Middlewares/ST/usbx/common/usbx_host_classes/src/ux_host_class_storage_endpoints_get.c **** /*  OUTPUT                                                                */
  53:Middlewares/ST/usbx/common/usbx_host_classes/src/ux_host_class_storage_endpoints_get.c **** /*                                                                        */
  54:Middlewares/ST/usbx/common/usbx_host_classes/src/ux_host_class_storage_endpoints_get.c **** /*    Completion Status                                                   */
  55:Middlewares/ST/usbx/common/usbx_host_classes/src/ux_host_class_storage_endpoints_get.c **** /*                                                                        */
  56:Middlewares/ST/usbx/common/usbx_host_classes/src/ux_host_class_storage_endpoints_get.c **** /*  CALLS                                                                 */
  57:Middlewares/ST/usbx/common/usbx_host_classes/src/ux_host_class_storage_endpoints_get.c **** /*                                                                        */
  58:Middlewares/ST/usbx/common/usbx_host_classes/src/ux_host_class_storage_endpoints_get.c **** /*    _ux_host_stack_interface_endpoint_get Get an endpoint pointer       */
  59:Middlewares/ST/usbx/common/usbx_host_classes/src/ux_host_class_storage_endpoints_get.c **** /*    _ux_utility_memory_allocate           Allocate memory               */
  60:Middlewares/ST/usbx/common/usbx_host_classes/src/ux_host_class_storage_endpoints_get.c **** /*                                                                        */
  61:Middlewares/ST/usbx/common/usbx_host_classes/src/ux_host_class_storage_endpoints_get.c **** /*  CALLED BY                                                             */
  62:Middlewares/ST/usbx/common/usbx_host_classes/src/ux_host_class_storage_endpoints_get.c **** /*                                                                        */
  63:Middlewares/ST/usbx/common/usbx_host_classes/src/ux_host_class_storage_endpoints_get.c **** /*    Storage Class                                                       */
  64:Middlewares/ST/usbx/common/usbx_host_classes/src/ux_host_class_storage_endpoints_get.c **** /*                                                                        */
  65:Middlewares/ST/usbx/common/usbx_host_classes/src/ux_host_class_storage_endpoints_get.c **** /*  RELEASE HISTORY                                                       */
  66:Middlewares/ST/usbx/common/usbx_host_classes/src/ux_host_class_storage_endpoints_get.c **** /*                                                                        */
  67:Middlewares/ST/usbx/common/usbx_host_classes/src/ux_host_class_storage_endpoints_get.c **** /*    DATE              NAME                      DESCRIPTION             */
  68:Middlewares/ST/usbx/common/usbx_host_classes/src/ux_host_class_storage_endpoints_get.c **** /*                                                                        */
  69:Middlewares/ST/usbx/common/usbx_host_classes/src/ux_host_class_storage_endpoints_get.c **** /*  05-19-2020     Chaoqiong Xiao           Initial Version 6.0           */
  70:Middlewares/ST/usbx/common/usbx_host_classes/src/ux_host_class_storage_endpoints_get.c **** /*  09-30-2020     Chaoqiong Xiao           Modified comment(s),          */
  71:Middlewares/ST/usbx/common/usbx_host_classes/src/ux_host_class_storage_endpoints_get.c **** /*                                            resulting in version 6.1    */
  72:Middlewares/ST/usbx/common/usbx_host_classes/src/ux_host_class_storage_endpoints_get.c **** /*  10-15-2021     Chaoqiong Xiao           Modified comment(s),          */
  73:Middlewares/ST/usbx/common/usbx_host_classes/src/ux_host_class_storage_endpoints_get.c **** /*                                            use pre-calculated value    */
  74:Middlewares/ST/usbx/common/usbx_host_classes/src/ux_host_class_storage_endpoints_get.c **** /*                                            instead of wMaxPacketSize,  */
  75:Middlewares/ST/usbx/common/usbx_host_classes/src/ux_host_class_storage_endpoints_get.c **** /*                                            resulting in version 6.1.9  */
  76:Middlewares/ST/usbx/common/usbx_host_classes/src/ux_host_class_storage_endpoints_get.c **** /*  01-31-2022     Chaoqiong Xiao           Modified comment(s),          */
  77:Middlewares/ST/usbx/common/usbx_host_classes/src/ux_host_class_storage_endpoints_get.c **** /*                                            initial the timeout value,  */
  78:Middlewares/ST/usbx/common/usbx_host_classes/src/ux_host_class_storage_endpoints_get.c **** /*                                            resulting in version 6.1.10 */
  79:Middlewares/ST/usbx/common/usbx_host_classes/src/ux_host_class_storage_endpoints_get.c **** /*                                                                        */
  80:Middlewares/ST/usbx/common/usbx_host_classes/src/ux_host_class_storage_endpoints_get.c **** /**************************************************************************/
  81:Middlewares/ST/usbx/common/usbx_host_classes/src/ux_host_class_storage_endpoints_get.c **** UINT  _ux_host_class_storage_endpoints_get(UX_HOST_CLASS_STORAGE *storage)
  82:Middlewares/ST/usbx/common/usbx_host_classes/src/ux_host_class_storage_endpoints_get.c **** {
  30              		.loc 1 82 1 view -0
  31              		.cfi_startproc
  32              		@ args = 0, pretend = 0, frame = 8
  33              		@ frame_needed = 0, uses_anonymous_args = 0
ARM GAS  C:\Users\HP\AppData\Local\Temp\cc5hGlVG.s 			page 3


  34              		.loc 1 82 1 is_stmt 0 view .LVU1
  35 0000 30B5     		push	{r4, r5, lr}
  36              	.LCFI0:
  37              		.cfi_def_cfa_offset 12
  38              		.cfi_offset 4, -12
  39              		.cfi_offset 5, -8
  40              		.cfi_offset 14, -4
  41 0002 83B0     		sub	sp, sp, #12
  42              	.LCFI1:
  43              		.cfi_def_cfa_offset 24
  44 0004 0546     		mov	r5, r0
  83:Middlewares/ST/usbx/common/usbx_host_classes/src/ux_host_class_storage_endpoints_get.c **** 
  84:Middlewares/ST/usbx/common/usbx_host_classes/src/ux_host_class_storage_endpoints_get.c **** UINT            endpoint_index;
  45              		.loc 1 84 1 is_stmt 1 view .LVU2
  85:Middlewares/ST/usbx/common/usbx_host_classes/src/ux_host_class_storage_endpoints_get.c **** UX_ENDPOINT     *endpoint;
  46              		.loc 1 85 1 view .LVU3
  86:Middlewares/ST/usbx/common/usbx_host_classes/src/ux_host_class_storage_endpoints_get.c **** 
  87:Middlewares/ST/usbx/common/usbx_host_classes/src/ux_host_class_storage_endpoints_get.c **** 
  88:Middlewares/ST/usbx/common/usbx_host_classes/src/ux_host_class_storage_endpoints_get.c ****     /* Search for the bulk OUT endpoint. It is attached to the interface container.  */
  89:Middlewares/ST/usbx/common/usbx_host_classes/src/ux_host_class_storage_endpoints_get.c ****     for (endpoint_index = 0; endpoint_index < storage -> ux_host_class_storage_interface -> ux_inte
  47              		.loc 1 89 5 view .LVU4
  48              	.LVL1:
  49              		.loc 1 89 25 is_stmt 0 view .LVU5
  50 0006 0024     		movs	r4, #0
  51              		.loc 1 89 5 view .LVU6
  52 0008 00E0     		b	.L2
  53              	.LVL2:
  54              	.L3:
  90:Middlewares/ST/usbx/common/usbx_host_classes/src/ux_host_class_storage_endpoints_get.c ****                         endpoint_index++)
  55              		.loc 1 90 25 is_stmt 1 view .LVU7
  56              		.loc 1 90 39 is_stmt 0 view .LVU8
  57 000a 0134     		adds	r4, r4, #1
  58              	.LVL3:
  59              	.L2:
  89:Middlewares/ST/usbx/common/usbx_host_classes/src/ux_host_class_storage_endpoints_get.c ****                         endpoint_index++)
  60              		.loc 1 89 30 is_stmt 1 discriminator 1 view .LVU9
  89:Middlewares/ST/usbx/common/usbx_host_classes/src/ux_host_class_storage_endpoints_get.c ****                         endpoint_index++)
  61              		.loc 1 89 55 is_stmt 0 discriminator 1 view .LVU10
  62 000c E868     		ldr	r0, [r5, #12]
  89:Middlewares/ST/usbx/common/usbx_host_classes/src/ux_host_class_storage_endpoints_get.c ****                         endpoint_index++)
  63              		.loc 1 89 116 discriminator 1 view .LVU11
  64 000e C369     		ldr	r3, [r0, #28]
  89:Middlewares/ST/usbx/common/usbx_host_classes/src/ux_host_class_storage_endpoints_get.c ****                         endpoint_index++)
  65              		.loc 1 89 5 discriminator 1 view .LVU12
  66 0010 A342     		cmp	r3, r4
  67 0012 10D9     		bls	.L4
  91:Middlewares/ST/usbx/common/usbx_host_classes/src/ux_host_class_storage_endpoints_get.c ****     {
  92:Middlewares/ST/usbx/common/usbx_host_classes/src/ux_host_class_storage_endpoints_get.c **** 
  93:Middlewares/ST/usbx/common/usbx_host_classes/src/ux_host_class_storage_endpoints_get.c ****         /* Get an endpoint.  */
  94:Middlewares/ST/usbx/common/usbx_host_classes/src/ux_host_class_storage_endpoints_get.c ****         _ux_host_stack_interface_endpoint_get(storage -> ux_host_class_storage_interface, endpoint_
  68              		.loc 1 94 9 is_stmt 1 view .LVU13
  69 0014 01AA     		add	r2, sp, #4
  70 0016 2146     		mov	r1, r4
  71 0018 FFF7FEFF 		bl	_ux_host_stack_interface_endpoint_get
  72              	.LVL4:
  95:Middlewares/ST/usbx/common/usbx_host_classes/src/ux_host_class_storage_endpoints_get.c **** 
  96:Middlewares/ST/usbx/common/usbx_host_classes/src/ux_host_class_storage_endpoints_get.c ****         /* We have an endpoint. Check if endpoint is bulk and OUT.  */
ARM GAS  C:\Users\HP\AppData\Local\Temp\cc5hGlVG.s 			page 4


  97:Middlewares/ST/usbx/common/usbx_host_classes/src/ux_host_class_storage_endpoints_get.c ****         if (((endpoint -> ux_endpoint_descriptor.bEndpointAddress & UX_ENDPOINT_DIRECTION) == UX_EN
  73              		.loc 1 97 9 view .LVU14
  74              		.loc 1 97 24 is_stmt 0 view .LVU15
  75 001c 019B     		ldr	r3, [sp, #4]
  76              		.loc 1 97 49 view .LVU16
  77 001e 5A69     		ldr	r2, [r3, #20]
  78              		.loc 1 97 12 view .LVU17
  79 0020 12F0800F 		tst	r2, #128
  80 0024 F1D1     		bne	.L3
  98:Middlewares/ST/usbx/common/usbx_host_classes/src/ux_host_class_storage_endpoints_get.c ****             ((endpoint -> ux_endpoint_descriptor.bmAttributes & UX_MASK_ENDPOINT_TYPE) == UX_BULK_E
  81              		.loc 1 98 49 discriminator 1 view .LVU18
  82 0026 9A69     		ldr	r2, [r3, #24]
  83              		.loc 1 98 63 discriminator 1 view .LVU19
  84 0028 02F00302 		and	r2, r2, #3
  97:Middlewares/ST/usbx/common/usbx_host_classes/src/ux_host_class_storage_endpoints_get.c ****             ((endpoint -> ux_endpoint_descriptor.bmAttributes & UX_MASK_ENDPOINT_TYPE) == UX_BULK_E
  85              		.loc 1 97 112 discriminator 1 view .LVU20
  86 002c 022A     		cmp	r2, #2
  87 002e ECD1     		bne	.L3
  99:Middlewares/ST/usbx/common/usbx_host_classes/src/ux_host_class_storage_endpoints_get.c ****         {
 100:Middlewares/ST/usbx/common/usbx_host_classes/src/ux_host_class_storage_endpoints_get.c **** 
 101:Middlewares/ST/usbx/common/usbx_host_classes/src/ux_host_class_storage_endpoints_get.c ****             /* We have found the bulk OUT endpoint, save it!  */
 102:Middlewares/ST/usbx/common/usbx_host_classes/src/ux_host_class_storage_endpoints_get.c ****             storage -> ux_host_class_storage_bulk_out_endpoint =  endpoint;
  88              		.loc 1 102 13 is_stmt 1 view .LVU21
  89              		.loc 1 102 64 is_stmt 0 view .LVU22
  90 0030 2B61     		str	r3, [r5, #16]
 103:Middlewares/ST/usbx/common/usbx_host_classes/src/ux_host_class_storage_endpoints_get.c **** 
 104:Middlewares/ST/usbx/common/usbx_host_classes/src/ux_host_class_storage_endpoints_get.c ****             /* This transfer request always has the OUT direction.  */
 105:Middlewares/ST/usbx/common/usbx_host_classes/src/ux_host_class_storage_endpoints_get.c ****             endpoint -> ux_endpoint_transfer_request.ux_transfer_request_type =  UX_REQUEST_OUT;
  91              		.loc 1 105 13 is_stmt 1 view .LVU23
  92              		.loc 1 105 79 is_stmt 0 view .LVU24
  93 0032 0022     		movs	r2, #0
  94 0034 5A64     		str	r2, [r3, #68]
 106:Middlewares/ST/usbx/common/usbx_host_classes/src/ux_host_class_storage_endpoints_get.c **** 
 107:Middlewares/ST/usbx/common/usbx_host_classes/src/ux_host_class_storage_endpoints_get.c ****             break;
  95              		.loc 1 107 13 is_stmt 1 view .LVU25
  96              	.L4:
 108:Middlewares/ST/usbx/common/usbx_host_classes/src/ux_host_class_storage_endpoints_get.c ****         }
 109:Middlewares/ST/usbx/common/usbx_host_classes/src/ux_host_class_storage_endpoints_get.c ****     }
 110:Middlewares/ST/usbx/common/usbx_host_classes/src/ux_host_class_storage_endpoints_get.c **** 
 111:Middlewares/ST/usbx/common/usbx_host_classes/src/ux_host_class_storage_endpoints_get.c ****     /* The bulk OUT endpoint is mandatory.  */
 112:Middlewares/ST/usbx/common/usbx_host_classes/src/ux_host_class_storage_endpoints_get.c ****     if (storage -> ux_host_class_storage_bulk_out_endpoint == UX_NULL)
  97              		.loc 1 112 5 view .LVU26
  98              		.loc 1 112 17 is_stmt 0 view .LVU27
  99 0036 2B69     		ldr	r3, [r5, #16]
 100              		.loc 1 112 8 view .LVU28
 101 0038 0BB1     		cbz	r3, .L14
 113:Middlewares/ST/usbx/common/usbx_host_classes/src/ux_host_class_storage_endpoints_get.c ****     {
 114:Middlewares/ST/usbx/common/usbx_host_classes/src/ux_host_class_storage_endpoints_get.c **** 
 115:Middlewares/ST/usbx/common/usbx_host_classes/src/ux_host_class_storage_endpoints_get.c ****         /* Error trap. */
 116:Middlewares/ST/usbx/common/usbx_host_classes/src/ux_host_class_storage_endpoints_get.c ****         _ux_system_error_handler(UX_SYSTEM_LEVEL_THREAD, UX_SYSTEM_CONTEXT_CLASS, UX_ENDPOINT_HANDL
 117:Middlewares/ST/usbx/common/usbx_host_classes/src/ux_host_class_storage_endpoints_get.c **** 
 118:Middlewares/ST/usbx/common/usbx_host_classes/src/ux_host_class_storage_endpoints_get.c ****         /* If trace is enabled, insert this event into the trace buffer.  */
 119:Middlewares/ST/usbx/common/usbx_host_classes/src/ux_host_class_storage_endpoints_get.c ****         UX_TRACE_IN_LINE_INSERT(UX_TRACE_ERROR, UX_ENDPOINT_HANDLE_UNKNOWN, storage, 0, 0, UX_TRACE
 120:Middlewares/ST/usbx/common/usbx_host_classes/src/ux_host_class_storage_endpoints_get.c **** 
 121:Middlewares/ST/usbx/common/usbx_host_classes/src/ux_host_class_storage_endpoints_get.c ****         return(UX_ENDPOINT_HANDLE_UNKNOWN);
 122:Middlewares/ST/usbx/common/usbx_host_classes/src/ux_host_class_storage_endpoints_get.c ****     }
 123:Middlewares/ST/usbx/common/usbx_host_classes/src/ux_host_class_storage_endpoints_get.c **** 
ARM GAS  C:\Users\HP\AppData\Local\Temp\cc5hGlVG.s 			page 5


 124:Middlewares/ST/usbx/common/usbx_host_classes/src/ux_host_class_storage_endpoints_get.c ****     /* Search for the bulk IN endpoint. It is attached to the interface container.  */
 125:Middlewares/ST/usbx/common/usbx_host_classes/src/ux_host_class_storage_endpoints_get.c ****     for (endpoint_index = 0; endpoint_index < storage -> ux_host_class_storage_interface -> ux_inte
 102              		.loc 1 125 25 view .LVU29
 103 003a 0024     		movs	r4, #0
 104              	.LVL5:
 105              		.loc 1 125 25 view .LVU30
 106 003c 07E0     		b	.L6
 107              	.LVL6:
 108              	.L14:
 116:Middlewares/ST/usbx/common/usbx_host_classes/src/ux_host_class_storage_endpoints_get.c **** 
 109              		.loc 1 116 9 is_stmt 1 view .LVU31
 110 003e 5322     		movs	r2, #83
 111 0040 0721     		movs	r1, #7
 112 0042 0220     		movs	r0, #2
 113 0044 FFF7FEFF 		bl	_ux_system_error_handler
 114              	.LVL7:
 121:Middlewares/ST/usbx/common/usbx_host_classes/src/ux_host_class_storage_endpoints_get.c ****     }
 115              		.loc 1 121 9 view .LVU32
 121:Middlewares/ST/usbx/common/usbx_host_classes/src/ux_host_class_storage_endpoints_get.c ****     }
 116              		.loc 1 121 15 is_stmt 0 view .LVU33
 117 0048 5320     		movs	r0, #83
 118 004a 1FE0     		b	.L1
 119              	.L8:
 126:Middlewares/ST/usbx/common/usbx_host_classes/src/ux_host_class_storage_endpoints_get.c ****                         endpoint_index++)
 120              		.loc 1 126 25 is_stmt 1 view .LVU34
 121              		.loc 1 126 39 is_stmt 0 view .LVU35
 122 004c 0134     		adds	r4, r4, #1
 123              	.LVL8:
 124              	.L6:
 125:Middlewares/ST/usbx/common/usbx_host_classes/src/ux_host_class_storage_endpoints_get.c ****                         endpoint_index++)
 125              		.loc 1 125 30 is_stmt 1 discriminator 1 view .LVU36
 125:Middlewares/ST/usbx/common/usbx_host_classes/src/ux_host_class_storage_endpoints_get.c ****                         endpoint_index++)
 126              		.loc 1 125 55 is_stmt 0 discriminator 1 view .LVU37
 127 004e E868     		ldr	r0, [r5, #12]
 125:Middlewares/ST/usbx/common/usbx_host_classes/src/ux_host_class_storage_endpoints_get.c ****                         endpoint_index++)
 128              		.loc 1 125 116 discriminator 1 view .LVU38
 129 0050 C369     		ldr	r3, [r0, #28]
 125:Middlewares/ST/usbx/common/usbx_host_classes/src/ux_host_class_storage_endpoints_get.c ****                         endpoint_index++)
 130              		.loc 1 125 5 discriminator 1 view .LVU39
 131 0052 A342     		cmp	r3, r4
 132 0054 10D9     		bls	.L9
 127:Middlewares/ST/usbx/common/usbx_host_classes/src/ux_host_class_storage_endpoints_get.c ****     {
 128:Middlewares/ST/usbx/common/usbx_host_classes/src/ux_host_class_storage_endpoints_get.c **** 
 129:Middlewares/ST/usbx/common/usbx_host_classes/src/ux_host_class_storage_endpoints_get.c ****         /* Get an endpoint.  */
 130:Middlewares/ST/usbx/common/usbx_host_classes/src/ux_host_class_storage_endpoints_get.c ****         _ux_host_stack_interface_endpoint_get(storage -> ux_host_class_storage_interface, endpoint_
 133              		.loc 1 130 9 is_stmt 1 view .LVU40
 134 0056 01AA     		add	r2, sp, #4
 135 0058 2146     		mov	r1, r4
 136 005a FFF7FEFF 		bl	_ux_host_stack_interface_endpoint_get
 137              	.LVL9:
 131:Middlewares/ST/usbx/common/usbx_host_classes/src/ux_host_class_storage_endpoints_get.c **** 
 132:Middlewares/ST/usbx/common/usbx_host_classes/src/ux_host_class_storage_endpoints_get.c ****         /* We have an endpoint. Check if endpoint is bulk and IN.  */
 133:Middlewares/ST/usbx/common/usbx_host_classes/src/ux_host_class_storage_endpoints_get.c ****         if (((endpoint -> ux_endpoint_descriptor.bEndpointAddress & UX_ENDPOINT_DIRECTION) == UX_EN
 138              		.loc 1 133 9 view .LVU41
 139              		.loc 1 133 24 is_stmt 0 view .LVU42
 140 005e 019B     		ldr	r3, [sp, #4]
 141              		.loc 1 133 49 view .LVU43
ARM GAS  C:\Users\HP\AppData\Local\Temp\cc5hGlVG.s 			page 6


 142 0060 5A69     		ldr	r2, [r3, #20]
 143              		.loc 1 133 12 view .LVU44
 144 0062 12F0800F 		tst	r2, #128
 145 0066 F1D0     		beq	.L8
 134:Middlewares/ST/usbx/common/usbx_host_classes/src/ux_host_class_storage_endpoints_get.c ****             ((endpoint -> ux_endpoint_descriptor.bmAttributes & UX_MASK_ENDPOINT_TYPE) == UX_BULK_E
 146              		.loc 1 134 49 discriminator 1 view .LVU45
 147 0068 9A69     		ldr	r2, [r3, #24]
 148              		.loc 1 134 63 discriminator 1 view .LVU46
 149 006a 02F00302 		and	r2, r2, #3
 133:Middlewares/ST/usbx/common/usbx_host_classes/src/ux_host_class_storage_endpoints_get.c ****             ((endpoint -> ux_endpoint_descriptor.bmAttributes & UX_MASK_ENDPOINT_TYPE) == UX_BULK_E
 150              		.loc 1 133 111 discriminator 1 view .LVU47
 151 006e 022A     		cmp	r2, #2
 152 0070 ECD1     		bne	.L8
 135:Middlewares/ST/usbx/common/usbx_host_classes/src/ux_host_class_storage_endpoints_get.c ****         {
 136:Middlewares/ST/usbx/common/usbx_host_classes/src/ux_host_class_storage_endpoints_get.c **** 
 137:Middlewares/ST/usbx/common/usbx_host_classes/src/ux_host_class_storage_endpoints_get.c ****             /* We have found the bulk IN endpoint, save it!  */
 138:Middlewares/ST/usbx/common/usbx_host_classes/src/ux_host_class_storage_endpoints_get.c ****             storage -> ux_host_class_storage_bulk_in_endpoint =  endpoint;
 153              		.loc 1 138 13 is_stmt 1 view .LVU48
 154              		.loc 1 138 63 is_stmt 0 view .LVU49
 155 0072 6B61     		str	r3, [r5, #20]
 139:Middlewares/ST/usbx/common/usbx_host_classes/src/ux_host_class_storage_endpoints_get.c **** 
 140:Middlewares/ST/usbx/common/usbx_host_classes/src/ux_host_class_storage_endpoints_get.c ****             /* This transfer request always has the IN direction.  */
 141:Middlewares/ST/usbx/common/usbx_host_classes/src/ux_host_class_storage_endpoints_get.c ****             endpoint -> ux_endpoint_transfer_request.ux_transfer_request_type =  UX_REQUEST_IN;
 156              		.loc 1 141 13 is_stmt 1 view .LVU50
 157              		.loc 1 141 79 is_stmt 0 view .LVU51
 158 0074 8022     		movs	r2, #128
 159 0076 5A64     		str	r2, [r3, #68]
 142:Middlewares/ST/usbx/common/usbx_host_classes/src/ux_host_class_storage_endpoints_get.c **** 
 143:Middlewares/ST/usbx/common/usbx_host_classes/src/ux_host_class_storage_endpoints_get.c ****             break;
 160              		.loc 1 143 13 is_stmt 1 view .LVU52
 161              	.L9:
 144:Middlewares/ST/usbx/common/usbx_host_classes/src/ux_host_class_storage_endpoints_get.c ****         }
 145:Middlewares/ST/usbx/common/usbx_host_classes/src/ux_host_class_storage_endpoints_get.c ****     }
 146:Middlewares/ST/usbx/common/usbx_host_classes/src/ux_host_class_storage_endpoints_get.c **** 
 147:Middlewares/ST/usbx/common/usbx_host_classes/src/ux_host_class_storage_endpoints_get.c ****     /* The bulk IN endpoint is mandatory */
 148:Middlewares/ST/usbx/common/usbx_host_classes/src/ux_host_class_storage_endpoints_get.c ****     if (storage -> ux_host_class_storage_bulk_in_endpoint == UX_NULL)
 162              		.loc 1 148 5 view .LVU53
 163              		.loc 1 148 17 is_stmt 0 view .LVU54
 164 0078 6B69     		ldr	r3, [r5, #20]
 165              		.loc 1 148 8 view .LVU55
 166 007a 4BB1     		cbz	r3, .L15
 149:Middlewares/ST/usbx/common/usbx_host_classes/src/ux_host_class_storage_endpoints_get.c ****     {
 150:Middlewares/ST/usbx/common/usbx_host_classes/src/ux_host_class_storage_endpoints_get.c **** 
 151:Middlewares/ST/usbx/common/usbx_host_classes/src/ux_host_class_storage_endpoints_get.c ****         /* Error trap. */
 152:Middlewares/ST/usbx/common/usbx_host_classes/src/ux_host_class_storage_endpoints_get.c ****         _ux_system_error_handler(UX_SYSTEM_LEVEL_THREAD, UX_SYSTEM_CONTEXT_CLASS, UX_ENDPOINT_HANDL
 153:Middlewares/ST/usbx/common/usbx_host_classes/src/ux_host_class_storage_endpoints_get.c **** 
 154:Middlewares/ST/usbx/common/usbx_host_classes/src/ux_host_class_storage_endpoints_get.c ****         /* If trace is enabled, insert this event into the trace buffer.  */
 155:Middlewares/ST/usbx/common/usbx_host_classes/src/ux_host_class_storage_endpoints_get.c ****         UX_TRACE_IN_LINE_INSERT(UX_TRACE_ERROR, UX_ENDPOINT_HANDLE_UNKNOWN, storage, 0, 0, UX_TRACE
 156:Middlewares/ST/usbx/common/usbx_host_classes/src/ux_host_class_storage_endpoints_get.c **** 
 157:Middlewares/ST/usbx/common/usbx_host_classes/src/ux_host_class_storage_endpoints_get.c ****         return(UX_ENDPOINT_HANDLE_UNKNOWN);
 158:Middlewares/ST/usbx/common/usbx_host_classes/src/ux_host_class_storage_endpoints_get.c ****     }
 159:Middlewares/ST/usbx/common/usbx_host_classes/src/ux_host_class_storage_endpoints_get.c **** 
 160:Middlewares/ST/usbx/common/usbx_host_classes/src/ux_host_class_storage_endpoints_get.c ****     /* Set default transfer timeout value.  */
 161:Middlewares/ST/usbx/common/usbx_host_classes/src/ux_host_class_storage_endpoints_get.c ****     endpoint = storage -> ux_host_class_storage_bulk_in_endpoint;
 167              		.loc 1 161 5 is_stmt 1 view .LVU56
 168              		.loc 1 161 14 is_stmt 0 view .LVU57
 169 007c 0193     		str	r3, [sp, #4]
ARM GAS  C:\Users\HP\AppData\Local\Temp\cc5hGlVG.s 			page 7


 162:Middlewares/ST/usbx/common/usbx_host_classes/src/ux_host_class_storage_endpoints_get.c ****     endpoint -> ux_endpoint_transfer_request.ux_transfer_request_timeout_value =
 170              		.loc 1 162 5 is_stmt 1 view .LVU58
 171              		.loc 1 162 80 is_stmt 0 view .LVU59
 172 007e 4FF47A72 		mov	r2, #1000
 173 0082 1A66     		str	r2, [r3, #96]
 163:Middlewares/ST/usbx/common/usbx_host_classes/src/ux_host_class_storage_endpoints_get.c ****                 UX_MS_TO_TICK_NON_ZERO(UX_HOST_CLASS_STORAGE_TRANSFER_TIMEOUT);
 164:Middlewares/ST/usbx/common/usbx_host_classes/src/ux_host_class_storage_endpoints_get.c ****     endpoint = storage -> ux_host_class_storage_bulk_out_endpoint;
 174              		.loc 1 164 5 is_stmt 1 view .LVU60
 175              		.loc 1 164 24 is_stmt 0 view .LVU61
 176 0084 2B69     		ldr	r3, [r5, #16]
 177              		.loc 1 164 14 view .LVU62
 178 0086 0193     		str	r3, [sp, #4]
 165:Middlewares/ST/usbx/common/usbx_host_classes/src/ux_host_class_storage_endpoints_get.c ****     endpoint -> ux_endpoint_transfer_request.ux_transfer_request_timeout_value =
 179              		.loc 1 165 5 is_stmt 1 view .LVU63
 180              		.loc 1 165 80 is_stmt 0 view .LVU64
 181 0088 1A66     		str	r2, [r3, #96]
 166:Middlewares/ST/usbx/common/usbx_host_classes/src/ux_host_class_storage_endpoints_get.c ****                 UX_MS_TO_TICK_NON_ZERO(UX_HOST_CLASS_STORAGE_TRANSFER_TIMEOUT);
 167:Middlewares/ST/usbx/common/usbx_host_classes/src/ux_host_class_storage_endpoints_get.c **** 
 168:Middlewares/ST/usbx/common/usbx_host_classes/src/ux_host_class_storage_endpoints_get.c **** #ifdef UX_HOST_CLASS_STORAGE_INCLUDE_LEGACY_PROTOCOL_SUPPORT
 169:Middlewares/ST/usbx/common/usbx_host_classes/src/ux_host_class_storage_endpoints_get.c ****     /* Search the Interrupt IN endpoint. This endpoint is optional and only valid for
 170:Middlewares/ST/usbx/common/usbx_host_classes/src/ux_host_class_storage_endpoints_get.c ****        storage devices that use the CBI protocol.  */
 171:Middlewares/ST/usbx/common/usbx_host_classes/src/ux_host_class_storage_endpoints_get.c ****     if (storage -> ux_host_class_storage_interface -> ux_interface_descriptor.bInterfaceProtocol ==
 172:Middlewares/ST/usbx/common/usbx_host_classes/src/ux_host_class_storage_endpoints_get.c ****     {
 173:Middlewares/ST/usbx/common/usbx_host_classes/src/ux_host_class_storage_endpoints_get.c **** 
 174:Middlewares/ST/usbx/common/usbx_host_classes/src/ux_host_class_storage_endpoints_get.c ****         /* Yes, CBI protocol is present.  Search for Interrupt IN endpoint.  */
 175:Middlewares/ST/usbx/common/usbx_host_classes/src/ux_host_class_storage_endpoints_get.c ****         for (endpoint_index = 0; endpoint_index < storage -> ux_host_class_storage_interface -> ux_
 176:Middlewares/ST/usbx/common/usbx_host_classes/src/ux_host_class_storage_endpoints_get.c ****                             endpoint_index++)
 177:Middlewares/ST/usbx/common/usbx_host_classes/src/ux_host_class_storage_endpoints_get.c ****         {
 178:Middlewares/ST/usbx/common/usbx_host_classes/src/ux_host_class_storage_endpoints_get.c **** 
 179:Middlewares/ST/usbx/common/usbx_host_classes/src/ux_host_class_storage_endpoints_get.c ****             /* Get an endpoint.  */
 180:Middlewares/ST/usbx/common/usbx_host_classes/src/ux_host_class_storage_endpoints_get.c ****             _ux_host_stack_interface_endpoint_get(storage -> ux_host_class_storage_interface, endpo
 181:Middlewares/ST/usbx/common/usbx_host_classes/src/ux_host_class_storage_endpoints_get.c **** 
 182:Middlewares/ST/usbx/common/usbx_host_classes/src/ux_host_class_storage_endpoints_get.c ****             /* Check if endpoint is Interrupt and IN.  */
 183:Middlewares/ST/usbx/common/usbx_host_classes/src/ux_host_class_storage_endpoints_get.c ****             if (((endpoint -> ux_endpoint_descriptor.bEndpointAddress & UX_ENDPOINT_DIRECTION) == U
 184:Middlewares/ST/usbx/common/usbx_host_classes/src/ux_host_class_storage_endpoints_get.c ****                 ((endpoint -> ux_endpoint_descriptor.bmAttributes & UX_MASK_ENDPOINT_TYPE) == UX_IN
 185:Middlewares/ST/usbx/common/usbx_host_classes/src/ux_host_class_storage_endpoints_get.c ****             {
 186:Middlewares/ST/usbx/common/usbx_host_classes/src/ux_host_class_storage_endpoints_get.c **** 
 187:Middlewares/ST/usbx/common/usbx_host_classes/src/ux_host_class_storage_endpoints_get.c ****                 /* We have found the Interrupt IN endpoint, save it!  */
 188:Middlewares/ST/usbx/common/usbx_host_classes/src/ux_host_class_storage_endpoints_get.c ****                 storage -> ux_host_class_storage_interrupt_endpoint =  endpoint;
 189:Middlewares/ST/usbx/common/usbx_host_classes/src/ux_host_class_storage_endpoints_get.c **** 
 190:Middlewares/ST/usbx/common/usbx_host_classes/src/ux_host_class_storage_endpoints_get.c ****                 /* This transfer request always has the IN direction.  */
 191:Middlewares/ST/usbx/common/usbx_host_classes/src/ux_host_class_storage_endpoints_get.c ****                 endpoint -> ux_endpoint_transfer_request.ux_transfer_request_type =  UX_REQUEST_IN;
 192:Middlewares/ST/usbx/common/usbx_host_classes/src/ux_host_class_storage_endpoints_get.c **** 
 193:Middlewares/ST/usbx/common/usbx_host_classes/src/ux_host_class_storage_endpoints_get.c ****                 /* The size of the transfer is fixed to the endpoint size.  */
 194:Middlewares/ST/usbx/common/usbx_host_classes/src/ux_host_class_storage_endpoints_get.c ****                 endpoint -> ux_endpoint_transfer_request.ux_transfer_request_requested_length =
 195:Middlewares/ST/usbx/common/usbx_host_classes/src/ux_host_class_storage_endpoints_get.c ****                                             endpoint -> ux_endpoint_transfer_request.ux_transfer_re
 196:Middlewares/ST/usbx/common/usbx_host_classes/src/ux_host_class_storage_endpoints_get.c **** 
 197:Middlewares/ST/usbx/common/usbx_host_classes/src/ux_host_class_storage_endpoints_get.c ****                 /* Get some memory for this data transfer.  */
 198:Middlewares/ST/usbx/common/usbx_host_classes/src/ux_host_class_storage_endpoints_get.c ****                 endpoint -> ux_endpoint_transfer_request.ux_transfer_request_data_pointer =
 199:Middlewares/ST/usbx/common/usbx_host_classes/src/ux_host_class_storage_endpoints_get.c ****                                                         _ux_utility_memory_allocate(UX_SAFE_ALIGN, 
 200:Middlewares/ST/usbx/common/usbx_host_classes/src/ux_host_class_storage_endpoints_get.c ****                                                                                 endpoint -> ux_endp
 201:Middlewares/ST/usbx/common/usbx_host_classes/src/ux_host_class_storage_endpoints_get.c **** 
 202:Middlewares/ST/usbx/common/usbx_host_classes/src/ux_host_class_storage_endpoints_get.c ****                 /* Check the memory pointer.  */
 203:Middlewares/ST/usbx/common/usbx_host_classes/src/ux_host_class_storage_endpoints_get.c ****                 if (endpoint -> ux_endpoint_transfer_request.ux_transfer_request_data_pointer == UX
 204:Middlewares/ST/usbx/common/usbx_host_classes/src/ux_host_class_storage_endpoints_get.c ****                     return(UX_MEMORY_INSUFFICIENT);
 205:Middlewares/ST/usbx/common/usbx_host_classes/src/ux_host_class_storage_endpoints_get.c **** 
 206:Middlewares/ST/usbx/common/usbx_host_classes/src/ux_host_class_storage_endpoints_get.c ****                 break;
ARM GAS  C:\Users\HP\AppData\Local\Temp\cc5hGlVG.s 			page 8


 207:Middlewares/ST/usbx/common/usbx_host_classes/src/ux_host_class_storage_endpoints_get.c ****             }
 208:Middlewares/ST/usbx/common/usbx_host_classes/src/ux_host_class_storage_endpoints_get.c ****         }
 209:Middlewares/ST/usbx/common/usbx_host_classes/src/ux_host_class_storage_endpoints_get.c **** 
 210:Middlewares/ST/usbx/common/usbx_host_classes/src/ux_host_class_storage_endpoints_get.c ****         if (storage -> ux_host_class_storage_interrupt_endpoint == UX_NULL)
 211:Middlewares/ST/usbx/common/usbx_host_classes/src/ux_host_class_storage_endpoints_get.c ****         {
 212:Middlewares/ST/usbx/common/usbx_host_classes/src/ux_host_class_storage_endpoints_get.c **** 
 213:Middlewares/ST/usbx/common/usbx_host_classes/src/ux_host_class_storage_endpoints_get.c ****             /* Error trap. */
 214:Middlewares/ST/usbx/common/usbx_host_classes/src/ux_host_class_storage_endpoints_get.c ****             _ux_system_error_handler(UX_SYSTEM_LEVEL_THREAD, UX_SYSTEM_CONTEXT_CLASS, UX_ENDPOINT_H
 215:Middlewares/ST/usbx/common/usbx_host_classes/src/ux_host_class_storage_endpoints_get.c **** 
 216:Middlewares/ST/usbx/common/usbx_host_classes/src/ux_host_class_storage_endpoints_get.c ****             /* If trace is enabled, insert this event into the trace buffer.  */
 217:Middlewares/ST/usbx/common/usbx_host_classes/src/ux_host_class_storage_endpoints_get.c ****             UX_TRACE_IN_LINE_INSERT(UX_TRACE_ERROR, UX_ENDPOINT_HANDLE_UNKNOWN, endpoint, 0, 0, UX_
 218:Middlewares/ST/usbx/common/usbx_host_classes/src/ux_host_class_storage_endpoints_get.c **** 
 219:Middlewares/ST/usbx/common/usbx_host_classes/src/ux_host_class_storage_endpoints_get.c ****             return(UX_ENDPOINT_HANDLE_UNKNOWN);
 220:Middlewares/ST/usbx/common/usbx_host_classes/src/ux_host_class_storage_endpoints_get.c ****         }
 221:Middlewares/ST/usbx/common/usbx_host_classes/src/ux_host_class_storage_endpoints_get.c ****     }
 222:Middlewares/ST/usbx/common/usbx_host_classes/src/ux_host_class_storage_endpoints_get.c **** #endif
 223:Middlewares/ST/usbx/common/usbx_host_classes/src/ux_host_class_storage_endpoints_get.c **** 
 224:Middlewares/ST/usbx/common/usbx_host_classes/src/ux_host_class_storage_endpoints_get.c ****     /* Return successful completion.  */
 225:Middlewares/ST/usbx/common/usbx_host_classes/src/ux_host_class_storage_endpoints_get.c ****     return(UX_SUCCESS);
 182              		.loc 1 225 5 is_stmt 1 view .LVU65
 183              		.loc 1 225 11 is_stmt 0 view .LVU66
 184 008a 0020     		movs	r0, #0
 185              	.L1:
 226:Middlewares/ST/usbx/common/usbx_host_classes/src/ux_host_class_storage_endpoints_get.c **** }
 186              		.loc 1 226 1 view .LVU67
 187 008c 03B0     		add	sp, sp, #12
 188              	.LCFI2:
 189              		.cfi_remember_state
 190              		.cfi_def_cfa_offset 12
 191              		@ sp needed
 192 008e 30BD     		pop	{r4, r5, pc}
 193              	.LVL10:
 194              	.L15:
 195              	.LCFI3:
 196              		.cfi_restore_state
 152:Middlewares/ST/usbx/common/usbx_host_classes/src/ux_host_class_storage_endpoints_get.c **** 
 197              		.loc 1 152 9 is_stmt 1 view .LVU68
 198 0090 5322     		movs	r2, #83
 199 0092 0721     		movs	r1, #7
 200 0094 0220     		movs	r0, #2
 201 0096 FFF7FEFF 		bl	_ux_system_error_handler
 202              	.LVL11:
 157:Middlewares/ST/usbx/common/usbx_host_classes/src/ux_host_class_storage_endpoints_get.c ****     }
 203              		.loc 1 157 9 view .LVU69
 157:Middlewares/ST/usbx/common/usbx_host_classes/src/ux_host_class_storage_endpoints_get.c ****     }
 204              		.loc 1 157 15 is_stmt 0 view .LVU70
 205 009a 5320     		movs	r0, #83
 206 009c F6E7     		b	.L1
 207              		.cfi_endproc
 208              	.LFE11:
 210              		.text
 211              	.Letext0:
 212              		.file 2 "Middlewares/ST/threadx/ports/cortex_m4/gnu/inc/tx_port.h"
 213              		.file 3 "Middlewares/ST/threadx/common/inc/tx_api.h"
 214              		.file 4 "Middlewares/ST/usbx/common/core/inc/ux_api.h"
 215              		.file 5 "Middlewares/ST/usbx/common/usbx_host_classes/inc/ux_host_class_storage.h"
 216              		.file 6 "Middlewares/ST/usbx/common/core/inc/ux_host_stack.h"
ARM GAS  C:\Users\HP\AppData\Local\Temp\cc5hGlVG.s 			page 9


 217              		.file 7 "Middlewares/ST/usbx/common/core/inc/ux_utility.h"
ARM GAS  C:\Users\HP\AppData\Local\Temp\cc5hGlVG.s 			page 10


DEFINED SYMBOLS
                            *ABS*:00000000 ux_host_class_storage_endpoints_get.c
C:\Users\HP\AppData\Local\Temp\cc5hGlVG.s:20     .text._ux_host_class_storage_endpoints_get:00000000 $t
C:\Users\HP\AppData\Local\Temp\cc5hGlVG.s:26     .text._ux_host_class_storage_endpoints_get:00000000 _ux_host_class_storage_endpoints_get

UNDEFINED SYMBOLS
_ux_host_stack_interface_endpoint_get
_ux_system_error_handler
