ARM GAS  C:\Users\HP\AppData\Local\Temp\cckQg4af.s 			page 1


   1              		.cpu cortex-m4
   2              		.arch armv7e-m
   3              		.fpu fpv4-sp-d16
   4              		.eabi_attribute 27, 1
   5              		.eabi_attribute 28, 1
   6              		.eabi_attribute 20, 1
   7              		.eabi_attribute 21, 1
   8              		.eabi_attribute 23, 3
   9              		.eabi_attribute 24, 1
  10              		.eabi_attribute 25, 1
  11              		.eabi_attribute 26, 1
  12              		.eabi_attribute 30, 1
  13              		.eabi_attribute 34, 1
  14              		.eabi_attribute 18, 4
  15              		.file	"ux_host_stack_interface_endpoint_get.c"
  16              		.text
  17              	.Ltext0:
  18              		.cfi_sections	.debug_frame
  19              		.section	.text._ux_host_stack_interface_endpoint_get,"ax",%progbits
  20              		.align	1
  21              		.global	_ux_host_stack_interface_endpoint_get
  22              		.syntax unified
  23              		.thumb
  24              		.thumb_func
  26              	_ux_host_stack_interface_endpoint_get:
  27              	.LVL0:
  28              	.LFB11:
  29              		.file 1 "Middlewares/ST/usbx/common/core/src/ux_host_stack_interface_endpoint_get.c"
   1:Middlewares/ST/usbx/common/core/src/ux_host_stack_interface_endpoint_get.c **** /**************************************************************************/
   2:Middlewares/ST/usbx/common/core/src/ux_host_stack_interface_endpoint_get.c **** /*                                                                        */
   3:Middlewares/ST/usbx/common/core/src/ux_host_stack_interface_endpoint_get.c **** /*       Copyright (c) Microsoft Corporation. All rights reserved.        */
   4:Middlewares/ST/usbx/common/core/src/ux_host_stack_interface_endpoint_get.c **** /*                                                                        */
   5:Middlewares/ST/usbx/common/core/src/ux_host_stack_interface_endpoint_get.c **** /*       This software is licensed under the Microsoft Software License   */
   6:Middlewares/ST/usbx/common/core/src/ux_host_stack_interface_endpoint_get.c **** /*       Terms for Microsoft Azure RTOS. Full text of the license can be  */
   7:Middlewares/ST/usbx/common/core/src/ux_host_stack_interface_endpoint_get.c **** /*       found in the LICENSE file at https://aka.ms/AzureRTOS_EULA       */
   8:Middlewares/ST/usbx/common/core/src/ux_host_stack_interface_endpoint_get.c **** /*       and in the root directory of this software.                      */
   9:Middlewares/ST/usbx/common/core/src/ux_host_stack_interface_endpoint_get.c **** /*                                                                        */
  10:Middlewares/ST/usbx/common/core/src/ux_host_stack_interface_endpoint_get.c **** /**************************************************************************/
  11:Middlewares/ST/usbx/common/core/src/ux_host_stack_interface_endpoint_get.c **** 
  12:Middlewares/ST/usbx/common/core/src/ux_host_stack_interface_endpoint_get.c **** 
  13:Middlewares/ST/usbx/common/core/src/ux_host_stack_interface_endpoint_get.c **** /**************************************************************************/
  14:Middlewares/ST/usbx/common/core/src/ux_host_stack_interface_endpoint_get.c **** /**************************************************************************/
  15:Middlewares/ST/usbx/common/core/src/ux_host_stack_interface_endpoint_get.c **** /**                                                                       */ 
  16:Middlewares/ST/usbx/common/core/src/ux_host_stack_interface_endpoint_get.c **** /** USBX Component                                                        */ 
  17:Middlewares/ST/usbx/common/core/src/ux_host_stack_interface_endpoint_get.c **** /**                                                                       */
  18:Middlewares/ST/usbx/common/core/src/ux_host_stack_interface_endpoint_get.c **** /**   Host Stack                                                          */
  19:Middlewares/ST/usbx/common/core/src/ux_host_stack_interface_endpoint_get.c **** /**                                                                       */
  20:Middlewares/ST/usbx/common/core/src/ux_host_stack_interface_endpoint_get.c **** /**************************************************************************/
  21:Middlewares/ST/usbx/common/core/src/ux_host_stack_interface_endpoint_get.c **** /**************************************************************************/
  22:Middlewares/ST/usbx/common/core/src/ux_host_stack_interface_endpoint_get.c **** 
  23:Middlewares/ST/usbx/common/core/src/ux_host_stack_interface_endpoint_get.c **** 
  24:Middlewares/ST/usbx/common/core/src/ux_host_stack_interface_endpoint_get.c **** /* Include necessary system files.  */
  25:Middlewares/ST/usbx/common/core/src/ux_host_stack_interface_endpoint_get.c **** 
  26:Middlewares/ST/usbx/common/core/src/ux_host_stack_interface_endpoint_get.c **** #define UX_SOURCE_CODE
  27:Middlewares/ST/usbx/common/core/src/ux_host_stack_interface_endpoint_get.c **** 
  28:Middlewares/ST/usbx/common/core/src/ux_host_stack_interface_endpoint_get.c **** #include "ux_api.h"
  29:Middlewares/ST/usbx/common/core/src/ux_host_stack_interface_endpoint_get.c **** #include "ux_host_stack.h"
ARM GAS  C:\Users\HP\AppData\Local\Temp\cckQg4af.s 			page 2


  30:Middlewares/ST/usbx/common/core/src/ux_host_stack_interface_endpoint_get.c **** 
  31:Middlewares/ST/usbx/common/core/src/ux_host_stack_interface_endpoint_get.c **** 
  32:Middlewares/ST/usbx/common/core/src/ux_host_stack_interface_endpoint_get.c **** /**************************************************************************/ 
  33:Middlewares/ST/usbx/common/core/src/ux_host_stack_interface_endpoint_get.c **** /*                                                                        */ 
  34:Middlewares/ST/usbx/common/core/src/ux_host_stack_interface_endpoint_get.c **** /*  FUNCTION                                               RELEASE        */ 
  35:Middlewares/ST/usbx/common/core/src/ux_host_stack_interface_endpoint_get.c **** /*                                                                        */ 
  36:Middlewares/ST/usbx/common/core/src/ux_host_stack_interface_endpoint_get.c **** /*    _ux_host_stack_interface_endpoint_get               PORTABLE C      */ 
  37:Middlewares/ST/usbx/common/core/src/ux_host_stack_interface_endpoint_get.c **** /*                                                           6.1.12       */
  38:Middlewares/ST/usbx/common/core/src/ux_host_stack_interface_endpoint_get.c **** /*  AUTHOR                                                                */
  39:Middlewares/ST/usbx/common/core/src/ux_host_stack_interface_endpoint_get.c **** /*                                                                        */
  40:Middlewares/ST/usbx/common/core/src/ux_host_stack_interface_endpoint_get.c **** /*    Chaoqiong Xiao, Microsoft Corporation                               */
  41:Middlewares/ST/usbx/common/core/src/ux_host_stack_interface_endpoint_get.c **** /*                                                                        */
  42:Middlewares/ST/usbx/common/core/src/ux_host_stack_interface_endpoint_get.c **** /*  DESCRIPTION                                                           */
  43:Middlewares/ST/usbx/common/core/src/ux_host_stack_interface_endpoint_get.c **** /*                                                                        */ 
  44:Middlewares/ST/usbx/common/core/src/ux_host_stack_interface_endpoint_get.c **** /*    This function returns an endpoint container based on the interface  */
  45:Middlewares/ST/usbx/common/core/src/ux_host_stack_interface_endpoint_get.c **** /*    handle and an endpoint index.                                       */ 
  46:Middlewares/ST/usbx/common/core/src/ux_host_stack_interface_endpoint_get.c **** /*                                                                        */ 
  47:Middlewares/ST/usbx/common/core/src/ux_host_stack_interface_endpoint_get.c **** /*  INPUT                                                                 */ 
  48:Middlewares/ST/usbx/common/core/src/ux_host_stack_interface_endpoint_get.c **** /*                                                                        */ 
  49:Middlewares/ST/usbx/common/core/src/ux_host_stack_interface_endpoint_get.c **** /*    interface                             Pointer to interface          */ 
  50:Middlewares/ST/usbx/common/core/src/ux_host_stack_interface_endpoint_get.c **** /*    endpoint_index                        Index of endpoint to get      */ 
  51:Middlewares/ST/usbx/common/core/src/ux_host_stack_interface_endpoint_get.c **** /*    endpoint                              Destination for endpoint      */ 
  52:Middlewares/ST/usbx/common/core/src/ux_host_stack_interface_endpoint_get.c **** /*                                                                        */ 
  53:Middlewares/ST/usbx/common/core/src/ux_host_stack_interface_endpoint_get.c **** /*  OUTPUT                                                                */ 
  54:Middlewares/ST/usbx/common/core/src/ux_host_stack_interface_endpoint_get.c **** /*                                                                        */ 
  55:Middlewares/ST/usbx/common/core/src/ux_host_stack_interface_endpoint_get.c **** /*    Completion Status                                                   */ 
  56:Middlewares/ST/usbx/common/core/src/ux_host_stack_interface_endpoint_get.c **** /*                                                                        */ 
  57:Middlewares/ST/usbx/common/core/src/ux_host_stack_interface_endpoint_get.c **** /*  CALLS                                                                 */ 
  58:Middlewares/ST/usbx/common/core/src/ux_host_stack_interface_endpoint_get.c **** /*                                                                        */ 
  59:Middlewares/ST/usbx/common/core/src/ux_host_stack_interface_endpoint_get.c **** /*    None                                                                */ 
  60:Middlewares/ST/usbx/common/core/src/ux_host_stack_interface_endpoint_get.c **** /*                                                                        */ 
  61:Middlewares/ST/usbx/common/core/src/ux_host_stack_interface_endpoint_get.c **** /*  CALLED BY                                                             */ 
  62:Middlewares/ST/usbx/common/core/src/ux_host_stack_interface_endpoint_get.c **** /*                                                                        */ 
  63:Middlewares/ST/usbx/common/core/src/ux_host_stack_interface_endpoint_get.c **** /*    Application                                                         */ 
  64:Middlewares/ST/usbx/common/core/src/ux_host_stack_interface_endpoint_get.c **** /*    USBX Components                                                     */ 
  65:Middlewares/ST/usbx/common/core/src/ux_host_stack_interface_endpoint_get.c **** /*                                                                        */ 
  66:Middlewares/ST/usbx/common/core/src/ux_host_stack_interface_endpoint_get.c **** /*  RELEASE HISTORY                                                       */ 
  67:Middlewares/ST/usbx/common/core/src/ux_host_stack_interface_endpoint_get.c **** /*                                                                        */ 
  68:Middlewares/ST/usbx/common/core/src/ux_host_stack_interface_endpoint_get.c **** /*    DATE              NAME                      DESCRIPTION             */ 
  69:Middlewares/ST/usbx/common/core/src/ux_host_stack_interface_endpoint_get.c **** /*                                                                        */ 
  70:Middlewares/ST/usbx/common/core/src/ux_host_stack_interface_endpoint_get.c **** /*  05-19-2020     Chaoqiong Xiao           Initial Version 6.0           */
  71:Middlewares/ST/usbx/common/core/src/ux_host_stack_interface_endpoint_get.c **** /*  09-30-2020     Chaoqiong Xiao           Modified comment(s),          */
  72:Middlewares/ST/usbx/common/core/src/ux_host_stack_interface_endpoint_get.c **** /*                                            resulting in version 6.1    */
  73:Middlewares/ST/usbx/common/core/src/ux_host_stack_interface_endpoint_get.c **** /*  07-29-2022     Chaoqiong Xiao           Modified comment(s),          */
  74:Middlewares/ST/usbx/common/core/src/ux_host_stack_interface_endpoint_get.c **** /*                                            fixed parameter/variable    */
  75:Middlewares/ST/usbx/common/core/src/ux_host_stack_interface_endpoint_get.c **** /*                                            names conflict C++ keyword, */
  76:Middlewares/ST/usbx/common/core/src/ux_host_stack_interface_endpoint_get.c **** /*                                            resulting in version 6.1.12 */
  77:Middlewares/ST/usbx/common/core/src/ux_host_stack_interface_endpoint_get.c **** /*                                                                        */
  78:Middlewares/ST/usbx/common/core/src/ux_host_stack_interface_endpoint_get.c **** /**************************************************************************/
  79:Middlewares/ST/usbx/common/core/src/ux_host_stack_interface_endpoint_get.c **** UINT  _ux_host_stack_interface_endpoint_get(UX_INTERFACE *interface_ptr, UINT endpoint_index, UX_EN
  80:Middlewares/ST/usbx/common/core/src/ux_host_stack_interface_endpoint_get.c **** {
  30              		.loc 1 80 1 view -0
  31              		.cfi_startproc
  32              		@ args = 0, pretend = 0, frame = 0
  33              		@ frame_needed = 0, uses_anonymous_args = 0
  34              		.loc 1 80 1 is_stmt 0 view .LVU1
  35 0000 08B5     		push	{r3, lr}
ARM GAS  C:\Users\HP\AppData\Local\Temp\cckQg4af.s 			page 3


  36              	.LCFI0:
  37              		.cfi_def_cfa_offset 8
  38              		.cfi_offset 3, -8
  39              		.cfi_offset 14, -4
  81:Middlewares/ST/usbx/common/core/src/ux_host_stack_interface_endpoint_get.c **** 
  82:Middlewares/ST/usbx/common/core/src/ux_host_stack_interface_endpoint_get.c **** UINT            current_endpoint_index;
  40              		.loc 1 82 1 is_stmt 1 view .LVU2
  83:Middlewares/ST/usbx/common/core/src/ux_host_stack_interface_endpoint_get.c **** UX_ENDPOINT     *current_endpoint;
  41              		.loc 1 83 1 view .LVU3
  84:Middlewares/ST/usbx/common/core/src/ux_host_stack_interface_endpoint_get.c **** 
  85:Middlewares/ST/usbx/common/core/src/ux_host_stack_interface_endpoint_get.c ****     /* If trace is enabled, insert this event into the trace buffer.  */
  86:Middlewares/ST/usbx/common/core/src/ux_host_stack_interface_endpoint_get.c ****     UX_TRACE_IN_LINE_INSERT(UX_TRACE_HOST_STACK_INTERFACE_ENDPOINT_GET, interface_ptr, endpoint_ind
  87:Middlewares/ST/usbx/common/core/src/ux_host_stack_interface_endpoint_get.c **** 
  88:Middlewares/ST/usbx/common/core/src/ux_host_stack_interface_endpoint_get.c ****     /* Do a sanity check on the interface handle.  */
  89:Middlewares/ST/usbx/common/core/src/ux_host_stack_interface_endpoint_get.c ****     if (interface_ptr -> ux_interface_handle != (ULONG) (ALIGN_TYPE) interface_ptr)
  42              		.loc 1 89 5 view .LVU4
  43              		.loc 1 89 23 is_stmt 0 view .LVU5
  44 0002 0368     		ldr	r3, [r0]
  45              		.loc 1 89 8 view .LVU6
  46 0004 8342     		cmp	r3, r0
  47 0006 02D1     		bne	.L8
  90:Middlewares/ST/usbx/common/core/src/ux_host_stack_interface_endpoint_get.c ****     {
  91:Middlewares/ST/usbx/common/core/src/ux_host_stack_interface_endpoint_get.c **** 
  92:Middlewares/ST/usbx/common/core/src/ux_host_stack_interface_endpoint_get.c ****         /* Error trap. */
  93:Middlewares/ST/usbx/common/core/src/ux_host_stack_interface_endpoint_get.c ****         _ux_system_error_handler(UX_SYSTEM_LEVEL_THREAD, UX_SYSTEM_CONTEXT_ENUMERATOR, UX_INTERFACE
  94:Middlewares/ST/usbx/common/core/src/ux_host_stack_interface_endpoint_get.c **** 
  95:Middlewares/ST/usbx/common/core/src/ux_host_stack_interface_endpoint_get.c ****         /* If trace is enabled, insert this event into the trace buffer.  */
  96:Middlewares/ST/usbx/common/core/src/ux_host_stack_interface_endpoint_get.c ****         UX_TRACE_IN_LINE_INSERT(UX_TRACE_ERROR, UX_INTERFACE_HANDLE_UNKNOWN, interface_ptr, 0, 0, U
  97:Middlewares/ST/usbx/common/core/src/ux_host_stack_interface_endpoint_get.c **** 
  98:Middlewares/ST/usbx/common/core/src/ux_host_stack_interface_endpoint_get.c ****         return(UX_INTERFACE_HANDLE_UNKNOWN);
  99:Middlewares/ST/usbx/common/core/src/ux_host_stack_interface_endpoint_get.c ****     }
 100:Middlewares/ST/usbx/common/core/src/ux_host_stack_interface_endpoint_get.c ****             
 101:Middlewares/ST/usbx/common/core/src/ux_host_stack_interface_endpoint_get.c ****     /* Start with the endpoint attached to the interface.  */
 102:Middlewares/ST/usbx/common/core/src/ux_host_stack_interface_endpoint_get.c ****     current_endpoint =  interface_ptr -> ux_interface_first_endpoint;
  48              		.loc 1 102 5 is_stmt 1 view .LVU7
  49              		.loc 1 102 22 is_stmt 0 view .LVU8
  50 0008 836B     		ldr	r3, [r0, #56]
  51              	.LVL1:
 103:Middlewares/ST/usbx/common/core/src/ux_host_stack_interface_endpoint_get.c **** 
 104:Middlewares/ST/usbx/common/core/src/ux_host_stack_interface_endpoint_get.c ****     /* The first endpoint has the index 0.  */    
 105:Middlewares/ST/usbx/common/core/src/ux_host_stack_interface_endpoint_get.c ****     current_endpoint_index =  0;
  52              		.loc 1 105 5 is_stmt 1 view .LVU9
 106:Middlewares/ST/usbx/common/core/src/ux_host_stack_interface_endpoint_get.c ****     
 107:Middlewares/ST/usbx/common/core/src/ux_host_stack_interface_endpoint_get.c ****     /* Traverse the list of the endpoints until we found the right one.  */        
 108:Middlewares/ST/usbx/common/core/src/ux_host_stack_interface_endpoint_get.c ****     while (current_endpoint != UX_NULL)
  53              		.loc 1 108 5 view .LVU10
 105:Middlewares/ST/usbx/common/core/src/ux_host_stack_interface_endpoint_get.c ****     
  54              		.loc 1 105 28 is_stmt 0 view .LVU11
  55 000a 0020     		movs	r0, #0
  56              	.LVL2:
  57              		.loc 1 108 11 view .LVU12
  58 000c 08E0     		b	.L4
  59              	.LVL3:
  60              	.L8:
  93:Middlewares/ST/usbx/common/core/src/ux_host_stack_interface_endpoint_get.c **** 
  61              		.loc 1 93 9 is_stmt 1 view .LVU13
  62 000e 5222     		movs	r2, #82
ARM GAS  C:\Users\HP\AppData\Local\Temp\cckQg4af.s 			page 4


  63              	.LVL4:
  93:Middlewares/ST/usbx/common/core/src/ux_host_stack_interface_endpoint_get.c **** 
  64              		.loc 1 93 9 is_stmt 0 view .LVU14
  65 0010 0421     		movs	r1, #4
  66              	.LVL5:
  93:Middlewares/ST/usbx/common/core/src/ux_host_stack_interface_endpoint_get.c **** 
  67              		.loc 1 93 9 view .LVU15
  68 0012 0220     		movs	r0, #2
  69              	.LVL6:
  93:Middlewares/ST/usbx/common/core/src/ux_host_stack_interface_endpoint_get.c **** 
  70              		.loc 1 93 9 view .LVU16
  71 0014 FFF7FEFF 		bl	_ux_system_error_handler
  72              	.LVL7:
  98:Middlewares/ST/usbx/common/core/src/ux_host_stack_interface_endpoint_get.c ****     }
  73              		.loc 1 98 9 is_stmt 1 view .LVU17
  98:Middlewares/ST/usbx/common/core/src/ux_host_stack_interface_endpoint_get.c ****     }
  74              		.loc 1 98 15 is_stmt 0 view .LVU18
  75 0018 5220     		movs	r0, #82
  76 001a 0DE0     		b	.L1
  77              	.LVL8:
  78              	.L5:
 109:Middlewares/ST/usbx/common/core/src/ux_host_stack_interface_endpoint_get.c ****     {
 110:Middlewares/ST/usbx/common/core/src/ux_host_stack_interface_endpoint_get.c **** 
 111:Middlewares/ST/usbx/common/core/src/ux_host_stack_interface_endpoint_get.c ****         /* Check if the endpoint index matches the current one.  */
 112:Middlewares/ST/usbx/common/core/src/ux_host_stack_interface_endpoint_get.c ****         if (endpoint_index == current_endpoint_index)
 113:Middlewares/ST/usbx/common/core/src/ux_host_stack_interface_endpoint_get.c ****         {
 114:Middlewares/ST/usbx/common/core/src/ux_host_stack_interface_endpoint_get.c **** 
 115:Middlewares/ST/usbx/common/core/src/ux_host_stack_interface_endpoint_get.c ****             /* Setup the return endpoint pointer.  */
 116:Middlewares/ST/usbx/common/core/src/ux_host_stack_interface_endpoint_get.c ****             *endpoint=current_endpoint;
 117:Middlewares/ST/usbx/common/core/src/ux_host_stack_interface_endpoint_get.c **** 
 118:Middlewares/ST/usbx/common/core/src/ux_host_stack_interface_endpoint_get.c ****             /* Return success to the caller.  */
 119:Middlewares/ST/usbx/common/core/src/ux_host_stack_interface_endpoint_get.c ****             return(UX_SUCCESS);
 120:Middlewares/ST/usbx/common/core/src/ux_host_stack_interface_endpoint_get.c ****         }
 121:Middlewares/ST/usbx/common/core/src/ux_host_stack_interface_endpoint_get.c ****         
 122:Middlewares/ST/usbx/common/core/src/ux_host_stack_interface_endpoint_get.c ****         /* Move to the next endpoint.  */
 123:Middlewares/ST/usbx/common/core/src/ux_host_stack_interface_endpoint_get.c ****         current_endpoint =  current_endpoint -> ux_endpoint_next_endpoint;
  79              		.loc 1 123 9 is_stmt 1 view .LVU19
  80              		.loc 1 123 26 is_stmt 0 view .LVU20
  81 001c 5B6A     		ldr	r3, [r3, #36]
  82              	.LVL9:
 124:Middlewares/ST/usbx/common/core/src/ux_host_stack_interface_endpoint_get.c ****         
 125:Middlewares/ST/usbx/common/core/src/ux_host_stack_interface_endpoint_get.c ****         /* Move to the next index.  */
 126:Middlewares/ST/usbx/common/core/src/ux_host_stack_interface_endpoint_get.c ****         current_endpoint_index++;
  83              		.loc 1 126 9 is_stmt 1 view .LVU21
  84              		.loc 1 126 31 is_stmt 0 view .LVU22
  85 001e 0130     		adds	r0, r0, #1
  86              	.LVL10:
  87              	.L4:
 108:Middlewares/ST/usbx/common/core/src/ux_host_stack_interface_endpoint_get.c ****     {
  88              		.loc 1 108 11 is_stmt 1 view .LVU23
  89 0020 23B1     		cbz	r3, .L9
 112:Middlewares/ST/usbx/common/core/src/ux_host_stack_interface_endpoint_get.c ****         {
  90              		.loc 1 112 9 view .LVU24
 112:Middlewares/ST/usbx/common/core/src/ux_host_stack_interface_endpoint_get.c ****         {
  91              		.loc 1 112 12 is_stmt 0 view .LVU25
  92 0022 8842     		cmp	r0, r1
  93 0024 FAD1     		bne	.L5
ARM GAS  C:\Users\HP\AppData\Local\Temp\cckQg4af.s 			page 5


 116:Middlewares/ST/usbx/common/core/src/ux_host_stack_interface_endpoint_get.c **** 
  94              		.loc 1 116 13 is_stmt 1 view .LVU26
 116:Middlewares/ST/usbx/common/core/src/ux_host_stack_interface_endpoint_get.c **** 
  95              		.loc 1 116 22 is_stmt 0 view .LVU27
  96 0026 1360     		str	r3, [r2]
 119:Middlewares/ST/usbx/common/core/src/ux_host_stack_interface_endpoint_get.c ****         }
  97              		.loc 1 119 13 is_stmt 1 view .LVU28
 119:Middlewares/ST/usbx/common/core/src/ux_host_stack_interface_endpoint_get.c ****         }
  98              		.loc 1 119 19 is_stmt 0 view .LVU29
  99 0028 0020     		movs	r0, #0
 100              	.LVL11:
 119:Middlewares/ST/usbx/common/core/src/ux_host_stack_interface_endpoint_get.c ****         }
 101              		.loc 1 119 19 view .LVU30
 102 002a 05E0     		b	.L1
 103              	.LVL12:
 104              	.L9:
 127:Middlewares/ST/usbx/common/core/src/ux_host_stack_interface_endpoint_get.c ****     }
 128:Middlewares/ST/usbx/common/core/src/ux_host_stack_interface_endpoint_get.c **** 
 129:Middlewares/ST/usbx/common/core/src/ux_host_stack_interface_endpoint_get.c ****     /* Error trap. */
 130:Middlewares/ST/usbx/common/core/src/ux_host_stack_interface_endpoint_get.c ****     _ux_system_error_handler(UX_SYSTEM_LEVEL_THREAD, UX_SYSTEM_CONTEXT_ENUMERATOR, UX_ENDPOINT_HAND
 105              		.loc 1 130 5 is_stmt 1 view .LVU31
 106 002c 5322     		movs	r2, #83
 107              	.LVL13:
 108              		.loc 1 130 5 is_stmt 0 view .LVU32
 109 002e 0421     		movs	r1, #4
 110              	.LVL14:
 111              		.loc 1 130 5 view .LVU33
 112 0030 0220     		movs	r0, #2
 113              	.LVL15:
 114              		.loc 1 130 5 view .LVU34
 115 0032 FFF7FEFF 		bl	_ux_system_error_handler
 116              	.LVL16:
 131:Middlewares/ST/usbx/common/core/src/ux_host_stack_interface_endpoint_get.c **** 
 132:Middlewares/ST/usbx/common/core/src/ux_host_stack_interface_endpoint_get.c ****     /* If trace is enabled, insert this event into the trace buffer.  */
 133:Middlewares/ST/usbx/common/core/src/ux_host_stack_interface_endpoint_get.c ****     UX_TRACE_IN_LINE_INSERT(UX_TRACE_ERROR, UX_ENDPOINT_HANDLE_UNKNOWN, endpoint, 0, 0, UX_TRACE_ER
 134:Middlewares/ST/usbx/common/core/src/ux_host_stack_interface_endpoint_get.c **** 
 135:Middlewares/ST/usbx/common/core/src/ux_host_stack_interface_endpoint_get.c ****     /* Return an error!  */
 136:Middlewares/ST/usbx/common/core/src/ux_host_stack_interface_endpoint_get.c ****     return(UX_ENDPOINT_HANDLE_UNKNOWN);
 117              		.loc 1 136 5 is_stmt 1 view .LVU35
 118              		.loc 1 136 11 is_stmt 0 view .LVU36
 119 0036 5320     		movs	r0, #83
 120              	.L1:
 137:Middlewares/ST/usbx/common/core/src/ux_host_stack_interface_endpoint_get.c **** }
 121              		.loc 1 137 1 view .LVU37
 122 0038 08BD     		pop	{r3, pc}
 123              		.cfi_endproc
 124              	.LFE11:
 126              		.text
 127              	.Letext0:
 128              		.file 2 "Middlewares/ST/threadx/ports/cortex_m4/gnu/inc/tx_port.h"
 129              		.file 3 "Middlewares/ST/threadx/common/inc/tx_api.h"
 130              		.file 4 "Middlewares/ST/usbx/common/core/inc/ux_api.h"
 131              		.file 5 "Middlewares/ST/usbx/common/core/inc/ux_utility.h"
ARM GAS  C:\Users\HP\AppData\Local\Temp\cckQg4af.s 			page 6


DEFINED SYMBOLS
                            *ABS*:00000000 ux_host_stack_interface_endpoint_get.c
C:\Users\HP\AppData\Local\Temp\cckQg4af.s:20     .text._ux_host_stack_interface_endpoint_get:00000000 $t
C:\Users\HP\AppData\Local\Temp\cckQg4af.s:26     .text._ux_host_stack_interface_endpoint_get:00000000 _ux_host_stack_interface_endpoint_get

UNDEFINED SYMBOLS
_ux_system_error_handler
