ARM GAS  C:\Users\HP\AppData\Local\Temp\ccewbEt0.s 			page 1


   1              		.cpu cortex-m4
   2              		.arch armv7e-m
   3              		.fpu fpv4-sp-d16
   4              		.eabi_attribute 27, 1
   5              		.eabi_attribute 28, 1
   6              		.eabi_attribute 20, 1
   7              		.eabi_attribute 21, 1
   8              		.eabi_attribute 23, 3
   9              		.eabi_attribute 24, 1
  10              		.eabi_attribute 25, 1
  11              		.eabi_attribute 26, 1
  12              		.eabi_attribute 30, 1
  13              		.eabi_attribute 34, 1
  14              		.eabi_attribute 18, 4
  15              		.file	"ux_hcd_stm32_power_on_port.c"
  16              		.text
  17              	.Ltext0:
  18              		.cfi_sections	.debug_frame
  19              		.section	.text._ux_hcd_stm32_power_on_port,"ax",%progbits
  20              		.align	1
  21              		.global	_ux_hcd_stm32_power_on_port
  22              		.syntax unified
  23              		.thumb
  24              		.thumb_func
  26              	_ux_hcd_stm32_power_on_port:
  27              	.LVL0:
  28              	.LFB143:
  29              		.file 1 "Middlewares/ST/usbx/common/usbx_stm32_host_controllers/ux_hcd_stm32_power_on_port.c"
   1:Middlewares/ST/usbx/common/usbx_stm32_host_controllers/ux_hcd_stm32_power_on_port.c **** /**************************************************************************/
   2:Middlewares/ST/usbx/common/usbx_stm32_host_controllers/ux_hcd_stm32_power_on_port.c **** /*                                                                        */
   3:Middlewares/ST/usbx/common/usbx_stm32_host_controllers/ux_hcd_stm32_power_on_port.c **** /*       Copyright (c) Microsoft Corporation. All rights reserved.        */
   4:Middlewares/ST/usbx/common/usbx_stm32_host_controllers/ux_hcd_stm32_power_on_port.c **** /*                                                                        */
   5:Middlewares/ST/usbx/common/usbx_stm32_host_controllers/ux_hcd_stm32_power_on_port.c **** /*       This software is licensed under the Microsoft Software License   */
   6:Middlewares/ST/usbx/common/usbx_stm32_host_controllers/ux_hcd_stm32_power_on_port.c **** /*       Terms for Microsoft Azure RTOS. Full text of the license can be  */
   7:Middlewares/ST/usbx/common/usbx_stm32_host_controllers/ux_hcd_stm32_power_on_port.c **** /*       found in the LICENSE file at https://aka.ms/AzureRTOS_EULA       */
   8:Middlewares/ST/usbx/common/usbx_stm32_host_controllers/ux_hcd_stm32_power_on_port.c **** /*       and in the root directory of this software.                      */
   9:Middlewares/ST/usbx/common/usbx_stm32_host_controllers/ux_hcd_stm32_power_on_port.c **** /*                                                                        */
  10:Middlewares/ST/usbx/common/usbx_stm32_host_controllers/ux_hcd_stm32_power_on_port.c **** /**************************************************************************/
  11:Middlewares/ST/usbx/common/usbx_stm32_host_controllers/ux_hcd_stm32_power_on_port.c **** 
  12:Middlewares/ST/usbx/common/usbx_stm32_host_controllers/ux_hcd_stm32_power_on_port.c **** 
  13:Middlewares/ST/usbx/common/usbx_stm32_host_controllers/ux_hcd_stm32_power_on_port.c **** /**************************************************************************/
  14:Middlewares/ST/usbx/common/usbx_stm32_host_controllers/ux_hcd_stm32_power_on_port.c **** /**************************************************************************/
  15:Middlewares/ST/usbx/common/usbx_stm32_host_controllers/ux_hcd_stm32_power_on_port.c **** /**                                                                       */
  16:Middlewares/ST/usbx/common/usbx_stm32_host_controllers/ux_hcd_stm32_power_on_port.c **** /** USBX Component                                                        */
  17:Middlewares/ST/usbx/common/usbx_stm32_host_controllers/ux_hcd_stm32_power_on_port.c **** /**                                                                       */
  18:Middlewares/ST/usbx/common/usbx_stm32_host_controllers/ux_hcd_stm32_power_on_port.c **** /**   STM32 Controller Driver                                             */
  19:Middlewares/ST/usbx/common/usbx_stm32_host_controllers/ux_hcd_stm32_power_on_port.c **** /**                                                                       */
  20:Middlewares/ST/usbx/common/usbx_stm32_host_controllers/ux_hcd_stm32_power_on_port.c **** /**************************************************************************/
  21:Middlewares/ST/usbx/common/usbx_stm32_host_controllers/ux_hcd_stm32_power_on_port.c **** /**************************************************************************/
  22:Middlewares/ST/usbx/common/usbx_stm32_host_controllers/ux_hcd_stm32_power_on_port.c **** 
  23:Middlewares/ST/usbx/common/usbx_stm32_host_controllers/ux_hcd_stm32_power_on_port.c **** 
  24:Middlewares/ST/usbx/common/usbx_stm32_host_controllers/ux_hcd_stm32_power_on_port.c **** /* Include necessary system files.  */
  25:Middlewares/ST/usbx/common/usbx_stm32_host_controllers/ux_hcd_stm32_power_on_port.c **** 
  26:Middlewares/ST/usbx/common/usbx_stm32_host_controllers/ux_hcd_stm32_power_on_port.c **** #define UX_SOURCE_CODE
  27:Middlewares/ST/usbx/common/usbx_stm32_host_controllers/ux_hcd_stm32_power_on_port.c **** #define UX_HCD_STM32_SOURCE_CODE
  28:Middlewares/ST/usbx/common/usbx_stm32_host_controllers/ux_hcd_stm32_power_on_port.c **** 
  29:Middlewares/ST/usbx/common/usbx_stm32_host_controllers/ux_hcd_stm32_power_on_port.c **** #include "ux_api.h"
ARM GAS  C:\Users\HP\AppData\Local\Temp\ccewbEt0.s 			page 2


  30:Middlewares/ST/usbx/common/usbx_stm32_host_controllers/ux_hcd_stm32_power_on_port.c **** #include "ux_hcd_stm32.h"
  31:Middlewares/ST/usbx/common/usbx_stm32_host_controllers/ux_hcd_stm32_power_on_port.c **** #include "ux_host_stack.h"
  32:Middlewares/ST/usbx/common/usbx_stm32_host_controllers/ux_hcd_stm32_power_on_port.c **** 
  33:Middlewares/ST/usbx/common/usbx_stm32_host_controllers/ux_hcd_stm32_power_on_port.c **** 
  34:Middlewares/ST/usbx/common/usbx_stm32_host_controllers/ux_hcd_stm32_power_on_port.c **** /**************************************************************************/
  35:Middlewares/ST/usbx/common/usbx_stm32_host_controllers/ux_hcd_stm32_power_on_port.c **** /*                                                                        */
  36:Middlewares/ST/usbx/common/usbx_stm32_host_controllers/ux_hcd_stm32_power_on_port.c **** /*  FUNCTION                                               RELEASE        */
  37:Middlewares/ST/usbx/common/usbx_stm32_host_controllers/ux_hcd_stm32_power_on_port.c **** /*                                                                        */
  38:Middlewares/ST/usbx/common/usbx_stm32_host_controllers/ux_hcd_stm32_power_on_port.c **** /*    _ux_hcd_stm32_power_on_port                         PORTABLE C      */
  39:Middlewares/ST/usbx/common/usbx_stm32_host_controllers/ux_hcd_stm32_power_on_port.c **** /*                                                           6.0          */
  40:Middlewares/ST/usbx/common/usbx_stm32_host_controllers/ux_hcd_stm32_power_on_port.c **** /*  AUTHOR                                                                */
  41:Middlewares/ST/usbx/common/usbx_stm32_host_controllers/ux_hcd_stm32_power_on_port.c **** /*                                                                        */
  42:Middlewares/ST/usbx/common/usbx_stm32_host_controllers/ux_hcd_stm32_power_on_port.c **** /*    Chaoqiong Xiao, Microsoft Corporation                               */
  43:Middlewares/ST/usbx/common/usbx_stm32_host_controllers/ux_hcd_stm32_power_on_port.c **** /*                                                                        */
  44:Middlewares/ST/usbx/common/usbx_stm32_host_controllers/ux_hcd_stm32_power_on_port.c **** /*  DESCRIPTION                                                           */
  45:Middlewares/ST/usbx/common/usbx_stm32_host_controllers/ux_hcd_stm32_power_on_port.c **** /*                                                                        */
  46:Middlewares/ST/usbx/common/usbx_stm32_host_controllers/ux_hcd_stm32_power_on_port.c **** /*     This function will power a specific port attached to the root HUB. */
  47:Middlewares/ST/usbx/common/usbx_stm32_host_controllers/ux_hcd_stm32_power_on_port.c **** /*                                                                        */
  48:Middlewares/ST/usbx/common/usbx_stm32_host_controllers/ux_hcd_stm32_power_on_port.c **** /*  INPUT                                                                 */
  49:Middlewares/ST/usbx/common/usbx_stm32_host_controllers/ux_hcd_stm32_power_on_port.c **** /*                                                                        */
  50:Middlewares/ST/usbx/common/usbx_stm32_host_controllers/ux_hcd_stm32_power_on_port.c **** /*    hcd_stm32                           Pointer to STM32 controller     */
  51:Middlewares/ST/usbx/common/usbx_stm32_host_controllers/ux_hcd_stm32_power_on_port.c **** /*    port_index                            Port index                    */
  52:Middlewares/ST/usbx/common/usbx_stm32_host_controllers/ux_hcd_stm32_power_on_port.c **** /*                                                                        */
  53:Middlewares/ST/usbx/common/usbx_stm32_host_controllers/ux_hcd_stm32_power_on_port.c **** /*  OUTPUT                                                                */
  54:Middlewares/ST/usbx/common/usbx_stm32_host_controllers/ux_hcd_stm32_power_on_port.c **** /*                                                                        */
  55:Middlewares/ST/usbx/common/usbx_stm32_host_controllers/ux_hcd_stm32_power_on_port.c **** /*    Completion Status                                                   */
  56:Middlewares/ST/usbx/common/usbx_stm32_host_controllers/ux_hcd_stm32_power_on_port.c **** /*                                                                        */
  57:Middlewares/ST/usbx/common/usbx_stm32_host_controllers/ux_hcd_stm32_power_on_port.c **** /*  CALLS                                                                 */
  58:Middlewares/ST/usbx/common/usbx_stm32_host_controllers/ux_hcd_stm32_power_on_port.c **** /*                                                                        */
  59:Middlewares/ST/usbx/common/usbx_stm32_host_controllers/ux_hcd_stm32_power_on_port.c **** /*    None                                                                */
  60:Middlewares/ST/usbx/common/usbx_stm32_host_controllers/ux_hcd_stm32_power_on_port.c **** /*                                                                        */
  61:Middlewares/ST/usbx/common/usbx_stm32_host_controllers/ux_hcd_stm32_power_on_port.c **** /*  CALLED BY                                                             */
  62:Middlewares/ST/usbx/common/usbx_stm32_host_controllers/ux_hcd_stm32_power_on_port.c **** /*                                                                        */
  63:Middlewares/ST/usbx/common/usbx_stm32_host_controllers/ux_hcd_stm32_power_on_port.c **** /*    STM32 Controller Driver                                             */
  64:Middlewares/ST/usbx/common/usbx_stm32_host_controllers/ux_hcd_stm32_power_on_port.c **** /*                                                                        */
  65:Middlewares/ST/usbx/common/usbx_stm32_host_controllers/ux_hcd_stm32_power_on_port.c **** /*  RELEASE HISTORY                                                       */
  66:Middlewares/ST/usbx/common/usbx_stm32_host_controllers/ux_hcd_stm32_power_on_port.c **** /*                                                                        */
  67:Middlewares/ST/usbx/common/usbx_stm32_host_controllers/ux_hcd_stm32_power_on_port.c **** /*    DATE              NAME                      DESCRIPTION             */
  68:Middlewares/ST/usbx/common/usbx_stm32_host_controllers/ux_hcd_stm32_power_on_port.c **** /*                                                                        */
  69:Middlewares/ST/usbx/common/usbx_stm32_host_controllers/ux_hcd_stm32_power_on_port.c **** /*  05-19-2020     Chaoqiong Xiao           Initial Version 6.0           */
  70:Middlewares/ST/usbx/common/usbx_stm32_host_controllers/ux_hcd_stm32_power_on_port.c **** /*                                                                        */
  71:Middlewares/ST/usbx/common/usbx_stm32_host_controllers/ux_hcd_stm32_power_on_port.c **** /**************************************************************************/
  72:Middlewares/ST/usbx/common/usbx_stm32_host_controllers/ux_hcd_stm32_power_on_port.c **** UINT  _ux_hcd_stm32_power_on_port(UX_HCD_STM32 *hcd_stm32, ULONG port_index)
  73:Middlewares/ST/usbx/common/usbx_stm32_host_controllers/ux_hcd_stm32_power_on_port.c **** {
  30              		.loc 1 73 1 view -0
  31              		.cfi_startproc
  32              		@ args = 0, pretend = 0, frame = 0
  33              		@ frame_needed = 0, uses_anonymous_args = 0
  74:Middlewares/ST/usbx/common/usbx_stm32_host_controllers/ux_hcd_stm32_power_on_port.c **** 
  75:Middlewares/ST/usbx/common/usbx_stm32_host_controllers/ux_hcd_stm32_power_on_port.c ****     /* Check to see if this port is valid on this controller.  On STM32, there is only one. */
  76:Middlewares/ST/usbx/common/usbx_stm32_host_controllers/ux_hcd_stm32_power_on_port.c ****     if (port_index != 0)
  34              		.loc 1 76 5 view .LVU1
  35              		.loc 1 76 8 is_stmt 0 view .LVU2
  36 0000 0846     		mov	r0, r1
  37              	.LVL1:
  38              		.loc 1 76 8 view .LVU3
  39 0002 01B9     		cbnz	r1, .L7
ARM GAS  C:\Users\HP\AppData\Local\Temp\ccewbEt0.s 			page 3


  77:Middlewares/ST/usbx/common/usbx_stm32_host_controllers/ux_hcd_stm32_power_on_port.c ****     {
  78:Middlewares/ST/usbx/common/usbx_stm32_host_controllers/ux_hcd_stm32_power_on_port.c **** 
  79:Middlewares/ST/usbx/common/usbx_stm32_host_controllers/ux_hcd_stm32_power_on_port.c ****         /* Error trap. */
  80:Middlewares/ST/usbx/common/usbx_stm32_host_controllers/ux_hcd_stm32_power_on_port.c ****         _ux_system_error_handler(UX_SYSTEM_LEVEL_THREAD, UX_SYSTEM_CONTEXT_HCD, UX_PORT_INDEX_UNKNO
  81:Middlewares/ST/usbx/common/usbx_stm32_host_controllers/ux_hcd_stm32_power_on_port.c **** 
  82:Middlewares/ST/usbx/common/usbx_stm32_host_controllers/ux_hcd_stm32_power_on_port.c ****         /* If trace is enabled, insert this event into the trace buffer.  */
  83:Middlewares/ST/usbx/common/usbx_stm32_host_controllers/ux_hcd_stm32_power_on_port.c ****         UX_TRACE_IN_LINE_INSERT(UX_TRACE_ERROR, UX_PORT_INDEX_UNKNOWN, port_index, 0, 0, UX_TRACE_E
  84:Middlewares/ST/usbx/common/usbx_stm32_host_controllers/ux_hcd_stm32_power_on_port.c **** 
  85:Middlewares/ST/usbx/common/usbx_stm32_host_controllers/ux_hcd_stm32_power_on_port.c ****         return(UX_PORT_INDEX_UNKNOWN);
  86:Middlewares/ST/usbx/common/usbx_stm32_host_controllers/ux_hcd_stm32_power_on_port.c ****     }
  87:Middlewares/ST/usbx/common/usbx_stm32_host_controllers/ux_hcd_stm32_power_on_port.c **** 
  88:Middlewares/ST/usbx/common/usbx_stm32_host_controllers/ux_hcd_stm32_power_on_port.c ****     /* This function never fails.  */
  89:Middlewares/ST/usbx/common/usbx_stm32_host_controllers/ux_hcd_stm32_power_on_port.c ****     return(UX_SUCCESS);
  90:Middlewares/ST/usbx/common/usbx_stm32_host_controllers/ux_hcd_stm32_power_on_port.c **** }
  40              		.loc 1 90 1 view .LVU4
  41 0004 7047     		bx	lr
  42              	.L7:
  73:Middlewares/ST/usbx/common/usbx_stm32_host_controllers/ux_hcd_stm32_power_on_port.c **** 
  43              		.loc 1 73 1 view .LVU5
  44 0006 08B5     		push	{r3, lr}
  45              	.LCFI0:
  46              		.cfi_def_cfa_offset 8
  47              		.cfi_offset 3, -8
  48              		.cfi_offset 14, -4
  80:Middlewares/ST/usbx/common/usbx_stm32_host_controllers/ux_hcd_stm32_power_on_port.c **** 
  49              		.loc 1 80 9 is_stmt 1 view .LVU6
  50 0008 5622     		movs	r2, #86
  51 000a 0121     		movs	r1, #1
  52              	.LVL2:
  80:Middlewares/ST/usbx/common/usbx_stm32_host_controllers/ux_hcd_stm32_power_on_port.c **** 
  53              		.loc 1 80 9 is_stmt 0 view .LVU7
  54 000c 0220     		movs	r0, #2
  55              	.LVL3:
  80:Middlewares/ST/usbx/common/usbx_stm32_host_controllers/ux_hcd_stm32_power_on_port.c **** 
  56              		.loc 1 80 9 view .LVU8
  57 000e FFF7FEFF 		bl	_ux_system_error_handler
  58              	.LVL4:
  85:Middlewares/ST/usbx/common/usbx_stm32_host_controllers/ux_hcd_stm32_power_on_port.c ****     }
  59              		.loc 1 85 9 is_stmt 1 view .LVU9
  85:Middlewares/ST/usbx/common/usbx_stm32_host_controllers/ux_hcd_stm32_power_on_port.c ****     }
  60              		.loc 1 85 15 is_stmt 0 view .LVU10
  61 0012 5620     		movs	r0, #86
  62              		.loc 1 90 1 view .LVU11
  63 0014 08BD     		pop	{r3, pc}
  64              		.cfi_endproc
  65              	.LFE143:
  67              		.text
  68              	.Letext0:
  69              		.file 2 "c:\\gcc-arm-none-eabi\\arm-none-eabi\\include\\machine\\_default_types.h"
  70              		.file 3 "c:\\gcc-arm-none-eabi\\arm-none-eabi\\include\\sys\\_stdint.h"
  71              		.file 4 "Middlewares/ST/threadx/ports/cortex_m4/gnu/inc/tx_port.h"
  72              		.file 5 "Middlewares/ST/threadx/common/inc/tx_api.h"
  73              		.file 6 "Middlewares/ST/usbx/common/core/inc/ux_api.h"
  74              		.file 7 "Drivers/CMSIS/Device/ST/STM32L4xx/Include/stm32l4r5xx.h"
  75              		.file 8 "Drivers/STM32L4xx_HAL_Driver/Inc/stm32l4xx_hal_def.h"
  76              		.file 9 "Drivers/STM32L4xx_HAL_Driver/Inc/stm32l4xx_ll_usb.h"
  77              		.file 10 "Drivers/STM32L4xx_HAL_Driver/Inc/stm32l4xx_hal_hcd.h"
ARM GAS  C:\Users\HP\AppData\Local\Temp\ccewbEt0.s 			page 4


  78              		.file 11 "Middlewares/ST/usbx/common/usbx_stm32_host_controllers/ux_hcd_stm32.h"
  79              		.file 12 "Middlewares/ST/usbx/common/core/inc/ux_utility.h"
ARM GAS  C:\Users\HP\AppData\Local\Temp\ccewbEt0.s 			page 5


DEFINED SYMBOLS
                            *ABS*:00000000 ux_hcd_stm32_power_on_port.c
C:\Users\HP\AppData\Local\Temp\ccewbEt0.s:20     .text._ux_hcd_stm32_power_on_port:00000000 $t
C:\Users\HP\AppData\Local\Temp\ccewbEt0.s:26     .text._ux_hcd_stm32_power_on_port:00000000 _ux_hcd_stm32_power_on_port

UNDEFINED SYMBOLS
_ux_system_error_handler
