ARM GAS  C:\Users\HP\AppData\Local\Temp\ccWfwmlC.s 			page 1


   1              		.cpu cortex-m4
   2              		.arch armv7e-m
   3              		.fpu fpv4-sp-d16
   4              		.eabi_attribute 27, 1
   5              		.eabi_attribute 28, 1
   6              		.eabi_attribute 20, 1
   7              		.eabi_attribute 21, 1
   8              		.eabi_attribute 23, 3
   9              		.eabi_attribute 24, 1
  10              		.eabi_attribute 25, 1
  11              		.eabi_attribute 26, 1
  12              		.eabi_attribute 30, 1
  13              		.eabi_attribute 34, 1
  14              		.eabi_attribute 18, 4
  15              		.file	"ux_hcd_stm32_port_disable.c"
  16              		.text
  17              	.Ltext0:
  18              		.cfi_sections	.debug_frame
  19              		.section	.text._ux_hcd_stm32_port_disable,"ax",%progbits
  20              		.align	1
  21              		.global	_ux_hcd_stm32_port_disable
  22              		.syntax unified
  23              		.thumb
  24              		.thumb_func
  26              	_ux_hcd_stm32_port_disable:
  27              	.LVL0:
  28              	.LFB143:
  29              		.file 1 "Middlewares/ST/usbx/common/usbx_stm32_host_controllers/ux_hcd_stm32_port_disable.c"
   1:Middlewares/ST/usbx/common/usbx_stm32_host_controllers/ux_hcd_stm32_port_disable.c **** /**************************************************************************/
   2:Middlewares/ST/usbx/common/usbx_stm32_host_controllers/ux_hcd_stm32_port_disable.c **** /*                                                                        */
   3:Middlewares/ST/usbx/common/usbx_stm32_host_controllers/ux_hcd_stm32_port_disable.c **** /*       Copyright (c) Microsoft Corporation. All rights reserved.        */
   4:Middlewares/ST/usbx/common/usbx_stm32_host_controllers/ux_hcd_stm32_port_disable.c **** /*                                                                        */
   5:Middlewares/ST/usbx/common/usbx_stm32_host_controllers/ux_hcd_stm32_port_disable.c **** /*       This software is licensed under the Microsoft Software License   */
   6:Middlewares/ST/usbx/common/usbx_stm32_host_controllers/ux_hcd_stm32_port_disable.c **** /*       Terms for Microsoft Azure RTOS. Full text of the license can be  */
   7:Middlewares/ST/usbx/common/usbx_stm32_host_controllers/ux_hcd_stm32_port_disable.c **** /*       found in the LICENSE file at https://aka.ms/AzureRTOS_EULA       */
   8:Middlewares/ST/usbx/common/usbx_stm32_host_controllers/ux_hcd_stm32_port_disable.c **** /*       and in the root directory of this software.                      */
   9:Middlewares/ST/usbx/common/usbx_stm32_host_controllers/ux_hcd_stm32_port_disable.c **** /*                                                                        */
  10:Middlewares/ST/usbx/common/usbx_stm32_host_controllers/ux_hcd_stm32_port_disable.c **** /**************************************************************************/
  11:Middlewares/ST/usbx/common/usbx_stm32_host_controllers/ux_hcd_stm32_port_disable.c **** 
  12:Middlewares/ST/usbx/common/usbx_stm32_host_controllers/ux_hcd_stm32_port_disable.c **** 
  13:Middlewares/ST/usbx/common/usbx_stm32_host_controllers/ux_hcd_stm32_port_disable.c **** /**************************************************************************/
  14:Middlewares/ST/usbx/common/usbx_stm32_host_controllers/ux_hcd_stm32_port_disable.c **** /**************************************************************************/
  15:Middlewares/ST/usbx/common/usbx_stm32_host_controllers/ux_hcd_stm32_port_disable.c **** /**                                                                       */
  16:Middlewares/ST/usbx/common/usbx_stm32_host_controllers/ux_hcd_stm32_port_disable.c **** /** USBX Component                                                        */
  17:Middlewares/ST/usbx/common/usbx_stm32_host_controllers/ux_hcd_stm32_port_disable.c **** /**                                                                       */
  18:Middlewares/ST/usbx/common/usbx_stm32_host_controllers/ux_hcd_stm32_port_disable.c **** /**   STM32 Controller Driver                                             */
  19:Middlewares/ST/usbx/common/usbx_stm32_host_controllers/ux_hcd_stm32_port_disable.c **** /**                                                                       */
  20:Middlewares/ST/usbx/common/usbx_stm32_host_controllers/ux_hcd_stm32_port_disable.c **** /**************************************************************************/
  21:Middlewares/ST/usbx/common/usbx_stm32_host_controllers/ux_hcd_stm32_port_disable.c **** /**************************************************************************/
  22:Middlewares/ST/usbx/common/usbx_stm32_host_controllers/ux_hcd_stm32_port_disable.c **** 
  23:Middlewares/ST/usbx/common/usbx_stm32_host_controllers/ux_hcd_stm32_port_disable.c **** 
  24:Middlewares/ST/usbx/common/usbx_stm32_host_controllers/ux_hcd_stm32_port_disable.c **** /* Include necessary system files.  */
  25:Middlewares/ST/usbx/common/usbx_stm32_host_controllers/ux_hcd_stm32_port_disable.c **** 
  26:Middlewares/ST/usbx/common/usbx_stm32_host_controllers/ux_hcd_stm32_port_disable.c **** #define UX_SOURCE_CODE
  27:Middlewares/ST/usbx/common/usbx_stm32_host_controllers/ux_hcd_stm32_port_disable.c **** #define UX_HCD_STM32_SOURCE_CODE
  28:Middlewares/ST/usbx/common/usbx_stm32_host_controllers/ux_hcd_stm32_port_disable.c **** 
  29:Middlewares/ST/usbx/common/usbx_stm32_host_controllers/ux_hcd_stm32_port_disable.c **** #include "ux_api.h"
ARM GAS  C:\Users\HP\AppData\Local\Temp\ccWfwmlC.s 			page 2


  30:Middlewares/ST/usbx/common/usbx_stm32_host_controllers/ux_hcd_stm32_port_disable.c **** #include "ux_hcd_stm32.h"
  31:Middlewares/ST/usbx/common/usbx_stm32_host_controllers/ux_hcd_stm32_port_disable.c **** #include "ux_host_stack.h"
  32:Middlewares/ST/usbx/common/usbx_stm32_host_controllers/ux_hcd_stm32_port_disable.c **** 
  33:Middlewares/ST/usbx/common/usbx_stm32_host_controllers/ux_hcd_stm32_port_disable.c **** 
  34:Middlewares/ST/usbx/common/usbx_stm32_host_controllers/ux_hcd_stm32_port_disable.c **** /**************************************************************************/
  35:Middlewares/ST/usbx/common/usbx_stm32_host_controllers/ux_hcd_stm32_port_disable.c **** /*                                                                        */
  36:Middlewares/ST/usbx/common/usbx_stm32_host_controllers/ux_hcd_stm32_port_disable.c **** /*  FUNCTION                                               RELEASE        */
  37:Middlewares/ST/usbx/common/usbx_stm32_host_controllers/ux_hcd_stm32_port_disable.c **** /*                                                                        */
  38:Middlewares/ST/usbx/common/usbx_stm32_host_controllers/ux_hcd_stm32_port_disable.c **** /*    _ux_hcd_stm32_port_disable                          PORTABLE C      */
  39:Middlewares/ST/usbx/common/usbx_stm32_host_controllers/ux_hcd_stm32_port_disable.c **** /*                                                           6.0          */
  40:Middlewares/ST/usbx/common/usbx_stm32_host_controllers/ux_hcd_stm32_port_disable.c **** /*  AUTHOR                                                                */
  41:Middlewares/ST/usbx/common/usbx_stm32_host_controllers/ux_hcd_stm32_port_disable.c **** /*                                                                        */
  42:Middlewares/ST/usbx/common/usbx_stm32_host_controllers/ux_hcd_stm32_port_disable.c **** /*    Chaoqiong Xiao, Microsoft Corporation                               */
  43:Middlewares/ST/usbx/common/usbx_stm32_host_controllers/ux_hcd_stm32_port_disable.c **** /*                                                                        */
  44:Middlewares/ST/usbx/common/usbx_stm32_host_controllers/ux_hcd_stm32_port_disable.c **** /*  DESCRIPTION                                                           */
  45:Middlewares/ST/usbx/common/usbx_stm32_host_controllers/ux_hcd_stm32_port_disable.c **** /*                                                                        */
  46:Middlewares/ST/usbx/common/usbx_stm32_host_controllers/ux_hcd_stm32_port_disable.c **** /*     This function will disable a specific port attached to the root    */
  47:Middlewares/ST/usbx/common/usbx_stm32_host_controllers/ux_hcd_stm32_port_disable.c **** /*     HUB.                                                               */
  48:Middlewares/ST/usbx/common/usbx_stm32_host_controllers/ux_hcd_stm32_port_disable.c **** /*                                                                        */
  49:Middlewares/ST/usbx/common/usbx_stm32_host_controllers/ux_hcd_stm32_port_disable.c **** /*  INPUT                                                                 */
  50:Middlewares/ST/usbx/common/usbx_stm32_host_controllers/ux_hcd_stm32_port_disable.c **** /*                                                                        */
  51:Middlewares/ST/usbx/common/usbx_stm32_host_controllers/ux_hcd_stm32_port_disable.c **** /*    hcd_stm32                           Pointer to STM32 controller     */
  52:Middlewares/ST/usbx/common/usbx_stm32_host_controllers/ux_hcd_stm32_port_disable.c **** /*    port_index                          Port index                      */
  53:Middlewares/ST/usbx/common/usbx_stm32_host_controllers/ux_hcd_stm32_port_disable.c **** /*                                                                        */
  54:Middlewares/ST/usbx/common/usbx_stm32_host_controllers/ux_hcd_stm32_port_disable.c **** /*  OUTPUT                                                                */
  55:Middlewares/ST/usbx/common/usbx_stm32_host_controllers/ux_hcd_stm32_port_disable.c **** /*                                                                        */
  56:Middlewares/ST/usbx/common/usbx_stm32_host_controllers/ux_hcd_stm32_port_disable.c **** /*    Completion Status                                                   */
  57:Middlewares/ST/usbx/common/usbx_stm32_host_controllers/ux_hcd_stm32_port_disable.c **** /*                                                                        */
  58:Middlewares/ST/usbx/common/usbx_stm32_host_controllers/ux_hcd_stm32_port_disable.c **** /*  CALLS                                                                 */
  59:Middlewares/ST/usbx/common/usbx_stm32_host_controllers/ux_hcd_stm32_port_disable.c **** /*                                                                        */
  60:Middlewares/ST/usbx/common/usbx_stm32_host_controllers/ux_hcd_stm32_port_disable.c **** /*                                                                        */
  61:Middlewares/ST/usbx/common/usbx_stm32_host_controllers/ux_hcd_stm32_port_disable.c **** /*  CALLED BY                                                             */
  62:Middlewares/ST/usbx/common/usbx_stm32_host_controllers/ux_hcd_stm32_port_disable.c **** /*                                                                        */
  63:Middlewares/ST/usbx/common/usbx_stm32_host_controllers/ux_hcd_stm32_port_disable.c **** /*    STM32 Controller Driver                                             */
  64:Middlewares/ST/usbx/common/usbx_stm32_host_controllers/ux_hcd_stm32_port_disable.c **** /*                                                                        */
  65:Middlewares/ST/usbx/common/usbx_stm32_host_controllers/ux_hcd_stm32_port_disable.c **** /*  RELEASE HISTORY                                                       */
  66:Middlewares/ST/usbx/common/usbx_stm32_host_controllers/ux_hcd_stm32_port_disable.c **** /*                                                                        */
  67:Middlewares/ST/usbx/common/usbx_stm32_host_controllers/ux_hcd_stm32_port_disable.c **** /*    DATE              NAME                      DESCRIPTION             */
  68:Middlewares/ST/usbx/common/usbx_stm32_host_controllers/ux_hcd_stm32_port_disable.c **** /*                                                                        */
  69:Middlewares/ST/usbx/common/usbx_stm32_host_controllers/ux_hcd_stm32_port_disable.c **** /*  05-19-2020     Chaoqiong Xiao           Initial Version 6.0           */
  70:Middlewares/ST/usbx/common/usbx_stm32_host_controllers/ux_hcd_stm32_port_disable.c **** /*                                                                        */
  71:Middlewares/ST/usbx/common/usbx_stm32_host_controllers/ux_hcd_stm32_port_disable.c **** /**************************************************************************/
  72:Middlewares/ST/usbx/common/usbx_stm32_host_controllers/ux_hcd_stm32_port_disable.c **** UINT  _ux_hcd_stm32_port_disable(UX_HCD_STM32 *hcd_stm32, ULONG port_index)
  73:Middlewares/ST/usbx/common/usbx_stm32_host_controllers/ux_hcd_stm32_port_disable.c **** {
  30              		.loc 1 73 1 view -0
  31              		.cfi_startproc
  32              		@ args = 0, pretend = 0, frame = 0
  33              		@ frame_needed = 0, uses_anonymous_args = 0
  34              		@ link register save eliminated.
  74:Middlewares/ST/usbx/common/usbx_stm32_host_controllers/ux_hcd_stm32_port_disable.c **** 
  75:Middlewares/ST/usbx/common/usbx_stm32_host_controllers/ux_hcd_stm32_port_disable.c ****     /* Return successful completion.  */
  76:Middlewares/ST/usbx/common/usbx_stm32_host_controllers/ux_hcd_stm32_port_disable.c ****     return(UX_SUCCESS);
  35              		.loc 1 76 5 view .LVU1
  77:Middlewares/ST/usbx/common/usbx_stm32_host_controllers/ux_hcd_stm32_port_disable.c **** }
  36              		.loc 1 77 1 is_stmt 0 view .LVU2
  37 0000 0020     		movs	r0, #0
  38              	.LVL1:
ARM GAS  C:\Users\HP\AppData\Local\Temp\ccWfwmlC.s 			page 3


  39              		.loc 1 77 1 view .LVU3
  40 0002 7047     		bx	lr
  41              		.cfi_endproc
  42              	.LFE143:
  44              		.text
  45              	.Letext0:
  46              		.file 2 "c:\\gcc-arm-none-eabi\\arm-none-eabi\\include\\machine\\_default_types.h"
  47              		.file 3 "c:\\gcc-arm-none-eabi\\arm-none-eabi\\include\\sys\\_stdint.h"
  48              		.file 4 "Middlewares/ST/threadx/ports/cortex_m4/gnu/inc/tx_port.h"
  49              		.file 5 "Middlewares/ST/threadx/common/inc/tx_api.h"
  50              		.file 6 "Middlewares/ST/usbx/common/core/inc/ux_api.h"
  51              		.file 7 "Drivers/CMSIS/Device/ST/STM32L4xx/Include/stm32l4r5xx.h"
  52              		.file 8 "Drivers/STM32L4xx_HAL_Driver/Inc/stm32l4xx_hal_def.h"
  53              		.file 9 "Drivers/STM32L4xx_HAL_Driver/Inc/stm32l4xx_ll_usb.h"
  54              		.file 10 "Drivers/STM32L4xx_HAL_Driver/Inc/stm32l4xx_hal_hcd.h"
  55              		.file 11 "Middlewares/ST/usbx/common/usbx_stm32_host_controllers/ux_hcd_stm32.h"
ARM GAS  C:\Users\HP\AppData\Local\Temp\ccWfwmlC.s 			page 4


DEFINED SYMBOLS
                            *ABS*:00000000 ux_hcd_stm32_port_disable.c
C:\Users\HP\AppData\Local\Temp\ccWfwmlC.s:20     .text._ux_hcd_stm32_port_disable:00000000 $t
C:\Users\HP\AppData\Local\Temp\ccWfwmlC.s:26     .text._ux_hcd_stm32_port_disable:00000000 _ux_hcd_stm32_port_disable

NO UNDEFINED SYMBOLS
