ARM GAS  C:\Users\HP\AppData\Local\Temp\cct9L2Sc.s 			page 1


   1              		.cpu cortex-m4
   2              		.arch armv7e-m
   3              		.fpu fpv4-sp-d16
   4              		.eabi_attribute 27, 1
   5              		.eabi_attribute 28, 1
   6              		.eabi_attribute 20, 1
   7              		.eabi_attribute 21, 1
   8              		.eabi_attribute 23, 3
   9              		.eabi_attribute 24, 1
  10              		.eabi_attribute 25, 1
  11              		.eabi_attribute 26, 1
  12              		.eabi_attribute 30, 1
  13              		.eabi_attribute 34, 1
  14              		.eabi_attribute 18, 4
  15              		.file	"ux_host_class_storage_media_format_capacity_get.c"
  16              		.text
  17              	.Ltext0:
  18              		.cfi_sections	.debug_frame
  19              		.section	.text._ux_host_class_storage_media_format_capacity_get,"ax",%progbits
  20              		.align	1
  21              		.global	_ux_host_class_storage_media_format_capacity_get
  22              		.syntax unified
  23              		.thumb
  24              		.thumb_func
  26              	_ux_host_class_storage_media_format_capacity_get:
  27              	.LVL0:
  28              	.LFB11:
  29              		.file 1 "Middlewares/ST/usbx/common/usbx_host_classes/src/ux_host_class_storage_media_format_capac
   1:Middlewares/ST/usbx/common/usbx_host_classes/src/ux_host_class_storage_media_format_capacity_get.c **** /**************************************************************************/
   2:Middlewares/ST/usbx/common/usbx_host_classes/src/ux_host_class_storage_media_format_capacity_get.c **** /*                                                                        */
   3:Middlewares/ST/usbx/common/usbx_host_classes/src/ux_host_class_storage_media_format_capacity_get.c **** /*       Copyright (c) Microsoft Corporation. All rights reserved.        */
   4:Middlewares/ST/usbx/common/usbx_host_classes/src/ux_host_class_storage_media_format_capacity_get.c **** /*                                                                        */
   5:Middlewares/ST/usbx/common/usbx_host_classes/src/ux_host_class_storage_media_format_capacity_get.c **** /*       This software is licensed under the Microsoft Software License   */
   6:Middlewares/ST/usbx/common/usbx_host_classes/src/ux_host_class_storage_media_format_capacity_get.c **** /*       Terms for Microsoft Azure RTOS. Full text of the license can be  */
   7:Middlewares/ST/usbx/common/usbx_host_classes/src/ux_host_class_storage_media_format_capacity_get.c **** /*       found in the LICENSE file at https://aka.ms/AzureRTOS_EULA       */
   8:Middlewares/ST/usbx/common/usbx_host_classes/src/ux_host_class_storage_media_format_capacity_get.c **** /*       and in the root directory of this software.                      */
   9:Middlewares/ST/usbx/common/usbx_host_classes/src/ux_host_class_storage_media_format_capacity_get.c **** /*                                                                        */
  10:Middlewares/ST/usbx/common/usbx_host_classes/src/ux_host_class_storage_media_format_capacity_get.c **** /**************************************************************************/
  11:Middlewares/ST/usbx/common/usbx_host_classes/src/ux_host_class_storage_media_format_capacity_get.c **** 
  12:Middlewares/ST/usbx/common/usbx_host_classes/src/ux_host_class_storage_media_format_capacity_get.c **** 
  13:Middlewares/ST/usbx/common/usbx_host_classes/src/ux_host_class_storage_media_format_capacity_get.c **** /**************************************************************************/
  14:Middlewares/ST/usbx/common/usbx_host_classes/src/ux_host_class_storage_media_format_capacity_get.c **** /**************************************************************************/
  15:Middlewares/ST/usbx/common/usbx_host_classes/src/ux_host_class_storage_media_format_capacity_get.c **** /**                                                                       */ 
  16:Middlewares/ST/usbx/common/usbx_host_classes/src/ux_host_class_storage_media_format_capacity_get.c **** /** USBX Component                                                        */ 
  17:Middlewares/ST/usbx/common/usbx_host_classes/src/ux_host_class_storage_media_format_capacity_get.c **** /**                                                                       */
  18:Middlewares/ST/usbx/common/usbx_host_classes/src/ux_host_class_storage_media_format_capacity_get.c **** /**   Storage Class                                                       */
  19:Middlewares/ST/usbx/common/usbx_host_classes/src/ux_host_class_storage_media_format_capacity_get.c **** /**                                                                       */
  20:Middlewares/ST/usbx/common/usbx_host_classes/src/ux_host_class_storage_media_format_capacity_get.c **** /**************************************************************************/
  21:Middlewares/ST/usbx/common/usbx_host_classes/src/ux_host_class_storage_media_format_capacity_get.c **** /**************************************************************************/
  22:Middlewares/ST/usbx/common/usbx_host_classes/src/ux_host_class_storage_media_format_capacity_get.c **** 
  23:Middlewares/ST/usbx/common/usbx_host_classes/src/ux_host_class_storage_media_format_capacity_get.c **** 
  24:Middlewares/ST/usbx/common/usbx_host_classes/src/ux_host_class_storage_media_format_capacity_get.c **** /* Include necessary system files.  */
  25:Middlewares/ST/usbx/common/usbx_host_classes/src/ux_host_class_storage_media_format_capacity_get.c **** 
  26:Middlewares/ST/usbx/common/usbx_host_classes/src/ux_host_class_storage_media_format_capacity_get.c **** #define UX_SOURCE_CODE
  27:Middlewares/ST/usbx/common/usbx_host_classes/src/ux_host_class_storage_media_format_capacity_get.c **** 
  28:Middlewares/ST/usbx/common/usbx_host_classes/src/ux_host_class_storage_media_format_capacity_get.c **** #include "ux_api.h"
  29:Middlewares/ST/usbx/common/usbx_host_classes/src/ux_host_class_storage_media_format_capacity_get.c **** #include "ux_host_class_storage.h"
ARM GAS  C:\Users\HP\AppData\Local\Temp\cct9L2Sc.s 			page 2


  30:Middlewares/ST/usbx/common/usbx_host_classes/src/ux_host_class_storage_media_format_capacity_get.c **** #include "ux_host_stack.h"
  31:Middlewares/ST/usbx/common/usbx_host_classes/src/ux_host_class_storage_media_format_capacity_get.c **** 
  32:Middlewares/ST/usbx/common/usbx_host_classes/src/ux_host_class_storage_media_format_capacity_get.c **** 
  33:Middlewares/ST/usbx/common/usbx_host_classes/src/ux_host_class_storage_media_format_capacity_get.c **** /**************************************************************************/ 
  34:Middlewares/ST/usbx/common/usbx_host_classes/src/ux_host_class_storage_media_format_capacity_get.c **** /*                                                                        */ 
  35:Middlewares/ST/usbx/common/usbx_host_classes/src/ux_host_class_storage_media_format_capacity_get.c **** /*  FUNCTION                                               RELEASE        */ 
  36:Middlewares/ST/usbx/common/usbx_host_classes/src/ux_host_class_storage_media_format_capacity_get.c **** /*                                                                        */ 
  37:Middlewares/ST/usbx/common/usbx_host_classes/src/ux_host_class_storage_media_format_capacity_get.c **** /*    _ux_host_class_storage_media_format_capacity_get    PORTABLE C      */ 
  38:Middlewares/ST/usbx/common/usbx_host_classes/src/ux_host_class_storage_media_format_capacity_get.c **** /*                                                           6.1.10       */
  39:Middlewares/ST/usbx/common/usbx_host_classes/src/ux_host_class_storage_media_format_capacity_get.c **** /*  AUTHOR                                                                */
  40:Middlewares/ST/usbx/common/usbx_host_classes/src/ux_host_class_storage_media_format_capacity_get.c **** /*                                                                        */
  41:Middlewares/ST/usbx/common/usbx_host_classes/src/ux_host_class_storage_media_format_capacity_get.c **** /*    Chaoqiong Xiao, Microsoft Corporation                               */
  42:Middlewares/ST/usbx/common/usbx_host_classes/src/ux_host_class_storage_media_format_capacity_get.c **** /*                                                                        */
  43:Middlewares/ST/usbx/common/usbx_host_classes/src/ux_host_class_storage_media_format_capacity_get.c **** /*  DESCRIPTION                                                           */
  44:Middlewares/ST/usbx/common/usbx_host_classes/src/ux_host_class_storage_media_format_capacity_get.c **** /*                                                                        */ 
  45:Middlewares/ST/usbx/common/usbx_host_classes/src/ux_host_class_storage_media_format_capacity_get.c **** /*    This function will send a READ_FORMAT_CAPACITY command to the       */
  46:Middlewares/ST/usbx/common/usbx_host_classes/src/ux_host_class_storage_media_format_capacity_get.c **** /*    device. Some USB storage disk require this function for the sanity  */ 
  47:Middlewares/ST/usbx/common/usbx_host_classes/src/ux_host_class_storage_media_format_capacity_get.c **** /*    of their state machine.                                             */ 
  48:Middlewares/ST/usbx/common/usbx_host_classes/src/ux_host_class_storage_media_format_capacity_get.c **** /*                                                                        */ 
  49:Middlewares/ST/usbx/common/usbx_host_classes/src/ux_host_class_storage_media_format_capacity_get.c **** /*  INPUT                                                                 */ 
  50:Middlewares/ST/usbx/common/usbx_host_classes/src/ux_host_class_storage_media_format_capacity_get.c **** /*                                                                        */ 
  51:Middlewares/ST/usbx/common/usbx_host_classes/src/ux_host_class_storage_media_format_capacity_get.c **** /*    storage                               Pointer to storage class      */ 
  52:Middlewares/ST/usbx/common/usbx_host_classes/src/ux_host_class_storage_media_format_capacity_get.c **** /*                                                                        */ 
  53:Middlewares/ST/usbx/common/usbx_host_classes/src/ux_host_class_storage_media_format_capacity_get.c **** /*  OUTPUT                                                                */ 
  54:Middlewares/ST/usbx/common/usbx_host_classes/src/ux_host_class_storage_media_format_capacity_get.c **** /*                                                                        */ 
  55:Middlewares/ST/usbx/common/usbx_host_classes/src/ux_host_class_storage_media_format_capacity_get.c **** /*    Completion Status                                                   */ 
  56:Middlewares/ST/usbx/common/usbx_host_classes/src/ux_host_class_storage_media_format_capacity_get.c **** /*                                                                        */ 
  57:Middlewares/ST/usbx/common/usbx_host_classes/src/ux_host_class_storage_media_format_capacity_get.c **** /*  CALLS                                                                 */ 
  58:Middlewares/ST/usbx/common/usbx_host_classes/src/ux_host_class_storage_media_format_capacity_get.c **** /*                                                                        */ 
  59:Middlewares/ST/usbx/common/usbx_host_classes/src/ux_host_class_storage_media_format_capacity_get.c **** /*    _ux_host_class_storage_cbw_initialize Initialize CBW                */ 
  60:Middlewares/ST/usbx/common/usbx_host_classes/src/ux_host_class_storage_media_format_capacity_get.c **** /*    _ux_host_class_storage_transport      Send command                  */ 
  61:Middlewares/ST/usbx/common/usbx_host_classes/src/ux_host_class_storage_media_format_capacity_get.c **** /*    _ux_utility_memory_allocate           Allocate memory block         */ 
  62:Middlewares/ST/usbx/common/usbx_host_classes/src/ux_host_class_storage_media_format_capacity_get.c **** /*    _ux_utility_memory_free               Release memory block          */ 
  63:Middlewares/ST/usbx/common/usbx_host_classes/src/ux_host_class_storage_media_format_capacity_get.c **** /*    _ux_utility_short_put_big_endian      Put 32-bit big endian         */
  64:Middlewares/ST/usbx/common/usbx_host_classes/src/ux_host_class_storage_media_format_capacity_get.c **** /*                                                                        */ 
  65:Middlewares/ST/usbx/common/usbx_host_classes/src/ux_host_class_storage_media_format_capacity_get.c **** /*  CALLED BY                                                             */ 
  66:Middlewares/ST/usbx/common/usbx_host_classes/src/ux_host_class_storage_media_format_capacity_get.c **** /*                                                                        */ 
  67:Middlewares/ST/usbx/common/usbx_host_classes/src/ux_host_class_storage_media_format_capacity_get.c **** /*    Storage Class                                                       */ 
  68:Middlewares/ST/usbx/common/usbx_host_classes/src/ux_host_class_storage_media_format_capacity_get.c **** /*                                                                        */ 
  69:Middlewares/ST/usbx/common/usbx_host_classes/src/ux_host_class_storage_media_format_capacity_get.c **** /*  RELEASE HISTORY                                                       */ 
  70:Middlewares/ST/usbx/common/usbx_host_classes/src/ux_host_class_storage_media_format_capacity_get.c **** /*                                                                        */ 
  71:Middlewares/ST/usbx/common/usbx_host_classes/src/ux_host_class_storage_media_format_capacity_get.c **** /*    DATE              NAME                      DESCRIPTION             */ 
  72:Middlewares/ST/usbx/common/usbx_host_classes/src/ux_host_class_storage_media_format_capacity_get.c **** /*                                                                        */ 
  73:Middlewares/ST/usbx/common/usbx_host_classes/src/ux_host_class_storage_media_format_capacity_get.c **** /*  05-19-2020     Chaoqiong Xiao           Initial Version 6.0           */
  74:Middlewares/ST/usbx/common/usbx_host_classes/src/ux_host_class_storage_media_format_capacity_get.c **** /*  09-30-2020     Chaoqiong Xiao           Modified comment(s),          */
  75:Middlewares/ST/usbx/common/usbx_host_classes/src/ux_host_class_storage_media_format_capacity_get.c **** /*                                            resulting in version 6.1    */
  76:Middlewares/ST/usbx/common/usbx_host_classes/src/ux_host_class_storage_media_format_capacity_get.c **** /*  01-31-2022     Chaoqiong Xiao           Modified comment(s),          */
  77:Middlewares/ST/usbx/common/usbx_host_classes/src/ux_host_class_storage_media_format_capacity_get.c **** /*                                            added standalone support,   */
  78:Middlewares/ST/usbx/common/usbx_host_classes/src/ux_host_class_storage_media_format_capacity_get.c **** /*                                            resulting in version 6.1.10 */
  79:Middlewares/ST/usbx/common/usbx_host_classes/src/ux_host_class_storage_media_format_capacity_get.c **** /*                                                                        */
  80:Middlewares/ST/usbx/common/usbx_host_classes/src/ux_host_class_storage_media_format_capacity_get.c **** /**************************************************************************/
  81:Middlewares/ST/usbx/common/usbx_host_classes/src/ux_host_class_storage_media_format_capacity_get.c **** UINT  _ux_host_class_storage_media_format_capacity_get(UX_HOST_CLASS_STORAGE *storage)
  82:Middlewares/ST/usbx/common/usbx_host_classes/src/ux_host_class_storage_media_format_capacity_get.c **** {
  30              		.loc 1 82 1 view -0
  31              		.cfi_startproc
  32              		@ args = 0, pretend = 0, frame = 0
  33              		@ frame_needed = 0, uses_anonymous_args = 0
ARM GAS  C:\Users\HP\AppData\Local\Temp\cct9L2Sc.s 			page 3


  34              		.loc 1 82 1 is_stmt 0 view .LVU1
  35 0000 38B5     		push	{r3, r4, r5, lr}
  36              	.LCFI0:
  37              		.cfi_def_cfa_offset 16
  38              		.cfi_offset 3, -16
  39              		.cfi_offset 4, -12
  40              		.cfi_offset 5, -8
  41              		.cfi_offset 14, -4
  42 0002 0446     		mov	r4, r0
  83:Middlewares/ST/usbx/common/usbx_host_classes/src/ux_host_class_storage_media_format_capacity_get.c **** 
  84:Middlewares/ST/usbx/common/usbx_host_classes/src/ux_host_class_storage_media_format_capacity_get.c **** UCHAR           *cbw;
  43              		.loc 1 84 1 is_stmt 1 view .LVU2
  85:Middlewares/ST/usbx/common/usbx_host_classes/src/ux_host_class_storage_media_format_capacity_get.c **** UCHAR           *read_format_capacity_response;
  44              		.loc 1 85 1 view .LVU3
  86:Middlewares/ST/usbx/common/usbx_host_classes/src/ux_host_class_storage_media_format_capacity_get.c **** UINT            command_length;
  45              		.loc 1 86 1 view .LVU4
  87:Middlewares/ST/usbx/common/usbx_host_classes/src/ux_host_class_storage_media_format_capacity_get.c **** 
  88:Middlewares/ST/usbx/common/usbx_host_classes/src/ux_host_class_storage_media_format_capacity_get.c ****     /* If trace is enabled, insert this event into the trace buffer.  */
  89:Middlewares/ST/usbx/common/usbx_host_classes/src/ux_host_class_storage_media_format_capacity_get.c ****     UX_TRACE_IN_LINE_INSERT(UX_TRACE_HOST_CLASS_STORAGE_MEDIA_FORMAT_CAPACITY_GET, storage, 0, 0, 0
  90:Middlewares/ST/usbx/common/usbx_host_classes/src/ux_host_class_storage_media_format_capacity_get.c **** 
  91:Middlewares/ST/usbx/common/usbx_host_classes/src/ux_host_class_storage_media_format_capacity_get.c ****     /* Use a pointer for the cbw, easier to manipulate.  */
  92:Middlewares/ST/usbx/common/usbx_host_classes/src/ux_host_class_storage_media_format_capacity_get.c ****     cbw =  (UCHAR *) storage -> ux_host_class_storage_cbw;
  46              		.loc 1 92 5 view .LVU5
  47              	.LVL1:
  93:Middlewares/ST/usbx/common/usbx_host_classes/src/ux_host_class_storage_media_format_capacity_get.c **** 
  94:Middlewares/ST/usbx/common/usbx_host_classes/src/ux_host_class_storage_media_format_capacity_get.c ****     /* Get the Write Command Length.  */
  95:Middlewares/ST/usbx/common/usbx_host_classes/src/ux_host_class_storage_media_format_capacity_get.c **** #ifdef UX_HOST_CLASS_STORAGE_INCLUDE_LEGACY_PROTOCOL_SUPPORT
  96:Middlewares/ST/usbx/common/usbx_host_classes/src/ux_host_class_storage_media_format_capacity_get.c ****     if (storage -> ux_host_class_storage_interface -> ux_interface_descriptor.bInterfaceSubClass ==
  97:Middlewares/ST/usbx/common/usbx_host_classes/src/ux_host_class_storage_media_format_capacity_get.c ****         command_length =  UX_HOST_CLASS_STORAGE_READ_FORMAT_COMMAND_LENGTH_UFI;
  98:Middlewares/ST/usbx/common/usbx_host_classes/src/ux_host_class_storage_media_format_capacity_get.c ****     else
  99:Middlewares/ST/usbx/common/usbx_host_classes/src/ux_host_class_storage_media_format_capacity_get.c ****         command_length =  UX_HOST_CLASS_STORAGE_READ_FORMAT_COMMAND_LENGTH_SBC;
 100:Middlewares/ST/usbx/common/usbx_host_classes/src/ux_host_class_storage_media_format_capacity_get.c **** #else
 101:Middlewares/ST/usbx/common/usbx_host_classes/src/ux_host_class_storage_media_format_capacity_get.c ****     command_length =  UX_HOST_CLASS_STORAGE_READ_FORMAT_COMMAND_LENGTH_SBC;
  48              		.loc 1 101 5 view .LVU6
 102:Middlewares/ST/usbx/common/usbx_host_classes/src/ux_host_class_storage_media_format_capacity_get.c **** #endif
 103:Middlewares/ST/usbx/common/usbx_host_classes/src/ux_host_class_storage_media_format_capacity_get.c **** 
 104:Middlewares/ST/usbx/common/usbx_host_classes/src/ux_host_class_storage_media_format_capacity_get.c ****     /* Initialize the CBW for this command.  */
 105:Middlewares/ST/usbx/common/usbx_host_classes/src/ux_host_class_storage_media_format_capacity_get.c ****     _ux_host_class_storage_cbw_initialize(storage, UX_HOST_CLASS_STORAGE_DATA_IN, UX_HOST_CLASS_STO
  49              		.loc 1 105 5 view .LVU7
  50 0004 0A23     		movs	r3, #10
  51 0006 FC22     		movs	r2, #252
  52 0008 8021     		movs	r1, #128
  53 000a FFF7FEFF 		bl	_ux_host_class_storage_cbw_initialize
  54              	.LVL2:
 106:Middlewares/ST/usbx/common/usbx_host_classes/src/ux_host_class_storage_media_format_capacity_get.c ****     
 107:Middlewares/ST/usbx/common/usbx_host_classes/src/ux_host_class_storage_media_format_capacity_get.c ****     /* Prepare the READ FORMAT CAPACITY command block.  */
 108:Middlewares/ST/usbx/common/usbx_host_classes/src/ux_host_class_storage_media_format_capacity_get.c ****     *(cbw + UX_HOST_CLASS_STORAGE_CBW_CB + UX_HOST_CLASS_STORAGE_READ_FORMAT_OPERATION) =  UX_HOST_
  55              		.loc 1 108 5 view .LVU8
  56              		.loc 1 108 89 is_stmt 0 view .LVU9
  57 000e 2323     		movs	r3, #35
  58 0010 84F82B30 		strb	r3, [r4, #43]
 109:Middlewares/ST/usbx/common/usbx_host_classes/src/ux_host_class_storage_media_format_capacity_get.c ****     
 110:Middlewares/ST/usbx/common/usbx_host_classes/src/ux_host_class_storage_media_format_capacity_get.c ****     /* Store the number of sectors to read.  */
 111:Middlewares/ST/usbx/common/usbx_host_classes/src/ux_host_class_storage_media_format_capacity_get.c ****     _ux_utility_short_put_big_endian(cbw + UX_HOST_CLASS_STORAGE_CBW_CB + UX_HOST_CLASS_STORAGE_REA
  59              		.loc 1 111 5 is_stmt 1 view .LVU10
  60 0014 FC21     		movs	r1, #252
  61 0016 04F13200 		add	r0, r4, #50
ARM GAS  C:\Users\HP\AppData\Local\Temp\cct9L2Sc.s 			page 4


  62 001a FFF7FEFF 		bl	_ux_utility_short_put_big_endian
  63              	.LVL3:
 112:Middlewares/ST/usbx/common/usbx_host_classes/src/ux_host_class_storage_media_format_capacity_get.c **** 
 113:Middlewares/ST/usbx/common/usbx_host_classes/src/ux_host_class_storage_media_format_capacity_get.c ****     /* Obtain a block of memory for the answer.  */
 114:Middlewares/ST/usbx/common/usbx_host_classes/src/ux_host_class_storage_media_format_capacity_get.c ****     read_format_capacity_response =  _ux_utility_memory_allocate(UX_SAFE_ALIGN, UX_CACHE_SAFE_MEMOR
  64              		.loc 1 114 5 view .LVU11
  65              		.loc 1 114 38 is_stmt 0 view .LVU12
  66 001e FC22     		movs	r2, #252
  67 0020 0121     		movs	r1, #1
  68 0022 4FF0FF30 		mov	r0, #-1
  69 0026 FFF7FEFF 		bl	_ux_utility_memory_allocate
  70              	.LVL4:
 115:Middlewares/ST/usbx/common/usbx_host_classes/src/ux_host_class_storage_media_format_capacity_get.c ****     if (read_format_capacity_response == UX_NULL)
  71              		.loc 1 115 5 is_stmt 1 view .LVU13
  72              		.loc 1 115 8 is_stmt 0 view .LVU14
  73 002a 48B1     		cbz	r0, .L3
  74 002c 0546     		mov	r5, r0
 116:Middlewares/ST/usbx/common/usbx_host_classes/src/ux_host_class_storage_media_format_capacity_get.c ****         return(UX_MEMORY_INSUFFICIENT);
 117:Middlewares/ST/usbx/common/usbx_host_classes/src/ux_host_class_storage_media_format_capacity_get.c **** 
 118:Middlewares/ST/usbx/common/usbx_host_classes/src/ux_host_class_storage_media_format_capacity_get.c **** #if defined(UX_HOST_STANDALONE)
 119:Middlewares/ST/usbx/common/usbx_host_classes/src/ux_host_class_storage_media_format_capacity_get.c **** 
 120:Middlewares/ST/usbx/common/usbx_host_classes/src/ux_host_class_storage_media_format_capacity_get.c ****     /* Initialize main states for GetFormatCapacity().  */
 121:Middlewares/ST/usbx/common/usbx_host_classes/src/ux_host_class_storage_media_format_capacity_get.c ****     UX_HOST_CLASS_STORAGE_TRANS_STATE_RESET(storage);
 122:Middlewares/ST/usbx/common/usbx_host_classes/src/ux_host_class_storage_media_format_capacity_get.c ****     storage -> ux_host_class_storage_memory = read_format_capacity_response;
 123:Middlewares/ST/usbx/common/usbx_host_classes/src/ux_host_class_storage_media_format_capacity_get.c ****     storage -> ux_host_class_storage_state_state = UX_HOST_CLASS_STORAGE_STATE_TRANSPORT;
 124:Middlewares/ST/usbx/common/usbx_host_classes/src/ux_host_class_storage_media_format_capacity_get.c ****     storage -> ux_host_class_storage_state_next = UX_HOST_CLASS_STORAGE_STATE_FORMAT_CAP_SAVE;
 125:Middlewares/ST/usbx/common/usbx_host_classes/src/ux_host_class_storage_media_format_capacity_get.c ****     storage -> ux_host_class_storage_trans_data = read_format_capacity_response;
 126:Middlewares/ST/usbx/common/usbx_host_classes/src/ux_host_class_storage_media_format_capacity_get.c ****     return(UX_SUCCESS);
 127:Middlewares/ST/usbx/common/usbx_host_classes/src/ux_host_class_storage_media_format_capacity_get.c **** #else
 128:Middlewares/ST/usbx/common/usbx_host_classes/src/ux_host_class_storage_media_format_capacity_get.c **** 
 129:Middlewares/ST/usbx/common/usbx_host_classes/src/ux_host_class_storage_media_format_capacity_get.c ****     /* Send the command to transport layer.  */
 130:Middlewares/ST/usbx/common/usbx_host_classes/src/ux_host_class_storage_media_format_capacity_get.c ****     _ux_host_class_storage_transport(storage, read_format_capacity_response);
  75              		.loc 1 130 5 is_stmt 1 view .LVU15
  76 002e 0146     		mov	r1, r0
  77 0030 2046     		mov	r0, r4
  78              	.LVL5:
  79              		.loc 1 130 5 is_stmt 0 view .LVU16
  80 0032 FFF7FEFF 		bl	_ux_host_class_storage_transport
  81              	.LVL6:
 131:Middlewares/ST/usbx/common/usbx_host_classes/src/ux_host_class_storage_media_format_capacity_get.c **** 
 132:Middlewares/ST/usbx/common/usbx_host_classes/src/ux_host_class_storage_media_format_capacity_get.c ****     /* Free the memory resource used for the command response.  */
 133:Middlewares/ST/usbx/common/usbx_host_classes/src/ux_host_class_storage_media_format_capacity_get.c ****     _ux_utility_memory_free(read_format_capacity_response);
  82              		.loc 1 133 5 is_stmt 1 view .LVU17
  83 0036 2846     		mov	r0, r5
  84 0038 FFF7FEFF 		bl	_ux_utility_memory_free
  85              	.LVL7:
 134:Middlewares/ST/usbx/common/usbx_host_classes/src/ux_host_class_storage_media_format_capacity_get.c **** 
 135:Middlewares/ST/usbx/common/usbx_host_classes/src/ux_host_class_storage_media_format_capacity_get.c ****     /* If we have a transport error, there is not much we can do, we do not fail.  */
 136:Middlewares/ST/usbx/common/usbx_host_classes/src/ux_host_class_storage_media_format_capacity_get.c ****     return(UX_SUCCESS);                                            
  86              		.loc 1 136 5 view .LVU18
  87              		.loc 1 136 11 is_stmt 0 view .LVU19
  88 003c 0020     		movs	r0, #0
  89              	.LVL8:
  90              	.L1:
 137:Middlewares/ST/usbx/common/usbx_host_classes/src/ux_host_class_storage_media_format_capacity_get.c **** #endif
 138:Middlewares/ST/usbx/common/usbx_host_classes/src/ux_host_class_storage_media_format_capacity_get.c **** }
  91              		.loc 1 138 1 view .LVU20
ARM GAS  C:\Users\HP\AppData\Local\Temp\cct9L2Sc.s 			page 5


  92 003e 38BD     		pop	{r3, r4, r5, pc}
  93              	.LVL9:
  94              	.L3:
 116:Middlewares/ST/usbx/common/usbx_host_classes/src/ux_host_class_storage_media_format_capacity_get.c **** 
  95              		.loc 1 116 15 view .LVU21
  96 0040 1220     		movs	r0, #18
  97              	.LVL10:
 116:Middlewares/ST/usbx/common/usbx_host_classes/src/ux_host_class_storage_media_format_capacity_get.c **** 
  98              		.loc 1 116 15 view .LVU22
  99 0042 FCE7     		b	.L1
 100              		.cfi_endproc
 101              	.LFE11:
 103              		.text
 104              	.Letext0:
 105              		.file 2 "Middlewares/ST/threadx/ports/cortex_m4/gnu/inc/tx_port.h"
 106              		.file 3 "Middlewares/ST/threadx/common/inc/tx_api.h"
 107              		.file 4 "Middlewares/ST/usbx/common/core/inc/ux_api.h"
 108              		.file 5 "Middlewares/ST/usbx/common/usbx_host_classes/inc/ux_host_class_storage.h"
 109              		.file 6 "Middlewares/ST/usbx/common/core/inc/ux_utility.h"
ARM GAS  C:\Users\HP\AppData\Local\Temp\cct9L2Sc.s 			page 6


DEFINED SYMBOLS
                            *ABS*:00000000 ux_host_class_storage_media_format_capacity_get.c
C:\Users\HP\AppData\Local\Temp\cct9L2Sc.s:20     .text._ux_host_class_storage_media_format_capacity_get:00000000 $t
C:\Users\HP\AppData\Local\Temp\cct9L2Sc.s:26     .text._ux_host_class_storage_media_format_capacity_get:00000000 _ux_host_class_storage_media_format_capacity_get

UNDEFINED SYMBOLS
_ux_host_class_storage_cbw_initialize
_ux_utility_short_put_big_endian
_ux_utility_memory_allocate
_ux_host_class_storage_transport
_ux_utility_memory_free
