ARM GAS  C:\Users\HP\AppData\Local\Temp\ccaJiRik.s 			page 1


   1              		.cpu cortex-m4
   2              		.arch armv7e-m
   3              		.fpu fpv4-sp-d16
   4              		.eabi_attribute 27, 1
   5              		.eabi_attribute 28, 1
   6              		.eabi_attribute 20, 1
   7              		.eabi_attribute 21, 1
   8              		.eabi_attribute 23, 3
   9              		.eabi_attribute 24, 1
  10              		.eabi_attribute 25, 1
  11              		.eabi_attribute 26, 1
  12              		.eabi_attribute 30, 1
  13              		.eabi_attribute 34, 1
  14              		.eabi_attribute 18, 4
  15              		.file	"ux_hcd_stm32_request_trans_finish.c"
  16              		.text
  17              	.Ltext0:
  18              		.cfi_sections	.debug_frame
  19              		.section	.text._ux_hcd_stm32_request_trans_finish,"ax",%progbits
  20              		.align	1
  21              		.global	_ux_hcd_stm32_request_trans_finish
  22              		.syntax unified
  23              		.thumb
  24              		.thumb_func
  26              	_ux_hcd_stm32_request_trans_finish:
  27              	.LVL0:
  28              	.LFB143:
  29              		.file 1 "Middlewares/ST/usbx/common/usbx_stm32_host_controllers/ux_hcd_stm32_request_trans_finish.
   1:Middlewares/ST/usbx/common/usbx_stm32_host_controllers/ux_hcd_stm32_request_trans_finish.c **** /**************************************************************************/
   2:Middlewares/ST/usbx/common/usbx_stm32_host_controllers/ux_hcd_stm32_request_trans_finish.c **** /*                                                                        */
   3:Middlewares/ST/usbx/common/usbx_stm32_host_controllers/ux_hcd_stm32_request_trans_finish.c **** /*       Copyright (c) Microsoft Corporation. All rights reserved.        */
   4:Middlewares/ST/usbx/common/usbx_stm32_host_controllers/ux_hcd_stm32_request_trans_finish.c **** /*                                                                        */
   5:Middlewares/ST/usbx/common/usbx_stm32_host_controllers/ux_hcd_stm32_request_trans_finish.c **** /*       This software is licensed under the Microsoft Software License   */
   6:Middlewares/ST/usbx/common/usbx_stm32_host_controllers/ux_hcd_stm32_request_trans_finish.c **** /*       Terms for Microsoft Azure RTOS. Full text of the license can be  */
   7:Middlewares/ST/usbx/common/usbx_stm32_host_controllers/ux_hcd_stm32_request_trans_finish.c **** /*       found in the LICENSE file at https://aka.ms/AzureRTOS_EULA       */
   8:Middlewares/ST/usbx/common/usbx_stm32_host_controllers/ux_hcd_stm32_request_trans_finish.c **** /*       and in the root directory of this software.                      */
   9:Middlewares/ST/usbx/common/usbx_stm32_host_controllers/ux_hcd_stm32_request_trans_finish.c **** /*                                                                        */
  10:Middlewares/ST/usbx/common/usbx_stm32_host_controllers/ux_hcd_stm32_request_trans_finish.c **** /**************************************************************************/
  11:Middlewares/ST/usbx/common/usbx_stm32_host_controllers/ux_hcd_stm32_request_trans_finish.c **** 
  12:Middlewares/ST/usbx/common/usbx_stm32_host_controllers/ux_hcd_stm32_request_trans_finish.c **** 
  13:Middlewares/ST/usbx/common/usbx_stm32_host_controllers/ux_hcd_stm32_request_trans_finish.c **** /**************************************************************************/
  14:Middlewares/ST/usbx/common/usbx_stm32_host_controllers/ux_hcd_stm32_request_trans_finish.c **** /**************************************************************************/
  15:Middlewares/ST/usbx/common/usbx_stm32_host_controllers/ux_hcd_stm32_request_trans_finish.c **** /**                                                                       */
  16:Middlewares/ST/usbx/common/usbx_stm32_host_controllers/ux_hcd_stm32_request_trans_finish.c **** /** USBX Component                                                        */
  17:Middlewares/ST/usbx/common/usbx_stm32_host_controllers/ux_hcd_stm32_request_trans_finish.c **** /**                                                                       */
  18:Middlewares/ST/usbx/common/usbx_stm32_host_controllers/ux_hcd_stm32_request_trans_finish.c **** /**   STM32 Controller Driver                                             */
  19:Middlewares/ST/usbx/common/usbx_stm32_host_controllers/ux_hcd_stm32_request_trans_finish.c **** /**                                                                       */
  20:Middlewares/ST/usbx/common/usbx_stm32_host_controllers/ux_hcd_stm32_request_trans_finish.c **** /**************************************************************************/
  21:Middlewares/ST/usbx/common/usbx_stm32_host_controllers/ux_hcd_stm32_request_trans_finish.c **** /**************************************************************************/
  22:Middlewares/ST/usbx/common/usbx_stm32_host_controllers/ux_hcd_stm32_request_trans_finish.c **** 
  23:Middlewares/ST/usbx/common/usbx_stm32_host_controllers/ux_hcd_stm32_request_trans_finish.c **** 
  24:Middlewares/ST/usbx/common/usbx_stm32_host_controllers/ux_hcd_stm32_request_trans_finish.c **** /* Include necessary system files.  */
  25:Middlewares/ST/usbx/common/usbx_stm32_host_controllers/ux_hcd_stm32_request_trans_finish.c **** 
  26:Middlewares/ST/usbx/common/usbx_stm32_host_controllers/ux_hcd_stm32_request_trans_finish.c **** #define UX_SOURCE_CODE
  27:Middlewares/ST/usbx/common/usbx_stm32_host_controllers/ux_hcd_stm32_request_trans_finish.c **** #define UX_HCD_STM32_SOURCE_CODE
  28:Middlewares/ST/usbx/common/usbx_stm32_host_controllers/ux_hcd_stm32_request_trans_finish.c **** 
  29:Middlewares/ST/usbx/common/usbx_stm32_host_controllers/ux_hcd_stm32_request_trans_finish.c **** #include "ux_api.h"
ARM GAS  C:\Users\HP\AppData\Local\Temp\ccaJiRik.s 			page 2


  30:Middlewares/ST/usbx/common/usbx_stm32_host_controllers/ux_hcd_stm32_request_trans_finish.c **** #include "ux_hcd_stm32.h"
  31:Middlewares/ST/usbx/common/usbx_stm32_host_controllers/ux_hcd_stm32_request_trans_finish.c **** #include "ux_host_stack.h"
  32:Middlewares/ST/usbx/common/usbx_stm32_host_controllers/ux_hcd_stm32_request_trans_finish.c **** 
  33:Middlewares/ST/usbx/common/usbx_stm32_host_controllers/ux_hcd_stm32_request_trans_finish.c **** 
  34:Middlewares/ST/usbx/common/usbx_stm32_host_controllers/ux_hcd_stm32_request_trans_finish.c **** 
  35:Middlewares/ST/usbx/common/usbx_stm32_host_controllers/ux_hcd_stm32_request_trans_finish.c **** /**************************************************************************/
  36:Middlewares/ST/usbx/common/usbx_stm32_host_controllers/ux_hcd_stm32_request_trans_finish.c **** /*                                                                        */
  37:Middlewares/ST/usbx/common/usbx_stm32_host_controllers/ux_hcd_stm32_request_trans_finish.c **** /*  FUNCTION                                               RELEASE        */
  38:Middlewares/ST/usbx/common/usbx_stm32_host_controllers/ux_hcd_stm32_request_trans_finish.c **** /*                                                                        */
  39:Middlewares/ST/usbx/common/usbx_stm32_host_controllers/ux_hcd_stm32_request_trans_finish.c **** /*    _ux_hcd_stm32_request_trans_finish                  PORTABLE C      */
  40:Middlewares/ST/usbx/common/usbx_stm32_host_controllers/ux_hcd_stm32_request_trans_finish.c **** /*                                                           6.1.12       */
  41:Middlewares/ST/usbx/common/usbx_stm32_host_controllers/ux_hcd_stm32_request_trans_finish.c **** /*  AUTHOR                                                                */
  42:Middlewares/ST/usbx/common/usbx_stm32_host_controllers/ux_hcd_stm32_request_trans_finish.c **** /*                                                                        */
  43:Middlewares/ST/usbx/common/usbx_stm32_host_controllers/ux_hcd_stm32_request_trans_finish.c **** /*    Chaoqiong Xiao, Microsoft Corporation                               */
  44:Middlewares/ST/usbx/common/usbx_stm32_host_controllers/ux_hcd_stm32_request_trans_finish.c **** /*                                                                        */
  45:Middlewares/ST/usbx/common/usbx_stm32_host_controllers/ux_hcd_stm32_request_trans_finish.c **** /*  DESCRIPTION                                                           */
  46:Middlewares/ST/usbx/common/usbx_stm32_host_controllers/ux_hcd_stm32_request_trans_finish.c **** /*                                                                        */
  47:Middlewares/ST/usbx/common/usbx_stm32_host_controllers/ux_hcd_stm32_request_trans_finish.c **** /*     Finish current on going data transactions.                         */
  48:Middlewares/ST/usbx/common/usbx_stm32_host_controllers/ux_hcd_stm32_request_trans_finish.c **** /*                                                                        */
  49:Middlewares/ST/usbx/common/usbx_stm32_host_controllers/ux_hcd_stm32_request_trans_finish.c **** /*  INPUT                                                                 */
  50:Middlewares/ST/usbx/common/usbx_stm32_host_controllers/ux_hcd_stm32_request_trans_finish.c **** /*                                                                        */
  51:Middlewares/ST/usbx/common/usbx_stm32_host_controllers/ux_hcd_stm32_request_trans_finish.c **** /*    hcd_stm32                             Pointer to STM32 controller   */
  52:Middlewares/ST/usbx/common/usbx_stm32_host_controllers/ux_hcd_stm32_request_trans_finish.c **** /*    ed                                    Pointer to STM32 ED           */
  53:Middlewares/ST/usbx/common/usbx_stm32_host_controllers/ux_hcd_stm32_request_trans_finish.c **** /*    transfer                              Pointer to transfer request   */
  54:Middlewares/ST/usbx/common/usbx_stm32_host_controllers/ux_hcd_stm32_request_trans_finish.c **** /*                                                                        */
  55:Middlewares/ST/usbx/common/usbx_stm32_host_controllers/ux_hcd_stm32_request_trans_finish.c **** /*  OUTPUT                                                                */
  56:Middlewares/ST/usbx/common/usbx_stm32_host_controllers/ux_hcd_stm32_request_trans_finish.c **** /*                                                                        */
  57:Middlewares/ST/usbx/common/usbx_stm32_host_controllers/ux_hcd_stm32_request_trans_finish.c **** /*    Completion Status                                                   */
  58:Middlewares/ST/usbx/common/usbx_stm32_host_controllers/ux_hcd_stm32_request_trans_finish.c **** /*                                                                        */
  59:Middlewares/ST/usbx/common/usbx_stm32_host_controllers/ux_hcd_stm32_request_trans_finish.c **** /*  CALLS                                                                 */
  60:Middlewares/ST/usbx/common/usbx_stm32_host_controllers/ux_hcd_stm32_request_trans_finish.c **** /*                                                                        */
  61:Middlewares/ST/usbx/common/usbx_stm32_host_controllers/ux_hcd_stm32_request_trans_finish.c **** /*    _ux_utility_memory_free               Free memory                   */
  62:Middlewares/ST/usbx/common/usbx_stm32_host_controllers/ux_hcd_stm32_request_trans_finish.c **** /*                                                                        */
  63:Middlewares/ST/usbx/common/usbx_stm32_host_controllers/ux_hcd_stm32_request_trans_finish.c **** /*  CALLED BY                                                             */
  64:Middlewares/ST/usbx/common/usbx_stm32_host_controllers/ux_hcd_stm32_request_trans_finish.c **** /*                                                                        */
  65:Middlewares/ST/usbx/common/usbx_stm32_host_controllers/ux_hcd_stm32_request_trans_finish.c **** /*    STM32 Controller Driver                                             */
  66:Middlewares/ST/usbx/common/usbx_stm32_host_controllers/ux_hcd_stm32_request_trans_finish.c **** /*                                                                        */
  67:Middlewares/ST/usbx/common/usbx_stm32_host_controllers/ux_hcd_stm32_request_trans_finish.c **** /*  RELEASE HISTORY                                                       */
  68:Middlewares/ST/usbx/common/usbx_stm32_host_controllers/ux_hcd_stm32_request_trans_finish.c **** /*                                                                        */
  69:Middlewares/ST/usbx/common/usbx_stm32_host_controllers/ux_hcd_stm32_request_trans_finish.c **** /*    DATE              NAME                      DESCRIPTION             */
  70:Middlewares/ST/usbx/common/usbx_stm32_host_controllers/ux_hcd_stm32_request_trans_finish.c **** /*                                                                        */
  71:Middlewares/ST/usbx/common/usbx_stm32_host_controllers/ux_hcd_stm32_request_trans_finish.c **** /*  07-29-2022     Chaoqiong Xiao           Initial Version 6.1.12        */
  72:Middlewares/ST/usbx/common/usbx_stm32_host_controllers/ux_hcd_stm32_request_trans_finish.c **** /*                                                                        */
  73:Middlewares/ST/usbx/common/usbx_stm32_host_controllers/ux_hcd_stm32_request_trans_finish.c **** /**************************************************************************/
  74:Middlewares/ST/usbx/common/usbx_stm32_host_controllers/ux_hcd_stm32_request_trans_finish.c **** VOID  _ux_hcd_stm32_request_trans_finish(UX_HCD_STM32 *hcd_stm32, UX_HCD_STM32_ED *ed)
  75:Middlewares/ST/usbx/common/usbx_stm32_host_controllers/ux_hcd_stm32_request_trans_finish.c **** {
  30              		.loc 1 75 1 view -0
  31              		.cfi_startproc
  32              		@ args = 0, pretend = 0, frame = 0
  33              		@ frame_needed = 0, uses_anonymous_args = 0
  76:Middlewares/ST/usbx/common/usbx_stm32_host_controllers/ux_hcd_stm32_request_trans_finish.c **** UX_TRANSFER *transfer = ed -> ux_stm32_ed_transfer_request;
  34              		.loc 1 76 1 view .LVU1
  35              		.loc 1 76 14 is_stmt 0 view .LVU2
  36 0000 8B68     		ldr	r3, [r1, #8]
  37              	.LVL1:
  77:Middlewares/ST/usbx/common/usbx_stm32_host_controllers/ux_hcd_stm32_request_trans_finish.c **** 
  78:Middlewares/ST/usbx/common/usbx_stm32_host_controllers/ux_hcd_stm32_request_trans_finish.c ****     /* If there is no transfer, it's OK.  */
ARM GAS  C:\Users\HP\AppData\Local\Temp\ccaJiRik.s 			page 3


  79:Middlewares/ST/usbx/common/usbx_stm32_host_controllers/ux_hcd_stm32_request_trans_finish.c ****     if (transfer == UX_NULL)
  38              		.loc 1 79 5 is_stmt 1 view .LVU3
  39              		.loc 1 79 8 is_stmt 0 view .LVU4
  40 0002 9BB1     		cbz	r3, .L5
  75:Middlewares/ST/usbx/common/usbx_stm32_host_controllers/ux_hcd_stm32_request_trans_finish.c **** UX_TRANSFER *transfer = ed -> ux_stm32_ed_transfer_request;
  41              		.loc 1 75 1 view .LVU5
  42 0004 10B5     		push	{r4, lr}
  43              	.LCFI0:
  44              		.cfi_def_cfa_offset 8
  45              		.cfi_offset 4, -8
  46              		.cfi_offset 14, -4
  47 0006 0C46     		mov	r4, r1
  80:Middlewares/ST/usbx/common/usbx_stm32_host_controllers/ux_hcd_stm32_request_trans_finish.c ****         return;
  81:Middlewares/ST/usbx/common/usbx_stm32_host_controllers/ux_hcd_stm32_request_trans_finish.c **** 
  82:Middlewares/ST/usbx/common/usbx_stm32_host_controllers/ux_hcd_stm32_request_trans_finish.c ****     /* If there is no data, it's OK.  */
  83:Middlewares/ST/usbx/common/usbx_stm32_host_controllers/ux_hcd_stm32_request_trans_finish.c ****     if (ed -> ux_stm32_ed_data == UX_NULL)
  48              		.loc 1 83 5 is_stmt 1 view .LVU6
  49              		.loc 1 83 12 is_stmt 0 view .LVU7
  50 0008 0969     		ldr	r1, [r1, #16]
  51              	.LVL2:
  52              		.loc 1 83 8 view .LVU8
  53 000a 51B1     		cbz	r1, .L1
  84:Middlewares/ST/usbx/common/usbx_stm32_host_controllers/ux_hcd_stm32_request_trans_finish.c ****         return;
  85:Middlewares/ST/usbx/common/usbx_stm32_host_controllers/ux_hcd_stm32_request_trans_finish.c **** 
  86:Middlewares/ST/usbx/common/usbx_stm32_host_controllers/ux_hcd_stm32_request_trans_finish.c ****     /* If the data is aligned, it's OK.  */
  87:Middlewares/ST/usbx/common/usbx_stm32_host_controllers/ux_hcd_stm32_request_trans_finish.c ****     if (ed -> ux_stm32_ed_data == transfer -> ux_transfer_request_data_pointer)
  54              		.loc 1 87 5 is_stmt 1 view .LVU9
  55              		.loc 1 87 44 is_stmt 0 view .LVU10
  56 000c 9868     		ldr	r0, [r3, #8]
  57              	.LVL3:
  58              		.loc 1 87 8 view .LVU11
  59 000e 8142     		cmp	r1, r0
  60 0010 07D0     		beq	.L1
  88:Middlewares/ST/usbx/common/usbx_stm32_host_controllers/ux_hcd_stm32_request_trans_finish.c ****         return;
  89:Middlewares/ST/usbx/common/usbx_stm32_host_controllers/ux_hcd_stm32_request_trans_finish.c **** 
  90:Middlewares/ST/usbx/common/usbx_stm32_host_controllers/ux_hcd_stm32_request_trans_finish.c ****     /* If the data is IN, copy it.  */
  91:Middlewares/ST/usbx/common/usbx_stm32_host_controllers/ux_hcd_stm32_request_trans_finish.c ****     if (ed -> ux_stm32_ed_dir)
  61              		.loc 1 91 5 is_stmt 1 view .LVU12
  62              		.loc 1 91 12 is_stmt 0 view .LVU13
  63 0012 94F82A20 		ldrb	r2, [r4, #42]	@ zero_extendqisi2
  64              		.loc 1 91 8 view .LVU14
  65 0016 2AB9     		cbnz	r2, .L8
  66              	.LVL4:
  67              	.L3:
  92:Middlewares/ST/usbx/common/usbx_stm32_host_controllers/ux_hcd_stm32_request_trans_finish.c ****     {
  93:Middlewares/ST/usbx/common/usbx_stm32_host_controllers/ux_hcd_stm32_request_trans_finish.c ****         _ux_utility_memory_copy(transfer -> ux_transfer_request_data_pointer,
  94:Middlewares/ST/usbx/common/usbx_stm32_host_controllers/ux_hcd_stm32_request_trans_finish.c ****                                 ed -> ux_stm32_ed_data,
  95:Middlewares/ST/usbx/common/usbx_stm32_host_controllers/ux_hcd_stm32_request_trans_finish.c ****                                 transfer -> ux_transfer_request_actual_length);
  96:Middlewares/ST/usbx/common/usbx_stm32_host_controllers/ux_hcd_stm32_request_trans_finish.c ****     }
  97:Middlewares/ST/usbx/common/usbx_stm32_host_controllers/ux_hcd_stm32_request_trans_finish.c **** 
  98:Middlewares/ST/usbx/common/usbx_stm32_host_controllers/ux_hcd_stm32_request_trans_finish.c ****     /* Free the aligned memory.  */
  99:Middlewares/ST/usbx/common/usbx_stm32_host_controllers/ux_hcd_stm32_request_trans_finish.c ****     _ux_utility_memory_free(ed -> ux_stm32_ed_data);
  68              		.loc 1 99 5 is_stmt 1 view .LVU15
  69 0018 2069     		ldr	r0, [r4, #16]
  70 001a FFF7FEFF 		bl	_ux_utility_memory_free
  71              	.LVL5:
 100:Middlewares/ST/usbx/common/usbx_stm32_host_controllers/ux_hcd_stm32_request_trans_finish.c ****     ed -> ux_stm32_ed_data = UX_NULL;
ARM GAS  C:\Users\HP\AppData\Local\Temp\ccaJiRik.s 			page 4


  72              		.loc 1 100 5 view .LVU16
  73              		.loc 1 100 28 is_stmt 0 view .LVU17
  74 001e 0023     		movs	r3, #0
  75 0020 2361     		str	r3, [r4, #16]
  76              	.L1:
 101:Middlewares/ST/usbx/common/usbx_stm32_host_controllers/ux_hcd_stm32_request_trans_finish.c **** }
  77              		.loc 1 101 1 view .LVU18
  78 0022 10BD     		pop	{r4, pc}
  79              	.LVL6:
  80              	.L8:
  93:Middlewares/ST/usbx/common/usbx_stm32_host_controllers/ux_hcd_stm32_request_trans_finish.c ****                                 ed -> ux_stm32_ed_data,
  81              		.loc 1 93 9 is_stmt 1 view .LVU19
  82 0024 1A69     		ldr	r2, [r3, #16]
  83 0026 FFF7FEFF 		bl	_ux_utility_memory_copy
  84              	.LVL7:
  93:Middlewares/ST/usbx/common/usbx_stm32_host_controllers/ux_hcd_stm32_request_trans_finish.c ****                                 ed -> ux_stm32_ed_data,
  85              		.loc 1 93 9 is_stmt 0 view .LVU20
  86 002a F5E7     		b	.L3
  87              	.LVL8:
  88              	.L5:
  89              	.LCFI1:
  90              		.cfi_def_cfa_offset 0
  91              		.cfi_restore 4
  92              		.cfi_restore 14
  93:Middlewares/ST/usbx/common/usbx_stm32_host_controllers/ux_hcd_stm32_request_trans_finish.c ****                                 ed -> ux_stm32_ed_data,
  93              		.loc 1 93 9 view .LVU21
  94 002c 7047     		bx	lr
  95              		.cfi_endproc
  96              	.LFE143:
  98              		.text
  99              	.Letext0:
 100              		.file 2 "c:\\gcc-arm-none-eabi\\arm-none-eabi\\include\\machine\\_default_types.h"
 101              		.file 3 "c:\\gcc-arm-none-eabi\\arm-none-eabi\\include\\sys\\_stdint.h"
 102              		.file 4 "Middlewares/ST/threadx/ports/cortex_m4/gnu/inc/tx_port.h"
 103              		.file 5 "Middlewares/ST/threadx/common/inc/tx_api.h"
 104              		.file 6 "Middlewares/ST/usbx/common/core/inc/ux_api.h"
 105              		.file 7 "Drivers/CMSIS/Device/ST/STM32L4xx/Include/stm32l4r5xx.h"
 106              		.file 8 "Drivers/STM32L4xx_HAL_Driver/Inc/stm32l4xx_hal_def.h"
 107              		.file 9 "Drivers/STM32L4xx_HAL_Driver/Inc/stm32l4xx_ll_usb.h"
 108              		.file 10 "Drivers/STM32L4xx_HAL_Driver/Inc/stm32l4xx_hal_hcd.h"
 109              		.file 11 "Middlewares/ST/usbx/common/usbx_stm32_host_controllers/ux_hcd_stm32.h"
 110              		.file 12 "Middlewares/ST/usbx/common/core/inc/ux_utility.h"
ARM GAS  C:\Users\HP\AppData\Local\Temp\ccaJiRik.s 			page 5


DEFINED SYMBOLS
                            *ABS*:00000000 ux_hcd_stm32_request_trans_finish.c
C:\Users\HP\AppData\Local\Temp\ccaJiRik.s:20     .text._ux_hcd_stm32_request_trans_finish:00000000 $t
C:\Users\HP\AppData\Local\Temp\ccaJiRik.s:26     .text._ux_hcd_stm32_request_trans_finish:00000000 _ux_hcd_stm32_request_trans_finish

UNDEFINED SYMBOLS
_ux_utility_memory_free
_ux_utility_memory_copy
