ARM GAS  C:\Users\HP\AppData\Local\Temp\ccwDefEZ.s 			page 1


   1              		.cpu cortex-m4
   2              		.arch armv7e-m
   3              		.fpu fpv4-sp-d16
   4              		.eabi_attribute 27, 1
   5              		.eabi_attribute 28, 1
   6              		.eabi_attribute 20, 1
   7              		.eabi_attribute 21, 1
   8              		.eabi_attribute 23, 3
   9              		.eabi_attribute 24, 1
  10              		.eabi_attribute 25, 1
  11              		.eabi_attribute 26, 1
  12              		.eabi_attribute 30, 1
  13              		.eabi_attribute 34, 1
  14              		.eabi_attribute 18, 4
  15              		.file	"ux_host_stack_new_interface_create.c"
  16              		.text
  17              	.Ltext0:
  18              		.cfi_sections	.debug_frame
  19              		.section	.text._ux_host_stack_new_interface_create,"ax",%progbits
  20              		.align	1
  21              		.global	_ux_host_stack_new_interface_create
  22              		.syntax unified
  23              		.thumb
  24              		.thumb_func
  26              	_ux_host_stack_new_interface_create:
  27              	.LVL0:
  28              	.LFB11:
  29              		.file 1 "Middlewares/ST/usbx/common/core/src/ux_host_stack_new_interface_create.c"
   1:Middlewares/ST/usbx/common/core/src/ux_host_stack_new_interface_create.c **** /**************************************************************************/
   2:Middlewares/ST/usbx/common/core/src/ux_host_stack_new_interface_create.c **** /*                                                                        */
   3:Middlewares/ST/usbx/common/core/src/ux_host_stack_new_interface_create.c **** /*       Copyright (c) Microsoft Corporation. All rights reserved.        */
   4:Middlewares/ST/usbx/common/core/src/ux_host_stack_new_interface_create.c **** /*                                                                        */
   5:Middlewares/ST/usbx/common/core/src/ux_host_stack_new_interface_create.c **** /*       This software is licensed under the Microsoft Software License   */
   6:Middlewares/ST/usbx/common/core/src/ux_host_stack_new_interface_create.c **** /*       Terms for Microsoft Azure RTOS. Full text of the license can be  */
   7:Middlewares/ST/usbx/common/core/src/ux_host_stack_new_interface_create.c **** /*       found in the LICENSE file at https://aka.ms/AzureRTOS_EULA       */
   8:Middlewares/ST/usbx/common/core/src/ux_host_stack_new_interface_create.c **** /*       and in the root directory of this software.                      */
   9:Middlewares/ST/usbx/common/core/src/ux_host_stack_new_interface_create.c **** /*                                                                        */
  10:Middlewares/ST/usbx/common/core/src/ux_host_stack_new_interface_create.c **** /**************************************************************************/
  11:Middlewares/ST/usbx/common/core/src/ux_host_stack_new_interface_create.c **** 
  12:Middlewares/ST/usbx/common/core/src/ux_host_stack_new_interface_create.c **** 
  13:Middlewares/ST/usbx/common/core/src/ux_host_stack_new_interface_create.c **** /**************************************************************************/
  14:Middlewares/ST/usbx/common/core/src/ux_host_stack_new_interface_create.c **** /**************************************************************************/
  15:Middlewares/ST/usbx/common/core/src/ux_host_stack_new_interface_create.c **** /**                                                                       */ 
  16:Middlewares/ST/usbx/common/core/src/ux_host_stack_new_interface_create.c **** /** USBX Component                                                        */ 
  17:Middlewares/ST/usbx/common/core/src/ux_host_stack_new_interface_create.c **** /**                                                                       */
  18:Middlewares/ST/usbx/common/core/src/ux_host_stack_new_interface_create.c **** /**   Host Stack                                                          */
  19:Middlewares/ST/usbx/common/core/src/ux_host_stack_new_interface_create.c **** /**                                                                       */
  20:Middlewares/ST/usbx/common/core/src/ux_host_stack_new_interface_create.c **** /**************************************************************************/
  21:Middlewares/ST/usbx/common/core/src/ux_host_stack_new_interface_create.c **** /**************************************************************************/
  22:Middlewares/ST/usbx/common/core/src/ux_host_stack_new_interface_create.c **** 
  23:Middlewares/ST/usbx/common/core/src/ux_host_stack_new_interface_create.c **** 
  24:Middlewares/ST/usbx/common/core/src/ux_host_stack_new_interface_create.c **** /* Include necessary system files.  */
  25:Middlewares/ST/usbx/common/core/src/ux_host_stack_new_interface_create.c **** 
  26:Middlewares/ST/usbx/common/core/src/ux_host_stack_new_interface_create.c **** #define UX_SOURCE_CODE
  27:Middlewares/ST/usbx/common/core/src/ux_host_stack_new_interface_create.c **** 
  28:Middlewares/ST/usbx/common/core/src/ux_host_stack_new_interface_create.c **** #include "ux_api.h"
  29:Middlewares/ST/usbx/common/core/src/ux_host_stack_new_interface_create.c **** #include "ux_host_stack.h"
ARM GAS  C:\Users\HP\AppData\Local\Temp\ccwDefEZ.s 			page 2


  30:Middlewares/ST/usbx/common/core/src/ux_host_stack_new_interface_create.c **** 
  31:Middlewares/ST/usbx/common/core/src/ux_host_stack_new_interface_create.c **** 
  32:Middlewares/ST/usbx/common/core/src/ux_host_stack_new_interface_create.c **** /**************************************************************************/ 
  33:Middlewares/ST/usbx/common/core/src/ux_host_stack_new_interface_create.c **** /*                                                                        */ 
  34:Middlewares/ST/usbx/common/core/src/ux_host_stack_new_interface_create.c **** /*  FUNCTION                                               RELEASE        */ 
  35:Middlewares/ST/usbx/common/core/src/ux_host_stack_new_interface_create.c **** /*                                                                        */ 
  36:Middlewares/ST/usbx/common/core/src/ux_host_stack_new_interface_create.c **** /*    _ux_host_stack_new_interface_create                 PORTABLE C      */ 
  37:Middlewares/ST/usbx/common/core/src/ux_host_stack_new_interface_create.c **** /*                                                           6.1.12       */
  38:Middlewares/ST/usbx/common/core/src/ux_host_stack_new_interface_create.c **** /*  AUTHOR                                                                */
  39:Middlewares/ST/usbx/common/core/src/ux_host_stack_new_interface_create.c **** /*                                                                        */
  40:Middlewares/ST/usbx/common/core/src/ux_host_stack_new_interface_create.c **** /*    Chaoqiong Xiao, Microsoft Corporation                               */
  41:Middlewares/ST/usbx/common/core/src/ux_host_stack_new_interface_create.c **** /*                                                                        */
  42:Middlewares/ST/usbx/common/core/src/ux_host_stack_new_interface_create.c **** /*  DESCRIPTION                                                           */
  43:Middlewares/ST/usbx/common/core/src/ux_host_stack_new_interface_create.c **** /*                                                                        */ 
  44:Middlewares/ST/usbx/common/core/src/ux_host_stack_new_interface_create.c **** /*    This function creates a new interface for the current configuration */
  45:Middlewares/ST/usbx/common/core/src/ux_host_stack_new_interface_create.c **** /*    scanned. A device has at least 1 alternate setting per interface    */ 
  46:Middlewares/ST/usbx/common/core/src/ux_host_stack_new_interface_create.c **** /*    which is the default one.                                           */
  47:Middlewares/ST/usbx/common/core/src/ux_host_stack_new_interface_create.c **** /*                                                                        */
  48:Middlewares/ST/usbx/common/core/src/ux_host_stack_new_interface_create.c **** /*    The interface is hooked to the configuration that owns it.          */
  49:Middlewares/ST/usbx/common/core/src/ux_host_stack_new_interface_create.c **** /*                                                                        */
  50:Middlewares/ST/usbx/common/core/src/ux_host_stack_new_interface_create.c **** /*    From the interface descriptor, all the endpoints are hooked but     */
  51:Middlewares/ST/usbx/common/core/src/ux_host_stack_new_interface_create.c **** /*    not activated.                                                      */ 
  52:Middlewares/ST/usbx/common/core/src/ux_host_stack_new_interface_create.c **** /*                                                                        */ 
  53:Middlewares/ST/usbx/common/core/src/ux_host_stack_new_interface_create.c **** /*  INPUT                                                                 */ 
  54:Middlewares/ST/usbx/common/core/src/ux_host_stack_new_interface_create.c **** /*                                                                        */ 
  55:Middlewares/ST/usbx/common/core/src/ux_host_stack_new_interface_create.c **** /*    configuration                         Configuration container that  */ 
  56:Middlewares/ST/usbx/common/core/src/ux_host_stack_new_interface_create.c **** /*                                            owns this interface         */
  57:Middlewares/ST/usbx/common/core/src/ux_host_stack_new_interface_create.c **** /*    interface_pointer                     Pointer to a unparsed         */ 
  58:Middlewares/ST/usbx/common/core/src/ux_host_stack_new_interface_create.c **** /*                                            interface descriptor        */
  59:Middlewares/ST/usbx/common/core/src/ux_host_stack_new_interface_create.c **** /*    length                                Length remaining in this      */ 
  60:Middlewares/ST/usbx/common/core/src/ux_host_stack_new_interface_create.c **** /*                                            descriptor                  */
  61:Middlewares/ST/usbx/common/core/src/ux_host_stack_new_interface_create.c **** /*                                                                        */ 
  62:Middlewares/ST/usbx/common/core/src/ux_host_stack_new_interface_create.c **** /*  OUTPUT                                                                */ 
  63:Middlewares/ST/usbx/common/core/src/ux_host_stack_new_interface_create.c **** /*                                                                        */ 
  64:Middlewares/ST/usbx/common/core/src/ux_host_stack_new_interface_create.c **** /*    Completion Status                                                   */ 
  65:Middlewares/ST/usbx/common/core/src/ux_host_stack_new_interface_create.c **** /*                                                                        */ 
  66:Middlewares/ST/usbx/common/core/src/ux_host_stack_new_interface_create.c **** /*  CALLS                                                                 */ 
  67:Middlewares/ST/usbx/common/core/src/ux_host_stack_new_interface_create.c **** /*                                                                        */ 
  68:Middlewares/ST/usbx/common/core/src/ux_host_stack_new_interface_create.c **** /*    _ux_host_stack_new_endpoint_create    Create new endpoint           */ 
  69:Middlewares/ST/usbx/common/core/src/ux_host_stack_new_interface_create.c **** /*    _ux_utility_descriptor_parse          Parse the descriptor          */ 
  70:Middlewares/ST/usbx/common/core/src/ux_host_stack_new_interface_create.c **** /*    _ux_utility_memory_allocate           Allocate memory block         */ 
  71:Middlewares/ST/usbx/common/core/src/ux_host_stack_new_interface_create.c **** /*                                                                        */ 
  72:Middlewares/ST/usbx/common/core/src/ux_host_stack_new_interface_create.c **** /*  CALLED BY                                                             */ 
  73:Middlewares/ST/usbx/common/core/src/ux_host_stack_new_interface_create.c **** /*                                                                        */ 
  74:Middlewares/ST/usbx/common/core/src/ux_host_stack_new_interface_create.c **** /*    USBX Components                                                     */ 
  75:Middlewares/ST/usbx/common/core/src/ux_host_stack_new_interface_create.c **** /*                                                                        */ 
  76:Middlewares/ST/usbx/common/core/src/ux_host_stack_new_interface_create.c **** /*  RELEASE HISTORY                                                       */ 
  77:Middlewares/ST/usbx/common/core/src/ux_host_stack_new_interface_create.c **** /*                                                                        */ 
  78:Middlewares/ST/usbx/common/core/src/ux_host_stack_new_interface_create.c **** /*    DATE              NAME                      DESCRIPTION             */ 
  79:Middlewares/ST/usbx/common/core/src/ux_host_stack_new_interface_create.c **** /*                                                                        */ 
  80:Middlewares/ST/usbx/common/core/src/ux_host_stack_new_interface_create.c **** /*  05-19-2020     Chaoqiong Xiao           Initial Version 6.0           */
  81:Middlewares/ST/usbx/common/core/src/ux_host_stack_new_interface_create.c **** /*  09-30-2020     Chaoqiong Xiao           Modified comment(s),          */
  82:Middlewares/ST/usbx/common/core/src/ux_host_stack_new_interface_create.c **** /*                                            resulting in version 6.1    */
  83:Middlewares/ST/usbx/common/core/src/ux_host_stack_new_interface_create.c **** /*  07-29-2022     Chaoqiong Xiao           Modified comment(s),          */
  84:Middlewares/ST/usbx/common/core/src/ux_host_stack_new_interface_create.c **** /*                                            fixed parameter/variable    */
  85:Middlewares/ST/usbx/common/core/src/ux_host_stack_new_interface_create.c **** /*                                            names conflict C++ keyword, */
  86:Middlewares/ST/usbx/common/core/src/ux_host_stack_new_interface_create.c **** /*                                            resulting in version 6.1.12 */
ARM GAS  C:\Users\HP\AppData\Local\Temp\ccwDefEZ.s 			page 3


  87:Middlewares/ST/usbx/common/core/src/ux_host_stack_new_interface_create.c **** /*                                                                        */
  88:Middlewares/ST/usbx/common/core/src/ux_host_stack_new_interface_create.c **** /**************************************************************************/
  89:Middlewares/ST/usbx/common/core/src/ux_host_stack_new_interface_create.c **** UINT  _ux_host_stack_new_interface_create(UX_CONFIGURATION *configuration,
  90:Middlewares/ST/usbx/common/core/src/ux_host_stack_new_interface_create.c ****                                             UCHAR * descriptor, ULONG length)
  91:Middlewares/ST/usbx/common/core/src/ux_host_stack_new_interface_create.c **** {
  30              		.loc 1 91 1 view -0
  31              		.cfi_startproc
  32              		@ args = 0, pretend = 0, frame = 0
  33              		@ frame_needed = 0, uses_anonymous_args = 0
  34              		.loc 1 91 1 is_stmt 0 view .LVU1
  35 0000 2DE9F047 		push	{r4, r5, r6, r7, r8, r9, r10, lr}
  36              	.LCFI0:
  37              		.cfi_def_cfa_offset 32
  38              		.cfi_offset 4, -32
  39              		.cfi_offset 5, -28
  40              		.cfi_offset 6, -24
  41              		.cfi_offset 7, -20
  42              		.cfi_offset 8, -16
  43              		.cfi_offset 9, -12
  44              		.cfi_offset 10, -8
  45              		.cfi_offset 14, -4
  46 0004 0446     		mov	r4, r0
  47 0006 8A46     		mov	r10, r1
  48 0008 1646     		mov	r6, r2
  92:Middlewares/ST/usbx/common/core/src/ux_host_stack_new_interface_create.c **** 
  93:Middlewares/ST/usbx/common/core/src/ux_host_stack_new_interface_create.c **** UX_INTERFACE        *list_interface;
  49              		.loc 1 93 1 is_stmt 1 view .LVU2
  94:Middlewares/ST/usbx/common/core/src/ux_host_stack_new_interface_create.c **** UX_INTERFACE        *interface_ptr;
  50              		.loc 1 94 1 view .LVU3
  95:Middlewares/ST/usbx/common/core/src/ux_host_stack_new_interface_create.c **** UINT                number_endpoints;
  51              		.loc 1 95 1 view .LVU4
  96:Middlewares/ST/usbx/common/core/src/ux_host_stack_new_interface_create.c **** UINT                descriptor_length;
  52              		.loc 1 96 1 view .LVU5
  97:Middlewares/ST/usbx/common/core/src/ux_host_stack_new_interface_create.c **** UINT                descriptor_type;
  53              		.loc 1 97 1 view .LVU6
  98:Middlewares/ST/usbx/common/core/src/ux_host_stack_new_interface_create.c **** UINT                status;
  54              		.loc 1 98 1 view .LVU7
  99:Middlewares/ST/usbx/common/core/src/ux_host_stack_new_interface_create.c **** UCHAR               *this_interface_descriptor;
  55              		.loc 1 99 1 view .LVU8
 100:Middlewares/ST/usbx/common/core/src/ux_host_stack_new_interface_create.c **** 
 101:Middlewares/ST/usbx/common/core/src/ux_host_stack_new_interface_create.c ****     /* Obtain memory for storing this new interface.  */
 102:Middlewares/ST/usbx/common/core/src/ux_host_stack_new_interface_create.c ****     interface_ptr =  (UX_INTERFACE *) _ux_utility_memory_allocate(UX_NO_ALIGN, UX_REGULAR_MEMORY, s
  56              		.loc 1 102 5 view .LVU9
  57              		.loc 1 102 39 is_stmt 0 view .LVU10
  58 000a 5022     		movs	r2, #80
  59              	.LVL1:
  60              		.loc 1 102 39 view .LVU11
  61 000c 0021     		movs	r1, #0
  62              	.LVL2:
  63              		.loc 1 102 39 view .LVU12
  64 000e 0846     		mov	r0, r1
  65              	.LVL3:
  66              		.loc 1 102 39 view .LVU13
  67 0010 FFF7FEFF 		bl	_ux_utility_memory_allocate
  68              	.LVL4:
 103:Middlewares/ST/usbx/common/core/src/ux_host_stack_new_interface_create.c ****     
 104:Middlewares/ST/usbx/common/core/src/ux_host_stack_new_interface_create.c ****     /* If no memory left, exit with error.  */        
ARM GAS  C:\Users\HP\AppData\Local\Temp\ccwDefEZ.s 			page 4


 105:Middlewares/ST/usbx/common/core/src/ux_host_stack_new_interface_create.c ****     if (interface_ptr == UX_NULL)
  69              		.loc 1 105 5 is_stmt 1 view .LVU14
  70              		.loc 1 105 8 is_stmt 0 view .LVU15
  71 0014 0028     		cmp	r0, #0
  72 0016 4ED0     		beq	.L11
  73 0018 8146     		mov	r9, r0
 106:Middlewares/ST/usbx/common/core/src/ux_host_stack_new_interface_create.c ****         return(UX_MEMORY_INSUFFICIENT);
 107:Middlewares/ST/usbx/common/core/src/ux_host_stack_new_interface_create.c **** 
 108:Middlewares/ST/usbx/common/core/src/ux_host_stack_new_interface_create.c ****     /* Save the interface handle in the container, this is for ensuring the
 109:Middlewares/ST/usbx/common/core/src/ux_host_stack_new_interface_create.c ****        interface container is not corrupted.  */
 110:Middlewares/ST/usbx/common/core/src/ux_host_stack_new_interface_create.c ****     interface_ptr -> ux_interface_handle =  (ULONG) (ALIGN_TYPE) interface_ptr;
  74              		.loc 1 110 5 is_stmt 1 view .LVU16
  75              		.loc 1 110 42 is_stmt 0 view .LVU17
  76 001a 0060     		str	r0, [r0]
 111:Middlewares/ST/usbx/common/core/src/ux_host_stack_new_interface_create.c **** 
 112:Middlewares/ST/usbx/common/core/src/ux_host_stack_new_interface_create.c ****     /* Parse the interface descriptor and make it machine independent.  */
 113:Middlewares/ST/usbx/common/core/src/ux_host_stack_new_interface_create.c ****     _ux_utility_descriptor_parse(descriptor,
  77              		.loc 1 113 5 is_stmt 1 view .LVU18
  78 001c 00F10C03 		add	r3, r0, #12
  79 0020 0922     		movs	r2, #9
  80 0022 2849     		ldr	r1, .L18
  81 0024 5046     		mov	r0, r10
  82              	.LVL5:
  83              		.loc 1 113 5 is_stmt 0 view .LVU19
  84 0026 FFF7FEFF 		bl	_ux_utility_descriptor_parse
  85              	.LVL6:
 114:Middlewares/ST/usbx/common/core/src/ux_host_stack_new_interface_create.c ****                             _ux_system_interface_descriptor_structure,
 115:Middlewares/ST/usbx/common/core/src/ux_host_stack_new_interface_create.c ****                             UX_INTERFACE_DESCRIPTOR_ENTRIES,
 116:Middlewares/ST/usbx/common/core/src/ux_host_stack_new_interface_create.c ****                             (UCHAR *) &interface_ptr -> ux_interface_descriptor);
 117:Middlewares/ST/usbx/common/core/src/ux_host_stack_new_interface_create.c **** 
 118:Middlewares/ST/usbx/common/core/src/ux_host_stack_new_interface_create.c ****     /* The configuration that owns this interface is memorized in the 
 119:Middlewares/ST/usbx/common/core/src/ux_host_stack_new_interface_create.c ****        interface container itself, easier for back chaining.  */
 120:Middlewares/ST/usbx/common/core/src/ux_host_stack_new_interface_create.c ****     interface_ptr -> ux_interface_configuration =  configuration;
  86              		.loc 1 120 5 is_stmt 1 view .LVU20
  87              		.loc 1 120 49 is_stmt 0 view .LVU21
  88 002a C9F84040 		str	r4, [r9, #64]
 121:Middlewares/ST/usbx/common/core/src/ux_host_stack_new_interface_create.c ****     
 122:Middlewares/ST/usbx/common/core/src/ux_host_stack_new_interface_create.c ****     /* If the interface belongs to an IAD, remember the IAD Class/SubClass/Protocol.  */
 123:Middlewares/ST/usbx/common/core/src/ux_host_stack_new_interface_create.c ****     interface_ptr -> ux_interface_iad_class    = configuration -> ux_configuration_iad_class;
  89              		.loc 1 123 5 is_stmt 1 view .LVU22
  90              		.loc 1 123 64 is_stmt 0 view .LVU23
  91 002e A36B     		ldr	r3, [r4, #56]
  92              		.loc 1 123 48 view .LVU24
  93 0030 C9F84430 		str	r3, [r9, #68]
 124:Middlewares/ST/usbx/common/core/src/ux_host_stack_new_interface_create.c ****     interface_ptr -> ux_interface_iad_subclass = configuration -> ux_configuration_iad_subclass;
  94              		.loc 1 124 5 is_stmt 1 view .LVU25
  95              		.loc 1 124 64 is_stmt 0 view .LVU26
  96 0034 E36B     		ldr	r3, [r4, #60]
  97              		.loc 1 124 48 view .LVU27
  98 0036 C9F84830 		str	r3, [r9, #72]
 125:Middlewares/ST/usbx/common/core/src/ux_host_stack_new_interface_create.c ****     interface_ptr -> ux_interface_iad_protocol = configuration -> ux_configuration_iad_protocol;
  99              		.loc 1 125 5 is_stmt 1 view .LVU28
 100              		.loc 1 125 64 is_stmt 0 view .LVU29
 101 003a 236C     		ldr	r3, [r4, #64]
 102              		.loc 1 125 48 view .LVU30
 103 003c C9F84C30 		str	r3, [r9, #76]
 126:Middlewares/ST/usbx/common/core/src/ux_host_stack_new_interface_create.c **** 
ARM GAS  C:\Users\HP\AppData\Local\Temp\ccwDefEZ.s 			page 5


 127:Middlewares/ST/usbx/common/core/src/ux_host_stack_new_interface_create.c ****     /* There is 2 cases for the creation of the interface descriptor 
 128:Middlewares/ST/usbx/common/core/src/ux_host_stack_new_interface_create.c ****        if this is the first one, the interface descriptor is hooked
 129:Middlewares/ST/usbx/common/core/src/ux_host_stack_new_interface_create.c ****        to the configuration. If it is not the first one, the interface 
 130:Middlewares/ST/usbx/common/core/src/ux_host_stack_new_interface_create.c ****        is hooked to the end of the chain of interfaces.  */
 131:Middlewares/ST/usbx/common/core/src/ux_host_stack_new_interface_create.c ****     if (configuration -> ux_configuration_first_interface == UX_NULL)
 104              		.loc 1 131 5 is_stmt 1 view .LVU31
 105              		.loc 1 131 23 is_stmt 0 view .LVU32
 106 0040 E36A     		ldr	r3, [r4, #44]
 107              		.loc 1 131 8 view .LVU33
 108 0042 4BB1     		cbz	r3, .L15
 109              	.L3:
 110              	.LVL7:
 132:Middlewares/ST/usbx/common/core/src/ux_host_stack_new_interface_create.c ****     {
 133:Middlewares/ST/usbx/common/core/src/ux_host_stack_new_interface_create.c ****         configuration -> ux_configuration_first_interface =  interface_ptr;
 134:Middlewares/ST/usbx/common/core/src/ux_host_stack_new_interface_create.c ****     }
 135:Middlewares/ST/usbx/common/core/src/ux_host_stack_new_interface_create.c ****     else
 136:Middlewares/ST/usbx/common/core/src/ux_host_stack_new_interface_create.c ****     {
 137:Middlewares/ST/usbx/common/core/src/ux_host_stack_new_interface_create.c ****     
 138:Middlewares/ST/usbx/common/core/src/ux_host_stack_new_interface_create.c ****         list_interface =  configuration -> ux_configuration_first_interface;
 139:Middlewares/ST/usbx/common/core/src/ux_host_stack_new_interface_create.c ****         
 140:Middlewares/ST/usbx/common/core/src/ux_host_stack_new_interface_create.c ****         /* Traverse the list until we reach the end */
 141:Middlewares/ST/usbx/common/core/src/ux_host_stack_new_interface_create.c ****         while (list_interface -> ux_interface_next_interface != UX_NULL)
 111              		.loc 1 141 15 is_stmt 1 view .LVU34
 112 0044 1A46     		mov	r2, r3
 113              		.loc 1 141 31 is_stmt 0 view .LVU35
 114 0046 DB6B     		ldr	r3, [r3, #60]
 115              	.LVL8:
 116              		.loc 1 141 15 view .LVU36
 117 0048 002B     		cmp	r3, #0
 118 004a FBD1     		bne	.L3
 142:Middlewares/ST/usbx/common/core/src/ux_host_stack_new_interface_create.c ****         {
 143:Middlewares/ST/usbx/common/core/src/ux_host_stack_new_interface_create.c **** 
 144:Middlewares/ST/usbx/common/core/src/ux_host_stack_new_interface_create.c ****             list_interface =  list_interface -> ux_interface_next_interface;
 145:Middlewares/ST/usbx/common/core/src/ux_host_stack_new_interface_create.c ****         }
 146:Middlewares/ST/usbx/common/core/src/ux_host_stack_new_interface_create.c **** 
 147:Middlewares/ST/usbx/common/core/src/ux_host_stack_new_interface_create.c ****         /* Hook the interface.  */
 148:Middlewares/ST/usbx/common/core/src/ux_host_stack_new_interface_create.c ****         list_interface -> ux_interface_next_interface =  interface_ptr;
 119              		.loc 1 148 9 is_stmt 1 view .LVU37
 120              		.loc 1 148 55 is_stmt 0 view .LVU38
 121 004c C2F83C90 		str	r9, [r2, #60]
 122              	.LVL9:
 123              	.L4:
 149:Middlewares/ST/usbx/common/core/src/ux_host_stack_new_interface_create.c ****     }
 150:Middlewares/ST/usbx/common/core/src/ux_host_stack_new_interface_create.c **** 
 151:Middlewares/ST/usbx/common/core/src/ux_host_stack_new_interface_create.c ****     /* Traverse the interface in search of all endpoints that belong to it.
 152:Middlewares/ST/usbx/common/core/src/ux_host_stack_new_interface_create.c ****        We need the length remaining in the descriptor and the number of endpoints
 153:Middlewares/ST/usbx/common/core/src/ux_host_stack_new_interface_create.c ****        reported for this interface.  */
 154:Middlewares/ST/usbx/common/core/src/ux_host_stack_new_interface_create.c ****     number_endpoints =  interface_ptr -> ux_interface_descriptor.bNumEndpoints;
 124              		.loc 1 154 5 is_stmt 1 view .LVU39
 125              		.loc 1 154 22 is_stmt 0 view .LVU40
 126 0050 D9F81C80 		ldr	r8, [r9, #28]
 127              	.LVL10:
 155:Middlewares/ST/usbx/common/core/src/ux_host_stack_new_interface_create.c **** 
 156:Middlewares/ST/usbx/common/core/src/ux_host_stack_new_interface_create.c ****     this_interface_descriptor = descriptor;
 128              		.loc 1 156 5 is_stmt 1 view .LVU41
 157:Middlewares/ST/usbx/common/core/src/ux_host_stack_new_interface_create.c **** 
 158:Middlewares/ST/usbx/common/core/src/ux_host_stack_new_interface_create.c ****     while (length && (number_endpoints != 0))
ARM GAS  C:\Users\HP\AppData\Local\Temp\ccwDefEZ.s 			page 6


 129              		.loc 1 158 5 view .LVU42
 130              		.loc 1 158 11 is_stmt 0 view .LVU43
 131 0054 5546     		mov	r5, r10
 132 0056 14E0     		b	.L5
 133              	.LVL11:
 134              	.L15:
 133:Middlewares/ST/usbx/common/core/src/ux_host_stack_new_interface_create.c ****     }
 135              		.loc 1 133 9 is_stmt 1 view .LVU44
 133:Middlewares/ST/usbx/common/core/src/ux_host_stack_new_interface_create.c ****     }
 136              		.loc 1 133 59 is_stmt 0 view .LVU45
 137 0058 C4F82C90 		str	r9, [r4, #44]
 138 005c F8E7     		b	.L4
 139              	.LVL12:
 140              	.L16:
 159:Middlewares/ST/usbx/common/core/src/ux_host_stack_new_interface_create.c ****     {
 160:Middlewares/ST/usbx/common/core/src/ux_host_stack_new_interface_create.c **** 
 161:Middlewares/ST/usbx/common/core/src/ux_host_stack_new_interface_create.c ****         /* Gather the length and type of the descriptor.  */
 162:Middlewares/ST/usbx/common/core/src/ux_host_stack_new_interface_create.c ****         descriptor_length =  *descriptor;
 163:Middlewares/ST/usbx/common/core/src/ux_host_stack_new_interface_create.c ****         descriptor_type =    *(descriptor+1);
 164:Middlewares/ST/usbx/common/core/src/ux_host_stack_new_interface_create.c **** 
 165:Middlewares/ST/usbx/common/core/src/ux_host_stack_new_interface_create.c ****         /* make sure this descriptor has at least the minimum length.  */
 166:Middlewares/ST/usbx/common/core/src/ux_host_stack_new_interface_create.c ****         if (descriptor_length < 3)
 167:Middlewares/ST/usbx/common/core/src/ux_host_stack_new_interface_create.c ****         {
 168:Middlewares/ST/usbx/common/core/src/ux_host_stack_new_interface_create.c **** 
 169:Middlewares/ST/usbx/common/core/src/ux_host_stack_new_interface_create.c ****             /* Error trap. */
 170:Middlewares/ST/usbx/common/core/src/ux_host_stack_new_interface_create.c ****             _ux_system_error_handler(UX_SYSTEM_LEVEL_THREAD, UX_SYSTEM_CONTEXT_ENUMERATOR, UX_DESCR
 141              		.loc 1 170 13 is_stmt 1 view .LVU46
 142 005e 4222     		movs	r2, #66
 143 0060 0421     		movs	r1, #4
 144 0062 0220     		movs	r0, #2
 145 0064 FFF7FEFF 		bl	_ux_system_error_handler
 146              	.LVL13:
 171:Middlewares/ST/usbx/common/core/src/ux_host_stack_new_interface_create.c **** 
 172:Middlewares/ST/usbx/common/core/src/ux_host_stack_new_interface_create.c ****             /* If trace is enabled, insert this event into the trace buffer.  */
 173:Middlewares/ST/usbx/common/core/src/ux_host_stack_new_interface_create.c ****             UX_TRACE_IN_LINE_INSERT(UX_TRACE_ERROR, UX_DESCRIPTOR_CORRUPTED, descriptor, 0, 0, UX_T
 174:Middlewares/ST/usbx/common/core/src/ux_host_stack_new_interface_create.c **** 
 175:Middlewares/ST/usbx/common/core/src/ux_host_stack_new_interface_create.c ****             return(UX_DESCRIPTOR_CORRUPTED);
 147              		.loc 1 175 13 view .LVU47
 148              		.loc 1 175 19 is_stmt 0 view .LVU48
 149 0068 4FF04208 		mov	r8, #66
 150              	.LVL14:
 151              		.loc 1 175 19 view .LVU49
 152 006c 20E0     		b	.L1
 153              	.LVL15:
 154              	.L17:
 176:Middlewares/ST/usbx/common/core/src/ux_host_stack_new_interface_create.c ****         }            
 177:Middlewares/ST/usbx/common/core/src/ux_host_stack_new_interface_create.c **** 
 178:Middlewares/ST/usbx/common/core/src/ux_host_stack_new_interface_create.c ****         /* Check the type for an interface descriptor.  */
 179:Middlewares/ST/usbx/common/core/src/ux_host_stack_new_interface_create.c ****         if (descriptor_type == UX_ENDPOINT_DESCRIPTOR_ITEM)
 180:Middlewares/ST/usbx/common/core/src/ux_host_stack_new_interface_create.c ****         {
 181:Middlewares/ST/usbx/common/core/src/ux_host_stack_new_interface_create.c **** 
 182:Middlewares/ST/usbx/common/core/src/ux_host_stack_new_interface_create.c ****             /* We have found an endpoint descriptor for this interface.  */
 183:Middlewares/ST/usbx/common/core/src/ux_host_stack_new_interface_create.c ****             status =  _ux_host_stack_new_endpoint_create(interface_ptr, descriptor);
 155              		.loc 1 183 13 is_stmt 1 view .LVU50
 156              		.loc 1 183 23 is_stmt 0 view .LVU51
 157 006e 2946     		mov	r1, r5
 158 0070 4846     		mov	r0, r9
ARM GAS  C:\Users\HP\AppData\Local\Temp\ccwDefEZ.s 			page 7


 159 0072 FFF7FEFF 		bl	_ux_host_stack_new_endpoint_create
 160              	.LVL16:
 184:Middlewares/ST/usbx/common/core/src/ux_host_stack_new_interface_create.c **** 
 185:Middlewares/ST/usbx/common/core/src/ux_host_stack_new_interface_create.c ****             /* Check return status.  */
 186:Middlewares/ST/usbx/common/core/src/ux_host_stack_new_interface_create.c ****             if(status != UX_SUCCESS)
 161              		.loc 1 186 13 is_stmt 1 view .LVU52
 162              		.loc 1 186 15 is_stmt 0 view .LVU53
 163 0076 08BB     		cbnz	r0, .L12
 187:Middlewares/ST/usbx/common/core/src/ux_host_stack_new_interface_create.c ****                 return(status);
 188:Middlewares/ST/usbx/common/core/src/ux_host_stack_new_interface_create.c **** 
 189:Middlewares/ST/usbx/common/core/src/ux_host_stack_new_interface_create.c ****             number_endpoints--;
 164              		.loc 1 189 13 is_stmt 1 view .LVU54
 165              		.loc 1 189 29 is_stmt 0 view .LVU55
 166 0078 08F1FF38 		add	r8, r8, #-1
 167              	.LVL17:
 168              		.loc 1 189 29 view .LVU56
 169 007c 0BE0     		b	.L7
 170              	.LVL18:
 171              	.L9:
 190:Middlewares/ST/usbx/common/core/src/ux_host_stack_new_interface_create.c ****         }       
 191:Middlewares/ST/usbx/common/core/src/ux_host_stack_new_interface_create.c **** 
 192:Middlewares/ST/usbx/common/core/src/ux_host_stack_new_interface_create.c ****         /* Verify if the descriptor is still valid, or we moved to next interface.  */
 193:Middlewares/ST/usbx/common/core/src/ux_host_stack_new_interface_create.c ****         if ((descriptor_length > length) || (descriptor_type == UX_INTERFACE_DESCRIPTOR_ITEM && des
 194:Middlewares/ST/usbx/common/core/src/ux_host_stack_new_interface_create.c ****         {
 195:Middlewares/ST/usbx/common/core/src/ux_host_stack_new_interface_create.c **** 
 196:Middlewares/ST/usbx/common/core/src/ux_host_stack_new_interface_create.c ****             /* Error trap. */
 197:Middlewares/ST/usbx/common/core/src/ux_host_stack_new_interface_create.c ****             _ux_system_error_handler(UX_SYSTEM_LEVEL_THREAD, UX_SYSTEM_CONTEXT_ENUMERATOR, UX_DESCR
 198:Middlewares/ST/usbx/common/core/src/ux_host_stack_new_interface_create.c **** 
 199:Middlewares/ST/usbx/common/core/src/ux_host_stack_new_interface_create.c ****             /* If trace is enabled, insert this event into the trace buffer.  */
 200:Middlewares/ST/usbx/common/core/src/ux_host_stack_new_interface_create.c ****             UX_TRACE_IN_LINE_INSERT(UX_TRACE_ERROR, UX_DESCRIPTOR_CORRUPTED, descriptor, 0, 0, UX_T
 201:Middlewares/ST/usbx/common/core/src/ux_host_stack_new_interface_create.c **** 
 202:Middlewares/ST/usbx/common/core/src/ux_host_stack_new_interface_create.c ****             return(UX_DESCRIPTOR_CORRUPTED);
 203:Middlewares/ST/usbx/common/core/src/ux_host_stack_new_interface_create.c ****         }
 204:Middlewares/ST/usbx/common/core/src/ux_host_stack_new_interface_create.c **** 
 205:Middlewares/ST/usbx/common/core/src/ux_host_stack_new_interface_create.c ****         /* Jump to the next descriptor if we have not reached the end.  */
 206:Middlewares/ST/usbx/common/core/src/ux_host_stack_new_interface_create.c ****         descriptor +=  descriptor_length;
 172              		.loc 1 206 9 is_stmt 1 view .LVU57
 173              		.loc 1 206 20 is_stmt 0 view .LVU58
 174 007e 2544     		add	r5, r5, r4
 175              	.LVL19:
 207:Middlewares/ST/usbx/common/core/src/ux_host_stack_new_interface_create.c ****         length -=  descriptor_length;
 176              		.loc 1 207 9 is_stmt 1 view .LVU59
 177              		.loc 1 207 16 is_stmt 0 view .LVU60
 178 0080 361B     		subs	r6, r6, r4
 179              	.LVL20:
 180              	.L5:
 158:Middlewares/ST/usbx/common/core/src/ux_host_stack_new_interface_create.c ****     {
 181              		.loc 1 158 11 is_stmt 1 view .LVU61
 182 0082 EEB1     		cbz	r6, .L13
 158:Middlewares/ST/usbx/common/core/src/ux_host_stack_new_interface_create.c ****     {
 183              		.loc 1 158 19 is_stmt 0 discriminator 1 view .LVU62
 184 0084 B8F1000F 		cmp	r8, #0
 185 0088 12D0     		beq	.L1
 162:Middlewares/ST/usbx/common/core/src/ux_host_stack_new_interface_create.c ****         descriptor_type =    *(descriptor+1);
 186              		.loc 1 162 9 is_stmt 1 view .LVU63
 162:Middlewares/ST/usbx/common/core/src/ux_host_stack_new_interface_create.c ****         descriptor_type =    *(descriptor+1);
 187              		.loc 1 162 30 is_stmt 0 view .LVU64
ARM GAS  C:\Users\HP\AppData\Local\Temp\ccwDefEZ.s 			page 8


 188 008a 2C78     		ldrb	r4, [r5]	@ zero_extendqisi2
 189              	.LVL21:
 163:Middlewares/ST/usbx/common/core/src/ux_host_stack_new_interface_create.c **** 
 190              		.loc 1 163 9 is_stmt 1 view .LVU65
 163:Middlewares/ST/usbx/common/core/src/ux_host_stack_new_interface_create.c **** 
 191              		.loc 1 163 30 is_stmt 0 view .LVU66
 192 008c 6F78     		ldrb	r7, [r5, #1]	@ zero_extendqisi2
 193              	.LVL22:
 166:Middlewares/ST/usbx/common/core/src/ux_host_stack_new_interface_create.c ****         {
 194              		.loc 1 166 9 is_stmt 1 view .LVU67
 166:Middlewares/ST/usbx/common/core/src/ux_host_stack_new_interface_create.c ****         {
 195              		.loc 1 166 12 is_stmt 0 view .LVU68
 196 008e 022C     		cmp	r4, #2
 197 0090 E5D9     		bls	.L16
 179:Middlewares/ST/usbx/common/core/src/ux_host_stack_new_interface_create.c ****         {
 198              		.loc 1 179 9 is_stmt 1 view .LVU69
 179:Middlewares/ST/usbx/common/core/src/ux_host_stack_new_interface_create.c ****         {
 199              		.loc 1 179 12 is_stmt 0 view .LVU70
 200 0092 052F     		cmp	r7, #5
 201 0094 EBD0     		beq	.L17
 202              	.L7:
 193:Middlewares/ST/usbx/common/core/src/ux_host_stack_new_interface_create.c ****         {
 203              		.loc 1 193 9 is_stmt 1 view .LVU71
 193:Middlewares/ST/usbx/common/core/src/ux_host_stack_new_interface_create.c ****         {
 204              		.loc 1 193 12 is_stmt 0 view .LVU72
 205 0096 A642     		cmp	r6, r4
 206 0098 03D3     		bcc	.L8
 193:Middlewares/ST/usbx/common/core/src/ux_host_stack_new_interface_create.c ****         {
 207              		.loc 1 193 42 discriminator 1 view .LVU73
 208 009a 042F     		cmp	r7, #4
 209 009c EFD1     		bne	.L9
 193:Middlewares/ST/usbx/common/core/src/ux_host_stack_new_interface_create.c ****         {
 210              		.loc 1 193 94 discriminator 2 view .LVU74
 211 009e 5545     		cmp	r5, r10
 212 00a0 EDD0     		beq	.L9
 213              	.L8:
 197:Middlewares/ST/usbx/common/core/src/ux_host_stack_new_interface_create.c **** 
 214              		.loc 1 197 13 is_stmt 1 view .LVU75
 215 00a2 4222     		movs	r2, #66
 216 00a4 0421     		movs	r1, #4
 217 00a6 0220     		movs	r0, #2
 218 00a8 FFF7FEFF 		bl	_ux_system_error_handler
 219              	.LVL23:
 202:Middlewares/ST/usbx/common/core/src/ux_host_stack_new_interface_create.c ****         }
 220              		.loc 1 202 13 view .LVU76
 202:Middlewares/ST/usbx/common/core/src/ux_host_stack_new_interface_create.c ****         }
 221              		.loc 1 202 19 is_stmt 0 view .LVU77
 222 00ac 4FF04208 		mov	r8, #66
 223              	.LVL24:
 224              	.L1:
 208:Middlewares/ST/usbx/common/core/src/ux_host_stack_new_interface_create.c ****     }
 209:Middlewares/ST/usbx/common/core/src/ux_host_stack_new_interface_create.c **** 
 210:Middlewares/ST/usbx/common/core/src/ux_host_stack_new_interface_create.c ****     /* Return success!  */
 211:Middlewares/ST/usbx/common/core/src/ux_host_stack_new_interface_create.c ****     return(UX_SUCCESS);
 212:Middlewares/ST/usbx/common/core/src/ux_host_stack_new_interface_create.c **** }
 225              		.loc 1 212 1 view .LVU78
 226 00b0 4046     		mov	r0, r8
ARM GAS  C:\Users\HP\AppData\Local\Temp\ccwDefEZ.s 			page 9


 227 00b2 BDE8F087 		pop	{r4, r5, r6, r7, r8, r9, r10, pc}
 228              	.LVL25:
 229              	.L11:
 106:Middlewares/ST/usbx/common/core/src/ux_host_stack_new_interface_create.c **** 
 230              		.loc 1 106 15 view .LVU79
 231 00b6 4FF01208 		mov	r8, #18
 232 00ba F9E7     		b	.L1
 233              	.LVL26:
 234              	.L12:
 187:Middlewares/ST/usbx/common/core/src/ux_host_stack_new_interface_create.c **** 
 235              		.loc 1 187 23 view .LVU80
 236 00bc 8046     		mov	r8, r0
 237              	.LVL27:
 187:Middlewares/ST/usbx/common/core/src/ux_host_stack_new_interface_create.c **** 
 238              		.loc 1 187 23 view .LVU81
 239 00be F7E7     		b	.L1
 240              	.LVL28:
 241              	.L13:
 211:Middlewares/ST/usbx/common/core/src/ux_host_stack_new_interface_create.c **** }
 242              		.loc 1 211 11 view .LVU82
 243 00c0 B046     		mov	r8, r6
 244              	.LVL29:
 211:Middlewares/ST/usbx/common/core/src/ux_host_stack_new_interface_create.c **** }
 245              		.loc 1 211 11 view .LVU83
 246 00c2 F5E7     		b	.L1
 247              	.L19:
 248              		.align	2
 249              	.L18:
 250 00c4 00000000 		.word	_ux_system_interface_descriptor_structure
 251              		.cfi_endproc
 252              	.LFE11:
 254              		.text
 255              	.Letext0:
 256              		.file 2 "Middlewares/ST/threadx/ports/cortex_m4/gnu/inc/tx_port.h"
 257              		.file 3 "Middlewares/ST/threadx/common/inc/tx_api.h"
 258              		.file 4 "Middlewares/ST/usbx/common/core/inc/ux_api.h"
 259              		.file 5 "Middlewares/ST/usbx/common/core/inc/ux_system.h"
 260              		.file 6 "Middlewares/ST/usbx/common/core/inc/ux_utility.h"
 261              		.file 7 "Middlewares/ST/usbx/common/core/inc/ux_host_stack.h"
ARM GAS  C:\Users\HP\AppData\Local\Temp\ccwDefEZ.s 			page 10


DEFINED SYMBOLS
                            *ABS*:00000000 ux_host_stack_new_interface_create.c
C:\Users\HP\AppData\Local\Temp\ccwDefEZ.s:20     .text._ux_host_stack_new_interface_create:00000000 $t
C:\Users\HP\AppData\Local\Temp\ccwDefEZ.s:26     .text._ux_host_stack_new_interface_create:00000000 _ux_host_stack_new_interface_create
C:\Users\HP\AppData\Local\Temp\ccwDefEZ.s:250    .text._ux_host_stack_new_interface_create:000000c4 $d

UNDEFINED SYMBOLS
_ux_utility_memory_allocate
_ux_utility_descriptor_parse
_ux_system_error_handler
_ux_host_stack_new_endpoint_create
_ux_system_interface_descriptor_structure
