ARM GAS  C:\Users\HP\AppData\Local\Temp\cczKBjWh.s 			page 1


   1              		.cpu cortex-m4
   2              		.arch armv7e-m
   3              		.fpu fpv4-sp-d16
   4              		.eabi_attribute 27, 1
   5              		.eabi_attribute 28, 1
   6              		.eabi_attribute 20, 1
   7              		.eabi_attribute 21, 1
   8              		.eabi_attribute 23, 3
   9              		.eabi_attribute 24, 1
  10              		.eabi_attribute 25, 1
  11              		.eabi_attribute 26, 1
  12              		.eabi_attribute 30, 1
  13              		.eabi_attribute 34, 1
  14              		.eabi_attribute 18, 4
  15              		.file	"ux_host_class_storage_activate.c"
  16              		.text
  17              	.Ltext0:
  18              		.cfi_sections	.debug_frame
  19              		.section	.rodata._ux_host_class_storage_activate.str1.4,"aMS",%progbits,1
  20              		.align	2
  21              	.LC0:
  22 0000 75785F68 		.ascii	"ux_host_class_storage_semaphore\000"
  22      6F73745F 
  22      636C6173 
  22      735F7374 
  22      6F726167 
  23              		.section	.text._ux_host_class_storage_activate,"ax",%progbits
  24              		.align	1
  25              		.global	_ux_host_class_storage_activate
  26              		.syntax unified
  27              		.thumb
  28              		.thumb_func
  30              	_ux_host_class_storage_activate:
  31              	.LVL0:
  32              	.LFB11:
  33              		.file 1 "Middlewares/ST/usbx/common/usbx_host_classes/src/ux_host_class_storage_activate.c"
   1:Middlewares/ST/usbx/common/usbx_host_classes/src/ux_host_class_storage_activate.c **** /**************************************************************************/
   2:Middlewares/ST/usbx/common/usbx_host_classes/src/ux_host_class_storage_activate.c **** /*                                                                        */
   3:Middlewares/ST/usbx/common/usbx_host_classes/src/ux_host_class_storage_activate.c **** /*       Copyright (c) Microsoft Corporation. All rights reserved.        */
   4:Middlewares/ST/usbx/common/usbx_host_classes/src/ux_host_class_storage_activate.c **** /*                                                                        */
   5:Middlewares/ST/usbx/common/usbx_host_classes/src/ux_host_class_storage_activate.c **** /*       This software is licensed under the Microsoft Software License   */
   6:Middlewares/ST/usbx/common/usbx_host_classes/src/ux_host_class_storage_activate.c **** /*       Terms for Microsoft Azure RTOS. Full text of the license can be  */
   7:Middlewares/ST/usbx/common/usbx_host_classes/src/ux_host_class_storage_activate.c **** /*       found in the LICENSE file at https://aka.ms/AzureRTOS_EULA       */
   8:Middlewares/ST/usbx/common/usbx_host_classes/src/ux_host_class_storage_activate.c **** /*       and in the root directory of this software.                      */
   9:Middlewares/ST/usbx/common/usbx_host_classes/src/ux_host_class_storage_activate.c **** /*                                                                        */
  10:Middlewares/ST/usbx/common/usbx_host_classes/src/ux_host_class_storage_activate.c **** /**************************************************************************/
  11:Middlewares/ST/usbx/common/usbx_host_classes/src/ux_host_class_storage_activate.c **** 
  12:Middlewares/ST/usbx/common/usbx_host_classes/src/ux_host_class_storage_activate.c **** 
  13:Middlewares/ST/usbx/common/usbx_host_classes/src/ux_host_class_storage_activate.c **** /**************************************************************************/
  14:Middlewares/ST/usbx/common/usbx_host_classes/src/ux_host_class_storage_activate.c **** /**************************************************************************/
  15:Middlewares/ST/usbx/common/usbx_host_classes/src/ux_host_class_storage_activate.c **** /**                                                                       */
  16:Middlewares/ST/usbx/common/usbx_host_classes/src/ux_host_class_storage_activate.c **** /** USBX Component                                                        */
  17:Middlewares/ST/usbx/common/usbx_host_classes/src/ux_host_class_storage_activate.c **** /**                                                                       */
  18:Middlewares/ST/usbx/common/usbx_host_classes/src/ux_host_class_storage_activate.c **** /**   Storage Class                                                       */
  19:Middlewares/ST/usbx/common/usbx_host_classes/src/ux_host_class_storage_activate.c **** /**                                                                       */
  20:Middlewares/ST/usbx/common/usbx_host_classes/src/ux_host_class_storage_activate.c **** /**************************************************************************/
  21:Middlewares/ST/usbx/common/usbx_host_classes/src/ux_host_class_storage_activate.c **** /**************************************************************************/
ARM GAS  C:\Users\HP\AppData\Local\Temp\cczKBjWh.s 			page 2


  22:Middlewares/ST/usbx/common/usbx_host_classes/src/ux_host_class_storage_activate.c **** 
  23:Middlewares/ST/usbx/common/usbx_host_classes/src/ux_host_class_storage_activate.c **** 
  24:Middlewares/ST/usbx/common/usbx_host_classes/src/ux_host_class_storage_activate.c **** /* Include necessary system files.  */
  25:Middlewares/ST/usbx/common/usbx_host_classes/src/ux_host_class_storage_activate.c **** 
  26:Middlewares/ST/usbx/common/usbx_host_classes/src/ux_host_class_storage_activate.c **** #define UX_SOURCE_CODE
  27:Middlewares/ST/usbx/common/usbx_host_classes/src/ux_host_class_storage_activate.c **** 
  28:Middlewares/ST/usbx/common/usbx_host_classes/src/ux_host_class_storage_activate.c **** #include "ux_api.h"
  29:Middlewares/ST/usbx/common/usbx_host_classes/src/ux_host_class_storage_activate.c **** #include "ux_host_class_storage.h"
  30:Middlewares/ST/usbx/common/usbx_host_classes/src/ux_host_class_storage_activate.c **** #include "ux_host_stack.h"
  31:Middlewares/ST/usbx/common/usbx_host_classes/src/ux_host_class_storage_activate.c **** 
  32:Middlewares/ST/usbx/common/usbx_host_classes/src/ux_host_class_storage_activate.c **** 
  33:Middlewares/ST/usbx/common/usbx_host_classes/src/ux_host_class_storage_activate.c **** /**************************************************************************/
  34:Middlewares/ST/usbx/common/usbx_host_classes/src/ux_host_class_storage_activate.c **** /*                                                                        */
  35:Middlewares/ST/usbx/common/usbx_host_classes/src/ux_host_class_storage_activate.c **** /*  FUNCTION                                               RELEASE        */
  36:Middlewares/ST/usbx/common/usbx_host_classes/src/ux_host_class_storage_activate.c **** /*                                                                        */
  37:Middlewares/ST/usbx/common/usbx_host_classes/src/ux_host_class_storage_activate.c **** /*    _ux_host_class_storage_activate                     PORTABLE C      */
  38:Middlewares/ST/usbx/common/usbx_host_classes/src/ux_host_class_storage_activate.c **** /*                                                           6.1.12       */
  39:Middlewares/ST/usbx/common/usbx_host_classes/src/ux_host_class_storage_activate.c **** /*  AUTHOR                                                                */
  40:Middlewares/ST/usbx/common/usbx_host_classes/src/ux_host_class_storage_activate.c **** /*                                                                        */
  41:Middlewares/ST/usbx/common/usbx_host_classes/src/ux_host_class_storage_activate.c **** /*    Chaoqiong Xiao, Microsoft Corporation                               */
  42:Middlewares/ST/usbx/common/usbx_host_classes/src/ux_host_class_storage_activate.c **** /*                                                                        */
  43:Middlewares/ST/usbx/common/usbx_host_classes/src/ux_host_class_storage_activate.c **** /*  DESCRIPTION                                                           */
  44:Middlewares/ST/usbx/common/usbx_host_classes/src/ux_host_class_storage_activate.c **** /*                                                                        */
  45:Middlewares/ST/usbx/common/usbx_host_classes/src/ux_host_class_storage_activate.c **** /*    This function activates an instance of the storage class.           */
  46:Middlewares/ST/usbx/common/usbx_host_classes/src/ux_host_class_storage_activate.c **** /*                                                                        */
  47:Middlewares/ST/usbx/common/usbx_host_classes/src/ux_host_class_storage_activate.c **** /*  INPUT                                                                 */
  48:Middlewares/ST/usbx/common/usbx_host_classes/src/ux_host_class_storage_activate.c **** /*                                                                        */
  49:Middlewares/ST/usbx/common/usbx_host_classes/src/ux_host_class_storage_activate.c **** /*    command                               Pointer to class command      */
  50:Middlewares/ST/usbx/common/usbx_host_classes/src/ux_host_class_storage_activate.c **** /*                                                                        */
  51:Middlewares/ST/usbx/common/usbx_host_classes/src/ux_host_class_storage_activate.c **** /*  OUTPUT                                                                */
  52:Middlewares/ST/usbx/common/usbx_host_classes/src/ux_host_class_storage_activate.c **** /*                                                                        */
  53:Middlewares/ST/usbx/common/usbx_host_classes/src/ux_host_class_storage_activate.c **** /*    Completion Status                                                   */
  54:Middlewares/ST/usbx/common/usbx_host_classes/src/ux_host_class_storage_activate.c **** /*                                                                        */
  55:Middlewares/ST/usbx/common/usbx_host_classes/src/ux_host_class_storage_activate.c **** /*  CALLS                                                                 */
  56:Middlewares/ST/usbx/common/usbx_host_classes/src/ux_host_class_storage_activate.c **** /*                                                                        */
  57:Middlewares/ST/usbx/common/usbx_host_classes/src/ux_host_class_storage_activate.c **** /*    _ux_host_class_storage_configure      Configure storage device      */
  58:Middlewares/ST/usbx/common/usbx_host_classes/src/ux_host_class_storage_activate.c **** /*    _ux_host_class_storage_device_initialize                            */
  59:Middlewares/ST/usbx/common/usbx_host_classes/src/ux_host_class_storage_activate.c **** /*                                          Initialize storage device     */
  60:Middlewares/ST/usbx/common/usbx_host_classes/src/ux_host_class_storage_activate.c **** /*    _ux_host_stack_class_instance_create  Create class instance         */
  61:Middlewares/ST/usbx/common/usbx_host_classes/src/ux_host_class_storage_activate.c **** /*    _ux_host_stack_class_instance_destroy Destroy class instance        */
  62:Middlewares/ST/usbx/common/usbx_host_classes/src/ux_host_class_storage_activate.c **** /*    _ux_utility_memory_allocate           Allocate memory block         */
  63:Middlewares/ST/usbx/common/usbx_host_classes/src/ux_host_class_storage_activate.c **** /*    _ux_utility_memory_free               Free memory block             */
  64:Middlewares/ST/usbx/common/usbx_host_classes/src/ux_host_class_storage_activate.c **** /*    _ux_host_semaphore_create             Create semaphore              */
  65:Middlewares/ST/usbx/common/usbx_host_classes/src/ux_host_class_storage_activate.c **** /*                                                                        */
  66:Middlewares/ST/usbx/common/usbx_host_classes/src/ux_host_class_storage_activate.c **** /*  CALLED BY                                                             */
  67:Middlewares/ST/usbx/common/usbx_host_classes/src/ux_host_class_storage_activate.c **** /*                                                                        */
  68:Middlewares/ST/usbx/common/usbx_host_classes/src/ux_host_class_storage_activate.c **** /*    Storage Class                                                       */
  69:Middlewares/ST/usbx/common/usbx_host_classes/src/ux_host_class_storage_activate.c **** /*                                                                        */
  70:Middlewares/ST/usbx/common/usbx_host_classes/src/ux_host_class_storage_activate.c **** /*  RELEASE HISTORY                                                       */
  71:Middlewares/ST/usbx/common/usbx_host_classes/src/ux_host_class_storage_activate.c **** /*                                                                        */
  72:Middlewares/ST/usbx/common/usbx_host_classes/src/ux_host_class_storage_activate.c **** /*    DATE              NAME                      DESCRIPTION             */
  73:Middlewares/ST/usbx/common/usbx_host_classes/src/ux_host_class_storage_activate.c **** /*                                                                        */
  74:Middlewares/ST/usbx/common/usbx_host_classes/src/ux_host_class_storage_activate.c **** /*  05-19-2020     Chaoqiong Xiao           Initial Version 6.0           */
  75:Middlewares/ST/usbx/common/usbx_host_classes/src/ux_host_class_storage_activate.c **** /*  09-30-2020     Chaoqiong Xiao           Modified comment(s),          */
  76:Middlewares/ST/usbx/common/usbx_host_classes/src/ux_host_class_storage_activate.c **** /*                                            resulting in version 6.1    */
  77:Middlewares/ST/usbx/common/usbx_host_classes/src/ux_host_class_storage_activate.c **** /*  01-31-2022     Chaoqiong Xiao           Modified comment(s),          */
  78:Middlewares/ST/usbx/common/usbx_host_classes/src/ux_host_class_storage_activate.c **** /*                                            added standalone support.   */
ARM GAS  C:\Users\HP\AppData\Local\Temp\cczKBjWh.s 			page 3


  79:Middlewares/ST/usbx/common/usbx_host_classes/src/ux_host_class_storage_activate.c **** /*                                            resulting in version 6.1.10 */
  80:Middlewares/ST/usbx/common/usbx_host_classes/src/ux_host_class_storage_activate.c **** /*  07-29-2022     Chaoqiong Xiao           Modified comment(s),          */
  81:Middlewares/ST/usbx/common/usbx_host_classes/src/ux_host_class_storage_activate.c **** /*                                            fixed parameter/variable    */
  82:Middlewares/ST/usbx/common/usbx_host_classes/src/ux_host_class_storage_activate.c **** /*                                            names conflict C++ keyword, */
  83:Middlewares/ST/usbx/common/usbx_host_classes/src/ux_host_class_storage_activate.c **** /*                                            resulting in version 6.1.12 */
  84:Middlewares/ST/usbx/common/usbx_host_classes/src/ux_host_class_storage_activate.c **** /*                                                                        */
  85:Middlewares/ST/usbx/common/usbx_host_classes/src/ux_host_class_storage_activate.c **** /**************************************************************************/
  86:Middlewares/ST/usbx/common/usbx_host_classes/src/ux_host_class_storage_activate.c **** UINT  _ux_host_class_storage_activate(UX_HOST_CLASS_COMMAND *command)
  87:Middlewares/ST/usbx/common/usbx_host_classes/src/ux_host_class_storage_activate.c **** {
  34              		.loc 1 87 1 view -0
  35              		.cfi_startproc
  36              		@ args = 0, pretend = 0, frame = 0
  37              		@ frame_needed = 0, uses_anonymous_args = 0
  38              		.loc 1 87 1 is_stmt 0 view .LVU1
  39 0000 70B5     		push	{r4, r5, r6, lr}
  40              	.LCFI0:
  41              		.cfi_def_cfa_offset 16
  42              		.cfi_offset 4, -16
  43              		.cfi_offset 5, -12
  44              		.cfi_offset 6, -8
  45              		.cfi_offset 14, -4
  46 0002 0546     		mov	r5, r0
  88:Middlewares/ST/usbx/common/usbx_host_classes/src/ux_host_class_storage_activate.c **** 
  89:Middlewares/ST/usbx/common/usbx_host_classes/src/ux_host_class_storage_activate.c **** UX_INTERFACE            *interface_ptr;
  47              		.loc 1 89 1 is_stmt 1 view .LVU2
  90:Middlewares/ST/usbx/common/usbx_host_classes/src/ux_host_class_storage_activate.c **** UX_HOST_CLASS_STORAGE   *storage;
  48              		.loc 1 90 1 view .LVU3
  91:Middlewares/ST/usbx/common/usbx_host_classes/src/ux_host_class_storage_activate.c **** UINT                    status;
  49              		.loc 1 91 1 view .LVU4
  92:Middlewares/ST/usbx/common/usbx_host_classes/src/ux_host_class_storage_activate.c **** 
  93:Middlewares/ST/usbx/common/usbx_host_classes/src/ux_host_class_storage_activate.c **** 
  94:Middlewares/ST/usbx/common/usbx_host_classes/src/ux_host_class_storage_activate.c ****     /* The storage is always activated by the interface descriptor and not the
  95:Middlewares/ST/usbx/common/usbx_host_classes/src/ux_host_class_storage_activate.c ****        device descriptor.  */
  96:Middlewares/ST/usbx/common/usbx_host_classes/src/ux_host_class_storage_activate.c ****     interface_ptr =  (UX_INTERFACE *) command -> ux_host_class_command_container;
  50              		.loc 1 96 5 view .LVU5
  51              		.loc 1 96 19 is_stmt 0 view .LVU6
  52 0004 4668     		ldr	r6, [r0, #4]
  53              	.LVL1:
  97:Middlewares/ST/usbx/common/usbx_host_classes/src/ux_host_class_storage_activate.c **** 
  98:Middlewares/ST/usbx/common/usbx_host_classes/src/ux_host_class_storage_activate.c ****     /* Obtain memory for this class instance.  The memory used MUST BE allocated from a CACHE SAFE 
  99:Middlewares/ST/usbx/common/usbx_host_classes/src/ux_host_class_storage_activate.c ****        since the buffer for the CSW is an array contained within each storage instance. */
 100:Middlewares/ST/usbx/common/usbx_host_classes/src/ux_host_class_storage_activate.c ****     storage =  _ux_utility_memory_allocate(UX_SAFE_ALIGN, UX_CACHE_SAFE_MEMORY, sizeof(UX_HOST_CLAS
  54              		.loc 1 100 5 is_stmt 1 view .LVU7
  55              		.loc 1 100 16 is_stmt 0 view .LVU8
  56 0006 B822     		movs	r2, #184
  57 0008 0121     		movs	r1, #1
  58 000a 4FF0FF30 		mov	r0, #-1
  59              	.LVL2:
  60              		.loc 1 100 16 view .LVU9
  61 000e FFF7FEFF 		bl	_ux_utility_memory_allocate
  62              	.LVL3:
 101:Middlewares/ST/usbx/common/usbx_host_classes/src/ux_host_class_storage_activate.c ****     if (storage == UX_NULL)
  63              		.loc 1 101 5 is_stmt 1 view .LVU10
  64              		.loc 1 101 8 is_stmt 0 view .LVU11
  65 0012 0028     		cmp	r0, #0
  66 0014 39D0     		beq	.L6
  67 0016 0446     		mov	r4, r0
ARM GAS  C:\Users\HP\AppData\Local\Temp\cczKBjWh.s 			page 4


 102:Middlewares/ST/usbx/common/usbx_host_classes/src/ux_host_class_storage_activate.c ****         return(UX_MEMORY_INSUFFICIENT);
 103:Middlewares/ST/usbx/common/usbx_host_classes/src/ux_host_class_storage_activate.c **** 
 104:Middlewares/ST/usbx/common/usbx_host_classes/src/ux_host_class_storage_activate.c ****     /* Store the class container into this instance */
 105:Middlewares/ST/usbx/common/usbx_host_classes/src/ux_host_class_storage_activate.c ****     storage -> ux_host_class_storage_class =  command -> ux_host_class_command_class_ptr;
  68              		.loc 1 105 5 is_stmt 1 view .LVU12
  69              		.loc 1 105 55 is_stmt 0 view .LVU13
  70 0018 2B6B     		ldr	r3, [r5, #48]
  71              		.loc 1 105 44 view .LVU14
  72 001a 4360     		str	r3, [r0, #4]
 106:Middlewares/ST/usbx/common/usbx_host_classes/src/ux_host_class_storage_activate.c **** 
 107:Middlewares/ST/usbx/common/usbx_host_classes/src/ux_host_class_storage_activate.c ****     /* Store the interface container into the storage class instance.  */
 108:Middlewares/ST/usbx/common/usbx_host_classes/src/ux_host_class_storage_activate.c ****     storage -> ux_host_class_storage_interface =  interface_ptr;
  73              		.loc 1 108 5 is_stmt 1 view .LVU15
  74              		.loc 1 108 48 is_stmt 0 view .LVU16
  75 001c C660     		str	r6, [r0, #12]
 109:Middlewares/ST/usbx/common/usbx_host_classes/src/ux_host_class_storage_activate.c **** 
 110:Middlewares/ST/usbx/common/usbx_host_classes/src/ux_host_class_storage_activate.c ****     /* Store the device container into the storage class instance.  */
 111:Middlewares/ST/usbx/common/usbx_host_classes/src/ux_host_class_storage_activate.c ****     storage -> ux_host_class_storage_device =  interface_ptr -> ux_interface_configuration -> ux_co
  76              		.loc 1 111 5 is_stmt 1 view .LVU17
  77              		.loc 1 111 62 is_stmt 0 view .LVU18
  78 001e 336C     		ldr	r3, [r6, #64]
  79              		.loc 1 111 92 view .LVU19
  80 0020 5B6B     		ldr	r3, [r3, #52]
  81              		.loc 1 111 45 view .LVU20
  82 0022 8360     		str	r3, [r0, #8]
 112:Middlewares/ST/usbx/common/usbx_host_classes/src/ux_host_class_storage_activate.c **** 
 113:Middlewares/ST/usbx/common/usbx_host_classes/src/ux_host_class_storage_activate.c ****     /* Create this class instance.  */
 114:Middlewares/ST/usbx/common/usbx_host_classes/src/ux_host_class_storage_activate.c ****     _ux_host_stack_class_instance_create(command -> ux_host_class_command_class_ptr, (VOID *) stora
  83              		.loc 1 114 5 is_stmt 1 view .LVU21
  84 0024 0146     		mov	r1, r0
  85 0026 286B     		ldr	r0, [r5, #48]
  86              	.LVL4:
  87              		.loc 1 114 5 is_stmt 0 view .LVU22
  88 0028 FFF7FEFF 		bl	_ux_host_stack_class_instance_create
  89              	.LVL5:
 115:Middlewares/ST/usbx/common/usbx_host_classes/src/ux_host_class_storage_activate.c **** 
 116:Middlewares/ST/usbx/common/usbx_host_classes/src/ux_host_class_storage_activate.c ****     /* This instance of the device must also be stored in the interface container.  */
 117:Middlewares/ST/usbx/common/usbx_host_classes/src/ux_host_class_storage_activate.c ****     interface_ptr -> ux_interface_class_instance =  (VOID *) storage;
  90              		.loc 1 117 5 is_stmt 1 view .LVU23
  91              		.loc 1 117 50 is_stmt 0 view .LVU24
  92 002c 7463     		str	r4, [r6, #52]
 118:Middlewares/ST/usbx/common/usbx_host_classes/src/ux_host_class_storage_activate.c **** 
 119:Middlewares/ST/usbx/common/usbx_host_classes/src/ux_host_class_storage_activate.c **** #if defined(UX_HOST_STANDALONE)
 120:Middlewares/ST/usbx/common/usbx_host_classes/src/ux_host_class_storage_activate.c **** 
 121:Middlewares/ST/usbx/common/usbx_host_classes/src/ux_host_class_storage_activate.c ****     /* Check class,sub class, protocol.  */
 122:Middlewares/ST/usbx/common/usbx_host_classes/src/ux_host_class_storage_activate.c ****     status =  _ux_host_class_storage_device_support_check(storage);
 123:Middlewares/ST/usbx/common/usbx_host_classes/src/ux_host_class_storage_activate.c ****     if (status != UX_SUCCESS)
 124:Middlewares/ST/usbx/common/usbx_host_classes/src/ux_host_class_storage_activate.c ****     {
 125:Middlewares/ST/usbx/common/usbx_host_classes/src/ux_host_class_storage_activate.c ****         _ux_utility_memory_free(storage);
 126:Middlewares/ST/usbx/common/usbx_host_classes/src/ux_host_class_storage_activate.c ****         return(status);
 127:Middlewares/ST/usbx/common/usbx_host_classes/src/ux_host_class_storage_activate.c ****     }
 128:Middlewares/ST/usbx/common/usbx_host_classes/src/ux_host_class_storage_activate.c **** 
 129:Middlewares/ST/usbx/common/usbx_host_classes/src/ux_host_class_storage_activate.c ****     /* Search all the endpoints for the storage interface (Bulk Out, Bulk in,
 130:Middlewares/ST/usbx/common/usbx_host_classes/src/ux_host_class_storage_activate.c ****        and optional Interrupt endpoint).  */
 131:Middlewares/ST/usbx/common/usbx_host_classes/src/ux_host_class_storage_activate.c ****     status =  _ux_host_class_storage_endpoints_get(storage);
 132:Middlewares/ST/usbx/common/usbx_host_classes/src/ux_host_class_storage_activate.c ****     if (status != UX_SUCCESS)
 133:Middlewares/ST/usbx/common/usbx_host_classes/src/ux_host_class_storage_activate.c ****     {
ARM GAS  C:\Users\HP\AppData\Local\Temp\cczKBjWh.s 			page 5


 134:Middlewares/ST/usbx/common/usbx_host_classes/src/ux_host_class_storage_activate.c ****         _ux_utility_memory_free(storage);
 135:Middlewares/ST/usbx/common/usbx_host_classes/src/ux_host_class_storage_activate.c ****         return(status);
 136:Middlewares/ST/usbx/common/usbx_host_classes/src/ux_host_class_storage_activate.c ****     }
 137:Middlewares/ST/usbx/common/usbx_host_classes/src/ux_host_class_storage_activate.c **** 
 138:Middlewares/ST/usbx/common/usbx_host_classes/src/ux_host_class_storage_activate.c ****     /* Activate storage class task function.  */
 139:Middlewares/ST/usbx/common/usbx_host_classes/src/ux_host_class_storage_activate.c ****     storage -> ux_host_class_storage_class -> ux_host_class_task_function = _ux_host_class_storage_
 140:Middlewares/ST/usbx/common/usbx_host_classes/src/ux_host_class_storage_activate.c **** 
 141:Middlewares/ST/usbx/common/usbx_host_classes/src/ux_host_class_storage_activate.c ****     /* Mark the storage as live now (media mounts in task).  */
 142:Middlewares/ST/usbx/common/usbx_host_classes/src/ux_host_class_storage_activate.c ****     storage -> ux_host_class_storage_state = UX_HOST_CLASS_INSTANCE_MOUNTING;
 143:Middlewares/ST/usbx/common/usbx_host_classes/src/ux_host_class_storage_activate.c **** 
 144:Middlewares/ST/usbx/common/usbx_host_classes/src/ux_host_class_storage_activate.c ****     /* Keep storage locked before it's initialized.  */
 145:Middlewares/ST/usbx/common/usbx_host_classes/src/ux_host_class_storage_activate.c ****     storage -> ux_host_class_storage_flags |= UX_HOST_CLASS_STORAGE_FLAG_LOCK;
 146:Middlewares/ST/usbx/common/usbx_host_classes/src/ux_host_class_storage_activate.c **** #else
 147:Middlewares/ST/usbx/common/usbx_host_classes/src/ux_host_class_storage_activate.c **** 
 148:Middlewares/ST/usbx/common/usbx_host_classes/src/ux_host_class_storage_activate.c ****     /* Configure the USB storage device.  */
 149:Middlewares/ST/usbx/common/usbx_host_classes/src/ux_host_class_storage_activate.c ****     status =  _ux_host_class_storage_configure(storage);
  93              		.loc 1 149 5 is_stmt 1 view .LVU25
  94              		.loc 1 149 15 is_stmt 0 view .LVU26
  95 002e 2046     		mov	r0, r4
  96 0030 FFF7FEFF 		bl	_ux_host_class_storage_configure
  97              	.LVL6:
 150:Middlewares/ST/usbx/common/usbx_host_classes/src/ux_host_class_storage_activate.c **** 
 151:Middlewares/ST/usbx/common/usbx_host_classes/src/ux_host_class_storage_activate.c ****     /* Create the semaphore to protect multiple threads from accessing the same storage instance.  
 152:Middlewares/ST/usbx/common/usbx_host_classes/src/ux_host_class_storage_activate.c ****     if (status == UX_SUCCESS)
  98              		.loc 1 152 5 is_stmt 1 view .LVU27
  99              		.loc 1 152 8 is_stmt 0 view .LVU28
 100 0034 0546     		mov	r5, r0
 101              	.LVL7:
 102              		.loc 1 152 8 view .LVU29
 103 0036 58B1     		cbz	r0, .L9
 104              	.L3:
 153:Middlewares/ST/usbx/common/usbx_host_classes/src/ux_host_class_storage_activate.c ****     {
 154:Middlewares/ST/usbx/common/usbx_host_classes/src/ux_host_class_storage_activate.c ****         status = _ux_host_semaphore_create(&storage -> ux_host_class_storage_semaphore, "ux_host_cl
 155:Middlewares/ST/usbx/common/usbx_host_classes/src/ux_host_class_storage_activate.c ****         if (status != UX_SUCCESS)
 156:Middlewares/ST/usbx/common/usbx_host_classes/src/ux_host_class_storage_activate.c ****             status = UX_SEMAPHORE_ERROR;
 157:Middlewares/ST/usbx/common/usbx_host_classes/src/ux_host_class_storage_activate.c ****     }
 158:Middlewares/ST/usbx/common/usbx_host_classes/src/ux_host_class_storage_activate.c **** 
 159:Middlewares/ST/usbx/common/usbx_host_classes/src/ux_host_class_storage_activate.c ****     /* Error case, free resources.  */
 160:Middlewares/ST/usbx/common/usbx_host_classes/src/ux_host_class_storage_activate.c ****     if (status != UX_SUCCESS)
 105              		.loc 1 160 5 is_stmt 1 view .LVU30
 106              		.loc 1 160 8 is_stmt 0 view .LVU31
 107 0038 ADB1     		cbz	r5, .L10
 108              	.L4:
 109              	.LVL8:
 161:Middlewares/ST/usbx/common/usbx_host_classes/src/ux_host_class_storage_activate.c ****     {
 162:Middlewares/ST/usbx/common/usbx_host_classes/src/ux_host_class_storage_activate.c **** 
 163:Middlewares/ST/usbx/common/usbx_host_classes/src/ux_host_class_storage_activate.c ****         /* Last one, semaphore not created or created error, no need to free.  */
 164:Middlewares/ST/usbx/common/usbx_host_classes/src/ux_host_class_storage_activate.c **** 
 165:Middlewares/ST/usbx/common/usbx_host_classes/src/ux_host_class_storage_activate.c ****         /* Error, destroy the class and return an error.  */
 166:Middlewares/ST/usbx/common/usbx_host_classes/src/ux_host_class_storage_activate.c ****         _ux_host_stack_class_instance_destroy(storage -> ux_host_class_storage_class, (VOID *) stor
 110              		.loc 1 166 9 is_stmt 1 view .LVU32
 111 003a 2146     		mov	r1, r4
 112 003c 6068     		ldr	r0, [r4, #4]
 113 003e FFF7FEFF 		bl	_ux_host_stack_class_instance_destroy
 114              	.LVL9:
 167:Middlewares/ST/usbx/common/usbx_host_classes/src/ux_host_class_storage_activate.c **** 
 168:Middlewares/ST/usbx/common/usbx_host_classes/src/ux_host_class_storage_activate.c ****         /* This instance of the device must also be removed in the interface container.  */
ARM GAS  C:\Users\HP\AppData\Local\Temp\cczKBjWh.s 			page 6


 169:Middlewares/ST/usbx/common/usbx_host_classes/src/ux_host_class_storage_activate.c ****         interface_ptr -> ux_interface_class_instance =  (VOID *) UX_NULL;
 115              		.loc 1 169 9 view .LVU33
 116              		.loc 1 169 54 is_stmt 0 view .LVU34
 117 0042 0023     		movs	r3, #0
 118 0044 7363     		str	r3, [r6, #52]
 170:Middlewares/ST/usbx/common/usbx_host_classes/src/ux_host_class_storage_activate.c **** 
 171:Middlewares/ST/usbx/common/usbx_host_classes/src/ux_host_class_storage_activate.c ****         /* Free memory for class instance.  */
 172:Middlewares/ST/usbx/common/usbx_host_classes/src/ux_host_class_storage_activate.c ****         _ux_utility_memory_free(storage);
 119              		.loc 1 172 9 is_stmt 1 view .LVU35
 120 0046 2046     		mov	r0, r4
 121 0048 FFF7FEFF 		bl	_ux_utility_memory_free
 122              	.LVL10:
 173:Middlewares/ST/usbx/common/usbx_host_classes/src/ux_host_class_storage_activate.c **** 
 174:Middlewares/ST/usbx/common/usbx_host_classes/src/ux_host_class_storage_activate.c ****         return(status);
 123              		.loc 1 174 9 view .LVU36
 124              	.L1:
 175:Middlewares/ST/usbx/common/usbx_host_classes/src/ux_host_class_storage_activate.c ****     }
 176:Middlewares/ST/usbx/common/usbx_host_classes/src/ux_host_class_storage_activate.c **** 
 177:Middlewares/ST/usbx/common/usbx_host_classes/src/ux_host_class_storage_activate.c ****     /* Mark the storage as mounting now.  */
 178:Middlewares/ST/usbx/common/usbx_host_classes/src/ux_host_class_storage_activate.c ****     storage -> ux_host_class_storage_state =  UX_HOST_CLASS_INSTANCE_MOUNTING;
 179:Middlewares/ST/usbx/common/usbx_host_classes/src/ux_host_class_storage_activate.c **** 
 180:Middlewares/ST/usbx/common/usbx_host_classes/src/ux_host_class_storage_activate.c ****     /* Initialize the USB storage device.  We do not check the status at this stage. We let the ins
 181:Middlewares/ST/usbx/common/usbx_host_classes/src/ux_host_class_storage_activate.c ****        class live even if there was a failure. Because the storage class has many media instance, w
 182:Middlewares/ST/usbx/common/usbx_host_classes/src/ux_host_class_storage_activate.c ****        disconnection signal clean the instance at a later stage.  */
 183:Middlewares/ST/usbx/common/usbx_host_classes/src/ux_host_class_storage_activate.c ****     _ux_host_class_storage_device_initialize(storage);
 184:Middlewares/ST/usbx/common/usbx_host_classes/src/ux_host_class_storage_activate.c **** 
 185:Middlewares/ST/usbx/common/usbx_host_classes/src/ux_host_class_storage_activate.c ****     /* Mark the storage as live now.  */
 186:Middlewares/ST/usbx/common/usbx_host_classes/src/ux_host_class_storage_activate.c ****     storage -> ux_host_class_storage_state =  UX_HOST_CLASS_INSTANCE_LIVE;
 187:Middlewares/ST/usbx/common/usbx_host_classes/src/ux_host_class_storage_activate.c **** 
 188:Middlewares/ST/usbx/common/usbx_host_classes/src/ux_host_class_storage_activate.c **** #endif
 189:Middlewares/ST/usbx/common/usbx_host_classes/src/ux_host_class_storage_activate.c **** 
 190:Middlewares/ST/usbx/common/usbx_host_classes/src/ux_host_class_storage_activate.c ****     /* If all is fine and the device is mounted, we may need to inform the application
 191:Middlewares/ST/usbx/common/usbx_host_classes/src/ux_host_class_storage_activate.c ****        if a function has been programmed in the system structure.  */
 192:Middlewares/ST/usbx/common/usbx_host_classes/src/ux_host_class_storage_activate.c ****     if (_ux_system_host -> ux_system_host_change_function != UX_NULL)
 193:Middlewares/ST/usbx/common/usbx_host_classes/src/ux_host_class_storage_activate.c ****     {
 194:Middlewares/ST/usbx/common/usbx_host_classes/src/ux_host_class_storage_activate.c **** 
 195:Middlewares/ST/usbx/common/usbx_host_classes/src/ux_host_class_storage_activate.c ****         /* Call system change function.  */
 196:Middlewares/ST/usbx/common/usbx_host_classes/src/ux_host_class_storage_activate.c ****         _ux_system_host ->  ux_system_host_change_function(UX_DEVICE_INSERTION, storage -> ux_host_
 197:Middlewares/ST/usbx/common/usbx_host_classes/src/ux_host_class_storage_activate.c ****     }
 198:Middlewares/ST/usbx/common/usbx_host_classes/src/ux_host_class_storage_activate.c **** 
 199:Middlewares/ST/usbx/common/usbx_host_classes/src/ux_host_class_storage_activate.c ****     /* If trace is enabled, insert this event into the trace buffer.  */
 200:Middlewares/ST/usbx/common/usbx_host_classes/src/ux_host_class_storage_activate.c ****     UX_TRACE_IN_LINE_INSERT(UX_TRACE_HOST_CLASS_STORAGE_ACTIVATE, storage, 0, 0, 0, UX_TRACE_HOST_C
 201:Middlewares/ST/usbx/common/usbx_host_classes/src/ux_host_class_storage_activate.c **** 
 202:Middlewares/ST/usbx/common/usbx_host_classes/src/ux_host_class_storage_activate.c ****     /* If trace is enabled, register this object.  */
 203:Middlewares/ST/usbx/common/usbx_host_classes/src/ux_host_class_storage_activate.c ****     UX_TRACE_OBJECT_REGISTER(UX_TRACE_HOST_OBJECT_TYPE_INTERFACE, storage, 0, 0, 0)
 204:Middlewares/ST/usbx/common/usbx_host_classes/src/ux_host_class_storage_activate.c **** 
 205:Middlewares/ST/usbx/common/usbx_host_classes/src/ux_host_class_storage_activate.c ****     /* Return completion status. Force it to success. */
 206:Middlewares/ST/usbx/common/usbx_host_classes/src/ux_host_class_storage_activate.c ****     return(UX_SUCCESS);
 207:Middlewares/ST/usbx/common/usbx_host_classes/src/ux_host_class_storage_activate.c **** }
 125              		.loc 1 207 1 is_stmt 0 view .LVU37
 126 004c 2846     		mov	r0, r5
 127 004e 70BD     		pop	{r4, r5, r6, pc}
 128              	.LVL11:
 129              	.L9:
 154:Middlewares/ST/usbx/common/usbx_host_classes/src/ux_host_class_storage_activate.c ****         if (status != UX_SUCCESS)
 130              		.loc 1 154 9 is_stmt 1 view .LVU38
 154:Middlewares/ST/usbx/common/usbx_host_classes/src/ux_host_class_storage_activate.c ****         if (status != UX_SUCCESS)
ARM GAS  C:\Users\HP\AppData\Local\Temp\cczKBjWh.s 			page 7


 131              		.loc 1 154 18 is_stmt 0 view .LVU39
 132 0050 0122     		movs	r2, #1
 133 0052 0F49     		ldr	r1, .L11
 134 0054 04F19C00 		add	r0, r4, #156
 135              	.LVL12:
 154:Middlewares/ST/usbx/common/usbx_host_classes/src/ux_host_class_storage_activate.c ****         if (status != UX_SUCCESS)
 136              		.loc 1 154 18 view .LVU40
 137 0058 FFF7FEFF 		bl	_ux_utility_semaphore_create
 138              	.LVL13:
 155:Middlewares/ST/usbx/common/usbx_host_classes/src/ux_host_class_storage_activate.c ****             status = UX_SEMAPHORE_ERROR;
 139              		.loc 1 155 9 is_stmt 1 view .LVU41
 155:Middlewares/ST/usbx/common/usbx_host_classes/src/ux_host_class_storage_activate.c ****             status = UX_SEMAPHORE_ERROR;
 140              		.loc 1 155 12 is_stmt 0 view .LVU42
 141 005c 0546     		mov	r5, r0
 142 005e 0028     		cmp	r0, #0
 143 0060 EAD0     		beq	.L3
 156:Middlewares/ST/usbx/common/usbx_host_classes/src/ux_host_class_storage_activate.c ****     }
 144              		.loc 1 156 20 view .LVU43
 145 0062 1525     		movs	r5, #21
 146 0064 E9E7     		b	.L4
 147              	.L10:
 178:Middlewares/ST/usbx/common/usbx_host_classes/src/ux_host_class_storage_activate.c **** 
 148              		.loc 1 178 5 is_stmt 1 view .LVU44
 178:Middlewares/ST/usbx/common/usbx_host_classes/src/ux_host_class_storage_activate.c **** 
 149              		.loc 1 178 44 is_stmt 0 view .LVU45
 150 0066 0323     		movs	r3, #3
 151 0068 E366     		str	r3, [r4, #108]
 183:Middlewares/ST/usbx/common/usbx_host_classes/src/ux_host_class_storage_activate.c **** 
 152              		.loc 1 183 5 is_stmt 1 view .LVU46
 153 006a 2046     		mov	r0, r4
 154              	.LVL14:
 183:Middlewares/ST/usbx/common/usbx_host_classes/src/ux_host_class_storage_activate.c **** 
 155              		.loc 1 183 5 is_stmt 0 view .LVU47
 156 006c FFF7FEFF 		bl	_ux_host_class_storage_device_initialize
 157              	.LVL15:
 186:Middlewares/ST/usbx/common/usbx_host_classes/src/ux_host_class_storage_activate.c **** 
 158              		.loc 1 186 5 is_stmt 1 view .LVU48
 186:Middlewares/ST/usbx/common/usbx_host_classes/src/ux_host_class_storage_activate.c **** 
 159              		.loc 1 186 44 is_stmt 0 view .LVU49
 160 0070 0123     		movs	r3, #1
 161 0072 E366     		str	r3, [r4, #108]
 192:Middlewares/ST/usbx/common/usbx_host_classes/src/ux_host_class_storage_activate.c ****     {
 162              		.loc 1 192 5 is_stmt 1 view .LVU50
 192:Middlewares/ST/usbx/common/usbx_host_classes/src/ux_host_class_storage_activate.c ****     {
 163              		.loc 1 192 25 is_stmt 0 view .LVU51
 164 0074 074B     		ldr	r3, .L11+4
 165 0076 1B68     		ldr	r3, [r3]
 166 0078 D3F8C831 		ldr	r3, [r3, #456]
 192:Middlewares/ST/usbx/common/usbx_host_classes/src/ux_host_class_storage_activate.c ****     {
 167              		.loc 1 192 8 view .LVU52
 168 007c 002B     		cmp	r3, #0
 169 007e E5D0     		beq	.L1
 196:Middlewares/ST/usbx/common/usbx_host_classes/src/ux_host_class_storage_activate.c ****     }
 170              		.loc 1 196 9 is_stmt 1 view .LVU53
 171 0080 2246     		mov	r2, r4
 172 0082 6168     		ldr	r1, [r4, #4]
 173 0084 0120     		movs	r0, #1
ARM GAS  C:\Users\HP\AppData\Local\Temp\cczKBjWh.s 			page 8


 174 0086 9847     		blx	r3
 175              	.LVL16:
 176 0088 E0E7     		b	.L1
 177              	.LVL17:
 178              	.L6:
 102:Middlewares/ST/usbx/common/usbx_host_classes/src/ux_host_class_storage_activate.c **** 
 179              		.loc 1 102 15 is_stmt 0 view .LVU54
 180 008a 1225     		movs	r5, #18
 181              	.LVL18:
 102:Middlewares/ST/usbx/common/usbx_host_classes/src/ux_host_class_storage_activate.c **** 
 182              		.loc 1 102 15 view .LVU55
 183 008c DEE7     		b	.L1
 184              	.L12:
 185 008e 00BF     		.align	2
 186              	.L11:
 187 0090 00000000 		.word	.LC0
 188 0094 00000000 		.word	_ux_system_host
 189              		.cfi_endproc
 190              	.LFE11:
 192              		.text
 193              	.Letext0:
 194              		.file 2 "Middlewares/ST/threadx/ports/cortex_m4/gnu/inc/tx_port.h"
 195              		.file 3 "Middlewares/ST/threadx/common/inc/tx_api.h"
 196              		.file 4 "Middlewares/ST/usbx/common/core/inc/ux_api.h"
 197              		.file 5 "Middlewares/ST/usbx/common/usbx_host_classes/inc/ux_host_class_storage.h"
 198              		.file 6 "Middlewares/ST/usbx/common/core/inc/ux_system.h"
 199              		.file 7 "Middlewares/ST/usbx/common/core/inc/ux_utility.h"
 200              		.file 8 "Middlewares/ST/usbx/common/core/inc/ux_host_stack.h"
ARM GAS  C:\Users\HP\AppData\Local\Temp\cczKBjWh.s 			page 9


DEFINED SYMBOLS
                            *ABS*:00000000 ux_host_class_storage_activate.c
C:\Users\HP\AppData\Local\Temp\cczKBjWh.s:20     .rodata._ux_host_class_storage_activate.str1.4:00000000 $d
C:\Users\HP\AppData\Local\Temp\cczKBjWh.s:24     .text._ux_host_class_storage_activate:00000000 $t
C:\Users\HP\AppData\Local\Temp\cczKBjWh.s:30     .text._ux_host_class_storage_activate:00000000 _ux_host_class_storage_activate
C:\Users\HP\AppData\Local\Temp\cczKBjWh.s:187    .text._ux_host_class_storage_activate:00000090 $d

UNDEFINED SYMBOLS
_ux_utility_memory_allocate
_ux_host_stack_class_instance_create
_ux_host_class_storage_configure
_ux_host_stack_class_instance_destroy
_ux_utility_memory_free
_ux_utility_semaphore_create
_ux_host_class_storage_device_initialize
_ux_system_host
