ARM GAS  C:\Users\HP\AppData\Local\Temp\ccANArCM.s 			page 1


   1              		.cpu cortex-m4
   2              		.arch armv7e-m
   3              		.fpu fpv4-sp-d16
   4              		.eabi_attribute 27, 1
   5              		.eabi_attribute 28, 1
   6              		.eabi_attribute 20, 1
   7              		.eabi_attribute 21, 1
   8              		.eabi_attribute 23, 3
   9              		.eabi_attribute 24, 1
  10              		.eabi_attribute 25, 1
  11              		.eabi_attribute 26, 1
  12              		.eabi_attribute 30, 1
  13              		.eabi_attribute 34, 1
  14              		.eabi_attribute 18, 4
  15              		.file	"ux_host_class_storage_transport.c"
  16              		.text
  17              	.Ltext0:
  18              		.cfi_sections	.debug_frame
  19              		.section	.text._ux_host_class_storage_transport,"ax",%progbits
  20              		.align	1
  21              		.global	_ux_host_class_storage_transport
  22              		.syntax unified
  23              		.thumb
  24              		.thumb_func
  26              	_ux_host_class_storage_transport:
  27              	.LVL0:
  28              	.LFB11:
  29              		.file 1 "Middlewares/ST/usbx/common/usbx_host_classes/src/ux_host_class_storage_transport.c"
   1:Middlewares/ST/usbx/common/usbx_host_classes/src/ux_host_class_storage_transport.c **** /**************************************************************************/
   2:Middlewares/ST/usbx/common/usbx_host_classes/src/ux_host_class_storage_transport.c **** /*                                                                        */
   3:Middlewares/ST/usbx/common/usbx_host_classes/src/ux_host_class_storage_transport.c **** /*       Copyright (c) Microsoft Corporation. All rights reserved.        */
   4:Middlewares/ST/usbx/common/usbx_host_classes/src/ux_host_class_storage_transport.c **** /*                                                                        */
   5:Middlewares/ST/usbx/common/usbx_host_classes/src/ux_host_class_storage_transport.c **** /*       This software is licensed under the Microsoft Software License   */
   6:Middlewares/ST/usbx/common/usbx_host_classes/src/ux_host_class_storage_transport.c **** /*       Terms for Microsoft Azure RTOS. Full text of the license can be  */
   7:Middlewares/ST/usbx/common/usbx_host_classes/src/ux_host_class_storage_transport.c **** /*       found in the LICENSE file at https://aka.ms/AzureRTOS_EULA       */
   8:Middlewares/ST/usbx/common/usbx_host_classes/src/ux_host_class_storage_transport.c **** /*       and in the root directory of this software.                      */
   9:Middlewares/ST/usbx/common/usbx_host_classes/src/ux_host_class_storage_transport.c **** /*                                                                        */
  10:Middlewares/ST/usbx/common/usbx_host_classes/src/ux_host_class_storage_transport.c **** /**************************************************************************/
  11:Middlewares/ST/usbx/common/usbx_host_classes/src/ux_host_class_storage_transport.c **** 
  12:Middlewares/ST/usbx/common/usbx_host_classes/src/ux_host_class_storage_transport.c **** 
  13:Middlewares/ST/usbx/common/usbx_host_classes/src/ux_host_class_storage_transport.c **** /**************************************************************************/
  14:Middlewares/ST/usbx/common/usbx_host_classes/src/ux_host_class_storage_transport.c **** /**************************************************************************/
  15:Middlewares/ST/usbx/common/usbx_host_classes/src/ux_host_class_storage_transport.c **** /**                                                                       */
  16:Middlewares/ST/usbx/common/usbx_host_classes/src/ux_host_class_storage_transport.c **** /** USBX Component                                                        */
  17:Middlewares/ST/usbx/common/usbx_host_classes/src/ux_host_class_storage_transport.c **** /**                                                                       */
  18:Middlewares/ST/usbx/common/usbx_host_classes/src/ux_host_class_storage_transport.c **** /**   Storage Class                                                       */
  19:Middlewares/ST/usbx/common/usbx_host_classes/src/ux_host_class_storage_transport.c **** /**                                                                       */
  20:Middlewares/ST/usbx/common/usbx_host_classes/src/ux_host_class_storage_transport.c **** /**************************************************************************/
  21:Middlewares/ST/usbx/common/usbx_host_classes/src/ux_host_class_storage_transport.c **** /**************************************************************************/
  22:Middlewares/ST/usbx/common/usbx_host_classes/src/ux_host_class_storage_transport.c **** 
  23:Middlewares/ST/usbx/common/usbx_host_classes/src/ux_host_class_storage_transport.c **** 
  24:Middlewares/ST/usbx/common/usbx_host_classes/src/ux_host_class_storage_transport.c **** /* Include necessary system files.  */
  25:Middlewares/ST/usbx/common/usbx_host_classes/src/ux_host_class_storage_transport.c **** 
  26:Middlewares/ST/usbx/common/usbx_host_classes/src/ux_host_class_storage_transport.c **** #define UX_SOURCE_CODE
  27:Middlewares/ST/usbx/common/usbx_host_classes/src/ux_host_class_storage_transport.c **** 
  28:Middlewares/ST/usbx/common/usbx_host_classes/src/ux_host_class_storage_transport.c **** #include "ux_api.h"
  29:Middlewares/ST/usbx/common/usbx_host_classes/src/ux_host_class_storage_transport.c **** #include "ux_host_class_storage.h"
ARM GAS  C:\Users\HP\AppData\Local\Temp\ccANArCM.s 			page 2


  30:Middlewares/ST/usbx/common/usbx_host_classes/src/ux_host_class_storage_transport.c **** #include "ux_host_stack.h"
  31:Middlewares/ST/usbx/common/usbx_host_classes/src/ux_host_class_storage_transport.c **** 
  32:Middlewares/ST/usbx/common/usbx_host_classes/src/ux_host_class_storage_transport.c **** 
  33:Middlewares/ST/usbx/common/usbx_host_classes/src/ux_host_class_storage_transport.c **** /**************************************************************************/
  34:Middlewares/ST/usbx/common/usbx_host_classes/src/ux_host_class_storage_transport.c **** /*                                                                        */
  35:Middlewares/ST/usbx/common/usbx_host_classes/src/ux_host_class_storage_transport.c **** /*  FUNCTION                                               RELEASE        */
  36:Middlewares/ST/usbx/common/usbx_host_classes/src/ux_host_class_storage_transport.c **** /*                                                                        */
  37:Middlewares/ST/usbx/common/usbx_host_classes/src/ux_host_class_storage_transport.c **** /*    _ux_host_class_storage_transport                    PORTABLE C      */
  38:Middlewares/ST/usbx/common/usbx_host_classes/src/ux_host_class_storage_transport.c **** /*                                                           6.1.10       */
  39:Middlewares/ST/usbx/common/usbx_host_classes/src/ux_host_class_storage_transport.c **** /*  AUTHOR                                                                */
  40:Middlewares/ST/usbx/common/usbx_host_classes/src/ux_host_class_storage_transport.c **** /*                                                                        */
  41:Middlewares/ST/usbx/common/usbx_host_classes/src/ux_host_class_storage_transport.c **** /*    Chaoqiong Xiao, Microsoft Corporation                               */
  42:Middlewares/ST/usbx/common/usbx_host_classes/src/ux_host_class_storage_transport.c **** /*                                                                        */
  43:Middlewares/ST/usbx/common/usbx_host_classes/src/ux_host_class_storage_transport.c **** /*  DESCRIPTION                                                           */
  44:Middlewares/ST/usbx/common/usbx_host_classes/src/ux_host_class_storage_transport.c **** /*                                                                        */
  45:Middlewares/ST/usbx/common/usbx_host_classes/src/ux_host_class_storage_transport.c **** /*    This function is the transport layer for all protocols. It perform  */
  46:Middlewares/ST/usbx/common/usbx_host_classes/src/ux_host_class_storage_transport.c **** /*    the error recovery and retries if needed.                           */
  47:Middlewares/ST/usbx/common/usbx_host_classes/src/ux_host_class_storage_transport.c **** /*                                                                        */
  48:Middlewares/ST/usbx/common/usbx_host_classes/src/ux_host_class_storage_transport.c **** /*    It's for RTOS mode only.                                            */
  49:Middlewares/ST/usbx/common/usbx_host_classes/src/ux_host_class_storage_transport.c **** /*                                                                        */
  50:Middlewares/ST/usbx/common/usbx_host_classes/src/ux_host_class_storage_transport.c **** /*  INPUT                                                                 */
  51:Middlewares/ST/usbx/common/usbx_host_classes/src/ux_host_class_storage_transport.c **** /*                                                                        */
  52:Middlewares/ST/usbx/common/usbx_host_classes/src/ux_host_class_storage_transport.c **** /*    storage                               Pointer to storage class      */
  53:Middlewares/ST/usbx/common/usbx_host_classes/src/ux_host_class_storage_transport.c **** /*    data_pointer                          Pointer to data               */
  54:Middlewares/ST/usbx/common/usbx_host_classes/src/ux_host_class_storage_transport.c **** /*                                                                        */
  55:Middlewares/ST/usbx/common/usbx_host_classes/src/ux_host_class_storage_transport.c **** /*  OUTPUT                                                                */
  56:Middlewares/ST/usbx/common/usbx_host_classes/src/ux_host_class_storage_transport.c **** /*                                                                        */
  57:Middlewares/ST/usbx/common/usbx_host_classes/src/ux_host_class_storage_transport.c **** /*    Completion Status                                                   */
  58:Middlewares/ST/usbx/common/usbx_host_classes/src/ux_host_class_storage_transport.c **** /*                                                                        */
  59:Middlewares/ST/usbx/common/usbx_host_classes/src/ux_host_class_storage_transport.c **** /*  CALLS                                                                 */
  60:Middlewares/ST/usbx/common/usbx_host_classes/src/ux_host_class_storage_transport.c **** /*                                                                        */
  61:Middlewares/ST/usbx/common/usbx_host_classes/src/ux_host_class_storage_transport.c **** /*    (ux_host_class_storage_transport)     Class storage transport       */
  62:Middlewares/ST/usbx/common/usbx_host_classes/src/ux_host_class_storage_transport.c **** /*    _ux_host_class_storage_device_reset   Reset device                  */
  63:Middlewares/ST/usbx/common/usbx_host_classes/src/ux_host_class_storage_transport.c **** /*    _ux_host_class_storage_request_sense  Class request sense           */
  64:Middlewares/ST/usbx/common/usbx_host_classes/src/ux_host_class_storage_transport.c **** /*    _ux_host_stack_endpoint_reset         Reset endpoint                */
  65:Middlewares/ST/usbx/common/usbx_host_classes/src/ux_host_class_storage_transport.c **** /*                                                                        */
  66:Middlewares/ST/usbx/common/usbx_host_classes/src/ux_host_class_storage_transport.c **** /*  CALLED BY                                                             */
  67:Middlewares/ST/usbx/common/usbx_host_classes/src/ux_host_class_storage_transport.c **** /*                                                                        */
  68:Middlewares/ST/usbx/common/usbx_host_classes/src/ux_host_class_storage_transport.c **** /*    Storage Class                                                       */
  69:Middlewares/ST/usbx/common/usbx_host_classes/src/ux_host_class_storage_transport.c **** /*                                                                        */
  70:Middlewares/ST/usbx/common/usbx_host_classes/src/ux_host_class_storage_transport.c **** /*  RELEASE HISTORY                                                       */
  71:Middlewares/ST/usbx/common/usbx_host_classes/src/ux_host_class_storage_transport.c **** /*                                                                        */
  72:Middlewares/ST/usbx/common/usbx_host_classes/src/ux_host_class_storage_transport.c **** /*    DATE              NAME                      DESCRIPTION             */
  73:Middlewares/ST/usbx/common/usbx_host_classes/src/ux_host_class_storage_transport.c **** /*                                                                        */
  74:Middlewares/ST/usbx/common/usbx_host_classes/src/ux_host_class_storage_transport.c **** /*  05-19-2020     Chaoqiong Xiao           Initial Version 6.0           */
  75:Middlewares/ST/usbx/common/usbx_host_classes/src/ux_host_class_storage_transport.c **** /*  09-30-2020     Chaoqiong Xiao           Modified comment(s),          */
  76:Middlewares/ST/usbx/common/usbx_host_classes/src/ux_host_class_storage_transport.c **** /*                                            resulting in version 6.1    */
  77:Middlewares/ST/usbx/common/usbx_host_classes/src/ux_host_class_storage_transport.c **** /*  01-31-2022     Chaoqiong Xiao           Modified comment(s),          */
  78:Middlewares/ST/usbx/common/usbx_host_classes/src/ux_host_class_storage_transport.c **** /*                                            refined macros names,       */
  79:Middlewares/ST/usbx/common/usbx_host_classes/src/ux_host_class_storage_transport.c **** /*                                            resulting in version 6.1.10 */
  80:Middlewares/ST/usbx/common/usbx_host_classes/src/ux_host_class_storage_transport.c **** /*                                                                        */
  81:Middlewares/ST/usbx/common/usbx_host_classes/src/ux_host_class_storage_transport.c **** /**************************************************************************/
  82:Middlewares/ST/usbx/common/usbx_host_classes/src/ux_host_class_storage_transport.c **** UINT  _ux_host_class_storage_transport(UX_HOST_CLASS_STORAGE *storage, UCHAR *data_pointer)
  83:Middlewares/ST/usbx/common/usbx_host_classes/src/ux_host_class_storage_transport.c **** {
  30              		.loc 1 83 1 view -0
  31              		.cfi_startproc
  32              		@ args = 0, pretend = 0, frame = 0
ARM GAS  C:\Users\HP\AppData\Local\Temp\ccANArCM.s 			page 3


  33              		@ frame_needed = 0, uses_anonymous_args = 0
  34              		.loc 1 83 1 is_stmt 0 view .LVU1
  35 0000 38B5     		push	{r3, r4, r5, lr}
  36              	.LCFI0:
  37              		.cfi_def_cfa_offset 16
  38              		.cfi_offset 3, -16
  39              		.cfi_offset 4, -12
  40              		.cfi_offset 5, -8
  41              		.cfi_offset 14, -4
  42 0002 0446     		mov	r4, r0
  84:Middlewares/ST/usbx/common/usbx_host_classes/src/ux_host_class_storage_transport.c **** #if defined(UX_HOST_STANDALONE)
  85:Middlewares/ST/usbx/common/usbx_host_classes/src/ux_host_class_storage_transport.c ****     UX_PARAMETER_NOT_USED(storage);
  86:Middlewares/ST/usbx/common/usbx_host_classes/src/ux_host_class_storage_transport.c ****     UX_PARAMETER_NOT_USED(data_pointer);
  87:Middlewares/ST/usbx/common/usbx_host_classes/src/ux_host_class_storage_transport.c ****     return(UX_FUNCTION_NOT_SUPPORTED);
  88:Middlewares/ST/usbx/common/usbx_host_classes/src/ux_host_class_storage_transport.c **** #else
  89:Middlewares/ST/usbx/common/usbx_host_classes/src/ux_host_class_storage_transport.c **** 
  90:Middlewares/ST/usbx/common/usbx_host_classes/src/ux_host_class_storage_transport.c **** UINT        status;
  43              		.loc 1 90 1 is_stmt 1 view .LVU2
  91:Middlewares/ST/usbx/common/usbx_host_classes/src/ux_host_class_storage_transport.c **** UINT        csw_status;
  44              		.loc 1 91 1 view .LVU3
  92:Middlewares/ST/usbx/common/usbx_host_classes/src/ux_host_class_storage_transport.c **** 
  93:Middlewares/ST/usbx/common/usbx_host_classes/src/ux_host_class_storage_transport.c **** 
  94:Middlewares/ST/usbx/common/usbx_host_classes/src/ux_host_class_storage_transport.c ****     /* Reset the sense code.  */
  95:Middlewares/ST/usbx/common/usbx_host_classes/src/ux_host_class_storage_transport.c ****     storage -> ux_host_class_storage_sense_code =  UX_SUCCESS;
  45              		.loc 1 95 5 view .LVU4
  46              		.loc 1 95 49 is_stmt 0 view .LVU5
  47 0004 0023     		movs	r3, #0
  48 0006 C0F89030 		str	r3, [r0, #144]
  96:Middlewares/ST/usbx/common/usbx_host_classes/src/ux_host_class_storage_transport.c **** 
  97:Middlewares/ST/usbx/common/usbx_host_classes/src/ux_host_class_storage_transport.c ****     /* Send the command to the appropriate transport.  */
  98:Middlewares/ST/usbx/common/usbx_host_classes/src/ux_host_class_storage_transport.c ****     status =  storage -> ux_host_class_storage_transport(storage, data_pointer);
  49              		.loc 1 98 5 is_stmt 1 view .LVU6
  50              		.loc 1 98 23 is_stmt 0 view .LVU7
  51 000a D0F89830 		ldr	r3, [r0, #152]
  52              		.loc 1 98 15 view .LVU8
  53 000e 9847     		blx	r3
  54              	.LVL1:
  99:Middlewares/ST/usbx/common/usbx_host_classes/src/ux_host_class_storage_transport.c **** 
 100:Middlewares/ST/usbx/common/usbx_host_classes/src/ux_host_class_storage_transport.c **** #ifdef UX_HOST_CLASS_STORAGE_INCLUDE_LEGACY_PROTOCOL_SUPPORT
 101:Middlewares/ST/usbx/common/usbx_host_classes/src/ux_host_class_storage_transport.c ****     /* The treatment of errors is different according to the protocol used. BO and CB belong
 102:Middlewares/ST/usbx/common/usbx_host_classes/src/ux_host_class_storage_transport.c ****        to the CSW group. CBI is separate.  */
 103:Middlewares/ST/usbx/common/usbx_host_classes/src/ux_host_class_storage_transport.c ****     if (storage -> ux_host_class_storage_interface -> ux_interface_descriptor.bInterfaceProtocol !=
 104:Middlewares/ST/usbx/common/usbx_host_classes/src/ux_host_class_storage_transport.c ****     {
 105:Middlewares/ST/usbx/common/usbx_host_classes/src/ux_host_class_storage_transport.c **** #endif
 106:Middlewares/ST/usbx/common/usbx_host_classes/src/ux_host_class_storage_transport.c **** 
 107:Middlewares/ST/usbx/common/usbx_host_classes/src/ux_host_class_storage_transport.c ****     /* Check the status.  */
 108:Middlewares/ST/usbx/common/usbx_host_classes/src/ux_host_class_storage_transport.c ****     if (status != UX_SUCCESS)
  55              		.loc 1 108 5 is_stmt 1 view .LVU9
  56              		.loc 1 108 8 is_stmt 0 view .LVU10
  57 0010 0546     		mov	r5, r0
  58 0012 10B9     		cbnz	r0, .L1
 109:Middlewares/ST/usbx/common/usbx_host_classes/src/ux_host_class_storage_transport.c **** 
 110:Middlewares/ST/usbx/common/usbx_host_classes/src/ux_host_class_storage_transport.c ****         /* There was a more serious error. Just give up!  */
 111:Middlewares/ST/usbx/common/usbx_host_classes/src/ux_host_class_storage_transport.c ****         return(status);
 112:Middlewares/ST/usbx/common/usbx_host_classes/src/ux_host_class_storage_transport.c **** 
 113:Middlewares/ST/usbx/common/usbx_host_classes/src/ux_host_class_storage_transport.c ****     /* The command transfer was OK but maybe we have a CSW error.  */
 114:Middlewares/ST/usbx/common/usbx_host_classes/src/ux_host_class_storage_transport.c ****     csw_status =  storage -> ux_host_class_storage_csw[UX_HOST_CLASS_STORAGE_CSW_STATUS];
ARM GAS  C:\Users\HP\AppData\Local\Temp\ccANArCM.s 			page 4


  59              		.loc 1 114 5 is_stmt 1 view .LVU11
  60              		.loc 1 114 55 is_stmt 0 view .LVU12
  61 0014 94F86830 		ldrb	r3, [r4, #104]	@ zero_extendqisi2
  62              	.LVL2:
 115:Middlewares/ST/usbx/common/usbx_host_classes/src/ux_host_class_storage_transport.c ****     if (csw_status == 0)
  63              		.loc 1 115 5 is_stmt 1 view .LVU13
  64              		.loc 1 115 8 is_stmt 0 view .LVU14
  65 0018 0BB9     		cbnz	r3, .L4
  66              	.LVL3:
  67              	.L1:
 116:Middlewares/ST/usbx/common/usbx_host_classes/src/ux_host_class_storage_transport.c ****         return(UX_SUCCESS);
 117:Middlewares/ST/usbx/common/usbx_host_classes/src/ux_host_class_storage_transport.c **** 
 118:Middlewares/ST/usbx/common/usbx_host_classes/src/ux_host_class_storage_transport.c ****     /* Check for a command failure. If so, we need to sense the error with
 119:Middlewares/ST/usbx/common/usbx_host_classes/src/ux_host_class_storage_transport.c ****        a REQUEST SENSE command.  */
 120:Middlewares/ST/usbx/common/usbx_host_classes/src/ux_host_class_storage_transport.c ****     status =  _ux_host_class_storage_request_sense(storage);
 121:Middlewares/ST/usbx/common/usbx_host_classes/src/ux_host_class_storage_transport.c **** 
 122:Middlewares/ST/usbx/common/usbx_host_classes/src/ux_host_class_storage_transport.c ****     /* If we have an transport failure here, we are in trouble! The storage device is in
 123:Middlewares/ST/usbx/common/usbx_host_classes/src/ux_host_class_storage_transport.c ****        an unstable state and should be reset completely.  */
 124:Middlewares/ST/usbx/common/usbx_host_classes/src/ux_host_class_storage_transport.c ****     if (status != UX_SUCCESS)
 125:Middlewares/ST/usbx/common/usbx_host_classes/src/ux_host_class_storage_transport.c ****     {
 126:Middlewares/ST/usbx/common/usbx_host_classes/src/ux_host_class_storage_transport.c **** 
 127:Middlewares/ST/usbx/common/usbx_host_classes/src/ux_host_class_storage_transport.c ****         /* Reset device.  */
 128:Middlewares/ST/usbx/common/usbx_host_classes/src/ux_host_class_storage_transport.c ****         _ux_host_class_storage_device_reset(storage);
 129:Middlewares/ST/usbx/common/usbx_host_classes/src/ux_host_class_storage_transport.c ****         return(status);
 130:Middlewares/ST/usbx/common/usbx_host_classes/src/ux_host_class_storage_transport.c ****     }
 131:Middlewares/ST/usbx/common/usbx_host_classes/src/ux_host_class_storage_transport.c **** 
 132:Middlewares/ST/usbx/common/usbx_host_classes/src/ux_host_class_storage_transport.c ****     /* The sense code is saved in the device instance. We can return safely.  */
 133:Middlewares/ST/usbx/common/usbx_host_classes/src/ux_host_class_storage_transport.c ****     return(UX_SUCCESS);
 134:Middlewares/ST/usbx/common/usbx_host_classes/src/ux_host_class_storage_transport.c **** 
 135:Middlewares/ST/usbx/common/usbx_host_classes/src/ux_host_class_storage_transport.c **** #ifdef UX_HOST_CLASS_STORAGE_INCLUDE_LEGACY_PROTOCOL_SUPPORT
 136:Middlewares/ST/usbx/common/usbx_host_classes/src/ux_host_class_storage_transport.c ****     }
 137:Middlewares/ST/usbx/common/usbx_host_classes/src/ux_host_class_storage_transport.c ****     else
 138:Middlewares/ST/usbx/common/usbx_host_classes/src/ux_host_class_storage_transport.c ****     {
 139:Middlewares/ST/usbx/common/usbx_host_classes/src/ux_host_class_storage_transport.c **** 
 140:Middlewares/ST/usbx/common/usbx_host_classes/src/ux_host_class_storage_transport.c ****         switch (status)
 141:Middlewares/ST/usbx/common/usbx_host_classes/src/ux_host_class_storage_transport.c ****         {
 142:Middlewares/ST/usbx/common/usbx_host_classes/src/ux_host_class_storage_transport.c **** 
 143:Middlewares/ST/usbx/common/usbx_host_classes/src/ux_host_class_storage_transport.c ****         case UX_SUCCESS:
 144:Middlewares/ST/usbx/common/usbx_host_classes/src/ux_host_class_storage_transport.c ****             return(UX_SUCCESS);
 145:Middlewares/ST/usbx/common/usbx_host_classes/src/ux_host_class_storage_transport.c **** 
 146:Middlewares/ST/usbx/common/usbx_host_classes/src/ux_host_class_storage_transport.c ****         case UX_TRANSFER_STALLED:
 147:Middlewares/ST/usbx/common/usbx_host_classes/src/ux_host_class_storage_transport.c **** 
 148:Middlewares/ST/usbx/common/usbx_host_classes/src/ux_host_class_storage_transport.c ****             /* The endpoint was halted by a stall condition and needs to be reset.  */
 149:Middlewares/ST/usbx/common/usbx_host_classes/src/ux_host_class_storage_transport.c ****             _ux_host_stack_endpoint_reset(storage -> ux_host_class_storage_bulk_in_endpoint);
 150:Middlewares/ST/usbx/common/usbx_host_classes/src/ux_host_class_storage_transport.c **** 
 151:Middlewares/ST/usbx/common/usbx_host_classes/src/ux_host_class_storage_transport.c ****             /* The endpoint was halted by a stall condition and needs to be reset.  */
 152:Middlewares/ST/usbx/common/usbx_host_classes/src/ux_host_class_storage_transport.c ****             _ux_host_stack_endpoint_reset(storage -> ux_host_class_storage_bulk_out_endpoint);
 153:Middlewares/ST/usbx/common/usbx_host_classes/src/ux_host_class_storage_transport.c **** 
 154:Middlewares/ST/usbx/common/usbx_host_classes/src/ux_host_class_storage_transport.c ****             /* Check for a command failure. If so, we need to sense the error with
 155:Middlewares/ST/usbx/common/usbx_host_classes/src/ux_host_class_storage_transport.c ****                a REQUEST SENSE command.  */
 156:Middlewares/ST/usbx/common/usbx_host_classes/src/ux_host_class_storage_transport.c ****             status =  _ux_host_class_storage_request_sense(storage);
 157:Middlewares/ST/usbx/common/usbx_host_classes/src/ux_host_class_storage_transport.c ****             return(status);
 158:Middlewares/ST/usbx/common/usbx_host_classes/src/ux_host_class_storage_transport.c **** 
 159:Middlewares/ST/usbx/common/usbx_host_classes/src/ux_host_class_storage_transport.c ****         default:
 160:Middlewares/ST/usbx/common/usbx_host_classes/src/ux_host_class_storage_transport.c **** 
 161:Middlewares/ST/usbx/common/usbx_host_classes/src/ux_host_class_storage_transport.c ****             /* There was a more serious error. Just give up!  */
 162:Middlewares/ST/usbx/common/usbx_host_classes/src/ux_host_class_storage_transport.c ****             return(status);
ARM GAS  C:\Users\HP\AppData\Local\Temp\ccANArCM.s 			page 5


 163:Middlewares/ST/usbx/common/usbx_host_classes/src/ux_host_class_storage_transport.c ****         }
 164:Middlewares/ST/usbx/common/usbx_host_classes/src/ux_host_class_storage_transport.c ****     }
 165:Middlewares/ST/usbx/common/usbx_host_classes/src/ux_host_class_storage_transport.c **** #endif
 166:Middlewares/ST/usbx/common/usbx_host_classes/src/ux_host_class_storage_transport.c **** #endif
 167:Middlewares/ST/usbx/common/usbx_host_classes/src/ux_host_class_storage_transport.c **** }
  68              		.loc 1 167 1 view .LVU15
  69 001a 2846     		mov	r0, r5
  70 001c 38BD     		pop	{r3, r4, r5, pc}
  71              	.LVL4:
  72              	.L4:
 120:Middlewares/ST/usbx/common/usbx_host_classes/src/ux_host_class_storage_transport.c **** 
  73              		.loc 1 120 5 is_stmt 1 view .LVU16
 120:Middlewares/ST/usbx/common/usbx_host_classes/src/ux_host_class_storage_transport.c **** 
  74              		.loc 1 120 15 is_stmt 0 view .LVU17
  75 001e 2046     		mov	r0, r4
  76              	.LVL5:
 120:Middlewares/ST/usbx/common/usbx_host_classes/src/ux_host_class_storage_transport.c **** 
  77              		.loc 1 120 15 view .LVU18
  78 0020 FFF7FEFF 		bl	_ux_host_class_storage_request_sense
  79              	.LVL6:
 124:Middlewares/ST/usbx/common/usbx_host_classes/src/ux_host_class_storage_transport.c ****     {
  80              		.loc 1 124 5 is_stmt 1 view .LVU19
 124:Middlewares/ST/usbx/common/usbx_host_classes/src/ux_host_class_storage_transport.c ****     {
  81              		.loc 1 124 8 is_stmt 0 view .LVU20
  82 0024 0546     		mov	r5, r0
  83 0026 0028     		cmp	r0, #0
  84 0028 F7D0     		beq	.L1
 128:Middlewares/ST/usbx/common/usbx_host_classes/src/ux_host_class_storage_transport.c ****         return(status);
  85              		.loc 1 128 9 is_stmt 1 view .LVU21
  86 002a 2046     		mov	r0, r4
  87              	.LVL7:
 128:Middlewares/ST/usbx/common/usbx_host_classes/src/ux_host_class_storage_transport.c ****         return(status);
  88              		.loc 1 128 9 is_stmt 0 view .LVU22
  89 002c FFF7FEFF 		bl	_ux_host_class_storage_device_reset
  90              	.LVL8:
 129:Middlewares/ST/usbx/common/usbx_host_classes/src/ux_host_class_storage_transport.c ****     }
  91              		.loc 1 129 9 is_stmt 1 view .LVU23
 129:Middlewares/ST/usbx/common/usbx_host_classes/src/ux_host_class_storage_transport.c ****     }
  92              		.loc 1 129 15 is_stmt 0 view .LVU24
  93 0030 F3E7     		b	.L1
  94              		.cfi_endproc
  95              	.LFE11:
  97              		.text
  98              	.Letext0:
  99              		.file 2 "Middlewares/ST/threadx/ports/cortex_m4/gnu/inc/tx_port.h"
 100              		.file 3 "Middlewares/ST/threadx/common/inc/tx_api.h"
 101              		.file 4 "Middlewares/ST/usbx/common/core/inc/ux_api.h"
 102              		.file 5 "Middlewares/ST/usbx/common/usbx_host_classes/inc/ux_host_class_storage.h"
ARM GAS  C:\Users\HP\AppData\Local\Temp\ccANArCM.s 			page 6


DEFINED SYMBOLS
                            *ABS*:00000000 ux_host_class_storage_transport.c
C:\Users\HP\AppData\Local\Temp\ccANArCM.s:20     .text._ux_host_class_storage_transport:00000000 $t
C:\Users\HP\AppData\Local\Temp\ccANArCM.s:26     .text._ux_host_class_storage_transport:00000000 _ux_host_class_storage_transport

UNDEFINED SYMBOLS
_ux_host_class_storage_request_sense
_ux_host_class_storage_device_reset
