ARM GAS  C:\Users\HP\AppData\Local\Temp\ccJrU5Bx.s 			page 1


   1              		.cpu cortex-m4
   2              		.arch armv7e-m
   3              		.fpu fpv4-sp-d16
   4              		.eabi_attribute 27, 1
   5              		.eabi_attribute 28, 1
   6              		.eabi_attribute 20, 1
   7              		.eabi_attribute 21, 1
   8              		.eabi_attribute 23, 3
   9              		.eabi_attribute 24, 1
  10              		.eabi_attribute 25, 1
  11              		.eabi_attribute 26, 1
  12              		.eabi_attribute 30, 1
  13              		.eabi_attribute 34, 1
  14              		.eabi_attribute 18, 4
  15              		.file	"ux_host_class_storage_media_mount.c"
  16              		.text
  17              	.Ltext0:
  18              		.cfi_sections	.debug_frame
  19              		.section	.text._ux_host_class_storage_media_mount,"ax",%progbits
  20              		.align	1
  21              		.global	_ux_host_class_storage_media_mount
  22              		.syntax unified
  23              		.thumb
  24              		.thumb_func
  26              	_ux_host_class_storage_media_mount:
  27              	.LVL0:
  28              	.LFB11:
  29              		.file 1 "Middlewares/ST/usbx/common/usbx_host_classes/src/ux_host_class_storage_media_mount.c"
   1:Middlewares/ST/usbx/common/usbx_host_classes/src/ux_host_class_storage_media_mount.c **** /**************************************************************************/
   2:Middlewares/ST/usbx/common/usbx_host_classes/src/ux_host_class_storage_media_mount.c **** /*                                                                        */
   3:Middlewares/ST/usbx/common/usbx_host_classes/src/ux_host_class_storage_media_mount.c **** /*       Copyright (c) Microsoft Corporation. All rights reserved.        */
   4:Middlewares/ST/usbx/common/usbx_host_classes/src/ux_host_class_storage_media_mount.c **** /*                                                                        */
   5:Middlewares/ST/usbx/common/usbx_host_classes/src/ux_host_class_storage_media_mount.c **** /*       This software is licensed under the Microsoft Software License   */
   6:Middlewares/ST/usbx/common/usbx_host_classes/src/ux_host_class_storage_media_mount.c **** /*       Terms for Microsoft Azure RTOS. Full text of the license can be  */
   7:Middlewares/ST/usbx/common/usbx_host_classes/src/ux_host_class_storage_media_mount.c **** /*       found in the LICENSE file at https://aka.ms/AzureRTOS_EULA       */
   8:Middlewares/ST/usbx/common/usbx_host_classes/src/ux_host_class_storage_media_mount.c **** /*       and in the root directory of this software.                      */
   9:Middlewares/ST/usbx/common/usbx_host_classes/src/ux_host_class_storage_media_mount.c **** /*                                                                        */
  10:Middlewares/ST/usbx/common/usbx_host_classes/src/ux_host_class_storage_media_mount.c **** /**************************************************************************/
  11:Middlewares/ST/usbx/common/usbx_host_classes/src/ux_host_class_storage_media_mount.c **** 
  12:Middlewares/ST/usbx/common/usbx_host_classes/src/ux_host_class_storage_media_mount.c **** 
  13:Middlewares/ST/usbx/common/usbx_host_classes/src/ux_host_class_storage_media_mount.c **** /**************************************************************************/
  14:Middlewares/ST/usbx/common/usbx_host_classes/src/ux_host_class_storage_media_mount.c **** /**************************************************************************/
  15:Middlewares/ST/usbx/common/usbx_host_classes/src/ux_host_class_storage_media_mount.c **** /**                                                                       */
  16:Middlewares/ST/usbx/common/usbx_host_classes/src/ux_host_class_storage_media_mount.c **** /** USBX Component                                                        */
  17:Middlewares/ST/usbx/common/usbx_host_classes/src/ux_host_class_storage_media_mount.c **** /**                                                                       */
  18:Middlewares/ST/usbx/common/usbx_host_classes/src/ux_host_class_storage_media_mount.c **** /**   Storage Class                                                       */
  19:Middlewares/ST/usbx/common/usbx_host_classes/src/ux_host_class_storage_media_mount.c **** /**                                                                       */
  20:Middlewares/ST/usbx/common/usbx_host_classes/src/ux_host_class_storage_media_mount.c **** /**************************************************************************/
  21:Middlewares/ST/usbx/common/usbx_host_classes/src/ux_host_class_storage_media_mount.c **** /**************************************************************************/
  22:Middlewares/ST/usbx/common/usbx_host_classes/src/ux_host_class_storage_media_mount.c **** 
  23:Middlewares/ST/usbx/common/usbx_host_classes/src/ux_host_class_storage_media_mount.c **** 
  24:Middlewares/ST/usbx/common/usbx_host_classes/src/ux_host_class_storage_media_mount.c **** /* Include necessary system files.  */
  25:Middlewares/ST/usbx/common/usbx_host_classes/src/ux_host_class_storage_media_mount.c **** 
  26:Middlewares/ST/usbx/common/usbx_host_classes/src/ux_host_class_storage_media_mount.c **** #define UX_SOURCE_CODE
  27:Middlewares/ST/usbx/common/usbx_host_classes/src/ux_host_class_storage_media_mount.c **** 
  28:Middlewares/ST/usbx/common/usbx_host_classes/src/ux_host_class_storage_media_mount.c **** #include "ux_api.h"
  29:Middlewares/ST/usbx/common/usbx_host_classes/src/ux_host_class_storage_media_mount.c **** #include "ux_host_class_storage.h"
ARM GAS  C:\Users\HP\AppData\Local\Temp\ccJrU5Bx.s 			page 2


  30:Middlewares/ST/usbx/common/usbx_host_classes/src/ux_host_class_storage_media_mount.c **** #include "ux_host_stack.h"
  31:Middlewares/ST/usbx/common/usbx_host_classes/src/ux_host_class_storage_media_mount.c **** 
  32:Middlewares/ST/usbx/common/usbx_host_classes/src/ux_host_class_storage_media_mount.c **** 
  33:Middlewares/ST/usbx/common/usbx_host_classes/src/ux_host_class_storage_media_mount.c **** /**************************************************************************/
  34:Middlewares/ST/usbx/common/usbx_host_classes/src/ux_host_class_storage_media_mount.c **** /*                                                                        */
  35:Middlewares/ST/usbx/common/usbx_host_classes/src/ux_host_class_storage_media_mount.c **** /*  FUNCTION                                               RELEASE        */
  36:Middlewares/ST/usbx/common/usbx_host_classes/src/ux_host_class_storage_media_mount.c **** /*                                                                        */
  37:Middlewares/ST/usbx/common/usbx_host_classes/src/ux_host_class_storage_media_mount.c **** /*    _ux_host_class_storage_media_mount                  PORTABLE C      */
  38:Middlewares/ST/usbx/common/usbx_host_classes/src/ux_host_class_storage_media_mount.c **** /*                                                           6.1.9        */
  39:Middlewares/ST/usbx/common/usbx_host_classes/src/ux_host_class_storage_media_mount.c **** /*  AUTHOR                                                                */
  40:Middlewares/ST/usbx/common/usbx_host_classes/src/ux_host_class_storage_media_mount.c **** /*                                                                        */
  41:Middlewares/ST/usbx/common/usbx_host_classes/src/ux_host_class_storage_media_mount.c **** /*    Chaoqiong Xiao, Microsoft Corporation                               */
  42:Middlewares/ST/usbx/common/usbx_host_classes/src/ux_host_class_storage_media_mount.c **** /*                                                                        */
  43:Middlewares/ST/usbx/common/usbx_host_classes/src/ux_host_class_storage_media_mount.c **** /*  DESCRIPTION                                                           */
  44:Middlewares/ST/usbx/common/usbx_host_classes/src/ux_host_class_storage_media_mount.c **** /*                                                                        */
  45:Middlewares/ST/usbx/common/usbx_host_classes/src/ux_host_class_storage_media_mount.c **** /*    This function tries to read the first sector on the media. It then  */
  46:Middlewares/ST/usbx/common/usbx_host_classes/src/ux_host_class_storage_media_mount.c **** /*    determines if this is a partition sector or a boot sector. If the   */
  47:Middlewares/ST/usbx/common/usbx_host_classes/src/ux_host_class_storage_media_mount.c **** /*    sector contains partition information, each partition is checked    */
  48:Middlewares/ST/usbx/common/usbx_host_classes/src/ux_host_class_storage_media_mount.c **** /*    for a DOS aware partition and mounted by UX_MEDIA (default FileX).  */
  49:Middlewares/ST/usbx/common/usbx_host_classes/src/ux_host_class_storage_media_mount.c **** /*                                                                        */
  50:Middlewares/ST/usbx/common/usbx_host_classes/src/ux_host_class_storage_media_mount.c **** /*    If there is no partition sector or boot sector, we simply inform    */
  51:Middlewares/ST/usbx/common/usbx_host_classes/src/ux_host_class_storage_media_mount.c **** /*    UX_MEDIA (default FileX) that a device is present and that its boot */
  52:Middlewares/ST/usbx/common/usbx_host_classes/src/ux_host_class_storage_media_mount.c **** /*    sector  should be periodically read to see if the device is mounted.*/
  53:Middlewares/ST/usbx/common/usbx_host_classes/src/ux_host_class_storage_media_mount.c **** /*    This mechanism applies to storage where the media can be removed    */
  54:Middlewares/ST/usbx/common/usbx_host_classes/src/ux_host_class_storage_media_mount.c **** /*    (floppy, ZIP, flash/smart media readers).                           */
  55:Middlewares/ST/usbx/common/usbx_host_classes/src/ux_host_class_storage_media_mount.c **** /*                                                                        */
  56:Middlewares/ST/usbx/common/usbx_host_classes/src/ux_host_class_storage_media_mount.c **** /*  INPUT                                                                 */
  57:Middlewares/ST/usbx/common/usbx_host_classes/src/ux_host_class_storage_media_mount.c **** /*                                                                        */
  58:Middlewares/ST/usbx/common/usbx_host_classes/src/ux_host_class_storage_media_mount.c **** /*    storage                               Pointer to storage class      */
  59:Middlewares/ST/usbx/common/usbx_host_classes/src/ux_host_class_storage_media_mount.c **** /*    sector                                Boot sector start             */
  60:Middlewares/ST/usbx/common/usbx_host_classes/src/ux_host_class_storage_media_mount.c **** /*                                                                        */
  61:Middlewares/ST/usbx/common/usbx_host_classes/src/ux_host_class_storage_media_mount.c **** /*  OUTPUT                                                                */
  62:Middlewares/ST/usbx/common/usbx_host_classes/src/ux_host_class_storage_media_mount.c **** /*                                                                        */
  63:Middlewares/ST/usbx/common/usbx_host_classes/src/ux_host_class_storage_media_mount.c **** /*    Completion Status                                                   */
  64:Middlewares/ST/usbx/common/usbx_host_classes/src/ux_host_class_storage_media_mount.c **** /*                                                                        */
  65:Middlewares/ST/usbx/common/usbx_host_classes/src/ux_host_class_storage_media_mount.c **** /*  CALLS                                                                 */
  66:Middlewares/ST/usbx/common/usbx_host_classes/src/ux_host_class_storage_media_mount.c **** /*                                                                        */
  67:Middlewares/ST/usbx/common/usbx_host_classes/src/ux_host_class_storage_media_mount.c **** /*    _ux_host_class_storage_media_mount    Mount media                   */
  68:Middlewares/ST/usbx/common/usbx_host_classes/src/ux_host_class_storage_media_mount.c **** /*    _ux_host_class_storage_media_open     Open media                    */
  69:Middlewares/ST/usbx/common/usbx_host_classes/src/ux_host_class_storage_media_mount.c **** /*    _ux_host_class_storage_partition_read Read partition                */
  70:Middlewares/ST/usbx/common/usbx_host_classes/src/ux_host_class_storage_media_mount.c **** /*    _ux_host_class_storage_media_read     Read sectors of media         */
  71:Middlewares/ST/usbx/common/usbx_host_classes/src/ux_host_class_storage_media_mount.c **** /*    _ux_host_class_storage_start_stop     Start the media               */
  72:Middlewares/ST/usbx/common/usbx_host_classes/src/ux_host_class_storage_media_mount.c **** /*    _ux_host_class_storage_unit_ready_test                              */
  73:Middlewares/ST/usbx/common/usbx_host_classes/src/ux_host_class_storage_media_mount.c **** /*                                          Test unit ready               */
  74:Middlewares/ST/usbx/common/usbx_host_classes/src/ux_host_class_storage_media_mount.c **** /*    _ux_utility_memory_allocate           Allocate memory block         */
  75:Middlewares/ST/usbx/common/usbx_host_classes/src/ux_host_class_storage_media_mount.c **** /*    _ux_utility_memory_free               Release memory block          */
  76:Middlewares/ST/usbx/common/usbx_host_classes/src/ux_host_class_storage_media_mount.c **** /*    _ux_utility_short_get                 Get 16-bit value              */
  77:Middlewares/ST/usbx/common/usbx_host_classes/src/ux_host_class_storage_media_mount.c **** /*                                                                        */
  78:Middlewares/ST/usbx/common/usbx_host_classes/src/ux_host_class_storage_media_mount.c **** /*  CALLED BY                                                             */
  79:Middlewares/ST/usbx/common/usbx_host_classes/src/ux_host_class_storage_media_mount.c **** /*                                                                        */
  80:Middlewares/ST/usbx/common/usbx_host_classes/src/ux_host_class_storage_media_mount.c **** /*    Storage Class                                                       */
  81:Middlewares/ST/usbx/common/usbx_host_classes/src/ux_host_class_storage_media_mount.c **** /*                                                                        */
  82:Middlewares/ST/usbx/common/usbx_host_classes/src/ux_host_class_storage_media_mount.c **** /*  RELEASE HISTORY                                                       */
  83:Middlewares/ST/usbx/common/usbx_host_classes/src/ux_host_class_storage_media_mount.c **** /*                                                                        */
  84:Middlewares/ST/usbx/common/usbx_host_classes/src/ux_host_class_storage_media_mount.c **** /*    DATE              NAME                      DESCRIPTION             */
  85:Middlewares/ST/usbx/common/usbx_host_classes/src/ux_host_class_storage_media_mount.c **** /*                                                                        */
  86:Middlewares/ST/usbx/common/usbx_host_classes/src/ux_host_class_storage_media_mount.c **** /*  05-19-2020     Chaoqiong Xiao           Initial Version 6.0           */
ARM GAS  C:\Users\HP\AppData\Local\Temp\ccJrU5Bx.s 			page 3


  87:Middlewares/ST/usbx/common/usbx_host_classes/src/ux_host_class_storage_media_mount.c **** /*  09-30-2020     Chaoqiong Xiao           Modified comment(s),          */
  88:Middlewares/ST/usbx/common/usbx_host_classes/src/ux_host_class_storage_media_mount.c **** /*                                            added option to disable FX  */
  89:Middlewares/ST/usbx/common/usbx_host_classes/src/ux_host_class_storage_media_mount.c **** /*                                            media integration,          */
  90:Middlewares/ST/usbx/common/usbx_host_classes/src/ux_host_class_storage_media_mount.c **** /*                                            resulting in version 6.1    */
  91:Middlewares/ST/usbx/common/usbx_host_classes/src/ux_host_class_storage_media_mount.c **** /*  10-15-2021     Chaoqiong Xiao           Modified comment(s),          */
  92:Middlewares/ST/usbx/common/usbx_host_classes/src/ux_host_class_storage_media_mount.c **** /*                                            fixed exFAT mounting,       */
  93:Middlewares/ST/usbx/common/usbx_host_classes/src/ux_host_class_storage_media_mount.c **** /*                                            resulting in version 6.1.9  */
  94:Middlewares/ST/usbx/common/usbx_host_classes/src/ux_host_class_storage_media_mount.c **** /*                                                                        */
  95:Middlewares/ST/usbx/common/usbx_host_classes/src/ux_host_class_storage_media_mount.c **** /**************************************************************************/
  96:Middlewares/ST/usbx/common/usbx_host_classes/src/ux_host_class_storage_media_mount.c **** UINT  _ux_host_class_storage_media_mount(UX_HOST_CLASS_STORAGE *storage, ULONG sector)
  97:Middlewares/ST/usbx/common/usbx_host_classes/src/ux_host_class_storage_media_mount.c **** {
  30              		.loc 1 97 1 view -0
  31              		.cfi_startproc
  32              		@ args = 0, pretend = 0, frame = 0
  33              		@ frame_needed = 0, uses_anonymous_args = 0
  34              		.loc 1 97 1 is_stmt 0 view .LVU1
  35 0000 F8B5     		push	{r3, r4, r5, r6, r7, lr}
  36              	.LCFI0:
  37              		.cfi_def_cfa_offset 24
  38              		.cfi_offset 3, -24
  39              		.cfi_offset 4, -20
  40              		.cfi_offset 5, -16
  41              		.cfi_offset 6, -12
  42              		.cfi_offset 7, -8
  43              		.cfi_offset 14, -4
  44 0002 0446     		mov	r4, r0
  45 0004 0F46     		mov	r7, r1
  98:Middlewares/ST/usbx/common/usbx_host_classes/src/ux_host_class_storage_media_mount.c **** 
  99:Middlewares/ST/usbx/common/usbx_host_classes/src/ux_host_class_storage_media_mount.c **** #if defined(UX_HOST_CLASS_STORAGE_NO_FILEX)
 100:Middlewares/ST/usbx/common/usbx_host_classes/src/ux_host_class_storage_media_mount.c ****     UX_PARAMETER_NOT_USED(storage);
 101:Middlewares/ST/usbx/common/usbx_host_classes/src/ux_host_class_storage_media_mount.c ****     UX_PARAMETER_NOT_USED(sector);
 102:Middlewares/ST/usbx/common/usbx_host_classes/src/ux_host_class_storage_media_mount.c ****     return(UX_FUNCTION_NOT_SUPPORTED);
 103:Middlewares/ST/usbx/common/usbx_host_classes/src/ux_host_class_storage_media_mount.c **** #else
 104:Middlewares/ST/usbx/common/usbx_host_classes/src/ux_host_class_storage_media_mount.c **** UCHAR           *sector_memory;
  46              		.loc 1 104 1 is_stmt 1 view .LVU2
 105:Middlewares/ST/usbx/common/usbx_host_classes/src/ux_host_class_storage_media_mount.c **** UINT            status;
  47              		.loc 1 105 1 view .LVU3
 106:Middlewares/ST/usbx/common/usbx_host_classes/src/ux_host_class_storage_media_mount.c **** 
 107:Middlewares/ST/usbx/common/usbx_host_classes/src/ux_host_class_storage_media_mount.c ****     /* If trace is enabled, insert this event into the trace buffer.  */
 108:Middlewares/ST/usbx/common/usbx_host_classes/src/ux_host_class_storage_media_mount.c ****     UX_TRACE_IN_LINE_INSERT(UX_TRACE_HOST_CLASS_STORAGE_MEDIA_MOUNT, storage, sector, 0, 0, UX_TRAC
 109:Middlewares/ST/usbx/common/usbx_host_classes/src/ux_host_class_storage_media_mount.c **** 
 110:Middlewares/ST/usbx/common/usbx_host_classes/src/ux_host_class_storage_media_mount.c **** #ifdef UX_HOST_CLASS_STORAGE_INCLUDE_LEGACY_PROTOCOL_SUPPORT
 111:Middlewares/ST/usbx/common/usbx_host_classes/src/ux_host_class_storage_media_mount.c ****     /* If the device is UFI, we need to start it.  */
 112:Middlewares/ST/usbx/common/usbx_host_classes/src/ux_host_class_storage_media_mount.c ****     if (storage -> ux_host_class_storage_interface -> ux_interface_descriptor.bInterfaceProtocol ==
 113:Middlewares/ST/usbx/common/usbx_host_classes/src/ux_host_class_storage_media_mount.c ****     {
 114:Middlewares/ST/usbx/common/usbx_host_classes/src/ux_host_class_storage_media_mount.c **** 
 115:Middlewares/ST/usbx/common/usbx_host_classes/src/ux_host_class_storage_media_mount.c ****         /* Start the media.  */
 116:Middlewares/ST/usbx/common/usbx_host_classes/src/ux_host_class_storage_media_mount.c ****         status =  _ux_host_class_storage_start_stop(storage, UX_HOST_CLASS_STORAGE_START_MEDIA);
 117:Middlewares/ST/usbx/common/usbx_host_classes/src/ux_host_class_storage_media_mount.c **** 
 118:Middlewares/ST/usbx/common/usbx_host_classes/src/ux_host_class_storage_media_mount.c ****         /* Check the status. If the device does not start, fail the operation.
 119:Middlewares/ST/usbx/common/usbx_host_classes/src/ux_host_class_storage_media_mount.c ****            But we still return SUCCESS otherwise the storage thread has no chance to inspect this i
 120:Middlewares/ST/usbx/common/usbx_host_classes/src/ux_host_class_storage_media_mount.c ****         if (status != UX_SUCCESS)
 121:Middlewares/ST/usbx/common/usbx_host_classes/src/ux_host_class_storage_media_mount.c ****             return(UX_SUCCESS);
 122:Middlewares/ST/usbx/common/usbx_host_classes/src/ux_host_class_storage_media_mount.c ****     }
 123:Middlewares/ST/usbx/common/usbx_host_classes/src/ux_host_class_storage_media_mount.c **** #endif
 124:Middlewares/ST/usbx/common/usbx_host_classes/src/ux_host_class_storage_media_mount.c **** 
 125:Middlewares/ST/usbx/common/usbx_host_classes/src/ux_host_class_storage_media_mount.c ****     /* Obtain memory for reading the partition sector, we do not use the storage instance
ARM GAS  C:\Users\HP\AppData\Local\Temp\ccJrU5Bx.s 			page 4


 126:Middlewares/ST/usbx/common/usbx_host_classes/src/ux_host_class_storage_media_mount.c ****        memory because this function is reentrant.  */
 127:Middlewares/ST/usbx/common/usbx_host_classes/src/ux_host_class_storage_media_mount.c ****     sector_memory =  _ux_utility_memory_allocate(UX_SAFE_ALIGN, UX_CACHE_SAFE_MEMORY, storage -> ux
  48              		.loc 1 127 5 view .LVU4
  49              		.loc 1 127 22 is_stmt 0 view .LVU5
  50 0006 D0F88820 		ldr	r2, [r0, #136]
  51 000a 0121     		movs	r1, #1
  52              	.LVL1:
  53              		.loc 1 127 22 view .LVU6
  54 000c 4FF0FF30 		mov	r0, #-1
  55              	.LVL2:
  56              		.loc 1 127 22 view .LVU7
  57 0010 FFF7FEFF 		bl	_ux_utility_memory_allocate
  58              	.LVL3:
 128:Middlewares/ST/usbx/common/usbx_host_classes/src/ux_host_class_storage_media_mount.c ****     if (sector_memory == UX_NULL)
  59              		.loc 1 128 5 is_stmt 1 view .LVU8
  60              		.loc 1 128 8 is_stmt 0 view .LVU9
  61 0014 0028     		cmp	r0, #0
  62 0016 4AD0     		beq	.L9
  63 0018 0646     		mov	r6, r0
 129:Middlewares/ST/usbx/common/usbx_host_classes/src/ux_host_class_storage_media_mount.c ****         return(UX_MEMORY_INSUFFICIENT);
 130:Middlewares/ST/usbx/common/usbx_host_classes/src/ux_host_class_storage_media_mount.c **** 
 131:Middlewares/ST/usbx/common/usbx_host_classes/src/ux_host_class_storage_media_mount.c ****     /* Check if the device is now ready.  */
 132:Middlewares/ST/usbx/common/usbx_host_classes/src/ux_host_class_storage_media_mount.c ****     status =  _ux_host_class_storage_unit_ready_test(storage);
  64              		.loc 1 132 5 is_stmt 1 view .LVU10
  65              		.loc 1 132 15 is_stmt 0 view .LVU11
  66 001a 2046     		mov	r0, r4
  67              	.LVL4:
  68              		.loc 1 132 15 view .LVU12
  69 001c FFF7FEFF 		bl	_ux_host_class_storage_unit_ready_test
  70              	.LVL5:
 133:Middlewares/ST/usbx/common/usbx_host_classes/src/ux_host_class_storage_media_mount.c **** 
 134:Middlewares/ST/usbx/common/usbx_host_classes/src/ux_host_class_storage_media_mount.c ****     /* Check the status. There may be a transport error or the device is not ready.  */
 135:Middlewares/ST/usbx/common/usbx_host_classes/src/ux_host_class_storage_media_mount.c ****     if (status == UX_SUCCESS)
  71              		.loc 1 135 5 is_stmt 1 view .LVU13
  72              		.loc 1 135 8 is_stmt 0 view .LVU14
  73 0020 0546     		mov	r5, r0
  74 0022 38B1     		cbz	r0, .L11
  75              	.L3:
 136:Middlewares/ST/usbx/common/usbx_host_classes/src/ux_host_class_storage_media_mount.c **** 
 137:Middlewares/ST/usbx/common/usbx_host_classes/src/ux_host_class_storage_media_mount.c ****         /* Read the very first sector from the media.  */
 138:Middlewares/ST/usbx/common/usbx_host_classes/src/ux_host_class_storage_media_mount.c ****         status =  _ux_host_class_storage_media_read(storage, sector, 1, sector_memory);
 139:Middlewares/ST/usbx/common/usbx_host_classes/src/ux_host_class_storage_media_mount.c **** 
 140:Middlewares/ST/usbx/common/usbx_host_classes/src/ux_host_class_storage_media_mount.c ****     /* Check the status. There may be a transport error or the device is not ready.  */
 141:Middlewares/ST/usbx/common/usbx_host_classes/src/ux_host_class_storage_media_mount.c ****     if (status != UX_SUCCESS)
  76              		.loc 1 141 5 is_stmt 1 view .LVU15
  77              		.loc 1 141 8 is_stmt 0 view .LVU16
  78 0024 85B1     		cbz	r5, .L4
 142:Middlewares/ST/usbx/common/usbx_host_classes/src/ux_host_class_storage_media_mount.c ****     {
 143:Middlewares/ST/usbx/common/usbx_host_classes/src/ux_host_class_storage_media_mount.c **** 
 144:Middlewares/ST/usbx/common/usbx_host_classes/src/ux_host_class_storage_media_mount.c ****         /* In any case, we free the sector memory.  */
 145:Middlewares/ST/usbx/common/usbx_host_classes/src/ux_host_class_storage_media_mount.c ****         _ux_utility_memory_free(sector_memory);
  79              		.loc 1 145 9 is_stmt 1 view .LVU17
  80 0026 3046     		mov	r0, r6
  81              	.LVL6:
  82              		.loc 1 145 9 is_stmt 0 view .LVU18
  83 0028 FFF7FEFF 		bl	_ux_utility_memory_free
  84              	.LVL7:
ARM GAS  C:\Users\HP\AppData\Local\Temp\ccJrU5Bx.s 			page 5


 146:Middlewares/ST/usbx/common/usbx_host_classes/src/ux_host_class_storage_media_mount.c **** 
 147:Middlewares/ST/usbx/common/usbx_host_classes/src/ux_host_class_storage_media_mount.c ****         if (status == UX_HOST_CLASS_STORAGE_SENSE_ERROR)
  85              		.loc 1 147 9 is_stmt 1 view .LVU19
  86              		.loc 1 147 12 is_stmt 0 view .LVU20
  87 002c 032D     		cmp	r5, #3
  88 002e 09D0     		beq	.L12
  89              	.LVL8:
  90              	.L1:
 148:Middlewares/ST/usbx/common/usbx_host_classes/src/ux_host_class_storage_media_mount.c **** 
 149:Middlewares/ST/usbx/common/usbx_host_classes/src/ux_host_class_storage_media_mount.c ****             /* The media is not there, so we will try to check for it at the storage
 150:Middlewares/ST/usbx/common/usbx_host_classes/src/ux_host_class_storage_media_mount.c ****                thread level every x seconds.  */
 151:Middlewares/ST/usbx/common/usbx_host_classes/src/ux_host_class_storage_media_mount.c ****             return(UX_SUCCESS);
 152:Middlewares/ST/usbx/common/usbx_host_classes/src/ux_host_class_storage_media_mount.c **** 
 153:Middlewares/ST/usbx/common/usbx_host_classes/src/ux_host_class_storage_media_mount.c ****         /* Since there was a transport error or command error, we do not try to mount
 154:Middlewares/ST/usbx/common/usbx_host_classes/src/ux_host_class_storage_media_mount.c ****            a fake media.  */
 155:Middlewares/ST/usbx/common/usbx_host_classes/src/ux_host_class_storage_media_mount.c ****         return(status);
 156:Middlewares/ST/usbx/common/usbx_host_classes/src/ux_host_class_storage_media_mount.c ****     }
 157:Middlewares/ST/usbx/common/usbx_host_classes/src/ux_host_class_storage_media_mount.c **** 
 158:Middlewares/ST/usbx/common/usbx_host_classes/src/ux_host_class_storage_media_mount.c ****     /* We need to examine this sector and determine if this is a partition sector
 159:Middlewares/ST/usbx/common/usbx_host_classes/src/ux_host_class_storage_media_mount.c ****        or a boot sector.  */
 160:Middlewares/ST/usbx/common/usbx_host_classes/src/ux_host_class_storage_media_mount.c ****     if (_ux_utility_short_get(sector_memory + 510) == UX_HOST_CLASS_STORAGE_PARTITION_SIGNATURE)
 161:Middlewares/ST/usbx/common/usbx_host_classes/src/ux_host_class_storage_media_mount.c ****     {
 162:Middlewares/ST/usbx/common/usbx_host_classes/src/ux_host_class_storage_media_mount.c **** 
 163:Middlewares/ST/usbx/common/usbx_host_classes/src/ux_host_class_storage_media_mount.c ****         /* If we have a signature, we know it is a valid media and it may be formatted.
 164:Middlewares/ST/usbx/common/usbx_host_classes/src/ux_host_class_storage_media_mount.c ****            If there is no signature, the media exist but maybe not formatted. Now determine
 165:Middlewares/ST/usbx/common/usbx_host_classes/src/ux_host_class_storage_media_mount.c ****            if this is a boot sector. The boot sector has a special signature in the first
 166:Middlewares/ST/usbx/common/usbx_host_classes/src/ux_host_class_storage_media_mount.c ****            couple of bytes.
 167:Middlewares/ST/usbx/common/usbx_host_classes/src/ux_host_class_storage_media_mount.c ****            BUT !!! The first boot sector of an iPod is actually a partition, so we need to
 168:Middlewares/ST/usbx/common/usbx_host_classes/src/ux_host_class_storage_media_mount.c ****            look further and see if the number of sector per FAT and the first partition are
 169:Middlewares/ST/usbx/common/usbx_host_classes/src/ux_host_class_storage_media_mount.c ****            set to 0. This will indicate a partition sector. Though exFAT has no BIOS parameters
 170:Middlewares/ST/usbx/common/usbx_host_classes/src/ux_host_class_storage_media_mount.c ****            block and should be excluded in this case.
 171:Middlewares/ST/usbx/common/usbx_host_classes/src/ux_host_class_storage_media_mount.c ****            */
 172:Middlewares/ST/usbx/common/usbx_host_classes/src/ux_host_class_storage_media_mount.c ****         if ((*sector_memory == 0xe9) || ((*sector_memory == 0xeb) && *(sector_memory + 2) == 0x90))
 173:Middlewares/ST/usbx/common/usbx_host_classes/src/ux_host_class_storage_media_mount.c ****         {
 174:Middlewares/ST/usbx/common/usbx_host_classes/src/ux_host_class_storage_media_mount.c **** 
 175:Middlewares/ST/usbx/common/usbx_host_classes/src/ux_host_class_storage_media_mount.c ****             /* Check for fake boot sector.  */
 176:Middlewares/ST/usbx/common/usbx_host_classes/src/ux_host_class_storage_media_mount.c ****             if (_ux_utility_short_get(sector_memory + 0x16) != 0x0 ||
 177:Middlewares/ST/usbx/common/usbx_host_classes/src/ux_host_class_storage_media_mount.c ****                 _ux_utility_long_get(sector_memory + 0x24) != 0x0 ||
 178:Middlewares/ST/usbx/common/usbx_host_classes/src/ux_host_class_storage_media_mount.c ****                 (*(sector_memory + 1) == 0x76) /* exFAT volume  */)
 179:Middlewares/ST/usbx/common/usbx_host_classes/src/ux_host_class_storage_media_mount.c ****             {
 180:Middlewares/ST/usbx/common/usbx_host_classes/src/ux_host_class_storage_media_mount.c **** 
 181:Middlewares/ST/usbx/common/usbx_host_classes/src/ux_host_class_storage_media_mount.c ****                 /* This is a boot sector signature.  */
 182:Middlewares/ST/usbx/common/usbx_host_classes/src/ux_host_class_storage_media_mount.c ****                 _ux_host_class_storage_media_open(storage, sector);
 183:Middlewares/ST/usbx/common/usbx_host_classes/src/ux_host_class_storage_media_mount.c ****                 _ux_utility_memory_free(sector_memory);
 184:Middlewares/ST/usbx/common/usbx_host_classes/src/ux_host_class_storage_media_mount.c ****                 return(UX_SUCCESS);
 185:Middlewares/ST/usbx/common/usbx_host_classes/src/ux_host_class_storage_media_mount.c ****             }
 186:Middlewares/ST/usbx/common/usbx_host_classes/src/ux_host_class_storage_media_mount.c ****         }
 187:Middlewares/ST/usbx/common/usbx_host_classes/src/ux_host_class_storage_media_mount.c **** 
 188:Middlewares/ST/usbx/common/usbx_host_classes/src/ux_host_class_storage_media_mount.c ****         _ux_host_class_storage_partition_read(storage, sector_memory, sector);
 189:Middlewares/ST/usbx/common/usbx_host_classes/src/ux_host_class_storage_media_mount.c ****         _ux_utility_memory_free(sector_memory);
 190:Middlewares/ST/usbx/common/usbx_host_classes/src/ux_host_class_storage_media_mount.c ****         return(UX_SUCCESS);
 191:Middlewares/ST/usbx/common/usbx_host_classes/src/ux_host_class_storage_media_mount.c ****     }
 192:Middlewares/ST/usbx/common/usbx_host_classes/src/ux_host_class_storage_media_mount.c ****     else
 193:Middlewares/ST/usbx/common/usbx_host_classes/src/ux_host_class_storage_media_mount.c ****     {
 194:Middlewares/ST/usbx/common/usbx_host_classes/src/ux_host_class_storage_media_mount.c **** 
 195:Middlewares/ST/usbx/common/usbx_host_classes/src/ux_host_class_storage_media_mount.c ****         /* The drive does not contain a partition table or FAT MBR at LBA 0*/
 196:Middlewares/ST/usbx/common/usbx_host_classes/src/ux_host_class_storage_media_mount.c ****         status =  UX_ERROR;
ARM GAS  C:\Users\HP\AppData\Local\Temp\ccJrU5Bx.s 			page 6


 197:Middlewares/ST/usbx/common/usbx_host_classes/src/ux_host_class_storage_media_mount.c ****     }
 198:Middlewares/ST/usbx/common/usbx_host_classes/src/ux_host_class_storage_media_mount.c **** 
 199:Middlewares/ST/usbx/common/usbx_host_classes/src/ux_host_class_storage_media_mount.c ****     /* Free all resources used.  */
 200:Middlewares/ST/usbx/common/usbx_host_classes/src/ux_host_class_storage_media_mount.c ****     _ux_utility_memory_free(sector_memory);
 201:Middlewares/ST/usbx/common/usbx_host_classes/src/ux_host_class_storage_media_mount.c **** 
 202:Middlewares/ST/usbx/common/usbx_host_classes/src/ux_host_class_storage_media_mount.c ****     /* Return completion status.  */
 203:Middlewares/ST/usbx/common/usbx_host_classes/src/ux_host_class_storage_media_mount.c ****     return(status);
 204:Middlewares/ST/usbx/common/usbx_host_classes/src/ux_host_class_storage_media_mount.c **** #endif /* !defined(UX_HOST_CLASS_STORAGE_NO_FILEX) */
 205:Middlewares/ST/usbx/common/usbx_host_classes/src/ux_host_class_storage_media_mount.c **** }
  91              		.loc 1 205 1 view .LVU21
  92 0030 2846     		mov	r0, r5
  93 0032 F8BD     		pop	{r3, r4, r5, r6, r7, pc}
  94              	.LVL9:
  95              	.L11:
 138:Middlewares/ST/usbx/common/usbx_host_classes/src/ux_host_class_storage_media_mount.c **** 
  96              		.loc 1 138 9 is_stmt 1 view .LVU22
 138:Middlewares/ST/usbx/common/usbx_host_classes/src/ux_host_class_storage_media_mount.c **** 
  97              		.loc 1 138 19 is_stmt 0 view .LVU23
  98 0034 3346     		mov	r3, r6
  99 0036 0122     		movs	r2, #1
 100 0038 3946     		mov	r1, r7
 101 003a 2046     		mov	r0, r4
 102              	.LVL10:
 138:Middlewares/ST/usbx/common/usbx_host_classes/src/ux_host_class_storage_media_mount.c **** 
 103              		.loc 1 138 19 view .LVU24
 104 003c FFF7FEFF 		bl	_ux_host_class_storage_media_read
 105              	.LVL11:
 106 0040 0546     		mov	r5, r0
 107              	.LVL12:
 138:Middlewares/ST/usbx/common/usbx_host_classes/src/ux_host_class_storage_media_mount.c **** 
 108              		.loc 1 138 19 view .LVU25
 109 0042 EFE7     		b	.L3
 110              	.LVL13:
 111              	.L12:
 151:Middlewares/ST/usbx/common/usbx_host_classes/src/ux_host_class_storage_media_mount.c **** 
 112              		.loc 1 151 19 view .LVU26
 113 0044 0025     		movs	r5, #0
 114              	.LVL14:
 151:Middlewares/ST/usbx/common/usbx_host_classes/src/ux_host_class_storage_media_mount.c **** 
 115              		.loc 1 151 19 view .LVU27
 116 0046 F3E7     		b	.L1
 117              	.LVL15:
 118              	.L4:
 160:Middlewares/ST/usbx/common/usbx_host_classes/src/ux_host_class_storage_media_mount.c ****     {
 119              		.loc 1 160 5 is_stmt 1 view .LVU28
 160:Middlewares/ST/usbx/common/usbx_host_classes/src/ux_host_class_storage_media_mount.c ****     {
 120              		.loc 1 160 9 is_stmt 0 view .LVU29
 121 0048 06F5FF70 		add	r0, r6, #510
 122              	.LVL16:
 160:Middlewares/ST/usbx/common/usbx_host_classes/src/ux_host_class_storage_media_mount.c ****     {
 123              		.loc 1 160 9 view .LVU30
 124 004c FFF7FEFF 		bl	_ux_utility_short_get
 125              	.LVL17:
 160:Middlewares/ST/usbx/common/usbx_host_classes/src/ux_host_class_storage_media_mount.c ****     {
 126              		.loc 1 160 8 view .LVU31
 127 0050 4AF65523 		movw	r3, #43605
 128 0054 9842     		cmp	r0, r3
ARM GAS  C:\Users\HP\AppData\Local\Temp\ccJrU5Bx.s 			page 7


 129 0056 25D1     		bne	.L5
 172:Middlewares/ST/usbx/common/usbx_host_classes/src/ux_host_class_storage_media_mount.c ****         {
 130              		.loc 1 172 9 is_stmt 1 view .LVU32
 172:Middlewares/ST/usbx/common/usbx_host_classes/src/ux_host_class_storage_media_mount.c ****         {
 131              		.loc 1 172 14 is_stmt 0 view .LVU33
 132 0058 3378     		ldrb	r3, [r6]	@ zero_extendqisi2
 172:Middlewares/ST/usbx/common/usbx_host_classes/src/ux_host_class_storage_media_mount.c ****         {
 133              		.loc 1 172 12 view .LVU34
 134 005a E92B     		cmp	r3, #233
 135 005c 04D0     		beq	.L6
 172:Middlewares/ST/usbx/common/usbx_host_classes/src/ux_host_class_storage_media_mount.c ****         {
 136              		.loc 1 172 38 discriminator 1 view .LVU35
 137 005e EB2B     		cmp	r3, #235
 138 0060 0FD1     		bne	.L7
 172:Middlewares/ST/usbx/common/usbx_host_classes/src/ux_host_class_storage_media_mount.c ****         {
 139              		.loc 1 172 70 discriminator 2 view .LVU36
 140 0062 B378     		ldrb	r3, [r6, #2]	@ zero_extendqisi2
 172:Middlewares/ST/usbx/common/usbx_host_classes/src/ux_host_class_storage_media_mount.c ****         {
 141              		.loc 1 172 67 discriminator 2 view .LVU37
 142 0064 902B     		cmp	r3, #144
 143 0066 0CD1     		bne	.L7
 144              	.L6:
 176:Middlewares/ST/usbx/common/usbx_host_classes/src/ux_host_class_storage_media_mount.c ****                 _ux_utility_long_get(sector_memory + 0x24) != 0x0 ||
 145              		.loc 1 176 13 is_stmt 1 view .LVU38
 176:Middlewares/ST/usbx/common/usbx_host_classes/src/ux_host_class_storage_media_mount.c ****                 _ux_utility_long_get(sector_memory + 0x24) != 0x0 ||
 146              		.loc 1 176 17 is_stmt 0 view .LVU39
 147 0068 06F11600 		add	r0, r6, #22
 148 006c FFF7FEFF 		bl	_ux_utility_short_get
 149              	.LVL18:
 176:Middlewares/ST/usbx/common/usbx_host_classes/src/ux_host_class_storage_media_mount.c ****                 _ux_utility_long_get(sector_memory + 0x24) != 0x0 ||
 150              		.loc 1 176 16 view .LVU40
 151 0070 80B9     		cbnz	r0, .L8
 177:Middlewares/ST/usbx/common/usbx_host_classes/src/ux_host_class_storage_media_mount.c ****                 (*(sector_memory + 1) == 0x76) /* exFAT volume  */)
 152              		.loc 1 177 17 discriminator 1 view .LVU41
 153 0072 06F12400 		add	r0, r6, #36
 154 0076 FFF7FEFF 		bl	_ux_utility_long_get
 155              	.LVL19:
 176:Middlewares/ST/usbx/common/usbx_host_classes/src/ux_host_class_storage_media_mount.c ****                 _ux_utility_long_get(sector_memory + 0x24) != 0x0 ||
 156              		.loc 1 176 68 discriminator 1 view .LVU42
 157 007a 58B9     		cbnz	r0, .L8
 178:Middlewares/ST/usbx/common/usbx_host_classes/src/ux_host_class_storage_media_mount.c ****             {
 158              		.loc 1 178 18 view .LVU43
 159 007c 7378     		ldrb	r3, [r6, #1]	@ zero_extendqisi2
 177:Middlewares/ST/usbx/common/usbx_host_classes/src/ux_host_class_storage_media_mount.c ****                 (*(sector_memory + 1) == 0x76) /* exFAT volume  */)
 160              		.loc 1 177 67 view .LVU44
 161 007e 762B     		cmp	r3, #118
 162 0080 08D0     		beq	.L8
 163              	.L7:
 188:Middlewares/ST/usbx/common/usbx_host_classes/src/ux_host_class_storage_media_mount.c ****         _ux_utility_memory_free(sector_memory);
 164              		.loc 1 188 9 is_stmt 1 view .LVU45
 165 0082 3A46     		mov	r2, r7
 166 0084 3146     		mov	r1, r6
 167 0086 2046     		mov	r0, r4
 168 0088 FFF7FEFF 		bl	_ux_host_class_storage_partition_read
 169              	.LVL20:
 189:Middlewares/ST/usbx/common/usbx_host_classes/src/ux_host_class_storage_media_mount.c ****         return(UX_SUCCESS);
 170              		.loc 1 189 9 view .LVU46
ARM GAS  C:\Users\HP\AppData\Local\Temp\ccJrU5Bx.s 			page 8


 171 008c 3046     		mov	r0, r6
 172 008e FFF7FEFF 		bl	_ux_utility_memory_free
 173              	.LVL21:
 190:Middlewares/ST/usbx/common/usbx_host_classes/src/ux_host_class_storage_media_mount.c ****     }
 174              		.loc 1 190 9 view .LVU47
 190:Middlewares/ST/usbx/common/usbx_host_classes/src/ux_host_class_storage_media_mount.c ****     }
 175              		.loc 1 190 15 is_stmt 0 view .LVU48
 176 0092 CDE7     		b	.L1
 177              	.L8:
 182:Middlewares/ST/usbx/common/usbx_host_classes/src/ux_host_class_storage_media_mount.c ****                 _ux_utility_memory_free(sector_memory);
 178              		.loc 1 182 17 is_stmt 1 view .LVU49
 179 0094 3946     		mov	r1, r7
 180 0096 2046     		mov	r0, r4
 181 0098 FFF7FEFF 		bl	_ux_host_class_storage_media_open
 182              	.LVL22:
 183:Middlewares/ST/usbx/common/usbx_host_classes/src/ux_host_class_storage_media_mount.c ****                 return(UX_SUCCESS);
 183              		.loc 1 183 17 view .LVU50
 184 009c 3046     		mov	r0, r6
 185 009e FFF7FEFF 		bl	_ux_utility_memory_free
 186              	.LVL23:
 184:Middlewares/ST/usbx/common/usbx_host_classes/src/ux_host_class_storage_media_mount.c ****             }
 187              		.loc 1 184 17 view .LVU51
 184:Middlewares/ST/usbx/common/usbx_host_classes/src/ux_host_class_storage_media_mount.c ****             }
 188              		.loc 1 184 23 is_stmt 0 view .LVU52
 189 00a2 C5E7     		b	.L1
 190              	.L5:
 196:Middlewares/ST/usbx/common/usbx_host_classes/src/ux_host_class_storage_media_mount.c ****     }
 191              		.loc 1 196 9 is_stmt 1 view .LVU53
 192              	.LVL24:
 200:Middlewares/ST/usbx/common/usbx_host_classes/src/ux_host_class_storage_media_mount.c **** 
 193              		.loc 1 200 5 view .LVU54
 194 00a4 3046     		mov	r0, r6
 195 00a6 FFF7FEFF 		bl	_ux_utility_memory_free
 196              	.LVL25:
 203:Middlewares/ST/usbx/common/usbx_host_classes/src/ux_host_class_storage_media_mount.c **** #endif /* !defined(UX_HOST_CLASS_STORAGE_NO_FILEX) */
 197              		.loc 1 203 5 view .LVU55
 203:Middlewares/ST/usbx/common/usbx_host_classes/src/ux_host_class_storage_media_mount.c **** #endif /* !defined(UX_HOST_CLASS_STORAGE_NO_FILEX) */
 198              		.loc 1 203 11 is_stmt 0 view .LVU56
 199 00aa FF25     		movs	r5, #255
 200 00ac C0E7     		b	.L1
 201              	.LVL26:
 202              	.L9:
 129:Middlewares/ST/usbx/common/usbx_host_classes/src/ux_host_class_storage_media_mount.c **** 
 203              		.loc 1 129 15 view .LVU57
 204 00ae 1225     		movs	r5, #18
 205 00b0 BEE7     		b	.L1
 206              		.cfi_endproc
 207              	.LFE11:
 209              		.text
 210              	.Letext0:
 211              		.file 2 "Middlewares/ST/threadx/ports/cortex_m4/gnu/inc/tx_port.h"
 212              		.file 3 "Middlewares/ST/threadx/common/inc/tx_api.h"
 213              		.file 4 "Middlewares/ST/usbx/common/core/inc/ux_api.h"
 214              		.file 5 "Middlewares/ST/usbx/common/usbx_host_classes/inc/ux_host_class_storage.h"
 215              		.file 6 "Middlewares/ST/usbx/common/core/inc/ux_utility.h"
ARM GAS  C:\Users\HP\AppData\Local\Temp\ccJrU5Bx.s 			page 9


DEFINED SYMBOLS
                            *ABS*:00000000 ux_host_class_storage_media_mount.c
C:\Users\HP\AppData\Local\Temp\ccJrU5Bx.s:20     .text._ux_host_class_storage_media_mount:00000000 $t
C:\Users\HP\AppData\Local\Temp\ccJrU5Bx.s:26     .text._ux_host_class_storage_media_mount:00000000 _ux_host_class_storage_media_mount

UNDEFINED SYMBOLS
_ux_utility_memory_allocate
_ux_host_class_storage_unit_ready_test
_ux_utility_memory_free
_ux_host_class_storage_media_read
_ux_utility_short_get
_ux_utility_long_get
_ux_host_class_storage_partition_read
_ux_host_class_storage_media_open
