ARM GAS  C:\Users\HP\AppData\Local\Temp\ccWdGWU1.s 			page 1


   1              		.cpu cortex-m4
   2              		.arch armv7e-m
   3              		.fpu fpv4-sp-d16
   4              		.eabi_attribute 27, 1
   5              		.eabi_attribute 28, 1
   6              		.eabi_attribute 20, 1
   7              		.eabi_attribute 21, 1
   8              		.eabi_attribute 23, 3
   9              		.eabi_attribute 24, 1
  10              		.eabi_attribute 25, 1
  11              		.eabi_attribute 26, 1
  12              		.eabi_attribute 30, 1
  13              		.eabi_attribute 34, 1
  14              		.eabi_attribute 18, 4
  15              		.file	"ux_host_stack_transfer_request_abort.c"
  16              		.text
  17              	.Ltext0:
  18              		.cfi_sections	.debug_frame
  19              		.section	.text._ux_host_stack_transfer_request_abort,"ax",%progbits
  20              		.align	1
  21              		.global	_ux_host_stack_transfer_request_abort
  22              		.syntax unified
  23              		.thumb
  24              		.thumb_func
  26              	_ux_host_stack_transfer_request_abort:
  27              	.LVL0:
  28              	.LFB11:
  29              		.file 1 "Middlewares/ST/usbx/common/core/src/ux_host_stack_transfer_request_abort.c"
   1:Middlewares/ST/usbx/common/core/src/ux_host_stack_transfer_request_abort.c **** /**************************************************************************/
   2:Middlewares/ST/usbx/common/core/src/ux_host_stack_transfer_request_abort.c **** /*                                                                        */
   3:Middlewares/ST/usbx/common/core/src/ux_host_stack_transfer_request_abort.c **** /*       Copyright (c) Microsoft Corporation. All rights reserved.        */
   4:Middlewares/ST/usbx/common/core/src/ux_host_stack_transfer_request_abort.c **** /*                                                                        */
   5:Middlewares/ST/usbx/common/core/src/ux_host_stack_transfer_request_abort.c **** /*       This software is licensed under the Microsoft Software License   */
   6:Middlewares/ST/usbx/common/core/src/ux_host_stack_transfer_request_abort.c **** /*       Terms for Microsoft Azure RTOS. Full text of the license can be  */
   7:Middlewares/ST/usbx/common/core/src/ux_host_stack_transfer_request_abort.c **** /*       found in the LICENSE file at https://aka.ms/AzureRTOS_EULA       */
   8:Middlewares/ST/usbx/common/core/src/ux_host_stack_transfer_request_abort.c **** /*       and in the root directory of this software.                      */
   9:Middlewares/ST/usbx/common/core/src/ux_host_stack_transfer_request_abort.c **** /*                                                                        */
  10:Middlewares/ST/usbx/common/core/src/ux_host_stack_transfer_request_abort.c **** /**************************************************************************/
  11:Middlewares/ST/usbx/common/core/src/ux_host_stack_transfer_request_abort.c **** 
  12:Middlewares/ST/usbx/common/core/src/ux_host_stack_transfer_request_abort.c **** 
  13:Middlewares/ST/usbx/common/core/src/ux_host_stack_transfer_request_abort.c **** /**************************************************************************/
  14:Middlewares/ST/usbx/common/core/src/ux_host_stack_transfer_request_abort.c **** /**************************************************************************/
  15:Middlewares/ST/usbx/common/core/src/ux_host_stack_transfer_request_abort.c **** /**                                                                       */ 
  16:Middlewares/ST/usbx/common/core/src/ux_host_stack_transfer_request_abort.c **** /** USBX Component                                                        */ 
  17:Middlewares/ST/usbx/common/core/src/ux_host_stack_transfer_request_abort.c **** /**                                                                       */
  18:Middlewares/ST/usbx/common/core/src/ux_host_stack_transfer_request_abort.c **** /**   Host Stack                                                          */
  19:Middlewares/ST/usbx/common/core/src/ux_host_stack_transfer_request_abort.c **** /**                                                                       */
  20:Middlewares/ST/usbx/common/core/src/ux_host_stack_transfer_request_abort.c **** /**************************************************************************/
  21:Middlewares/ST/usbx/common/core/src/ux_host_stack_transfer_request_abort.c **** /**************************************************************************/
  22:Middlewares/ST/usbx/common/core/src/ux_host_stack_transfer_request_abort.c **** 
  23:Middlewares/ST/usbx/common/core/src/ux_host_stack_transfer_request_abort.c **** 
  24:Middlewares/ST/usbx/common/core/src/ux_host_stack_transfer_request_abort.c **** /* Include necessary system files.  */
  25:Middlewares/ST/usbx/common/core/src/ux_host_stack_transfer_request_abort.c **** 
  26:Middlewares/ST/usbx/common/core/src/ux_host_stack_transfer_request_abort.c **** #define UX_SOURCE_CODE
  27:Middlewares/ST/usbx/common/core/src/ux_host_stack_transfer_request_abort.c **** 
  28:Middlewares/ST/usbx/common/core/src/ux_host_stack_transfer_request_abort.c **** #include "ux_api.h"
  29:Middlewares/ST/usbx/common/core/src/ux_host_stack_transfer_request_abort.c **** #include "ux_host_stack.h"
ARM GAS  C:\Users\HP\AppData\Local\Temp\ccWdGWU1.s 			page 2


  30:Middlewares/ST/usbx/common/core/src/ux_host_stack_transfer_request_abort.c **** 
  31:Middlewares/ST/usbx/common/core/src/ux_host_stack_transfer_request_abort.c **** 
  32:Middlewares/ST/usbx/common/core/src/ux_host_stack_transfer_request_abort.c **** /**************************************************************************/ 
  33:Middlewares/ST/usbx/common/core/src/ux_host_stack_transfer_request_abort.c **** /*                                                                        */ 
  34:Middlewares/ST/usbx/common/core/src/ux_host_stack_transfer_request_abort.c **** /*  FUNCTION                                               RELEASE        */ 
  35:Middlewares/ST/usbx/common/core/src/ux_host_stack_transfer_request_abort.c **** /*                                                                        */ 
  36:Middlewares/ST/usbx/common/core/src/ux_host_stack_transfer_request_abort.c **** /*    _ux_host_stack_transfer_request_abort               PORTABLE C      */ 
  37:Middlewares/ST/usbx/common/core/src/ux_host_stack_transfer_request_abort.c **** /*                                                           6.2.0        */
  38:Middlewares/ST/usbx/common/core/src/ux_host_stack_transfer_request_abort.c **** /*  AUTHOR                                                                */
  39:Middlewares/ST/usbx/common/core/src/ux_host_stack_transfer_request_abort.c **** /*                                                                        */
  40:Middlewares/ST/usbx/common/core/src/ux_host_stack_transfer_request_abort.c **** /*    Chaoqiong Xiao, Microsoft Corporation                               */
  41:Middlewares/ST/usbx/common/core/src/ux_host_stack_transfer_request_abort.c **** /*                                                                        */
  42:Middlewares/ST/usbx/common/core/src/ux_host_stack_transfer_request_abort.c **** /*  DESCRIPTION                                                           */
  43:Middlewares/ST/usbx/common/core/src/ux_host_stack_transfer_request_abort.c **** /*                                                                        */ 
  44:Middlewares/ST/usbx/common/core/src/ux_host_stack_transfer_request_abort.c **** /*    This function aborts a pending transfer request that has been       */ 
  45:Middlewares/ST/usbx/common/core/src/ux_host_stack_transfer_request_abort.c **** /*    previously submitted. This function only cancels the specific       */ 
  46:Middlewares/ST/usbx/common/core/src/ux_host_stack_transfer_request_abort.c **** /*    transfer request.                                                   */
  47:Middlewares/ST/usbx/common/core/src/ux_host_stack_transfer_request_abort.c **** /*                                                                        */
  48:Middlewares/ST/usbx/common/core/src/ux_host_stack_transfer_request_abort.c **** /*    The call back to the function will have the                         */ 
  49:Middlewares/ST/usbx/common/core/src/ux_host_stack_transfer_request_abort.c **** /*    UX_TRANSFER_STATUS_ABORT status.                                    */  
  50:Middlewares/ST/usbx/common/core/src/ux_host_stack_transfer_request_abort.c **** /*                                                                        */ 
  51:Middlewares/ST/usbx/common/core/src/ux_host_stack_transfer_request_abort.c **** /*  INPUT                                                                 */ 
  52:Middlewares/ST/usbx/common/core/src/ux_host_stack_transfer_request_abort.c **** /*                                                                        */ 
  53:Middlewares/ST/usbx/common/core/src/ux_host_stack_transfer_request_abort.c **** /*    transfer_request                      Transfer request structure    */ 
  54:Middlewares/ST/usbx/common/core/src/ux_host_stack_transfer_request_abort.c **** /*                                                                        */ 
  55:Middlewares/ST/usbx/common/core/src/ux_host_stack_transfer_request_abort.c **** /*  OUTPUT                                                                */ 
  56:Middlewares/ST/usbx/common/core/src/ux_host_stack_transfer_request_abort.c **** /*                                                                        */ 
  57:Middlewares/ST/usbx/common/core/src/ux_host_stack_transfer_request_abort.c **** /*    Completion Status                     If UX_SUCCESS, transfer was   */ 
  58:Middlewares/ST/usbx/common/core/src/ux_host_stack_transfer_request_abort.c **** /*                                            successfully aborted        */ 
  59:Middlewares/ST/usbx/common/core/src/ux_host_stack_transfer_request_abort.c **** /*                                                                        */ 
  60:Middlewares/ST/usbx/common/core/src/ux_host_stack_transfer_request_abort.c **** /*  CALLS                                                                 */ 
  61:Middlewares/ST/usbx/common/core/src/ux_host_stack_transfer_request_abort.c **** /*                                                                        */ 
  62:Middlewares/ST/usbx/common/core/src/ux_host_stack_transfer_request_abort.c **** /*    HCD Entry Function                                                  */ 
  63:Middlewares/ST/usbx/common/core/src/ux_host_stack_transfer_request_abort.c **** /*    Transfer Completion Function                                        */ 
  64:Middlewares/ST/usbx/common/core/src/ux_host_stack_transfer_request_abort.c **** /*    _ux_utility_semaphore_put             Put semaphore                 */
  65:Middlewares/ST/usbx/common/core/src/ux_host_stack_transfer_request_abort.c **** /*                                                                        */ 
  66:Middlewares/ST/usbx/common/core/src/ux_host_stack_transfer_request_abort.c **** /*  CALLED BY                                                             */ 
  67:Middlewares/ST/usbx/common/core/src/ux_host_stack_transfer_request_abort.c **** /*                                                                        */ 
  68:Middlewares/ST/usbx/common/core/src/ux_host_stack_transfer_request_abort.c **** /*    Application                                                         */ 
  69:Middlewares/ST/usbx/common/core/src/ux_host_stack_transfer_request_abort.c **** /*    USBX Components                                                     */ 
  70:Middlewares/ST/usbx/common/core/src/ux_host_stack_transfer_request_abort.c **** /*                                                                        */ 
  71:Middlewares/ST/usbx/common/core/src/ux_host_stack_transfer_request_abort.c **** /*  RELEASE HISTORY                                                       */ 
  72:Middlewares/ST/usbx/common/core/src/ux_host_stack_transfer_request_abort.c **** /*                                                                        */ 
  73:Middlewares/ST/usbx/common/core/src/ux_host_stack_transfer_request_abort.c **** /*    DATE              NAME                      DESCRIPTION             */ 
  74:Middlewares/ST/usbx/common/core/src/ux_host_stack_transfer_request_abort.c **** /*                                                                        */ 
  75:Middlewares/ST/usbx/common/core/src/ux_host_stack_transfer_request_abort.c **** /*  05-19-2020     Chaoqiong Xiao           Initial Version 6.0           */
  76:Middlewares/ST/usbx/common/core/src/ux_host_stack_transfer_request_abort.c **** /*  09-30-2020     Chaoqiong Xiao           Modified comment(s),          */
  77:Middlewares/ST/usbx/common/core/src/ux_host_stack_transfer_request_abort.c **** /*                                            optimized based on compile  */
  78:Middlewares/ST/usbx/common/core/src/ux_host_stack_transfer_request_abort.c **** /*                                            definitions,                */
  79:Middlewares/ST/usbx/common/core/src/ux_host_stack_transfer_request_abort.c **** /*                                            resulting in version 6.1    */
  80:Middlewares/ST/usbx/common/core/src/ux_host_stack_transfer_request_abort.c **** /*  06-02-2021     Chaoqiong Xiao           Modified comment(s),          */
  81:Middlewares/ST/usbx/common/core/src/ux_host_stack_transfer_request_abort.c **** /*                                            fixed trace enabled error,  */
  82:Middlewares/ST/usbx/common/core/src/ux_host_stack_transfer_request_abort.c **** /*                                            resulting in version 6.1.7  */
  83:Middlewares/ST/usbx/common/core/src/ux_host_stack_transfer_request_abort.c **** /*  01-31-2022     Chaoqiong Xiao           Modified comment(s),          */
  84:Middlewares/ST/usbx/common/core/src/ux_host_stack_transfer_request_abort.c **** /*                                            added standalone support,   */
  85:Middlewares/ST/usbx/common/core/src/ux_host_stack_transfer_request_abort.c **** /*                                            resulting in version 6.1.10 */
  86:Middlewares/ST/usbx/common/core/src/ux_host_stack_transfer_request_abort.c **** /*  10-31-2022     Chaoqiong Xiao           Modified comment(s),          */
ARM GAS  C:\Users\HP\AppData\Local\Temp\ccWdGWU1.s 			page 3


  87:Middlewares/ST/usbx/common/core/src/ux_host_stack_transfer_request_abort.c **** /*                                            resulting in version 6.2.0  */
  88:Middlewares/ST/usbx/common/core/src/ux_host_stack_transfer_request_abort.c **** /*                                                                        */
  89:Middlewares/ST/usbx/common/core/src/ux_host_stack_transfer_request_abort.c **** /**************************************************************************/
  90:Middlewares/ST/usbx/common/core/src/ux_host_stack_transfer_request_abort.c **** UINT  _ux_host_stack_transfer_request_abort(UX_TRANSFER *transfer_request)
  91:Middlewares/ST/usbx/common/core/src/ux_host_stack_transfer_request_abort.c **** {
  30              		.loc 1 91 1 view -0
  31              		.cfi_startproc
  32              		@ args = 0, pretend = 0, frame = 0
  33              		@ frame_needed = 0, uses_anonymous_args = 0
  34              		.loc 1 91 1 is_stmt 0 view .LVU1
  35 0000 38B5     		push	{r3, r4, r5, lr}
  36              	.LCFI0:
  37              		.cfi_def_cfa_offset 16
  38              		.cfi_offset 3, -16
  39              		.cfi_offset 4, -12
  40              		.cfi_offset 5, -8
  41              		.cfi_offset 14, -4
  42 0002 0446     		mov	r4, r0
  92:Middlewares/ST/usbx/common/core/src/ux_host_stack_transfer_request_abort.c **** 
  93:Middlewares/ST/usbx/common/core/src/ux_host_stack_transfer_request_abort.c **** UX_HCD          *hcd;
  43              		.loc 1 93 1 is_stmt 1 view .LVU2
  94:Middlewares/ST/usbx/common/core/src/ux_host_stack_transfer_request_abort.c **** ULONG           completion_code;
  44              		.loc 1 94 1 view .LVU3
  95:Middlewares/ST/usbx/common/core/src/ux_host_stack_transfer_request_abort.c **** 
  96:Middlewares/ST/usbx/common/core/src/ux_host_stack_transfer_request_abort.c **** 
  97:Middlewares/ST/usbx/common/core/src/ux_host_stack_transfer_request_abort.c ****     /* If trace is enabled, insert this event into the trace buffer.  */
  98:Middlewares/ST/usbx/common/core/src/ux_host_stack_transfer_request_abort.c ****     UX_TRACE_IN_LINE_INSERT(UX_TRACE_HOST_STACK_TRANSFER_REQUEST_ABORT,
  99:Middlewares/ST/usbx/common/core/src/ux_host_stack_transfer_request_abort.c ****         transfer_request -> ux_transfer_request_endpoint -> ux_endpoint_device,
 100:Middlewares/ST/usbx/common/core/src/ux_host_stack_transfer_request_abort.c ****         transfer_request -> ux_transfer_request_endpoint,
 101:Middlewares/ST/usbx/common/core/src/ux_host_stack_transfer_request_abort.c ****         transfer_request, 0, UX_TRACE_HOST_STACK_EVENTS, 0, 0)
 102:Middlewares/ST/usbx/common/core/src/ux_host_stack_transfer_request_abort.c ****     
 103:Middlewares/ST/usbx/common/core/src/ux_host_stack_transfer_request_abort.c ****     /* With the device we have the pointer to the HCD.  */
 104:Middlewares/ST/usbx/common/core/src/ux_host_stack_transfer_request_abort.c ****     hcd = UX_DEVICE_HCD_GET(transfer_request -> ux_transfer_request_endpoint -> ux_endpoint_device)
  45              		.loc 1 104 5 view .LVU4
  46              		.loc 1 104 11 is_stmt 0 view .LVU5
  47 0004 104B     		ldr	r3, .L6
  48 0006 1B68     		ldr	r3, [r3]
  49              		.loc 1 104 9 view .LVU6
  50 0008 D868     		ldr	r0, [r3, #12]
  51              	.LVL1:
 105:Middlewares/ST/usbx/common/core/src/ux_host_stack_transfer_request_abort.c **** 
 106:Middlewares/ST/usbx/common/core/src/ux_host_stack_transfer_request_abort.c ****     /* Check pending transaction.  */
 107:Middlewares/ST/usbx/common/core/src/ux_host_stack_transfer_request_abort.c ****     if (transfer_request -> ux_transfer_request_completion_code == UX_TRANSFER_STATUS_PENDING)
  52              		.loc 1 107 5 is_stmt 1 view .LVU7
  53              		.loc 1 107 26 is_stmt 0 view .LVU8
  54 000a 636B     		ldr	r3, [r4, #52]
  55              		.loc 1 107 8 view .LVU9
  56 000c 012B     		cmp	r3, #1
  57 000e 01D0     		beq	.L5
  58              	.LVL2:
  59              	.L2:
 108:Middlewares/ST/usbx/common/core/src/ux_host_stack_transfer_request_abort.c ****     {
 109:Middlewares/ST/usbx/common/core/src/ux_host_stack_transfer_request_abort.c **** 
 110:Middlewares/ST/usbx/common/core/src/ux_host_stack_transfer_request_abort.c ****         /* Send the abort command to the controller.  */    
 111:Middlewares/ST/usbx/common/core/src/ux_host_stack_transfer_request_abort.c ****         hcd -> ux_hcd_entry_function(hcd, UX_HCD_TRANSFER_ABORT, transfer_request);
 112:Middlewares/ST/usbx/common/core/src/ux_host_stack_transfer_request_abort.c **** 
 113:Middlewares/ST/usbx/common/core/src/ux_host_stack_transfer_request_abort.c ****         /* Save the completion code since we're about to set it to ABORT. The
ARM GAS  C:\Users\HP\AppData\Local\Temp\ccWdGWU1.s 			page 4


 114:Middlewares/ST/usbx/common/core/src/ux_host_stack_transfer_request_abort.c ****            reason we can't just assume its value is PENDING is that in between
 115:Middlewares/ST/usbx/common/core/src/ux_host_stack_transfer_request_abort.c ****            the completion code check and this line, it's possible that the transfer
 116:Middlewares/ST/usbx/common/core/src/ux_host_stack_transfer_request_abort.c ****            completed (by HCD function call below, or ISR), which would've
 117:Middlewares/ST/usbx/common/core/src/ux_host_stack_transfer_request_abort.c ****            changed the completion code to SUCCESS and put the semaphore.
 118:Middlewares/ST/usbx/common/core/src/ux_host_stack_transfer_request_abort.c ****            Even it's recommended to keep completion code untouched to let things
 119:Middlewares/ST/usbx/common/core/src/ux_host_stack_transfer_request_abort.c ****            changed later here.
 120:Middlewares/ST/usbx/common/core/src/ux_host_stack_transfer_request_abort.c ****            Such a case is valid, and we want to make sure we don't put() the
 121:Middlewares/ST/usbx/common/core/src/ux_host_stack_transfer_request_abort.c ****            transfer request's semaphore again.  */
 122:Middlewares/ST/usbx/common/core/src/ux_host_stack_transfer_request_abort.c ****         completion_code =  transfer_request -> ux_transfer_request_completion_code;
 123:Middlewares/ST/usbx/common/core/src/ux_host_stack_transfer_request_abort.c **** 
 124:Middlewares/ST/usbx/common/core/src/ux_host_stack_transfer_request_abort.c ****         /* Set the transfer_request status to abort.  */
 125:Middlewares/ST/usbx/common/core/src/ux_host_stack_transfer_request_abort.c ****         transfer_request -> ux_transfer_request_completion_code =  UX_TRANSFER_STATUS_ABORT;
 126:Middlewares/ST/usbx/common/core/src/ux_host_stack_transfer_request_abort.c **** 
 127:Middlewares/ST/usbx/common/core/src/ux_host_stack_transfer_request_abort.c ****         /* We need to inform the class that owns this transfer_request of the 
 128:Middlewares/ST/usbx/common/core/src/ux_host_stack_transfer_request_abort.c ****            abort if there is a call back mechanism.  */
 129:Middlewares/ST/usbx/common/core/src/ux_host_stack_transfer_request_abort.c ****         if (transfer_request -> ux_transfer_request_completion_function != UX_NULL)
 130:Middlewares/ST/usbx/common/core/src/ux_host_stack_transfer_request_abort.c ****             transfer_request -> ux_transfer_request_completion_function(transfer_request);
 131:Middlewares/ST/usbx/common/core/src/ux_host_stack_transfer_request_abort.c ****        
 132:Middlewares/ST/usbx/common/core/src/ux_host_stack_transfer_request_abort.c ****         /* Is a thread waiting on the semaphore?  */
 133:Middlewares/ST/usbx/common/core/src/ux_host_stack_transfer_request_abort.c ****         if (/* Is the transfer pending?  */
 134:Middlewares/ST/usbx/common/core/src/ux_host_stack_transfer_request_abort.c ****             completion_code == UX_TRANSFER_STATUS_PENDING &&
 135:Middlewares/ST/usbx/common/core/src/ux_host_stack_transfer_request_abort.c **** #if !defined(UX_HOST_STANDALONE)
 136:Middlewares/ST/usbx/common/core/src/ux_host_stack_transfer_request_abort.c ****             /* Is the thread waiting not this one? (clearly we're not waiting!)  */
 137:Middlewares/ST/usbx/common/core/src/ux_host_stack_transfer_request_abort.c ****             transfer_request -> ux_transfer_request_thread_pending != _ux_utility_thread_identify()
 138:Middlewares/ST/usbx/common/core/src/ux_host_stack_transfer_request_abort.c **** #endif
 139:Middlewares/ST/usbx/common/core/src/ux_host_stack_transfer_request_abort.c ****             /* Does the transfer request not have a completion function?  */
 140:Middlewares/ST/usbx/common/core/src/ux_host_stack_transfer_request_abort.c ****             transfer_request -> ux_transfer_request_completion_function == UX_NULL)
 141:Middlewares/ST/usbx/common/core/src/ux_host_stack_transfer_request_abort.c **** 
 142:Middlewares/ST/usbx/common/core/src/ux_host_stack_transfer_request_abort.c ****             /* Wake up the semaphore for this request.  */
 143:Middlewares/ST/usbx/common/core/src/ux_host_stack_transfer_request_abort.c ****             _ux_host_semaphore_put(&transfer_request -> ux_transfer_request_semaphore);
 144:Middlewares/ST/usbx/common/core/src/ux_host_stack_transfer_request_abort.c ****     }
 145:Middlewares/ST/usbx/common/core/src/ux_host_stack_transfer_request_abort.c ****     
 146:Middlewares/ST/usbx/common/core/src/ux_host_stack_transfer_request_abort.c ****     /* This function never fails!  */
 147:Middlewares/ST/usbx/common/core/src/ux_host_stack_transfer_request_abort.c ****     return(UX_SUCCESS);       
  60              		.loc 1 147 5 is_stmt 1 view .LVU10
 148:Middlewares/ST/usbx/common/core/src/ux_host_stack_transfer_request_abort.c **** }
  61              		.loc 1 148 1 is_stmt 0 view .LVU11
  62 0010 0020     		movs	r0, #0
  63 0012 38BD     		pop	{r3, r4, r5, pc}
  64              	.LVL3:
  65              	.L5:
 111:Middlewares/ST/usbx/common/core/src/ux_host_stack_transfer_request_abort.c **** 
  66              		.loc 1 111 9 is_stmt 1 view .LVU12
 111:Middlewares/ST/usbx/common/core/src/ux_host_stack_transfer_request_abort.c **** 
  67              		.loc 1 111 13 is_stmt 0 view .LVU13
  68 0014 036F     		ldr	r3, [r0, #112]
 111:Middlewares/ST/usbx/common/core/src/ux_host_stack_transfer_request_abort.c **** 
  69              		.loc 1 111 9 view .LVU14
  70 0016 2246     		mov	r2, r4
  71 0018 0D21     		movs	r1, #13
  72 001a 9847     		blx	r3
  73              	.LVL4:
 122:Middlewares/ST/usbx/common/core/src/ux_host_stack_transfer_request_abort.c **** 
  74              		.loc 1 122 9 is_stmt 1 view .LVU15
 122:Middlewares/ST/usbx/common/core/src/ux_host_stack_transfer_request_abort.c **** 
  75              		.loc 1 122 25 is_stmt 0 view .LVU16
  76 001c 656B     		ldr	r5, [r4, #52]
ARM GAS  C:\Users\HP\AppData\Local\Temp\ccWdGWU1.s 			page 5


  77              	.LVL5:
 125:Middlewares/ST/usbx/common/core/src/ux_host_stack_transfer_request_abort.c **** 
  78              		.loc 1 125 9 is_stmt 1 view .LVU17
 125:Middlewares/ST/usbx/common/core/src/ux_host_stack_transfer_request_abort.c **** 
  79              		.loc 1 125 65 is_stmt 0 view .LVU18
  80 001e 0423     		movs	r3, #4
  81 0020 6363     		str	r3, [r4, #52]
 129:Middlewares/ST/usbx/common/core/src/ux_host_stack_transfer_request_abort.c ****             transfer_request -> ux_transfer_request_completion_function(transfer_request);
  82              		.loc 1 129 9 is_stmt 1 view .LVU19
 129:Middlewares/ST/usbx/common/core/src/ux_host_stack_transfer_request_abort.c ****             transfer_request -> ux_transfer_request_completion_function(transfer_request);
  83              		.loc 1 129 30 is_stmt 0 view .LVU20
  84 0022 636A     		ldr	r3, [r4, #36]
 129:Middlewares/ST/usbx/common/core/src/ux_host_stack_transfer_request_abort.c ****             transfer_request -> ux_transfer_request_completion_function(transfer_request);
  85              		.loc 1 129 12 view .LVU21
  86 0024 0BB1     		cbz	r3, .L3
 130:Middlewares/ST/usbx/common/core/src/ux_host_stack_transfer_request_abort.c ****        
  87              		.loc 1 130 13 is_stmt 1 view .LVU22
  88 0026 2046     		mov	r0, r4
  89 0028 9847     		blx	r3
  90              	.LVL6:
  91              	.L3:
 133:Middlewares/ST/usbx/common/core/src/ux_host_stack_transfer_request_abort.c ****             completion_code == UX_TRANSFER_STATUS_PENDING &&
  92              		.loc 1 133 9 view .LVU23
 133:Middlewares/ST/usbx/common/core/src/ux_host_stack_transfer_request_abort.c ****             completion_code == UX_TRANSFER_STATUS_PENDING &&
  93              		.loc 1 133 12 is_stmt 0 view .LVU24
  94 002a 012D     		cmp	r5, #1
  95 002c F0D1     		bne	.L2
 137:Middlewares/ST/usbx/common/core/src/ux_host_stack_transfer_request_abort.c **** #endif
  96              		.loc 1 137 30 view .LVU25
  97 002e 256E     		ldr	r5, [r4, #96]
  98              	.LVL7:
 137:Middlewares/ST/usbx/common/core/src/ux_host_stack_transfer_request_abort.c **** #endif
  99              		.loc 1 137 71 view .LVU26
 100 0030 FFF7FEFF 		bl	_ux_utility_thread_identify
 101              	.LVL8:
 134:Middlewares/ST/usbx/common/core/src/ux_host_stack_transfer_request_abort.c **** #if !defined(UX_HOST_STANDALONE)
 102              		.loc 1 134 59 view .LVU27
 103 0034 8542     		cmp	r5, r0
 104 0036 EBD0     		beq	.L2
 140:Middlewares/ST/usbx/common/core/src/ux_host_stack_transfer_request_abort.c **** 
 105              		.loc 1 140 30 view .LVU28
 106 0038 636A     		ldr	r3, [r4, #36]
 137:Middlewares/ST/usbx/common/core/src/ux_host_stack_transfer_request_abort.c **** #endif
 107              		.loc 1 137 101 view .LVU29
 108 003a 002B     		cmp	r3, #0
 109 003c E8D1     		bne	.L2
 143:Middlewares/ST/usbx/common/core/src/ux_host_stack_transfer_request_abort.c ****     }
 110              		.loc 1 143 13 is_stmt 1 view .LVU30
 111 003e 04F14400 		add	r0, r4, #68
 112 0042 FFF7FEFF 		bl	_ux_utility_semaphore_put
 113              	.LVL9:
 114 0046 E3E7     		b	.L2
 115              	.L7:
 116              		.align	2
 117              	.L6:
 118 0048 00000000 		.word	_ux_system_host
 119              		.cfi_endproc
ARM GAS  C:\Users\HP\AppData\Local\Temp\ccWdGWU1.s 			page 6


 120              	.LFE11:
 122              		.text
 123              	.Letext0:
 124              		.file 2 "Middlewares/ST/threadx/ports/cortex_m4/gnu/inc/tx_port.h"
 125              		.file 3 "Middlewares/ST/threadx/common/inc/tx_api.h"
 126              		.file 4 "Middlewares/ST/usbx/common/core/inc/ux_api.h"
 127              		.file 5 "Middlewares/ST/usbx/common/core/inc/ux_system.h"
 128              		.file 6 "Middlewares/ST/usbx/common/core/inc/ux_utility.h"
ARM GAS  C:\Users\HP\AppData\Local\Temp\ccWdGWU1.s 			page 7


DEFINED SYMBOLS
                            *ABS*:00000000 ux_host_stack_transfer_request_abort.c
C:\Users\HP\AppData\Local\Temp\ccWdGWU1.s:20     .text._ux_host_stack_transfer_request_abort:00000000 $t
C:\Users\HP\AppData\Local\Temp\ccWdGWU1.s:26     .text._ux_host_stack_transfer_request_abort:00000000 _ux_host_stack_transfer_request_abort
C:\Users\HP\AppData\Local\Temp\ccWdGWU1.s:118    .text._ux_host_stack_transfer_request_abort:00000048 $d

UNDEFINED SYMBOLS
_ux_utility_thread_identify
_ux_utility_semaphore_put
_ux_system_host
