ARM GAS  C:\Users\HP\AppData\Local\Temp\cc3Q8lVk.s 			page 1


   1              		.cpu cortex-m4
   2              		.arch armv7e-m
   3              		.fpu fpv4-sp-d16
   4              		.eabi_attribute 27, 1
   5              		.eabi_attribute 28, 1
   6              		.eabi_attribute 20, 1
   7              		.eabi_attribute 21, 1
   8              		.eabi_attribute 23, 3
   9              		.eabi_attribute 24, 1
  10              		.eabi_attribute 25, 1
  11              		.eabi_attribute 26, 1
  12              		.eabi_attribute 30, 1
  13              		.eabi_attribute 34, 1
  14              		.eabi_attribute 18, 4
  15              		.file	"ux_host_stack_configuration_interface_scan.c"
  16              		.text
  17              	.Ltext0:
  18              		.cfi_sections	.debug_frame
  19              		.section	.text._ux_host_stack_configuration_interface_scan,"ax",%progbits
  20              		.align	1
  21              		.global	_ux_host_stack_configuration_interface_scan
  22              		.syntax unified
  23              		.thumb
  24              		.thumb_func
  26              	_ux_host_stack_configuration_interface_scan:
  27              	.LVL0:
  28              	.LFB11:
  29              		.file 1 "Middlewares/ST/usbx/common/core/src/ux_host_stack_configuration_interface_scan.c"
   1:Middlewares/ST/usbx/common/core/src/ux_host_stack_configuration_interface_scan.c **** /**************************************************************************/
   2:Middlewares/ST/usbx/common/core/src/ux_host_stack_configuration_interface_scan.c **** /*                                                                        */
   3:Middlewares/ST/usbx/common/core/src/ux_host_stack_configuration_interface_scan.c **** /*       Copyright (c) Microsoft Corporation. All rights reserved.        */
   4:Middlewares/ST/usbx/common/core/src/ux_host_stack_configuration_interface_scan.c **** /*                                                                        */
   5:Middlewares/ST/usbx/common/core/src/ux_host_stack_configuration_interface_scan.c **** /*       This software is licensed under the Microsoft Software License   */
   6:Middlewares/ST/usbx/common/core/src/ux_host_stack_configuration_interface_scan.c **** /*       Terms for Microsoft Azure RTOS. Full text of the license can be  */
   7:Middlewares/ST/usbx/common/core/src/ux_host_stack_configuration_interface_scan.c **** /*       found in the LICENSE file at https://aka.ms/AzureRTOS_EULA       */
   8:Middlewares/ST/usbx/common/core/src/ux_host_stack_configuration_interface_scan.c **** /*       and in the root directory of this software.                      */
   9:Middlewares/ST/usbx/common/core/src/ux_host_stack_configuration_interface_scan.c **** /*                                                                        */
  10:Middlewares/ST/usbx/common/core/src/ux_host_stack_configuration_interface_scan.c **** /**************************************************************************/
  11:Middlewares/ST/usbx/common/core/src/ux_host_stack_configuration_interface_scan.c **** 
  12:Middlewares/ST/usbx/common/core/src/ux_host_stack_configuration_interface_scan.c **** 
  13:Middlewares/ST/usbx/common/core/src/ux_host_stack_configuration_interface_scan.c **** /**************************************************************************/
  14:Middlewares/ST/usbx/common/core/src/ux_host_stack_configuration_interface_scan.c **** /**************************************************************************/
  15:Middlewares/ST/usbx/common/core/src/ux_host_stack_configuration_interface_scan.c **** /**                                                                       */
  16:Middlewares/ST/usbx/common/core/src/ux_host_stack_configuration_interface_scan.c **** /** USBX Component                                                        */
  17:Middlewares/ST/usbx/common/core/src/ux_host_stack_configuration_interface_scan.c **** /**                                                                       */
  18:Middlewares/ST/usbx/common/core/src/ux_host_stack_configuration_interface_scan.c **** /**   Host Stack                                                          */
  19:Middlewares/ST/usbx/common/core/src/ux_host_stack_configuration_interface_scan.c **** /**                                                                       */
  20:Middlewares/ST/usbx/common/core/src/ux_host_stack_configuration_interface_scan.c **** /**************************************************************************/
  21:Middlewares/ST/usbx/common/core/src/ux_host_stack_configuration_interface_scan.c **** /**************************************************************************/
  22:Middlewares/ST/usbx/common/core/src/ux_host_stack_configuration_interface_scan.c **** 
  23:Middlewares/ST/usbx/common/core/src/ux_host_stack_configuration_interface_scan.c **** 
  24:Middlewares/ST/usbx/common/core/src/ux_host_stack_configuration_interface_scan.c **** /* Include necessary system files.  */
  25:Middlewares/ST/usbx/common/core/src/ux_host_stack_configuration_interface_scan.c **** 
  26:Middlewares/ST/usbx/common/core/src/ux_host_stack_configuration_interface_scan.c **** #define UX_SOURCE_CODE
  27:Middlewares/ST/usbx/common/core/src/ux_host_stack_configuration_interface_scan.c **** 
  28:Middlewares/ST/usbx/common/core/src/ux_host_stack_configuration_interface_scan.c **** #include "ux_api.h"
  29:Middlewares/ST/usbx/common/core/src/ux_host_stack_configuration_interface_scan.c **** #include "ux_host_stack.h"
ARM GAS  C:\Users\HP\AppData\Local\Temp\cc3Q8lVk.s 			page 2


  30:Middlewares/ST/usbx/common/core/src/ux_host_stack_configuration_interface_scan.c **** 
  31:Middlewares/ST/usbx/common/core/src/ux_host_stack_configuration_interface_scan.c **** 
  32:Middlewares/ST/usbx/common/core/src/ux_host_stack_configuration_interface_scan.c **** /**************************************************************************/
  33:Middlewares/ST/usbx/common/core/src/ux_host_stack_configuration_interface_scan.c **** /*                                                                        */
  34:Middlewares/ST/usbx/common/core/src/ux_host_stack_configuration_interface_scan.c **** /*  FUNCTION                                               RELEASE        */
  35:Middlewares/ST/usbx/common/core/src/ux_host_stack_configuration_interface_scan.c **** /*                                                                        */
  36:Middlewares/ST/usbx/common/core/src/ux_host_stack_configuration_interface_scan.c **** /*    _ux_host_stack_configuration_interface_scan         PORTABLE C      */
  37:Middlewares/ST/usbx/common/core/src/ux_host_stack_configuration_interface_scan.c **** /*                                                           6.1.12       */
  38:Middlewares/ST/usbx/common/core/src/ux_host_stack_configuration_interface_scan.c **** /*  AUTHOR                                                                */
  39:Middlewares/ST/usbx/common/core/src/ux_host_stack_configuration_interface_scan.c **** /*                                                                        */
  40:Middlewares/ST/usbx/common/core/src/ux_host_stack_configuration_interface_scan.c **** /*    Chaoqiong Xiao, Microsoft Corporation                               */
  41:Middlewares/ST/usbx/common/core/src/ux_host_stack_configuration_interface_scan.c **** /*                                                                        */
  42:Middlewares/ST/usbx/common/core/src/ux_host_stack_configuration_interface_scan.c **** /*  DESCRIPTION                                                           */
  43:Middlewares/ST/usbx/common/core/src/ux_host_stack_configuration_interface_scan.c **** /*                                                                        */
  44:Middlewares/ST/usbx/common/core/src/ux_host_stack_configuration_interface_scan.c **** /*    This function will scan all default interfaces for a specific       */
  45:Middlewares/ST/usbx/common/core/src/ux_host_stack_configuration_interface_scan.c **** /*    configuration and call the registered class with the                */
  46:Middlewares/ST/usbx/common/core/src/ux_host_stack_configuration_interface_scan.c **** /*    Class/SubClass/Protocol of the interface.                           */
  47:Middlewares/ST/usbx/common/core/src/ux_host_stack_configuration_interface_scan.c **** /*                                                                        */
  48:Middlewares/ST/usbx/common/core/src/ux_host_stack_configuration_interface_scan.c **** /*  INPUT                                                                 */
  49:Middlewares/ST/usbx/common/core/src/ux_host_stack_configuration_interface_scan.c **** /*                                                                        */
  50:Middlewares/ST/usbx/common/core/src/ux_host_stack_configuration_interface_scan.c **** /*    configuration                         Configuration pointer         */
  51:Middlewares/ST/usbx/common/core/src/ux_host_stack_configuration_interface_scan.c **** /*                                                                        */
  52:Middlewares/ST/usbx/common/core/src/ux_host_stack_configuration_interface_scan.c **** /*  OUTPUT                                                                */
  53:Middlewares/ST/usbx/common/core/src/ux_host_stack_configuration_interface_scan.c **** /*                                                                        */
  54:Middlewares/ST/usbx/common/core/src/ux_host_stack_configuration_interface_scan.c **** /*    Result of operation                                                 */
  55:Middlewares/ST/usbx/common/core/src/ux_host_stack_configuration_interface_scan.c **** /*                                                                        */
  56:Middlewares/ST/usbx/common/core/src/ux_host_stack_configuration_interface_scan.c **** /*  CALLS                                                                 */
  57:Middlewares/ST/usbx/common/core/src/ux_host_stack_configuration_interface_scan.c **** /*                                                                        */
  58:Middlewares/ST/usbx/common/core/src/ux_host_stack_configuration_interface_scan.c **** /*    _ux_host_stack_class_call             Call class command            */
  59:Middlewares/ST/usbx/common/core/src/ux_host_stack_configuration_interface_scan.c **** /*    _ux_host_stack_device_configuration_select                          */
  60:Middlewares/ST/usbx/common/core/src/ux_host_stack_configuration_interface_scan.c **** /*                                          Select configuration          */
  61:Middlewares/ST/usbx/common/core/src/ux_host_stack_configuration_interface_scan.c **** /*    _ux_host_stack_class_call             Call class from host stack    */
  62:Middlewares/ST/usbx/common/core/src/ux_host_stack_configuration_interface_scan.c **** /*    (ux_host_class_entry_function)        Class entry function          */
  63:Middlewares/ST/usbx/common/core/src/ux_host_stack_configuration_interface_scan.c **** /*                                                                        */
  64:Middlewares/ST/usbx/common/core/src/ux_host_stack_configuration_interface_scan.c **** /*  CALLED BY                                                             */
  65:Middlewares/ST/usbx/common/core/src/ux_host_stack_configuration_interface_scan.c **** /*                                                                        */
  66:Middlewares/ST/usbx/common/core/src/ux_host_stack_configuration_interface_scan.c **** /*    USBX Components                                                     */
  67:Middlewares/ST/usbx/common/core/src/ux_host_stack_configuration_interface_scan.c **** /*                                                                        */
  68:Middlewares/ST/usbx/common/core/src/ux_host_stack_configuration_interface_scan.c **** /*  RELEASE HISTORY                                                       */
  69:Middlewares/ST/usbx/common/core/src/ux_host_stack_configuration_interface_scan.c **** /*                                                                        */
  70:Middlewares/ST/usbx/common/core/src/ux_host_stack_configuration_interface_scan.c **** /*    DATE              NAME                      DESCRIPTION             */
  71:Middlewares/ST/usbx/common/core/src/ux_host_stack_configuration_interface_scan.c **** /*                                                                        */
  72:Middlewares/ST/usbx/common/core/src/ux_host_stack_configuration_interface_scan.c **** /*  02-02-2021     Chaoqiong Xiao           Initial Version 6.1.4         */
  73:Middlewares/ST/usbx/common/core/src/ux_host_stack_configuration_interface_scan.c **** /*  01-31-2022     Chaoqiong Xiao           Modified comment(s),          */
  74:Middlewares/ST/usbx/common/core/src/ux_host_stack_configuration_interface_scan.c **** /*                                            added standalone support,   */
  75:Middlewares/ST/usbx/common/core/src/ux_host_stack_configuration_interface_scan.c **** /*                                            resulting in version 6.1.10 */
  76:Middlewares/ST/usbx/common/core/src/ux_host_stack_configuration_interface_scan.c **** /*  07-29-2022     Chaoqiong Xiao           Modified comment(s),          */
  77:Middlewares/ST/usbx/common/core/src/ux_host_stack_configuration_interface_scan.c **** /*                                            fixed parameter/variable    */
  78:Middlewares/ST/usbx/common/core/src/ux_host_stack_configuration_interface_scan.c **** /*                                            names conflict C++ keyword, */
  79:Middlewares/ST/usbx/common/core/src/ux_host_stack_configuration_interface_scan.c **** /*                                            resulting in version 6.1.12 */
  80:Middlewares/ST/usbx/common/core/src/ux_host_stack_configuration_interface_scan.c **** /*                                                                        */
  81:Middlewares/ST/usbx/common/core/src/ux_host_stack_configuration_interface_scan.c **** /**************************************************************************/
  82:Middlewares/ST/usbx/common/core/src/ux_host_stack_configuration_interface_scan.c **** UINT  _ux_host_stack_configuration_interface_scan(UX_CONFIGURATION *configuration)
  83:Middlewares/ST/usbx/common/core/src/ux_host_stack_configuration_interface_scan.c **** {
  30              		.loc 1 83 1 view -0
  31              		.cfi_startproc
  32              		@ args = 0, pretend = 0, frame = 56
ARM GAS  C:\Users\HP\AppData\Local\Temp\cc3Q8lVk.s 			page 3


  33              		@ frame_needed = 0, uses_anonymous_args = 0
  34              		.loc 1 83 1 is_stmt 0 view .LVU1
  35 0000 70B5     		push	{r4, r5, r6, lr}
  36              	.LCFI0:
  37              		.cfi_def_cfa_offset 16
  38              		.cfi_offset 4, -16
  39              		.cfi_offset 5, -12
  40              		.cfi_offset 6, -8
  41              		.cfi_offset 14, -4
  42 0002 8EB0     		sub	sp, sp, #56
  43              	.LCFI1:
  44              		.cfi_def_cfa_offset 72
  45 0004 0646     		mov	r6, r0
  84:Middlewares/ST/usbx/common/core/src/ux_host_stack_configuration_interface_scan.c **** 
  85:Middlewares/ST/usbx/common/core/src/ux_host_stack_configuration_interface_scan.c **** UX_INTERFACE            *interface_ptr;
  46              		.loc 1 85 1 is_stmt 1 view .LVU2
  86:Middlewares/ST/usbx/common/core/src/ux_host_stack_configuration_interface_scan.c **** UINT                    nb_class_owners;
  47              		.loc 1 86 1 view .LVU3
  87:Middlewares/ST/usbx/common/core/src/ux_host_stack_configuration_interface_scan.c **** UX_HOST_CLASS           *class_ptr;
  48              		.loc 1 87 1 view .LVU4
  88:Middlewares/ST/usbx/common/core/src/ux_host_stack_configuration_interface_scan.c **** UX_HOST_CLASS_COMMAND   class_command;
  49              		.loc 1 88 1 view .LVU5
  89:Middlewares/ST/usbx/common/core/src/ux_host_stack_configuration_interface_scan.c **** UINT                    status;
  50              		.loc 1 89 1 view .LVU6
  90:Middlewares/ST/usbx/common/core/src/ux_host_stack_configuration_interface_scan.c **** 
  91:Middlewares/ST/usbx/common/core/src/ux_host_stack_configuration_interface_scan.c **** 
  92:Middlewares/ST/usbx/common/core/src/ux_host_stack_configuration_interface_scan.c ****     /* Initialize class owners to 0.  */
  93:Middlewares/ST/usbx/common/core/src/ux_host_stack_configuration_interface_scan.c ****     nb_class_owners =  0;
  51              		.loc 1 93 5 view .LVU7
  52              	.LVL1:
  94:Middlewares/ST/usbx/common/core/src/ux_host_stack_configuration_interface_scan.c **** 
  95:Middlewares/ST/usbx/common/core/src/ux_host_stack_configuration_interface_scan.c ****     /* Get the first interface container for this configuration.  */
  96:Middlewares/ST/usbx/common/core/src/ux_host_stack_configuration_interface_scan.c ****     interface_ptr =  configuration -> ux_configuration_first_interface;
  53              		.loc 1 96 5 view .LVU8
  54              		.loc 1 96 19 is_stmt 0 view .LVU9
  55 0006 C46A     		ldr	r4, [r0, #44]
  56              	.LVL2:
  97:Middlewares/ST/usbx/common/core/src/ux_host_stack_configuration_interface_scan.c **** 
  98:Middlewares/ST/usbx/common/core/src/ux_host_stack_configuration_interface_scan.c ****     /* We now scan all the alternate settings 0 for each of the interfaces.  */
  99:Middlewares/ST/usbx/common/core/src/ux_host_stack_configuration_interface_scan.c ****     while (interface_ptr !=  UX_NULL)
  57              		.loc 1 99 5 is_stmt 1 view .LVU10
  93:Middlewares/ST/usbx/common/core/src/ux_host_stack_configuration_interface_scan.c **** 
  58              		.loc 1 93 21 is_stmt 0 view .LVU11
  59 0008 0025     		movs	r5, #0
  60              		.loc 1 99 11 view .LVU12
  61 000a 02E0     		b	.L2
  62              	.LVL3:
  63              	.L12:
 100:Middlewares/ST/usbx/common/core/src/ux_host_stack_configuration_interface_scan.c ****     {
 101:Middlewares/ST/usbx/common/core/src/ux_host_stack_configuration_interface_scan.c **** 
 102:Middlewares/ST/usbx/common/core/src/ux_host_stack_configuration_interface_scan.c ****         /* Is there a default interface?  */
 103:Middlewares/ST/usbx/common/core/src/ux_host_stack_configuration_interface_scan.c ****         if(interface_ptr -> ux_interface_descriptor.bAlternateSetting == 0)
 104:Middlewares/ST/usbx/common/core/src/ux_host_stack_configuration_interface_scan.c ****         {
 105:Middlewares/ST/usbx/common/core/src/ux_host_stack_configuration_interface_scan.c **** 
 106:Middlewares/ST/usbx/common/core/src/ux_host_stack_configuration_interface_scan.c ****             /* We have a default interface for this configuration. Call each class
 107:Middlewares/ST/usbx/common/core/src/ux_host_stack_configuration_interface_scan.c ****                with the class\subclass\protocol.  We include the IAD for the cdc classes.  */
 108:Middlewares/ST/usbx/common/core/src/ux_host_stack_configuration_interface_scan.c ****             class_command.ux_host_class_command_request      =   UX_HOST_CLASS_COMMAND_QUERY;
ARM GAS  C:\Users\HP\AppData\Local\Temp\cc3Q8lVk.s 			page 4


 109:Middlewares/ST/usbx/common/core/src/ux_host_stack_configuration_interface_scan.c ****             class_command.ux_host_class_command_container    =   (VOID *)interface_ptr;
 110:Middlewares/ST/usbx/common/core/src/ux_host_stack_configuration_interface_scan.c ****             class_command.ux_host_class_command_usage        =   UX_HOST_CLASS_COMMAND_USAGE_CSP;
 111:Middlewares/ST/usbx/common/core/src/ux_host_stack_configuration_interface_scan.c ****             class_command.ux_host_class_command_class        =   interface_ptr -> ux_interface_desc
 112:Middlewares/ST/usbx/common/core/src/ux_host_stack_configuration_interface_scan.c ****             class_command.ux_host_class_command_subclass     =   interface_ptr -> ux_interface_desc
 113:Middlewares/ST/usbx/common/core/src/ux_host_stack_configuration_interface_scan.c ****             class_command.ux_host_class_command_protocol     =   interface_ptr -> ux_interface_desc
 114:Middlewares/ST/usbx/common/core/src/ux_host_stack_configuration_interface_scan.c ****             class_command.ux_host_class_command_iad_class    =   interface_ptr -> ux_interface_iad_
 115:Middlewares/ST/usbx/common/core/src/ux_host_stack_configuration_interface_scan.c ****             class_command.ux_host_class_command_iad_subclass =   interface_ptr -> ux_interface_iad_
 116:Middlewares/ST/usbx/common/core/src/ux_host_stack_configuration_interface_scan.c ****             class_command.ux_host_class_command_iad_protocol =   interface_ptr -> ux_interface_iad_
 117:Middlewares/ST/usbx/common/core/src/ux_host_stack_configuration_interface_scan.c **** 
 118:Middlewares/ST/usbx/common/core/src/ux_host_stack_configuration_interface_scan.c ****             class_ptr =  _ux_host_stack_class_call(&class_command);
 119:Middlewares/ST/usbx/common/core/src/ux_host_stack_configuration_interface_scan.c **** 
 120:Middlewares/ST/usbx/common/core/src/ux_host_stack_configuration_interface_scan.c ****             /* On return, either we have found a class or the interface is still an orphan.  */
 121:Middlewares/ST/usbx/common/core/src/ux_host_stack_configuration_interface_scan.c ****             if (class_ptr != UX_NULL)
 122:Middlewares/ST/usbx/common/core/src/ux_host_stack_configuration_interface_scan.c ****             {
 123:Middlewares/ST/usbx/common/core/src/ux_host_stack_configuration_interface_scan.c **** 
 124:Middlewares/ST/usbx/common/core/src/ux_host_stack_configuration_interface_scan.c ****                 /* There is a class.  */
 125:Middlewares/ST/usbx/common/core/src/ux_host_stack_configuration_interface_scan.c ****                 nb_class_owners++;
  64              		.loc 1 125 17 is_stmt 1 view .LVU13
  65              		.loc 1 125 32 is_stmt 0 view .LVU14
  66 000c 0135     		adds	r5, r5, #1
  67              	.LVL4:
 126:Middlewares/ST/usbx/common/core/src/ux_host_stack_configuration_interface_scan.c ****                 interface_ptr -> ux_interface_class =  class_ptr;
  68              		.loc 1 126 17 is_stmt 1 view .LVU15
  69              		.loc 1 126 53 is_stmt 0 view .LVU16
  70 000e 2063     		str	r0, [r4, #48]
  71              	.LVL5:
  72              	.L3:
 127:Middlewares/ST/usbx/common/core/src/ux_host_stack_configuration_interface_scan.c ****             }
 128:Middlewares/ST/usbx/common/core/src/ux_host_stack_configuration_interface_scan.c ****         }
 129:Middlewares/ST/usbx/common/core/src/ux_host_stack_configuration_interface_scan.c **** 
 130:Middlewares/ST/usbx/common/core/src/ux_host_stack_configuration_interface_scan.c ****         /* point to the next interface until end of the list.  */
 131:Middlewares/ST/usbx/common/core/src/ux_host_stack_configuration_interface_scan.c ****         interface_ptr =  interface_ptr -> ux_interface_next_interface;
  73              		.loc 1 131 9 is_stmt 1 view .LVU17
  74              		.loc 1 131 23 is_stmt 0 view .LVU18
  75 0010 E46B     		ldr	r4, [r4, #60]
  76              	.LVL6:
  77              	.L2:
  99:Middlewares/ST/usbx/common/core/src/ux_host_stack_configuration_interface_scan.c ****     {
  78              		.loc 1 99 11 is_stmt 1 view .LVU19
  79 0012 CCB1     		cbz	r4, .L11
 103:Middlewares/ST/usbx/common/core/src/ux_host_stack_configuration_interface_scan.c ****         {
  80              		.loc 1 103 9 view .LVU20
 103:Middlewares/ST/usbx/common/core/src/ux_host_stack_configuration_interface_scan.c ****         {
  81              		.loc 1 103 52 is_stmt 0 view .LVU21
  82 0014 A369     		ldr	r3, [r4, #24]
 103:Middlewares/ST/usbx/common/core/src/ux_host_stack_configuration_interface_scan.c ****         {
  83              		.loc 1 103 11 view .LVU22
  84 0016 002B     		cmp	r3, #0
  85 0018 FAD1     		bne	.L3
 108:Middlewares/ST/usbx/common/core/src/ux_host_stack_configuration_interface_scan.c ****             class_command.ux_host_class_command_container    =   (VOID *)interface_ptr;
  86              		.loc 1 108 13 is_stmt 1 view .LVU23
 108:Middlewares/ST/usbx/common/core/src/ux_host_stack_configuration_interface_scan.c ****             class_command.ux_host_class_command_container    =   (VOID *)interface_ptr;
  87              		.loc 1 108 62 is_stmt 0 view .LVU24
  88 001a 0123     		movs	r3, #1
  89 001c 0193     		str	r3, [sp, #4]
 109:Middlewares/ST/usbx/common/core/src/ux_host_stack_configuration_interface_scan.c ****             class_command.ux_host_class_command_usage        =   UX_HOST_CLASS_COMMAND_USAGE_CSP;
  90              		.loc 1 109 13 is_stmt 1 view .LVU25
ARM GAS  C:\Users\HP\AppData\Local\Temp\cc3Q8lVk.s 			page 5


 109:Middlewares/ST/usbx/common/core/src/ux_host_stack_configuration_interface_scan.c ****             class_command.ux_host_class_command_usage        =   UX_HOST_CLASS_COMMAND_USAGE_CSP;
  91              		.loc 1 109 62 is_stmt 0 view .LVU26
  92 001e 0294     		str	r4, [sp, #8]
 110:Middlewares/ST/usbx/common/core/src/ux_host_stack_configuration_interface_scan.c ****             class_command.ux_host_class_command_class        =   interface_ptr -> ux_interface_desc
  93              		.loc 1 110 13 is_stmt 1 view .LVU27
 110:Middlewares/ST/usbx/common/core/src/ux_host_stack_configuration_interface_scan.c ****             class_command.ux_host_class_command_class        =   interface_ptr -> ux_interface_desc
  94              		.loc 1 110 62 is_stmt 0 view .LVU28
  95 0020 0223     		movs	r3, #2
  96 0022 0493     		str	r3, [sp, #16]
 111:Middlewares/ST/usbx/common/core/src/ux_host_stack_configuration_interface_scan.c ****             class_command.ux_host_class_command_subclass     =   interface_ptr -> ux_interface_desc
  97              		.loc 1 111 13 is_stmt 1 view .LVU29
 111:Middlewares/ST/usbx/common/core/src/ux_host_stack_configuration_interface_scan.c ****             class_command.ux_host_class_command_subclass     =   interface_ptr -> ux_interface_desc
  98              		.loc 1 111 106 is_stmt 0 view .LVU30
  99 0024 236A     		ldr	r3, [r4, #32]
 111:Middlewares/ST/usbx/common/core/src/ux_host_stack_configuration_interface_scan.c ****             class_command.ux_host_class_command_subclass     =   interface_ptr -> ux_interface_desc
 100              		.loc 1 111 62 view .LVU31
 101 0026 0793     		str	r3, [sp, #28]
 112:Middlewares/ST/usbx/common/core/src/ux_host_stack_configuration_interface_scan.c ****             class_command.ux_host_class_command_protocol     =   interface_ptr -> ux_interface_desc
 102              		.loc 1 112 13 is_stmt 1 view .LVU32
 112:Middlewares/ST/usbx/common/core/src/ux_host_stack_configuration_interface_scan.c ****             class_command.ux_host_class_command_protocol     =   interface_ptr -> ux_interface_desc
 103              		.loc 1 112 106 is_stmt 0 view .LVU33
 104 0028 636A     		ldr	r3, [r4, #36]
 112:Middlewares/ST/usbx/common/core/src/ux_host_stack_configuration_interface_scan.c ****             class_command.ux_host_class_command_protocol     =   interface_ptr -> ux_interface_desc
 105              		.loc 1 112 62 view .LVU34
 106 002a 0893     		str	r3, [sp, #32]
 113:Middlewares/ST/usbx/common/core/src/ux_host_stack_configuration_interface_scan.c ****             class_command.ux_host_class_command_iad_class    =   interface_ptr -> ux_interface_iad_
 107              		.loc 1 113 13 is_stmt 1 view .LVU35
 113:Middlewares/ST/usbx/common/core/src/ux_host_stack_configuration_interface_scan.c ****             class_command.ux_host_class_command_iad_class    =   interface_ptr -> ux_interface_iad_
 108              		.loc 1 113 106 is_stmt 0 view .LVU36
 109 002c A36A     		ldr	r3, [r4, #40]
 113:Middlewares/ST/usbx/common/core/src/ux_host_stack_configuration_interface_scan.c ****             class_command.ux_host_class_command_iad_class    =   interface_ptr -> ux_interface_iad_
 110              		.loc 1 113 62 view .LVU37
 111 002e 0993     		str	r3, [sp, #36]
 114:Middlewares/ST/usbx/common/core/src/ux_host_stack_configuration_interface_scan.c ****             class_command.ux_host_class_command_iad_subclass =   interface_ptr -> ux_interface_iad_
 112              		.loc 1 114 13 is_stmt 1 view .LVU38
 114:Middlewares/ST/usbx/common/core/src/ux_host_stack_configuration_interface_scan.c ****             class_command.ux_host_class_command_iad_subclass =   interface_ptr -> ux_interface_iad_
 113              		.loc 1 114 80 is_stmt 0 view .LVU39
 114 0030 636C     		ldr	r3, [r4, #68]
 114:Middlewares/ST/usbx/common/core/src/ux_host_stack_configuration_interface_scan.c ****             class_command.ux_host_class_command_iad_subclass =   interface_ptr -> ux_interface_iad_
 115              		.loc 1 114 62 view .LVU40
 116 0032 0A93     		str	r3, [sp, #40]
 115:Middlewares/ST/usbx/common/core/src/ux_host_stack_configuration_interface_scan.c ****             class_command.ux_host_class_command_iad_protocol =   interface_ptr -> ux_interface_iad_
 117              		.loc 1 115 13 is_stmt 1 view .LVU41
 115:Middlewares/ST/usbx/common/core/src/ux_host_stack_configuration_interface_scan.c ****             class_command.ux_host_class_command_iad_protocol =   interface_ptr -> ux_interface_iad_
 118              		.loc 1 115 80 is_stmt 0 view .LVU42
 119 0034 A36C     		ldr	r3, [r4, #72]
 115:Middlewares/ST/usbx/common/core/src/ux_host_stack_configuration_interface_scan.c ****             class_command.ux_host_class_command_iad_protocol =   interface_ptr -> ux_interface_iad_
 120              		.loc 1 115 62 view .LVU43
 121 0036 0B93     		str	r3, [sp, #44]
 116:Middlewares/ST/usbx/common/core/src/ux_host_stack_configuration_interface_scan.c **** 
 122              		.loc 1 116 13 is_stmt 1 view .LVU44
 116:Middlewares/ST/usbx/common/core/src/ux_host_stack_configuration_interface_scan.c **** 
 123              		.loc 1 116 80 is_stmt 0 view .LVU45
 124 0038 E36C     		ldr	r3, [r4, #76]
 116:Middlewares/ST/usbx/common/core/src/ux_host_stack_configuration_interface_scan.c **** 
 125              		.loc 1 116 62 view .LVU46
 126 003a 0C93     		str	r3, [sp, #48]
ARM GAS  C:\Users\HP\AppData\Local\Temp\cc3Q8lVk.s 			page 6


 118:Middlewares/ST/usbx/common/core/src/ux_host_stack_configuration_interface_scan.c **** 
 127              		.loc 1 118 13 is_stmt 1 view .LVU47
 118:Middlewares/ST/usbx/common/core/src/ux_host_stack_configuration_interface_scan.c **** 
 128              		.loc 1 118 26 is_stmt 0 view .LVU48
 129 003c 01A8     		add	r0, sp, #4
 130 003e FFF7FEFF 		bl	_ux_host_stack_class_call
 131              	.LVL7:
 121:Middlewares/ST/usbx/common/core/src/ux_host_stack_configuration_interface_scan.c ****             {
 132              		.loc 1 121 13 is_stmt 1 view .LVU49
 121:Middlewares/ST/usbx/common/core/src/ux_host_stack_configuration_interface_scan.c ****             {
 133              		.loc 1 121 16 is_stmt 0 view .LVU50
 134 0042 0028     		cmp	r0, #0
 135 0044 E2D1     		bne	.L12
 136 0046 E3E7     		b	.L3
 137              	.LVL8:
 138              	.L11:
 132:Middlewares/ST/usbx/common/core/src/ux_host_stack_configuration_interface_scan.c ****     }
 133:Middlewares/ST/usbx/common/core/src/ux_host_stack_configuration_interface_scan.c **** 
 134:Middlewares/ST/usbx/common/core/src/ux_host_stack_configuration_interface_scan.c **** #if defined(UX_HOST_STANDALONE)
 135:Middlewares/ST/usbx/common/core/src/ux_host_stack_configuration_interface_scan.c **** 
 136:Middlewares/ST/usbx/common/core/src/ux_host_stack_configuration_interface_scan.c ****     /* Activated later in state machine.  */
 137:Middlewares/ST/usbx/common/core/src/ux_host_stack_configuration_interface_scan.c ****     status = (nb_class_owners > 0) ? UX_SUCCESS : UX_NO_CLASS_MATCH;
 138:Middlewares/ST/usbx/common/core/src/ux_host_stack_configuration_interface_scan.c ****     return(status);
 139:Middlewares/ST/usbx/common/core/src/ux_host_stack_configuration_interface_scan.c **** #else
 140:Middlewares/ST/usbx/common/core/src/ux_host_stack_configuration_interface_scan.c **** 
 141:Middlewares/ST/usbx/common/core/src/ux_host_stack_configuration_interface_scan.c ****     /* Assume no classes.  */
 142:Middlewares/ST/usbx/common/core/src/ux_host_stack_configuration_interface_scan.c ****     status = UX_NO_CLASS_MATCH;
 139              		.loc 1 142 5 is_stmt 1 view .LVU51
 143:Middlewares/ST/usbx/common/core/src/ux_host_stack_configuration_interface_scan.c **** 
 144:Middlewares/ST/usbx/common/core/src/ux_host_stack_configuration_interface_scan.c ****     /* Check the number of class owner found.  */
 145:Middlewares/ST/usbx/common/core/src/ux_host_stack_configuration_interface_scan.c ****     if (nb_class_owners != 0)
 140              		.loc 1 145 5 view .LVU52
 141              		.loc 1 145 8 is_stmt 0 view .LVU53
 142 0048 15B9     		cbnz	r5, .L13
 142:Middlewares/ST/usbx/common/core/src/ux_host_stack_configuration_interface_scan.c **** 
 143              		.loc 1 142 12 view .LVU54
 144 004a 5720     		movs	r0, #87
 146:Middlewares/ST/usbx/common/core/src/ux_host_stack_configuration_interface_scan.c ****     {
 147:Middlewares/ST/usbx/common/core/src/ux_host_stack_configuration_interface_scan.c **** 
 148:Middlewares/ST/usbx/common/core/src/ux_host_stack_configuration_interface_scan.c ****         /* If we have found one or more classes for any of the interfaces,
 149:Middlewares/ST/usbx/common/core/src/ux_host_stack_configuration_interface_scan.c ****            we can safely do a SET_CONFIGURATION of the device.  */
 150:Middlewares/ST/usbx/common/core/src/ux_host_stack_configuration_interface_scan.c ****         status =  _ux_host_stack_device_configuration_select(configuration);
 151:Middlewares/ST/usbx/common/core/src/ux_host_stack_configuration_interface_scan.c **** 
 152:Middlewares/ST/usbx/common/core/src/ux_host_stack_configuration_interface_scan.c ****         /* Check the completion status.  */
 153:Middlewares/ST/usbx/common/core/src/ux_host_stack_configuration_interface_scan.c ****         if (status == UX_SUCCESS)
 154:Middlewares/ST/usbx/common/core/src/ux_host_stack_configuration_interface_scan.c ****         {
 155:Middlewares/ST/usbx/common/core/src/ux_host_stack_configuration_interface_scan.c **** 
 156:Middlewares/ST/usbx/common/core/src/ux_host_stack_configuration_interface_scan.c ****             /* The device is in the CONFIGURED state, we have to call each of the classes
 157:Middlewares/ST/usbx/common/core/src/ux_host_stack_configuration_interface_scan.c ****                again with an ACTIVATE signal.  */
 158:Middlewares/ST/usbx/common/core/src/ux_host_stack_configuration_interface_scan.c ****             interface_ptr =  configuration -> ux_configuration_first_interface;
 159:Middlewares/ST/usbx/common/core/src/ux_host_stack_configuration_interface_scan.c **** 
 160:Middlewares/ST/usbx/common/core/src/ux_host_stack_configuration_interface_scan.c ****             while (interface_ptr != UX_NULL)
 161:Middlewares/ST/usbx/common/core/src/ux_host_stack_configuration_interface_scan.c ****             {
 162:Middlewares/ST/usbx/common/core/src/ux_host_stack_configuration_interface_scan.c **** 
 163:Middlewares/ST/usbx/common/core/src/ux_host_stack_configuration_interface_scan.c ****                 /* Is there a default interface?  */
 164:Middlewares/ST/usbx/common/core/src/ux_host_stack_configuration_interface_scan.c ****                 if (interface_ptr -> ux_interface_descriptor.bAlternateSetting == 0)
 165:Middlewares/ST/usbx/common/core/src/ux_host_stack_configuration_interface_scan.c ****                 {
ARM GAS  C:\Users\HP\AppData\Local\Temp\cc3Q8lVk.s 			page 7


 166:Middlewares/ST/usbx/common/core/src/ux_host_stack_configuration_interface_scan.c **** 
 167:Middlewares/ST/usbx/common/core/src/ux_host_stack_configuration_interface_scan.c ****                     /* We have found the default interface. If this interface is owned,
 168:Middlewares/ST/usbx/common/core/src/ux_host_stack_configuration_interface_scan.c ****                        activate its class.  */
 169:Middlewares/ST/usbx/common/core/src/ux_host_stack_configuration_interface_scan.c ****                     class_command.ux_host_class_command_request =    UX_HOST_CLASS_COMMAND_ACTIVATE
 170:Middlewares/ST/usbx/common/core/src/ux_host_stack_configuration_interface_scan.c ****                     class_command.ux_host_class_command_container =  (VOID *) interface_ptr;
 171:Middlewares/ST/usbx/common/core/src/ux_host_stack_configuration_interface_scan.c **** 
 172:Middlewares/ST/usbx/common/core/src/ux_host_stack_configuration_interface_scan.c ****                     if (interface_ptr -> ux_interface_class != UX_NULL)
 173:Middlewares/ST/usbx/common/core/src/ux_host_stack_configuration_interface_scan.c ****                     {
 174:Middlewares/ST/usbx/common/core/src/ux_host_stack_configuration_interface_scan.c **** 
 175:Middlewares/ST/usbx/common/core/src/ux_host_stack_configuration_interface_scan.c ****                         /* Save the class in the command container */
 176:Middlewares/ST/usbx/common/core/src/ux_host_stack_configuration_interface_scan.c ****                         class_command.ux_host_class_command_class_ptr =  interface_ptr -> ux_interf
 177:Middlewares/ST/usbx/common/core/src/ux_host_stack_configuration_interface_scan.c **** 
 178:Middlewares/ST/usbx/common/core/src/ux_host_stack_configuration_interface_scan.c ****                         /* Send the ACTIVATE command to the class */
 179:Middlewares/ST/usbx/common/core/src/ux_host_stack_configuration_interface_scan.c ****                         status =  interface_ptr -> ux_interface_class -> ux_host_class_entry_functi
 180:Middlewares/ST/usbx/common/core/src/ux_host_stack_configuration_interface_scan.c **** 
 181:Middlewares/ST/usbx/common/core/src/ux_host_stack_configuration_interface_scan.c ****                     }
 182:Middlewares/ST/usbx/common/core/src/ux_host_stack_configuration_interface_scan.c ****                 }
 183:Middlewares/ST/usbx/common/core/src/ux_host_stack_configuration_interface_scan.c **** 
 184:Middlewares/ST/usbx/common/core/src/ux_host_stack_configuration_interface_scan.c ****                 /* Point to the next interface until end of the list.  */
 185:Middlewares/ST/usbx/common/core/src/ux_host_stack_configuration_interface_scan.c ****                 interface_ptr =  interface_ptr -> ux_interface_next_interface;
 186:Middlewares/ST/usbx/common/core/src/ux_host_stack_configuration_interface_scan.c ****             }
 187:Middlewares/ST/usbx/common/core/src/ux_host_stack_configuration_interface_scan.c ****         }
 188:Middlewares/ST/usbx/common/core/src/ux_host_stack_configuration_interface_scan.c ****     }
 189:Middlewares/ST/usbx/common/core/src/ux_host_stack_configuration_interface_scan.c **** 
 190:Middlewares/ST/usbx/common/core/src/ux_host_stack_configuration_interface_scan.c ****     /* Return operation result.  */
 191:Middlewares/ST/usbx/common/core/src/ux_host_stack_configuration_interface_scan.c ****     return(status);
 145              		.loc 1 191 5 is_stmt 1 view .LVU55
 146              	.LVL9:
 147              	.L1:
 192:Middlewares/ST/usbx/common/core/src/ux_host_stack_configuration_interface_scan.c **** #endif
 193:Middlewares/ST/usbx/common/core/src/ux_host_stack_configuration_interface_scan.c **** }
 148              		.loc 1 193 1 is_stmt 0 view .LVU56
 149 004c 0EB0     		add	sp, sp, #56
 150              	.LCFI2:
 151              		.cfi_remember_state
 152              		.cfi_def_cfa_offset 16
 153              		@ sp needed
 154 004e 70BD     		pop	{r4, r5, r6, pc}
 155              	.LVL10:
 156              	.L13:
 157              	.LCFI3:
 158              		.cfi_restore_state
 150:Middlewares/ST/usbx/common/core/src/ux_host_stack_configuration_interface_scan.c **** 
 159              		.loc 1 150 9 is_stmt 1 view .LVU57
 150:Middlewares/ST/usbx/common/core/src/ux_host_stack_configuration_interface_scan.c **** 
 160              		.loc 1 150 19 is_stmt 0 view .LVU58
 161 0050 3046     		mov	r0, r6
 162 0052 FFF7FEFF 		bl	_ux_host_stack_device_configuration_select
 163              	.LVL11:
 153:Middlewares/ST/usbx/common/core/src/ux_host_stack_configuration_interface_scan.c ****         {
 164              		.loc 1 153 9 is_stmt 1 view .LVU59
 153:Middlewares/ST/usbx/common/core/src/ux_host_stack_configuration_interface_scan.c ****         {
 165              		.loc 1 153 12 is_stmt 0 view .LVU60
 166 0056 0028     		cmp	r0, #0
 167 0058 F8D1     		bne	.L1
 158:Middlewares/ST/usbx/common/core/src/ux_host_stack_configuration_interface_scan.c **** 
 168              		.loc 1 158 13 is_stmt 1 view .LVU61
ARM GAS  C:\Users\HP\AppData\Local\Temp\cc3Q8lVk.s 			page 8


 158:Middlewares/ST/usbx/common/core/src/ux_host_stack_configuration_interface_scan.c **** 
 169              		.loc 1 158 27 is_stmt 0 view .LVU62
 170 005a F46A     		ldr	r4, [r6, #44]
 171              	.LVL12:
 160:Middlewares/ST/usbx/common/core/src/ux_host_stack_configuration_interface_scan.c ****             {
 172              		.loc 1 160 13 is_stmt 1 view .LVU63
 160:Middlewares/ST/usbx/common/core/src/ux_host_stack_configuration_interface_scan.c ****             {
 173              		.loc 1 160 19 is_stmt 0 view .LVU64
 174 005c 00E0     		b	.L6
 175              	.L7:
 185:Middlewares/ST/usbx/common/core/src/ux_host_stack_configuration_interface_scan.c ****             }
 176              		.loc 1 185 17 is_stmt 1 view .LVU65
 185:Middlewares/ST/usbx/common/core/src/ux_host_stack_configuration_interface_scan.c ****             }
 177              		.loc 1 185 31 is_stmt 0 view .LVU66
 178 005e E46B     		ldr	r4, [r4, #60]
 179              	.LVL13:
 180              	.L6:
 160:Middlewares/ST/usbx/common/core/src/ux_host_stack_configuration_interface_scan.c ****             {
 181              		.loc 1 160 19 is_stmt 1 view .LVU67
 182 0060 002C     		cmp	r4, #0
 183 0062 F3D0     		beq	.L1
 164:Middlewares/ST/usbx/common/core/src/ux_host_stack_configuration_interface_scan.c ****                 {
 184              		.loc 1 164 17 view .LVU68
 164:Middlewares/ST/usbx/common/core/src/ux_host_stack_configuration_interface_scan.c ****                 {
 185              		.loc 1 164 61 is_stmt 0 view .LVU69
 186 0064 A369     		ldr	r3, [r4, #24]
 164:Middlewares/ST/usbx/common/core/src/ux_host_stack_configuration_interface_scan.c ****                 {
 187              		.loc 1 164 20 view .LVU70
 188 0066 002B     		cmp	r3, #0
 189 0068 F9D1     		bne	.L7
 169:Middlewares/ST/usbx/common/core/src/ux_host_stack_configuration_interface_scan.c ****                     class_command.ux_host_class_command_container =  (VOID *) interface_ptr;
 190              		.loc 1 169 21 is_stmt 1 view .LVU71
 169:Middlewares/ST/usbx/common/core/src/ux_host_stack_configuration_interface_scan.c ****                     class_command.ux_host_class_command_container =  (VOID *) interface_ptr;
 191              		.loc 1 169 65 is_stmt 0 view .LVU72
 192 006a 0223     		movs	r3, #2
 193 006c 0193     		str	r3, [sp, #4]
 170:Middlewares/ST/usbx/common/core/src/ux_host_stack_configuration_interface_scan.c **** 
 194              		.loc 1 170 21 is_stmt 1 view .LVU73
 170:Middlewares/ST/usbx/common/core/src/ux_host_stack_configuration_interface_scan.c **** 
 195              		.loc 1 170 67 is_stmt 0 view .LVU74
 196 006e 0294     		str	r4, [sp, #8]
 172:Middlewares/ST/usbx/common/core/src/ux_host_stack_configuration_interface_scan.c ****                     {
 197              		.loc 1 172 21 is_stmt 1 view .LVU75
 172:Middlewares/ST/usbx/common/core/src/ux_host_stack_configuration_interface_scan.c ****                     {
 198              		.loc 1 172 39 is_stmt 0 view .LVU76
 199 0070 236B     		ldr	r3, [r4, #48]
 172:Middlewares/ST/usbx/common/core/src/ux_host_stack_configuration_interface_scan.c ****                     {
 200              		.loc 1 172 24 view .LVU77
 201 0072 002B     		cmp	r3, #0
 202 0074 F3D0     		beq	.L7
 176:Middlewares/ST/usbx/common/core/src/ux_host_stack_configuration_interface_scan.c **** 
 203              		.loc 1 176 25 is_stmt 1 view .LVU78
 176:Middlewares/ST/usbx/common/core/src/ux_host_stack_configuration_interface_scan.c **** 
 204              		.loc 1 176 71 is_stmt 0 view .LVU79
 205 0076 0D93     		str	r3, [sp, #52]
 179:Middlewares/ST/usbx/common/core/src/ux_host_stack_configuration_interface_scan.c **** 
 206              		.loc 1 179 25 is_stmt 1 view .LVU80
ARM GAS  C:\Users\HP\AppData\Local\Temp\cc3Q8lVk.s 			page 9


 179:Middlewares/ST/usbx/common/core/src/ux_host_stack_configuration_interface_scan.c **** 
 207              		.loc 1 179 49 is_stmt 0 view .LVU81
 208 0078 236B     		ldr	r3, [r4, #48]
 179:Middlewares/ST/usbx/common/core/src/ux_host_stack_configuration_interface_scan.c **** 
 209              		.loc 1 179 71 view .LVU82
 210 007a 5B6C     		ldr	r3, [r3, #68]
 179:Middlewares/ST/usbx/common/core/src/ux_host_stack_configuration_interface_scan.c **** 
 211              		.loc 1 179 35 view .LVU83
 212 007c 01A8     		add	r0, sp, #4
 213              	.LVL14:
 179:Middlewares/ST/usbx/common/core/src/ux_host_stack_configuration_interface_scan.c **** 
 214              		.loc 1 179 35 view .LVU84
 215 007e 9847     		blx	r3
 216              	.LVL15:
 179:Middlewares/ST/usbx/common/core/src/ux_host_stack_configuration_interface_scan.c **** 
 217              		.loc 1 179 35 view .LVU85
 218 0080 EDE7     		b	.L7
 219              		.cfi_endproc
 220              	.LFE11:
 222              		.text
 223              	.Letext0:
 224              		.file 2 "Middlewares/ST/threadx/ports/cortex_m4/gnu/inc/tx_port.h"
 225              		.file 3 "Middlewares/ST/threadx/common/inc/tx_api.h"
 226              		.file 4 "Middlewares/ST/usbx/common/core/inc/ux_api.h"
 227              		.file 5 "Middlewares/ST/usbx/common/core/inc/ux_host_stack.h"
ARM GAS  C:\Users\HP\AppData\Local\Temp\cc3Q8lVk.s 			page 10


DEFINED SYMBOLS
                            *ABS*:00000000 ux_host_stack_configuration_interface_scan.c
C:\Users\HP\AppData\Local\Temp\cc3Q8lVk.s:20     .text._ux_host_stack_configuration_interface_scan:00000000 $t
C:\Users\HP\AppData\Local\Temp\cc3Q8lVk.s:26     .text._ux_host_stack_configuration_interface_scan:00000000 _ux_host_stack_configuration_interface_scan

UNDEFINED SYMBOLS
_ux_host_stack_class_call
_ux_host_stack_device_configuration_select
