ARM GAS  C:\Users\HP\AppData\Local\Temp\ccuzcW67.s 			page 1


   1              		.cpu cortex-m4
   2              		.arch armv7e-m
   3              		.fpu fpv4-sp-d16
   4              		.eabi_attribute 27, 1
   5              		.eabi_attribute 28, 1
   6              		.eabi_attribute 20, 1
   7              		.eabi_attribute 21, 1
   8              		.eabi_attribute 23, 3
   9              		.eabi_attribute 24, 1
  10              		.eabi_attribute 25, 1
  11              		.eabi_attribute 26, 1
  12              		.eabi_attribute 30, 1
  13              		.eabi_attribute 34, 1
  14              		.eabi_attribute 18, 4
  15              		.file	"ux_host_class_storage_device_support_check.c"
  16              		.text
  17              	.Ltext0:
  18              		.cfi_sections	.debug_frame
  19              		.section	.text._ux_host_class_storage_device_support_check,"ax",%progbits
  20              		.align	1
  21              		.global	_ux_host_class_storage_device_support_check
  22              		.syntax unified
  23              		.thumb
  24              		.thumb_func
  26              	_ux_host_class_storage_device_support_check:
  27              	.LVL0:
  28              	.LFB11:
  29              		.file 1 "Middlewares/ST/usbx/common/usbx_host_classes/src/ux_host_class_storage_device_support_che
   1:Middlewares/ST/usbx/common/usbx_host_classes/src/ux_host_class_storage_device_support_check.c **** /**************************************************************************/
   2:Middlewares/ST/usbx/common/usbx_host_classes/src/ux_host_class_storage_device_support_check.c **** /*                                                                        */
   3:Middlewares/ST/usbx/common/usbx_host_classes/src/ux_host_class_storage_device_support_check.c **** /*       Copyright (c) Microsoft Corporation. All rights reserved.        */
   4:Middlewares/ST/usbx/common/usbx_host_classes/src/ux_host_class_storage_device_support_check.c **** /*                                                                        */
   5:Middlewares/ST/usbx/common/usbx_host_classes/src/ux_host_class_storage_device_support_check.c **** /*       This software is licensed under the Microsoft Software License   */
   6:Middlewares/ST/usbx/common/usbx_host_classes/src/ux_host_class_storage_device_support_check.c **** /*       Terms for Microsoft Azure RTOS. Full text of the license can be  */
   7:Middlewares/ST/usbx/common/usbx_host_classes/src/ux_host_class_storage_device_support_check.c **** /*       found in the LICENSE file at https://aka.ms/AzureRTOS_EULA       */
   8:Middlewares/ST/usbx/common/usbx_host_classes/src/ux_host_class_storage_device_support_check.c **** /*       and in the root directory of this software.                      */
   9:Middlewares/ST/usbx/common/usbx_host_classes/src/ux_host_class_storage_device_support_check.c **** /*                                                                        */
  10:Middlewares/ST/usbx/common/usbx_host_classes/src/ux_host_class_storage_device_support_check.c **** /**************************************************************************/
  11:Middlewares/ST/usbx/common/usbx_host_classes/src/ux_host_class_storage_device_support_check.c **** 
  12:Middlewares/ST/usbx/common/usbx_host_classes/src/ux_host_class_storage_device_support_check.c **** 
  13:Middlewares/ST/usbx/common/usbx_host_classes/src/ux_host_class_storage_device_support_check.c **** /**************************************************************************/
  14:Middlewares/ST/usbx/common/usbx_host_classes/src/ux_host_class_storage_device_support_check.c **** /**************************************************************************/
  15:Middlewares/ST/usbx/common/usbx_host_classes/src/ux_host_class_storage_device_support_check.c **** /**                                                                       */
  16:Middlewares/ST/usbx/common/usbx_host_classes/src/ux_host_class_storage_device_support_check.c **** /** USBX Component                                                        */
  17:Middlewares/ST/usbx/common/usbx_host_classes/src/ux_host_class_storage_device_support_check.c **** /**                                                                       */
  18:Middlewares/ST/usbx/common/usbx_host_classes/src/ux_host_class_storage_device_support_check.c **** /**   Storage Class                                                       */
  19:Middlewares/ST/usbx/common/usbx_host_classes/src/ux_host_class_storage_device_support_check.c **** /**                                                                       */
  20:Middlewares/ST/usbx/common/usbx_host_classes/src/ux_host_class_storage_device_support_check.c **** /**************************************************************************/
  21:Middlewares/ST/usbx/common/usbx_host_classes/src/ux_host_class_storage_device_support_check.c **** /**************************************************************************/
  22:Middlewares/ST/usbx/common/usbx_host_classes/src/ux_host_class_storage_device_support_check.c **** 
  23:Middlewares/ST/usbx/common/usbx_host_classes/src/ux_host_class_storage_device_support_check.c **** 
  24:Middlewares/ST/usbx/common/usbx_host_classes/src/ux_host_class_storage_device_support_check.c **** /* Include necessary system files.  */
  25:Middlewares/ST/usbx/common/usbx_host_classes/src/ux_host_class_storage_device_support_check.c **** 
  26:Middlewares/ST/usbx/common/usbx_host_classes/src/ux_host_class_storage_device_support_check.c **** #define UX_SOURCE_CODE
  27:Middlewares/ST/usbx/common/usbx_host_classes/src/ux_host_class_storage_device_support_check.c **** 
  28:Middlewares/ST/usbx/common/usbx_host_classes/src/ux_host_class_storage_device_support_check.c **** #include "ux_api.h"
  29:Middlewares/ST/usbx/common/usbx_host_classes/src/ux_host_class_storage_device_support_check.c **** #include "ux_host_class_storage.h"
ARM GAS  C:\Users\HP\AppData\Local\Temp\ccuzcW67.s 			page 2


  30:Middlewares/ST/usbx/common/usbx_host_classes/src/ux_host_class_storage_device_support_check.c **** #include "ux_host_stack.h"
  31:Middlewares/ST/usbx/common/usbx_host_classes/src/ux_host_class_storage_device_support_check.c **** 
  32:Middlewares/ST/usbx/common/usbx_host_classes/src/ux_host_class_storage_device_support_check.c **** 
  33:Middlewares/ST/usbx/common/usbx_host_classes/src/ux_host_class_storage_device_support_check.c **** #if defined(UX_HOST_STANDALONE) && defined(UX_HOST_CLASS_STORAGE_INCLUDE_LEGACY_PROTOCOL_SUPPORT)
  34:Middlewares/ST/usbx/common/usbx_host_classes/src/ux_host_class_storage_device_support_check.c **** #error Only Mass Storage BulkOnly (BO) is supported in standalone mode right now.
  35:Middlewares/ST/usbx/common/usbx_host_classes/src/ux_host_class_storage_device_support_check.c **** #endif
  36:Middlewares/ST/usbx/common/usbx_host_classes/src/ux_host_class_storage_device_support_check.c **** /**************************************************************************/
  37:Middlewares/ST/usbx/common/usbx_host_classes/src/ux_host_class_storage_device_support_check.c **** /*                                                                        */
  38:Middlewares/ST/usbx/common/usbx_host_classes/src/ux_host_class_storage_device_support_check.c **** /*  FUNCTION                                               RELEASE        */
  39:Middlewares/ST/usbx/common/usbx_host_classes/src/ux_host_class_storage_device_support_check.c **** /*                                                                        */
  40:Middlewares/ST/usbx/common/usbx_host_classes/src/ux_host_class_storage_device_support_check.c **** /*    _ux_host_class_storage_device_support_check         PORTABLE C      */
  41:Middlewares/ST/usbx/common/usbx_host_classes/src/ux_host_class_storage_device_support_check.c **** /*                                                           6.1.10       */
  42:Middlewares/ST/usbx/common/usbx_host_classes/src/ux_host_class_storage_device_support_check.c **** /*  AUTHOR                                                                */
  43:Middlewares/ST/usbx/common/usbx_host_classes/src/ux_host_class_storage_device_support_check.c **** /*                                                                        */
  44:Middlewares/ST/usbx/common/usbx_host_classes/src/ux_host_class_storage_device_support_check.c **** /*    Chaoqiong Xiao, Microsoft Corporation                               */
  45:Middlewares/ST/usbx/common/usbx_host_classes/src/ux_host_class_storage_device_support_check.c **** /*                                                                        */
  46:Middlewares/ST/usbx/common/usbx_host_classes/src/ux_host_class_storage_device_support_check.c **** /*  DESCRIPTION                                                           */
  47:Middlewares/ST/usbx/common/usbx_host_classes/src/ux_host_class_storage_device_support_check.c **** /*                                                                        */
  48:Middlewares/ST/usbx/common/usbx_host_classes/src/ux_host_class_storage_device_support_check.c **** /*    This function verifies the support for the subclass and protocol    */
  49:Middlewares/ST/usbx/common/usbx_host_classes/src/ux_host_class_storage_device_support_check.c **** /*    of the USB device. If the device is supported it will update the    */
  50:Middlewares/ST/usbx/common/usbx_host_classes/src/ux_host_class_storage_device_support_check.c **** /*    storage class instances with the transport layer functions.         */
  51:Middlewares/ST/usbx/common/usbx_host_classes/src/ux_host_class_storage_device_support_check.c **** /*                                                                        */
  52:Middlewares/ST/usbx/common/usbx_host_classes/src/ux_host_class_storage_device_support_check.c **** /*  INPUT                                                                 */
  53:Middlewares/ST/usbx/common/usbx_host_classes/src/ux_host_class_storage_device_support_check.c **** /*                                                                        */
  54:Middlewares/ST/usbx/common/usbx_host_classes/src/ux_host_class_storage_device_support_check.c **** /*    storage                               Pointer to storage class      */
  55:Middlewares/ST/usbx/common/usbx_host_classes/src/ux_host_class_storage_device_support_check.c **** /*                                                                        */
  56:Middlewares/ST/usbx/common/usbx_host_classes/src/ux_host_class_storage_device_support_check.c **** /*  OUTPUT                                                                */
  57:Middlewares/ST/usbx/common/usbx_host_classes/src/ux_host_class_storage_device_support_check.c **** /*                                                                        */
  58:Middlewares/ST/usbx/common/usbx_host_classes/src/ux_host_class_storage_device_support_check.c **** /*    Completion Status                                                   */
  59:Middlewares/ST/usbx/common/usbx_host_classes/src/ux_host_class_storage_device_support_check.c **** /*                                                                        */
  60:Middlewares/ST/usbx/common/usbx_host_classes/src/ux_host_class_storage_device_support_check.c **** /*  CALLS                                                                 */
  61:Middlewares/ST/usbx/common/usbx_host_classes/src/ux_host_class_storage_device_support_check.c **** /*                                                                        */
  62:Middlewares/ST/usbx/common/usbx_host_classes/src/ux_host_class_storage_device_support_check.c **** /*    None                                                                */
  63:Middlewares/ST/usbx/common/usbx_host_classes/src/ux_host_class_storage_device_support_check.c **** /*                                                                        */
  64:Middlewares/ST/usbx/common/usbx_host_classes/src/ux_host_class_storage_device_support_check.c **** /*  CALLED BY                                                             */
  65:Middlewares/ST/usbx/common/usbx_host_classes/src/ux_host_class_storage_device_support_check.c **** /*                                                                        */
  66:Middlewares/ST/usbx/common/usbx_host_classes/src/ux_host_class_storage_device_support_check.c **** /*    Storage Class                                                       */
  67:Middlewares/ST/usbx/common/usbx_host_classes/src/ux_host_class_storage_device_support_check.c **** /*                                                                        */
  68:Middlewares/ST/usbx/common/usbx_host_classes/src/ux_host_class_storage_device_support_check.c **** /*  RELEASE HISTORY                                                       */
  69:Middlewares/ST/usbx/common/usbx_host_classes/src/ux_host_class_storage_device_support_check.c **** /*                                                                        */
  70:Middlewares/ST/usbx/common/usbx_host_classes/src/ux_host_class_storage_device_support_check.c **** /*    DATE              NAME                      DESCRIPTION             */
  71:Middlewares/ST/usbx/common/usbx_host_classes/src/ux_host_class_storage_device_support_check.c **** /*                                                                        */
  72:Middlewares/ST/usbx/common/usbx_host_classes/src/ux_host_class_storage_device_support_check.c **** /*  05-19-2020     Chaoqiong Xiao           Initial Version 6.0           */
  73:Middlewares/ST/usbx/common/usbx_host_classes/src/ux_host_class_storage_device_support_check.c **** /*  09-30-2020     Chaoqiong Xiao           Modified comment(s),          */
  74:Middlewares/ST/usbx/common/usbx_host_classes/src/ux_host_class_storage_device_support_check.c **** /*                                            resulting in version 6.1    */
  75:Middlewares/ST/usbx/common/usbx_host_classes/src/ux_host_class_storage_device_support_check.c **** /*  01-31-2022     Chaoqiong Xiao           Modified comment(s),          */
  76:Middlewares/ST/usbx/common/usbx_host_classes/src/ux_host_class_storage_device_support_check.c **** /*                                            added standalone support,   */
  77:Middlewares/ST/usbx/common/usbx_host_classes/src/ux_host_class_storage_device_support_check.c **** /*                                            resulting in version 6.1.10 */
  78:Middlewares/ST/usbx/common/usbx_host_classes/src/ux_host_class_storage_device_support_check.c **** /*                                                                        */
  79:Middlewares/ST/usbx/common/usbx_host_classes/src/ux_host_class_storage_device_support_check.c **** /**************************************************************************/
  80:Middlewares/ST/usbx/common/usbx_host_classes/src/ux_host_class_storage_device_support_check.c **** UINT  _ux_host_class_storage_device_support_check(UX_HOST_CLASS_STORAGE *storage)
  81:Middlewares/ST/usbx/common/usbx_host_classes/src/ux_host_class_storage_device_support_check.c **** {
  30              		.loc 1 81 1 view -0
  31              		.cfi_startproc
  32              		@ args = 0, pretend = 0, frame = 0
  33              		@ frame_needed = 0, uses_anonymous_args = 0
  34              		.loc 1 81 1 is_stmt 0 view .LVU1
ARM GAS  C:\Users\HP\AppData\Local\Temp\ccuzcW67.s 			page 3


  35 0000 08B5     		push	{r3, lr}
  36              	.LCFI0:
  37              		.cfi_def_cfa_offset 8
  38              		.cfi_offset 3, -8
  39              		.cfi_offset 14, -4
  82:Middlewares/ST/usbx/common/usbx_host_classes/src/ux_host_class_storage_device_support_check.c **** 
  83:Middlewares/ST/usbx/common/usbx_host_classes/src/ux_host_class_storage_device_support_check.c ****     /* Check for the protocol type (BO/CB/CBI) and update the transport functions.  */
  84:Middlewares/ST/usbx/common/usbx_host_classes/src/ux_host_class_storage_device_support_check.c ****     switch(storage -> ux_host_class_storage_interface -> ux_interface_descriptor.bInterfaceProtocol
  40              		.loc 1 84 5 is_stmt 1 view .LVU2
  41              		.loc 1 84 20 is_stmt 0 view .LVU3
  42 0002 C368     		ldr	r3, [r0, #12]
  43              		.loc 1 84 81 view .LVU4
  44 0004 9A6A     		ldr	r2, [r3, #40]
  45              		.loc 1 84 5 view .LVU5
  46 0006 502A     		cmp	r2, #80
  47 0008 12D1     		bne	.L2
  85:Middlewares/ST/usbx/common/usbx_host_classes/src/ux_host_class_storage_device_support_check.c ****     {
  86:Middlewares/ST/usbx/common/usbx_host_classes/src/ux_host_class_storage_device_support_check.c **** 
  87:Middlewares/ST/usbx/common/usbx_host_classes/src/ux_host_class_storage_device_support_check.c ****     case UX_HOST_CLASS_STORAGE_PROTOCOL_BO:
  88:Middlewares/ST/usbx/common/usbx_host_classes/src/ux_host_class_storage_device_support_check.c **** 
  89:Middlewares/ST/usbx/common/usbx_host_classes/src/ux_host_class_storage_device_support_check.c **** #if !defined(UX_HOST_STANDALONE)
  90:Middlewares/ST/usbx/common/usbx_host_classes/src/ux_host_class_storage_device_support_check.c ****         storage -> ux_host_class_storage_transport =  _ux_host_class_storage_transport_bo;
  48              		.loc 1 90 9 is_stmt 1 view .LVU6
  49              		.loc 1 90 52 is_stmt 0 view .LVU7
  50 000a 0E4A     		ldr	r2, .L9
  51 000c C0F89820 		str	r2, [r0, #152]
  91:Middlewares/ST/usbx/common/usbx_host_classes/src/ux_host_class_storage_device_support_check.c **** #endif
  92:Middlewares/ST/usbx/common/usbx_host_classes/src/ux_host_class_storage_device_support_check.c ****         break;
  52              		.loc 1 92 9 is_stmt 1 view .LVU8
  93:Middlewares/ST/usbx/common/usbx_host_classes/src/ux_host_class_storage_device_support_check.c **** 
  94:Middlewares/ST/usbx/common/usbx_host_classes/src/ux_host_class_storage_device_support_check.c **** #ifdef UX_HOST_CLASS_STORAGE_INCLUDE_LEGACY_PROTOCOL_SUPPORT
  95:Middlewares/ST/usbx/common/usbx_host_classes/src/ux_host_class_storage_device_support_check.c ****     case UX_HOST_CLASS_STORAGE_PROTOCOL_CB:
  96:Middlewares/ST/usbx/common/usbx_host_classes/src/ux_host_class_storage_device_support_check.c **** 
  97:Middlewares/ST/usbx/common/usbx_host_classes/src/ux_host_class_storage_device_support_check.c **** #if !defined(UX_HOST_STANDALONE)
  98:Middlewares/ST/usbx/common/usbx_host_classes/src/ux_host_class_storage_device_support_check.c ****         storage -> ux_host_class_storage_transport =  _ux_host_class_storage_transport_cb;
  99:Middlewares/ST/usbx/common/usbx_host_classes/src/ux_host_class_storage_device_support_check.c **** #endif
 100:Middlewares/ST/usbx/common/usbx_host_classes/src/ux_host_class_storage_device_support_check.c ****         break;
 101:Middlewares/ST/usbx/common/usbx_host_classes/src/ux_host_class_storage_device_support_check.c **** 
 102:Middlewares/ST/usbx/common/usbx_host_classes/src/ux_host_class_storage_device_support_check.c **** 
 103:Middlewares/ST/usbx/common/usbx_host_classes/src/ux_host_class_storage_device_support_check.c ****     case UX_HOST_CLASS_STORAGE_PROTOCOL_CBI:
 104:Middlewares/ST/usbx/common/usbx_host_classes/src/ux_host_class_storage_device_support_check.c **** 
 105:Middlewares/ST/usbx/common/usbx_host_classes/src/ux_host_class_storage_device_support_check.c **** #if !defined(UX_HOST_STANDALONE)
 106:Middlewares/ST/usbx/common/usbx_host_classes/src/ux_host_class_storage_device_support_check.c **** 
 107:Middlewares/ST/usbx/common/usbx_host_classes/src/ux_host_class_storage_device_support_check.c ****         /* In case of CBI, the subclass must be UFI, if not, default back to CB transport.  */
 108:Middlewares/ST/usbx/common/usbx_host_classes/src/ux_host_class_storage_device_support_check.c ****         if (storage -> ux_host_class_storage_interface -> ux_interface_descriptor.bInterfaceSubClas
 109:Middlewares/ST/usbx/common/usbx_host_classes/src/ux_host_class_storage_device_support_check.c ****             storage -> ux_host_class_storage_transport =  _ux_host_class_storage_transport_cbi;
 110:Middlewares/ST/usbx/common/usbx_host_classes/src/ux_host_class_storage_device_support_check.c ****         else
 111:Middlewares/ST/usbx/common/usbx_host_classes/src/ux_host_class_storage_device_support_check.c ****             storage -> ux_host_class_storage_transport =  _ux_host_class_storage_transport_cb;
 112:Middlewares/ST/usbx/common/usbx_host_classes/src/ux_host_class_storage_device_support_check.c **** #endif
 113:Middlewares/ST/usbx/common/usbx_host_classes/src/ux_host_class_storage_device_support_check.c ****         break;
 114:Middlewares/ST/usbx/common/usbx_host_classes/src/ux_host_class_storage_device_support_check.c **** 
 115:Middlewares/ST/usbx/common/usbx_host_classes/src/ux_host_class_storage_device_support_check.c **** #endif
 116:Middlewares/ST/usbx/common/usbx_host_classes/src/ux_host_class_storage_device_support_check.c **** 
 117:Middlewares/ST/usbx/common/usbx_host_classes/src/ux_host_class_storage_device_support_check.c ****     default:
 118:Middlewares/ST/usbx/common/usbx_host_classes/src/ux_host_class_storage_device_support_check.c **** 
 119:Middlewares/ST/usbx/common/usbx_host_classes/src/ux_host_class_storage_device_support_check.c ****         /* Error trap. */
 120:Middlewares/ST/usbx/common/usbx_host_classes/src/ux_host_class_storage_device_support_check.c ****         _ux_system_error_handler(UX_SYSTEM_LEVEL_THREAD, UX_SYSTEM_CONTEXT_CLASS, UX_HOST_CLASS_PRO
ARM GAS  C:\Users\HP\AppData\Local\Temp\ccuzcW67.s 			page 4


 121:Middlewares/ST/usbx/common/usbx_host_classes/src/ux_host_class_storage_device_support_check.c **** 
 122:Middlewares/ST/usbx/common/usbx_host_classes/src/ux_host_class_storage_device_support_check.c ****         /* If trace is enabled, insert this event into the trace buffer.  */
 123:Middlewares/ST/usbx/common/usbx_host_classes/src/ux_host_class_storage_device_support_check.c ****         UX_TRACE_IN_LINE_INSERT(UX_TRACE_ERROR, UX_HOST_CLASS_PROTOCOL_ERROR, storage, 0, 0, UX_TRA
 124:Middlewares/ST/usbx/common/usbx_host_classes/src/ux_host_class_storage_device_support_check.c **** 
 125:Middlewares/ST/usbx/common/usbx_host_classes/src/ux_host_class_storage_device_support_check.c ****         return(UX_HOST_CLASS_PROTOCOL_ERROR);
 126:Middlewares/ST/usbx/common/usbx_host_classes/src/ux_host_class_storage_device_support_check.c ****     }
 127:Middlewares/ST/usbx/common/usbx_host_classes/src/ux_host_class_storage_device_support_check.c **** 
 128:Middlewares/ST/usbx/common/usbx_host_classes/src/ux_host_class_storage_device_support_check.c ****     /* Check for the sub class and make sure we support it.  */
 129:Middlewares/ST/usbx/common/usbx_host_classes/src/ux_host_class_storage_device_support_check.c ****     switch (storage -> ux_host_class_storage_interface -> ux_interface_descriptor.bInterfaceSubClas
  53              		.loc 1 129 5 view .LVU9
  54              		.loc 1 129 82 is_stmt 0 view .LVU10
  55 0010 5B6A     		ldr	r3, [r3, #36]
  56              		.loc 1 129 5 view .LVU11
  57 0012 022B     		cmp	r3, #2
  58 0014 07D8     		bhi	.L3
  59 0016 93B9     		cbnz	r3, .L8
  60              	.L5:
 130:Middlewares/ST/usbx/common/usbx_host_classes/src/ux_host_class_storage_device_support_check.c ****     {
 131:Middlewares/ST/usbx/common/usbx_host_classes/src/ux_host_class_storage_device_support_check.c **** 
 132:Middlewares/ST/usbx/common/usbx_host_classes/src/ux_host_class_storage_device_support_check.c **** #ifdef UX_HOST_CLASS_STORAGE_INCLUDE_LEGACY_PROTOCOL_SUPPORT
 133:Middlewares/ST/usbx/common/usbx_host_classes/src/ux_host_class_storage_device_support_check.c ****     case UX_HOST_CLASS_STORAGE_SUBCLASS_UFI:
 134:Middlewares/ST/usbx/common/usbx_host_classes/src/ux_host_class_storage_device_support_check.c **** #endif
 135:Middlewares/ST/usbx/common/usbx_host_classes/src/ux_host_class_storage_device_support_check.c ****     case UX_HOST_CLASS_STORAGE_SUBCLASS_RBC:
 136:Middlewares/ST/usbx/common/usbx_host_classes/src/ux_host_class_storage_device_support_check.c ****     case UX_HOST_CLASS_STORAGE_SUBCLASS_SCSI:
 137:Middlewares/ST/usbx/common/usbx_host_classes/src/ux_host_class_storage_device_support_check.c ****     case UX_HOST_CLASS_STORAGE_SUBCLASS_SFF8020:
 138:Middlewares/ST/usbx/common/usbx_host_classes/src/ux_host_class_storage_device_support_check.c ****     case UX_HOST_CLASS_STORAGE_SUBCLASS_SFF8070:
 139:Middlewares/ST/usbx/common/usbx_host_classes/src/ux_host_class_storage_device_support_check.c **** 
 140:Middlewares/ST/usbx/common/usbx_host_classes/src/ux_host_class_storage_device_support_check.c ****         return(UX_SUCCESS);
 141:Middlewares/ST/usbx/common/usbx_host_classes/src/ux_host_class_storage_device_support_check.c **** 
 142:Middlewares/ST/usbx/common/usbx_host_classes/src/ux_host_class_storage_device_support_check.c ****     default:
 143:Middlewares/ST/usbx/common/usbx_host_classes/src/ux_host_class_storage_device_support_check.c **** 
 144:Middlewares/ST/usbx/common/usbx_host_classes/src/ux_host_class_storage_device_support_check.c ****         /* Error trap. */
 145:Middlewares/ST/usbx/common/usbx_host_classes/src/ux_host_class_storage_device_support_check.c ****         _ux_system_error_handler(UX_SYSTEM_LEVEL_THREAD, UX_SYSTEM_CONTEXT_CLASS, UX_HOST_CLASS_PRO
  61              		.loc 1 145 9 is_stmt 1 view .LVU12
  62 0018 6022     		movs	r2, #96
  63 001a 0721     		movs	r1, #7
  64 001c 0220     		movs	r0, #2
  65              	.LVL1:
  66              		.loc 1 145 9 is_stmt 0 view .LVU13
  67 001e FFF7FEFF 		bl	_ux_system_error_handler
  68              	.LVL2:
 146:Middlewares/ST/usbx/common/usbx_host_classes/src/ux_host_class_storage_device_support_check.c **** 
 147:Middlewares/ST/usbx/common/usbx_host_classes/src/ux_host_class_storage_device_support_check.c ****         /* If trace is enabled, insert this event into the trace buffer.  */
 148:Middlewares/ST/usbx/common/usbx_host_classes/src/ux_host_class_storage_device_support_check.c ****         UX_TRACE_IN_LINE_INSERT(UX_TRACE_ERROR, UX_HOST_CLASS_PROTOCOL_ERROR, storage, 0, 0, UX_TRA
 149:Middlewares/ST/usbx/common/usbx_host_classes/src/ux_host_class_storage_device_support_check.c **** 
 150:Middlewares/ST/usbx/common/usbx_host_classes/src/ux_host_class_storage_device_support_check.c ****         return(UX_HOST_CLASS_PROTOCOL_ERROR);
  69              		.loc 1 150 9 is_stmt 1 view .LVU14
  70              		.loc 1 150 15 is_stmt 0 view .LVU15
  71 0022 6020     		movs	r0, #96
  72 0024 03E0     		b	.L1
  73              	.LVL3:
  74              	.L3:
 129:Middlewares/ST/usbx/common/usbx_host_classes/src/ux_host_class_storage_device_support_check.c ****     {
  75              		.loc 1 129 5 view .LVU16
  76 0026 053B     		subs	r3, r3, #5
  77 0028 012B     		cmp	r3, #1
  78 002a F5D8     		bhi	.L5
ARM GAS  C:\Users\HP\AppData\Local\Temp\ccuzcW67.s 			page 5


  79 002c 0020     		movs	r0, #0
  80              	.LVL4:
  81              	.L1:
 151:Middlewares/ST/usbx/common/usbx_host_classes/src/ux_host_class_storage_device_support_check.c ****     }
 152:Middlewares/ST/usbx/common/usbx_host_classes/src/ux_host_class_storage_device_support_check.c **** }
  82              		.loc 1 152 1 view .LVU17
  83 002e 08BD     		pop	{r3, pc}
  84              	.LVL5:
  85              	.L2:
 120:Middlewares/ST/usbx/common/usbx_host_classes/src/ux_host_class_storage_device_support_check.c **** 
  86              		.loc 1 120 9 is_stmt 1 view .LVU18
  87 0030 6022     		movs	r2, #96
  88 0032 0721     		movs	r1, #7
  89 0034 0220     		movs	r0, #2
  90              	.LVL6:
 120:Middlewares/ST/usbx/common/usbx_host_classes/src/ux_host_class_storage_device_support_check.c **** 
  91              		.loc 1 120 9 is_stmt 0 view .LVU19
  92 0036 FFF7FEFF 		bl	_ux_system_error_handler
  93              	.LVL7:
 125:Middlewares/ST/usbx/common/usbx_host_classes/src/ux_host_class_storage_device_support_check.c ****     }
  94              		.loc 1 125 9 is_stmt 1 view .LVU20
 125:Middlewares/ST/usbx/common/usbx_host_classes/src/ux_host_class_storage_device_support_check.c ****     }
  95              		.loc 1 125 15 is_stmt 0 view .LVU21
  96 003a 6020     		movs	r0, #96
  97 003c F7E7     		b	.L1
  98              	.LVL8:
  99              	.L8:
 129:Middlewares/ST/usbx/common/usbx_host_classes/src/ux_host_class_storage_device_support_check.c ****     {
 100              		.loc 1 129 5 view .LVU22
 101 003e 0020     		movs	r0, #0
 102              	.LVL9:
 129:Middlewares/ST/usbx/common/usbx_host_classes/src/ux_host_class_storage_device_support_check.c ****     {
 103              		.loc 1 129 5 view .LVU23
 104 0040 F5E7     		b	.L1
 105              	.L10:
 106 0042 00BF     		.align	2
 107              	.L9:
 108 0044 00000000 		.word	_ux_host_class_storage_transport_bo
 109              		.cfi_endproc
 110              	.LFE11:
 112              		.text
 113              	.Letext0:
 114              		.file 2 "Middlewares/ST/threadx/ports/cortex_m4/gnu/inc/tx_port.h"
 115              		.file 3 "Middlewares/ST/threadx/common/inc/tx_api.h"
 116              		.file 4 "Middlewares/ST/usbx/common/core/inc/ux_api.h"
 117              		.file 5 "Middlewares/ST/usbx/common/usbx_host_classes/inc/ux_host_class_storage.h"
 118              		.file 6 "Middlewares/ST/usbx/common/core/inc/ux_utility.h"
ARM GAS  C:\Users\HP\AppData\Local\Temp\ccuzcW67.s 			page 6


DEFINED SYMBOLS
                            *ABS*:00000000 ux_host_class_storage_device_support_check.c
C:\Users\HP\AppData\Local\Temp\ccuzcW67.s:20     .text._ux_host_class_storage_device_support_check:00000000 $t
C:\Users\HP\AppData\Local\Temp\ccuzcW67.s:26     .text._ux_host_class_storage_device_support_check:00000000 _ux_host_class_storage_device_support_check
C:\Users\HP\AppData\Local\Temp\ccuzcW67.s:108    .text._ux_host_class_storage_device_support_check:00000044 $d

UNDEFINED SYMBOLS
_ux_system_error_handler
_ux_host_class_storage_transport_bo
