ARM GAS  C:\Users\HP\AppData\Local\Temp\cc1mjwbD.s 			page 1


   1              		.cpu cortex-m4
   2              		.arch armv7e-m
   3              		.fpu fpv4-sp-d16
   4              		.eabi_attribute 27, 1
   5              		.eabi_attribute 28, 1
   6              		.eabi_attribute 20, 1
   7              		.eabi_attribute 21, 1
   8              		.eabi_attribute 23, 3
   9              		.eabi_attribute 24, 1
  10              		.eabi_attribute 25, 1
  11              		.eabi_attribute 26, 1
  12              		.eabi_attribute 30, 1
  13              		.eabi_attribute 34, 1
  14              		.eabi_attribute 18, 4
  15              		.file	"ux_host_class_storage_cbw_initialize.c"
  16              		.text
  17              	.Ltext0:
  18              		.cfi_sections	.debug_frame
  19              		.section	.text._ux_host_class_storage_cbw_initialize,"ax",%progbits
  20              		.align	1
  21              		.global	_ux_host_class_storage_cbw_initialize
  22              		.syntax unified
  23              		.thumb
  24              		.thumb_func
  26              	_ux_host_class_storage_cbw_initialize:
  27              	.LVL0:
  28              	.LFB11:
  29              		.file 1 "Middlewares/ST/usbx/common/usbx_host_classes/src/ux_host_class_storage_cbw_initialize.c"
   1:Middlewares/ST/usbx/common/usbx_host_classes/src/ux_host_class_storage_cbw_initialize.c **** /**************************************************************************/
   2:Middlewares/ST/usbx/common/usbx_host_classes/src/ux_host_class_storage_cbw_initialize.c **** /*                                                                        */
   3:Middlewares/ST/usbx/common/usbx_host_classes/src/ux_host_class_storage_cbw_initialize.c **** /*       Copyright (c) Microsoft Corporation. All rights reserved.        */
   4:Middlewares/ST/usbx/common/usbx_host_classes/src/ux_host_class_storage_cbw_initialize.c **** /*                                                                        */
   5:Middlewares/ST/usbx/common/usbx_host_classes/src/ux_host_class_storage_cbw_initialize.c **** /*       This software is licensed under the Microsoft Software License   */
   6:Middlewares/ST/usbx/common/usbx_host_classes/src/ux_host_class_storage_cbw_initialize.c **** /*       Terms for Microsoft Azure RTOS. Full text of the license can be  */
   7:Middlewares/ST/usbx/common/usbx_host_classes/src/ux_host_class_storage_cbw_initialize.c **** /*       found in the LICENSE file at https://aka.ms/AzureRTOS_EULA       */
   8:Middlewares/ST/usbx/common/usbx_host_classes/src/ux_host_class_storage_cbw_initialize.c **** /*       and in the root directory of this software.                      */
   9:Middlewares/ST/usbx/common/usbx_host_classes/src/ux_host_class_storage_cbw_initialize.c **** /*                                                                        */
  10:Middlewares/ST/usbx/common/usbx_host_classes/src/ux_host_class_storage_cbw_initialize.c **** /**************************************************************************/
  11:Middlewares/ST/usbx/common/usbx_host_classes/src/ux_host_class_storage_cbw_initialize.c **** 
  12:Middlewares/ST/usbx/common/usbx_host_classes/src/ux_host_class_storage_cbw_initialize.c **** 
  13:Middlewares/ST/usbx/common/usbx_host_classes/src/ux_host_class_storage_cbw_initialize.c **** /**************************************************************************/
  14:Middlewares/ST/usbx/common/usbx_host_classes/src/ux_host_class_storage_cbw_initialize.c **** /**************************************************************************/
  15:Middlewares/ST/usbx/common/usbx_host_classes/src/ux_host_class_storage_cbw_initialize.c **** /**                                                                       */ 
  16:Middlewares/ST/usbx/common/usbx_host_classes/src/ux_host_class_storage_cbw_initialize.c **** /** USBX Component                                                        */ 
  17:Middlewares/ST/usbx/common/usbx_host_classes/src/ux_host_class_storage_cbw_initialize.c **** /**                                                                       */
  18:Middlewares/ST/usbx/common/usbx_host_classes/src/ux_host_class_storage_cbw_initialize.c **** /**   Storage Class                                                       */
  19:Middlewares/ST/usbx/common/usbx_host_classes/src/ux_host_class_storage_cbw_initialize.c **** /**                                                                       */
  20:Middlewares/ST/usbx/common/usbx_host_classes/src/ux_host_class_storage_cbw_initialize.c **** /**************************************************************************/
  21:Middlewares/ST/usbx/common/usbx_host_classes/src/ux_host_class_storage_cbw_initialize.c **** /**************************************************************************/
  22:Middlewares/ST/usbx/common/usbx_host_classes/src/ux_host_class_storage_cbw_initialize.c **** 
  23:Middlewares/ST/usbx/common/usbx_host_classes/src/ux_host_class_storage_cbw_initialize.c **** 
  24:Middlewares/ST/usbx/common/usbx_host_classes/src/ux_host_class_storage_cbw_initialize.c **** /* Include necessary system files.  */
  25:Middlewares/ST/usbx/common/usbx_host_classes/src/ux_host_class_storage_cbw_initialize.c **** 
  26:Middlewares/ST/usbx/common/usbx_host_classes/src/ux_host_class_storage_cbw_initialize.c **** #define UX_SOURCE_CODE
  27:Middlewares/ST/usbx/common/usbx_host_classes/src/ux_host_class_storage_cbw_initialize.c **** 
  28:Middlewares/ST/usbx/common/usbx_host_classes/src/ux_host_class_storage_cbw_initialize.c **** #include "ux_api.h"
  29:Middlewares/ST/usbx/common/usbx_host_classes/src/ux_host_class_storage_cbw_initialize.c **** #include "ux_host_class_storage.h"
ARM GAS  C:\Users\HP\AppData\Local\Temp\cc1mjwbD.s 			page 2


  30:Middlewares/ST/usbx/common/usbx_host_classes/src/ux_host_class_storage_cbw_initialize.c **** #include "ux_host_stack.h"
  31:Middlewares/ST/usbx/common/usbx_host_classes/src/ux_host_class_storage_cbw_initialize.c **** 
  32:Middlewares/ST/usbx/common/usbx_host_classes/src/ux_host_class_storage_cbw_initialize.c **** 
  33:Middlewares/ST/usbx/common/usbx_host_classes/src/ux_host_class_storage_cbw_initialize.c **** /**************************************************************************/ 
  34:Middlewares/ST/usbx/common/usbx_host_classes/src/ux_host_class_storage_cbw_initialize.c **** /*                                                                        */ 
  35:Middlewares/ST/usbx/common/usbx_host_classes/src/ux_host_class_storage_cbw_initialize.c **** /*  FUNCTION                                               RELEASE        */ 
  36:Middlewares/ST/usbx/common/usbx_host_classes/src/ux_host_class_storage_cbw_initialize.c **** /*                                                                        */ 
  37:Middlewares/ST/usbx/common/usbx_host_classes/src/ux_host_class_storage_cbw_initialize.c **** /*    _ux_host_class_storage_cbw_initialize               PORTABLE C      */ 
  38:Middlewares/ST/usbx/common/usbx_host_classes/src/ux_host_class_storage_cbw_initialize.c **** /*                                                           6.1.3        */
  39:Middlewares/ST/usbx/common/usbx_host_classes/src/ux_host_class_storage_cbw_initialize.c **** /*  AUTHOR                                                                */
  40:Middlewares/ST/usbx/common/usbx_host_classes/src/ux_host_class_storage_cbw_initialize.c **** /*                                                                        */
  41:Middlewares/ST/usbx/common/usbx_host_classes/src/ux_host_class_storage_cbw_initialize.c **** /*    Chaoqiong Xiao, Microsoft Corporation                               */
  42:Middlewares/ST/usbx/common/usbx_host_classes/src/ux_host_class_storage_cbw_initialize.c **** /*                                                                        */
  43:Middlewares/ST/usbx/common/usbx_host_classes/src/ux_host_class_storage_cbw_initialize.c **** /*  DESCRIPTION                                                           */
  44:Middlewares/ST/usbx/common/usbx_host_classes/src/ux_host_class_storage_cbw_initialize.c **** /*                                                                        */ 
  45:Middlewares/ST/usbx/common/usbx_host_classes/src/ux_host_class_storage_cbw_initialize.c **** /*    This function will initialize the Command Block Wrapper (CBW) that  */ 
  46:Middlewares/ST/usbx/common/usbx_host_classes/src/ux_host_class_storage_cbw_initialize.c **** /*    encapsulate the SCSI request to be sent to the storage device.      */
  47:Middlewares/ST/usbx/common/usbx_host_classes/src/ux_host_class_storage_cbw_initialize.c **** /*    The CBW is normally used only for the BO protocol.                  */ 
  48:Middlewares/ST/usbx/common/usbx_host_classes/src/ux_host_class_storage_cbw_initialize.c **** /*                                                                        */ 
  49:Middlewares/ST/usbx/common/usbx_host_classes/src/ux_host_class_storage_cbw_initialize.c **** /*  INPUT                                                                 */ 
  50:Middlewares/ST/usbx/common/usbx_host_classes/src/ux_host_class_storage_cbw_initialize.c **** /*                                                                        */ 
  51:Middlewares/ST/usbx/common/usbx_host_classes/src/ux_host_class_storage_cbw_initialize.c **** /*    storage                               Pointer to storage class      */ 
  52:Middlewares/ST/usbx/common/usbx_host_classes/src/ux_host_class_storage_cbw_initialize.c **** /*    flags                                 Flags for transfer            */ 
  53:Middlewares/ST/usbx/common/usbx_host_classes/src/ux_host_class_storage_cbw_initialize.c **** /*    data_transfer_length                  Length of data transfer       */ 
  54:Middlewares/ST/usbx/common/usbx_host_classes/src/ux_host_class_storage_cbw_initialize.c **** /*    command_length                        Length of command             */ 
  55:Middlewares/ST/usbx/common/usbx_host_classes/src/ux_host_class_storage_cbw_initialize.c **** /*                                                                        */ 
  56:Middlewares/ST/usbx/common/usbx_host_classes/src/ux_host_class_storage_cbw_initialize.c **** /*  OUTPUT                                                                */ 
  57:Middlewares/ST/usbx/common/usbx_host_classes/src/ux_host_class_storage_cbw_initialize.c **** /*                                                                        */ 
  58:Middlewares/ST/usbx/common/usbx_host_classes/src/ux_host_class_storage_cbw_initialize.c **** /*    None                                                                */ 
  59:Middlewares/ST/usbx/common/usbx_host_classes/src/ux_host_class_storage_cbw_initialize.c **** /*                                                                        */ 
  60:Middlewares/ST/usbx/common/usbx_host_classes/src/ux_host_class_storage_cbw_initialize.c **** /*  CALLS                                                                 */ 
  61:Middlewares/ST/usbx/common/usbx_host_classes/src/ux_host_class_storage_cbw_initialize.c **** /*                                                                        */ 
  62:Middlewares/ST/usbx/common/usbx_host_classes/src/ux_host_class_storage_cbw_initialize.c **** /*    _ux_utility_long_put                  Write a 32-bit value          */ 
  63:Middlewares/ST/usbx/common/usbx_host_classes/src/ux_host_class_storage_cbw_initialize.c **** /*    _ux_utility_memory_set                Set memory to a value         */ 
  64:Middlewares/ST/usbx/common/usbx_host_classes/src/ux_host_class_storage_cbw_initialize.c **** /*                                                                        */ 
  65:Middlewares/ST/usbx/common/usbx_host_classes/src/ux_host_class_storage_cbw_initialize.c **** /*  CALLED BY                                                             */ 
  66:Middlewares/ST/usbx/common/usbx_host_classes/src/ux_host_class_storage_cbw_initialize.c **** /*                                                                        */ 
  67:Middlewares/ST/usbx/common/usbx_host_classes/src/ux_host_class_storage_cbw_initialize.c **** /*    Storage Class                                                       */ 
  68:Middlewares/ST/usbx/common/usbx_host_classes/src/ux_host_class_storage_cbw_initialize.c **** /*                                                                        */ 
  69:Middlewares/ST/usbx/common/usbx_host_classes/src/ux_host_class_storage_cbw_initialize.c **** /*  RELEASE HISTORY                                                       */ 
  70:Middlewares/ST/usbx/common/usbx_host_classes/src/ux_host_class_storage_cbw_initialize.c **** /*                                                                        */ 
  71:Middlewares/ST/usbx/common/usbx_host_classes/src/ux_host_class_storage_cbw_initialize.c **** /*    DATE              NAME                      DESCRIPTION             */ 
  72:Middlewares/ST/usbx/common/usbx_host_classes/src/ux_host_class_storage_cbw_initialize.c **** /*                                                                        */ 
  73:Middlewares/ST/usbx/common/usbx_host_classes/src/ux_host_class_storage_cbw_initialize.c **** /*  05-19-2020     Chaoqiong Xiao           Initial Version 6.0           */
  74:Middlewares/ST/usbx/common/usbx_host_classes/src/ux_host_class_storage_cbw_initialize.c **** /*  09-30-2020     Chaoqiong Xiao           Modified comment(s),          */
  75:Middlewares/ST/usbx/common/usbx_host_classes/src/ux_host_class_storage_cbw_initialize.c **** /*                                            verified memset and memcpy  */
  76:Middlewares/ST/usbx/common/usbx_host_classes/src/ux_host_class_storage_cbw_initialize.c **** /*                                            cases,                      */
  77:Middlewares/ST/usbx/common/usbx_host_classes/src/ux_host_class_storage_cbw_initialize.c **** /*                                            resulting in version 6.1    */
  78:Middlewares/ST/usbx/common/usbx_host_classes/src/ux_host_class_storage_cbw_initialize.c **** /*  12-31-2020     Chaoqiong Xiao           Modified comment(s),          */
  79:Middlewares/ST/usbx/common/usbx_host_classes/src/ux_host_class_storage_cbw_initialize.c **** /*                                            resulting in version 6.1.3  */
  80:Middlewares/ST/usbx/common/usbx_host_classes/src/ux_host_class_storage_cbw_initialize.c **** /*                                                                        */
  81:Middlewares/ST/usbx/common/usbx_host_classes/src/ux_host_class_storage_cbw_initialize.c **** /**************************************************************************/
  82:Middlewares/ST/usbx/common/usbx_host_classes/src/ux_host_class_storage_cbw_initialize.c **** VOID  _ux_host_class_storage_cbw_initialize(UX_HOST_CLASS_STORAGE *storage, UINT flags,
  83:Middlewares/ST/usbx/common/usbx_host_classes/src/ux_host_class_storage_cbw_initialize.c ****                                             ULONG data_transfer_length, UINT command_length)
  84:Middlewares/ST/usbx/common/usbx_host_classes/src/ux_host_class_storage_cbw_initialize.c **** {
  30              		.loc 1 84 1 view -0
  31              		.cfi_startproc
ARM GAS  C:\Users\HP\AppData\Local\Temp\cc1mjwbD.s 			page 3


  32              		@ args = 0, pretend = 0, frame = 0
  33              		@ frame_needed = 0, uses_anonymous_args = 0
  34              		.loc 1 84 1 is_stmt 0 view .LVU1
  35 0000 F8B5     		push	{r3, r4, r5, r6, r7, lr}
  36              	.LCFI0:
  37              		.cfi_def_cfa_offset 24
  38              		.cfi_offset 3, -24
  39              		.cfi_offset 4, -20
  40              		.cfi_offset 5, -16
  41              		.cfi_offset 6, -12
  42              		.cfi_offset 7, -8
  43              		.cfi_offset 14, -4
  44 0002 0446     		mov	r4, r0
  45 0004 0E46     		mov	r6, r1
  46 0006 1746     		mov	r7, r2
  47 0008 1D46     		mov	r5, r3
  85:Middlewares/ST/usbx/common/usbx_host_classes/src/ux_host_class_storage_cbw_initialize.c **** 
  86:Middlewares/ST/usbx/common/usbx_host_classes/src/ux_host_class_storage_cbw_initialize.c **** UCHAR   *cbw;
  48              		.loc 1 86 1 is_stmt 1 view .LVU2
  87:Middlewares/ST/usbx/common/usbx_host_classes/src/ux_host_class_storage_cbw_initialize.c ****     
  88:Middlewares/ST/usbx/common/usbx_host_classes/src/ux_host_class_storage_cbw_initialize.c **** 
  89:Middlewares/ST/usbx/common/usbx_host_classes/src/ux_host_class_storage_cbw_initialize.c ****     /* Use a pointer for the cbw, easier to manipulate.  */
  90:Middlewares/ST/usbx/common/usbx_host_classes/src/ux_host_class_storage_cbw_initialize.c ****     cbw =  (UCHAR *) storage -> ux_host_class_storage_cbw;
  49              		.loc 1 90 5 view .LVU3
  50              	.LVL1:
  91:Middlewares/ST/usbx/common/usbx_host_classes/src/ux_host_class_storage_cbw_initialize.c **** 
  92:Middlewares/ST/usbx/common/usbx_host_classes/src/ux_host_class_storage_cbw_initialize.c ****     /* Store the signature of the CBW.  */
  93:Middlewares/ST/usbx/common/usbx_host_classes/src/ux_host_class_storage_cbw_initialize.c ****     _ux_utility_long_put(cbw, UX_HOST_CLASS_STORAGE_CBW_SIGNATURE_MASK);
  51              		.loc 1 93 5 view .LVU4
  52 000a 0E49     		ldr	r1, .L3
  53              	.LVL2:
  54              		.loc 1 93 5 is_stmt 0 view .LVU5
  55 000c 1C30     		adds	r0, r0, #28
  56              	.LVL3:
  57              		.loc 1 93 5 view .LVU6
  58 000e FFF7FEFF 		bl	_ux_utility_long_put
  59              	.LVL4:
  94:Middlewares/ST/usbx/common/usbx_host_classes/src/ux_host_class_storage_cbw_initialize.c ****     
  95:Middlewares/ST/usbx/common/usbx_host_classes/src/ux_host_class_storage_cbw_initialize.c ****     /* Set the Tag, this value is simply an arbitrary number that is echoed by 
  96:Middlewares/ST/usbx/common/usbx_host_classes/src/ux_host_class_storage_cbw_initialize.c ****        the device in the CSW.  */
  97:Middlewares/ST/usbx/common/usbx_host_classes/src/ux_host_class_storage_cbw_initialize.c ****     _ux_utility_long_put(cbw + UX_HOST_CLASS_STORAGE_CBW_TAG, UX_HOST_CLASS_STORAGE_CBW_TAG_MASK);
  60              		.loc 1 97 5 is_stmt 1 view .LVU7
  61 0012 0D49     		ldr	r1, .L3+4
  62 0014 04F12000 		add	r0, r4, #32
  63 0018 FFF7FEFF 		bl	_ux_utility_long_put
  64              	.LVL5:
  98:Middlewares/ST/usbx/common/usbx_host_classes/src/ux_host_class_storage_cbw_initialize.c **** 
  99:Middlewares/ST/usbx/common/usbx_host_classes/src/ux_host_class_storage_cbw_initialize.c ****     /* Store the Data Transfer Length expected for the data payload.  */
 100:Middlewares/ST/usbx/common/usbx_host_classes/src/ux_host_class_storage_cbw_initialize.c ****     _ux_utility_long_put(cbw + UX_HOST_CLASS_STORAGE_CBW_DATA_LENGTH, data_transfer_length);
  65              		.loc 1 100 5 view .LVU8
  66 001c 3946     		mov	r1, r7
  67 001e 04F12400 		add	r0, r4, #36
  68 0022 FFF7FEFF 		bl	_ux_utility_long_put
  69              	.LVL6:
 101:Middlewares/ST/usbx/common/usbx_host_classes/src/ux_host_class_storage_cbw_initialize.c **** 
 102:Middlewares/ST/usbx/common/usbx_host_classes/src/ux_host_class_storage_cbw_initialize.c ****     /* Store the CBW Flag field that contains the transfer flags.  */
 103:Middlewares/ST/usbx/common/usbx_host_classes/src/ux_host_class_storage_cbw_initialize.c ****     *(cbw + UX_HOST_CLASS_STORAGE_CBW_FLAGS) =  (UCHAR)flags;
ARM GAS  C:\Users\HP\AppData\Local\Temp\cc1mjwbD.s 			page 4


  70              		.loc 1 103 5 view .LVU9
  71              		.loc 1 103 46 is_stmt 0 view .LVU10
  72 0026 84F82860 		strb	r6, [r4, #40]
 104:Middlewares/ST/usbx/common/usbx_host_classes/src/ux_host_class_storage_cbw_initialize.c ****     
 105:Middlewares/ST/usbx/common/usbx_host_classes/src/ux_host_class_storage_cbw_initialize.c ****     /* Store the LUN value.  */
 106:Middlewares/ST/usbx/common/usbx_host_classes/src/ux_host_class_storage_cbw_initialize.c ****     *(cbw + UX_HOST_CLASS_STORAGE_CBW_LUN) =  (UCHAR)storage -> ux_host_class_storage_lun;
  73              		.loc 1 106 5 is_stmt 1 view .LVU11
  74              		.loc 1 106 47 is_stmt 0 view .LVU12
  75 002a 94F88030 		ldrb	r3, [r4, #128]	@ zero_extendqisi2
  76              		.loc 1 106 44 view .LVU13
  77 002e 84F82930 		strb	r3, [r4, #41]
 107:Middlewares/ST/usbx/common/usbx_host_classes/src/ux_host_class_storage_cbw_initialize.c **** 
 108:Middlewares/ST/usbx/common/usbx_host_classes/src/ux_host_class_storage_cbw_initialize.c ****     /* Store the size of the SCSI command block that follows.  */
 109:Middlewares/ST/usbx/common/usbx_host_classes/src/ux_host_class_storage_cbw_initialize.c ****     *(cbw + UX_HOST_CLASS_STORAGE_CBW_CB_LENGTH) =  (UCHAR)command_length;
  78              		.loc 1 109 5 is_stmt 1 view .LVU14
  79              		.loc 1 109 50 is_stmt 0 view .LVU15
  80 0032 84F82A50 		strb	r5, [r4, #42]
 110:Middlewares/ST/usbx/common/usbx_host_classes/src/ux_host_class_storage_cbw_initialize.c **** 
 111:Middlewares/ST/usbx/common/usbx_host_classes/src/ux_host_class_storage_cbw_initialize.c ****     /* Reset the SCSI command block.  */
 112:Middlewares/ST/usbx/common/usbx_host_classes/src/ux_host_class_storage_cbw_initialize.c ****     _ux_utility_memory_set(cbw + UX_HOST_CLASS_STORAGE_CBW_CB, 0, (ULONG) command_length); /* Use c
  81              		.loc 1 112 5 is_stmt 1 view .LVU16
  82 0036 2A46     		mov	r2, r5
  83 0038 0021     		movs	r1, #0
  84 003a 04F12B00 		add	r0, r4, #43
  85 003e FFF7FEFF 		bl	_ux_utility_memory_set
  86              	.LVL7:
 113:Middlewares/ST/usbx/common/usbx_host_classes/src/ux_host_class_storage_cbw_initialize.c **** 
 114:Middlewares/ST/usbx/common/usbx_host_classes/src/ux_host_class_storage_cbw_initialize.c ****     /* Return to caller.  */
 115:Middlewares/ST/usbx/common/usbx_host_classes/src/ux_host_class_storage_cbw_initialize.c ****     return;
  87              		.loc 1 115 5 view .LVU17
 116:Middlewares/ST/usbx/common/usbx_host_classes/src/ux_host_class_storage_cbw_initialize.c **** }
  88              		.loc 1 116 1 is_stmt 0 view .LVU18
  89 0042 F8BD     		pop	{r3, r4, r5, r6, r7, pc}
  90              	.LVL8:
  91              	.L4:
  92              		.loc 1 116 1 view .LVU19
  93              		.align	2
  94              	.L3:
  95 0044 55534243 		.word	1128420181
  96 0048 43425355 		.word	1431519811
  97              		.cfi_endproc
  98              	.LFE11:
 100              		.text
 101              	.Letext0:
 102              		.file 2 "Middlewares/ST/threadx/ports/cortex_m4/gnu/inc/tx_port.h"
 103              		.file 3 "Middlewares/ST/threadx/common/inc/tx_api.h"
 104              		.file 4 "Middlewares/ST/usbx/common/core/inc/ux_api.h"
 105              		.file 5 "Middlewares/ST/usbx/common/usbx_host_classes/inc/ux_host_class_storage.h"
 106              		.file 6 "Middlewares/ST/usbx/common/core/inc/ux_utility.h"
ARM GAS  C:\Users\HP\AppData\Local\Temp\cc1mjwbD.s 			page 5


DEFINED SYMBOLS
                            *ABS*:00000000 ux_host_class_storage_cbw_initialize.c
C:\Users\HP\AppData\Local\Temp\cc1mjwbD.s:20     .text._ux_host_class_storage_cbw_initialize:00000000 $t
C:\Users\HP\AppData\Local\Temp\cc1mjwbD.s:26     .text._ux_host_class_storage_cbw_initialize:00000000 _ux_host_class_storage_cbw_initialize
C:\Users\HP\AppData\Local\Temp\cc1mjwbD.s:95     .text._ux_host_class_storage_cbw_initialize:00000044 $d

UNDEFINED SYMBOLS
_ux_utility_long_put
_ux_utility_memory_set
