ARM GAS  C:\Users\HP\AppData\Local\Temp\ccTsckbE.s 			page 1


   1              		.cpu cortex-m4
   2              		.arch armv7e-m
   3              		.fpu fpv4-sp-d16
   4              		.eabi_attribute 27, 1
   5              		.eabi_attribute 28, 1
   6              		.eabi_attribute 20, 1
   7              		.eabi_attribute 21, 1
   8              		.eabi_attribute 23, 3
   9              		.eabi_attribute 24, 1
  10              		.eabi_attribute 25, 1
  11              		.eabi_attribute 26, 1
  12              		.eabi_attribute 30, 1
  13              		.eabi_attribute 34, 1
  14              		.eabi_attribute 18, 4
  15              		.file	"ux_system_initialize.c"
  16              		.text
  17              	.Ltext0:
  18              		.cfi_sections	.debug_frame
  19              		.section	.rodata._ux_system_initialize.str1.4,"aMS",%progbits,1
  20              		.align	2
  21              	.LC0:
  22 0000 75785F73 		.ascii	"ux_system_mutex\000"
  22      79737465 
  22      6D5F6D75 
  22      74657800 
  23              		.section	.text._ux_system_initialize,"ax",%progbits
  24              		.align	1
  25              		.global	_ux_system_initialize
  26              		.syntax unified
  27              		.thumb
  28              		.thumb_func
  30              	_ux_system_initialize:
  31              	.LVL0:
  32              	.LFB11:
  33              		.file 1 "Middlewares/ST/usbx/common/core/src/ux_system_initialize.c"
   1:Middlewares/ST/usbx/common/core/src/ux_system_initialize.c **** /**************************************************************************/
   2:Middlewares/ST/usbx/common/core/src/ux_system_initialize.c **** /*                                                                        */
   3:Middlewares/ST/usbx/common/core/src/ux_system_initialize.c **** /*       Copyright (c) Microsoft Corporation. All rights reserved.        */
   4:Middlewares/ST/usbx/common/core/src/ux_system_initialize.c **** /*                                                                        */
   5:Middlewares/ST/usbx/common/core/src/ux_system_initialize.c **** /*       This software is licensed under the Microsoft Software License   */
   6:Middlewares/ST/usbx/common/core/src/ux_system_initialize.c **** /*       Terms for Microsoft Azure RTOS. Full text of the license can be  */
   7:Middlewares/ST/usbx/common/core/src/ux_system_initialize.c **** /*       found in the LICENSE file at https://aka.ms/AzureRTOS_EULA       */
   8:Middlewares/ST/usbx/common/core/src/ux_system_initialize.c **** /*       and in the root directory of this software.                      */
   9:Middlewares/ST/usbx/common/core/src/ux_system_initialize.c **** /*                                                                        */
  10:Middlewares/ST/usbx/common/core/src/ux_system_initialize.c **** /**************************************************************************/
  11:Middlewares/ST/usbx/common/core/src/ux_system_initialize.c **** 
  12:Middlewares/ST/usbx/common/core/src/ux_system_initialize.c **** 
  13:Middlewares/ST/usbx/common/core/src/ux_system_initialize.c **** /**************************************************************************/
  14:Middlewares/ST/usbx/common/core/src/ux_system_initialize.c **** /**************************************************************************/
  15:Middlewares/ST/usbx/common/core/src/ux_system_initialize.c **** /**                                                                       */ 
  16:Middlewares/ST/usbx/common/core/src/ux_system_initialize.c **** /** USBX Component                                                        */ 
  17:Middlewares/ST/usbx/common/core/src/ux_system_initialize.c **** /**                                                                       */
  18:Middlewares/ST/usbx/common/core/src/ux_system_initialize.c **** /**   System                                                              */
  19:Middlewares/ST/usbx/common/core/src/ux_system_initialize.c **** /**                                                                       */
  20:Middlewares/ST/usbx/common/core/src/ux_system_initialize.c **** /**************************************************************************/
  21:Middlewares/ST/usbx/common/core/src/ux_system_initialize.c **** /**************************************************************************/
  22:Middlewares/ST/usbx/common/core/src/ux_system_initialize.c **** 
ARM GAS  C:\Users\HP\AppData\Local\Temp\ccTsckbE.s 			page 2


  23:Middlewares/ST/usbx/common/core/src/ux_system_initialize.c **** 
  24:Middlewares/ST/usbx/common/core/src/ux_system_initialize.c **** /* Define UX_SYSTEM_INIT to bring in the USBX version ID string.  */
  25:Middlewares/ST/usbx/common/core/src/ux_system_initialize.c **** 
  26:Middlewares/ST/usbx/common/core/src/ux_system_initialize.c **** #define UX_SYSTEM_INIT
  27:Middlewares/ST/usbx/common/core/src/ux_system_initialize.c **** 
  28:Middlewares/ST/usbx/common/core/src/ux_system_initialize.c **** 
  29:Middlewares/ST/usbx/common/core/src/ux_system_initialize.c **** /* Include necessary system files.  */
  30:Middlewares/ST/usbx/common/core/src/ux_system_initialize.c **** 
  31:Middlewares/ST/usbx/common/core/src/ux_system_initialize.c **** #define UX_SOURCE_CODE
  32:Middlewares/ST/usbx/common/core/src/ux_system_initialize.c **** 
  33:Middlewares/ST/usbx/common/core/src/ux_system_initialize.c **** #include "ux_api.h"
  34:Middlewares/ST/usbx/common/core/src/ux_system_initialize.c **** #include "ux_system.h"
  35:Middlewares/ST/usbx/common/core/src/ux_system_initialize.c **** 
  36:Middlewares/ST/usbx/common/core/src/ux_system_initialize.c **** /* Define the USBX system data structure.  */
  37:Middlewares/ST/usbx/common/core/src/ux_system_initialize.c **** 
  38:Middlewares/ST/usbx/common/core/src/ux_system_initialize.c **** UX_SYSTEM         *_ux_system;
  39:Middlewares/ST/usbx/common/core/src/ux_system_initialize.c **** UX_SYSTEM_OTG     *_ux_system_otg;
  40:Middlewares/ST/usbx/common/core/src/ux_system_initialize.c **** 
  41:Middlewares/ST/usbx/common/core/src/ux_system_initialize.c **** /* Define names of all the packed descriptors in USBX.  */
  42:Middlewares/ST/usbx/common/core/src/ux_system_initialize.c **** 
  43:Middlewares/ST/usbx/common/core/src/ux_system_initialize.c **** UCHAR _ux_system_endpoint_descriptor_structure[] =                          {1,1,1,1,2,1 };
  44:Middlewares/ST/usbx/common/core/src/ux_system_initialize.c **** UCHAR _ux_system_device_descriptor_structure[] =                            {1,1,2,1,1,1,1,2,2,2,1,
  45:Middlewares/ST/usbx/common/core/src/ux_system_initialize.c **** UCHAR _ux_system_configuration_descriptor_structure[] =                     {1,1,2,1,1,1,1,1};
  46:Middlewares/ST/usbx/common/core/src/ux_system_initialize.c **** UCHAR _ux_system_interface_descriptor_structure[] =                         {1,1,1,1,1,1,1,1,1};
  47:Middlewares/ST/usbx/common/core/src/ux_system_initialize.c **** UCHAR _ux_system_interface_association_descriptor_structure[] =             {1,1,1,1,1,1,1,1};
  48:Middlewares/ST/usbx/common/core/src/ux_system_initialize.c **** UCHAR _ux_system_string_descriptor_structure[] =                            {1,1,2};
  49:Middlewares/ST/usbx/common/core/src/ux_system_initialize.c **** UCHAR _ux_system_dfu_functional_descriptor_structure[] =                    {1,1,1,2,2,2};
  50:Middlewares/ST/usbx/common/core/src/ux_system_initialize.c **** UCHAR _ux_system_class_audio_interface_descriptor_structure[] =             {1,1,1,1,1,1,1,1};
  51:Middlewares/ST/usbx/common/core/src/ux_system_initialize.c **** UCHAR _ux_system_class_audio_input_terminal_descriptor_structure[] =        {1,1,1,1,2,1,1,2,1,1};
  52:Middlewares/ST/usbx/common/core/src/ux_system_initialize.c **** UCHAR _ux_system_class_audio_output_terminal_descriptor_structure[] =       {1,1,1,1,2,1,1,1};
  53:Middlewares/ST/usbx/common/core/src/ux_system_initialize.c **** UCHAR _ux_system_class_audio_feature_unit_descriptor_structure[] =          {1,1,1,1,1,1,1};
  54:Middlewares/ST/usbx/common/core/src/ux_system_initialize.c **** UCHAR _ux_system_class_audio_streaming_interface_descriptor_structure[] =   {1,1,1,1,1,1};
  55:Middlewares/ST/usbx/common/core/src/ux_system_initialize.c **** UCHAR _ux_system_class_audio_streaming_endpoint_descriptor_structure[] =    {1,1,1,1,1,1};
  56:Middlewares/ST/usbx/common/core/src/ux_system_initialize.c **** UCHAR _ux_system_hub_descriptor_structure[] =                               {1,1,1,2,1,1,1,1};
  57:Middlewares/ST/usbx/common/core/src/ux_system_initialize.c **** UCHAR _ux_system_hid_descriptor_structure[] =                               {1,1,2,1,1,1,2};
  58:Middlewares/ST/usbx/common/core/src/ux_system_initialize.c **** UCHAR _ux_system_class_pima_storage_structure[] =                           {2,2,2,4,4,4,4,4};
  59:Middlewares/ST/usbx/common/core/src/ux_system_initialize.c **** UCHAR _ux_system_class_pima_object_structure[] =                            {4,2,2,4,2,4,4,4,4,4,4,
  60:Middlewares/ST/usbx/common/core/src/ux_system_initialize.c **** UCHAR _ux_system_ecm_interface_descriptor_structure[] =                     {1,1,1,1,4,2,2,1};
  61:Middlewares/ST/usbx/common/core/src/ux_system_initialize.c **** 
  62:Middlewares/ST/usbx/common/core/src/ux_system_initialize.c **** UCHAR _ux_system_bos_descriptor_structure[] =                               {1,1,2,1};
  63:Middlewares/ST/usbx/common/core/src/ux_system_initialize.c **** UCHAR _ux_system_usb_2_0_extension_descriptor_structure[] =                 {1,1,1,4};
  64:Middlewares/ST/usbx/common/core/src/ux_system_initialize.c **** UCHAR _ux_system_container_id_descriptor_structure[] =                      {1,1,1,1,4,4,4,4};
  65:Middlewares/ST/usbx/common/core/src/ux_system_initialize.c **** 
  66:Middlewares/ST/usbx/common/core/src/ux_system_initialize.c **** 
  67:Middlewares/ST/usbx/common/core/src/ux_system_initialize.c **** /**************************************************************************/ 
  68:Middlewares/ST/usbx/common/core/src/ux_system_initialize.c **** /*                                                                        */ 
  69:Middlewares/ST/usbx/common/core/src/ux_system_initialize.c **** /*  FUNCTION                                               RELEASE        */ 
  70:Middlewares/ST/usbx/common/core/src/ux_system_initialize.c **** /*                                                                        */ 
  71:Middlewares/ST/usbx/common/core/src/ux_system_initialize.c **** /*    _ux_system_initialize                               PORTABLE C      */ 
  72:Middlewares/ST/usbx/common/core/src/ux_system_initialize.c **** /*                                                           6.1.10       */
  73:Middlewares/ST/usbx/common/core/src/ux_system_initialize.c **** /*  AUTHOR                                                                */
  74:Middlewares/ST/usbx/common/core/src/ux_system_initialize.c **** /*                                                                        */
  75:Middlewares/ST/usbx/common/core/src/ux_system_initialize.c **** /*    Chaoqiong Xiao, Microsoft Corporation                               */
  76:Middlewares/ST/usbx/common/core/src/ux_system_initialize.c **** /*                                                                        */
  77:Middlewares/ST/usbx/common/core/src/ux_system_initialize.c **** /*  DESCRIPTION                                                           */
  78:Middlewares/ST/usbx/common/core/src/ux_system_initialize.c **** /*                                                                        */ 
  79:Middlewares/ST/usbx/common/core/src/ux_system_initialize.c **** /*    This function initializes the various control data structures for   */ 
ARM GAS  C:\Users\HP\AppData\Local\Temp\ccTsckbE.s 			page 3


  80:Middlewares/ST/usbx/common/core/src/ux_system_initialize.c **** /*    the USBX system.                                                    */ 
  81:Middlewares/ST/usbx/common/core/src/ux_system_initialize.c **** /*                                                                        */ 
  82:Middlewares/ST/usbx/common/core/src/ux_system_initialize.c **** /*  INPUT                                                                 */ 
  83:Middlewares/ST/usbx/common/core/src/ux_system_initialize.c **** /*                                                                        */ 
  84:Middlewares/ST/usbx/common/core/src/ux_system_initialize.c **** /*    regular_memory_pool_start        Start of non cached memory pool    */
  85:Middlewares/ST/usbx/common/core/src/ux_system_initialize.c **** /*    regular_memory_size              Size of non cached memory pool     */ 
  86:Middlewares/ST/usbx/common/core/src/ux_system_initialize.c **** /*    cache_safe_memory_pool_start     Start of cached memory pool        */
  87:Middlewares/ST/usbx/common/core/src/ux_system_initialize.c **** /*    cache_safe_memory_size           Size of cached memory pool         */ 
  88:Middlewares/ST/usbx/common/core/src/ux_system_initialize.c **** /*                                                                        */ 
  89:Middlewares/ST/usbx/common/core/src/ux_system_initialize.c **** /*  OUTPUT                                                                */ 
  90:Middlewares/ST/usbx/common/core/src/ux_system_initialize.c **** /*                                                                        */ 
  91:Middlewares/ST/usbx/common/core/src/ux_system_initialize.c **** /*    None                                                                */
  92:Middlewares/ST/usbx/common/core/src/ux_system_initialize.c **** /*                                                                        */ 
  93:Middlewares/ST/usbx/common/core/src/ux_system_initialize.c **** /*  CALLS                                                                 */ 
  94:Middlewares/ST/usbx/common/core/src/ux_system_initialize.c **** /*                                                                        */ 
  95:Middlewares/ST/usbx/common/core/src/ux_system_initialize.c **** /*    _ux_utility_memory_allocate           Allocate memory               */
  96:Middlewares/ST/usbx/common/core/src/ux_system_initialize.c **** /*    _ux_utility_memory_set                Set memory                    */ 
  97:Middlewares/ST/usbx/common/core/src/ux_system_initialize.c **** /*    _ux_utility_mutex_create              Create mutex                  */
  98:Middlewares/ST/usbx/common/core/src/ux_system_initialize.c **** /*                                                                        */ 
  99:Middlewares/ST/usbx/common/core/src/ux_system_initialize.c **** /*  CALLED BY                                                             */ 
 100:Middlewares/ST/usbx/common/core/src/ux_system_initialize.c **** /*                                                                        */ 
 101:Middlewares/ST/usbx/common/core/src/ux_system_initialize.c **** /*    Application                                                         */ 
 102:Middlewares/ST/usbx/common/core/src/ux_system_initialize.c **** /*                                                                        */ 
 103:Middlewares/ST/usbx/common/core/src/ux_system_initialize.c **** /*  RELEASE HISTORY                                                       */ 
 104:Middlewares/ST/usbx/common/core/src/ux_system_initialize.c **** /*                                                                        */ 
 105:Middlewares/ST/usbx/common/core/src/ux_system_initialize.c **** /*    DATE              NAME                      DESCRIPTION             */ 
 106:Middlewares/ST/usbx/common/core/src/ux_system_initialize.c **** /*                                                                        */ 
 107:Middlewares/ST/usbx/common/core/src/ux_system_initialize.c **** /*  05-19-2020     Chaoqiong Xiao           Initial Version 6.0           */
 108:Middlewares/ST/usbx/common/core/src/ux_system_initialize.c **** /*  09-30-2020     Chaoqiong Xiao           Modified comment(s),          */
 109:Middlewares/ST/usbx/common/core/src/ux_system_initialize.c **** /*                                            verified memset and memcpy  */
 110:Middlewares/ST/usbx/common/core/src/ux_system_initialize.c **** /*                                            cases,                      */
 111:Middlewares/ST/usbx/common/core/src/ux_system_initialize.c **** /*                                            resulting in version 6.1    */
 112:Middlewares/ST/usbx/common/core/src/ux_system_initialize.c **** /*  12-31-2020     Chaoqiong Xiao           Modified comment(s),          */
 113:Middlewares/ST/usbx/common/core/src/ux_system_initialize.c **** /*                                            added BOS support,          */
 114:Middlewares/ST/usbx/common/core/src/ux_system_initialize.c **** /*                                            resulting in version 6.1.3  */
 115:Middlewares/ST/usbx/common/core/src/ux_system_initialize.c **** /*  01-31-2022     Chaoqiong Xiao           Modified comment(s),          */
 116:Middlewares/ST/usbx/common/core/src/ux_system_initialize.c **** /*                                            added standalone support,   */
 117:Middlewares/ST/usbx/common/core/src/ux_system_initialize.c **** /*                                            resulting in version 6.1.10 */
 118:Middlewares/ST/usbx/common/core/src/ux_system_initialize.c **** /*                                                                        */
 119:Middlewares/ST/usbx/common/core/src/ux_system_initialize.c **** /**************************************************************************/
 120:Middlewares/ST/usbx/common/core/src/ux_system_initialize.c **** UINT  _ux_system_initialize(VOID *regular_memory_pool_start, ULONG regular_memory_size, 
 121:Middlewares/ST/usbx/common/core/src/ux_system_initialize.c ****                             VOID *cache_safe_memory_pool_start, ULONG cache_safe_memory_size)
 122:Middlewares/ST/usbx/common/core/src/ux_system_initialize.c **** {
  34              		.loc 1 122 1 view -0
  35              		.cfi_startproc
  36              		@ args = 0, pretend = 0, frame = 0
  37              		@ frame_needed = 0, uses_anonymous_args = 0
  38              		.loc 1 122 1 is_stmt 0 view .LVU1
  39 0000 F8B5     		push	{r3, r4, r5, r6, r7, lr}
  40              	.LCFI0:
  41              		.cfi_def_cfa_offset 24
  42              		.cfi_offset 3, -24
  43              		.cfi_offset 4, -20
  44              		.cfi_offset 5, -16
  45              		.cfi_offset 6, -12
  46              		.cfi_offset 7, -8
  47              		.cfi_offset 14, -4
ARM GAS  C:\Users\HP\AppData\Local\Temp\ccTsckbE.s 			page 4


  48 0002 0446     		mov	r4, r0
  49 0004 0F46     		mov	r7, r1
  50 0006 1546     		mov	r5, r2
  51 0008 1E46     		mov	r6, r3
 123:Middlewares/ST/usbx/common/core/src/ux_system_initialize.c **** 
 124:Middlewares/ST/usbx/common/core/src/ux_system_initialize.c **** UX_MEMORY_BLOCK     *memory_block;
  52              		.loc 1 124 1 is_stmt 1 view .LVU2
 125:Middlewares/ST/usbx/common/core/src/ux_system_initialize.c **** ALIGN_TYPE          int_memory_pool_start;
  53              		.loc 1 125 1 view .LVU3
 126:Middlewares/ST/usbx/common/core/src/ux_system_initialize.c **** VOID                *regular_memory_pool_end;
  54              		.loc 1 126 1 view .LVU4
 127:Middlewares/ST/usbx/common/core/src/ux_system_initialize.c **** ULONG               memory_pool_offset;
  55              		.loc 1 127 1 view .LVU5
 128:Middlewares/ST/usbx/common/core/src/ux_system_initialize.c **** #if !defined(UX_STANDALONE)
 129:Middlewares/ST/usbx/common/core/src/ux_system_initialize.c **** UINT                status;
  56              		.loc 1 129 1 view .LVU6
 130:Middlewares/ST/usbx/common/core/src/ux_system_initialize.c **** #endif
 131:Middlewares/ST/usbx/common/core/src/ux_system_initialize.c **** 
 132:Middlewares/ST/usbx/common/core/src/ux_system_initialize.c **** 
 133:Middlewares/ST/usbx/common/core/src/ux_system_initialize.c ****     /* Reset memory block */
 134:Middlewares/ST/usbx/common/core/src/ux_system_initialize.c ****     _ux_utility_memory_set(regular_memory_pool_start, 0, regular_memory_size); /* Use case of memse
  57              		.loc 1 134 5 view .LVU7
  58 000a 0A46     		mov	r2, r1
  59              	.LVL1:
  60              		.loc 1 134 5 is_stmt 0 view .LVU8
  61 000c 0021     		movs	r1, #0
  62              	.LVL2:
  63              		.loc 1 134 5 view .LVU9
  64 000e FFF7FEFF 		bl	_ux_utility_memory_set
  65              	.LVL3:
 135:Middlewares/ST/usbx/common/core/src/ux_system_initialize.c **** 
 136:Middlewares/ST/usbx/common/core/src/ux_system_initialize.c ****     /* Set the _ux_system structure at the start of our regular memory */
 137:Middlewares/ST/usbx/common/core/src/ux_system_initialize.c ****     _ux_system =  (UX_SYSTEM *) regular_memory_pool_start;
  66              		.loc 1 137 5 is_stmt 1 view .LVU10
  67              		.loc 1 137 16 is_stmt 0 view .LVU11
  68 0012 244B     		ldr	r3, .L10
  69 0014 1C60     		str	r4, [r3]
 138:Middlewares/ST/usbx/common/core/src/ux_system_initialize.c **** 
 139:Middlewares/ST/usbx/common/core/src/ux_system_initialize.c ****     /* Add to the memory offset the size of the allocated block.  */
 140:Middlewares/ST/usbx/common/core/src/ux_system_initialize.c ****     memory_pool_offset = sizeof(UX_SYSTEM);
  70              		.loc 1 140 5 is_stmt 1 view .LVU12
  71              	.LVL4:
 141:Middlewares/ST/usbx/common/core/src/ux_system_initialize.c **** 
 142:Middlewares/ST/usbx/common/core/src/ux_system_initialize.c **** #ifndef UX_DEVICE_SIDE_ONLY
 143:Middlewares/ST/usbx/common/core/src/ux_system_initialize.c **** 
 144:Middlewares/ST/usbx/common/core/src/ux_system_initialize.c ****     /* Set the _ux_system_host structure.  */
 145:Middlewares/ST/usbx/common/core/src/ux_system_initialize.c ****     _ux_system_host =  (UX_SYSTEM_HOST *) (((UCHAR *) regular_memory_pool_start) + memory_pool_offs
  72              		.loc 1 145 5 view .LVU13
  73              		.loc 1 145 24 is_stmt 0 view .LVU14
  74 0016 04F15C01 		add	r1, r4, #92
  75              		.loc 1 145 21 view .LVU15
  76 001a 234A     		ldr	r2, .L10+4
  77 001c 1160     		str	r1, [r2]
 146:Middlewares/ST/usbx/common/core/src/ux_system_initialize.c **** 
 147:Middlewares/ST/usbx/common/core/src/ux_system_initialize.c ****     /* Add to the memory offset the size of the allocated block.  */
 148:Middlewares/ST/usbx/common/core/src/ux_system_initialize.c ****     memory_pool_offset += (ULONG)sizeof(UX_SYSTEM_HOST);
  78              		.loc 1 148 5 is_stmt 1 view .LVU16
ARM GAS  C:\Users\HP\AppData\Local\Temp\ccTsckbE.s 			page 5


  79              	.LVL5:
 149:Middlewares/ST/usbx/common/core/src/ux_system_initialize.c ****     
 150:Middlewares/ST/usbx/common/core/src/ux_system_initialize.c **** #endif 
 151:Middlewares/ST/usbx/common/core/src/ux_system_initialize.c **** 
 152:Middlewares/ST/usbx/common/core/src/ux_system_initialize.c **** #ifndef UX_HOST_SIDE_ONLY
 153:Middlewares/ST/usbx/common/core/src/ux_system_initialize.c **** 
 154:Middlewares/ST/usbx/common/core/src/ux_system_initialize.c ****     /* Set the _ux_system_slave structure.  */
 155:Middlewares/ST/usbx/common/core/src/ux_system_initialize.c ****     _ux_system_slave =  (UX_SYSTEM_SLAVE *) (((UCHAR *) regular_memory_pool_start) + memory_pool_of
 156:Middlewares/ST/usbx/common/core/src/ux_system_initialize.c **** 
 157:Middlewares/ST/usbx/common/core/src/ux_system_initialize.c ****     /* Add to the memory offset the size of the allocated block.  */
 158:Middlewares/ST/usbx/common/core/src/ux_system_initialize.c ****     memory_pool_offset += (ULONG)sizeof(UX_SYSTEM_SLAVE);
 159:Middlewares/ST/usbx/common/core/src/ux_system_initialize.c ****     
 160:Middlewares/ST/usbx/common/core/src/ux_system_initialize.c **** #endif 
 161:Middlewares/ST/usbx/common/core/src/ux_system_initialize.c **** 
 162:Middlewares/ST/usbx/common/core/src/ux_system_initialize.c **** 
 163:Middlewares/ST/usbx/common/core/src/ux_system_initialize.c **** #ifdef UX_OTG_SUPPORT
 164:Middlewares/ST/usbx/common/core/src/ux_system_initialize.c **** 
 165:Middlewares/ST/usbx/common/core/src/ux_system_initialize.c ****     /* Set the _ux_system_otg structure.  */
 166:Middlewares/ST/usbx/common/core/src/ux_system_initialize.c ****     _ux_system_otg =  (UX_SYSTEM_OTG *) (((UCHAR *) regular_memory_pool_start) + memory_pool_offset
 167:Middlewares/ST/usbx/common/core/src/ux_system_initialize.c **** 
 168:Middlewares/ST/usbx/common/core/src/ux_system_initialize.c ****     /* Add to the memory offset the size of the allocated block.  */
 169:Middlewares/ST/usbx/common/core/src/ux_system_initialize.c ****     memory_pool_offset += (ULONG)sizeof(UX_SYSTEM_OTG);
 170:Middlewares/ST/usbx/common/core/src/ux_system_initialize.c **** #endif 
 171:Middlewares/ST/usbx/common/core/src/ux_system_initialize.c **** 
 172:Middlewares/ST/usbx/common/core/src/ux_system_initialize.c **** 
 173:Middlewares/ST/usbx/common/core/src/ux_system_initialize.c ****     /* Set the cache safe memory for the dynamic pool */
 174:Middlewares/ST/usbx/common/core/src/ux_system_initialize.c ****     _ux_system -> ux_system_regular_memory_pool_start =  (UX_MEMORY_BLOCK *) (((UCHAR *) regular_me
  80              		.loc 1 174 5 view .LVU17
  81              		.loc 1 174 58 is_stmt 0 view .LVU18
  82 001e 04F50A72 		add	r2, r4, #552
  83              		.loc 1 174 55 view .LVU19
  84 0022 2260     		str	r2, [r4]
 175:Middlewares/ST/usbx/common/core/src/ux_system_initialize.c ****                                                             + memory_pool_offset);
 176:Middlewares/ST/usbx/common/core/src/ux_system_initialize.c **** 
 177:Middlewares/ST/usbx/common/core/src/ux_system_initialize.c ****     /* Make sure the regular memory pool is aligned properly */
 178:Middlewares/ST/usbx/common/core/src/ux_system_initialize.c ****     int_memory_pool_start =   (ALIGN_TYPE) _ux_system -> ux_system_regular_memory_pool_start;
  85              		.loc 1 178 5 is_stmt 1 view .LVU20
  86              		.loc 1 178 55 is_stmt 0 view .LVU21
  87 0024 1B68     		ldr	r3, [r3]
  88 0026 1868     		ldr	r0, [r3]
  89              	.LVL6:
 179:Middlewares/ST/usbx/common/core/src/ux_system_initialize.c ****     int_memory_pool_start +=  UX_ALIGN_MIN;
  90              		.loc 1 179 5 is_stmt 1 view .LVU22
  91              		.loc 1 179 27 is_stmt 0 view .LVU23
  92 0028 0F30     		adds	r0, r0, #15
  93              	.LVL7:
 180:Middlewares/ST/usbx/common/core/src/ux_system_initialize.c ****     int_memory_pool_start &=  ~((ALIGN_TYPE)UX_ALIGN_MIN);
  94              		.loc 1 180 5 is_stmt 1 view .LVU24
  95              		.loc 1 180 27 is_stmt 0 view .LVU25
  96 002a 20F00F00 		bic	r0, r0, #15
  97              	.LVL8:
 181:Middlewares/ST/usbx/common/core/src/ux_system_initialize.c ****     
 182:Middlewares/ST/usbx/common/core/src/ux_system_initialize.c ****     /* Set the end of the regular memory pool.  */
 183:Middlewares/ST/usbx/common/core/src/ux_system_initialize.c ****     regular_memory_pool_end =  (void *) (((UCHAR *) regular_memory_pool_start) + regular_memory_siz
  98              		.loc 1 183 5 is_stmt 1 view .LVU26
  99              		.loc 1 183 29 is_stmt 0 view .LVU27
 100 002e 3C44     		add	r4, r4, r7
ARM GAS  C:\Users\HP\AppData\Local\Temp\ccTsckbE.s 			page 6


 101              	.LVL9:
 184:Middlewares/ST/usbx/common/core/src/ux_system_initialize.c **** 
 185:Middlewares/ST/usbx/common/core/src/ux_system_initialize.c ****     /* Check if we have memory available.  */
 186:Middlewares/ST/usbx/common/core/src/ux_system_initialize.c ****     if (int_memory_pool_start >= (ALIGN_TYPE)regular_memory_pool_end)
 102              		.loc 1 186 5 is_stmt 1 view .LVU28
 103              		.loc 1 186 8 is_stmt 0 view .LVU29
 104 0030 8442     		cmp	r4, r0
 105 0032 32D9     		bls	.L5
 187:Middlewares/ST/usbx/common/core/src/ux_system_initialize.c ****     {
 188:Middlewares/ST/usbx/common/core/src/ux_system_initialize.c **** 
 189:Middlewares/ST/usbx/common/core/src/ux_system_initialize.c ****         /* No memory available.  */
 190:Middlewares/ST/usbx/common/core/src/ux_system_initialize.c ****         return(UX_MEMORY_INSUFFICIENT);
 191:Middlewares/ST/usbx/common/core/src/ux_system_initialize.c ****     }
 192:Middlewares/ST/usbx/common/core/src/ux_system_initialize.c **** 
 193:Middlewares/ST/usbx/common/core/src/ux_system_initialize.c ****     /* Now, we have a project structure allocated, save the regular memory allocation details */
 194:Middlewares/ST/usbx/common/core/src/ux_system_initialize.c ****     _ux_system -> ux_system_regular_memory_pool_size =     (ULONG) (((ALIGN_TYPE) regular_memory_po
 106              		.loc 1 194 5 is_stmt 1 view .LVU30
 107              		.loc 1 194 60 is_stmt 0 view .LVU31
 108 0034 241A     		subs	r4, r4, r0
 109              		.loc 1 194 54 view .LVU32
 110 0036 5C60     		str	r4, [r3, #4]
 195:Middlewares/ST/usbx/common/core/src/ux_system_initialize.c ****     _ux_system -> ux_system_regular_memory_pool_free =     _ux_system -> ux_system_regular_memory_p
 111              		.loc 1 195 5 is_stmt 1 view .LVU33
 112              		.loc 1 195 54 is_stmt 0 view .LVU34
 113 0038 9C60     		str	r4, [r3, #8]
 196:Middlewares/ST/usbx/common/core/src/ux_system_initialize.c ****     _ux_system -> ux_system_regular_memory_pool_start =    (UX_MEMORY_BLOCK *) int_memory_pool_star
 114              		.loc 1 196 5 is_stmt 1 view .LVU35
 115              		.loc 1 196 55 is_stmt 0 view .LVU36
 116 003a 1860     		str	r0, [r3]
 197:Middlewares/ST/usbx/common/core/src/ux_system_initialize.c **** 
 198:Middlewares/ST/usbx/common/core/src/ux_system_initialize.c ****     /* Build the first free memory block */
 199:Middlewares/ST/usbx/common/core/src/ux_system_initialize.c ****     memory_block =                             _ux_system -> ux_system_regular_memory_pool_start;
 117              		.loc 1 199 5 is_stmt 1 view .LVU37
 118              		.loc 1 199 59 is_stmt 0 view .LVU38
 119 003c 194B     		ldr	r3, .L10
 120 003e 1B68     		ldr	r3, [r3]
 121              		.loc 1 199 18 view .LVU39
 122 0040 1A68     		ldr	r2, [r3]
 123              	.LVL10:
 200:Middlewares/ST/usbx/common/core/src/ux_system_initialize.c ****     memory_block -> ux_memory_block_size =     _ux_system -> ux_system_regular_memory_pool_size - (
 124              		.loc 1 200 5 is_stmt 1 view .LVU40
 125              		.loc 1 200 59 is_stmt 0 view .LVU41
 126 0042 5B68     		ldr	r3, [r3, #4]
 127              		.loc 1 200 97 view .LVU42
 128 0044 103B     		subs	r3, r3, #16
 129              		.loc 1 200 42 view .LVU43
 130 0046 1360     		str	r3, [r2]
 201:Middlewares/ST/usbx/common/core/src/ux_system_initialize.c ****     memory_block -> ux_memory_block_status =   UX_MEMORY_UNUSED;
 131              		.loc 1 201 5 is_stmt 1 view .LVU44
 132              		.loc 1 201 44 is_stmt 0 view .LVU45
 133 0048 0023     		movs	r3, #0
 134 004a 5360     		str	r3, [r2, #4]
 202:Middlewares/ST/usbx/common/core/src/ux_system_initialize.c **** 
 203:Middlewares/ST/usbx/common/core/src/ux_system_initialize.c ****     /* Check the definition of the cache safe pool. If the application or controller do not require
 204:Middlewares/ST/usbx/common/core/src/ux_system_initialize.c ****        define the cached safe memory region as the regular memory region.  */
 205:Middlewares/ST/usbx/common/core/src/ux_system_initialize.c ****     if (cache_safe_memory_pool_start == UX_NULL)
 135              		.loc 1 205 5 is_stmt 1 view .LVU46
ARM GAS  C:\Users\HP\AppData\Local\Temp\ccTsckbE.s 			page 7


 136              		.loc 1 205 8 is_stmt 0 view .LVU47
 137 004c E5B1     		cbz	r5, .L8
 206:Middlewares/ST/usbx/common/core/src/ux_system_initialize.c ****     {
 207:Middlewares/ST/usbx/common/core/src/ux_system_initialize.c **** 
 208:Middlewares/ST/usbx/common/core/src/ux_system_initialize.c ****         /* Cache safe memory is the same as regular memory.  */
 209:Middlewares/ST/usbx/common/core/src/ux_system_initialize.c ****         _ux_system -> ux_system_cache_safe_memory_pool_size =  _ux_system -> ux_system_regular_memo
 210:Middlewares/ST/usbx/common/core/src/ux_system_initialize.c ****         _ux_system -> ux_system_cache_safe_memory_pool_free =  _ux_system -> ux_system_regular_memo
 211:Middlewares/ST/usbx/common/core/src/ux_system_initialize.c ****         _ux_system -> ux_system_cache_safe_memory_pool_start = _ux_system -> ux_system_regular_memo
 212:Middlewares/ST/usbx/common/core/src/ux_system_initialize.c ****     }
 213:Middlewares/ST/usbx/common/core/src/ux_system_initialize.c ****     else
 214:Middlewares/ST/usbx/common/core/src/ux_system_initialize.c ****     {
 215:Middlewares/ST/usbx/common/core/src/ux_system_initialize.c ****     
 216:Middlewares/ST/usbx/common/core/src/ux_system_initialize.c ****         /* Make sure the cache safe memory pool is aligned properly */
 217:Middlewares/ST/usbx/common/core/src/ux_system_initialize.c ****         int_memory_pool_start =   (ALIGN_TYPE) cache_safe_memory_pool_start;
 138              		.loc 1 217 9 is_stmt 1 view .LVU48
 139              	.LVL11:
 218:Middlewares/ST/usbx/common/core/src/ux_system_initialize.c ****         int_memory_pool_start +=  UX_ALIGN_MIN;
 140              		.loc 1 218 9 view .LVU49
 141              		.loc 1 218 31 is_stmt 0 view .LVU50
 142 004e 05F10F00 		add	r0, r5, #15
 143              	.LVL12:
 219:Middlewares/ST/usbx/common/core/src/ux_system_initialize.c ****         int_memory_pool_start &=  ~((ALIGN_TYPE)UX_ALIGN_MIN);
 144              		.loc 1 219 9 is_stmt 1 view .LVU51
 145              		.loc 1 219 31 is_stmt 0 view .LVU52
 146 0052 20F00F00 		bic	r0, r0, #15
 147              	.LVL13:
 220:Middlewares/ST/usbx/common/core/src/ux_system_initialize.c ****     
 221:Middlewares/ST/usbx/common/core/src/ux_system_initialize.c ****         /* Save the cache safe memory allocation details */
 222:Middlewares/ST/usbx/common/core/src/ux_system_initialize.c ****         _ux_system -> ux_system_cache_safe_memory_pool_size =     cache_safe_memory_size - UX_ALIGN
 148              		.loc 1 222 9 is_stmt 1 view .LVU53
 149              		.loc 1 222 20 is_stmt 0 view .LVU54
 150 0056 134C     		ldr	r4, .L10
 151 0058 2368     		ldr	r3, [r4]
 152              		.loc 1 222 90 view .LVU55
 153 005a A6F10F02 		sub	r2, r6, #15
 154              	.LVL14:
 155              		.loc 1 222 61 view .LVU56
 156 005e 1A61     		str	r2, [r3, #16]
 223:Middlewares/ST/usbx/common/core/src/ux_system_initialize.c ****         _ux_system -> ux_system_cache_safe_memory_pool_free =     _ux_system -> ux_system_cache_saf
 157              		.loc 1 223 9 is_stmt 1 view .LVU57
 158              		.loc 1 223 61 is_stmt 0 view .LVU58
 159 0060 5A61     		str	r2, [r3, #20]
 224:Middlewares/ST/usbx/common/core/src/ux_system_initialize.c ****         _ux_system -> ux_system_cache_safe_memory_pool_start =    (UX_MEMORY_BLOCK *) int_memory_po
 160              		.loc 1 224 9 is_stmt 1 view .LVU59
 161              		.loc 1 224 62 is_stmt 0 view .LVU60
 162 0062 D860     		str	r0, [r3, #12]
 225:Middlewares/ST/usbx/common/core/src/ux_system_initialize.c ****     
 226:Middlewares/ST/usbx/common/core/src/ux_system_initialize.c ****         /* Reset this memory block */
 227:Middlewares/ST/usbx/common/core/src/ux_system_initialize.c ****         _ux_utility_memory_set(_ux_system -> ux_system_cache_safe_memory_pool_start, 0, _ux_system 
 163              		.loc 1 227 9 is_stmt 1 view .LVU61
 164 0064 0021     		movs	r1, #0
 165              	.LVL15:
 166              		.loc 1 227 9 is_stmt 0 view .LVU62
 167 0066 FFF7FEFF 		bl	_ux_utility_memory_set
 168              	.LVL16:
 228:Middlewares/ST/usbx/common/core/src/ux_system_initialize.c ****     
 229:Middlewares/ST/usbx/common/core/src/ux_system_initialize.c ****         /* Build the first free memory block */
ARM GAS  C:\Users\HP\AppData\Local\Temp\ccTsckbE.s 			page 8


 230:Middlewares/ST/usbx/common/core/src/ux_system_initialize.c ****         memory_block =                             _ux_system -> ux_system_cache_safe_memory_pool_s
 169              		.loc 1 230 9 is_stmt 1 view .LVU63
 170              		.loc 1 230 63 is_stmt 0 view .LVU64
 171 006a 2368     		ldr	r3, [r4]
 172              		.loc 1 230 22 view .LVU65
 173 006c DA68     		ldr	r2, [r3, #12]
 174              	.LVL17:
 231:Middlewares/ST/usbx/common/core/src/ux_system_initialize.c ****         memory_block -> ux_memory_block_size =     _ux_system -> ux_system_cache_safe_memory_pool_s
 175              		.loc 1 231 9 is_stmt 1 view .LVU66
 176              		.loc 1 231 63 is_stmt 0 view .LVU67
 177 006e 1B69     		ldr	r3, [r3, #16]
 178              		.loc 1 231 104 view .LVU68
 179 0070 103B     		subs	r3, r3, #16
 180              		.loc 1 231 46 view .LVU69
 181 0072 1360     		str	r3, [r2]
 232:Middlewares/ST/usbx/common/core/src/ux_system_initialize.c ****         memory_block -> ux_memory_block_status =   UX_MEMORY_UNUSED;
 182              		.loc 1 232 9 is_stmt 1 view .LVU70
 183              		.loc 1 232 48 is_stmt 0 view .LVU71
 184 0074 0023     		movs	r3, #0
 185 0076 5360     		str	r3, [r2, #4]
 186              	.LVL18:
 187              	.L4:
 233:Middlewares/ST/usbx/common/core/src/ux_system_initialize.c ****     }
 234:Middlewares/ST/usbx/common/core/src/ux_system_initialize.c **** 
 235:Middlewares/ST/usbx/common/core/src/ux_system_initialize.c **** #ifdef UX_ENABLE_MEMORY_STATISTICS
 236:Middlewares/ST/usbx/common/core/src/ux_system_initialize.c ****     _ux_system -> ux_system_regular_memory_pool_base = (UCHAR *) _ux_system -> ux_system_regular_me
 237:Middlewares/ST/usbx/common/core/src/ux_system_initialize.c ****     _ux_system -> ux_system_regular_memory_pool_min_free = _ux_system -> ux_system_regular_memory_p
 238:Middlewares/ST/usbx/common/core/src/ux_system_initialize.c ****     _ux_system -> ux_system_cache_safe_memory_pool_base = (UCHAR *) _ux_system -> ux_system_cache_s
 239:Middlewares/ST/usbx/common/core/src/ux_system_initialize.c ****     _ux_system -> ux_system_cache_safe_memory_pool_min_free = _ux_system -> ux_system_cache_safe_me
 240:Middlewares/ST/usbx/common/core/src/ux_system_initialize.c **** 
 241:Middlewares/ST/usbx/common/core/src/ux_system_initialize.c ****     /* Other fields are kept zero.  */
 242:Middlewares/ST/usbx/common/core/src/ux_system_initialize.c **** #endif
 243:Middlewares/ST/usbx/common/core/src/ux_system_initialize.c **** 
 244:Middlewares/ST/usbx/common/core/src/ux_system_initialize.c **** #ifdef UX_ENABLE_DEBUG_LOG
 245:Middlewares/ST/usbx/common/core/src/ux_system_initialize.c **** 
 246:Middlewares/ST/usbx/common/core/src/ux_system_initialize.c ****     /* Obtain memory for storing the debug log.  */
 247:Middlewares/ST/usbx/common/core/src/ux_system_initialize.c ****     _ux_system -> ux_system_debug_log_buffer =  _ux_utility_memory_allocate(UX_NO_ALIGN, UX_REGULAR
 248:Middlewares/ST/usbx/common/core/src/ux_system_initialize.c ****     if (_ux_system -> ux_system_debug_log_buffer == UX_NULL)
 249:Middlewares/ST/usbx/common/core/src/ux_system_initialize.c ****         return(UX_MEMORY_INSUFFICIENT);
 250:Middlewares/ST/usbx/common/core/src/ux_system_initialize.c **** 
 251:Middlewares/ST/usbx/common/core/src/ux_system_initialize.c ****     /* Setup the head and tail pointers.  */
 252:Middlewares/ST/usbx/common/core/src/ux_system_initialize.c ****     _ux_system -> ux_system_debug_log_head = _ux_system -> ux_system_debug_log_buffer;
 253:Middlewares/ST/usbx/common/core/src/ux_system_initialize.c ****     _ux_system -> ux_system_debug_log_tail = _ux_system -> ux_system_debug_log_buffer;
 254:Middlewares/ST/usbx/common/core/src/ux_system_initialize.c ****     
 255:Middlewares/ST/usbx/common/core/src/ux_system_initialize.c ****     /* Keep the size in system structure variable.  */
 256:Middlewares/ST/usbx/common/core/src/ux_system_initialize.c ****     _ux_system -> ux_system_debug_log_size = UX_DEBUG_LOG_SIZE;
 257:Middlewares/ST/usbx/common/core/src/ux_system_initialize.c ****     
 258:Middlewares/ST/usbx/common/core/src/ux_system_initialize.c **** #endif
 259:Middlewares/ST/usbx/common/core/src/ux_system_initialize.c **** 
 260:Middlewares/ST/usbx/common/core/src/ux_system_initialize.c **** #if !defined(UX_STANDALONE)
 261:Middlewares/ST/usbx/common/core/src/ux_system_initialize.c **** 
 262:Middlewares/ST/usbx/common/core/src/ux_system_initialize.c ****     /* Create the Mutex object used by USBX to control critical sections.  */
 263:Middlewares/ST/usbx/common/core/src/ux_system_initialize.c ****     status =  _ux_system_mutex_create(&_ux_system -> ux_system_mutex, "ux_system_mutex");
 188              		.loc 1 263 5 is_stmt 1 view .LVU72
 189              		.loc 1 263 51 is_stmt 0 view .LVU73
 190 0078 0A4B     		ldr	r3, .L10
 191 007a 1868     		ldr	r0, [r3]
ARM GAS  C:\Users\HP\AppData\Local\Temp\ccTsckbE.s 			page 9


 192              		.loc 1 263 15 view .LVU74
 193 007c 0B49     		ldr	r1, .L10+8
 194 007e 1C30     		adds	r0, r0, #28
 195 0080 FFF7FEFF 		bl	_ux_utility_mutex_create
 196              	.LVL19:
 264:Middlewares/ST/usbx/common/core/src/ux_system_initialize.c ****     if(status != UX_SUCCESS)
 197              		.loc 1 264 5 is_stmt 1 view .LVU75
 198              		.loc 1 264 7 is_stmt 0 view .LVU76
 199 0084 58B9     		cbnz	r0, .L9
 200              	.LVL20:
 201              	.L1:
 265:Middlewares/ST/usbx/common/core/src/ux_system_initialize.c ****         return(UX_MUTEX_ERROR);
 266:Middlewares/ST/usbx/common/core/src/ux_system_initialize.c **** #endif
 267:Middlewares/ST/usbx/common/core/src/ux_system_initialize.c **** 
 268:Middlewares/ST/usbx/common/core/src/ux_system_initialize.c ****     return(UX_SUCCESS);
 269:Middlewares/ST/usbx/common/core/src/ux_system_initialize.c **** }
 202              		.loc 1 269 1 view .LVU77
 203 0086 F8BD     		pop	{r3, r4, r5, r6, r7, pc}
 204              	.LVL21:
 205              	.L8:
 209:Middlewares/ST/usbx/common/core/src/ux_system_initialize.c ****         _ux_system -> ux_system_cache_safe_memory_pool_free =  _ux_system -> ux_system_regular_memo
 206              		.loc 1 209 9 is_stmt 1 view .LVU78
 209:Middlewares/ST/usbx/common/core/src/ux_system_initialize.c ****         _ux_system -> ux_system_cache_safe_memory_pool_free =  _ux_system -> ux_system_regular_memo
 207              		.loc 1 209 75 is_stmt 0 view .LVU79
 208 0088 064B     		ldr	r3, .L10
 209 008a 1B68     		ldr	r3, [r3]
 210 008c 5A68     		ldr	r2, [r3, #4]
 211              	.LVL22:
 209:Middlewares/ST/usbx/common/core/src/ux_system_initialize.c ****         _ux_system -> ux_system_cache_safe_memory_pool_free =  _ux_system -> ux_system_regular_memo
 212              		.loc 1 209 61 view .LVU80
 213 008e 1A61     		str	r2, [r3, #16]
 210:Middlewares/ST/usbx/common/core/src/ux_system_initialize.c ****         _ux_system -> ux_system_cache_safe_memory_pool_start = _ux_system -> ux_system_regular_memo
 214              		.loc 1 210 9 is_stmt 1 view .LVU81
 210:Middlewares/ST/usbx/common/core/src/ux_system_initialize.c ****         _ux_system -> ux_system_cache_safe_memory_pool_start = _ux_system -> ux_system_regular_memo
 215              		.loc 1 210 75 is_stmt 0 view .LVU82
 216 0090 9A68     		ldr	r2, [r3, #8]
 210:Middlewares/ST/usbx/common/core/src/ux_system_initialize.c ****         _ux_system -> ux_system_cache_safe_memory_pool_start = _ux_system -> ux_system_regular_memo
 217              		.loc 1 210 61 view .LVU83
 218 0092 5A61     		str	r2, [r3, #20]
 211:Middlewares/ST/usbx/common/core/src/ux_system_initialize.c ****     }
 219              		.loc 1 211 9 is_stmt 1 view .LVU84
 211:Middlewares/ST/usbx/common/core/src/ux_system_initialize.c ****     }
 220              		.loc 1 211 75 is_stmt 0 view .LVU85
 221 0094 1A68     		ldr	r2, [r3]
 211:Middlewares/ST/usbx/common/core/src/ux_system_initialize.c ****     }
 222              		.loc 1 211 62 view .LVU86
 223 0096 DA60     		str	r2, [r3, #12]
 224 0098 EEE7     		b	.L4
 225              	.L5:
 190:Middlewares/ST/usbx/common/core/src/ux_system_initialize.c ****     }
 226              		.loc 1 190 15 view .LVU87
 227 009a 1220     		movs	r0, #18
 228              	.LVL23:
 190:Middlewares/ST/usbx/common/core/src/ux_system_initialize.c ****     }
 229              		.loc 1 190 15 view .LVU88
 230 009c F3E7     		b	.L1
 231              	.LVL24:
ARM GAS  C:\Users\HP\AppData\Local\Temp\ccTsckbE.s 			page 10


 232              	.L9:
 265:Middlewares/ST/usbx/common/core/src/ux_system_initialize.c **** #endif
 233              		.loc 1 265 15 view .LVU89
 234 009e 1720     		movs	r0, #23
 235              	.LVL25:
 265:Middlewares/ST/usbx/common/core/src/ux_system_initialize.c **** #endif
 236              		.loc 1 265 15 view .LVU90
 237 00a0 F1E7     		b	.L1
 238              	.L11:
 239 00a2 00BF     		.align	2
 240              	.L10:
 241 00a4 00000000 		.word	.LANCHOR0
 242 00a8 00000000 		.word	_ux_system_host
 243 00ac 00000000 		.word	.LC0
 244              		.cfi_endproc
 245              	.LFE11:
 247              		.global	_ux_system_container_id_descriptor_structure
 248              		.global	_ux_system_usb_2_0_extension_descriptor_structure
 249              		.global	_ux_system_bos_descriptor_structure
 250              		.global	_ux_system_ecm_interface_descriptor_structure
 251              		.global	_ux_system_class_pima_object_structure
 252              		.global	_ux_system_class_pima_storage_structure
 253              		.global	_ux_system_hid_descriptor_structure
 254              		.global	_ux_system_hub_descriptor_structure
 255              		.global	_ux_system_class_audio_streaming_endpoint_descriptor_structure
 256              		.global	_ux_system_class_audio_streaming_interface_descriptor_structure
 257              		.global	_ux_system_class_audio_feature_unit_descriptor_structure
 258              		.global	_ux_system_class_audio_output_terminal_descriptor_structure
 259              		.global	_ux_system_class_audio_input_terminal_descriptor_structure
 260              		.global	_ux_system_class_audio_interface_descriptor_structure
 261              		.global	_ux_system_dfu_functional_descriptor_structure
 262              		.global	_ux_system_string_descriptor_structure
 263              		.global	_ux_system_interface_association_descriptor_structure
 264              		.global	_ux_system_interface_descriptor_structure
 265              		.global	_ux_system_configuration_descriptor_structure
 266              		.global	_ux_system_device_descriptor_structure
 267              		.global	_ux_system_endpoint_descriptor_structure
 268              		.global	_ux_system_otg
 269              		.global	_ux_system
 270              		.global	_ux_version_id
 271              		.section	.bss._ux_system,"aw",%nobits
 272              		.align	2
 273              		.set	.LANCHOR0,. + 0
 276              	_ux_system:
 277 0000 00000000 		.space	4
 278              		.section	.bss._ux_system_otg,"aw",%nobits
 279              		.align	2
 282              	_ux_system_otg:
 283 0000 00000000 		.space	4
 284              		.section	.data._ux_system_bos_descriptor_structure,"aw"
 285              		.align	2
 288              	_ux_system_bos_descriptor_structure:
 289 0000 01010201 		.ascii	"\001\001\002\001"
 290              		.section	.data._ux_system_class_audio_feature_unit_descriptor_structure,"aw"
 291              		.align	2
 294              	_ux_system_class_audio_feature_unit_descriptor_structure:
 295 0000 01010101 		.ascii	"\001\001\001\001\001\001\001"
ARM GAS  C:\Users\HP\AppData\Local\Temp\ccTsckbE.s 			page 11


 295      010101
 296              		.section	.data._ux_system_class_audio_input_terminal_descriptor_structure,"aw"
 297              		.align	2
 300              	_ux_system_class_audio_input_terminal_descriptor_structure:
 301 0000 01010101 		.ascii	"\001\001\001\001\002\001\001\002\001\001"
 301      02010102 
 301      0101
 302              		.section	.data._ux_system_class_audio_interface_descriptor_structure,"aw"
 303              		.align	2
 306              	_ux_system_class_audio_interface_descriptor_structure:
 307 0000 01010101 		.ascii	"\001\001\001\001\001\001\001\001"
 307      01010101 
 308              		.section	.data._ux_system_class_audio_output_terminal_descriptor_structure,"aw"
 309              		.align	2
 312              	_ux_system_class_audio_output_terminal_descriptor_structure:
 313 0000 01010101 		.ascii	"\001\001\001\001\002\001\001\001"
 313      02010101 
 314              		.section	.data._ux_system_class_audio_streaming_endpoint_descriptor_structure,"aw"
 315              		.align	2
 318              	_ux_system_class_audio_streaming_endpoint_descriptor_structure:
 319 0000 01010101 		.ascii	"\001\001\001\001\001\001"
 319      0101
 320              		.section	.data._ux_system_class_audio_streaming_interface_descriptor_structure,"aw"
 321              		.align	2
 324              	_ux_system_class_audio_streaming_interface_descriptor_structure:
 325 0000 01010101 		.ascii	"\001\001\001\001\001\001"
 325      0101
 326              		.section	.data._ux_system_class_pima_object_structure,"aw"
 327              		.align	2
 330              	_ux_system_class_pima_object_structure:
 331 0000 04020204 		.ascii	"\004\002\002\004\002\004\004\004\004\004\004\004\002"
 331      02040404 
 331      04040404 
 331      02
 332 000d 0404     		.ascii	"\004\004"
 333              		.section	.data._ux_system_class_pima_storage_structure,"aw"
 334              		.align	2
 337              	_ux_system_class_pima_storage_structure:
 338 0000 02020204 		.ascii	"\002\002\002\004\004\004\004\004"
 338      04040404 
 339              		.section	.data._ux_system_configuration_descriptor_structure,"aw"
 340              		.align	2
 343              	_ux_system_configuration_descriptor_structure:
 344 0000 01010201 		.ascii	"\001\001\002\001\001\001\001\001"
 344      01010101 
 345              		.section	.data._ux_system_container_id_descriptor_structure,"aw"
 346              		.align	2
 349              	_ux_system_container_id_descriptor_structure:
 350 0000 01010101 		.ascii	"\001\001\001\001\004\004\004\004"
 350      04040404 
 351              		.section	.data._ux_system_device_descriptor_structure,"aw"
 352              		.align	2
 355              	_ux_system_device_descriptor_structure:
 356 0000 01010201 		.ascii	"\001\001\002\001\001\001\001\002\002\002\001\001\001"
 356      01010102 
 356      02020101 
 356      01
ARM GAS  C:\Users\HP\AppData\Local\Temp\ccTsckbE.s 			page 12


 357 000d 01       		.ascii	"\001"
 358              		.section	.data._ux_system_dfu_functional_descriptor_structure,"aw"
 359              		.align	2
 362              	_ux_system_dfu_functional_descriptor_structure:
 363 0000 01010102 		.ascii	"\001\001\001\002\002\002"
 363      0202
 364              		.section	.data._ux_system_ecm_interface_descriptor_structure,"aw"
 365              		.align	2
 368              	_ux_system_ecm_interface_descriptor_structure:
 369 0000 01010101 		.ascii	"\001\001\001\001\004\002\002\001"
 369      04020201 
 370              		.section	.data._ux_system_endpoint_descriptor_structure,"aw"
 371              		.align	2
 374              	_ux_system_endpoint_descriptor_structure:
 375 0000 01010101 		.ascii	"\001\001\001\001\002\001"
 375      0201
 376              		.section	.data._ux_system_hid_descriptor_structure,"aw"
 377              		.align	2
 380              	_ux_system_hid_descriptor_structure:
 381 0000 01010201 		.ascii	"\001\001\002\001\001\001\002"
 381      010102
 382              		.section	.data._ux_system_hub_descriptor_structure,"aw"
 383              		.align	2
 386              	_ux_system_hub_descriptor_structure:
 387 0000 01010102 		.ascii	"\001\001\001\002\001\001\001\001"
 387      01010101 
 388              		.section	.data._ux_system_interface_association_descriptor_structure,"aw"
 389              		.align	2
 392              	_ux_system_interface_association_descriptor_structure:
 393 0000 01010101 		.ascii	"\001\001\001\001\001\001\001\001"
 393      01010101 
 394              		.section	.data._ux_system_interface_descriptor_structure,"aw"
 395              		.align	2
 398              	_ux_system_interface_descriptor_structure:
 399 0000 01010101 		.ascii	"\001\001\001\001\001\001\001\001\001"
 399      01010101 
 399      01
 400              		.section	.data._ux_system_string_descriptor_structure,"aw"
 401              		.align	2
 404              	_ux_system_string_descriptor_structure:
 405 0000 010102   		.ascii	"\001\001\002"
 406              		.section	.data._ux_system_usb_2_0_extension_descriptor_structure,"aw"
 407              		.align	2
 410              	_ux_system_usb_2_0_extension_descriptor_structure:
 411 0000 01010104 		.ascii	"\001\001\001\004"
 412              		.section	.data._ux_version_id,"aw"
 413              		.align	2
 416              	_ux_version_id:
 417 0000 436F7079 		.ascii	"Copyright (c) Microsoft Corporation. All rights res"
 417      72696768 
 417      74202863 
 417      29204D69 
 417      63726F73 
 418 0033 65727665 		.ascii	"erved. * USBX Generic Version 6.2.0 *\000"
 418      642E202A 
 418      20555342 
 418      58204765 
ARM GAS  C:\Users\HP\AppData\Local\Temp\ccTsckbE.s 			page 13


 418      6E657269 
 419              		.text
 420              	.Letext0:
 421              		.file 2 "Middlewares/ST/threadx/ports/cortex_m4/gnu/inc/tx_port.h"
 422              		.file 3 "Middlewares/ST/threadx/common/inc/tx_api.h"
 423              		.file 4 "Middlewares/ST/usbx/common/core/inc/ux_api.h"
 424              		.file 5 "Middlewares/ST/usbx/ports/generic/inc/ux_port.h"
 425              		.file 6 "Middlewares/ST/usbx/common/core/inc/ux_system.h"
 426              		.file 7 "Middlewares/ST/usbx/common/core/inc/ux_utility.h"
ARM GAS  C:\Users\HP\AppData\Local\Temp\ccTsckbE.s 			page 14


DEFINED SYMBOLS
                            *ABS*:00000000 ux_system_initialize.c
C:\Users\HP\AppData\Local\Temp\ccTsckbE.s:20     .rodata._ux_system_initialize.str1.4:00000000 $d
C:\Users\HP\AppData\Local\Temp\ccTsckbE.s:24     .text._ux_system_initialize:00000000 $t
C:\Users\HP\AppData\Local\Temp\ccTsckbE.s:30     .text._ux_system_initialize:00000000 _ux_system_initialize
C:\Users\HP\AppData\Local\Temp\ccTsckbE.s:241    .text._ux_system_initialize:000000a4 $d
C:\Users\HP\AppData\Local\Temp\ccTsckbE.s:349    .data._ux_system_container_id_descriptor_structure:00000000 _ux_system_container_id_descriptor_structure
C:\Users\HP\AppData\Local\Temp\ccTsckbE.s:410    .data._ux_system_usb_2_0_extension_descriptor_structure:00000000 _ux_system_usb_2_0_extension_descriptor_structure
C:\Users\HP\AppData\Local\Temp\ccTsckbE.s:288    .data._ux_system_bos_descriptor_structure:00000000 _ux_system_bos_descriptor_structure
C:\Users\HP\AppData\Local\Temp\ccTsckbE.s:368    .data._ux_system_ecm_interface_descriptor_structure:00000000 _ux_system_ecm_interface_descriptor_structure
C:\Users\HP\AppData\Local\Temp\ccTsckbE.s:330    .data._ux_system_class_pima_object_structure:00000000 _ux_system_class_pima_object_structure
C:\Users\HP\AppData\Local\Temp\ccTsckbE.s:337    .data._ux_system_class_pima_storage_structure:00000000 _ux_system_class_pima_storage_structure
C:\Users\HP\AppData\Local\Temp\ccTsckbE.s:380    .data._ux_system_hid_descriptor_structure:00000000 _ux_system_hid_descriptor_structure
C:\Users\HP\AppData\Local\Temp\ccTsckbE.s:386    .data._ux_system_hub_descriptor_structure:00000000 _ux_system_hub_descriptor_structure
C:\Users\HP\AppData\Local\Temp\ccTsckbE.s:318    .data._ux_system_class_audio_streaming_endpoint_descriptor_structure:00000000 _ux_system_class_audio_streaming_endpoint_descriptor_structure
C:\Users\HP\AppData\Local\Temp\ccTsckbE.s:324    .data._ux_system_class_audio_streaming_interface_descriptor_structure:00000000 _ux_system_class_audio_streaming_interface_descriptor_structure
C:\Users\HP\AppData\Local\Temp\ccTsckbE.s:294    .data._ux_system_class_audio_feature_unit_descriptor_structure:00000000 _ux_system_class_audio_feature_unit_descriptor_structure
C:\Users\HP\AppData\Local\Temp\ccTsckbE.s:312    .data._ux_system_class_audio_output_terminal_descriptor_structure:00000000 _ux_system_class_audio_output_terminal_descriptor_structure
C:\Users\HP\AppData\Local\Temp\ccTsckbE.s:300    .data._ux_system_class_audio_input_terminal_descriptor_structure:00000000 _ux_system_class_audio_input_terminal_descriptor_structure
C:\Users\HP\AppData\Local\Temp\ccTsckbE.s:306    .data._ux_system_class_audio_interface_descriptor_structure:00000000 _ux_system_class_audio_interface_descriptor_structure
C:\Users\HP\AppData\Local\Temp\ccTsckbE.s:362    .data._ux_system_dfu_functional_descriptor_structure:00000000 _ux_system_dfu_functional_descriptor_structure
C:\Users\HP\AppData\Local\Temp\ccTsckbE.s:404    .data._ux_system_string_descriptor_structure:00000000 _ux_system_string_descriptor_structure
C:\Users\HP\AppData\Local\Temp\ccTsckbE.s:392    .data._ux_system_interface_association_descriptor_structure:00000000 _ux_system_interface_association_descriptor_structure
C:\Users\HP\AppData\Local\Temp\ccTsckbE.s:398    .data._ux_system_interface_descriptor_structure:00000000 _ux_system_interface_descriptor_structure
C:\Users\HP\AppData\Local\Temp\ccTsckbE.s:343    .data._ux_system_configuration_descriptor_structure:00000000 _ux_system_configuration_descriptor_structure
C:\Users\HP\AppData\Local\Temp\ccTsckbE.s:355    .data._ux_system_device_descriptor_structure:00000000 _ux_system_device_descriptor_structure
C:\Users\HP\AppData\Local\Temp\ccTsckbE.s:374    .data._ux_system_endpoint_descriptor_structure:00000000 _ux_system_endpoint_descriptor_structure
C:\Users\HP\AppData\Local\Temp\ccTsckbE.s:282    .bss._ux_system_otg:00000000 _ux_system_otg
C:\Users\HP\AppData\Local\Temp\ccTsckbE.s:276    .bss._ux_system:00000000 _ux_system
C:\Users\HP\AppData\Local\Temp\ccTsckbE.s:416    .data._ux_version_id:00000000 _ux_version_id
C:\Users\HP\AppData\Local\Temp\ccTsckbE.s:272    .bss._ux_system:00000000 $d
C:\Users\HP\AppData\Local\Temp\ccTsckbE.s:279    .bss._ux_system_otg:00000000 $d
C:\Users\HP\AppData\Local\Temp\ccTsckbE.s:285    .data._ux_system_bos_descriptor_structure:00000000 $d
C:\Users\HP\AppData\Local\Temp\ccTsckbE.s:291    .data._ux_system_class_audio_feature_unit_descriptor_structure:00000000 $d
C:\Users\HP\AppData\Local\Temp\ccTsckbE.s:297    .data._ux_system_class_audio_input_terminal_descriptor_structure:00000000 $d
C:\Users\HP\AppData\Local\Temp\ccTsckbE.s:303    .data._ux_system_class_audio_interface_descriptor_structure:00000000 $d
C:\Users\HP\AppData\Local\Temp\ccTsckbE.s:309    .data._ux_system_class_audio_output_terminal_descriptor_structure:00000000 $d
C:\Users\HP\AppData\Local\Temp\ccTsckbE.s:315    .data._ux_system_class_audio_streaming_endpoint_descriptor_structure:00000000 $d
C:\Users\HP\AppData\Local\Temp\ccTsckbE.s:321    .data._ux_system_class_audio_streaming_interface_descriptor_structure:00000000 $d
C:\Users\HP\AppData\Local\Temp\ccTsckbE.s:327    .data._ux_system_class_pima_object_structure:00000000 $d
C:\Users\HP\AppData\Local\Temp\ccTsckbE.s:334    .data._ux_system_class_pima_storage_structure:00000000 $d
C:\Users\HP\AppData\Local\Temp\ccTsckbE.s:340    .data._ux_system_configuration_descriptor_structure:00000000 $d
C:\Users\HP\AppData\Local\Temp\ccTsckbE.s:346    .data._ux_system_container_id_descriptor_structure:00000000 $d
C:\Users\HP\AppData\Local\Temp\ccTsckbE.s:352    .data._ux_system_device_descriptor_structure:00000000 $d
C:\Users\HP\AppData\Local\Temp\ccTsckbE.s:359    .data._ux_system_dfu_functional_descriptor_structure:00000000 $d
C:\Users\HP\AppData\Local\Temp\ccTsckbE.s:365    .data._ux_system_ecm_interface_descriptor_structure:00000000 $d
C:\Users\HP\AppData\Local\Temp\ccTsckbE.s:371    .data._ux_system_endpoint_descriptor_structure:00000000 $d
C:\Users\HP\AppData\Local\Temp\ccTsckbE.s:377    .data._ux_system_hid_descriptor_structure:00000000 $d
C:\Users\HP\AppData\Local\Temp\ccTsckbE.s:383    .data._ux_system_hub_descriptor_structure:00000000 $d
C:\Users\HP\AppData\Local\Temp\ccTsckbE.s:389    .data._ux_system_interface_association_descriptor_structure:00000000 $d
C:\Users\HP\AppData\Local\Temp\ccTsckbE.s:395    .data._ux_system_interface_descriptor_structure:00000000 $d
C:\Users\HP\AppData\Local\Temp\ccTsckbE.s:401    .data._ux_system_string_descriptor_structure:00000000 $d
C:\Users\HP\AppData\Local\Temp\ccTsckbE.s:407    .data._ux_system_usb_2_0_extension_descriptor_structure:00000000 $d
C:\Users\HP\AppData\Local\Temp\ccTsckbE.s:413    .data._ux_version_id:00000000 $d

UNDEFINED SYMBOLS
_ux_utility_memory_set
ARM GAS  C:\Users\HP\AppData\Local\Temp\ccTsckbE.s 			page 15


_ux_utility_mutex_create
_ux_system_host
