ARM GAS  C:\Users\HP\AppData\Local\Temp\ccxCcLwq.s 			page 1


   1              		.cpu cortex-m4
   2              		.arch armv7e-m
   3              		.fpu fpv4-sp-d16
   4              		.eabi_attribute 27, 1
   5              		.eabi_attribute 28, 1
   6              		.eabi_attribute 20, 1
   7              		.eabi_attribute 21, 1
   8              		.eabi_attribute 23, 3
   9              		.eabi_attribute 24, 1
  10              		.eabi_attribute 25, 1
  11              		.eabi_attribute 26, 1
  12              		.eabi_attribute 30, 1
  13              		.eabi_attribute 34, 1
  14              		.eabi_attribute 18, 4
  15              		.file	"ux_utility_thread_resume.c"
  16              		.text
  17              	.Ltext0:
  18              		.cfi_sections	.debug_frame
  19              		.section	.text._ux_utility_thread_resume,"ax",%progbits
  20              		.align	1
  21              		.global	_ux_utility_thread_resume
  22              		.syntax unified
  23              		.thumb
  24              		.thumb_func
  26              	_ux_utility_thread_resume:
  27              	.LVL0:
  28              	.LFB11:
  29              		.file 1 "Middlewares/ST/usbx/common/core/src/ux_utility_thread_resume.c"
   1:Middlewares/ST/usbx/common/core/src/ux_utility_thread_resume.c **** /**************************************************************************/
   2:Middlewares/ST/usbx/common/core/src/ux_utility_thread_resume.c **** /*                                                                        */
   3:Middlewares/ST/usbx/common/core/src/ux_utility_thread_resume.c **** /*       Copyright (c) Microsoft Corporation. All rights reserved.        */
   4:Middlewares/ST/usbx/common/core/src/ux_utility_thread_resume.c **** /*                                                                        */
   5:Middlewares/ST/usbx/common/core/src/ux_utility_thread_resume.c **** /*       This software is licensed under the Microsoft Software License   */
   6:Middlewares/ST/usbx/common/core/src/ux_utility_thread_resume.c **** /*       Terms for Microsoft Azure RTOS. Full text of the license can be  */
   7:Middlewares/ST/usbx/common/core/src/ux_utility_thread_resume.c **** /*       found in the LICENSE file at https://aka.ms/AzureRTOS_EULA       */
   8:Middlewares/ST/usbx/common/core/src/ux_utility_thread_resume.c **** /*       and in the root directory of this software.                      */
   9:Middlewares/ST/usbx/common/core/src/ux_utility_thread_resume.c **** /*                                                                        */
  10:Middlewares/ST/usbx/common/core/src/ux_utility_thread_resume.c **** /**************************************************************************/
  11:Middlewares/ST/usbx/common/core/src/ux_utility_thread_resume.c **** 
  12:Middlewares/ST/usbx/common/core/src/ux_utility_thread_resume.c **** 
  13:Middlewares/ST/usbx/common/core/src/ux_utility_thread_resume.c **** /**************************************************************************/
  14:Middlewares/ST/usbx/common/core/src/ux_utility_thread_resume.c **** /**************************************************************************/
  15:Middlewares/ST/usbx/common/core/src/ux_utility_thread_resume.c **** /**                                                                       */ 
  16:Middlewares/ST/usbx/common/core/src/ux_utility_thread_resume.c **** /** USBX Component                                                        */ 
  17:Middlewares/ST/usbx/common/core/src/ux_utility_thread_resume.c **** /**                                                                       */
  18:Middlewares/ST/usbx/common/core/src/ux_utility_thread_resume.c **** /**   Utility                                                             */
  19:Middlewares/ST/usbx/common/core/src/ux_utility_thread_resume.c **** /**                                                                       */
  20:Middlewares/ST/usbx/common/core/src/ux_utility_thread_resume.c **** /**************************************************************************/
  21:Middlewares/ST/usbx/common/core/src/ux_utility_thread_resume.c **** /**************************************************************************/
  22:Middlewares/ST/usbx/common/core/src/ux_utility_thread_resume.c **** 
  23:Middlewares/ST/usbx/common/core/src/ux_utility_thread_resume.c **** 
  24:Middlewares/ST/usbx/common/core/src/ux_utility_thread_resume.c **** /* Include necessary system files.  */
  25:Middlewares/ST/usbx/common/core/src/ux_utility_thread_resume.c **** 
  26:Middlewares/ST/usbx/common/core/src/ux_utility_thread_resume.c **** #define UX_SOURCE_CODE
  27:Middlewares/ST/usbx/common/core/src/ux_utility_thread_resume.c **** 
  28:Middlewares/ST/usbx/common/core/src/ux_utility_thread_resume.c **** #include "ux_api.h"
  29:Middlewares/ST/usbx/common/core/src/ux_utility_thread_resume.c **** 
ARM GAS  C:\Users\HP\AppData\Local\Temp\ccxCcLwq.s 			page 2


  30:Middlewares/ST/usbx/common/core/src/ux_utility_thread_resume.c **** 
  31:Middlewares/ST/usbx/common/core/src/ux_utility_thread_resume.c **** #if !defined(UX_STANDALONE)
  32:Middlewares/ST/usbx/common/core/src/ux_utility_thread_resume.c **** /**************************************************************************/ 
  33:Middlewares/ST/usbx/common/core/src/ux_utility_thread_resume.c **** /*                                                                        */ 
  34:Middlewares/ST/usbx/common/core/src/ux_utility_thread_resume.c **** /*  FUNCTION                                               RELEASE        */ 
  35:Middlewares/ST/usbx/common/core/src/ux_utility_thread_resume.c **** /*                                                                        */ 
  36:Middlewares/ST/usbx/common/core/src/ux_utility_thread_resume.c **** /*    _ux_utility_thread_resume                           PORTABLE C      */ 
  37:Middlewares/ST/usbx/common/core/src/ux_utility_thread_resume.c **** /*                                                           6.1.11       */
  38:Middlewares/ST/usbx/common/core/src/ux_utility_thread_resume.c **** /*  AUTHOR                                                                */
  39:Middlewares/ST/usbx/common/core/src/ux_utility_thread_resume.c **** /*                                                                        */
  40:Middlewares/ST/usbx/common/core/src/ux_utility_thread_resume.c **** /*    Chaoqiong Xiao, Microsoft Corporation                               */
  41:Middlewares/ST/usbx/common/core/src/ux_utility_thread_resume.c **** /*                                                                        */
  42:Middlewares/ST/usbx/common/core/src/ux_utility_thread_resume.c **** /*  DESCRIPTION                                                           */
  43:Middlewares/ST/usbx/common/core/src/ux_utility_thread_resume.c **** /*                                                                        */ 
  44:Middlewares/ST/usbx/common/core/src/ux_utility_thread_resume.c **** /*    This function resumes a thread for USBX.                            */ 
  45:Middlewares/ST/usbx/common/core/src/ux_utility_thread_resume.c **** /*                                                                        */ 
  46:Middlewares/ST/usbx/common/core/src/ux_utility_thread_resume.c **** /*  INPUT                                                                 */ 
  47:Middlewares/ST/usbx/common/core/src/ux_utility_thread_resume.c **** /*                                                                        */ 
  48:Middlewares/ST/usbx/common/core/src/ux_utility_thread_resume.c **** /*    thread_ptr                            Thread control block pointer  */ 
  49:Middlewares/ST/usbx/common/core/src/ux_utility_thread_resume.c **** /*                                                                        */ 
  50:Middlewares/ST/usbx/common/core/src/ux_utility_thread_resume.c **** /*  OUTPUT                                                                */ 
  51:Middlewares/ST/usbx/common/core/src/ux_utility_thread_resume.c **** /*                                                                        */ 
  52:Middlewares/ST/usbx/common/core/src/ux_utility_thread_resume.c **** /*    Completion Status                                                   */ 
  53:Middlewares/ST/usbx/common/core/src/ux_utility_thread_resume.c **** /*                                                                        */ 
  54:Middlewares/ST/usbx/common/core/src/ux_utility_thread_resume.c **** /*  CALLS                                                                 */ 
  55:Middlewares/ST/usbx/common/core/src/ux_utility_thread_resume.c **** /*                                                                        */ 
  56:Middlewares/ST/usbx/common/core/src/ux_utility_thread_resume.c **** /*    tx_thread_resume                      ThreadX resume thread function*/ 
  57:Middlewares/ST/usbx/common/core/src/ux_utility_thread_resume.c **** /*                                                                        */ 
  58:Middlewares/ST/usbx/common/core/src/ux_utility_thread_resume.c **** /*  CALLED BY                                                             */ 
  59:Middlewares/ST/usbx/common/core/src/ux_utility_thread_resume.c **** /*                                                                        */ 
  60:Middlewares/ST/usbx/common/core/src/ux_utility_thread_resume.c **** /*    USBX Components                                                     */ 
  61:Middlewares/ST/usbx/common/core/src/ux_utility_thread_resume.c **** /*                                                                        */ 
  62:Middlewares/ST/usbx/common/core/src/ux_utility_thread_resume.c **** /*  RELEASE HISTORY                                                       */ 
  63:Middlewares/ST/usbx/common/core/src/ux_utility_thread_resume.c **** /*                                                                        */ 
  64:Middlewares/ST/usbx/common/core/src/ux_utility_thread_resume.c **** /*    DATE              NAME                      DESCRIPTION             */ 
  65:Middlewares/ST/usbx/common/core/src/ux_utility_thread_resume.c **** /*                                                                        */ 
  66:Middlewares/ST/usbx/common/core/src/ux_utility_thread_resume.c **** /*  05-19-2020     Chaoqiong Xiao           Initial Version 6.0           */
  67:Middlewares/ST/usbx/common/core/src/ux_utility_thread_resume.c **** /*  09-30-2020     Chaoqiong Xiao           Modified comment(s),          */
  68:Middlewares/ST/usbx/common/core/src/ux_utility_thread_resume.c **** /*                                            used UX prefix to refer to  */
  69:Middlewares/ST/usbx/common/core/src/ux_utility_thread_resume.c **** /*                                            TX symbols instead of using */
  70:Middlewares/ST/usbx/common/core/src/ux_utility_thread_resume.c **** /*                                            them directly,              */
  71:Middlewares/ST/usbx/common/core/src/ux_utility_thread_resume.c **** /*                                            resulting in version 6.1    */
  72:Middlewares/ST/usbx/common/core/src/ux_utility_thread_resume.c **** /*  04-25-2022     Chaoqiong Xiao           Modified comment(s),          */
  73:Middlewares/ST/usbx/common/core/src/ux_utility_thread_resume.c **** /*                                            off in standalone build,    */
  74:Middlewares/ST/usbx/common/core/src/ux_utility_thread_resume.c **** /*                                            resulting in version 6.1.11 */
  75:Middlewares/ST/usbx/common/core/src/ux_utility_thread_resume.c **** /*                                                                        */
  76:Middlewares/ST/usbx/common/core/src/ux_utility_thread_resume.c **** /**************************************************************************/
  77:Middlewares/ST/usbx/common/core/src/ux_utility_thread_resume.c **** UINT  _ux_utility_thread_resume(UX_THREAD *thread_ptr)
  78:Middlewares/ST/usbx/common/core/src/ux_utility_thread_resume.c **** {
  30              		.loc 1 78 1 view -0
  31              		.cfi_startproc
  32              		@ args = 0, pretend = 0, frame = 0
  33              		@ frame_needed = 0, uses_anonymous_args = 0
  34              		.loc 1 78 1 is_stmt 0 view .LVU1
  35 0000 08B5     		push	{r3, lr}
  36              	.LCFI0:
  37              		.cfi_def_cfa_offset 8
ARM GAS  C:\Users\HP\AppData\Local\Temp\ccxCcLwq.s 			page 3


  38              		.cfi_offset 3, -8
  39              		.cfi_offset 14, -4
  79:Middlewares/ST/usbx/common/core/src/ux_utility_thread_resume.c **** 
  80:Middlewares/ST/usbx/common/core/src/ux_utility_thread_resume.c **** UINT    status;
  40              		.loc 1 80 1 is_stmt 1 view .LVU2
  81:Middlewares/ST/usbx/common/core/src/ux_utility_thread_resume.c **** 
  82:Middlewares/ST/usbx/common/core/src/ux_utility_thread_resume.c **** 
  83:Middlewares/ST/usbx/common/core/src/ux_utility_thread_resume.c ****     /* Call ThreadX to resume USBX thread.  */
  84:Middlewares/ST/usbx/common/core/src/ux_utility_thread_resume.c ****     status =  tx_thread_resume(thread_ptr);
  41              		.loc 1 84 5 view .LVU3
  42              		.loc 1 84 15 is_stmt 0 view .LVU4
  43 0002 FFF7FEFF 		bl	_txe_thread_resume
  44              	.LVL1:
  85:Middlewares/ST/usbx/common/core/src/ux_utility_thread_resume.c **** 
  86:Middlewares/ST/usbx/common/core/src/ux_utility_thread_resume.c ****     /* Return completion status.  */
  87:Middlewares/ST/usbx/common/core/src/ux_utility_thread_resume.c ****     return(status);
  45              		.loc 1 87 5 is_stmt 1 view .LVU5
  88:Middlewares/ST/usbx/common/core/src/ux_utility_thread_resume.c **** }
  46              		.loc 1 88 1 is_stmt 0 view .LVU6
  47 0006 08BD     		pop	{r3, pc}
  48              		.cfi_endproc
  49              	.LFE11:
  51              		.text
  52              	.Letext0:
  53              		.file 2 "Middlewares/ST/threadx/ports/cortex_m4/gnu/inc/tx_port.h"
  54              		.file 3 "Middlewares/ST/threadx/common/inc/tx_api.h"
ARM GAS  C:\Users\HP\AppData\Local\Temp\ccxCcLwq.s 			page 4


DEFINED SYMBOLS
                            *ABS*:00000000 ux_utility_thread_resume.c
C:\Users\HP\AppData\Local\Temp\ccxCcLwq.s:20     .text._ux_utility_thread_resume:00000000 $t
C:\Users\HP\AppData\Local\Temp\ccxCcLwq.s:26     .text._ux_utility_thread_resume:00000000 _ux_utility_thread_resume

UNDEFINED SYMBOLS
_txe_thread_resume
