ARM GAS  C:\Users\HP\AppData\Local\Temp\ccHbslkV.s 			page 1


   1              		.cpu cortex-m4
   2              		.arch armv7e-m
   3              		.fpu fpv4-sp-d16
   4              		.eabi_attribute 27, 1
   5              		.eabi_attribute 28, 1
   6              		.eabi_attribute 20, 1
   7              		.eabi_attribute 21, 1
   8              		.eabi_attribute 23, 3
   9              		.eabi_attribute 24, 1
  10              		.eabi_attribute 25, 1
  11              		.eabi_attribute 26, 1
  12              		.eabi_attribute 30, 1
  13              		.eabi_attribute 34, 1
  14              		.eabi_attribute 18, 4
  15              		.file	"ux_utility_semaphore_get.c"
  16              		.text
  17              	.Ltext0:
  18              		.cfi_sections	.debug_frame
  19              		.section	.text._ux_utility_semaphore_get,"ax",%progbits
  20              		.align	1
  21              		.global	_ux_utility_semaphore_get
  22              		.syntax unified
  23              		.thumb
  24              		.thumb_func
  26              	_ux_utility_semaphore_get:
  27              	.LVL0:
  28              	.LFB11:
  29              		.file 1 "Middlewares/ST/usbx/common/core/src/ux_utility_semaphore_get.c"
   1:Middlewares/ST/usbx/common/core/src/ux_utility_semaphore_get.c **** /**************************************************************************/
   2:Middlewares/ST/usbx/common/core/src/ux_utility_semaphore_get.c **** /*                                                                        */
   3:Middlewares/ST/usbx/common/core/src/ux_utility_semaphore_get.c **** /*       Copyright (c) Microsoft Corporation. All rights reserved.        */
   4:Middlewares/ST/usbx/common/core/src/ux_utility_semaphore_get.c **** /*                                                                        */
   5:Middlewares/ST/usbx/common/core/src/ux_utility_semaphore_get.c **** /*       This software is licensed under the Microsoft Software License   */
   6:Middlewares/ST/usbx/common/core/src/ux_utility_semaphore_get.c **** /*       Terms for Microsoft Azure RTOS. Full text of the license can be  */
   7:Middlewares/ST/usbx/common/core/src/ux_utility_semaphore_get.c **** /*       found in the LICENSE file at https://aka.ms/AzureRTOS_EULA       */
   8:Middlewares/ST/usbx/common/core/src/ux_utility_semaphore_get.c **** /*       and in the root directory of this software.                      */
   9:Middlewares/ST/usbx/common/core/src/ux_utility_semaphore_get.c **** /*                                                                        */
  10:Middlewares/ST/usbx/common/core/src/ux_utility_semaphore_get.c **** /**************************************************************************/
  11:Middlewares/ST/usbx/common/core/src/ux_utility_semaphore_get.c **** 
  12:Middlewares/ST/usbx/common/core/src/ux_utility_semaphore_get.c **** 
  13:Middlewares/ST/usbx/common/core/src/ux_utility_semaphore_get.c **** /**************************************************************************/
  14:Middlewares/ST/usbx/common/core/src/ux_utility_semaphore_get.c **** /**************************************************************************/
  15:Middlewares/ST/usbx/common/core/src/ux_utility_semaphore_get.c **** /**                                                                       */ 
  16:Middlewares/ST/usbx/common/core/src/ux_utility_semaphore_get.c **** /** USBX Component                                                        */ 
  17:Middlewares/ST/usbx/common/core/src/ux_utility_semaphore_get.c **** /**                                                                       */
  18:Middlewares/ST/usbx/common/core/src/ux_utility_semaphore_get.c **** /**   Utility                                                             */
  19:Middlewares/ST/usbx/common/core/src/ux_utility_semaphore_get.c **** /**                                                                       */
  20:Middlewares/ST/usbx/common/core/src/ux_utility_semaphore_get.c **** /**************************************************************************/
  21:Middlewares/ST/usbx/common/core/src/ux_utility_semaphore_get.c **** /**************************************************************************/
  22:Middlewares/ST/usbx/common/core/src/ux_utility_semaphore_get.c **** 
  23:Middlewares/ST/usbx/common/core/src/ux_utility_semaphore_get.c **** 
  24:Middlewares/ST/usbx/common/core/src/ux_utility_semaphore_get.c **** /* Include necessary system files.  */
  25:Middlewares/ST/usbx/common/core/src/ux_utility_semaphore_get.c **** 
  26:Middlewares/ST/usbx/common/core/src/ux_utility_semaphore_get.c **** #define UX_SOURCE_CODE
  27:Middlewares/ST/usbx/common/core/src/ux_utility_semaphore_get.c **** 
  28:Middlewares/ST/usbx/common/core/src/ux_utility_semaphore_get.c **** #include "ux_api.h"
  29:Middlewares/ST/usbx/common/core/src/ux_utility_semaphore_get.c **** 
ARM GAS  C:\Users\HP\AppData\Local\Temp\ccHbslkV.s 			page 2


  30:Middlewares/ST/usbx/common/core/src/ux_utility_semaphore_get.c **** 
  31:Middlewares/ST/usbx/common/core/src/ux_utility_semaphore_get.c **** #if !defined(UX_STANDALONE)
  32:Middlewares/ST/usbx/common/core/src/ux_utility_semaphore_get.c **** /**************************************************************************/ 
  33:Middlewares/ST/usbx/common/core/src/ux_utility_semaphore_get.c **** /*                                                                        */ 
  34:Middlewares/ST/usbx/common/core/src/ux_utility_semaphore_get.c **** /*  FUNCTION                                               RELEASE        */ 
  35:Middlewares/ST/usbx/common/core/src/ux_utility_semaphore_get.c **** /*                                                                        */ 
  36:Middlewares/ST/usbx/common/core/src/ux_utility_semaphore_get.c **** /*    _ux_utility_semaphore_get                           PORTABLE C      */ 
  37:Middlewares/ST/usbx/common/core/src/ux_utility_semaphore_get.c **** /*                                                           6.1.11       */
  38:Middlewares/ST/usbx/common/core/src/ux_utility_semaphore_get.c **** /*  AUTHOR                                                                */
  39:Middlewares/ST/usbx/common/core/src/ux_utility_semaphore_get.c **** /*                                                                        */
  40:Middlewares/ST/usbx/common/core/src/ux_utility_semaphore_get.c **** /*    Chaoqiong Xiao, Microsoft Corporation                               */
  41:Middlewares/ST/usbx/common/core/src/ux_utility_semaphore_get.c **** /*                                                                        */
  42:Middlewares/ST/usbx/common/core/src/ux_utility_semaphore_get.c **** /*  DESCRIPTION                                                           */
  43:Middlewares/ST/usbx/common/core/src/ux_utility_semaphore_get.c **** /*                                                                        */ 
  44:Middlewares/ST/usbx/common/core/src/ux_utility_semaphore_get.c **** /*    This function gets a semaphore signal.                              */ 
  45:Middlewares/ST/usbx/common/core/src/ux_utility_semaphore_get.c **** /*                                                                        */ 
  46:Middlewares/ST/usbx/common/core/src/ux_utility_semaphore_get.c **** /*  INPUT                                                                 */ 
  47:Middlewares/ST/usbx/common/core/src/ux_utility_semaphore_get.c **** /*                                                                        */ 
  48:Middlewares/ST/usbx/common/core/src/ux_utility_semaphore_get.c **** /*    semaphore                             Semaphore to get signal from  */ 
  49:Middlewares/ST/usbx/common/core/src/ux_utility_semaphore_get.c **** /*                                                                        */ 
  50:Middlewares/ST/usbx/common/core/src/ux_utility_semaphore_get.c **** /*  OUTPUT                                                                */ 
  51:Middlewares/ST/usbx/common/core/src/ux_utility_semaphore_get.c **** /*                                                                        */ 
  52:Middlewares/ST/usbx/common/core/src/ux_utility_semaphore_get.c **** /*    Completion Status                                                   */
  53:Middlewares/ST/usbx/common/core/src/ux_utility_semaphore_get.c **** /*                                                                        */ 
  54:Middlewares/ST/usbx/common/core/src/ux_utility_semaphore_get.c **** /*  CALLS                                                                 */ 
  55:Middlewares/ST/usbx/common/core/src/ux_utility_semaphore_get.c **** /*                                                                        */ 
  56:Middlewares/ST/usbx/common/core/src/ux_utility_semaphore_get.c **** /*    tx_thread_identify                    ThreadX identify thread       */
  57:Middlewares/ST/usbx/common/core/src/ux_utility_semaphore_get.c **** /*    tx_thread_info_get                    ThreadX get thread info       */
  58:Middlewares/ST/usbx/common/core/src/ux_utility_semaphore_get.c **** /*    tx_semaphore_get                      ThreadX semaphore get         */
  59:Middlewares/ST/usbx/common/core/src/ux_utility_semaphore_get.c **** /*                                                                        */ 
  60:Middlewares/ST/usbx/common/core/src/ux_utility_semaphore_get.c **** /*  CALLED BY                                                             */ 
  61:Middlewares/ST/usbx/common/core/src/ux_utility_semaphore_get.c **** /*                                                                        */ 
  62:Middlewares/ST/usbx/common/core/src/ux_utility_semaphore_get.c **** /*    USBX Components                                                     */ 
  63:Middlewares/ST/usbx/common/core/src/ux_utility_semaphore_get.c **** /*                                                                        */ 
  64:Middlewares/ST/usbx/common/core/src/ux_utility_semaphore_get.c **** /*  RELEASE HISTORY                                                       */ 
  65:Middlewares/ST/usbx/common/core/src/ux_utility_semaphore_get.c **** /*                                                                        */ 
  66:Middlewares/ST/usbx/common/core/src/ux_utility_semaphore_get.c **** /*    DATE              NAME                      DESCRIPTION             */ 
  67:Middlewares/ST/usbx/common/core/src/ux_utility_semaphore_get.c **** /*                                                                        */ 
  68:Middlewares/ST/usbx/common/core/src/ux_utility_semaphore_get.c **** /*  05-19-2020     Chaoqiong Xiao           Initial Version 6.0           */
  69:Middlewares/ST/usbx/common/core/src/ux_utility_semaphore_get.c **** /*  09-30-2020     Chaoqiong Xiao           Modified comment(s),          */
  70:Middlewares/ST/usbx/common/core/src/ux_utility_semaphore_get.c **** /*                                            used UX prefix to refer to  */
  71:Middlewares/ST/usbx/common/core/src/ux_utility_semaphore_get.c **** /*                                            TX symbols instead of using */
  72:Middlewares/ST/usbx/common/core/src/ux_utility_semaphore_get.c **** /*                                            them directly,              */
  73:Middlewares/ST/usbx/common/core/src/ux_utility_semaphore_get.c **** /*                                            resulting in version 6.1    */
  74:Middlewares/ST/usbx/common/core/src/ux_utility_semaphore_get.c **** /*  04-25-2022     Chaoqiong Xiao           Modified comment(s),          */
  75:Middlewares/ST/usbx/common/core/src/ux_utility_semaphore_get.c **** /*                                            off in standalone build,    */
  76:Middlewares/ST/usbx/common/core/src/ux_utility_semaphore_get.c **** /*                                            resulting in version 6.1.11 */
  77:Middlewares/ST/usbx/common/core/src/ux_utility_semaphore_get.c **** /*                                                                        */
  78:Middlewares/ST/usbx/common/core/src/ux_utility_semaphore_get.c **** /**************************************************************************/
  79:Middlewares/ST/usbx/common/core/src/ux_utility_semaphore_get.c **** UINT  _ux_utility_semaphore_get(UX_SEMAPHORE *semaphore, ULONG semaphore_signal)
  80:Middlewares/ST/usbx/common/core/src/ux_utility_semaphore_get.c **** {
  30              		.loc 1 80 1 view -0
  31              		.cfi_startproc
  32              		@ args = 0, pretend = 0, frame = 32
  33              		@ frame_needed = 0, uses_anonymous_args = 0
  34              		.loc 1 80 1 is_stmt 0 view .LVU1
  35 0000 30B5     		push	{r4, r5, lr}
ARM GAS  C:\Users\HP\AppData\Local\Temp\ccHbslkV.s 			page 3


  36              	.LCFI0:
  37              		.cfi_def_cfa_offset 12
  38              		.cfi_offset 4, -12
  39              		.cfi_offset 5, -8
  40              		.cfi_offset 14, -4
  41 0002 8FB0     		sub	sp, sp, #60
  42              	.LCFI1:
  43              		.cfi_def_cfa_offset 72
  44 0004 0446     		mov	r4, r0
  45 0006 0D46     		mov	r5, r1
  81:Middlewares/ST/usbx/common/core/src/ux_utility_semaphore_get.c **** 
  82:Middlewares/ST/usbx/common/core/src/ux_utility_semaphore_get.c **** UINT        status;
  46              		.loc 1 82 1 is_stmt 1 view .LVU2
  83:Middlewares/ST/usbx/common/core/src/ux_utility_semaphore_get.c **** UX_THREAD   *my_thread;
  47              		.loc 1 83 1 view .LVU3
  84:Middlewares/ST/usbx/common/core/src/ux_utility_semaphore_get.c **** CHAR        *name;
  48              		.loc 1 84 1 view .LVU4
  85:Middlewares/ST/usbx/common/core/src/ux_utility_semaphore_get.c **** UINT        state;
  49              		.loc 1 85 1 view .LVU5
  86:Middlewares/ST/usbx/common/core/src/ux_utility_semaphore_get.c **** ULONG       run_count;
  50              		.loc 1 86 1 view .LVU6
  87:Middlewares/ST/usbx/common/core/src/ux_utility_semaphore_get.c **** UINT        priority;
  51              		.loc 1 87 1 view .LVU7
  88:Middlewares/ST/usbx/common/core/src/ux_utility_semaphore_get.c **** UINT        preemption_threshold;
  52              		.loc 1 88 1 view .LVU8
  89:Middlewares/ST/usbx/common/core/src/ux_utility_semaphore_get.c **** ULONG       time_slice;
  53              		.loc 1 89 1 view .LVU9
  90:Middlewares/ST/usbx/common/core/src/ux_utility_semaphore_get.c **** UX_THREAD   *next_thread;
  54              		.loc 1 90 1 view .LVU10
  91:Middlewares/ST/usbx/common/core/src/ux_utility_semaphore_get.c **** UX_THREAD   *suspended_thread;
  55              		.loc 1 91 1 view .LVU11
  92:Middlewares/ST/usbx/common/core/src/ux_utility_semaphore_get.c **** 
  93:Middlewares/ST/usbx/common/core/src/ux_utility_semaphore_get.c ****     /* Call TX to know my own tread.  */
  94:Middlewares/ST/usbx/common/core/src/ux_utility_semaphore_get.c ****     my_thread = tx_thread_identify();
  56              		.loc 1 94 5 view .LVU12
  57              		.loc 1 94 17 is_stmt 0 view .LVU13
  58 0008 FFF7FEFF 		bl	_tx_thread_identify
  59              	.LVL1:
  95:Middlewares/ST/usbx/common/core/src/ux_utility_semaphore_get.c **** 
  96:Middlewares/ST/usbx/common/core/src/ux_utility_semaphore_get.c ****     /* Retrieve information about the previously created thread "my_thread." */
  97:Middlewares/ST/usbx/common/core/src/ux_utility_semaphore_get.c ****     tx_thread_info_get(my_thread, &name, &state, &run_count,
  60              		.loc 1 97 5 is_stmt 1 view .LVU14
  61 000c 06AB     		add	r3, sp, #24
  62 000e 0493     		str	r3, [sp, #16]
  63 0010 07AB     		add	r3, sp, #28
  64 0012 0393     		str	r3, [sp, #12]
  65 0014 08AB     		add	r3, sp, #32
  66 0016 0293     		str	r3, [sp, #8]
  67 0018 09AB     		add	r3, sp, #36
  68 001a 0193     		str	r3, [sp, #4]
  69 001c 0AAB     		add	r3, sp, #40
  70 001e 0093     		str	r3, [sp]
  71 0020 0BAB     		add	r3, sp, #44
  72 0022 0CAA     		add	r2, sp, #48
  73 0024 0DA9     		add	r1, sp, #52
  74 0026 FFF7FEFF 		bl	_txe_thread_info_get
  75              	.LVL2:
ARM GAS  C:\Users\HP\AppData\Local\Temp\ccHbslkV.s 			page 4


  98:Middlewares/ST/usbx/common/core/src/ux_utility_semaphore_get.c ****                        &priority, &preemption_threshold,
  99:Middlewares/ST/usbx/common/core/src/ux_utility_semaphore_get.c ****                        &time_slice, &next_thread,&suspended_thread);
 100:Middlewares/ST/usbx/common/core/src/ux_utility_semaphore_get.c **** 
 101:Middlewares/ST/usbx/common/core/src/ux_utility_semaphore_get.c ****     /* Is this the lowest priority thread in the system trying to use TX services ? */
 102:Middlewares/ST/usbx/common/core/src/ux_utility_semaphore_get.c ****     if (priority > _ux_system -> ux_system_thread_lowest_priority)
  76              		.loc 1 102 5 view .LVU15
  77              		.loc 1 102 31 is_stmt 0 view .LVU16
  78 002a 064B     		ldr	r3, .L4
  79 002c 1B68     		ldr	r3, [r3]
  80 002e 9969     		ldr	r1, [r3, #24]
  81              		.loc 1 102 18 view .LVU17
  82 0030 0A9A     		ldr	r2, [sp, #40]
  83              		.loc 1 102 8 view .LVU18
  84 0032 9142     		cmp	r1, r2
  85 0034 00D2     		bcs	.L2
 103:Middlewares/ST/usbx/common/core/src/ux_utility_semaphore_get.c ****     {
 104:Middlewares/ST/usbx/common/core/src/ux_utility_semaphore_get.c **** 
 105:Middlewares/ST/usbx/common/core/src/ux_utility_semaphore_get.c ****         /* We need to remember this thread priority.  */
 106:Middlewares/ST/usbx/common/core/src/ux_utility_semaphore_get.c ****         _ux_system -> ux_system_thread_lowest_priority = priority;
  86              		.loc 1 106 9 is_stmt 1 view .LVU19
  87              		.loc 1 106 56 is_stmt 0 view .LVU20
  88 0036 9A61     		str	r2, [r3, #24]
  89              	.L2:
 107:Middlewares/ST/usbx/common/core/src/ux_utility_semaphore_get.c ****         
 108:Middlewares/ST/usbx/common/core/src/ux_utility_semaphore_get.c ****     }
 109:Middlewares/ST/usbx/common/core/src/ux_utility_semaphore_get.c **** 
 110:Middlewares/ST/usbx/common/core/src/ux_utility_semaphore_get.c ****     /* Get ThreadX semaphore instance.  */
 111:Middlewares/ST/usbx/common/core/src/ux_utility_semaphore_get.c ****     status =  tx_semaphore_get(semaphore, semaphore_signal);
  90              		.loc 1 111 5 is_stmt 1 view .LVU21
  91              		.loc 1 111 15 is_stmt 0 view .LVU22
  92 0038 2946     		mov	r1, r5
  93 003a 2046     		mov	r0, r4
  94 003c FFF7FEFF 		bl	_txe_semaphore_get
  95              	.LVL3:
 112:Middlewares/ST/usbx/common/core/src/ux_utility_semaphore_get.c **** 
 113:Middlewares/ST/usbx/common/core/src/ux_utility_semaphore_get.c ****     /* Return completion status.  */
 114:Middlewares/ST/usbx/common/core/src/ux_utility_semaphore_get.c ****     return(status);
  96              		.loc 1 114 5 is_stmt 1 view .LVU23
 115:Middlewares/ST/usbx/common/core/src/ux_utility_semaphore_get.c **** }
  97              		.loc 1 115 1 is_stmt 0 view .LVU24
  98 0040 0FB0     		add	sp, sp, #60
  99              	.LCFI2:
 100              		.cfi_def_cfa_offset 12
 101              		@ sp needed
 102 0042 30BD     		pop	{r4, r5, pc}
 103              	.LVL4:
 104              	.L5:
 105              		.loc 1 115 1 view .LVU25
 106              		.align	2
 107              	.L4:
 108 0044 00000000 		.word	_ux_system
 109              		.cfi_endproc
 110              	.LFE11:
 112              		.text
 113              	.Letext0:
 114              		.file 2 "Middlewares/ST/threadx/ports/cortex_m4/gnu/inc/tx_port.h"
 115              		.file 3 "Middlewares/ST/threadx/common/inc/tx_api.h"
ARM GAS  C:\Users\HP\AppData\Local\Temp\ccHbslkV.s 			page 5


 116              		.file 4 "Middlewares/ST/usbx/common/core/inc/ux_api.h"
 117              		.file 5 "Middlewares/ST/usbx/common/core/inc/ux_system.h"
ARM GAS  C:\Users\HP\AppData\Local\Temp\ccHbslkV.s 			page 6


DEFINED SYMBOLS
                            *ABS*:00000000 ux_utility_semaphore_get.c
C:\Users\HP\AppData\Local\Temp\ccHbslkV.s:20     .text._ux_utility_semaphore_get:00000000 $t
C:\Users\HP\AppData\Local\Temp\ccHbslkV.s:26     .text._ux_utility_semaphore_get:00000000 _ux_utility_semaphore_get
C:\Users\HP\AppData\Local\Temp\ccHbslkV.s:108    .text._ux_utility_semaphore_get:00000044 $d

UNDEFINED SYMBOLS
_tx_thread_identify
_txe_thread_info_get
_txe_semaphore_get
_ux_system
